2022-08-18 Thursday 04:45:21:INFO: {'bug_database': 'dataset/vscode/vscode_soft_clean.json', 'database_name': 'vscode', 'epochs': 8, 'lr': 0.001, 'l2': 0.0, 'dropout': None, 'batch_size': 128, 'ranking_batch_size': 256, 'cuda': True, 'cache_folder': 'scratch/temp/', 'pairs_training': 'dataset/vscode/training_split_vscode_pairs_random_1.txt', 'pairs_validation': 'dataset/vscode/validation_vscode_pairs_random_1.txt', 'neg_pair_generator': {'type': 'non_negative', 'training': 'dataset/vscode/training_vscode.txt', 'rate': 1, 'pre_list_file': None, 'k': 0, 'n_tries': 15, 'preselected_length': None, 'random_anchor': True}, 'sum_desc': None, 'summary': {'word_embedding': 'word_embedding/vscode/glove_42B_300d_vscode.txt', 'lexicon': None, 'encoder_type': 'rnn', 'tokenizer': 'white_space', 'filters': ['TransformLowerCaseFilter'], 'rnn_type': 'lstm', 'hidden_size': 300, 'nfilters': 100, 'bidirectional': True, 'num_layers': 1, 'dropout': 0.15, 'update_embedding': False, 'fixed_opt': 'mean+max', 'activation': 'relu', 'batch_normalization': False, 'hidden_sizes': None, 'hidden_act': None, 'hidden_dropout': 0.0, 'bn_last_layer': False, 'self_att_hidden': 100, 'n_hops': 20, 'standardization': False}, 'description': {'word_embedding': 'word_embedding/vscode/glove_42B_300d_vscode.txt', 'lexicon': None, 'encoder_type': 'rnn', 'tokenizer': 'white_space', 'filters': ['TransformLowerCaseFilter'], 'rnn_type': 'lstm', 'hidden_size': 300, 'nfilters': 100, 'bidirectional': True, 'num_layers': 1, 'dropout': 0.15, 'update_embedding': False, 'fixed_opt': 'mean+max', 'activation': 'relu', 'batch_normalization': True, 'hidden_sizes': None, 'hidden_act': None, 'hidden_dropout': 0.0, 'bn_last_layer': False, 'window_sizes': [3], 'self_att_hidden': 100, 'n_hops': 20, 'standardization': False}, 'categorical': {'lexicons': 'dataset/vscode/categorical_lexicons.json', 'bn_last_layer': True, 'emb_size': 20, 'hidden_sizes': [40], 'dropout': 0.0, 'activation': 'relu', 'batch_normalization': True}, 'classifier': {'type': 'binary', 'without_embedding': False, 'batch_normalization': True, 'dropout': 0, 'hidden_sizes': [300, 50], 'margin': 0, 'loss': None}, 'recall_estimation_train': None, 'recall_estimation': None, 'rr_val_epoch': 100, 'rr_train_epoch': 100, 'random_switch': False, 'ranking_result_file': None, 'optimizer': 'adam', 'momentum': 0.9, 'lr_scheduler': None, 'save': None, 'load': None, 'pair_test_dataset': None, 'recall_rate': {'type': 'sun2011', 'dataset': 'dataset/vscode/test_vscode.txt', 'result_file': None, 'group_by_master': True, 'window': 1095}, 'seed': 909284086}
2022-08-18 Thursday 04:45:21:INFO: It started at: 2022-08-18 04:45:21.722910
2022-08-18 Thursday 04:45:22:INFO: Turning CUDA on
2022-08-18 Thursday 04:45:22:INFO: Using Summary information.
2022-08-18 Thursday 04:49:42:INFO: Lexicon size: 1926242
2022-08-18 Thursday 04:49:42:INFO: Word Embedding size: 300
2022-08-18 Thursday 04:49:42:INFO: Use white space tokenizer to tokenize summary information
2022-08-18 Thursday 04:49:47:INFO: Using Description information.
2022-08-18 Thursday 04:54:06:INFO: Lexicon size: 1926242
2022-08-18 Thursday 04:54:06:INFO: Word Embedding size: 300
2022-08-18 Thursday 04:54:06:INFO: Use white space tokenizer to tokenize summary information
2022-08-18 Thursday 04:54:11:INFO: Using Categorical Information.
2022-08-18 Thursday 04:54:11:INFO: Using NLLLoss
2022-08-18 Thursday 04:54:16:INFO: Non Negative Pair Generator
2022-08-18 Thursday 04:54:16:INFO: Using the following dataset to generate negative examples: Database: vscode; Order by Date; Master report is the newest oneWe keep nested master reports; Database: vscode; Order by Date; Master report is the newest oneWe keep nested master reports;. Number of bugs in the training: 40801
2022-08-18 Thursday 04:54:17:INFO: Training size: 17508
2022-08-18 Thursday 04:54:17:INFO: Validation size: 508
2022-08-18 Thursday 04:54:17:INFO: Adam
2022-08-18 Thursday 04:54:17:INFO: Scheduler: Constant
2022-08-18 Thursday 04:54:17:INFO: Epoch: 1
2022-08-18 Thursday 04:54:17:INFO: LR: 0.001
2022-08-18 Thursday 04:54:44:INFO: {'type': 'metric', 'label': 'training_confusion_matrix', 'accuracy': 0.8333333333333334, 'precision': [0.8300904977375566, 0.8366405168435626], 'recall': [0.8382453735435229, 0.8284212931231437], 'f1': [0.8341480050017045, 0.8325106187578918], 'confusion_matrix': [[7338, 1416], [1502, 7252]], 'epoch': None}
2022-08-18 Thursday 04:54:44:INFO: {'type': 'metric', 'label': 'training_loss', 'epoch': 1, 'value': 0.35164720467884353, 'sum': 6156.639259517193, 'num_example': 17508}
2022-08-18 Thursday 04:54:44:INFO: {'type': 'metric', 'label': 'training_dist_target', 'value': (0.23715021317751953, 0.24149572040382683), 'epoch': 1}
2022-08-18 Thursday 04:54:44:INFO: {'type': 'metric', 'label': 'validation_confusion_matrix', 'accuracy': 0.5295275590551181, 'precision': [0.9999999999999999, 0.5152129817444219], 'recall': [0.05905511811023622, 1.0], 'f1': [0.11152416356877311, 0.6800535475234266], 'confusion_matrix': [[15, 239], [0, 254]], 'epoch': None}
2022-08-18 Thursday 04:54:44:INFO: {'type': 'metric', 'label': 'validation_loss', 'epoch': 1, 'value': 1.1807079700034435, 'sum': 599.7996487617493, 'num_example': 508}
2022-08-18 Thursday 04:54:44:INFO: {'type': 'metric', 'label': 'validation_dist_target', 'value': (0.8412519890492357, 0.03767202407356322), 'epoch': 1}
2022-08-18 Thursday 04:54:48:INFO: Epoch: 2
2022-08-18 Thursday 04:54:48:INFO: LR: 0.001
2022-08-18 Thursday 04:55:15:INFO: {'type': 'metric', 'label': 'training_confusion_matrix', 'accuracy': 0.9300319853781128, 'precision': [0.9235962642061438, 0.9366662800139195], 'recall': [0.9376285126799178, 0.922435458076308], 'f1': [0.9305594920922844, 0.9294964028776973], 'confusion_matrix': [[8208, 546], [679, 8075]], 'epoch': None}
2022-08-18 Thursday 04:55:15:INFO: {'type': 'metric', 'label': 'training_loss', 'epoch': 2, 'value': 0.17778244419187234, 'sum': 3112.6150329113007, 'num_example': 17508}
2022-08-18 Thursday 04:55:15:INFO: {'type': 'metric', 'label': 'training_dist_target', 'value': (0.10813075882783349, 0.10975520878260828), 'epoch': 2}
2022-08-18 Thursday 04:55:15:INFO: {'type': 'metric', 'label': 'validation_confusion_matrix', 'accuracy': 0.7696850393700787, 'precision': [0.6951566951566952, 0.9363057324840764], 'recall': [0.9606299212598425, 0.5787401574803149], 'f1': [0.8066115702479334, 0.7153284671532841], 'confusion_matrix': [[244, 10], [107, 147]], 'epoch': None}
2022-08-18 Thursday 04:55:15:INFO: {'type': 'metric', 'label': 'validation_loss', 'epoch': 2, 'value': 0.5149328107908955, 'sum': 261.5858678817749, 'num_example': 508}
2022-08-18 Thursday 04:55:15:INFO: {'type': 'metric', 'label': 'validation_dist_target', 'value': (0.09282837890264556, 0.4316615983257143), 'epoch': 2}
2022-08-18 Thursday 04:55:19:INFO: Epoch: 3
2022-08-18 Thursday 04:55:19:INFO: LR: 0.001
2022-08-18 Thursday 04:55:45:INFO: {'type': 'metric', 'label': 'training_confusion_matrix', 'accuracy': 0.9643591501028101, 'precision': [0.966490704613266, 0.9622469865817603], 'recall': [0.9620744802376057, 0.9666438199680146], 'f1': [0.9642775360659486, 0.9644403920674716], 'confusion_matrix': [[8422, 332], [292, 8462]], 'epoch': None}
2022-08-18 Thursday 04:55:45:INFO: {'type': 'metric', 'label': 'training_loss', 'epoch': 3, 'value': 0.09743222363611484, 'sum': 1705.8433714210987, 'num_example': 17508}
2022-08-18 Thursday 04:55:45:INFO: {'type': 'metric', 'label': 'training_dist_target', 'value': (0.05892683761370953, 0.057031761845524845), 'epoch': 3}
2022-08-18 Thursday 04:55:45:INFO: {'type': 'metric', 'label': 'validation_confusion_matrix', 'accuracy': 0.7559055118110236, 'precision': [0.6795580110497238, 0.9452054794520548], 'recall': [0.968503937007874, 0.5433070866141733], 'f1': [0.7987012987012981, 0.6899999999999994], 'confusion_matrix': [[246, 8], [116, 138]], 'epoch': None}
2022-08-18 Thursday 04:55:45:INFO: {'type': 'metric', 'label': 'validation_loss', 'epoch': 3, 'value': 0.7256943395757299, 'sum': 368.6527245044708, 'num_example': 508}
2022-08-18 Thursday 04:55:45:INFO: {'type': 'metric', 'label': 'validation_dist_target', 'value': (0.04835769979972539, 0.47243499755859375), 'epoch': 3}
2022-08-18 Thursday 04:55:50:INFO: Epoch: 4
2022-08-18 Thursday 04:55:50:INFO: LR: 0.001
2022-08-18 Thursday 04:56:17:INFO: {'type': 'metric', 'label': 'training_confusion_matrix', 'accuracy': 0.9711560429517935, 'precision': [0.9733731206243544, 0.9689596361569074], 'recall': [0.9688142563399589, 0.9734978295636281], 'f1': [0.9710883380088162, 0.9712234315345598], 'confusion_matrix': [[8481, 273], [232, 8522]], 'epoch': None}
2022-08-18 Thursday 04:56:17:INFO: {'type': 'metric', 'label': 'training_loss', 'epoch': 4, 'value': 0.08254224497902359, 'sum': 1445.1496250927448, 'num_example': 17508}
2022-08-18 Thursday 04:56:17:INFO: {'type': 'metric', 'label': 'training_dist_target', 'value': (0.04707994759218971, 0.047098812125223204), 'epoch': 4}
2022-08-18 Thursday 04:56:17:INFO: {'type': 'metric', 'label': 'validation_confusion_matrix', 'accuracy': 0.6811023622047244, 'precision': [0.6127450980392157, 0.96], 'recall': [0.984251968503937, 0.3779527559055118], 'f1': [0.7552870090634436, 0.5423728813559318], 'confusion_matrix': [[250, 4], [158, 96]], 'epoch': None}
2022-08-18 Thursday 04:56:17:INFO: {'type': 'metric', 'label': 'validation_loss', 'epoch': 4, 'value': 1.120613996907482, 'sum': 569.2719104290009, 'num_example': 508}
2022-08-18 Thursday 04:56:17:INFO: {'type': 'metric', 'label': 'validation_dist_target', 'value': (0.02409018470546392, 0.6008232146736205), 'epoch': 4}
2022-08-18 Thursday 04:56:22:INFO: Epoch: 5
2022-08-18 Thursday 04:56:22:INFO: LR: 0.001
2022-08-18 Thursday 04:56:48:INFO: {'type': 'metric', 'label': 'training_confusion_matrix', 'accuracy': 0.9721841443911354, 'precision': [0.9757164230636437, 0.9687039346864724], 'recall': [0.9684715558601782, 0.9758967329220928], 'f1': [0.972080490741271, 0.972287031241108], 'confusion_matrix': [[8478, 276], [211, 8543]], 'epoch': None}
2022-08-18 Thursday 04:56:48:INFO: {'type': 'metric', 'label': 'training_loss', 'epoch': 5, 'value': 0.07437430649505566, 'sum': 1302.1453581154346, 'num_example': 17508}
2022-08-18 Thursday 04:56:48:INFO: {'type': 'metric', 'label': 'training_dist_target', 'value': (0.043222444015794455, 0.04180521319684357), 'epoch': 5}
2022-08-18 Thursday 04:56:49:INFO: {'type': 'metric', 'label': 'validation_confusion_matrix', 'accuracy': 0.7381889763779528, 'precision': [0.6604774535809018, 0.9618320610687023], 'recall': [0.9803149606299213, 0.49606299212598426], 'f1': [0.7892234548335969, 0.6545454545454541], 'confusion_matrix': [[249, 5], [128, 126]], 'epoch': None}
2022-08-18 Thursday 04:56:49:INFO: {'type': 'metric', 'label': 'validation_loss', 'epoch': 5, 'value': 1.1903588189853458, 'sum': 604.7022800445557, 'num_example': 508}
2022-08-18 Thursday 04:56:49:INFO: {'type': 'metric', 'label': 'validation_dist_target', 'value': (0.02680199587438989, 0.5185626998661071), 'epoch': 5}
2022-08-18 Thursday 04:56:58:INFO: Epoch: 6
2022-08-18 Thursday 04:56:58:INFO: LR: 0.001
2022-08-18 Thursday 04:57:24:INFO: {'type': 'metric', 'label': 'training_confusion_matrix', 'accuracy': 0.9720699108978753, 'precision': [0.9751638496033115, 0.9690160027238679], 'recall': [0.9688142563399589, 0.9753255654557916], 'f1': [0.9719786831700183, 0.972160546541417], 'confusion_matrix': [[8481, 273], [216, 8538]], 'epoch': None}
2022-08-18 Thursday 04:57:24:INFO: {'type': 'metric', 'label': 'training_loss', 'epoch': 6, 'value': 0.08100338437315098, 'sum': 1418.2072536051273, 'num_example': 17508}
2022-08-18 Thursday 04:57:24:INFO: {'type': 'metric', 'label': 'training_dist_target', 'value': (0.04364894503786707, 0.04495043987576374), 'epoch': 6}
2022-08-18 Thursday 04:57:24:INFO: {'type': 'metric', 'label': 'validation_confusion_matrix', 'accuracy': 0.7460629921259843, 'precision': [0.6675603217158177, 0.9629629629629629], 'recall': [0.9803149606299213, 0.5118110236220472], 'f1': [0.7942583732057411, 0.6683804627249352], 'confusion_matrix': [[249, 5], [124, 130]], 'epoch': None}
2022-08-18 Thursday 04:57:24:INFO: {'type': 'metric', 'label': 'validation_loss', 'epoch': 6, 'value': 1.1274267956027835, 'sum': 572.732812166214, 'num_example': 508}
2022-08-18 Thursday 04:57:24:INFO: {'type': 'metric', 'label': 'validation_dist_target', 'value': (0.020810346727765452, 0.5119793358750231), 'epoch': 6}
2022-08-18 Thursday 04:57:35:INFO: Epoch: 7
2022-08-18 Thursday 04:57:35:INFO: LR: 0.001
2022-08-18 Thursday 04:58:02:INFO: {'type': 'metric', 'label': 'training_confusion_matrix', 'accuracy': 0.9732122458304775, 'precision': [0.9771915677917291, 0.9692987424946188], 'recall': [0.9690427233264793, 0.9773817683344757], 'f1': [0.9731000860338395, 0.9733234742051072], 'confusion_matrix': [[8483, 271], [198, 8556]], 'epoch': None}
2022-08-18 Thursday 04:58:02:INFO: {'type': 'metric', 'label': 'training_loss', 'epoch': 7, 'value': 0.07253720769979977, 'sum': 1269.9814324080944, 'num_example': 17508}
2022-08-18 Thursday 04:58:02:INFO: {'type': 'metric', 'label': 'training_dist_target', 'value': (0.04000737231760121, 0.040350974198479286), 'epoch': 7}
2022-08-18 Thursday 04:58:02:INFO: {'type': 'metric', 'label': 'validation_confusion_matrix', 'accuracy': 0.7086614173228346, 'precision': [0.6338383838383839, 0.9732142857142857], 'recall': [0.9881889763779528, 0.42913385826771655], 'f1': [0.7723076923076918, 0.595628415300546], 'confusion_matrix': [[251, 3], [145, 109]], 'epoch': None}
2022-08-18 Thursday 04:58:02:INFO: {'type': 'metric', 'label': 'validation_loss', 'epoch': 7, 'value': 1.5290611578723576, 'sum': 776.7630681991577, 'num_example': 508}
2022-08-18 Thursday 04:58:02:INFO: {'type': 'metric', 'label': 'validation_dist_target', 'value': (0.01250521799065466, 0.5811981441467766), 'epoch': 7}
2022-08-18 Thursday 04:58:17:INFO: Epoch: 8
2022-08-18 Thursday 04:58:17:INFO: LR: 0.001
2022-08-18 Thursday 04:58:44:INFO: {'type': 'metric', 'label': 'training_confusion_matrix', 'accuracy': 0.9758396161754627, 'precision': [0.9801729106628242, 0.971583833352202], 'recall': [0.9713273931916838, 0.9803518391592415], 'f1': [0.9757301049974176, 0.9759481435150958], 'confusion_matrix': [[8503, 251], [172, 8582]], 'epoch': None}
2022-08-18 Thursday 04:58:44:INFO: {'type': 'metric', 'label': 'training_loss', 'epoch': 8, 'value': 0.06755395108603685, 'sum': 1182.7345756143332, 'num_example': 17508}
2022-08-18 Thursday 04:58:44:INFO: {'type': 'metric', 'label': 'training_dist_target', 'value': (0.03821118351821897, 0.038726082724034584), 'epoch': 8}
2022-08-18 Thursday 04:58:44:INFO: {'type': 'metric', 'label': 'validation_confusion_matrix', 'accuracy': 0.6850393700787402, 'precision': [0.6151960784313726, 0.97], 'recall': [0.9881889763779528, 0.38188976377952755], 'f1': [0.7583081570996975, 0.548022598870056], 'confusion_matrix': [[251, 3], [157, 97]], 'epoch': None}
2022-08-18 Thursday 04:58:44:INFO: {'type': 'metric', 'label': 'validation_loss', 'epoch': 8, 'value': 1.63970954681006, 'sum': 832.9724497795105, 'num_example': 508}
2022-08-18 Thursday 04:58:44:INFO: {'type': 'metric', 'label': 'validation_dist_target', 'value': (0.01523971703548835, 0.603476802195151), 'epoch': 8}
2022-08-18 Thursday 04:59:01:INFO: Calculating recall rate: sun2011
2022-08-18 Thursday 05:04:35:INFO: RR calculation - 500 duplicate reports were processed
2022-08-18 Thursday 05:10:22:INFO: RR calculation - 1000 duplicate reports were processed
2022-08-18 Thursday 05:16:21:INFO: [] Throughput: 1.4019306451491607 bugs per second (bugs=1457 ,seconds=1039.2810835838318)
2022-08-18 Thursday 05:16:21:INFO: {'type': 'metric', 'label': 'recall_rate', 'k': 1, 'rate': 0.12560054907343857, 'hit': 183, 'total': 1457, 'epoch': 0}
2022-08-18 Thursday 05:16:21:INFO: {'type': 'metric', 'label': 'recall_rate', 'k': 2, 'rate': 0.1702127659574468, 'hit': 248, 'total': 1457, 'epoch': 0}
2022-08-18 Thursday 05:16:21:INFO: {'type': 'metric', 'label': 'recall_rate', 'k': 3, 'rate': 0.20384351407000686, 'hit': 297, 'total': 1457, 'epoch': 0}
2022-08-18 Thursday 05:16:21:INFO: {'type': 'metric', 'label': 'recall_rate', 'k': 4, 'rate': 0.2354152367879204, 'hit': 343, 'total': 1457, 'epoch': 0}
2022-08-18 Thursday 05:16:21:INFO: {'type': 'metric', 'label': 'recall_rate', 'k': 5, 'rate': 0.2484557309540151, 'hit': 362, 'total': 1457, 'epoch': 0}
2022-08-18 Thursday 05:16:21:INFO: {'type': 'metric', 'label': 'recall_rate', 'k': 6, 'rate': 0.26424159231297184, 'hit': 385, 'total': 1457, 'epoch': 0}
2022-08-18 Thursday 05:16:21:INFO: {'type': 'metric', 'label': 'recall_rate', 'k': 7, 'rate': 0.27590940288263555, 'hit': 402, 'total': 1457, 'epoch': 0}
2022-08-18 Thursday 05:16:21:INFO: {'type': 'metric', 'label': 'recall_rate', 'k': 8, 'rate': 0.28894989704873025, 'hit': 421, 'total': 1457, 'epoch': 0}
2022-08-18 Thursday 05:16:21:INFO: {'type': 'metric', 'label': 'recall_rate', 'k': 9, 'rate': 0.29581331503088537, 'hit': 431, 'total': 1457, 'epoch': 0}
2022-08-18 Thursday 05:16:21:INFO: {'type': 'metric', 'label': 'recall_rate', 'k': 10, 'rate': 0.3026767330130405, 'hit': 441, 'total': 1457, 'epoch': 0}
2022-08-18 Thursday 05:16:21:INFO: {'type': 'metric', 'label': 'recall_rate', 'k': 11, 'rate': 0.3109128345916266, 'hit': 453, 'total': 1457, 'epoch': 0}
2022-08-18 Thursday 05:16:21:INFO: {'type': 'metric', 'label': 'recall_rate', 'k': 12, 'rate': 0.3191489361702128, 'hit': 465, 'total': 1457, 'epoch': 0}
2022-08-18 Thursday 05:16:21:INFO: {'type': 'metric', 'label': 'recall_rate', 'k': 13, 'rate': 0.3225806451612903, 'hit': 470, 'total': 1457, 'epoch': 0}
2022-08-18 Thursday 05:16:21:INFO: {'type': 'metric', 'label': 'recall_rate', 'k': 14, 'rate': 0.32944406314344543, 'hit': 480, 'total': 1457, 'epoch': 0}
2022-08-18 Thursday 05:16:21:INFO: {'type': 'metric', 'label': 'recall_rate', 'k': 15, 'rate': 0.33493479752916955, 'hit': 488, 'total': 1457, 'epoch': 0}
2022-08-18 Thursday 05:16:21:INFO: {'type': 'metric', 'label': 'recall_rate', 'k': 16, 'rate': 0.33768016472203155, 'hit': 492, 'total': 1457, 'epoch': 0}
2022-08-18 Thursday 05:16:21:INFO: {'type': 'metric', 'label': 'recall_rate', 'k': 17, 'rate': 0.3466026080988332, 'hit': 505, 'total': 1457, 'epoch': 0}
2022-08-18 Thursday 05:16:21:INFO: {'type': 'metric', 'label': 'recall_rate', 'k': 18, 'rate': 0.35964310226492796, 'hit': 524, 'total': 1457, 'epoch': 0}
2022-08-18 Thursday 05:16:21:INFO: {'type': 'metric', 'label': 'recall_rate', 'k': 19, 'rate': 0.3630748112560055, 'hit': 529, 'total': 1457, 'epoch': 0}
2022-08-18 Thursday 05:16:21:INFO: {'type': 'metric', 'label': 'recall_rate', 'k': 20, 'rate': 0.36719286204529855, 'hit': 535, 'total': 1457, 'epoch': 0}
2022-08-18 Thursday 05:16:21:INFO: {'type': 'metric', 'label': 'MAP', 'value': 0.18641054741126958, 'sum': 271.6001675782198, 'total': 1457, 'epoch': 0}
2022-08-18 Thursday 05:16:21:INFO: [5837, 217, 87, 12, 2, 2, 4, 1330, 14, 1, 427, 1244, 544, 854, 616, 2, 890, 11, 1, 3856, 17, 25, 6, 164, 1, 1, 32, 30, 1, 1, 17, 2, 1, 153, 4, 11, 1, 7, 1, 1, 7423, 1206, 337, 2, 1, 1, 6, 11, 800, 22, 11570, 30, 1, 1, 3, 67, 2, 278, 5, 7, 8, 2, 1, 3695, 19, 1, 72, 1961, 408, 39, 2, 7, 4, 2, 1, 1, 75, 116, 1, 1, 4, 29, 1, 2, 1237, 1, 3709, 60, 1, 2, 59, 15, 3, 608, 1258, 164, 2203, 360, 107, 3, 6981, 44, 14908, 374, 4, 141, 6768, 21, 10, 115, 2, 2393, 188, 75, 1222, 3545, 5, 167, 48, 731, 21013, 51, 74, 9506, 4, 1, 1, 587, 2, 155, 58, 122, 257, 1, 4, 18, 32, 31, 27, 25048, 315, 33, 1, 6, 4, 8, 1, 18, 284, 16, 536, 38, 36, 4, 612, 301, 547, 1, 3251, 1, 13, 37, 8966, 114, 2154, 1626, 11257, 101, 302, 42, 660, 2, 1, 4, 207, 146, 316, 6, 150, 1386, 709, 1226, 471, 1, 553, 855, 452, 5, 714, 3, 4, 131, 52, 18, 10, 60, 29792, 720, 3575, 7, 2, 1, 1, 17, 4, 14339, 4, 1, 4, 32779, 364, 2469, 1, 20039, 93, 14591, 71, 27, 3665, 1247, 713, 1464, 626, 43, 3, 1, 22, 20, 6, 22165, 16515, 40, 47, 1376, 829, 5, 40, 255, 75, 10, 184, 492, 7, 365, 2, 255, 4, 39, 1, 30, 1, 153, 1347, 1, 887, 7, 7, 91, 46, 11239, 3, 722, 8742, 103, 255, 9, 1, 1, 541, 12, 1, 10, 5345, 331, 62, 3, 653, 2270, 99, 119, 23737, 1143, 82, 8613, 420, 557, 4012, 9, 732, 1094, 6, 254, 10674, 10579, 25, 21, 7, 94, 5, 3062, 39, 10, 2728, 2, 1714, 361, 3061, 902, 523, 21154, 1, 1, 3, 129, 50, 83, 631, 221, 71, 1003, 3538, 47, 3252, 10, 3, 2, 7616, 3, 218, 151, 9, 18, 48, 5, 8, 1, 167, 615, 505, 1514, 24, 2653, 28, 535, 577, 438, 18, 6, 18, 1, 44, 1, 597, 15465, 11388, 1, 291, 6318, 18, 1203, 197, 219, 3, 7, 1824, 386, 18, 31, 16794, 60, 1064, 96, 5096, 1130, 2769, 355, 2, 255, 58, 10, 51, 1, 5, 51, 12, 75, 2, 2424, 3, 2020, 8453, 18, 17571, 2, 15, 4, 20074, 18, 536, 2, 1, 251, 14, 368, 1, 4, 233, 3, 1, 1, 1, 2077, 2, 2156, 897, 3, 13, 1, 74, 328, 4348, 1987, 20, 68, 3, 1, 2117, 1, 12050, 1, 156, 82, 96, 1, 295, 5, 4677, 5, 2405, 2254, 32, 91, 27, 4, 42, 14990, 12826, 5, 5, 38509, 253, 22472, 52, 296, 5114, 12, 241, 468, 235, 385, 1867, 614, 546, 24, 4, 10156, 153, 170, 1, 429, 1, 5, 3775, 221, 3, 565, 1, 4, 1178, 963, 3, 110, 853, 1, 2, 175, 640, 589, 6, 1, 1660, 3722, 2231, 1029, 74, 23, 165, 15, 133, 865, 91, 1, 3631, 33099, 138, 7603, 625, 250, 6, 4, 5605, 1, 22, 24, 273, 5138, 4, 163, 359, 101, 17, 23545, 1, 15, 1, 2946, 3396, 406, 23, 8, 89, 17, 61, 1, 30, 1, 6, 443, 2, 23, 2, 25721, 307, 18, 6084, 1, 1, 8540, 26, 13, 6, 107, 3306, 1, 14, 1531, 10463, 26, 2, 632, 1, 1, 628, 3830, 96, 1, 3663, 1, 1, 934, 1, 229, 100, 2432, 7, 191, 13895, 24, 1, 1191, 1311, 64, 436, 85, 461, 26, 70, 158, 1, 947, 49, 2, 2, 1, 54, 2, 736, 104, 4, 1747, 15150, 114, 119, 369, 13824, 647, 310, 2, 5958, 1, 5384, 4, 20, 359, 40, 576, 223, 219, 8, 18, 8, 1, 1, 1, 263, 320, 1, 12, 125, 1470, 43, 1, 12, 290, 91, 2, 4, 174, 10, 528, 1, 73, 15619, 8787, 3132, 6620, 760, 102, 476, 17, 1, 16, 7, 14, 541, 2, 1, 26, 1843, 9465, 57, 9, 8, 1, 211, 1, 1, 26, 146, 1, 8, 119, 12973, 22, 729, 13, 9688, 4418, 10658, 2, 7064, 55, 6433, 424, 54, 60, 2545, 1, 1, 173, 3, 27753, 1, 3, 541, 1, 1605, 16275, 2541, 664, 40, 113, 275, 4, 463, 442, 7, 4128, 3714, 101, 22919, 41, 139, 15, 2, 7935, 1208, 2, 15, 1031, 33, 7, 1, 7588, 6, 30, 1, 57, 15, 2, 1, 1, 1, 181, 3, 1, 370, 20, 2, 1513, 3, 3, 533, 9, 64, 227, 11, 3, 5945, 4333, 5167, 35, 2048, 14457, 186, 118, 1318, 106, 14, 3, 17, 6, 1339, 1, 15, 97, 9, 518, 4, 1, 239, 1010, 755, 1, 804, 50, 145, 40839, 69, 101, 14135, 100, 51, 7426, 1827, 29396, 481, 2, 6, 1502, 8, 4, 272, 2, 73, 4, 127, 73, 7, 1, 3, 17, 3690, 383, 4, 64, 305, 47, 18675, 11838, 21, 170, 3, 1962, 6, 50, 92, 2, 3, 526, 3, 26, 2391, 1144, 1, 7, 682, 2995, 44, 1, 77, 17, 4, 1, 1, 8, 2, 14, 1, 2, 1, 15642, 19, 1, 1, 1500, 631, 1, 595, 1, 3757, 2, 154, 2, 222, 2077, 1, 978, 6697, 43, 1, 14, 2660, 2066, 330, 24, 42, 6583, 51, 426, 93, 4, 1, 21, 1, 85, 7249, 215, 25698, 1, 11, 139, 11094, 1, 2, 652, 5480, 4, 719, 29701, 44, 491, 825, 5, 3295, 2522, 4, 906, 62, 22, 30, 1, 8086, 26638, 3857, 11, 5229, 6739, 1, 633, 752, 1980, 6426, 4, 75, 3, 4185, 1, 13160, 36, 54, 4744, 141, 234, 9, 49, 20, 530, 2, 913, 30, 1, 1, 1, 1172, 1, 4875, 4006, 3279, 84, 11, 1269, 2669, 95, 42, 1, 15387, 7477, 361, 127, 270, 42, 5531, 1, 507, 1, 22508, 3623, 16393, 72, 26, 1, 587, 1439, 1486, 13139, 2, 22269, 1, 200, 8036, 345, 2, 8787, 9, 22, 3, 12, 1, 1, 155, 1, 128, 18, 453, 1, 18, 16, 3, 87, 1, 14068, 11, 765, 12, 5, 30, 9, 105, 147, 5237, 50, 866, 4, 2, 14498, 36, 27130, 1548, 812, 1, 1342, 644, 1706, 1, 37, 4, 299, 8, 531, 3, 212, 1215, 51, 8056, 22, 149, 28, 243, 12, 19, 543, 322, 45804, 6336, 17, 3, 296, 6830, 3, 53, 37197, 2049, 924, 716, 1429, 454, 22, 517, 46, 18, 1, 788, 5024, 101, 1337, 3, 1, 2813, 1, 10479, 43724, 124, 1113, 3991, 3, 6684, 1889, 33, 42, 43, 1, 3938, 36, 1, 382, 100, 126, 6, 230, 2009, 11969, 4, 10443, 5, 13, 11, 1423, 271, 130, 48, 3518, 1, 11, 1, 757, 2, 27, 2089, 123, 38, 119, 52649, 6, 114, 307, 414, 83, 1, 1, 436, 81, 3130, 431, 50, 86, 34, 129, 10, 322, 2518, 41754, 1, 449, 1597, 40, 1, 513, 612, 3591, 1, 32, 11, 848, 6, 259, 12, 5686, 853, 1, 8036, 22, 42, 81, 36, 1, 1, 249, 26, 1, 181, 372, 32, 294, 1, 6621, 219, 8, 14691, 2, 1131, 1, 421, 232, 35, 1109, 1255, 8, 162, 13637, 24, 4, 312, 3, 806, 1, 22, 241, 50, 95, 800, 33, 410, 252, 17, 111, 1, 1, 3, 26, 2693, 3, 23, 12, 10015, 3, 18, 4, 52949, 1, 14, 41, 2248, 39, 142, 49, 445, 37, 3, 416, 1, 71, 136, 206, 3, 8, 4, 76, 1198, 11421, 2705, 1, 123, 6, 59, 765, 654, 1, 9, 2, 2, 2121, 6, 44, 1, 1365, 2, 7, 1327, 1544, 89, 1, 32, 8876, 4387, 208, 27, 1173, 2, 89, 43, 7, 179, 1620, 1883, 105, 2, 32, 20, 518, 379, 2332, 2, 1639, 790, 138, 12837, 3, 29947, 8, 16, 1, 59, 113, 4601, 19, 31, 17319, 18, 135, 2506, 989, 2, 9338, 5906, 8, 1, 467, 5890, 19, 3135, 111, 8954, 24048, 56, 141, 406, 1297, 552, 764, 331, 194, 224, 4, 1, 68, 1609, 17, 365, 57, 6, 7648, 99, 3, 69, 2, 620, 8, 438, 1539, 15914, 68, 28, 5, 2760, 228, 4462, 93, 3, 28637, 67, 525, 2346, 6692, 3445, 6, 33502, 55, 396, 1562, 74, 8, 3825, 688, 586, 98, 45, 1, 1868, 1759, 77, 18, 287, 443, 96, 23, 7251, 10057, 14, 277, 853, 12386, 95, 8, 26, 138, 18, 3, 17, 33, 1, 1306, 28, 3, 1019, 1, 23, 50, 2, 1, 512, 31289, 14, 202, 167, 22861, 2, 4, 90, 66, 263, 36, 24, 177, 1, 3, 20906, 66, 1107, 109, 69, 201, 25, 14702, 5, 2612, 32966, 2466, 4, 2, 44, 20427, 1, 3534, 3532, 1, 10, 66, 2, 84, 6383, 4, 12, 516, 14609, 1846, 237, 123, 4, 49, 45, 35, 1349, 6, 5, 11, 5, 2255, 3671, 9733, 694, 183, 194, 96, 58, 36, 1314, 137, 49, 1, 3, 2611, 17906, 2, 511, 29, 684]
2022-08-18 Thursday 05:16:21:INFO: It completed at: 2022-08-18 05:16:21.720608
2022-08-18 Thursday 05:16:21:INFO: Completed after: 0:30:59.997698
