2022-08-18 Thursday 05:17:26:INFO: {'bug_database': 'dataset/vscode/vscode_soft_clean.json', 'database_name': 'vscode', 'epochs': 8, 'lr': 0.001, 'l2': 0.0, 'dropout': None, 'batch_size': 128, 'ranking_batch_size': 256, 'cuda': True, 'cache_folder': 'scratch/temp/', 'pairs_training': 'dataset/vscode/training_split_vscode_pairs_random_1.txt', 'pairs_validation': 'dataset/vscode/validation_vscode_pairs_random_1.txt', 'neg_pair_generator': {'type': 'non_negative', 'training': 'dataset/vscode/training_vscode.txt', 'rate': 1, 'pre_list_file': None, 'k': 0, 'n_tries': 15, 'preselected_length': None, 'random_anchor': True}, 'sum_desc': None, 'summary': {'word_embedding': 'word_embedding/vscode/glove_42B_300d_vscode.txt', 'lexicon': None, 'encoder_type': 'rnn', 'tokenizer': 'white_space', 'filters': ['TransformLowerCaseFilter'], 'rnn_type': 'lstm', 'hidden_size': 300, 'nfilters': 100, 'bidirectional': True, 'num_layers': 1, 'dropout': 0.15, 'update_embedding': False, 'fixed_opt': 'mean+max', 'activation': 'relu', 'batch_normalization': False, 'hidden_sizes': None, 'hidden_act': None, 'hidden_dropout': 0.0, 'bn_last_layer': False, 'self_att_hidden': 100, 'n_hops': 20, 'standardization': False}, 'description': {'word_embedding': 'word_embedding/vscode/glove_42B_300d_vscode.txt', 'lexicon': None, 'encoder_type': 'rnn', 'tokenizer': 'white_space', 'filters': ['TransformLowerCaseFilter'], 'rnn_type': 'lstm', 'hidden_size': 300, 'nfilters': 100, 'bidirectional': True, 'num_layers': 1, 'dropout': 0.15, 'update_embedding': False, 'fixed_opt': 'mean+max', 'activation': 'relu', 'batch_normalization': True, 'hidden_sizes': None, 'hidden_act': None, 'hidden_dropout': 0.0, 'bn_last_layer': False, 'window_sizes': [3], 'self_att_hidden': 100, 'n_hops': 20, 'standardization': False}, 'categorical': {'lexicons': 'dataset/vscode/categorical_lexicons.json', 'bn_last_layer': True, 'emb_size': 20, 'hidden_sizes': [40], 'dropout': 0.0, 'activation': 'relu', 'batch_normalization': True}, 'classifier': {'type': 'binary', 'without_embedding': False, 'batch_normalization': True, 'dropout': 0, 'hidden_sizes': [300, 50], 'margin': 0, 'loss': None}, 'recall_estimation_train': None, 'recall_estimation': None, 'rr_val_epoch': 100, 'rr_train_epoch': 100, 'random_switch': False, 'ranking_result_file': None, 'optimizer': 'adam', 'momentum': 0.9, 'lr_scheduler': None, 'save': None, 'load': None, 'pair_test_dataset': None, 'recall_rate': {'type': 'sun2011', 'dataset': 'dataset/vscode/test_vscode.txt', 'result_file': None, 'group_by_master': True, 'window': 1095}, 'seed': 773441568}
2022-08-18 Thursday 05:17:26:INFO: It started at: 2022-08-18 05:17:26.582738
2022-08-18 Thursday 05:17:27:INFO: Turning CUDA on
2022-08-18 Thursday 05:17:27:INFO: Using Summary information.
2022-08-18 Thursday 05:22:11:INFO: Lexicon size: 1926242
2022-08-18 Thursday 05:22:11:INFO: Word Embedding size: 300
2022-08-18 Thursday 05:22:11:INFO: Use white space tokenizer to tokenize summary information
2022-08-18 Thursday 05:22:16:INFO: Using Description information.
2022-08-18 Thursday 05:26:49:INFO: Lexicon size: 1926242
2022-08-18 Thursday 05:26:49:INFO: Word Embedding size: 300
2022-08-18 Thursday 05:26:49:INFO: Use white space tokenizer to tokenize summary information
2022-08-18 Thursday 05:26:54:INFO: Using Categorical Information.
2022-08-18 Thursday 05:26:54:INFO: Using NLLLoss
2022-08-18 Thursday 05:26:58:INFO: Non Negative Pair Generator
2022-08-18 Thursday 05:26:58:INFO: Using the following dataset to generate negative examples: Database: vscode; Order by Date; Master report is the newest oneWe keep nested master reports; Database: vscode; Order by Date; Master report is the newest oneWe keep nested master reports;. Number of bugs in the training: 40801
2022-08-18 Thursday 05:27:00:INFO: Training size: 17508
2022-08-18 Thursday 05:27:00:INFO: Validation size: 508
2022-08-18 Thursday 05:27:00:INFO: Adam
2022-08-18 Thursday 05:27:00:INFO: Scheduler: Constant
2022-08-18 Thursday 05:27:00:INFO: Epoch: 1
2022-08-18 Thursday 05:27:00:INFO: LR: 0.001
2022-08-18 Thursday 05:27:27:INFO: {'type': 'metric', 'label': 'training_confusion_matrix', 'accuracy': 0.8343614347726753, 'precision': [0.8405864556667443, 0.8283598833295939], 'recall': [0.8252227553118574, 0.8435001142334932], 'f1': [0.8328337560525704, 0.8358614444192884], 'confusion_matrix': [[7224, 1530], [1370, 7384]], 'epoch': None}
2022-08-18 Thursday 05:27:27:INFO: {'type': 'metric', 'label': 'training_loss', 'epoch': 1, 'value': 0.3549329413040223, 'sum': 6214.165936350822, 'num_example': 17508}
2022-08-18 Thursday 05:27:27:INFO: {'type': 'metric', 'label': 'training_dist_target', 'value': (0.2437862410838402, 0.23741897410226517), 'epoch': 1}
2022-08-18 Thursday 05:27:27:INFO: {'type': 'metric', 'label': 'validation_confusion_matrix', 'accuracy': 0.812992125984252, 'precision': [0.7829181494661922, 0.8502202643171806], 'recall': [0.8661417322834646, 0.7598425196850394], 'f1': [0.8224299065420556, 0.8024948024948019], 'confusion_matrix': [[220, 34], [61, 193]], 'epoch': None}
2022-08-18 Thursday 05:27:27:INFO: {'type': 'metric', 'label': 'validation_loss', 'epoch': 1, 'value': 0.4145668045742305, 'sum': 210.5999367237091, 'num_example': 508}
2022-08-18 Thursday 05:27:27:INFO: {'type': 'metric', 'label': 'validation_dist_target', 'value': (0.21268218333326924, 0.2954334123866765), 'epoch': 1}
2022-08-18 Thursday 05:27:31:INFO: Epoch: 2
2022-08-18 Thursday 05:27:31:INFO: LR: 0.001
2022-08-18 Thursday 05:27:58:INFO: {'type': 'metric', 'label': 'training_confusion_matrix', 'accuracy': 0.9332876399360293, 'precision': [0.9284907365567103, 0.9381931608133087], 'recall': [0.9388850811057802, 0.9276901987662782], 'f1': [0.9336589798932177, 0.9329121194715675], 'confusion_matrix': [[8219, 535], [633, 8121]], 'epoch': None}
2022-08-18 Thursday 05:27:58:INFO: {'type': 'metric', 'label': 'training_loss', 'epoch': 2, 'value': 0.17103705877769693, 'sum': 2994.516825079918, 'num_example': 17508}
2022-08-18 Thursday 05:27:58:INFO: {'type': 'metric', 'label': 'training_dist_target', 'value': (0.10409863923329699, 0.10572251770794323), 'epoch': 2}
2022-08-18 Thursday 05:27:58:INFO: {'type': 'metric', 'label': 'validation_confusion_matrix', 'accuracy': 0.8051181102362205, 'precision': [0.8672985781990521, 0.7609427609427609], 'recall': [0.7204724409448819, 0.889763779527559], 'f1': [0.7870967741935478, 0.8203266787658796], 'confusion_matrix': [[183, 71], [28, 226]], 'epoch': None}
2022-08-18 Thursday 05:27:58:INFO: {'type': 'metric', 'label': 'validation_loss', 'epoch': 2, 'value': 0.424839155880485, 'sum': 215.81829118728638, 'num_example': 508}
2022-08-18 Thursday 05:27:58:INFO: {'type': 'metric', 'label': 'validation_dist_target', 'value': (0.3342699516476609, 0.15705426659171037), 'epoch': 2}
2022-08-18 Thursday 05:28:02:INFO: Epoch: 3
2022-08-18 Thursday 05:28:02:INFO: LR: 0.001
2022-08-18 Thursday 05:28:30:INFO: {'type': 'metric', 'label': 'training_confusion_matrix', 'accuracy': 0.9627027644505369, 'precision': [0.9641342958634124, 0.9612800364423186], 'recall': [0.9611606122915238, 0.9642449166095499], 'f1': [0.9626451575996791, 0.9627601938979179], 'confusion_matrix': [[8414, 340], [313, 8441]], 'epoch': None}
2022-08-18 Thursday 05:28:30:INFO: {'type': 'metric', 'label': 'training_loss', 'epoch': 3, 'value': 0.102833045672507, 'sum': 1800.4009636342525, 'num_example': 17508}
2022-08-18 Thursday 05:28:30:INFO: {'type': 'metric', 'label': 'training_dist_target', 'value': (0.06192019745207061, 0.05994643080662123), 'epoch': 3}
2022-08-18 Thursday 05:28:30:INFO: {'type': 'metric', 'label': 'validation_confusion_matrix', 'accuracy': 0.7992125984251969, 'precision': [0.740506329113924, 0.8958333333333334], 'recall': [0.9212598425196851, 0.6771653543307087], 'f1': [0.8210526315789467, 0.7713004484304928], 'confusion_matrix': [[234, 20], [82, 172]], 'epoch': None}
2022-08-18 Thursday 05:28:30:INFO: {'type': 'metric', 'label': 'validation_loss', 'epoch': 3, 'value': 0.4875139981273591, 'sum': 247.65711104869843, 'num_example': 508}
2022-08-18 Thursday 05:28:30:INFO: {'type': 'metric', 'label': 'validation_dist_target', 'value': (0.12171876524377057, 0.3425487082774245), 'epoch': 3}
2022-08-18 Thursday 05:28:33:INFO: Epoch: 4
2022-08-18 Thursday 05:28:33:INFO: LR: 0.001
2022-08-18 Thursday 05:29:01:INFO: {'type': 'metric', 'label': 'training_confusion_matrix', 'accuracy': 0.9744116975097098, 'precision': [0.9769177767570051, 0.9719318181818182], 'recall': [0.9717843271647247, 0.977039067854695], 'f1': [0.9743442904592825, 0.9744787512817586], 'confusion_matrix': [[8507, 247], [201, 8553]], 'epoch': None}
2022-08-18 Thursday 05:29:01:INFO: {'type': 'metric', 'label': 'training_loss', 'epoch': 4, 'value': 0.07414859190995164, 'sum': 1298.1935471594334, 'num_example': 17508}
2022-08-18 Thursday 05:29:01:INFO: {'type': 'metric', 'label': 'training_dist_target', 'value': (0.04379714853501576, 0.04111666575343145), 'epoch': 4}
2022-08-18 Thursday 05:29:01:INFO: {'type': 'metric', 'label': 'validation_confusion_matrix', 'accuracy': 0.7421259842519685, 'precision': [0.6657681940700808, 0.948905109489051], 'recall': [0.9724409448818898, 0.5118110236220472], 'f1': [0.7903999999999994, 0.664961636828644], 'confusion_matrix': [[247, 7], [124, 130]], 'epoch': None}
2022-08-18 Thursday 05:29:01:INFO: {'type': 'metric', 'label': 'validation_loss', 'epoch': 4, 'value': 0.8661327958106995, 'sum': 439.9954602718353, 'num_example': 508}
2022-08-18 Thursday 05:29:01:INFO: {'type': 'metric', 'label': 'validation_dist_target', 'value': (0.03535764388681397, 0.4851609252569244), 'epoch': 4}
2022-08-18 Thursday 05:29:05:INFO: Epoch: 5
2022-08-18 Thursday 05:29:05:INFO: LR: 0.001
2022-08-18 Thursday 05:29:32:INFO: {'type': 'metric', 'label': 'training_confusion_matrix', 'accuracy': 0.9760680831619831, 'precision': [0.9783082749913922, 0.9738487777146105], 'recall': [0.9737262965501485, 0.9784098697738177], 'f1': [0.976011908169691, 0.9761239956692683], 'confusion_matrix': [[8524, 230], [189, 8565]], 'epoch': None}
2022-08-18 Thursday 05:29:32:INFO: {'type': 'metric', 'label': 'training_loss', 'epoch': 5, 'value': 0.06683529916319206, 'sum': 1170.1524177491665, 'num_example': 17508}
2022-08-18 Thursday 05:29:32:INFO: {'type': 'metric', 'label': 'training_dist_target', 'value': (0.037451977504730935, 0.039090529986377825), 'epoch': 5}
2022-08-18 Thursday 05:29:33:INFO: {'type': 'metric', 'label': 'validation_confusion_matrix', 'accuracy': 0.8169291338582677, 'precision': [0.7523510971786834, 0.9259259259259259], 'recall': [0.9448818897637795, 0.6889763779527559], 'f1': [0.8376963350785335, 0.7900677200902929], 'confusion_matrix': [[240, 14], [79, 175]], 'epoch': None}
2022-08-18 Thursday 05:29:33:INFO: {'type': 'metric', 'label': 'validation_loss', 'epoch': 5, 'value': 0.5014239941525647, 'sum': 254.72338902950287, 'num_example': 508}
2022-08-18 Thursday 05:29:33:INFO: {'type': 'metric', 'label': 'validation_dist_target', 'value': (0.08498105289429192, 0.3225903060492568), 'epoch': 5}
2022-08-18 Thursday 05:29:36:INFO: Epoch: 6
2022-08-18 Thursday 05:29:36:INFO: LR: 0.001
2022-08-18 Thursday 05:30:03:INFO: {'type': 'metric', 'label': 'training_confusion_matrix', 'accuracy': 0.9830934429974869, 'precision': [0.9858685661764706, 0.9803498409813721], 'recall': [0.9802376056659813, 0.9859492803289924], 'f1': [0.9830450223393282, 0.9831415878801679], 'confusion_matrix': [[8581, 173], [123, 8631]], 'epoch': None}
2022-08-18 Thursday 05:30:03:INFO: {'type': 'metric', 'label': 'training_loss', 'epoch': 6, 'value': 0.04840059296277143, 'sum': 847.3975815922022, 'num_example': 17508}
2022-08-18 Thursday 05:30:03:INFO: {'type': 'metric', 'label': 'training_dist_target', 'value': (0.028280559531460893, 0.027378795025472313), 'epoch': 6}
2022-08-18 Thursday 05:30:04:INFO: {'type': 'metric', 'label': 'validation_confusion_matrix', 'accuracy': 0.7775590551181102, 'precision': [0.8938547486033519, 0.7142857142857143], 'recall': [0.6299212598425197, 0.9251968503937008], 'f1': [0.7390300230946877, 0.8061749571183529], 'confusion_matrix': [[160, 94], [19, 235]], 'epoch': None}
2022-08-18 Thursday 05:30:04:INFO: {'type': 'metric', 'label': 'validation_loss', 'epoch': 6, 'value': 0.43346511730997583, 'sum': 220.2002795934677, 'num_example': 508}
2022-08-18 Thursday 05:30:04:INFO: {'type': 'metric', 'label': 'validation_dist_target', 'value': (0.3801189257403997, 0.12607878399646189), 'epoch': 6}
2022-08-18 Thursday 05:30:07:INFO: Epoch: 7
2022-08-18 Thursday 05:30:07:INFO: LR: 0.001
2022-08-18 Thursday 05:30:34:INFO: {'type': 'metric', 'label': 'training_confusion_matrix', 'accuracy': 0.9873200822481152, 'precision': [0.9900068917987594, 0.9846625766871165], 'recall': [0.9845784784098698, 0.9900616860863605], 'f1': [0.987285223367697, 0.9873547505126448], 'confusion_matrix': [[8619, 135], [87, 8667]], 'epoch': None}
2022-08-18 Thursday 05:30:34:INFO: {'type': 'metric', 'label': 'training_loss', 'epoch': 7, 'value': 0.03946765268556408, 'sum': 690.9996632188559, 'num_example': 17508}
2022-08-18 Thursday 05:30:34:INFO: {'type': 'metric', 'label': 'training_dist_target', 'value': (0.022043294518648122, 0.02108389224286), 'epoch': 7}
2022-08-18 Thursday 05:30:34:INFO: {'type': 'metric', 'label': 'validation_confusion_matrix', 'accuracy': 0.7303149606299213, 'precision': [0.6519480519480519, 0.975609756097561], 'recall': [0.9881889763779528, 0.47244094488188976], 'f1': [0.7856025039123624, 0.6366047745358085], 'confusion_matrix': [[251, 3], [134, 120]], 'epoch': None}
2022-08-18 Thursday 05:30:34:INFO: {'type': 'metric', 'label': 'validation_loss', 'epoch': 7, 'value': 1.190739382909039, 'sum': 604.8956065177917, 'num_example': 508}
2022-08-18 Thursday 05:30:34:INFO: {'type': 'metric', 'label': 'validation_dist_target', 'value': (0.01515423723562496, 0.5235235109103946), 'epoch': 7}
2022-08-18 Thursday 05:30:42:INFO: Epoch: 8
2022-08-18 Thursday 05:30:42:INFO: LR: 0.001
2022-08-18 Thursday 05:31:09:INFO: {'type': 'metric', 'label': 'training_confusion_matrix', 'accuracy': 0.9738976467900389, 'precision': [0.9761276253873522, 0.9716884593519045], 'recall': [0.9715558601782043, 0.9762394334018735], 'f1': [0.9738363771683741, 0.9739586301213738], 'confusion_matrix': [[8505, 249], [208, 8546]], 'epoch': None}
2022-08-18 Thursday 05:31:09:INFO: {'type': 'metric', 'label': 'training_loss', 'epoch': 8, 'value': 0.07127697511431641, 'sum': 1247.9172803014517, 'num_example': 17508}
2022-08-18 Thursday 05:31:09:INFO: {'type': 'metric', 'label': 'training_dist_target', 'value': (0.036618722494209034, 0.03797356404069627), 'epoch': 8}
2022-08-18 Thursday 05:31:09:INFO: {'type': 'metric', 'label': 'validation_confusion_matrix', 'accuracy': 0.7598425196850394, 'precision': [0.6793478260869565, 0.9714285714285714], 'recall': [0.984251968503937, 0.5354330708661418], 'f1': [0.8038585209003211, 0.6903553299492381], 'confusion_matrix': [[250, 4], [118, 136]], 'epoch': None}
2022-08-18 Thursday 05:31:09:INFO: {'type': 'metric', 'label': 'validation_loss', 'epoch': 8, 'value': 1.0568795443519832, 'sum': 536.8948085308075, 'num_example': 508}
2022-08-18 Thursday 05:31:09:INFO: {'type': 'metric', 'label': 'validation_dist_target', 'value': (0.023500247968463447, 0.4714256872342327), 'epoch': 8}
2022-08-18 Thursday 05:31:17:INFO: Calculating recall rate: sun2011
2022-08-18 Thursday 05:36:50:INFO: RR calculation - 500 duplicate reports were processed
2022-08-18 Thursday 05:42:46:INFO: RR calculation - 1000 duplicate reports were processed
2022-08-18 Thursday 05:48:59:INFO: [] Throughput: 1.3738696478566224 bugs per second (bugs=1457 ,seconds=1060.508180141449)
2022-08-18 Thursday 05:48:59:INFO: {'type': 'metric', 'label': 'recall_rate', 'k': 1, 'rate': 0.11736444749485243, 'hit': 171, 'total': 1457, 'epoch': 0}
2022-08-18 Thursday 05:48:59:INFO: {'type': 'metric', 'label': 'recall_rate', 'k': 2, 'rate': 0.1633493479752917, 'hit': 238, 'total': 1457, 'epoch': 0}
2022-08-18 Thursday 05:48:59:INFO: {'type': 'metric', 'label': 'recall_rate', 'k': 3, 'rate': 0.19080301990391216, 'hit': 278, 'total': 1457, 'epoch': 0}
2022-08-18 Thursday 05:48:59:INFO: {'type': 'metric', 'label': 'recall_rate', 'k': 4, 'rate': 0.21688400823610157, 'hit': 316, 'total': 1457, 'epoch': 0}
2022-08-18 Thursday 05:48:59:INFO: {'type': 'metric', 'label': 'recall_rate', 'k': 5, 'rate': 0.23472889498970487, 'hit': 342, 'total': 1457, 'epoch': 0}
2022-08-18 Thursday 05:48:59:INFO: {'type': 'metric', 'label': 'recall_rate', 'k': 6, 'rate': 0.2491420727522306, 'hit': 363, 'total': 1457, 'epoch': 0}
2022-08-18 Thursday 05:48:59:INFO: {'type': 'metric', 'label': 'recall_rate', 'k': 7, 'rate': 0.26904598490048043, 'hit': 392, 'total': 1457, 'epoch': 0}
2022-08-18 Thursday 05:48:59:INFO: {'type': 'metric', 'label': 'recall_rate', 'k': 8, 'rate': 0.2765957446808511, 'hit': 403, 'total': 1457, 'epoch': 0}
2022-08-18 Thursday 05:48:59:INFO: {'type': 'metric', 'label': 'recall_rate', 'k': 9, 'rate': 0.2868908716540837, 'hit': 418, 'total': 1457, 'epoch': 0}
2022-08-18 Thursday 05:48:59:INFO: {'type': 'metric', 'label': 'recall_rate', 'k': 10, 'rate': 0.29993136582017843, 'hit': 437, 'total': 1457, 'epoch': 0}
2022-08-18 Thursday 05:48:59:INFO: {'type': 'metric', 'label': 'recall_rate', 'k': 11, 'rate': 0.3081674673987646, 'hit': 449, 'total': 1457, 'epoch': 0}
2022-08-18 Thursday 05:48:59:INFO: {'type': 'metric', 'label': 'recall_rate', 'k': 12, 'rate': 0.31708991077556625, 'hit': 462, 'total': 1457, 'epoch': 0}
2022-08-18 Thursday 05:48:59:INFO: {'type': 'metric', 'label': 'recall_rate', 'k': 13, 'rate': 0.3225806451612903, 'hit': 470, 'total': 1457, 'epoch': 0}
2022-08-18 Thursday 05:48:59:INFO: {'type': 'metric', 'label': 'recall_rate', 'k': 14, 'rate': 0.3321894303363075, 'hit': 484, 'total': 1457, 'epoch': 0}
2022-08-18 Thursday 05:48:59:INFO: {'type': 'metric', 'label': 'recall_rate', 'k': 15, 'rate': 0.33768016472203155, 'hit': 492, 'total': 1457, 'epoch': 0}
2022-08-18 Thursday 05:48:59:INFO: {'type': 'metric', 'label': 'recall_rate', 'k': 16, 'rate': 0.34248455730954014, 'hit': 499, 'total': 1457, 'epoch': 0}
2022-08-18 Thursday 05:48:59:INFO: {'type': 'metric', 'label': 'recall_rate', 'k': 17, 'rate': 0.34797529169526425, 'hit': 507, 'total': 1457, 'epoch': 0}
2022-08-18 Thursday 05:48:59:INFO: {'type': 'metric', 'label': 'recall_rate', 'k': 18, 'rate': 0.35277968428277284, 'hit': 514, 'total': 1457, 'epoch': 0}
2022-08-18 Thursday 05:48:59:INFO: {'type': 'metric', 'label': 'recall_rate', 'k': 19, 'rate': 0.3575840768702814, 'hit': 521, 'total': 1457, 'epoch': 0}
2022-08-18 Thursday 05:48:59:INFO: {'type': 'metric', 'label': 'recall_rate', 'k': 20, 'rate': 0.36032944406314343, 'hit': 525, 'total': 1457, 'epoch': 0}
2022-08-18 Thursday 05:48:59:INFO: {'type': 'metric', 'label': 'MAP', 'value': 0.17787170386404888, 'sum': 259.15907252991923, 'total': 1457, 'epoch': 0}
2022-08-18 Thursday 05:48:59:INFO: [6799, 148, 700, 3, 12, 3, 4, 4005, 2, 1, 153, 999, 33, 988, 21, 10, 65, 68, 7, 5264, 253, 29, 5, 72, 1, 1, 8, 6, 5, 68, 72, 1, 3, 592, 2, 7, 7, 10, 1, 4, 1058, 1443, 744, 28, 1, 1, 4, 7, 303, 7, 3352, 261, 2, 2, 3, 206, 2, 73, 12, 3, 1, 4, 1, 976, 7, 45, 190, 538, 7, 30, 2, 5, 3, 73, 1, 1, 753, 2816, 26, 1, 12, 3, 1, 1, 1096, 1, 5402, 75, 2, 1, 142, 10, 18, 2410, 207, 209, 1514, 1337, 138, 19, 10653, 136, 15255, 778, 35, 158, 1146, 10, 21, 1086, 9, 9019, 364, 31, 2333, 1839, 144, 350, 9, 1994, 28861, 212, 12, 1359, 6, 1, 1, 47, 2, 146, 18, 54, 1166, 5, 4, 25, 16, 19, 11, 12408, 217, 25, 1, 34, 6, 9, 1, 25, 1287, 253, 99, 244, 11, 4, 211, 57, 912, 3, 2637, 1, 16, 42, 1626, 21, 9611, 3813, 18657, 89, 45, 124, 8834, 2, 11, 2, 48, 55, 352, 62, 35, 2882, 705, 254, 8164, 2, 94, 1796, 427, 4, 854, 14, 3, 20, 239, 77, 30, 45, 23604, 684, 5701, 23, 3, 1, 1, 2, 1, 311, 7, 2, 2, 31808, 55, 560, 10, 31403, 211, 13183, 14, 12, 5911, 491, 142, 758, 77, 15, 1, 1, 5, 58, 116, 18442, 3007, 37, 49, 945, 470, 1, 11, 73, 22, 5, 822, 31, 51, 16, 2, 169, 2, 104, 1, 29, 1, 27, 1936, 1, 6644, 3, 6, 9, 59, 16621, 2, 772, 2987, 72, 2152, 213, 208, 3, 564, 9, 2, 447, 657, 29, 46, 1, 866, 750, 55, 534, 15523, 1769, 10, 522, 27, 75, 4248, 64, 495, 609, 1, 944, 13257, 6516, 29, 22, 2, 1163, 58, 1705, 7, 39, 469, 11, 16473, 512, 23, 239, 894, 11187, 1, 1, 1, 332, 26, 217, 1335, 4034, 5, 1448, 9110, 8, 649, 4, 37, 6, 6883, 111, 942, 180, 6, 5, 87, 28, 2, 1, 19, 1670, 204, 2385, 468, 3688, 46, 10012, 5143, 350, 118, 146, 6, 1, 10, 2, 382, 7220, 6345, 1, 10, 3309, 27, 301, 73, 428, 1, 26, 14425, 38, 9, 87, 35534, 61, 933, 1654, 4572, 691, 9307, 1044, 1, 1031, 54, 203, 28, 10, 12, 7, 13, 43, 4, 6239, 10, 615, 7693, 9, 35183, 5, 39, 7, 19830, 2, 514, 8, 7, 747, 33, 962, 3, 22, 126, 5, 7, 4, 1, 1244, 7, 1804, 1551, 4, 44, 1, 38, 116, 3918, 672, 18, 12, 3, 3, 810, 1, 8033, 1, 145, 421, 217, 1, 333, 14, 2244, 8, 2624, 5118, 53, 1095, 28, 8, 77, 9621, 1174, 20, 4, 33545, 617, 16337, 32, 143, 3220, 13, 253, 126, 74, 245, 630, 405, 218, 2, 3, 21929, 11, 15, 2, 1666, 1, 2, 2219, 84, 2, 624, 1, 14, 4592, 1468, 11, 509, 517, 1, 1, 116, 874, 2976, 1, 1, 1580, 4739, 34335, 1586, 25, 26, 40, 1, 24, 4656, 240, 1, 3484, 39534, 132, 29405, 29, 101, 7, 1, 4667, 1, 58, 51, 417, 882, 8, 1089, 94, 525, 5, 33029, 1, 30, 3, 1632, 312, 690, 112, 146, 633, 18, 34, 1, 842, 1, 229, 4806, 8, 3, 10, 25045, 118, 13, 1757, 1, 1, 309, 11, 44, 18, 164, 5003, 6, 1, 28579, 1957, 15, 1, 273, 2, 4, 2467, 8502, 1828, 1, 28623, 1, 5, 1031, 1, 37, 40, 1524, 348, 171, 9184, 6, 1, 375, 658, 706, 234, 35, 6, 164, 5, 5, 1, 1216, 488, 4, 1, 1, 54, 267, 1252, 48, 65, 864, 7754, 63, 418, 1137, 3272, 39, 263, 3, 221, 1, 14092, 7, 343, 631, 85, 4075, 2645, 65, 25, 61, 27, 1, 1, 1, 118, 5648, 1, 23, 75, 427, 22, 1, 262, 593, 146, 7, 3, 136, 104, 1322, 1, 17, 27718, 7403, 321, 1512, 4289, 1784, 3402, 67, 1, 195, 55, 15, 256, 4, 1, 84, 1738, 18640, 181, 3, 2, 1, 642, 3, 2, 173, 108, 1, 23, 370, 22010, 4, 3945, 29, 3628, 6260, 12842, 2, 6768, 216, 3586, 979, 25, 55, 9279, 1, 1, 3584, 3, 6895, 1, 5, 963, 1, 719, 9190, 2582, 268, 78, 21, 797, 1, 859, 2003, 135, 3693, 2530, 69, 13036, 56, 157, 75, 1, 7526, 1246, 7, 26, 2064, 12, 3, 1, 3423, 19, 76, 1, 46, 3, 7, 1, 1, 1, 129, 3, 2, 396, 13, 1, 74, 6, 4, 4093, 1, 35, 51, 19, 2, 2456, 13466, 2896, 28, 267, 5135, 372, 655, 1185, 135, 23, 2, 48, 8, 4170, 1, 7, 164, 138, 540, 17, 1, 652, 756, 244, 1, 187, 14, 2505, 24520, 139, 51, 13035, 541, 4, 3698, 2694, 21181, 136, 1, 29, 914, 22, 2, 1111, 1, 68, 88, 161, 63, 6, 6, 28, 19, 1530, 35, 4, 381, 62, 385, 10581, 10550, 21, 14, 6, 1126, 7, 166, 250, 43, 3, 219, 2, 48, 584, 2168, 1, 5, 244, 198, 45, 1, 135, 77, 1, 1, 1, 4, 3, 1616, 1, 4, 1, 1077, 28, 1, 1, 1215, 294, 1, 19, 3, 6060, 5, 7, 2, 31, 373, 4, 2693, 39842, 236, 1, 14, 721, 559, 73, 12, 30, 7139, 210, 3645, 15, 102, 4, 37, 1, 914, 16053, 172, 11288, 1, 5, 83, 3206, 1, 1, 3817, 2485, 5, 729, 43272, 82, 71, 619, 46, 1270, 3330, 15, 318, 1504, 4, 57, 1, 15324, 42411, 523, 12, 1019, 3392, 1, 337, 31, 1417, 328, 3, 15, 36, 1781, 1, 2007, 38, 1570, 6008, 61, 484, 1, 42, 12, 273, 2, 295, 2, 1, 24, 5, 601, 1, 5931, 10668, 11592, 366, 22, 258, 36, 3106, 22, 2, 30906, 2285, 163, 73, 92, 10, 5158, 18, 509, 1, 592, 8703, 22917, 220, 3, 2, 2001, 1897, 1015, 6090, 4, 1359, 1, 857, 8940, 800, 2, 12925, 7, 16, 5, 37, 1, 1, 188, 1, 25, 119, 291, 1, 21, 5, 2, 17, 6, 18241, 40, 375, 133, 1, 9, 1, 30, 1936, 23283, 309, 1235, 17, 2, 1772, 137, 21106, 255, 296, 1, 3285, 589, 1136, 1, 44, 1, 11, 2, 88, 2, 53, 538, 2, 15788, 9, 117, 11, 5, 11, 83, 1010, 1221, 33216, 15892, 307, 1, 2, 357, 1, 2, 13582, 1039, 116, 170, 346, 14, 2, 764, 133, 20, 4, 1308, 3335, 205, 64, 26, 1, 1198, 1, 614, 17828, 149, 495, 4959, 4, 7068, 4140, 26, 75, 5, 9, 2324, 3, 1, 412, 5, 78, 10, 1101, 1979, 16654, 14, 14114, 31, 6, 31, 2153, 78, 172, 87, 113, 10, 1, 1, 413, 4, 13, 261, 17, 4, 39, 46279, 33, 68, 439, 2421, 12, 1, 2, 27, 1, 9752, 1320, 4, 64, 138, 360, 27, 268, 4282, 37969, 164, 648, 2133, 8, 1, 378, 606, 1612, 9, 17, 129, 704, 2, 111, 28, 1303, 754, 1, 288, 7, 76, 42, 14, 1, 2, 247, 50, 6, 408, 621, 96, 59, 1, 2758, 206, 396, 8673, 2, 4962, 2, 1778, 395, 83, 529, 4458, 14, 1200, 14373, 64, 1, 2404, 6, 2229, 1, 1, 317, 89, 103, 161, 165, 48, 718, 17, 2025, 2, 2, 4, 5, 2408, 10, 181, 10, 1641, 2, 28, 8, 41377, 1, 1, 42, 1447, 73, 3, 23, 449, 1944, 100, 249, 8, 77, 417, 14, 7, 22, 12, 21, 5310, 16121, 3257, 1, 42, 127, 9, 383, 803, 72, 1, 2, 1, 183, 248, 7, 3, 1148, 6, 2, 2693, 4644, 25, 1, 452, 12392, 2083, 378, 4, 193, 2, 66, 2, 7, 1041, 9824, 3405, 456, 4, 67, 21, 726, 1170, 1792, 1, 154, 4179, 71, 7995, 4, 17304, 3, 23, 1, 87, 1469, 3970, 7, 461, 1881, 3, 270, 4897, 1497, 2, 2757, 2764, 22, 51, 4937, 6347, 20, 7363, 138, 4256, 7162, 31, 162, 2675, 49, 4210, 102, 665, 540, 9, 1, 1, 585, 3200, 118, 199, 16, 62, 7482, 60, 24, 64, 1, 107, 4, 394, 582, 24392, 1226, 23, 1, 57, 14, 2570, 198, 2, 5953, 32, 3881, 2672, 466, 4238, 3, 40612, 69, 2548, 6609, 2070, 13, 20673, 1208, 18, 826, 17, 2, 41, 218, 34, 36, 1456, 351, 182, 1172, 1896, 3874, 23, 1, 13, 16475, 22, 60, 129, 212, 25, 1, 4, 41, 3, 11038, 4, 1, 2975, 1, 6, 127, 3, 1, 422, 46701, 2, 158, 53, 5168, 1, 13, 103, 825, 3, 379, 2, 118, 1, 1, 18396, 10, 228, 41, 38, 312, 16, 12996, 16, 1065, 40275, 5178, 38, 32, 153, 26224, 2, 1979, 9920, 1, 14, 15, 1, 391, 3654, 7, 9, 2697, 762, 201, 286, 11, 1, 96, 9, 30, 1323, 6, 10, 4, 227, 630, 247, 8621, 24, 1051, 69, 35, 65, 382, 235, 300, 196, 1, 83, 3862, 11406, 1, 1517, 10, 1273]
2022-08-18 Thursday 05:48:59:INFO: It completed at: 2022-08-18 05:48:59.062545
2022-08-18 Thursday 05:48:59:INFO: Completed after: 0:31:32.479807
