2022-08-18 Thursday 03:44:46:INFO: {'bug_database': 'dataset/vscode/vscode_soft_clean.json', 'database_name': 'vscode', 'epochs': 8, 'lr': 0.001, 'l2': 0.0, 'dropout': None, 'batch_size': 128, 'ranking_batch_size': 256, 'cuda': True, 'cache_folder': 'scratch/temp/', 'pairs_training': 'dataset/vscode/training_split_vscode_pairs_random_1.txt', 'pairs_validation': 'dataset/vscode/validation_vscode_pairs_random_1.txt', 'neg_pair_generator': {'type': 'non_negative', 'training': 'dataset/vscode/training_vscode.txt', 'rate': 1, 'pre_list_file': None, 'k': 0, 'n_tries': 15, 'preselected_length': None, 'random_anchor': True}, 'sum_desc': None, 'summary': {'word_embedding': 'word_embedding/vscode/glove_42B_300d_vscode.txt', 'lexicon': None, 'encoder_type': 'rnn', 'tokenizer': 'white_space', 'filters': ['TransformLowerCaseFilter'], 'rnn_type': 'lstm', 'hidden_size': 300, 'nfilters': 100, 'bidirectional': True, 'num_layers': 1, 'dropout': 0.15, 'update_embedding': False, 'fixed_opt': 'mean+max', 'activation': 'relu', 'batch_normalization': False, 'hidden_sizes': None, 'hidden_act': None, 'hidden_dropout': 0.0, 'bn_last_layer': False, 'self_att_hidden': 100, 'n_hops': 20, 'standardization': False}, 'description': {'word_embedding': 'word_embedding/vscode/glove_42B_300d_vscode.txt', 'lexicon': None, 'encoder_type': 'rnn', 'tokenizer': 'white_space', 'filters': ['TransformLowerCaseFilter'], 'rnn_type': 'lstm', 'hidden_size': 300, 'nfilters': 100, 'bidirectional': True, 'num_layers': 1, 'dropout': 0.15, 'update_embedding': False, 'fixed_opt': 'mean+max', 'activation': 'relu', 'batch_normalization': True, 'hidden_sizes': None, 'hidden_act': None, 'hidden_dropout': 0.0, 'bn_last_layer': False, 'window_sizes': [3], 'self_att_hidden': 100, 'n_hops': 20, 'standardization': False}, 'categorical': {'lexicons': 'dataset/vscode/categorical_lexicons.json', 'bn_last_layer': True, 'emb_size': 20, 'hidden_sizes': [40], 'dropout': 0.0, 'activation': 'relu', 'batch_normalization': True}, 'classifier': {'type': 'binary', 'without_embedding': False, 'batch_normalization': True, 'dropout': 0, 'hidden_sizes': [300, 50], 'margin': 0, 'loss': None}, 'recall_estimation_train': None, 'recall_estimation': None, 'rr_val_epoch': 100, 'rr_train_epoch': 100, 'random_switch': False, 'ranking_result_file': None, 'optimizer': 'adam', 'momentum': 0.9, 'lr_scheduler': None, 'save': None, 'load': None, 'pair_test_dataset': None, 'recall_rate': {'type': 'sun2011', 'dataset': 'dataset/vscode/test_vscode.txt', 'result_file': None, 'group_by_master': True, 'window': 1095}, 'seed': 292460355}
2022-08-18 Thursday 03:44:46:INFO: It started at: 2022-08-18 03:44:46.880641
2022-08-18 Thursday 03:44:47:INFO: Turning CUDA on
2022-08-18 Thursday 03:44:47:INFO: Using Summary information.
2022-08-18 Thursday 03:48:32:INFO: Lexicon size: 1926242
2022-08-18 Thursday 03:48:32:INFO: Word Embedding size: 300
2022-08-18 Thursday 03:48:32:INFO: Use white space tokenizer to tokenize summary information
2022-08-18 Thursday 03:48:36:INFO: Using Description information.
2022-08-18 Thursday 03:52:23:INFO: Lexicon size: 1926242
2022-08-18 Thursday 03:52:23:INFO: Word Embedding size: 300
2022-08-18 Thursday 03:52:23:INFO: Use white space tokenizer to tokenize summary information
2022-08-18 Thursday 03:52:28:INFO: Using Categorical Information.
2022-08-18 Thursday 03:52:28:INFO: Using NLLLoss
2022-08-18 Thursday 03:52:32:INFO: Non Negative Pair Generator
2022-08-18 Thursday 03:52:32:INFO: Using the following dataset to generate negative examples: Database: vscode; Order by Date; Master report is the newest oneWe keep nested master reports; Database: vscode; Order by Date; Master report is the newest oneWe keep nested master reports;. Number of bugs in the training: 40801
2022-08-18 Thursday 03:52:33:INFO: Training size: 17508
2022-08-18 Thursday 03:52:33:INFO: Validation size: 508
2022-08-18 Thursday 03:52:33:INFO: Adam
2022-08-18 Thursday 03:52:33:INFO: Scheduler: Constant
2022-08-18 Thursday 03:52:33:INFO: Epoch: 1
2022-08-18 Thursday 03:52:33:INFO: LR: 0.001
2022-08-18 Thursday 03:53:00:INFO: {'type': 'metric', 'label': 'training_confusion_matrix', 'accuracy': 0.8387594242631939, 'precision': [0.835425856803529, 0.842159916926272], 'recall': [0.8437285812200137, 0.8337902673063742], 'f1': [0.8395566922421136, 0.8379541932150846], 'confusion_matrix': [[7386, 1368], [1455, 7299]], 'epoch': None}
2022-08-18 Thursday 03:53:00:INFO: {'type': 'metric', 'label': 'training_loss', 'epoch': 1, 'value': 0.3492456634914273, 'sum': 6114.593076407909, 'num_example': 17508}
2022-08-18 Thursday 03:53:00:INFO: {'type': 'metric', 'label': 'training_dist_target', 'value': (0.238623508994155, 0.23573226516911883), 'epoch': 1}
2022-08-18 Thursday 03:53:00:INFO: {'type': 'metric', 'label': 'validation_confusion_matrix', 'accuracy': 0.812992125984252, 'precision': [0.7770034843205574, 0.8597285067873304], 'recall': [0.8779527559055118, 0.7480314960629921], 'f1': [0.8243992606284652, 0.7999999999999995], 'confusion_matrix': [[223, 31], [64, 190]], 'epoch': None}
2022-08-18 Thursday 03:53:00:INFO: {'type': 'metric', 'label': 'validation_loss', 'epoch': 1, 'value': 0.43260855069310644, 'sum': 219.76514375209808, 'num_example': 508}
2022-08-18 Thursday 03:53:00:INFO: {'type': 'metric', 'label': 'validation_dist_target', 'value': (0.20791315093753845, 0.3237346664188415), 'epoch': 1}
2022-08-18 Thursday 03:53:04:INFO: Epoch: 2
2022-08-18 Thursday 03:53:04:INFO: LR: 0.001
2022-08-18 Thursday 03:53:31:INFO: {'type': 'metric', 'label': 'training_confusion_matrix', 'accuracy': 0.9329449394562486, 'precision': [0.9316628701594533, 0.9342346471127406], 'recall': [0.9344299748686314, 0.9314599040438657], 'f1': [0.9330443709364656, 0.9328452122182812], 'confusion_matrix': [[8180, 574], [600, 8154]], 'epoch': None}
2022-08-18 Thursday 03:53:31:INFO: {'type': 'metric', 'label': 'training_loss', 'epoch': 2, 'value': 0.17333610573056246, 'sum': 3034.7685391306877, 'num_example': 17508}
2022-08-18 Thursday 03:53:31:INFO: {'type': 'metric', 'label': 'training_dist_target', 'value': (0.10445206103217038, 0.10670232061983544), 'epoch': 2}
2022-08-18 Thursday 03:53:31:INFO: {'type': 'metric', 'label': 'validation_confusion_matrix', 'accuracy': 0.8110236220472441, 'precision': [0.8691588785046729, 0.7687074829931972], 'recall': [0.7322834645669292, 0.889763779527559], 'f1': [0.7948717948717944, 0.8248175182481745], 'confusion_matrix': [[186, 68], [28, 226]], 'epoch': None}
2022-08-18 Thursday 03:53:31:INFO: {'type': 'metric', 'label': 'validation_loss', 'epoch': 2, 'value': 0.44191670675915995, 'sum': 224.49368703365326, 'num_example': 508}
2022-08-18 Thursday 03:53:31:INFO: {'type': 'metric', 'label': 'validation_dist_target', 'value': (0.2971611323319082, 0.15730892579386554), 'epoch': 2}
2022-08-18 Thursday 03:53:35:INFO: Epoch: 3
2022-08-18 Thursday 03:53:35:INFO: LR: 0.001
2022-08-18 Thursday 03:54:02:INFO: {'type': 'metric', 'label': 'training_confusion_matrix', 'accuracy': 0.9635023989033584, 'precision': [0.9658973475714778, 0.9611319468121378], 'recall': [0.9609321453050035, 0.9660726525017135], 'f1': [0.9634083490809134, 0.9635959665014523], 'confusion_matrix': [[8412, 342], [297, 8457]], 'epoch': None}
2022-08-18 Thursday 03:54:02:INFO: {'type': 'metric', 'label': 'training_loss', 'epoch': 3, 'value': 0.09895314591808463, 'sum': 1732.4716787338257, 'num_example': 17508}
2022-08-18 Thursday 03:54:02:INFO: {'type': 'metric', 'label': 'training_dist_target', 'value': (0.05981771685719245, 0.06005634770890145), 'epoch': 3}
2022-08-18 Thursday 03:54:02:INFO: {'type': 'metric', 'label': 'validation_confusion_matrix', 'accuracy': 0.734251968503937, 'precision': [0.6553524804177546, 0.976], 'recall': [0.9881889763779528, 0.48031496062992124], 'f1': [0.788069073783359, 0.643799472295514], 'confusion_matrix': [[251, 3], [132, 122]], 'epoch': None}
2022-08-18 Thursday 03:54:02:INFO: {'type': 'metric', 'label': 'validation_loss', 'epoch': 3, 'value': 0.867570507244801, 'sum': 440.7258176803589, 'num_example': 508}
2022-08-18 Thursday 03:54:02:INFO: {'type': 'metric', 'label': 'validation_dist_target', 'value': (0.035968572135985366, 0.5142976430457408), 'epoch': 3}
2022-08-18 Thursday 03:54:06:INFO: Epoch: 4
2022-08-18 Thursday 03:54:06:INFO: LR: 0.001
2022-08-18 Thursday 03:54:32:INFO: {'type': 'metric', 'label': 'training_confusion_matrix', 'accuracy': 0.971898560657985, 'precision': [0.9764705882352941, 0.9674134419551935], 'recall': [0.9671007539410555, 0.9766963673749143], 'f1': [0.9717630853994484, 0.9720327421555246], 'confusion_matrix': [[8466, 288], [204, 8550]], 'epoch': None}
2022-08-18 Thursday 03:54:32:INFO: {'type': 'metric', 'label': 'training_loss', 'epoch': 4, 'value': 0.07649236770084195, 'sum': 1339.2283737063408, 'num_example': 17508}
2022-08-18 Thursday 03:54:32:INFO: {'type': 'metric', 'label': 'training_dist_target', 'value': (0.04488134976524944, 0.04378218542012499), 'epoch': 4}
2022-08-18 Thursday 03:54:33:INFO: {'type': 'metric', 'label': 'validation_confusion_matrix', 'accuracy': 0.7165354330708661, 'precision': [0.6432291666666666, 0.9435483870967742], 'recall': [0.9724409448818898, 0.46062992125984253], 'f1': [0.7742946708463945, 0.6190476190476185], 'confusion_matrix': [[247, 7], [137, 117]], 'epoch': None}
2022-08-18 Thursday 03:54:33:INFO: {'type': 'metric', 'label': 'validation_loss', 'epoch': 4, 'value': 1.0807201688683878, 'sum': 549.005845785141, 'num_example': 508}
2022-08-18 Thursday 03:54:33:INFO: {'type': 'metric', 'label': 'validation_dist_target', 'value': (0.040333823425563305, 0.5429878685418077), 'epoch': 4}
2022-08-18 Thursday 03:54:39:INFO: Epoch: 5
2022-08-18 Thursday 03:54:39:INFO: LR: 0.001
2022-08-18 Thursday 03:55:06:INFO: {'type': 'metric', 'label': 'training_confusion_matrix', 'accuracy': 0.9702421750057116, 'precision': [0.9746339213651563, 0.9659309564233164], 'recall': [0.9656157185286726, 0.9748686314827507], 'f1': [0.9701038618236065, 0.9703792142816527], 'confusion_matrix': [[8453, 301], [220, 8534]], 'epoch': None}
2022-08-18 Thursday 03:55:06:INFO: {'type': 'metric', 'label': 'training_loss', 'epoch': 5, 'value': 0.08300094790918412, 'sum': 1453.1805959939957, 'num_example': 17508}
2022-08-18 Thursday 03:55:06:INFO: {'type': 'metric', 'label': 'training_dist_target', 'value': (0.046327354219206564, 0.04744224245890869), 'epoch': 5}
2022-08-18 Thursday 03:55:06:INFO: {'type': 'metric', 'label': 'validation_confusion_matrix', 'accuracy': 0.8346456692913385, 'precision': [0.8014184397163121, 0.8761061946902655], 'recall': [0.889763779527559, 0.7795275590551181], 'f1': [0.8432835820895518, 0.8249999999999994], 'confusion_matrix': [[226, 28], [56, 198]], 'epoch': None}
2022-08-18 Thursday 03:55:06:INFO: {'type': 'metric', 'label': 'validation_loss', 'epoch': 5, 'value': 0.5245038547853785, 'sum': 266.4479582309723, 'num_example': 508}
2022-08-18 Thursday 03:55:06:INFO: {'type': 'metric', 'label': 'validation_dist_target', 'value': (0.12188943352286272, 0.23254960728442575), 'epoch': 5}
2022-08-18 Thursday 03:55:10:INFO: Epoch: 6
2022-08-18 Thursday 03:55:10:INFO: LR: 0.001
2022-08-18 Thursday 03:55:37:INFO: {'type': 'metric', 'label': 'training_confusion_matrix', 'accuracy': 0.982636509024446, 'precision': [0.9867511520737328, 0.9785908473040327], 'recall': [0.9784098697738177, 0.9868631482750743], 'f1': [0.9825628083056092, 0.9827095893527467], 'confusion_matrix': [[8565, 189], [115, 8639]], 'epoch': None}
2022-08-18 Thursday 03:55:37:INFO: {'type': 'metric', 'label': 'training_loss', 'epoch': 6, 'value': 0.05076612646272119, 'sum': 888.8133421093225, 'num_example': 17508}
2022-08-18 Thursday 03:55:37:INFO: {'type': 'metric', 'label': 'training_dist_target', 'value': (0.029469560904980305, 0.02833482313297752), 'epoch': 6}
2022-08-18 Thursday 03:55:37:INFO: {'type': 'metric', 'label': 'validation_confusion_matrix', 'accuracy': 0.7165354330708661, 'precision': [0.6417525773195877, 0.9583333333333334], 'recall': [0.9803149606299213, 0.452755905511811], 'f1': [0.7757009345794388, 0.614973262032085], 'confusion_matrix': [[249, 5], [139, 115]], 'epoch': None}
2022-08-18 Thursday 03:55:37:INFO: {'type': 'metric', 'label': 'validation_loss', 'epoch': 6, 'value': 1.253052166597111, 'sum': 636.5505006313324, 'num_example': 508}
2022-08-18 Thursday 03:55:37:INFO: {'type': 'metric', 'label': 'validation_dist_target', 'value': (0.02124294075440234, 0.5455588693693867), 'epoch': 6}
2022-08-18 Thursday 03:55:47:INFO: Epoch: 7
2022-08-18 Thursday 03:55:47:INFO: LR: 0.001
2022-08-18 Thursday 03:56:14:INFO: {'type': 'metric', 'label': 'training_confusion_matrix', 'accuracy': 0.9769819511080648, 'precision': [0.9798873692679002, 0.9741115022141479], 'recall': [0.973954763536669, 0.9800091386794608], 'f1': [0.9769120595817812, 0.9770514207619151], 'confusion_matrix': [[8526, 228], [175, 8579]], 'epoch': None}
2022-08-18 Thursday 03:56:14:INFO: {'type': 'metric', 'label': 'training_loss', 'epoch': 7, 'value': 0.06706158422411973, 'sum': 1174.1142165958881, 'num_example': 17508}
2022-08-18 Thursday 03:56:14:INFO: {'type': 'metric', 'label': 'training_dist_target', 'value': (0.03573565114938916, 0.03745770928302475), 'epoch': 7}
2022-08-18 Thursday 03:56:14:INFO: {'type': 'metric', 'label': 'validation_confusion_matrix', 'accuracy': 0.6791338582677166, 'precision': [0.6091127098321343, 1.0], 'recall': [1.0, 0.35826771653543305], 'f1': [0.7570789865871828, 0.5275362318840575], 'confusion_matrix': [[254, 0], [163, 91]], 'epoch': None}
2022-08-18 Thursday 03:56:14:INFO: {'type': 'metric', 'label': 'validation_loss', 'epoch': 7, 'value': 1.7292073223534532, 'sum': 878.4373197555542, 'num_example': 508}
2022-08-18 Thursday 03:56:14:INFO: {'type': 'metric', 'label': 'validation_dist_target', 'value': (0.00992885756299017, 0.64232593446266), 'epoch': 7}
2022-08-18 Thursday 03:56:32:INFO: Epoch: 8
2022-08-18 Thursday 03:56:32:INFO: LR: 0.001
2022-08-18 Thursday 03:56:59:INFO: {'type': 'metric', 'label': 'training_confusion_matrix', 'accuracy': 0.9692711903129998, 'precision': [0.9739270881402861, 0.9647058823529412], 'recall': [0.9643591501028101, 0.9741832305231894], 'f1': [0.9691195040753066, 0.9694213936569279], 'confusion_matrix': [[8442, 312], [226, 8528]], 'epoch': None}
2022-08-18 Thursday 03:56:59:INFO: {'type': 'metric', 'label': 'training_loss', 'epoch': 8, 'value': 0.08519823954738327, 'sum': 1491.6507779955864, 'num_example': 17508}
2022-08-18 Thursday 03:56:59:INFO: {'type': 'metric', 'label': 'training_dist_target', 'value': (0.0469327373628015, 0.04659951081116885), 'epoch': 8}
2022-08-18 Thursday 03:57:00:INFO: {'type': 'metric', 'label': 'validation_confusion_matrix', 'accuracy': 0.6200787401574803, 'precision': [0.5688487584650113, 0.9692307692307692], 'recall': [0.9921259842519685, 0.24803149606299213], 'f1': [0.7230989956958387, 0.3949843260188084], 'confusion_matrix': [[252, 2], [191, 63]], 'epoch': None}
2022-08-18 Thursday 03:57:00:INFO: {'type': 'metric', 'label': 'validation_loss', 'epoch': 8, 'value': 2.2745418342079704, 'sum': 1155.467251777649, 'num_example': 508}
2022-08-18 Thursday 03:57:00:INFO: {'type': 'metric', 'label': 'validation_dist_target', 'value': (0.007490926561510469, 0.7466609233946312), 'epoch': 8}
2022-08-18 Thursday 03:57:37:INFO: Calculating recall rate: sun2011
2022-08-18 Thursday 04:01:30:INFO: RR calculation - 500 duplicate reports were processed
2022-08-18 Thursday 04:06:05:INFO: RR calculation - 1000 duplicate reports were processed
2022-08-18 Thursday 04:11:45:INFO: [] Throughput: 1.7215962160689495 bugs per second (bugs=1457 ,seconds=846.3076221942902)
2022-08-18 Thursday 04:11:45:INFO: {'type': 'metric', 'label': 'recall_rate', 'k': 1, 'rate': 0.11667810569663692, 'hit': 170, 'total': 1457, 'epoch': 0}
2022-08-18 Thursday 04:11:45:INFO: {'type': 'metric', 'label': 'recall_rate', 'k': 2, 'rate': 0.15991763898421413, 'hit': 233, 'total': 1457, 'epoch': 0}
2022-08-18 Thursday 04:11:45:INFO: {'type': 'metric', 'label': 'recall_rate', 'k': 3, 'rate': 0.18874399450926563, 'hit': 275, 'total': 1457, 'epoch': 0}
2022-08-18 Thursday 04:11:45:INFO: {'type': 'metric', 'label': 'recall_rate', 'k': 4, 'rate': 0.2182566918325326, 'hit': 318, 'total': 1457, 'epoch': 0}
2022-08-18 Thursday 04:11:45:INFO: {'type': 'metric', 'label': 'recall_rate', 'k': 5, 'rate': 0.23816060398078243, 'hit': 347, 'total': 1457, 'epoch': 0}
2022-08-18 Thursday 04:11:45:INFO: {'type': 'metric', 'label': 'recall_rate', 'k': 6, 'rate': 0.24433768016472204, 'hit': 356, 'total': 1457, 'epoch': 0}
2022-08-18 Thursday 04:11:45:INFO: {'type': 'metric', 'label': 'recall_rate', 'k': 7, 'rate': 0.2594371997254633, 'hit': 378, 'total': 1457, 'epoch': 0}
2022-08-18 Thursday 04:11:45:INFO: {'type': 'metric', 'label': 'recall_rate', 'k': 8, 'rate': 0.2704186684969115, 'hit': 394, 'total': 1457, 'epoch': 0}
2022-08-18 Thursday 04:11:45:INFO: {'type': 'metric', 'label': 'recall_rate', 'k': 9, 'rate': 0.2779684282772821, 'hit': 405, 'total': 1457, 'epoch': 0}
2022-08-18 Thursday 04:11:45:INFO: {'type': 'metric', 'label': 'recall_rate', 'k': 10, 'rate': 0.28894989704873025, 'hit': 421, 'total': 1457, 'epoch': 0}
2022-08-18 Thursday 04:11:45:INFO: {'type': 'metric', 'label': 'recall_rate', 'k': 11, 'rate': 0.2978723404255319, 'hit': 434, 'total': 1457, 'epoch': 0}
2022-08-18 Thursday 04:11:45:INFO: {'type': 'metric', 'label': 'recall_rate', 'k': 12, 'rate': 0.30542210020590255, 'hit': 445, 'total': 1457, 'epoch': 0}
2022-08-18 Thursday 04:11:45:INFO: {'type': 'metric', 'label': 'recall_rate', 'k': 13, 'rate': 0.31228551818805766, 'hit': 455, 'total': 1457, 'epoch': 0}
2022-08-18 Thursday 04:11:45:INFO: {'type': 'metric', 'label': 'recall_rate', 'k': 14, 'rate': 0.3157172271791352, 'hit': 460, 'total': 1457, 'epoch': 0}
2022-08-18 Thursday 04:11:45:INFO: {'type': 'metric', 'label': 'recall_rate', 'k': 15, 'rate': 0.3212079615648593, 'hit': 468, 'total': 1457, 'epoch': 0}
2022-08-18 Thursday 04:11:45:INFO: {'type': 'metric', 'label': 'recall_rate', 'k': 16, 'rate': 0.3266986959505834, 'hit': 476, 'total': 1457, 'epoch': 0}
2022-08-18 Thursday 04:11:45:INFO: {'type': 'metric', 'label': 'recall_rate', 'k': 17, 'rate': 0.32944406314344543, 'hit': 480, 'total': 1457, 'epoch': 0}
2022-08-18 Thursday 04:11:45:INFO: {'type': 'metric', 'label': 'recall_rate', 'k': 18, 'rate': 0.33493479752916955, 'hit': 488, 'total': 1457, 'epoch': 0}
2022-08-18 Thursday 04:11:45:INFO: {'type': 'metric', 'label': 'recall_rate', 'k': 19, 'rate': 0.3397391901166781, 'hit': 495, 'total': 1457, 'epoch': 0}
2022-08-18 Thursday 04:11:45:INFO: {'type': 'metric', 'label': 'recall_rate', 'k': 20, 'rate': 0.3472889498970487, 'hit': 506, 'total': 1457, 'epoch': 0}
2022-08-18 Thursday 04:11:45:INFO: {'type': 'metric', 'label': 'MAP', 'value': 0.17542168640246164, 'sum': 255.5893970883866, 'total': 1457, 'epoch': 0}
2022-08-18 Thursday 04:11:45:INFO: [1988, 129, 491, 1, 31, 1, 4, 2259, 6, 2, 556, 1494, 139, 962, 49, 20, 1517, 7, 7, 6501, 1157, 13, 5, 98, 4, 1, 98, 7, 2, 8, 12, 1, 1, 79, 6, 6, 9, 3, 1, 8, 618, 1158, 71, 45, 1, 1, 27, 10, 2168, 10, 5168, 115, 2, 2, 2, 1579, 2, 107, 5, 3, 47, 2, 1, 145, 75, 391, 24, 173, 379, 46, 2, 64, 5, 11, 2, 1, 445, 1511, 2, 1, 4, 11, 1, 1, 395, 2, 15070, 28, 1, 1, 400, 1, 3, 1116, 3239, 1019, 332, 348, 132, 21, 933, 242, 20445, 4319, 136, 490, 3437, 12, 4, 774, 1, 2157, 380, 33, 4092, 1196, 41, 143, 21, 670, 35688, 64, 51, 5859, 8, 2, 1, 241, 1, 1633, 12, 60, 871, 2, 3, 5, 31, 5, 7, 4408, 597, 52, 1, 2, 3, 35, 1, 30, 6813, 192, 268, 52, 14, 4, 18, 723, 1872, 3, 3490, 1, 25, 60, 7835, 24, 5207, 1669, 18251, 118, 14, 47, 2661, 5, 1, 7, 121, 105, 80, 15, 39, 5860, 1774, 98, 2337, 4, 2986, 4011, 2190, 45, 475, 4, 25, 21, 118, 56, 10, 283, 31937, 210, 7717, 19, 1, 1, 4, 80, 3, 1801, 6, 1, 148, 22806, 58, 546, 2, 685, 178, 13856, 163, 8, 1579, 862, 118, 38, 188, 213, 4, 1, 21, 50, 148, 24500, 7977, 22, 169, 1072, 220, 5, 47, 63, 309, 6, 116, 25, 286, 350, 2, 343, 2, 43, 1, 85, 4, 112, 852, 1, 7412, 20, 16, 40, 514, 9241, 2, 552, 3972, 31, 558, 17, 3, 20, 697, 10, 1, 25, 4181, 3391, 20, 1, 2962, 2808, 55, 103, 33274, 808, 13, 9585, 58, 144, 626, 11, 129, 449, 26, 246, 449, 17638, 4, 40, 1, 241, 4, 2137, 11, 54, 277, 2, 3514, 62, 9, 662, 305, 35840, 1, 1, 3, 307, 37, 102, 127, 273, 26, 1315, 1025, 161, 342, 3, 3, 3, 2419, 2, 29, 106, 8, 10, 27, 89, 16, 2, 479, 116, 799, 131, 286, 1012, 138, 524, 5373, 272, 331, 4, 108, 1, 9, 2, 99, 1733, 3687, 2, 97, 173, 5, 253, 124, 4893, 4, 22, 1092, 127, 5, 59, 10632, 142, 9137, 1899, 3087, 829, 33419, 791, 2, 770, 22, 21, 39, 1, 2, 15, 2, 57, 5, 2134, 33, 1332, 8599, 5, 20502, 2, 37, 1, 28419, 13, 403, 1, 3, 420, 5, 44, 1, 2, 384, 2, 1, 1, 1, 4131, 29, 1417, 495, 2, 19, 2, 72, 1516, 4837, 1812, 8, 93, 10, 8, 5924, 1, 2759, 1, 278, 71, 76, 1, 143, 10, 20, 29, 43, 5407, 16, 215, 121, 10, 57, 19363, 949, 11, 7, 29095, 485, 30349, 41, 270, 10507, 31, 358, 299, 52, 109, 2296, 871, 36, 3, 2, 11441, 295, 873, 14, 225, 1, 1, 2447, 125, 1, 1518, 1, 120, 15986, 169, 3, 45, 4875, 1, 2, 509, 606, 331, 31, 1, 68, 9750, 27836, 473, 172, 11, 379, 3, 28, 4563, 57, 1, 631, 44095, 405, 11660, 1762, 480, 86, 39, 2583, 2, 58, 18, 7495, 156, 23, 336, 257, 774, 19, 37028, 1, 9, 1, 8861, 904, 2142, 148, 53, 27, 1, 5, 2, 448, 1, 19, 5893, 1, 113, 4, 21011, 440, 77, 1687, 1, 1, 1810, 871, 18, 5, 369, 17718, 11, 1, 22860, 5860, 5, 1, 782, 1, 4, 1542, 16661, 97, 1, 26405, 1, 2, 2138, 4, 104, 13, 2658, 33, 12, 19552, 10, 2, 575, 55, 13, 775, 123, 338, 66, 1, 16, 1, 454, 274, 4, 1, 3, 28, 12, 2293, 103, 16, 773, 1510, 2363, 4005, 1815, 23146, 312, 2587, 55, 2315, 1, 6217, 10, 20, 185, 10, 515, 367, 34, 4, 28, 49, 1, 1, 1, 1058, 299, 1, 6, 18, 2117, 14, 1, 30, 292, 89, 7, 41, 255, 32, 926, 1, 116, 22954, 42, 95, 10772, 129, 281, 537, 21, 5, 230, 11, 26, 21, 18, 1, 99, 6145, 16166, 118, 1, 3, 1, 102, 1, 1, 16, 201, 1, 24, 316, 10989, 10, 546, 80, 10615, 5847, 4060, 2, 2900, 123, 649, 344, 22, 25, 2996, 3, 1, 53, 151, 2261, 1, 2, 756, 2, 751, 12004, 903, 121, 184, 83, 1112, 4, 354, 875, 65, 1017, 26, 176, 10927, 229, 297, 29, 9, 11455, 331, 8, 21, 6599, 3, 9, 3, 14587, 4, 1, 1, 20, 5, 10, 1, 1, 1, 386, 3, 15, 35, 41, 1, 260, 13, 7, 3567, 18, 298, 37, 13, 2, 136, 3701, 3866, 7, 576, 6321, 158, 1535, 528, 34, 17, 2, 49, 5, 1173, 2, 3, 33, 11, 1303, 8, 1, 218, 425, 6005, 1, 1418, 11, 1076, 31835, 724, 23, 23725, 6735, 31, 15800, 655, 11000, 333, 1, 7, 569, 51, 1, 190, 4, 143, 148, 135, 135, 8, 5, 1, 68, 532, 69, 1, 39, 302, 80, 6621, 27743, 54, 14, 167, 8305, 23, 140, 292, 43, 8, 308, 1, 83, 6953, 27, 1, 24, 44, 1371, 56, 1, 542, 154, 10, 1, 1, 7, 31, 562, 2, 15, 1, 2240, 43, 1, 15, 149, 4303, 2, 47, 5, 1806, 6, 10, 1, 3, 866, 3, 436, 9102, 262, 1, 5, 2149, 2604, 134, 5, 112, 368, 4, 452, 46, 13, 1, 203, 1, 211, 5940, 28, 2511, 1, 4, 279, 6545, 2, 1, 1961, 688, 4, 1486, 32277, 112, 163, 1170, 30, 6187, 2354, 45, 113, 47, 7, 33, 1, 4842, 13163, 122, 7, 10277, 3072, 1, 877, 592, 3384, 599, 2, 196, 4, 662, 1, 2485, 81, 10511, 19962, 55, 215, 1, 15, 53, 56, 2, 37, 49, 1, 11, 1, 536, 1, 544, 11352, 8132, 1011, 5, 521, 85, 143, 2286, 3, 22548, 3364, 51, 23, 28, 39, 1825, 1, 2086, 1, 17727, 6135, 44685, 101, 295, 4, 4583, 1141, 3197, 7148, 1, 6350, 1, 99, 20244, 364, 2, 11321, 9, 23, 3, 3, 2, 18, 185, 1, 48, 497, 6575, 1, 31, 2, 3, 88, 4, 3754, 44, 128, 18, 1, 1, 12, 122, 449, 20513, 126, 780, 2, 3, 10660, 23, 30295, 2403, 1327, 1, 1887, 1922, 2044, 1, 329, 46, 79, 7, 84, 1, 138, 399, 151, 3000, 823, 360, 473, 149, 8, 5, 4709, 392, 25939, 35268, 468, 1, 12, 3896, 1, 1, 5354, 3352, 1322, 92, 161, 467, 9, 414, 3, 58, 1, 446, 2646, 14167, 309, 4, 1, 2624, 1, 30588, 32923, 384, 323, 4541, 3, 6915, 4165, 47, 97, 4, 31, 1338, 1, 1, 548, 119, 72, 3, 1688, 1338, 34870, 7, 13127, 60, 24, 1409, 1113, 75, 157, 27, 2065, 2, 17, 1, 817, 1, 4, 49, 510, 4, 15, 52072, 7, 183, 92, 388, 85, 4, 1, 137, 29, 1808, 4418, 3, 563, 3, 21, 20, 1427, 272, 24770, 8, 724, 2902, 4, 1, 43, 194, 2361, 1, 13, 15, 15212, 6, 267, 19, 1311, 1663, 1, 1277, 66, 6, 53, 3, 1, 1, 1009, 240, 1, 156, 828, 46, 40, 1, 27497, 195, 144, 22034, 2, 6064, 1, 380, 135, 16, 1781, 1236, 46, 887, 3950, 298, 1, 653, 7, 941, 1, 12, 869, 25, 187, 571, 21, 22, 912, 79, 677, 1, 1, 7, 51, 5714, 35, 34, 3, 972, 1, 4, 11, 36510, 10, 9, 29, 1248, 20, 1, 42, 336, 19, 48, 781, 5, 389, 24, 235, 7, 35, 4, 94, 20322, 9212, 3594, 1, 232, 33, 41, 1721, 126, 3, 1, 7, 1, 1901, 78, 73, 1, 892, 4, 5, 3540, 7350, 100, 1, 37, 7898, 3298, 246, 28, 194, 20, 37, 97, 7, 168, 918, 6447, 70, 2, 102, 9, 201, 492, 1577, 1, 257, 4480, 87, 4713, 2, 17351, 20, 143, 1, 29, 209, 3351, 21, 232, 11777, 12, 313, 1098, 1265, 1, 1801, 352, 74, 11, 272, 3170, 5, 6514, 41, 2389, 37937, 12, 22, 4385, 47, 733, 53, 943, 206, 158, 8, 744, 95, 316, 68, 424, 191, 38, 1143, 409, 233, 29, 2, 153, 2, 325, 834, 9810, 711, 12, 4, 114, 382, 824, 451, 1, 9121, 56, 3617, 448, 189, 1110, 1, 41421, 67, 1831, 3605, 1217, 28, 24217, 156, 447, 47, 2, 1, 36, 22, 89, 17, 1940, 439, 38, 120, 5878, 16890, 4, 47, 9574, 1055, 233, 137, 47, 270, 43, 7, 38, 35, 2, 20080, 4, 2, 3639, 1, 32, 931, 1, 1, 381, 35697, 2, 98, 55, 5410, 4, 25, 3, 97, 292, 664, 5, 298, 1, 3, 9588, 13, 71, 89, 53, 215, 49, 5050, 30, 863, 23218, 16245, 28, 5, 33, 4191, 1, 10216, 6964, 1, 21, 78, 1, 654, 3906, 4, 114, 978, 6342, 16, 3015, 165, 2, 113, 4, 9, 461, 3, 27, 8, 486, 2569, 273, 1329, 80, 23, 1217, 2030, 96, 64, 193, 19, 60, 1, 3, 2459, 18586, 1, 3568, 8, 2794]
2022-08-18 Thursday 04:11:45:INFO: It completed at: 2022-08-18 04:11:45.168215
2022-08-18 Thursday 04:11:45:INFO: Completed after: 0:26:58.287574
