2022-09-04 Sunday 01:16:01:INFO: Number of bugs with empty description: 1100
2022-09-04 Sunday 01:16:02:WARNING: Recommendation list of 558725 is empty. Consider it as miss.
2022-09-04 Sunday 01:16:03:WARNING: Recommendation list of 558798 is empty. Consider it as miss.
2022-09-04 Sunday 01:16:04:WARNING: Recommendation list of 558922 is empty. Consider it as miss.
2022-09-04 Sunday 01:16:07:WARNING: Recommendation list of 559200 is empty. Consider it as miss.
2022-09-04 Sunday 01:16:08:WARNING: Recommendation list of 559271 is empty. Consider it as miss.
2022-09-04 Sunday 01:16:09:WARNING: Recommendation list of 559368 is empty. Consider it as miss.
2022-09-04 Sunday 01:16:09:WARNING: Recommendation list of 559480 is empty. Consider it as miss.
2022-09-04 Sunday 01:16:10:WARNING: Recommendation list of 559482 is empty. Consider it as miss.
2022-09-04 Sunday 01:16:17:WARNING: Recommendation list of 560134 is empty. Consider it as miss.
2022-09-04 Sunday 01:16:20:WARNING: Recommendation list of 560493 is empty. Consider it as miss.
2022-09-04 Sunday 01:16:22:WARNING: Recommendation list of 560794 is empty. Consider it as miss.
2022-09-04 Sunday 01:16:24:WARNING: Recommendation list of 560836 is empty. Consider it as miss.
2022-09-04 Sunday 01:16:27:WARNING: Recommendation list of 561268 is empty. Consider it as miss.
2022-09-04 Sunday 01:16:29:WARNING: Recommendation list of 561485 is empty. Consider it as miss.
2022-09-04 Sunday 01:16:29:WARNING: Recommendation list of 561518 is empty. Consider it as miss.
2022-09-04 Sunday 01:16:29:WARNING: Recommendation list of 561574 is empty. Consider it as miss.
2022-09-04 Sunday 01:16:32:WARNING: Recommendation list of 561755 is empty. Consider it as miss.
2022-09-04 Sunday 01:16:35:WARNING: Recommendation list of 562216 is empty. Consider it as miss.
2022-09-04 Sunday 01:16:37:WARNING: Recommendation list of 562403 is empty. Consider it as miss.
2022-09-04 Sunday 01:16:38:WARNING: Recommendation list of 562454 is empty. Consider it as miss.
2022-09-04 Sunday 01:16:39:WARNING: Recommendation list of 562576 is empty. Consider it as miss.
2022-09-04 Sunday 01:16:42:WARNING: Recommendation list of 562781 is empty. Consider it as miss.
2022-09-04 Sunday 01:16:44:WARNING: Recommendation list of 562966 is empty. Consider it as miss.
2022-09-04 Sunday 01:16:47:WARNING: Recommendation list of 563220 is empty. Consider it as miss.
2022-09-04 Sunday 01:16:48:WARNING: Recommendation list of 563278 is empty. Consider it as miss.
2022-09-04 Sunday 01:16:50:WARNING: Recommendation list of 563343 is empty. Consider it as miss.
2022-09-04 Sunday 01:16:52:WARNING: Recommendation list of 563443 is empty. Consider it as miss.
2022-09-04 Sunday 01:16:52:WARNING: Recommendation list of 563475 is empty. Consider it as miss.
2022-09-04 Sunday 01:16:53:WARNING: Recommendation list of 563481 is empty. Consider it as miss.
2022-09-04 Sunday 01:16:55:WARNING: Recommendation list of 563817 is empty. Consider it as miss.
2022-09-04 Sunday 01:16:59:WARNING: Recommendation list of 564310 is empty. Consider it as miss.
2022-09-04 Sunday 01:17:01:WARNING: Recommendation list of 564634 is empty. Consider it as miss.
2022-09-04 Sunday 01:17:03:WARNING: Recommendation list of 564824 is empty. Consider it as miss.
2022-09-04 Sunday 01:17:08:WARNING: Recommendation list of 565326 is empty. Consider it as miss.
2022-09-04 Sunday 01:17:11:WARNING: Recommendation list of 565756 is empty. Consider it as miss.
2022-09-04 Sunday 01:17:16:WARNING: Recommendation list of 566342 is empty. Consider it as miss.
2022-09-04 Sunday 01:17:18:WARNING: Recommendation list of 566635 is empty. Consider it as miss.
2022-09-04 Sunday 01:17:20:WARNING: Recommendation list of 566782 is empty. Consider it as miss.
2022-09-04 Sunday 01:17:20:WARNING: Recommendation list of 566907 is empty. Consider it as miss.
2022-09-04 Sunday 01:17:28:WARNING: Recommendation list of 567615 is empty. Consider it as miss.
2022-09-04 Sunday 01:17:30:WARNING: Recommendation list of 567967 is empty. Consider it as miss.
2022-09-04 Sunday 01:17:31:WARNING: Recommendation list of 568038 is empty. Consider it as miss.
2022-09-04 Sunday 01:17:32:WARNING: Recommendation list of 568294 is empty. Consider it as miss.
2022-09-04 Sunday 01:17:33:WARNING: Recommendation list of 568406 is empty. Consider it as miss.
2022-09-04 Sunday 01:17:34:WARNING: Recommendation list of 568472 is empty. Consider it as miss.
2022-09-04 Sunday 01:17:43:WARNING: Recommendation list of 569479 is empty. Consider it as miss.
2022-09-04 Sunday 01:17:44:INFO: RR calculation - 500 duplicate reports were processed
2022-09-04 Sunday 01:17:49:INFO: [Recall Rate] Throughput: 4.876183062980047 bugs per second (bugs=520 ,seconds=106.64078712463379)
2022-09-04 Sunday 01:17:49:INFO: {'type': 'metric', 'label': 'recall_rate', 'k': 1, 'rate': 0.3096153846153846, 'hit': 161, 'total': 520}
2022-09-04 Sunday 01:17:49:INFO: {'type': 'metric', 'label': 'recall_rate', 'k': 2, 'rate': 0.35384615384615387, 'hit': 184, 'total': 520}
2022-09-04 Sunday 01:17:49:INFO: {'type': 'metric', 'label': 'recall_rate', 'k': 3, 'rate': 0.40192307692307694, 'hit': 209, 'total': 520}
2022-09-04 Sunday 01:17:49:INFO: {'type': 'metric', 'label': 'recall_rate', 'k': 4, 'rate': 0.4326923076923077, 'hit': 225, 'total': 520}
2022-09-04 Sunday 01:17:49:INFO: {'type': 'metric', 'label': 'recall_rate', 'k': 5, 'rate': 0.43653846153846154, 'hit': 227, 'total': 520}
2022-09-04 Sunday 01:17:49:INFO: {'type': 'metric', 'label': 'recall_rate', 'k': 6, 'rate': 0.4576923076923077, 'hit': 238, 'total': 520}
2022-09-04 Sunday 01:17:49:INFO: {'type': 'metric', 'label': 'recall_rate', 'k': 7, 'rate': 0.4807692307692308, 'hit': 250, 'total': 520}
2022-09-04 Sunday 01:17:49:INFO: {'type': 'metric', 'label': 'recall_rate', 'k': 8, 'rate': 0.49615384615384617, 'hit': 258, 'total': 520}
2022-09-04 Sunday 01:17:49:INFO: {'type': 'metric', 'label': 'recall_rate', 'k': 9, 'rate': 0.5134615384615384, 'hit': 267, 'total': 520}
2022-09-04 Sunday 01:17:49:INFO: {'type': 'metric', 'label': 'recall_rate', 'k': 10, 'rate': 0.5173076923076924, 'hit': 269, 'total': 520}
2022-09-04 Sunday 01:17:49:INFO: {'type': 'metric', 'label': 'recall_rate', 'k': 11, 'rate': 0.5211538461538462, 'hit': 271, 'total': 520}
2022-09-04 Sunday 01:17:49:INFO: {'type': 'metric', 'label': 'recall_rate', 'k': 12, 'rate': 0.5288461538461539, 'hit': 275, 'total': 520}
2022-09-04 Sunday 01:17:49:INFO: {'type': 'metric', 'label': 'recall_rate', 'k': 13, 'rate': 0.5326923076923077, 'hit': 277, 'total': 520}
2022-09-04 Sunday 01:17:49:INFO: {'type': 'metric', 'label': 'recall_rate', 'k': 14, 'rate': 0.5365384615384615, 'hit': 279, 'total': 520}
2022-09-04 Sunday 01:17:49:INFO: {'type': 'metric', 'label': 'recall_rate', 'k': 15, 'rate': 0.5384615384615384, 'hit': 280, 'total': 520}
2022-09-04 Sunday 01:17:49:INFO: {'type': 'metric', 'label': 'recall_rate', 'k': 16, 'rate': 0.5423076923076923, 'hit': 282, 'total': 520}
2022-09-04 Sunday 01:17:49:INFO: {'type': 'metric', 'label': 'recall_rate', 'k': 17, 'rate': 0.5442307692307692, 'hit': 283, 'total': 520}
2022-09-04 Sunday 01:17:49:INFO: {'type': 'metric', 'label': 'recall_rate', 'k': 18, 'rate': 0.5442307692307692, 'hit': 283, 'total': 520}
2022-09-04 Sunday 01:17:49:INFO: {'type': 'metric', 'label': 'recall_rate', 'k': 19, 'rate': 0.5461538461538461, 'hit': 284, 'total': 520}
2022-09-04 Sunday 01:17:49:INFO: {'type': 'metric', 'label': 'recall_rate', 'k': 20, 'rate': 0.5461538461538461, 'hit': 284, 'total': 520}
2022-09-04 Sunday 01:17:49:INFO: {'type': 'metric', 'label': 'MAP', 'value': 0.372703947441421, 'sum': 193.80605266953893, 'total': 520}
2022-09-04 Sunday 01:17:49:INFO: [1, inf, 401, inf, 1, 267, 3, inf, 7, inf, 1, 1, 1, inf, inf, 44, inf, 13, 6, 2, 5, 3, 1, 6, 190, inf, 3, 1, inf, inf, 1, 62, inf, inf, 153, 1, inf, inf, 1, 1, 2, 2, 7, 24, 2, 28, 1, 1, 8, 138, 1, inf, 1, 6, inf, 154, 24, 2, 37, inf, 1, 1, 4, 8, inf, inf, 184, inf, 1, 1835, 1, 3, 1, 4, 6, 29, inf, 1, 1, 159, 3, inf, 669, 1, 29, 1, 21, 1, 3, inf, 25, 2, 26, 1, inf, 1, 96, inf, 15, 3, 3, inf, 186, 85, 3, inf, 94, inf, 3, 643, inf, 7, 10, 1, 1, 21, 1, 153, 1, 8, 1, inf, 1, 70, 99, inf, 634, 34, 4, 82, inf, 1, 10, inf, inf, 839, inf, inf, 254, 1, 9, 1, inf, 2, inf, 1, 1, inf, inf, 3, inf, 26, 2, 1, 1, 1, inf, 87, 1, 2, 1, 1780, 12, 1, inf, 82, 1, inf, 2, 1, 143, 1, 1, inf, 4, inf, 1, 99, 8, inf, 1, 29, 1, 7, inf, 6, 1, inf, 1, 110, 4, 3, 1, 8, 73, 394, 1, 1, 4, 37, inf, inf, inf, 67, 2, 2, 273, 1, 1, inf, 1, 1, 6, 66, 83, 1, 81, 1, 805, 1, 1, 1, inf, 1, inf, 466, inf, 142, 1, 258, 1, inf, 9, 14, 9, 70, 1, inf, 83, 1184, 1, 1, inf, 1, 3, 1, inf, 1, 21, inf, inf, inf, 1, 1, 3, 1, 1, 124, 4, 29, 1, inf, 1, inf, 24, 1, 9, 1, 132, 165, 1, 1, 1, inf, inf, inf, 22, inf, 1, 102, 2, 1, 26, inf, 1, 1, 1, 1, inf, 3, 1, 184, 16, 29, inf, 101, 4, 564, inf, 1, 1, inf, inf, 269, 2, inf, 55, 1, 1, 1, 1, 1, 1, 1, 280, 9, inf, inf, 1, 1, inf, 167, 1, 1, 39, 6, 499, 1, inf, inf, 1, 4, 584, 3, inf, 1, 7, 1, 1, 55, 1, inf, 2, 24, inf, 4, 9, 7, 78, 17, inf, 2, 1, 1135, 41, 1, 31, 3, 534, inf, inf, 1, 127, 1, 367, inf, 26, 1, 7, inf, 1, inf, 1, 7, 1, 6, 3, 258, inf, inf, 1, 1, 1, 1, 1, 73, 1, inf, 1, inf, inf, 4, 119, 122, 26, 755, 411, 12, 11, 1, 7, 19, 1, 1578, inf, 1, 7, 1, 51, inf, 114, 9, 3, 4, 3, 1, 14, 12, 11, 1678, 87, 1, 1, 1, 49, 13, inf, 1, 1, 2, 3, 1, inf, 2, 1, inf, inf, 234, inf, 108, 1, inf, inf, 148, 1, 21, 1, 1, inf, 4, inf, 6, 1, inf, 5, inf, 1, inf, 249, 1, inf, 68, 12, 1, 449, 8, inf, 3, inf, 1, 92, 1, 8, 8, 2, 1, inf, 1, 1, 7, 9, 6, inf, inf, 4, 1, 1, 30, 4, 3, 16, inf, 1, 70, 3, inf, 595, 4, 2, 9, 1, inf, 1, 2, 57, 2, 6, inf, 3, 7, 1, 2, 599, 1, inf, 144, 1, 1, 1, 169]
