2022-09-04 Sunday 08:36:39:INFO: created table eclipseOld
2022-09-04 Sunday 08:37:09:INFO: Number of bugs with empty description: 1867
2022-09-04 Sunday 08:37:13:WARNING: Recommendation list of 424905 is empty. Consider it as miss.
2022-09-04 Sunday 08:37:19:WARNING: Recommendation list of 425040 is empty. Consider it as miss.
2022-09-04 Sunday 08:37:25:WARNING: Recommendation list of 425429 is empty. Consider it as miss.
2022-09-04 Sunday 08:37:32:WARNING: Recommendation list of 425715 is empty. Consider it as miss.
2022-09-04 Sunday 08:37:34:WARNING: Recommendation list of 425740 is empty. Consider it as miss.
2022-09-04 Sunday 08:37:41:WARNING: Recommendation list of 426125 is empty. Consider it as miss.
2022-09-04 Sunday 08:37:44:WARNING: Recommendation list of 426265 is empty. Consider it as miss.
2022-09-04 Sunday 08:37:45:WARNING: Recommendation list of 426322 is empty. Consider it as miss.
2022-09-04 Sunday 08:37:46:WARNING: Recommendation list of 426328 is empty. Consider it as miss.
2022-09-04 Sunday 08:37:47:WARNING: Recommendation list of 426351 is empty. Consider it as miss.
2022-09-04 Sunday 08:37:48:WARNING: Recommendation list of 426391 is empty. Consider it as miss.
2022-09-04 Sunday 08:37:51:WARNING: Recommendation list of 426564 is empty. Consider it as miss.
2022-09-04 Sunday 08:37:52:WARNING: Recommendation list of 426598 is empty. Consider it as miss.
2022-09-04 Sunday 08:37:59:WARNING: Recommendation list of 426855 is empty. Consider it as miss.
2022-09-04 Sunday 08:38:02:WARNING: Recommendation list of 426957 is empty. Consider it as miss.
2022-09-04 Sunday 08:38:04:WARNING: Recommendation list of 427099 is empty. Consider it as miss.
2022-09-04 Sunday 08:38:05:WARNING: Recommendation list of 427102 is empty. Consider it as miss.
2022-09-04 Sunday 08:38:10:WARNING: Recommendation list of 427288 is empty. Consider it as miss.
2022-09-04 Sunday 08:38:10:WARNING: Recommendation list of 427292 is empty. Consider it as miss.
2022-09-04 Sunday 08:38:12:WARNING: Recommendation list of 427370 is empty. Consider it as miss.
2022-09-04 Sunday 08:38:17:WARNING: Recommendation list of 427475 is empty. Consider it as miss.
2022-09-04 Sunday 08:38:18:WARNING: Recommendation list of 427576 is empty. Consider it as miss.
2022-09-04 Sunday 08:38:19:WARNING: Recommendation list of 427589 is empty. Consider it as miss.
2022-09-04 Sunday 08:38:21:WARNING: Recommendation list of 427620 is empty. Consider it as miss.
2022-09-04 Sunday 08:38:23:WARNING: Recommendation list of 427732 is empty. Consider it as miss.
2022-09-04 Sunday 08:38:26:WARNING: Recommendation list of 427812 is empty. Consider it as miss.
2022-09-04 Sunday 08:38:28:WARNING: Recommendation list of 427898 is empty. Consider it as miss.
2022-09-04 Sunday 08:38:35:WARNING: Recommendation list of 428021 is empty. Consider it as miss.
2022-09-04 Sunday 08:38:41:WARNING: Recommendation list of 428218 is empty. Consider it as miss.
2022-09-04 Sunday 08:38:41:WARNING: Recommendation list of 428222 is empty. Consider it as miss.
2022-09-04 Sunday 08:38:45:WARNING: Recommendation list of 428292 is empty. Consider it as miss.
2022-09-04 Sunday 08:38:48:WARNING: Recommendation list of 428362 is empty. Consider it as miss.
2022-09-04 Sunday 08:39:02:WARNING: Recommendation list of 428767 is empty. Consider it as miss.
2022-09-04 Sunday 08:39:02:WARNING: Recommendation list of 428802 is empty. Consider it as miss.
2022-09-04 Sunday 08:39:06:WARNING: Recommendation list of 428943 is empty. Consider it as miss.
2022-09-04 Sunday 08:39:09:WARNING: Recommendation list of 429079 is empty. Consider it as miss.
2022-09-04 Sunday 08:39:20:WARNING: Recommendation list of 429394 is empty. Consider it as miss.
2022-09-04 Sunday 08:39:23:WARNING: Recommendation list of 429504 is empty. Consider it as miss.
2022-09-04 Sunday 08:39:34:WARNING: Recommendation list of 430095 is empty. Consider it as miss.
2022-09-04 Sunday 08:39:36:WARNING: Recommendation list of 430110 is empty. Consider it as miss.
2022-09-04 Sunday 08:39:40:WARNING: Recommendation list of 430246 is empty. Consider it as miss.
2022-09-04 Sunday 08:39:44:WARNING: Recommendation list of 430429 is empty. Consider it as miss.
2022-09-04 Sunday 08:39:46:WARNING: Recommendation list of 430524 is empty. Consider it as miss.
2022-09-04 Sunday 08:39:56:WARNING: Recommendation list of 430993 is empty. Consider it as miss.
2022-09-04 Sunday 08:39:58:WARNING: Recommendation list of 430999 is empty. Consider it as miss.
2022-09-04 Sunday 08:40:01:WARNING: Recommendation list of 431212 is empty. Consider it as miss.
2022-09-04 Sunday 08:40:03:WARNING: Recommendation list of 431256 is empty. Consider it as miss.
2022-09-04 Sunday 08:40:04:WARNING: Recommendation list of 431302 is empty. Consider it as miss.
2022-09-04 Sunday 08:40:09:WARNING: Recommendation list of 431593 is empty. Consider it as miss.
2022-09-04 Sunday 08:40:13:WARNING: Recommendation list of 431757 is empty. Consider it as miss.
2022-09-04 Sunday 08:40:13:WARNING: Recommendation list of 431865 is empty. Consider it as miss.
2022-09-04 Sunday 08:40:14:WARNING: Recommendation list of 431868 is empty. Consider it as miss.
2022-09-04 Sunday 08:40:19:WARNING: Recommendation list of 432008 is empty. Consider it as miss.
2022-09-04 Sunday 08:40:19:WARNING: Recommendation list of 432062 is empty. Consider it as miss.
2022-09-04 Sunday 08:40:24:WARNING: Recommendation list of 432128 is empty. Consider it as miss.
2022-09-04 Sunday 08:40:28:WARNING: Recommendation list of 432293 is empty. Consider it as miss.
2022-09-04 Sunday 08:40:30:WARNING: Recommendation list of 432339 is empty. Consider it as miss.
2022-09-04 Sunday 08:40:31:WARNING: Recommendation list of 432375 is empty. Consider it as miss.
2022-09-04 Sunday 08:40:33:WARNING: Recommendation list of 432476 is empty. Consider it as miss.
2022-09-04 Sunday 08:40:34:WARNING: Recommendation list of 432492 is empty. Consider it as miss.
2022-09-04 Sunday 08:40:35:WARNING: Recommendation list of 432500 is empty. Consider it as miss.
2022-09-04 Sunday 08:40:37:WARNING: Recommendation list of 432595 is empty. Consider it as miss.
2022-09-04 Sunday 08:40:40:WARNING: Recommendation list of 432704 is empty. Consider it as miss.
2022-09-04 Sunday 08:40:41:WARNING: Recommendation list of 432791 is empty. Consider it as miss.
2022-09-04 Sunday 08:40:47:WARNING: Recommendation list of 432971 is empty. Consider it as miss.
2022-09-04 Sunday 08:40:48:WARNING: Recommendation list of 433009 is empty. Consider it as miss.
2022-09-04 Sunday 08:40:48:WARNING: Recommendation list of 433022 is empty. Consider it as miss.
2022-09-04 Sunday 08:40:54:WARNING: Recommendation list of 433147 is empty. Consider it as miss.
2022-09-04 Sunday 08:41:01:WARNING: Recommendation list of 433466 is empty. Consider it as miss.
2022-09-04 Sunday 08:41:01:WARNING: Recommendation list of 433510 is empty. Consider it as miss.
2022-09-04 Sunday 08:41:02:WARNING: Recommendation list of 433530 is empty. Consider it as miss.
2022-09-04 Sunday 08:41:03:WARNING: Recommendation list of 433531 is empty. Consider it as miss.
2022-09-04 Sunday 08:41:07:INFO: RR calculation - 500 duplicate reports were processed
2022-09-04 Sunday 08:41:07:WARNING: Recommendation list of 433673 is empty. Consider it as miss.
2022-09-04 Sunday 08:41:14:WARNING: Recommendation list of 433974 is empty. Consider it as miss.
2022-09-04 Sunday 08:41:17:WARNING: Recommendation list of 434039 is empty. Consider it as miss.
2022-09-04 Sunday 08:41:19:WARNING: Recommendation list of 434149 is empty. Consider it as miss.
2022-09-04 Sunday 08:41:20:WARNING: Recommendation list of 434164 is empty. Consider it as miss.
2022-09-04 Sunday 08:41:23:WARNING: Recommendation list of 434260 is empty. Consider it as miss.
2022-09-04 Sunday 08:41:24:WARNING: Recommendation list of 434323 is empty. Consider it as miss.
2022-09-04 Sunday 08:41:25:WARNING: Recommendation list of 434360 is empty. Consider it as miss.
2022-09-04 Sunday 08:41:30:WARNING: Recommendation list of 434524 is empty. Consider it as miss.
2022-09-04 Sunday 08:41:52:WARNING: Recommendation list of 435250 is empty. Consider it as miss.
2022-09-04 Sunday 08:42:17:WARNING: Recommendation list of 436011 is empty. Consider it as miss.
2022-09-04 Sunday 08:42:22:WARNING: Recommendation list of 436115 is empty. Consider it as miss.
2022-09-04 Sunday 08:42:28:WARNING: Recommendation list of 436285 is empty. Consider it as miss.
2022-09-04 Sunday 08:42:28:WARNING: Recommendation list of 436318 is empty. Consider it as miss.
2022-09-04 Sunday 08:42:29:WARNING: Recommendation list of 436356 is empty. Consider it as miss.
2022-09-04 Sunday 08:42:31:WARNING: Recommendation list of 436426 is empty. Consider it as miss.
2022-09-04 Sunday 08:42:36:WARNING: Recommendation list of 436627 is empty. Consider it as miss.
2022-09-04 Sunday 08:42:58:WARNING: Recommendation list of 437442 is empty. Consider it as miss.
2022-09-04 Sunday 08:43:00:WARNING: Recommendation list of 437468 is empty. Consider it as miss.
2022-09-04 Sunday 08:43:10:WARNING: Recommendation list of 437888 is empty. Consider it as miss.
2022-09-04 Sunday 08:43:14:WARNING: Recommendation list of 438308 is empty. Consider it as miss.
2022-09-04 Sunday 08:43:15:WARNING: Recommendation list of 438313 is empty. Consider it as miss.
2022-09-04 Sunday 08:43:18:WARNING: Recommendation list of 438382 is empty. Consider it as miss.
2022-09-04 Sunday 08:43:20:WARNING: Recommendation list of 438419 is empty. Consider it as miss.
2022-09-04 Sunday 08:43:24:WARNING: Recommendation list of 438507 is empty. Consider it as miss.
2022-09-04 Sunday 08:43:28:WARNING: Recommendation list of 438594 is empty. Consider it as miss.
2022-09-04 Sunday 08:43:30:WARNING: Recommendation list of 438638 is empty. Consider it as miss.
2022-09-04 Sunday 08:43:31:WARNING: Recommendation list of 438656 is empty. Consider it as miss.
2022-09-04 Sunday 08:43:34:WARNING: Recommendation list of 438772 is empty. Consider it as miss.
2022-09-04 Sunday 08:43:36:WARNING: Recommendation list of 438836 is empty. Consider it as miss.
2022-09-04 Sunday 08:43:48:WARNING: Recommendation list of 439389 is empty. Consider it as miss.
2022-09-04 Sunday 08:44:01:WARNING: Recommendation list of 440058 is empty. Consider it as miss.
2022-09-04 Sunday 08:44:04:WARNING: Recommendation list of 440146 is empty. Consider it as miss.
2022-09-04 Sunday 08:44:08:WARNING: Recommendation list of 440325 is empty. Consider it as miss.
2022-09-04 Sunday 08:44:09:WARNING: Recommendation list of 440330 is empty. Consider it as miss.
2022-09-04 Sunday 08:44:21:WARNING: Recommendation list of 440747 is empty. Consider it as miss.
2022-09-04 Sunday 08:44:24:WARNING: Recommendation list of 440786 is empty. Consider it as miss.
2022-09-04 Sunday 08:44:30:WARNING: Recommendation list of 441017 is empty. Consider it as miss.
2022-09-04 Sunday 08:44:30:WARNING: Recommendation list of 441019 is empty. Consider it as miss.
2022-09-04 Sunday 08:44:32:WARNING: Recommendation list of 441130 is empty. Consider it as miss.
2022-09-04 Sunday 08:44:33:WARNING: Recommendation list of 441169 is empty. Consider it as miss.
2022-09-04 Sunday 08:44:33:WARNING: Recommendation list of 441189 is empty. Consider it as miss.
2022-09-04 Sunday 08:44:38:WARNING: Recommendation list of 441411 is empty. Consider it as miss.
2022-09-04 Sunday 08:44:39:WARNING: Recommendation list of 441515 is empty. Consider it as miss.
2022-09-04 Sunday 08:44:40:WARNING: Recommendation list of 441573 is empty. Consider it as miss.
2022-09-04 Sunday 08:44:46:WARNING: Recommendation list of 441862 is empty. Consider it as miss.
2022-09-04 Sunday 08:44:46:WARNING: Recommendation list of 441915 is empty. Consider it as miss.
2022-09-04 Sunday 08:44:52:WARNING: Recommendation list of 442127 is empty. Consider it as miss.
2022-09-04 Sunday 08:44:54:WARNING: Recommendation list of 442194 is empty. Consider it as miss.
2022-09-04 Sunday 08:44:57:WARNING: Recommendation list of 442314 is empty. Consider it as miss.
2022-09-04 Sunday 08:44:59:WARNING: Recommendation list of 442426 is empty. Consider it as miss.
2022-09-04 Sunday 08:45:00:WARNING: Recommendation list of 442444 is empty. Consider it as miss.
2022-09-04 Sunday 08:45:02:WARNING: Recommendation list of 442474 is empty. Consider it as miss.
2022-09-04 Sunday 08:45:02:WARNING: Recommendation list of 442489 is empty. Consider it as miss.
2022-09-04 Sunday 08:45:03:WARNING: Recommendation list of 442512 is empty. Consider it as miss.
2022-09-04 Sunday 08:45:04:INFO: RR calculation - 1000 duplicate reports were processed
2022-09-04 Sunday 08:45:10:WARNING: Recommendation list of 442787 is empty. Consider it as miss.
2022-09-04 Sunday 08:45:11:WARNING: Recommendation list of 442835 is empty. Consider it as miss.
2022-09-04 Sunday 08:45:12:WARNING: Recommendation list of 442866 is empty. Consider it as miss.
2022-09-04 Sunday 08:45:15:WARNING: Recommendation list of 442958 is empty. Consider it as miss.
2022-09-04 Sunday 08:45:17:WARNING: Recommendation list of 443095 is empty. Consider it as miss.
2022-09-04 Sunday 08:45:20:WARNING: Recommendation list of 443218 is empty. Consider it as miss.
2022-09-04 Sunday 08:45:21:WARNING: Recommendation list of 443322 is empty. Consider it as miss.
2022-09-04 Sunday 08:45:25:WARNING: Recommendation list of 443547 is empty. Consider it as miss.
2022-09-04 Sunday 08:45:26:WARNING: Recommendation list of 443557 is empty. Consider it as miss.
2022-09-04 Sunday 08:45:29:WARNING: Recommendation list of 443774 is empty. Consider it as miss.
2022-09-04 Sunday 08:45:31:WARNING: Recommendation list of 443888 is empty. Consider it as miss.
2022-09-04 Sunday 08:45:36:WARNING: Recommendation list of 443993 is empty. Consider it as miss.
2022-09-04 Sunday 08:45:40:WARNING: Recommendation list of 444119 is empty. Consider it as miss.
2022-09-04 Sunday 08:46:04:WARNING: Recommendation list of 444383 is empty. Consider it as miss.
2022-09-04 Sunday 08:46:09:WARNING: Recommendation list of 444472 is empty. Consider it as miss.
2022-09-04 Sunday 08:46:17:WARNING: Recommendation list of 444603 is empty. Consider it as miss.
2022-09-04 Sunday 08:46:18:WARNING: Recommendation list of 444604 is empty. Consider it as miss.
2022-09-04 Sunday 08:46:28:WARNING: Recommendation list of 444928 is empty. Consider it as miss.
2022-09-04 Sunday 08:46:39:WARNING: Recommendation list of 445180 is empty. Consider it as miss.
2022-09-04 Sunday 08:46:51:WARNING: Recommendation list of 445334 is empty. Consider it as miss.
2022-09-04 Sunday 08:47:14:WARNING: Recommendation list of 445731 is empty. Consider it as miss.
2022-09-04 Sunday 08:47:16:WARNING: Recommendation list of 445749 is empty. Consider it as miss.
2022-09-04 Sunday 08:47:18:WARNING: Recommendation list of 445770 is empty. Consider it as miss.
2022-09-04 Sunday 08:47:37:WARNING: Recommendation list of 445983 is empty. Consider it as miss.
2022-09-04 Sunday 08:47:50:WARNING: Recommendation list of 446186 is empty. Consider it as miss.
2022-09-04 Sunday 08:47:56:WARNING: Recommendation list of 446276 is empty. Consider it as miss.
2022-09-04 Sunday 08:48:37:WARNING: Recommendation list of 446682 is empty. Consider it as miss.
2022-09-04 Sunday 08:48:47:INFO: RR calculation - 1500 duplicate reports were processed
2022-09-04 Sunday 08:49:30:WARNING: Recommendation list of 447006 is empty. Consider it as miss.
2022-09-04 Sunday 08:50:12:WARNING: Recommendation list of 447297 is empty. Consider it as miss.
2022-09-04 Sunday 08:51:12:WARNING: Recommendation list of 447880 is empty. Consider it as miss.
2022-09-04 Sunday 08:51:25:WARNING: Recommendation list of 447965 is empty. Consider it as miss.
2022-09-04 Sunday 08:51:27:WARNING: Recommendation list of 448000 is empty. Consider it as miss.
2022-09-04 Sunday 08:51:35:WARNING: Recommendation list of 448094 is empty. Consider it as miss.
2022-09-04 Sunday 08:51:56:WARNING: Recommendation list of 448227 is empty. Consider it as miss.
2022-09-04 Sunday 08:52:37:INFO: RR calculation - 2000 duplicate reports were processed
2022-09-04 Sunday 08:53:14:WARNING: Recommendation list of 448752 is empty. Consider it as miss.
2022-09-04 Sunday 08:53:18:WARNING: Recommendation list of 448774 is empty. Consider it as miss.
2022-09-04 Sunday 08:53:22:WARNING: Recommendation list of 448856 is empty. Consider it as miss.
2022-09-04 Sunday 08:53:40:WARNING: Recommendation list of 449073 is empty. Consider it as miss.
2022-09-04 Sunday 08:54:25:WARNING: Recommendation list of 449433 is empty. Consider it as miss.
2022-09-04 Sunday 08:54:42:WARNING: Recommendation list of 449674 is empty. Consider it as miss.
2022-09-04 Sunday 08:54:56:WARNING: Recommendation list of 449780 is empty. Consider it as miss.
2022-09-04 Sunday 08:55:11:WARNING: Recommendation list of 449902 is empty. Consider it as miss.
2022-09-04 Sunday 08:55:12:WARNING: Recommendation list of 449925 is empty. Consider it as miss.
2022-09-04 Sunday 08:55:18:WARNING: Recommendation list of 450047 is empty. Consider it as miss.
2022-09-04 Sunday 08:55:28:WARNING: Recommendation list of 450125 is empty. Consider it as miss.
2022-09-04 Sunday 08:55:32:WARNING: Recommendation list of 450158 is empty. Consider it as miss.
2022-09-04 Sunday 08:55:33:WARNING: Recommendation list of 450169 is empty. Consider it as miss.
2022-09-04 Sunday 08:55:37:WARNING: Recommendation list of 450222 is empty. Consider it as miss.
2022-09-04 Sunday 08:55:43:WARNING: Recommendation list of 450281 is empty. Consider it as miss.
2022-09-04 Sunday 08:56:16:INFO: RR calculation - 2500 duplicate reports were processed
2022-09-04 Sunday 08:56:18:WARNING: Recommendation list of 450715 is empty. Consider it as miss.
2022-09-04 Sunday 08:56:37:WARNING: Recommendation list of 451129 is empty. Consider it as miss.
2022-09-04 Sunday 08:56:41:WARNING: Recommendation list of 451230 is empty. Consider it as miss.
2022-09-04 Sunday 08:56:42:WARNING: Recommendation list of 451235 is empty. Consider it as miss.
2022-09-04 Sunday 08:56:43:WARNING: Recommendation list of 451319 is empty. Consider it as miss.
2022-09-04 Sunday 08:57:15:WARNING: Recommendation list of 451575 is empty. Consider it as miss.
2022-09-04 Sunday 08:57:19:WARNING: Recommendation list of 451645 is empty. Consider it as miss.
2022-09-04 Sunday 08:57:22:WARNING: Recommendation list of 451693 is empty. Consider it as miss.
2022-09-04 Sunday 08:57:31:WARNING: Recommendation list of 451782 is empty. Consider it as miss.
2022-09-04 Sunday 08:57:37:WARNING: Recommendation list of 451831 is empty. Consider it as miss.
2022-09-04 Sunday 08:58:00:WARNING: Recommendation list of 452114 is empty. Consider it as miss.
2022-09-04 Sunday 08:58:06:WARNING: Recommendation list of 452239 is empty. Consider it as miss.
2022-09-04 Sunday 08:58:36:WARNING: Recommendation list of 452549 is empty. Consider it as miss.
2022-09-04 Sunday 08:58:46:WARNING: Recommendation list of 452769 is empty. Consider it as miss.
2022-09-04 Sunday 08:58:54:WARNING: Recommendation list of 453151 is empty. Consider it as miss.
2022-09-04 Sunday 08:58:57:WARNING: Recommendation list of 453417 is empty. Consider it as miss.
2022-09-04 Sunday 08:59:10:WARNING: Recommendation list of 453861 is empty. Consider it as miss.
2022-09-04 Sunday 08:59:11:WARNING: Recommendation list of 453926 is empty. Consider it as miss.
2022-09-04 Sunday 08:59:11:WARNING: Recommendation list of 453945 is empty. Consider it as miss.
2022-09-04 Sunday 08:59:12:WARNING: Recommendation list of 454015 is empty. Consider it as miss.
2022-09-04 Sunday 08:59:12:WARNING: Recommendation list of 454023 is empty. Consider it as miss.
2022-09-04 Sunday 08:59:13:WARNING: Recommendation list of 454092 is empty. Consider it as miss.
2022-09-04 Sunday 08:59:17:WARNING: Recommendation list of 454294 is empty. Consider it as miss.
2022-09-04 Sunday 08:59:18:WARNING: Recommendation list of 454321 is empty. Consider it as miss.
2022-09-04 Sunday 08:59:19:WARNING: Recommendation list of 454331 is empty. Consider it as miss.
2022-09-04 Sunday 08:59:20:WARNING: Recommendation list of 454407 is empty. Consider it as miss.
2022-09-04 Sunday 08:59:27:WARNING: Recommendation list of 454720 is empty. Consider it as miss.
2022-09-04 Sunday 08:59:30:WARNING: Recommendation list of 455024 is empty. Consider it as miss.
2022-09-04 Sunday 08:59:31:WARNING: Recommendation list of 455051 is empty. Consider it as miss.
2022-09-04 Sunday 08:59:33:WARNING: Recommendation list of 455303 is empty. Consider it as miss.
2022-09-04 Sunday 08:59:40:INFO: RR calculation - 3000 duplicate reports were processed
2022-09-04 Sunday 08:59:49:WARNING: Recommendation list of 456404 is empty. Consider it as miss.
2022-09-04 Sunday 08:59:51:INFO: [Recall Rate] Throughput: 2.22478794717893 bugs per second (bugs=3029 ,seconds=1361.478069782257)
2022-09-04 Sunday 08:59:51:INFO: {'type': 'metric', 'label': 'recall_rate', 'k': 1, 'rate': 0.45889732585011556, 'hit': 1390, 'total': 3029}
2022-09-04 Sunday 08:59:51:INFO: {'type': 'metric', 'label': 'recall_rate', 'k': 2, 'rate': 0.5173324529547706, 'hit': 1567, 'total': 3029}
2022-09-04 Sunday 08:59:51:INFO: {'type': 'metric', 'label': 'recall_rate', 'k': 3, 'rate': 0.54572466160449, 'hit': 1653, 'total': 3029}
2022-09-04 Sunday 08:59:51:INFO: {'type': 'metric', 'label': 'recall_rate', 'k': 4, 'rate': 0.5625619016176956, 'hit': 1704, 'total': 3029}
2022-09-04 Sunday 08:59:51:INFO: {'type': 'metric', 'label': 'recall_rate', 'k': 5, 'rate': 0.5744470122152525, 'hit': 1740, 'total': 3029}
2022-09-04 Sunday 08:59:51:INFO: {'type': 'metric', 'label': 'recall_rate', 'k': 6, 'rate': 0.5833608451634202, 'hit': 1767, 'total': 3029}
2022-09-04 Sunday 08:59:51:INFO: {'type': 'metric', 'label': 'recall_rate', 'k': 7, 'rate': 0.5902938263453285, 'hit': 1788, 'total': 3029}
2022-09-04 Sunday 08:59:51:INFO: {'type': 'metric', 'label': 'recall_rate', 'k': 8, 'rate': 0.5992076592934962, 'hit': 1815, 'total': 3029}
2022-09-04 Sunday 08:59:51:INFO: {'type': 'metric', 'label': 'recall_rate', 'k': 9, 'rate': 0.6054803565533179, 'hit': 1834, 'total': 3029}
2022-09-04 Sunday 08:59:51:INFO: {'type': 'metric', 'label': 'recall_rate', 'k': 10, 'rate': 0.6124133377352261, 'hit': 1855, 'total': 3029}
2022-09-04 Sunday 08:59:51:INFO: {'type': 'metric', 'label': 'recall_rate', 'k': 11, 'rate': 0.6176956091119181, 'hit': 1871, 'total': 3029}
2022-09-04 Sunday 08:59:51:INFO: {'type': 'metric', 'label': 'recall_rate', 'k': 12, 'rate': 0.6233080224496533, 'hit': 1888, 'total': 3029}
2022-09-04 Sunday 08:59:51:INFO: {'type': 'metric', 'label': 'recall_rate', 'k': 13, 'rate': 0.6266094420600858, 'hit': 1898, 'total': 3029}
2022-09-04 Sunday 08:59:51:INFO: {'type': 'metric', 'label': 'recall_rate', 'k': 14, 'rate': 0.632221855397821, 'hit': 1915, 'total': 3029}
2022-09-04 Sunday 08:59:51:INFO: {'type': 'metric', 'label': 'recall_rate', 'k': 15, 'rate': 0.6342027071640806, 'hit': 1921, 'total': 3029}
2022-09-04 Sunday 08:59:51:INFO: {'type': 'metric', 'label': 'recall_rate', 'k': 16, 'rate': 0.6351931330472103, 'hit': 1924, 'total': 3029}
2022-09-04 Sunday 08:59:51:INFO: {'type': 'metric', 'label': 'recall_rate', 'k': 17, 'rate': 0.6394849785407726, 'hit': 1937, 'total': 3029}
2022-09-04 Sunday 08:59:51:INFO: {'type': 'metric', 'label': 'recall_rate', 'k': 18, 'rate': 0.6417959722680753, 'hit': 1944, 'total': 3029}
2022-09-04 Sunday 08:59:51:INFO: {'type': 'metric', 'label': 'recall_rate', 'k': 19, 'rate': 0.645427533839551, 'hit': 1955, 'total': 3029}
2022-09-04 Sunday 08:59:51:INFO: {'type': 'metric', 'label': 'recall_rate', 'k': 20, 'rate': 0.6490590954110267, 'hit': 1966, 'total': 3029}
2022-09-04 Sunday 08:59:51:INFO: {'type': 'metric', 'label': 'MAP', 'value': 0.5139544633387654, 'sum': 1556.7680694531205, 'total': 3029}
2022-09-04 Sunday 08:59:51:INFO: [1, 5, 39, 33, 6376, 3, 8, inf, inf, 1483, 280, 8, 1, 1, 1, 188, 1244, inf, 176, 1, inf, 1584, 1, 58, inf, 47, 3, 1, 7, inf, 1, 1, 2, 10, 4, 4, 8, 1709, inf, 1, 284, 508, inf, inf, 99, inf, 352, inf, 3, inf, 765, inf, 1, 1, 19, 470, 1097, inf, inf, 22, 33, 2, 66, inf, 1, 31, 82, 86, inf, inf, 325, 3, inf, inf, 26, inf, inf, 580, inf, inf, inf, inf, 293, inf, 8, inf, 165, inf, 1134, 5613, inf, inf, 32, 8, 9, 1, 2, 4, inf, 3, 1, 4, inf, 2, 237, 3, 653, 81, inf, 1, 79, 22, 15, inf, inf, 21, 4, 5, 1, 124, 23, inf, 3, 118, 2, inf, inf, inf, 1, 2817, 5656, inf, 471, 18, 19, 1, 1, 926, 632, inf, 1, 30, inf, inf, 1158, 238, 144, inf, inf, 56, 147, 55, inf, 52, 22, 4, 1, inf, inf, 452, 78, 3, inf, 174, 17, inf, 183, 1, 1, 18, 6, 3915, 397, inf, 1, 1, 9, inf, 617, 1, 48, 118, 4, 19, inf, inf, 112, 1, 16, 317, inf, 1, 5, 391, inf, 5, inf, 956, 12, 1, 3, 1845, 266, 4331, 5, 1, 1, 2, 1, 110, inf, inf, 6, 6, 21, 153, 644, 258, 1213, 88, 1, 5, 43, inf, inf, 1, 5, 2, 13, 2104, 98, inf, inf, 34, 33, 1166, 1, inf, 11, 1, 1, 1, 8, 1, 54, 3, inf, 2, inf, inf, inf, 57, 1, 1, 1, 28, 865, 1, 42, 137, inf, 1, 15, 114, 157, 32, inf, 2, inf, inf, 2, inf, inf, 3, 640, 320, 752, 4, inf, 17, 366, 29, inf, 1, inf, 1625, 1, inf, inf, 1076, 385, 67, 1, 372, inf, 194, inf, 14, 120, 22, inf, 1, 243, 442, 217, inf, 527, 1, 17, 10, 932, 13, 4785, 2, inf, 652, 1282, 86, 1234, 47, inf, 1, 1, 131, 9, 1, inf, 139, inf, 1, 671, 118, 1107, 2, 103, inf, inf, 39, 8, 2, 39, 12, 1, inf, inf, 31, inf, inf, 431, 17, inf, 12, 3, 91, 5, 2, inf, 54, 1, 139, inf, 1, inf, 154, 20, 490, 35, 784, inf, 45, 4, 1, 3, inf, 1, inf, 1, 1, 42, 1198, 6, 21, inf, inf, inf, inf, 80, 617, 406, 810, 312, 1, 1, 32, inf, inf, 23, inf, 41, inf, 3, 3, inf, inf, inf, 1, 99, 635, 99, 27, 3, inf, 1, 1, 39, inf, inf, 1, inf, 1089, 12, inf, 4, 207, inf, inf, 1, 22, 1, 1365, inf, inf, 918, inf, 1, 1, inf, 224, 3366, 8, inf, 2, 1093, 495, 2, 141, inf, 5, inf, 1, 673, inf, inf, inf, 1, 1, inf, 1, inf, 1, 1, 1, 465, 2, inf, 451, inf, 1150, 51, inf, inf, 6, 19, inf, 3, 76, 4, 1375, 111, 3, 37, 12, 8, inf, inf, inf, 8, 1, inf, inf, 15, 11, inf, 7, 26, 1, 1140, 32, 2, inf, inf, 32, 1, 1, 4947, 1, 25, 1, 14, inf, 201, 2, inf, 4, inf, 17, 7, 687, 5, inf, 303, 1, 14, 31, inf, inf, 6, 264, 1733, 1198, inf, 345, inf, inf, 1, 81, inf, 1, 682, inf, 1, 801, inf, 1, 614, 1, inf, 2, 158, 404, inf, 282, 1, 9, 1, 1, inf, 2736, 2076, 3, 1928, inf, inf, 450, inf, 913, 2498, 4, 6, 53, 1, 6, inf, 4, inf, 34, 2, inf, 1, inf, 1, 4855, 19, 1025, 1, inf, 4, 3, 11, 1, 2035, 17, 1, 1, 37, inf, 3589, 5617, inf, inf, inf, 1, inf, 4, 456, 1835, 152, 19, 1578, 269, 1, 3, 410, 380, 535, 52, 93, inf, inf, 1069, 70, inf, 9, 1, inf, 37, inf, 1, 138, 2, 18, 2, 1, 4902, inf, 4888, 1, 9, inf, 1, 2, 17, 225, inf, inf, inf, 9, 96, 189, 1, 525, 189, 2753, inf, inf, 1, 2745, 2128, 239, 327, inf, 243, 120, 2, 1, inf, inf, 44, 1, inf, 48, inf, 24, 1412, 1, 11, 1, 1, 2, 1, 207, 283, inf, inf, 29, 1, 3, 56, 31, 67, 1, 12, 1, 1, 1, 1, 2, 12, 25, 6, 1569, 4, 182, 15, 25, 14, 146, 1358, 12, inf, 4850, 229, 7, inf, inf, inf, 37, 14, 8, inf, 254, 1977, 153, 14, inf, inf, inf, inf, 202, 219, inf, inf, 2, 1, 1, 188, inf, 27, 70, 2, 1, 4, 1, 144, 10, 631, 3152, 1, inf, inf, inf, inf, inf, 141, inf, 1, inf, 2179, 8, 447, 24, inf, 5, inf, 337, inf, 13, inf, 876, inf, 29, inf, 271, 1, inf, 1, 793, 7, 288, 12, 1, 45, 311, inf, inf, 1, 25, 96, inf, 1, 32, 90, inf, inf, 1, inf, inf, 2, 4, inf, 236, 41, 1, 1, 214, inf, 147, inf, 5, inf, 10, 8, 77, 290, 42, 1, 2, 915, 1, 13, 1, 11, 467, 404, 619, inf, 1, 2281, 61, 2, 1, 158, 1, 1, 7, 122, inf, 197, 31, 1, 1, inf, 1, 248, 1, 14, 89, inf, 90, inf, inf, inf, 483, 1, 634, 109, 105, inf, inf, 1, 1, 1, 12, 39, 35, inf, 14, inf, 2, 1, inf, inf, 1, 4, 3, 43, 14, inf, 1, 4081, inf, inf, 6, 25, 80, 28, 1, 318, 50, inf, 83, 879, 174, 259, 11, inf, 204, 18, 2, 221, 50, 17, 1, 217, 1, 1, 40, inf, 1, 7, 1, inf, inf, 1, 1, 409, 2944, inf, 188, 1, 1, 355, 1, 1, inf, inf, inf, 2, inf, 2, inf, inf, 2, 10, 1, 112, 7, 619, 3014, inf, 1, 132, 36, inf, inf, 5, 92, inf, 12, 4101, 9, 1, 100, 1, 1, 20, 42, inf, inf, inf, inf, inf, 189, 1, inf, 6, 239, 76, 1, 4997, inf, 2, 1, inf, 1, 763, 3, inf, 4, 20, 12, 1, 1, inf, inf, 39, 370, inf, 59, inf, 1, inf, 26, inf, inf, inf, inf, inf, 4, 3460, 581, 204, 159, 296, 2, inf, 1, 1, 25, 55, 6, 4, 1, inf, 5, inf, 2996, 1, inf, 1, 119, inf, 2358, 6, 1, 977, 1, 2, inf, inf, 5, 4000, 1, 50, 1, inf, 299, 2, 1, 4200, inf, 2, 1, inf, 76, 1, 423, 285, 8, 1213, 305, 119, inf, 422, inf, inf, 11, inf, inf, inf, 10, 3072, 1429, inf, 48, 27, 10, 14, inf, 597, inf, 2, 7, 1, inf, 1, 33, 5, 45, 2, 1, inf, 1, 1, 1, 119, 164, 1830, 1, inf, 9, 81, 258, 1, 1, 2, 1, 3, 1, 1, 1, 1, 1, 1, 2, 1, 1, 1, 2, 1, 1, 1, 1, 2, 1, 1, 1, 2, 1772, 2179, 1, 1, 1, 1, 1, 1, 1, 1, 9, 1, inf, 20, 371, 175, inf, inf, inf, 1, 1, 1, 1, 4, 1, 1, 1, 1, inf, 1, 1, 3, 461, 1, 1, 1, 1, 1, 1, 1, 1, inf, 1, 1, 1, 1, inf, inf, 1, 1, 1, 3, 1, 1, 66, 326, 1, 9, 1, 1, 1, 1, 1, 5757, 5, inf, 1, 636, 1, 1, inf, 1049, 2, 1, 6, 1, 1, 67, 1, 2, 1, 265, 1, 19, 1, 1, 1105, 2, 1, 82, inf, 1131, 1, 1504, 347, 2, inf, 152, inf, 100, 1, 35, 457, 1, 23, 1, 1, 1, 1, 1, 1, 42, 4, 1, 9, 20, 2, inf, 4, 1, 1, inf, 1, 1, 1, 1, 1, 1, 1, 1, 1, 1, inf, 1, 1, 399, 4, 1, 774, inf, 1, 126, 1, 1, 1, 1, 2, 1, inf, inf, 1, 2, 1, 1, 22, 1, inf, 56, 3, 6, 2, 1, 5, 1, inf, 8, 1, inf, 3, 1, 884, inf, 1, 1, inf, 1, 1, 10, 29, 1, inf, 1, 3, 1, 1, 1, 119, 1, 1, 7, 1, 18, 30, 1, 1, 1, 1, 1, 1, 1, 1, 1, 1, 1, 1, 1, 1, 1, 1, 1, 1, 2, 2, 1, 1, 1, 178, 1, 1, 1, 1, 1, 8, 6, inf, 1, 1, 1, 1, 8, 1, 1, 1, 1, 2, 4, 9, 1, 1, 5, 2, 1, 1, 2695, 1, 1, 1, 1, 4, 1464, 1698, inf, 1, 599, 11, 1, 1, 554, 14, 2, 179, 84, 13, 11, 448, 1, inf, 1, 29, 14, 1, 1, 1, 1, inf, 2, 2, 320, inf, 1, inf, 1, 1, 1, 1, 1, 1, 1, 1, 4, 1, 1, 1, 2, 1, 1, 1, 3, 1, 1, 1, 1, inf, 2, 117, 7, 1, 2, 1, 1, 10, 1, 1, 11, 13, 2, 3, 74, 1, 1, 1, 2, inf, 1, 1, 1, 1, 1, 2, 1, 1, 1, 1, 1, 1, 1, inf, 3, 1, 1, 1, 1, 1, 1, 10, 1, 1, 1, 1, 1, 1, 1, 282, 6, 40, 4, inf, 1, 2, inf, 6, 31, 11, 1, inf, inf, 23, 1, 1, 1, 251, 1, 1, 2, 1, 1, 1, 63, 1, 1, 10, 41, 1, 1, 1, 2, 1, 1, 15, 2, 30, 1, 72, 1, 1, 1, 1, 1, 1, 2, 3, 58, 1, 1, 1, 1, 1, 1, 1, 143, 1, 1, 1, 1, 1, 1, 1, 1, 1, 1, 1, 1, 1, 1, 1, 1, 1, 1, 1, 1, 1, 1, 1, 809, 1, 1, 1, 1, 17, 5, 1, 1, 1, 52, 43, 1, 19, 1, 1, 1, 1, 1, 1, 1, 1, 2, 1, 1, 1, 9, 1, 1, 9, 9, inf, 1, 1, 1, 1, 1, 1, 1, 1, 1, 2, 1, 440, 75, inf, 4, 1, 1, 5, 3, 1, 1, 1, 1, 1, 1, 2, 1, 1, 1, 2, 1, 1, 4, 135, 5, 1, 1, 1, 6, 1, 10, 1, 1, 4, 1, 1, 833, 1, 1, 1, 1, 1, 1, 1, 1, 1, 1, 1, 1, 1, 1, 2, 1, 1, 1, 1, 2, 1, 1, 1, 7, 1, 1, 1, 1, 1, 1, 1, 1, 1, 1, 1, 1, 1, 6, 1, 1, 3, 1, 1, 1, 1, 1, 1, 1, inf, 1, 1, 1, 1, inf, 1, inf, 1, 1, 1, inf, 1, 1, 3, 1, 2, 1, 1, 1, 1, 1, 1, 1, inf, 1, 1, 1, 1, 1, 1, 1, 1, 1, 1, 1, 72, 14, 1, 1, 1, 1, 1, 1, 1, 3, 1, 2, 1, 2, 1, 1, 1, inf, inf, 7, 2, 1, 18, 1, 1, 1, 1, 3022, 1, 1, 1, 1, 479, 1, 1, 1, 1, 1, 1, 595, 1, 1, 1, 1, 1, 1, 1, 1, 1, 14, 8, 28, 1, 1, 1, 1, 1, 1, 1, 1, 1, 1, 1, 1, 27, 2, 64, 1, 1, 1, 1, 2, inf, inf, 29, 1, inf, 16, inf, 1, inf, 520, 1, 19, 2, 465, 233, 1, 1, 1, 1, 265, 81, 1, 7, 1, 1, 29, 3, 2, 11, 1, 1, 1, inf, 1, 11, inf, 1, 1, inf, 1, 1, 1, 1, 1, 1, 2, 1, 1, 1, 2, 1, 1, 1, 1, inf, 1, 1, inf, 1, 1, 1, 381, 1, 6, 1, 1, 1, 1, 1, 1, 1, 1, 1, 1, 1, 1, 1, 1, inf, inf, 1, 1, 1, 1, 1, 1, 1, 1, 32, 1, 1, 5264, 1, 1, 2, 2, 1, 1, 2, 1, 1, 1, 1, 1, 1, 3, 4, 1, 1, 1, 1, 1, 262, 2, 1, 5, 1, 1, inf, inf, 5, 1, inf, 3, 2, 2, 2, 3, 2, 1, 12, 2, 3, 1, 1, 20, 1, 1, 13, 4, 1, 1, 85, 1, 1, 1, 1, 2, 1, 3, 7, 1, 1, 9, 1, 2, 2, 2, 1, 1, 1, 1, 1, inf, 1, 1, 2, 1, 1, 1, 1, 1, 1, 1, 1, 2, inf, 1, 1, 1, 1, 1, 1, 1, 1, 1, 1, inf, 42, 176, 32, 1, 1, 1, 1, 1, 1, 1, 1, 1, 1, 1, 2, 1, 1, 1, 1, 1, 1, 1, 1, 1, 1, 2, 3, 1, 1, 1, 14, 21, 1, 463, 1, 2, 1, 1, 1, 1, 1, 1, 1, 1, 1, 1, 1, 1, 1, 3, 1, 122, 1, 484, inf, 1, 2, 1, 1523, 1, 1, 30, 3, 1, 29, 1, 10, 2, 2, 1, 1, 1, 1, 1, 1, 8, 7, 1, 1, 1, 1, inf, 1, 1, 1, 1, 1, 1, 1, 2, 1, 3, 1, 1, 1, 1, 1, 1, 1, inf, 22, 14, 5, inf, 2, 1, 1, 1, inf, 1, 112, inf, 2, 1, 1, 39, inf, 20, inf, 1, 1, 141, 1, 487, 1, 2, 1, 1, 6, 1, inf, 1, 1, 1, 2, inf, 1, 3, 310, 1, 1, 1, 5455, inf, 1, 1, 4, 1, 1, 405, 1, 108, 2, 1, 1, 3, 1, 1, 82, inf, 1, 1, 2, 1, 1, 1, 1, 172, 1, 1, 3, 3, 1, 1, 1, 1, 4, 1, 3, 1, 1, 1, 1, 1, 1, 1, 1, 1, 1, 971, 1, 1, 1, 1, 1, 1, 1, 1, 1, 1, 1, 1, inf, 114, 66, 2, 1, 1, 1, 35, 1, 1, 1, 1, 2, 1, 1, 1, 1, 1, 1, 3, 1, 1, 1, 2, 2, 2, 5, 1, 1, 5, 2, 8, 1, inf, 1, 1, 17, 1399, 498, 1, 2, 131, 2, 1, 22, 67, 1, 178, 1, 1, 1, 1, 1, inf, inf, inf, 3, 28, 1, 1, 1, 1, 2, 1, 1, 2, 1, 10, 1, 1, 1, 1, 1, 2, 1, 1, 1, 1, 1, 1, 3721, 1, 19, 3, 4, 365, 2, 1, 1, 1, 1, 1, 1, 1, 1, 1, 1, 3, inf, 3, 1, 1, inf, 2, 1, 1, 1, 1, 1, 1, 1, 1, 1, 1, 1, 1, 1, 1, 1, 1, 1, 1, 1, 1, 1, 1, 10, 40, 8, 1, 1, 1, 1, 1, 1, 1, 1, 1, 1, 1, 1, 1, 1, 1, 1, inf, 271, 1, 1, 4567, inf, 5, 1, 4, 1, 1, 1, 1284, 1, 1, 2, 1, 1, 1, 1, 1, 1, 1, 1, 2, 1, 1, inf, 1, 1, 1, 1, 1, inf, 2, inf, 1, 1, 1, 150, 3, 3, 1, 1, 1, 1, 2, 1, 1, 8, inf, 1, 2, 1, 1, 1, 1, 1, 1, 1, 1, 1, 1, 1, 1, 1, 1, 1, inf, 1, 1, 1, 1, 1, 1, 1, 1, 1, 1, 759, inf, 1, inf, 293, 1, 1, 1, 1, 1, 1, 1, inf, 1, 10, 8, 2, 34, 2, 1, 2, 1, 1, 1, 1, 1, 1, inf, 91, 1, 1, 3, 1, 1, 1, 1, 1, 1, 1, 3, 5, 1, 1, 99, 1, 1, 380, 1, 1, 1, 2, 1, 1, 1, 317, 1, 1, 1, 1, 1, 1, 1, 1, 1, 7, 1, 1, 10, 1, 1, 1, 1, 1, 29, 1, 1, 1, inf, 1, 1, inf, 1, 1, 312, 261, 1, 64, 2, 2, 1, 58, 22, 1, 1, 1, 1, 1, 2, 2, inf, inf, 1, 1, 1, inf, inf, inf, 1, 1, 1, 31, inf, 1, 1, 1, 1, 5, 3, 4, 1, 1, 1, 4, 11, 26, 20, inf, inf, 1, 1887, 1, 12, 1, 1, 1, 3, 12, 6, 1, 1, 2, 40, 1, 1, 2, 7, 2, 32, 1, 728, 21, 356, 3, 1, 20, 2, inf, 1, 1, 1, 1, 2, 3, 1, 1, 20, 2, 178, 1, inf, inf, 1, 1, 2, inf, 5, 1, 169, 3, 1, 1, 3, 619, 1, 8, 1, 1, 1, 29, 119, 919, 6, 3, 1, 166, 2, 1, 1, 1, 1, 1, 1, 1, 1, 1, 1, 1, 1, 1, 1, 1, 1, 1, 1, 1, 1, 1, 4, 28, 1, 1, 1, 1, 1, 1, 3, 1, 58, 1, 1, 123, 1, 35, 1, 1, 1, 1, 1, 2, 2, 1, 3, 1, 1, 1, 269, 1, 1, inf, 1, 1, 1, 1, 1, 12, 1, 1, 1, 1, inf, 2, 1, 1, 1, 1, 77, 8, inf, 46, 1, 1, 1, 1, 1, 3, 2, 1, 1, 1, 159, 2, 131, 4, 1, 164, 2, 1, 91, inf, 1, inf, 1, 1, 2, 1, 1, 1, 1, 1, 1, 1, 1, 1, 1, 1, 1, 1, inf, 1, inf, 1, 1, inf, 10, 3, 1, 1, 1, 1, 1, 1, 5, 2, 1, 1, 40, 1, 1, 9, 1, 1, 1, 1, 1, 1, 1, 34, 12, 3, 1, 1, 1, 1, 1, 1, 1, 1, 362, 30, 3, 1, 27, 2, 1, 17, 1, 1, 1, 1, 1, 1, 1, 88, 3, 1, 1, 1, 1, 3, inf, 1, 1, 1, 93, 5, 1, 10, 7, 2, 1, 169, 1, 4, inf, 1, 1, 1, 43, 1, 1, 2, 24, 1, 501, 1, 4, 4153, 35, 126, 1, 2, 1, 35, 174, 361, 17, 1, 2, 1, 1, 1, 2, 1, 30, 1, 1, 1, 1, 1, 1, 1, 1, 1, 3, 1, 1, 1, 1, 1, 1, 4, 4, 1, 8, 2, 3, 1, 1, 2, 1, 1, 1, 1, 1, 1, inf, 1, 1, 4, 1, 51, 1, 3, inf, 1, inf, 1, 35, 2, 1, 6, 1, 1, 1, 1, 1, inf, 2, 2, 13, 2, 1, 1, 2, 53, 1, 2, 10, 1, 22, inf, 1, 913, 1, inf, 344, 15, 1, 7, 2, 1, 441, 117, 901, 3134, 3, 1, inf, 329, 13, 1, 3, 1, 1, inf, inf, inf, inf, 174, 38, inf, 145, 1, 1455, inf, 1, 416, 14, 98, inf, 16, 276, 1192, 1, 6, 9, 87, inf, 28, inf, 22, 10, 2, inf, 114, inf, inf, inf, inf, 19, 46, inf, 1946, inf, 988, 11, 1, 558, 1, inf, inf, 11, inf, inf, 1, inf, 210, inf, 5, 396, inf, 2019, 305, inf, 5, 1, inf, 733, 4, 27, inf, 85, inf, 3, 1, 13, 437, inf, 4, inf, 1, inf, 17, 1126, inf, 1, inf, 45, 3, 451, 3, 1, 7, inf, 1, 6, 5, 43, 18, 3, 154, 185, 8, 1, 1, 1, 1, 1, 1, 1, 1, 1, 1, 1, 1, 1, 1, 1, 1, 1, 1, 212, 87, 88, 2008, inf, 1, 20, 167]
