2022-08-17 Wednesday 16:47:04:INFO: {'bug_database': 'dataset/eclipse-old/eclipse-old_soft_clean.json', 'database_name': 'eclipse-old', 'epochs': 8, 'lr': 0.001, 'l2': 0.0, 'dropout': None, 'batch_size': 128, 'ranking_batch_size': 256, 'cuda': True, 'cache_folder': 'scratch/temp/', 'pairs_training': 'dataset/eclipse-old/training_split_eclipse-old_pairs_random_1.txt', 'pairs_validation': 'dataset/eclipse-old/validation_eclipse-old_pairs_random_1.txt', 'neg_pair_generator': {'type': 'non_negative', 'training': 'dataset/eclipse-old/training_eclipse-old.txt', 'rate': 1, 'pre_list_file': None, 'k': 0, 'n_tries': 15, 'preselected_length': None, 'random_anchor': True}, 'sum_desc': None, 'summary': {'word_embedding': 'word_embedding/eclipse-old/glove_42B_300d_eclipse-old.txt', 'lexicon': None, 'encoder_type': 'rnn', 'tokenizer': 'white_space', 'filters': ['TransformLowerCaseFilter'], 'rnn_type': 'lstm', 'hidden_size': 300, 'nfilters': 100, 'bidirectional': True, 'num_layers': 1, 'dropout': 0.15, 'update_embedding': False, 'fixed_opt': 'mean+max', 'activation': 'relu', 'batch_normalization': False, 'hidden_sizes': None, 'hidden_act': None, 'hidden_dropout': 0.0, 'bn_last_layer': False, 'self_att_hidden': 100, 'n_hops': 20, 'standardization': False}, 'description': {'word_embedding': 'word_embedding/eclipse-old/glove_42B_300d_eclipse-old.txt', 'lexicon': None, 'encoder_type': 'rnn', 'tokenizer': 'white_space', 'filters': ['TransformLowerCaseFilter'], 'rnn_type': 'lstm', 'hidden_size': 300, 'nfilters': 100, 'bidirectional': True, 'num_layers': 1, 'dropout': 0.15, 'update_embedding': False, 'fixed_opt': 'mean+max', 'activation': 'relu', 'batch_normalization': True, 'hidden_sizes': None, 'hidden_act': None, 'hidden_dropout': 0.0, 'bn_last_layer': False, 'window_sizes': [3], 'self_att_hidden': 100, 'n_hops': 20, 'standardization': False}, 'categorical': {'lexicons': 'dataset/eclipse-old/categorical_lexicons.json', 'bn_last_layer': True, 'emb_size': 20, 'hidden_sizes': [40], 'dropout': 0.0, 'activation': 'relu', 'batch_normalization': True}, 'classifier': {'type': 'binary', 'without_embedding': False, 'batch_normalization': True, 'dropout': 0, 'hidden_sizes': [300, 50], 'margin': 0, 'loss': None}, 'recall_estimation_train': None, 'recall_estimation': None, 'rr_val_epoch': 100, 'rr_train_epoch': 100, 'random_switch': False, 'ranking_result_file': None, 'optimizer': 'adam', 'momentum': 0.9, 'lr_scheduler': None, 'save': None, 'load': None, 'pair_test_dataset': None, 'recall_rate': {'type': 'sun2011', 'dataset': 'dataset/eclipse-old/test_eclipse-old.txt', 'result_file': None, 'group_by_master': True, 'window': 365}, 'seed': 810260260}
2022-08-17 Wednesday 16:47:04:INFO: It started at: 2022-08-17 16:47:04.198675
2022-08-17 Wednesday 16:47:06:INFO: Turning CUDA on
2022-08-17 Wednesday 16:47:06:INFO: Using Summary information.
2022-08-17 Wednesday 16:51:21:INFO: Lexicon size: 1934888
2022-08-17 Wednesday 16:51:21:INFO: Word Embedding size: 300
2022-08-17 Wednesday 16:51:21:INFO: Use white space tokenizer to tokenize summary information
2022-08-17 Wednesday 16:51:26:INFO: Using Description information.
2022-08-17 Wednesday 16:56:02:INFO: Lexicon size: 1934888
2022-08-17 Wednesday 16:56:02:INFO: Word Embedding size: 300
2022-08-17 Wednesday 16:56:02:INFO: Use white space tokenizer to tokenize summary information
2022-08-17 Wednesday 16:56:06:INFO: Using Categorical Information.
2022-08-17 Wednesday 16:56:06:INFO: Using NLLLoss
2022-08-17 Wednesday 16:56:10:INFO: Non Negative Pair Generator
2022-08-17 Wednesday 16:56:10:INFO: Using the following dataset to generate negative examples: Database: eclipse-old; Order by Date; Master report is the newest oneWe keep nested master reports; Database: eclipse-old; Order by Date; Master report is the newest oneWe keep nested master reports;. Number of bugs in the training: 49355
2022-08-17 Wednesday 16:56:12:INFO: Training size: 8668
2022-08-17 Wednesday 16:56:12:INFO: Validation size: 296
2022-08-17 Wednesday 16:56:12:INFO: Adam
2022-08-17 Wednesday 16:56:12:INFO: Scheduler: Constant
2022-08-17 Wednesday 16:56:12:INFO: Epoch: 1
2022-08-17 Wednesday 16:56:12:INFO: LR: 0.001
2022-08-17 Wednesday 16:56:25:INFO: {'type': 'metric', 'label': 'training_confusion_matrix', 'accuracy': 0.90793724042455, 'precision': [0.9154135338345865, 0.900725294650952], 'recall': [0.8989386248269498, 0.9169358560221504], 'f1': [0.9071012805587887, 0.9087582895037726], 'confusion_matrix': [[3896, 438], [360, 3974]], 'epoch': None}
2022-08-17 Wednesday 16:56:25:INFO: {'type': 'metric', 'label': 'training_loss', 'epoch': 1, 'value': 0.2467819603772883, 'sum': 2139.106032550335, 'num_example': 8668}
2022-08-17 Wednesday 16:56:25:INFO: {'type': 'metric', 'label': 'training_dist_target', 'value': (0.17986019415738783, 0.16137440076994355), 'epoch': 1}
2022-08-17 Wednesday 16:56:25:INFO: {'type': 'metric', 'label': 'validation_confusion_matrix', 'accuracy': 0.9222972972972973, 'precision': [0.9032258064516129, 0.9432624113475178], 'recall': [0.9459459459459459, 0.8986486486486487], 'f1': [0.9240924092409235, 0.9204152249134944], 'confusion_matrix': [[140, 8], [15, 133]], 'epoch': None}
2022-08-17 Wednesday 16:56:25:INFO: {'type': 'metric', 'label': 'validation_loss', 'epoch': 1, 'value': 0.24453401827328913, 'sum': 72.38206940889359, 'num_example': 296}
2022-08-17 Wednesday 16:56:25:INFO: {'type': 'metric', 'label': 'validation_dist_target', 'value': (0.07812275838207554, 0.13977263183207125), 'epoch': 1}
2022-08-17 Wednesday 16:56:27:INFO: Epoch: 2
2022-08-17 Wednesday 16:56:27:INFO: LR: 0.001
2022-08-17 Wednesday 16:56:40:INFO: {'type': 'metric', 'label': 'training_confusion_matrix', 'accuracy': 0.9696585140747578, 'precision': [0.9699838374509351, 0.9693336407655061], 'recall': [0.96931241347485, 0.9700046146746655], 'f1': [0.9696480092325441, 0.9696690116480217], 'confusion_matrix': [[4201, 133], [130, 4204]], 'epoch': None}
2022-08-17 Wednesday 16:56:40:INFO: {'type': 'metric', 'label': 'training_loss', 'epoch': 2, 'value': 0.09526777621074982, 'sum': 825.7810841947794, 'num_example': 8668}
2022-08-17 Wednesday 16:56:40:INFO: {'type': 'metric', 'label': 'training_dist_target', 'value': (0.05797644682232003, 0.06440556472933232), 'epoch': 2}
2022-08-17 Wednesday 16:56:40:INFO: {'type': 'metric', 'label': 'validation_confusion_matrix', 'accuracy': 0.9324324324324325, 'precision': [0.9, 0.9705882352941176], 'recall': [0.972972972972973, 0.8918918918918919], 'f1': [0.9350649350649345, 0.9295774647887319], 'confusion_matrix': [[144, 4], [16, 132]], 'epoch': None}
2022-08-17 Wednesday 16:56:40:INFO: {'type': 'metric', 'label': 'validation_loss', 'epoch': 2, 'value': 0.24641736778053078, 'sum': 72.93954086303711, 'num_example': 296}
2022-08-17 Wednesday 16:56:40:INFO: {'type': 'metric', 'label': 'validation_dist_target', 'value': (0.0318113662101127, 0.14965869123871262), 'epoch': 2}
2022-08-17 Wednesday 16:56:42:INFO: Epoch: 3
2022-08-17 Wednesday 16:56:42:INFO: LR: 0.001
2022-08-17 Wednesday 16:56:55:INFO: {'type': 'metric', 'label': 'training_confusion_matrix', 'accuracy': 0.9783110290724504, 'precision': [0.9847988774555659, 0.9719945355191257], 'recall': [0.971619750807568, 0.9850023073373327], 'f1': [0.9781649245063874, 0.978455191382076], 'confusion_matrix': [[4211, 123], [65, 4269]], 'epoch': None}
2022-08-17 Wednesday 16:56:55:INFO: {'type': 'metric', 'label': 'training_loss', 'epoch': 3, 'value': 0.06796195785062457, 'sum': 589.0942506492138, 'num_example': 8668}
2022-08-17 Wednesday 16:56:55:INFO: {'type': 'metric', 'label': 'training_dist_target', 'value': (0.04205549818802716, 0.036347118868605574), 'epoch': 3}
2022-08-17 Wednesday 16:56:55:INFO: {'type': 'metric', 'label': 'validation_confusion_matrix', 'accuracy': 0.9391891891891891, 'precision': [0.922077922077922, 0.9577464788732394], 'recall': [0.9594594594594594, 0.918918918918919], 'f1': [0.940397350993377, 0.9379310344827582], 'confusion_matrix': [[142, 6], [12, 136]], 'epoch': None}
2022-08-17 Wednesday 16:56:55:INFO: {'type': 'metric', 'label': 'validation_loss', 'epoch': 3, 'value': 0.19396114913192955, 'sum': 57.41250014305115, 'num_example': 296}
2022-08-17 Wednesday 16:56:55:INFO: {'type': 'metric', 'label': 'validation_dist_target', 'value': (0.05942326401536529, 0.08983599011962479), 'epoch': 3}
2022-08-17 Wednesday 16:56:57:INFO: Epoch: 4
2022-08-17 Wednesday 16:56:57:INFO: LR: 0.001
2022-08-17 Wednesday 16:57:10:INFO: {'type': 'metric', 'label': 'training_confusion_matrix', 'accuracy': 0.9802722658052607, 'precision': [0.985991127714219, 0.9746864310148232], 'recall': [0.9743885556068297, 0.9861559760036918], 'f1': [0.9801555065568058, 0.9803876591352214], 'confusion_matrix': [[4223, 111], [60, 4274]], 'epoch': None}
2022-08-17 Wednesday 16:57:10:INFO: {'type': 'metric', 'label': 'training_loss', 'epoch': 4, 'value': 0.05841090958728788, 'sum': 506.30576430261135, 'num_example': 8668}
2022-08-17 Wednesday 16:57:10:INFO: {'type': 'metric', 'label': 'training_dist_target', 'value': (0.0335709830212274, 0.0325216716013584), 'epoch': 4}
2022-08-17 Wednesday 16:57:11:INFO: {'type': 'metric', 'label': 'validation_confusion_matrix', 'accuracy': 0.9324324324324325, 'precision': [0.9, 0.9705882352941176], 'recall': [0.972972972972973, 0.8918918918918919], 'f1': [0.9350649350649345, 0.9295774647887319], 'confusion_matrix': [[144, 4], [16, 132]], 'epoch': None}
2022-08-17 Wednesday 16:57:11:INFO: {'type': 'metric', 'label': 'validation_loss', 'epoch': 4, 'value': 0.22517215148419947, 'sum': 66.65095683932304, 'num_example': 296}
2022-08-17 Wednesday 16:57:11:INFO: {'type': 'metric', 'label': 'validation_dist_target', 'value': (0.027379592326847283, 0.13142004689654788), 'epoch': 4}
2022-08-17 Wednesday 16:57:13:INFO: Epoch: 5
2022-08-17 Wednesday 16:57:13:INFO: LR: 0.001
2022-08-17 Wednesday 16:57:26:INFO: {'type': 'metric', 'label': 'training_confusion_matrix', 'accuracy': 0.9828103368712505, 'precision': [0.9887876664330764, 0.9769774333257352], 'recall': [0.9766958929395477, 0.9889247808029534], 'f1': [0.9827045850261167, 0.9829148033482393], 'confusion_matrix': [[4233, 101], [48, 4286]], 'epoch': None}
2022-08-17 Wednesday 16:57:26:INFO: {'type': 'metric', 'label': 'training_loss', 'epoch': 5, 'value': 0.05111442687850313, 'sum': 443.05985218286514, 'num_example': 8668}
2022-08-17 Wednesday 16:57:26:INFO: {'type': 'metric', 'label': 'training_dist_target', 'value': (0.028821600309689582, 0.026451601306028943), 'epoch': 5}
2022-08-17 Wednesday 16:57:26:INFO: {'type': 'metric', 'label': 'validation_confusion_matrix', 'accuracy': 0.9087837837837838, 'precision': [0.8497109826589595, 0.991869918699187], 'recall': [0.9932432432432432, 0.8243243243243243], 'f1': [0.9158878504672892, 0.9003690036900364], 'confusion_matrix': [[147, 1], [26, 122]], 'epoch': None}
2022-08-17 Wednesday 16:57:26:INFO: {'type': 'metric', 'label': 'validation_loss', 'epoch': 5, 'value': 0.2936249431726095, 'sum': 86.91298317909241, 'num_example': 296}
2022-08-17 Wednesday 16:57:26:INFO: {'type': 'metric', 'label': 'validation_dist_target', 'value': (0.015601079407575968, 0.1883324416908058), 'epoch': 5}
2022-08-17 Wednesday 16:57:29:INFO: Epoch: 6
2022-08-17 Wednesday 16:57:29:INFO: LR: 0.001
2022-08-17 Wednesday 16:57:42:INFO: {'type': 'metric', 'label': 'training_confusion_matrix', 'accuracy': 0.9837332718043378, 'precision': [0.9863140802598005, 0.9811797108101905], 'recall': [0.981079833871712, 0.9863867097369635], 'f1': [0.9836899942163093, 0.9837763203313767], 'confusion_matrix': [[4252, 82], [59, 4275]], 'epoch': None}
2022-08-17 Wednesday 16:57:42:INFO: {'type': 'metric', 'label': 'training_loss', 'epoch': 6, 'value': 0.048369186142580706, 'sum': 419.2641054838896, 'num_example': 8668}
2022-08-17 Wednesday 16:57:42:INFO: {'type': 'metric', 'label': 'training_dist_target', 'value': (0.024710334601919938, 0.02697625757639013), 'epoch': 6}
2022-08-17 Wednesday 16:57:42:INFO: {'type': 'metric', 'label': 'validation_confusion_matrix', 'accuracy': 0.9391891891891891, 'precision': [0.90625, 0.9779411764705882], 'recall': [0.9797297297297297, 0.8986486486486487], 'f1': [0.9415584415584409, 0.9366197183098586], 'confusion_matrix': [[145, 3], [15, 133]], 'epoch': None}
2022-08-17 Wednesday 16:57:42:INFO: {'type': 'metric', 'label': 'validation_loss', 'epoch': 6, 'value': 0.21394022977029956, 'sum': 63.32630801200867, 'num_example': 296}
2022-08-17 Wednesday 16:57:42:INFO: {'type': 'metric', 'label': 'validation_dist_target', 'value': (0.023548638775340608, 0.11463526132944468), 'epoch': 6}
2022-08-17 Wednesday 16:57:46:INFO: Epoch: 7
2022-08-17 Wednesday 16:57:46:INFO: LR: 0.001
2022-08-17 Wednesday 16:58:00:INFO: {'type': 'metric', 'label': 'training_confusion_matrix', 'accuracy': 0.9805029995385325, 'precision': [0.9869067103109657, 0.9742655431564564], 'recall': [0.9739270881402861, 0.9870789109367789], 'f1': [0.9803739403089066, 0.980630372492836], 'confusion_matrix': [[4221, 113], [56, 4278]], 'epoch': None}
2022-08-17 Wednesday 16:58:00:INFO: {'type': 'metric', 'label': 'training_loss', 'epoch': 7, 'value': 0.059262638496442165, 'sum': 513.6885504871607, 'num_example': 8668}
2022-08-17 Wednesday 16:58:00:INFO: {'type': 'metric', 'label': 'training_dist_target', 'value': (0.03147383548927901, 0.03185010986444749), 'epoch': 7}
2022-08-17 Wednesday 16:58:00:INFO: {'type': 'metric', 'label': 'validation_confusion_matrix', 'accuracy': 0.8378378378378378, 'precision': [0.7551020408163265, 1.0], 'recall': [1.0, 0.6756756756756757], 'f1': [0.8604651162790692, 0.8064516129032253], 'confusion_matrix': [[148, 0], [48, 100]], 'epoch': None}
2022-08-17 Wednesday 16:58:00:INFO: {'type': 'metric', 'label': 'validation_loss', 'epoch': 7, 'value': 0.6262471724200893, 'sum': 185.36916303634644, 'num_example': 296}
2022-08-17 Wednesday 16:58:00:INFO: {'type': 'metric', 'label': 'validation_dist_target', 'value': (0.0025084850825117648, 0.3141279349455962), 'epoch': 7}
2022-08-17 Wednesday 16:58:12:INFO: Epoch: 8
2022-08-17 Wednesday 16:58:12:INFO: LR: 0.001
2022-08-17 Wednesday 16:58:25:INFO: {'type': 'metric', 'label': 'training_confusion_matrix', 'accuracy': 0.9641209044762344, 'precision': [0.971850809289233, 0.9566401816118048], 'recall': [0.9559298569450854, 0.9723119520073835], 'f1': [0.9638245899732459, 0.9644124041652357], 'confusion_matrix': [[4143, 191], [120, 4214]], 'epoch': None}
2022-08-17 Wednesday 16:58:25:INFO: {'type': 'metric', 'label': 'training_loss', 'epoch': 8, 'value': 0.09817697022008796, 'sum': 850.9979778677225, 'num_example': 8668}
2022-08-17 Wednesday 16:58:25:INFO: {'type': 'metric', 'label': 'training_dist_target', 'value': (0.05289571459977155, 0.05015567460806072), 'epoch': 8}
2022-08-17 Wednesday 16:58:25:INFO: {'type': 'metric', 'label': 'validation_confusion_matrix', 'accuracy': 0.9087837837837838, 'precision': [0.8538011695906432, 0.984], 'recall': [0.9864864864864865, 0.831081081081081], 'f1': [0.9153605015673976, 0.9010989010989005], 'confusion_matrix': [[146, 2], [25, 123]], 'epoch': None}
2022-08-17 Wednesday 16:58:25:INFO: {'type': 'metric', 'label': 'validation_loss', 'epoch': 8, 'value': 0.3590933821491293, 'sum': 106.29164111614227, 'num_example': 296}
2022-08-17 Wednesday 16:58:25:INFO: {'type': 'metric', 'label': 'validation_dist_target', 'value': (0.013874496833572315, 0.19052506943006772), 'epoch': 8}
2022-08-17 Wednesday 16:58:34:INFO: Calculating recall rate: sun2011
2022-08-17 Wednesday 17:01:43:INFO: RR calculation - 500 duplicate reports were processed
2022-08-17 Wednesday 17:04:34:INFO: RR calculation - 1000 duplicate reports were processed
2022-08-17 Wednesday 17:08:39:INFO: RR calculation - 1500 duplicate reports were processed
2022-08-17 Wednesday 17:11:51:INFO: RR calculation - 2000 duplicate reports were processed
2022-08-17 Wednesday 17:15:04:INFO: RR calculation - 2500 duplicate reports were processed
2022-08-17 Wednesday 17:18:19:INFO: RR calculation - 3000 duplicate reports were processed
2022-08-17 Wednesday 17:18:31:INFO: [] Throughput: 2.5329030794612937 bugs per second (bugs=3029 ,seconds=1195.860996246338)
2022-08-17 Wednesday 17:18:31:INFO: {'type': 'metric', 'label': 'recall_rate', 'k': 1, 'rate': 0.5034664905909542, 'hit': 1525, 'total': 3029, 'epoch': 0}
2022-08-17 Wednesday 17:18:31:INFO: {'type': 'metric', 'label': 'recall_rate', 'k': 2, 'rate': 0.5576097722020469, 'hit': 1689, 'total': 3029, 'epoch': 0}
2022-08-17 Wednesday 17:18:31:INFO: {'type': 'metric', 'label': 'recall_rate', 'k': 3, 'rate': 0.5893034004621988, 'hit': 1785, 'total': 3029, 'epoch': 0}
2022-08-17 Wednesday 17:18:31:INFO: {'type': 'metric', 'label': 'recall_rate', 'k': 4, 'rate': 0.6107626279300099, 'hit': 1850, 'total': 3029, 'epoch': 0}
2022-08-17 Wednesday 17:18:31:INFO: {'type': 'metric', 'label': 'recall_rate', 'k': 5, 'rate': 0.629580719709475, 'hit': 1907, 'total': 3029, 'epoch': 0}
2022-08-17 Wednesday 17:18:31:INFO: {'type': 'metric', 'label': 'recall_rate', 'k': 6, 'rate': 0.6450973918785078, 'hit': 1954, 'total': 3029, 'epoch': 0}
2022-08-17 Wednesday 17:18:31:INFO: {'type': 'metric', 'label': 'recall_rate', 'k': 7, 'rate': 0.6602839220864972, 'hit': 2000, 'total': 3029, 'epoch': 0}
2022-08-17 Wednesday 17:18:31:INFO: {'type': 'metric', 'label': 'recall_rate', 'k': 8, 'rate': 0.670518322878838, 'hit': 2031, 'total': 3029, 'epoch': 0}
2022-08-17 Wednesday 17:18:31:INFO: {'type': 'metric', 'label': 'recall_rate', 'k': 9, 'rate': 0.6767910201386597, 'hit': 2050, 'total': 3029, 'epoch': 0}
2022-08-17 Wednesday 17:18:31:INFO: {'type': 'metric', 'label': 'recall_rate', 'k': 10, 'rate': 0.6840541432816111, 'hit': 2072, 'total': 3029, 'epoch': 0}
2022-08-17 Wednesday 17:18:31:INFO: {'type': 'metric', 'label': 'recall_rate', 'k': 11, 'rate': 0.6903268405414328, 'hit': 2091, 'total': 3029, 'epoch': 0}
2022-08-17 Wednesday 17:18:31:INFO: {'type': 'metric', 'label': 'recall_rate', 'k': 12, 'rate': 0.6962693958402113, 'hit': 2109, 'total': 3029, 'epoch': 0}
2022-08-17 Wednesday 17:18:31:INFO: {'type': 'metric', 'label': 'recall_rate', 'k': 13, 'rate': 0.702542093100033, 'hit': 2128, 'total': 3029, 'epoch': 0}
2022-08-17 Wednesday 17:18:31:INFO: {'type': 'metric', 'label': 'recall_rate', 'k': 14, 'rate': 0.7061736546715087, 'hit': 2139, 'total': 3029, 'epoch': 0}
2022-08-17 Wednesday 17:18:31:INFO: {'type': 'metric', 'label': 'recall_rate', 'k': 15, 'rate': 0.7107956421261142, 'hit': 2153, 'total': 3029, 'epoch': 0}
2022-08-17 Wednesday 17:18:31:INFO: {'type': 'metric', 'label': 'recall_rate', 'k': 16, 'rate': 0.7147573456586332, 'hit': 2165, 'total': 3029, 'epoch': 0}
2022-08-17 Wednesday 17:18:31:INFO: {'type': 'metric', 'label': 'recall_rate', 'k': 17, 'rate': 0.7187190491911521, 'hit': 2177, 'total': 3029, 'epoch': 0}
2022-08-17 Wednesday 17:18:31:INFO: {'type': 'metric', 'label': 'recall_rate', 'k': 18, 'rate': 0.7226807527236712, 'hit': 2189, 'total': 3029, 'epoch': 0}
2022-08-17 Wednesday 17:18:31:INFO: {'type': 'metric', 'label': 'recall_rate', 'k': 19, 'rate': 0.7259821723341037, 'hit': 2199, 'total': 3029, 'epoch': 0}
2022-08-17 Wednesday 17:18:31:INFO: {'type': 'metric', 'label': 'recall_rate', 'k': 20, 'rate': 0.7306041597887092, 'hit': 2213, 'total': 3029, 'epoch': 0}
2022-08-17 Wednesday 17:18:31:INFO: {'type': 'metric', 'label': 'MAP', 'value': 0.5635753722336091, 'sum': 1707.0698024956018, 'total': 3029, 'epoch': 0}
2022-08-17 Wednesday 17:18:31:INFO: [1, 5, 1, 3, 37, 1, 1, 973, inf, 265, 41, 2, 2, 3, 1, 59, 7, inf, 7, 1, 1542, 650, 1, 369, 889, 13, 1, 12, 1, 22, 1, 1, 1, 1, 13, 4, 1, 19, 14, 2, 3, 2, 188, 1, 69, 8, 34, 2, 2, 58, 64, 69, 2, 87, 1, 8, 58, 57, 92, 89, 8, 2, 10, 4, 1, 8, 30, 1, inf, 2, 29, 3, 1, inf, 171, 310, inf, 38, inf, 5, 87, 4, 118, 392, 3, 2, 633, 1, 10, 62, 29, 137, 163, 395, 1, 1, 2, 28, 52, 133, 1, 181, inf, 2, 1, 1, 24, 16, inf, 1, 6, 76, 1, 2, inf, 1, 5, 3, 6, 844, 3, 1917, 3, 72, 1, 36, inf, inf, 1, 9, 86, inf, 4, 2, 1, 3, 3, 1, 64, inf, 2, 37, inf, inf, 1, 318, 1, 1, inf, 3, 110, 17, inf, 3, 11, 2, 49, 294, inf, 383, 14, 11, inf, 112, 13, 1, 211, 1, 107, 573, 343, 149, 2, inf, 1, 16, 6, 9, 92, 1, 1087, 51, 6, 12, inf, 10, 165, 1, 8, 198, inf, 3, 1, 17, 1, 1, inf, 1222, 4, 3, 17, 848, 15, 2031, 1, 1, 194, 1, 1, 7, 1, 1441, 15, 72, 2, 188, 7, 38, 9, 9, 1, 7, 3, inf, inf, 1, 2, 1, 1, 15, 235, 15604, inf, 33, 3, 51, 1, inf, 2, 1, 1, 1, 44, 1, 2, 1, 20, 2, 140, 3310, 44, 1, 3, 4, 2, 2, 1216, 6673, 23, 99, inf, 1, 1, 172, 798, 7, 15, 3, inf, 3, 90, 3, 2, 1, 15, 10, 1, 4, 176, 33, 10, 12, 270, 1, 6032, 6, 6, 12150, 6785, 4, 236, 6, 1, 3, inf, 38, inf, 43, 5, 7, 192, 1, 55, 85, 199, inf, 814, 3, 20, 1, 30, 3, 223, 16, inf, 1, 94, 22, 1, 1, inf, 5, 2, 81, 7, 10, 8, 72, 16, 13, 1020, 1, 41, 1, 1, 65, 654, 13, 3, 1, 5, 344, 1, 1, inf, 11, 42, inf, 6, 7, 132, 22, 1, 246, 1351, 8, inf, 46, 1, 288, inf, 4, inf, 31, 7, 195, 3, 7, 1, 1, 3, 1, 11, inf, 1, 1, 1, 151, 3, 11, 1, 95, inf, 275, inf, inf, 175, 19, 8, 585, 34, 1, 1, 295, inf, inf, 52, 113, 18, 10170, 5, 1, 525, 13, inf, 1, 4, 23, 103, 6, 98, inf, 1, 1, 53, inf, inf, 6, 3813, 113, 6, inf, 53, 6710, inf, inf, 1, 22, 3, 2, 43, inf, 333, 250, 1, 1, inf, 6, 152, 38, inf, 1, 8, 281, 11, 53, 55, 126, 18, 1, 83, 52, 1, inf, 3, 1, 1, 5, inf, 4, 1, 1, 35, 5, 202, 224, 41, 93, 52, inf, 633, 15, 1, 8177, 13, 194, 12, 27, 1, 77, 12, 1, 2, 77, inf, inf, 7, 1, 1, 1, 3, 41, 9, 4, 1, 6, 47, 6, 1, 18, inf, 4, 1, 1, 139, 1, 24, 2, 3, 274, 11, 43, 91, 3, inf, 4, 66, 53, 12, inf, 11, 5, 38, 3, inf, inf, 1, 622, 25, 2234, inf, 1, 34, inf, 6, 12, inf, 6, 10, 3, 1, 2, 411, 28, 5, 1, inf, 1, 1, 8933, 4, 32, 7, 1, 1, 1, 793, 289, 8, 2, 7, 2803, 9, 51, 20, 372, 3, 40, 1, 2, 1, 1, 2, 1, 1, 9, 33, 54, 1, 105, 1, 35, 7, 1, 3, 107, 7, 14, 6, 1, 1, 5, 318, 1, 1, inf, 35, 150, 2, 48, 7, 1, 48, 21, 12, 52, 17, 20, 118, 1242, 1, 1, 17, 6, 90, 58, 63, 149, 235, 3, 16, 285, 204, 5, 1, 40, 8643, 1, 287, 292, 94, 265, 1, 1, 8, 13, 3, 16, 20, 6, 1, 24, 6, inf, 4236, 254, 113, 2, 424, 1, 33, 144, 436, inf, 614, 567, 33, 1, 1, 143, 20, 26, 1, 1, 1, inf, inf, 3, 39, inf, 4, inf, 2, 1, 1, 2, 1, 1, 17, 1, 12, 7, 1427, inf, 105, 5, 14, 39, 72, 287, 3, 7, 105, 1, 1, 1, 2, 101, 2, 156, 45, 113, 12, 15, 1, 106, 10, 3, 5, 229, 27, 71, 1, 12, 18, 99, 5, 2, 10, 21, 2, 249, 1, 6, 55, 396, 200, inf, 55, 1, 1979, inf, 270, 2, 7, 25, 85, 1, 4, 237, 1, 2, 4, 36, 3, 7, 5, 1, 15, 5, 101, 1520, inf, 115, 18, 1, 54, 4, 3, 78, 4, 20, 4, inf, 11, inf, 9, 813, 7, 2913, 26, inf, 1, 1, inf, 4, 9, 299, 219, 1, 1, 168, 11479, inf, 95, 1, 49, 7, 45, 1, 32, 4, inf, 52, 1, 1021, inf, 8, 1, inf, 154, 3, 2253, 1, 6, inf, 1, 8798, 10, inf, 17, 3, 68, 70, 417, 657, 1, 232, 1, 190, 2, 8, 5, 1, 12, 6, 5, 19, 1, 6, 256, 56, 1, 1, 16, 13, inf, 6, 9, 1, 5, 218, 1, 6, 1, 71, 1, 15, 7, 7, 115, 17740, 1, 21, 11, 1, 101, 94, 133, 1, 1, 4, 3, 41, 1822, inf, 1, 41, 6, 7, 3018, inf, 7, 200, 4, 168, 256, 303, 2, 102, inf, inf, 20, 1, 201, 7, 1, 92, 84, 6936, 101, 46, 414, 81, 17, 37, 1, 6, 1, 14, 68, 42, 2, 105, 26, 1, 1, inf, 10, 18, 1, 7884, inf, 1, 1, 31, 3131, 206, 159, 1, 5, 23, 5, 1, inf, inf, 1, 1, inf, 20, inf, inf, 2, 1, 1, 1555, 1, 4, 10, inf, 1, 38, 2, 3, inf, 797, 8, inf, 13, 407, 2, 4, 20, 1, 1, 24, 4, 183, inf, 3, 1, 14, 1, 1, 265, 1, 13, 1, 2, 5, 470, 1, 1, 2, 1, 1722, 3, inf, 6, 4, 11, 1, 1, inf, 700, 22, 13, 38, 1, inf, 1, inf, 19, 2, 72, inf, inf, inf, 4, 26, 1, 272, 357, 1, 1, 5, 5, 11, 3, 10, 14, 5, 41, 65, 8, inf, 604, 1239, 25, 1, 4, inf, 2096, 7, 6, 1, 3, 1, inf, 3889, 55, 5, 2, 1, 1, inf, 1, 9, 1, 64, inf, 138, 1, inf, 4, 1, 23, 54, 5, 8, 754, 35, inf, 13, 2, 936, 15, 6125, 24, 8, 9, 12, 74, inf, 621, 6, 5, 566, inf, 4, 1097, 1, 3, 1, 161, 1, 20, 1, 3, 1, 1, inf, 354, 1, 11, 48, 106, 4, 1, inf, 1, 113, 1, 1, 1, 2, 2, 3, 1, 2, 1, 2, 1, 1, 2, 2, 1, 2, 2, 2, 1, 1, 1, 1, 2, 2, 1, 7, 7, 1, 1, 2, 1, 1, 1, 1, 1, 1, 18, 1, 797, 19, 10, 4, inf, 108, 190, 1, 1, 1, 1, 1, 1, 1, 1, 12, inf, 1, 1, 5, 5, 1, 1, 1, 1, 1, 1, 1, 1, 87, 1, 1, 1, 1, inf, inf, 1, 1, 2, 3, 1, 1, 24, 2, 5, 1, 1, 1, 1, 1, 1, 1, 12, 48, 2, 125, 1, 1, inf, 49, 1, 1, 1, 1, 1, 77, 1, 1, 1, 107, 1, 34, 1, 1, 100, 1, 1, 247, inf, 687, 1, 5, 220, 8, 118, 215, 5, 41, 5, 1, 91, 1, 65, 1, 1, 1, 2, 1, 1, 21, 5, 1, 42, 19, 8, inf, 54, 1, 1, 2, 1, 1, 1, 1, 27, 31, 1, 1, 1, 1, 149, 1, 1, 9, 3, 1, 51, 326, 1, 7, 1, 1, 1, 1, 1, 1, 1, 1018, 1, 29, 1, 1, 23, 1, 590, 106, 1, 33, 1, 1, 2, 1, 138, 4, 1, inf, 5, 1, 1, inf, 1, 1, inf, 2, 1, 4, 4, 1, 213, 1, 2, 1, 1, 1, 23, 1, 1, 2, 1, 113, 11, 1, 1, 1, 1, 1, 1, 1, 1, 1, 1, 1, 1, 1, 1, 1, 1, 1, 3, 1, 1, 1, 13, 1, 166, 1, 1, 1, 1, 1, 2, 2, inf, 1, 1, 2, 1, 2, 1, 1, 1, 1, 1, 38, 99, 1, 76, 1, 1, 1, 2, 7, 1, 1, 2, 1, 24, 16, 5, 8, 2, 408, 73, 1, 1, 445, 1, 1, 71, 1, 1, 8, 818, 1, inf, 1, 421, 2, 1, 1, 1, 1, 2109, 2, 1, 8, 79, 4, 2860, 1, 1, 1, 1, 1, 1, 1, 3, 1, 1, 1, 1, 2, 10, 10, 1, 18, 1, 1, 1, 1, 2410, 2, 2467, 1, 1, 1, 1, 1, 1, 1, 1, 265, 54, 2, 1, 4, 1, 2, 1, 1, 2, 1, 1, 1, 1, 1, 3, 2, 1, 1, 1, 1, 1, 1, 250, 1, 1, 1, 1, 1, 1, 1, 14, 1, 1, 1, 1, 1, 1, 1, 12, 1, 1712, 2, 1033, 1, 1, inf, 6, 25, 131, 1, 11, 9, 3, 14, 1, 1, 829, 1, 1, 1, 1, 1, 1, 5, 1, 1, 3, 35, 1, 1, 1, 1, 1, 1, 56, 3, 19, 1, 358, 1, 33, 1, 1, 1, 1, 7, 3, 1, 1, 4, 1, 1, 1, 1, 1, 1403, 1, 1, 1, 1, 1, 1, 1, 1, 1, 1, 1, 1, 1, 1, 1, 1, 1, 1, 1, 1, 1, 1, 1, 4437, 1, 1, 10, 1, 85, 5, 1, 1, 1, 348, 7, 1, 1, 1, 1, 1, 1, 1, 1, 1, 1, 1, 1, 1, 1, 1, 1, 1, 5, 5, inf, 1, 1, 1, 1, 2, 1, 1, 1, 1, 3, 1, 30, 51, 240, 1, 1, 1, 2, 3, 1, 1, 1, 1, 1, 1, 3, 1, 1, 1, 1, 1, 1, 1, 94, 3, 1, 1, 1, 2, 1, 120, 3, 1, 1, 1, 1, 4992, 1, 1, 1, 1, 1, 1, 1, 1, 1, 1, 1, 1, 1, 1, 1, 1, 1, 1, 1, 1, 1, 1, 1, 1, 1, 1, 1, 2, 1, 1, 1, 1, 1, 1, 1, 1, 1, 1, 1, 1, 2, 1, 1, 1, 1, 1, 1, 1, 2, 1, 1, 1, 2, inf, 1, 19, 1, 1, 1, 7, 1, 1, 1, 32, 1, 1, 1, 1, 1, 1, 1, 1, 188, 1, 1, 1, 1, 1, 1, 1, 1, 1, 1, 1, 83, 1, 1, 1, 1, 1, 1, 1, 1, 1, 1, 2, 1, 36, 1, 1, 1, 3, 7, 1, 1, 1, 38, 1, 1, 1, 1, 1, 1, 1, 1, 1, 118, 3, 1, 1, 1, 1, 1, 22, 1, 1, 1, 1, 1, 1, 1, 1, 1, 73, 67, 6, 1, 1, 1, 2, 1, 1, 1, 1, 1, 1, 1, 1, 18, 1, 31, 1, 1, 1, 1, 2, 7, 107, 8, 1, 232, 204, 53, 1, 3, 26, 1, 41, 154, 40, 93, 1, 4, 1, 1, 1684, 34, 1, 1, 1, 1, 16, 1, 1, 2, 1, 1, 1, inf, 1, 1, 1, 1, 1, 35, 1, 1, 2, 1, 1, 291, 1, 39, 2, 2, 2, 1, 1, 1, 1, 21, 1, 2, inf, 1, 1, 20, 1, 2, 24, 1, 1, 1, 1, 1, 1, 1, 1, 1, 1, 1, 1, 1, 1, inf, 24, 1, 1, 1, 1, 1, 1, 1, 1, 13, 8, 1, 19, 1, 1, 1, 1, 1, 1, 1, 1, 1, 1, 1, 1, 1, 1, 1, 1, 1, 1, 1, 1, 292, 27, 1, 1, 1, 1, 167, inf, 3, 1, 4, 1, 1, 1, 1, 1, 1, 1, 1, 1, 1, 1, 1, 28, 1, 3, 4, 3, 1, 1, 430, 1, 1, 1, 1, 1, 1, 1, 358, 1, 1, 3, 1, 1, 1, 1, 1, 1, 1, 1, 1, 54, 1, 1, 1, 1, 1, 3, 1, 1, 1, 1, 1, 1, 638, 2, 1, 1, 1, 1, 1, 1, 1, 1, 674, 79, 1, 95, 58, 1, 1, 1, 1, 3, 1, 1, 1, 1, 1, 1, 1, 1, 1, 1, 1, 1, 1, 1, 1, 1, 2, 1, 3, 1, 1, 1, 1592, 2, 1, 2, 1, 3, 1, 1, 1, 1, 1, 1, 1, 1, 1, 1, 1, 1, 1, 4, 1, 83, 1, 1, 2212, 1, 7, 20, 83, 1, 3, 4, 1, 1, 2, 1, 3, 1, 1, 1, 1, 1, 1, 1, 1, 1, 1, 1, 1, 3, 1, 66, 1, 1, 1, 1, 1, 1, 1, 1, 4, 1, 1, 1, 1, 1, 1, 1, 1, 6699, 17, 14, 5, inf, 2, 3, 1, 1, 11, 10, 288, inf, 2, 1, 1, 15, 2869, 31, inf, 1, 1, 144, 5, 15, 1, 1, 1, 1, 6, 1, 384, 1, 1, 1, 2, 168, 1, 1, 32, 1, 1, 1, 1663, 1213, 1, 1, 2, 1, 1, 6, 1, 2, 1, 1, 1, 14, 1, 1, 9, inf, 1, 1, 1, 1, 1, 1, 1, 4, 1, 1, 1, 1, 1, 1, 1, 1, 1, 1, 2, 1, 1, 1, 1, 1, 1, 1, 1, 1, 1, 2, 1, 1, 1, 1, 1, 1, 1, 1, 1, 1, 1, 1, 348, 5749, 27, 18, 1, 1, 1, 78, 4, 4, 1, 1, 1, 1, 1, 1, 2, 4, 1, 2, 1, 1, 1, 2, 1, 2, 7, 3, 1, 4, 1, 6, 1, 172, 1, 251, 1, 118, 125, 1, 1, 1, 1, 100, 8, 10, 1, 58, 1, 1, 1, 1, 1, inf, 780, 2120, 8, 358, 1, 1, 1, 3, 1, 1, 1, 2, 1, 12, 1, 1, 4, 1, 4, 1, 1, 1, 1, 1, 1, 2, 628, 2, 33, 6, 3, 663, 1, 1, 1, 1, 1, 1, 1, 1, 1, 1, 1, 1, inf, 1, 1, 1, 20, 1, 1, 1, 1, 1, 2, 1, 1, 1, 1, 1, 1, 1, 1, 1, 1, 1, 1, 1, 1, 1, 1, 1, 3, 83, 265, 1, 1, 1, 1, 1, 1, 1, 1, 1, 1, 1, 1, 1, 1, 1, 1, inf, 507, 1, 1, 62, 719, 1, 1, 2, 1, 1, 1, 637, 1, 1, 6, 1, 1, 1, 1, 1, 1, 1, 1, 1, 1, 1, 42, 1, 1, 1, 1, 1, inf, 2, inf, 1, 1, 1, 462, 1, 2, 1, 1, 1, 1, 1, 1, 1, 1, inf, 1, 1, 1, 1, 1, 1, 1, 6, 1, 1, 1, 1, 1, 1, 1, 1, 1, inf, 1, 1, 1, 1, 11, 1, 1, 1, 1, 1, 87, inf, 1, inf, 744, 1, 1, 1, 1, 1, 1, 199, inf, 1, 6, 1, 1, 1, 1, 1, 1, 1, 1, 1, 1, 1, 1, 2033, 71, 1, 1, 1, 1, 1, 1, 1, 1, 1, 1, 1, 1, 1, 1, 36, 1, 61, 4, 1, 1, 1, 1, 1, 1, 1, 2, 1, 1, 1, 1, 1, 1, 1, 1, 1, 6, 1, 1, 1, 2, 1, 1, 1, 1, 5, 5, 1, 1, 3, 1, 1, 3, 1, 1, 709, 23, 1, 8, 1, 1, 1, 52, 18, 1, 1, 1, 1, 1, 2, 1, 949, 410, 1, 1, 1, 2033, inf, 1365, 1, 1, 1, 1, 867, 1, 1, 1, 1, 4, 3, 1, 1, 25, 1, 7, 3, 4, 3, 2609, 500, 1, 1, 7, 6, 1, 1, 2, 1, 159, 4, 1, 1, 1, 1, 326, 1, 1, 1, 1, 222, 1, 8, 4, 4, 1, 802, 19, 1, inf, 1, 1, 1, 1, 1, 1, 1, 1, 91, 5, 147, 1, inf, inf, 10, 1, 1, inf, 1, 1, 183, 5, 1, 1, 1, 36, 1, 5, 1, 1, 1, 34, 2, 180, 1, 1, 1, 16, 1, 1, 1, 1, 1, 1, 1, 1, 1, 1, 1, 1, 1, 1, 1, 1, 1, 1, 1, 1, 1, 1, 2, 4, 2, 1, 1, 1, 2, 1, 1, 1, 219, 1, 1, 31, 1, 17, 2, 1, 1, 1, 1, 1, 1, 1, 1, 1, 1, 59, 639, 1, 1, inf, 1, 1, 1, 1, 1, 1, 5, 13, 1, 1, inf, 2, 2, 1, 1, 1, 2, 2, inf, 11, 1, 1, 1, 1, 1, 1, 1, 1, 1, 1, 5, 1, 1, 1, 1, 2, 1, 1, 1, 696, 1, inf, 137, 1, 443, 1, 1, 1, 1, 1, 1, 1, 1, 1, 2, 1, 1, 1, 1309, 1, inf, 1, 1, 1744, 2, 1, 1, 1, 1, 1, 1, 1, 6, 1, 1, 1, 10, 1, 1, 6, 1, 1, 1, 1, 1, 1, 1, 7, 1, 1, 13, 1, 1, 1, 2, 1, 1, 5, 1052, 26, 9, 1, 1, 1, 1, 13, 9, 2, 1, 1, 1, 1, 1, 258, 1, 1, 1, 1, 1, 1, inf, 1, 1, 1, 39, 7, 1, 15, 12, 1, 1, 1, 1, 1, inf, 1, 1, 1, 60, 1, 1, 1, 1, 1, 93, 1, 677, 1470, 25, 16, 2, 2, 1, 34, 39, 1084, 16, 5, 2, 1, 1, 1, 1, 1, 25, 1, 1, 1, 1, 1, 1, 1, 1, 1, 62, 1156, 1, 1, 1, 4, 1, 1, 4, 1, 24, 1, 13, 1, 1, 1, 1, 1, 1, 1, 1, 1, 201, 1, 1, 4, 1, 1, 1, 1, inf, 2, 3, 1, 15, 1, 1, 1, 1, 1, 1, 1, 1, 1525, 2, 1, 1, 1, 6, 1, 1, 1304, 1, 3, 1, 1, 39, 1, 1, 62, 94, 660, 332, 1, 2, 17, 2, 2, 2, 49, 422, 34, 6, 1, inf, 1579, 10, 1, 1, 1785, 2, 1189, 2467, 17, inf, 320, 1, 1329, 1, 7, 1, 3957, 73, 1, 8, 40, 79, 1, 1, 8, 1, 27, 168, 1, 34, 2, 11, 33, 2, 1, inf, 25, inf, inf, inf, inf, 5, 37, inf, 1814, 67, 155, 5, 1, 354, 1, inf, 305, 9, inf, inf, 1, inf, 1889, 1676, 33, 782, 1, 3, 7, 64, 1, 1, 5153, 1, 260, 71, inf, 1, 18, 3, 1, 1599, 161, inf, 576, inf, 1, 281, 85, 71, inf, 1, 52, 39, 5, 1, 37, 2, 115, 212, 1, 2, 6, 233, 29, 54, 222, 91, 1, 1, 1, 1, 1, 1, 1, 1, 1, 2, 1, 1, 1, 1, 1, 1, 1, 1, 1, 73, 4, 799, 284, 25, 9, 1, 8]
2022-08-17 Wednesday 17:18:31:INFO: It completed at: 2022-08-17 17:18:31.324074
2022-08-17 Wednesday 17:18:31:INFO: Completed after: 0:31:27.125399
