2022-08-17 Wednesday 17:19:36:INFO: {'bug_database': 'dataset/eclipse-old/eclipse-old_soft_clean.json', 'database_name': 'eclipse-old', 'epochs': 8, 'lr': 0.001, 'l2': 0.0, 'dropout': None, 'batch_size': 128, 'ranking_batch_size': 256, 'cuda': True, 'cache_folder': 'scratch/temp/', 'pairs_training': 'dataset/eclipse-old/training_split_eclipse-old_pairs_random_1.txt', 'pairs_validation': 'dataset/eclipse-old/validation_eclipse-old_pairs_random_1.txt', 'neg_pair_generator': {'type': 'non_negative', 'training': 'dataset/eclipse-old/training_eclipse-old.txt', 'rate': 1, 'pre_list_file': None, 'k': 0, 'n_tries': 15, 'preselected_length': None, 'random_anchor': True}, 'sum_desc': None, 'summary': {'word_embedding': 'word_embedding/eclipse-old/glove_42B_300d_eclipse-old.txt', 'lexicon': None, 'encoder_type': 'rnn', 'tokenizer': 'white_space', 'filters': ['TransformLowerCaseFilter'], 'rnn_type': 'lstm', 'hidden_size': 300, 'nfilters': 100, 'bidirectional': True, 'num_layers': 1, 'dropout': 0.15, 'update_embedding': False, 'fixed_opt': 'mean+max', 'activation': 'relu', 'batch_normalization': False, 'hidden_sizes': None, 'hidden_act': None, 'hidden_dropout': 0.0, 'bn_last_layer': False, 'self_att_hidden': 100, 'n_hops': 20, 'standardization': False}, 'description': {'word_embedding': 'word_embedding/eclipse-old/glove_42B_300d_eclipse-old.txt', 'lexicon': None, 'encoder_type': 'rnn', 'tokenizer': 'white_space', 'filters': ['TransformLowerCaseFilter'], 'rnn_type': 'lstm', 'hidden_size': 300, 'nfilters': 100, 'bidirectional': True, 'num_layers': 1, 'dropout': 0.15, 'update_embedding': False, 'fixed_opt': 'mean+max', 'activation': 'relu', 'batch_normalization': True, 'hidden_sizes': None, 'hidden_act': None, 'hidden_dropout': 0.0, 'bn_last_layer': False, 'window_sizes': [3], 'self_att_hidden': 100, 'n_hops': 20, 'standardization': False}, 'categorical': {'lexicons': 'dataset/eclipse-old/categorical_lexicons.json', 'bn_last_layer': True, 'emb_size': 20, 'hidden_sizes': [40], 'dropout': 0.0, 'activation': 'relu', 'batch_normalization': True}, 'classifier': {'type': 'binary', 'without_embedding': False, 'batch_normalization': True, 'dropout': 0, 'hidden_sizes': [300, 50], 'margin': 0, 'loss': None}, 'recall_estimation_train': None, 'recall_estimation': None, 'rr_val_epoch': 100, 'rr_train_epoch': 100, 'random_switch': False, 'ranking_result_file': None, 'optimizer': 'adam', 'momentum': 0.9, 'lr_scheduler': None, 'save': None, 'load': None, 'pair_test_dataset': None, 'recall_rate': {'type': 'sun2011', 'dataset': 'dataset/eclipse-old/test_eclipse-old.txt', 'result_file': None, 'group_by_master': True, 'window': 365}, 'seed': 611838701}
2022-08-17 Wednesday 17:19:36:INFO: It started at: 2022-08-17 17:19:36.998894
2022-08-17 Wednesday 17:19:39:INFO: Turning CUDA on
2022-08-17 Wednesday 17:19:39:INFO: Using Summary information.
2022-08-17 Wednesday 17:24:06:INFO: Lexicon size: 1934888
2022-08-17 Wednesday 17:24:06:INFO: Word Embedding size: 300
2022-08-17 Wednesday 17:24:06:INFO: Use white space tokenizer to tokenize summary information
2022-08-17 Wednesday 17:24:11:INFO: Using Description information.
2022-08-17 Wednesday 17:28:24:INFO: Lexicon size: 1934888
2022-08-17 Wednesday 17:28:24:INFO: Word Embedding size: 300
2022-08-17 Wednesday 17:28:24:INFO: Use white space tokenizer to tokenize summary information
2022-08-17 Wednesday 17:28:29:INFO: Using Categorical Information.
2022-08-17 Wednesday 17:28:29:INFO: Using NLLLoss
2022-08-17 Wednesday 17:28:33:INFO: Non Negative Pair Generator
2022-08-17 Wednesday 17:28:33:INFO: Using the following dataset to generate negative examples: Database: eclipse-old; Order by Date; Master report is the newest oneWe keep nested master reports; Database: eclipse-old; Order by Date; Master report is the newest oneWe keep nested master reports;. Number of bugs in the training: 49355
2022-08-17 Wednesday 17:28:34:INFO: Training size: 8668
2022-08-17 Wednesday 17:28:35:INFO: Validation size: 296
2022-08-17 Wednesday 17:28:35:INFO: Adam
2022-08-17 Wednesday 17:28:35:INFO: Scheduler: Constant
2022-08-17 Wednesday 17:28:35:INFO: Epoch: 1
2022-08-17 Wednesday 17:28:35:INFO: LR: 0.001
2022-08-17 Wednesday 17:28:47:INFO: {'type': 'metric', 'label': 'training_confusion_matrix', 'accuracy': 0.9063221042916474, 'precision': [0.9002272727272728, 0.912605435801312], 'recall': [0.913936317489617, 0.8987078910936779], 'f1': [0.907029997710098, 0.9056033480585904], 'confusion_matrix': [[3961, 373], [439, 3895]], 'epoch': None}
2022-08-17 Wednesday 17:28:47:INFO: {'type': 'metric', 'label': 'training_loss', 'epoch': 1, 'value': 0.24949624548598703, 'sum': 2162.6334558725357, 'num_example': 8668}
2022-08-17 Wednesday 17:28:47:INFO: {'type': 'metric', 'label': 'training_dist_target', 'value': (0.1728492904270526, 0.17626892414629927), 'epoch': 1}
2022-08-17 Wednesday 17:28:48:INFO: {'type': 'metric', 'label': 'validation_confusion_matrix', 'accuracy': 0.9425675675675675, 'precision': [0.9171974522292994, 0.9712230215827338], 'recall': [0.972972972972973, 0.9121621621621622], 'f1': [0.9442622950819667, 0.9407665505226476], 'confusion_matrix': [[144, 4], [13, 135]], 'epoch': None}
2022-08-17 Wednesday 17:28:48:INFO: {'type': 'metric', 'label': 'validation_loss', 'epoch': 1, 'value': 0.1784564341242249, 'sum': 52.82310450077057, 'num_example': 296}
2022-08-17 Wednesday 17:28:48:INFO: {'type': 'metric', 'label': 'validation_dist_target', 'value': (0.05479523620089969, 0.1384755662969641), 'epoch': 1}
2022-08-17 Wednesday 17:28:50:INFO: Epoch: 2
2022-08-17 Wednesday 17:28:50:INFO: LR: 0.001
2022-08-17 Wednesday 17:29:02:INFO: {'type': 'metric', 'label': 'training_confusion_matrix', 'accuracy': 0.9656206737425012, 'precision': [0.9664817383263985, 0.9647627821280516], 'recall': [0.9646977388094139, 0.9665436086755884], 'f1': [0.965588914549653, 0.9656523743660669], 'confusion_matrix': [[4181, 153], [145, 4189]], 'epoch': None}
2022-08-17 Wednesday 17:29:02:INFO: {'type': 'metric', 'label': 'training_loss', 'epoch': 2, 'value': 0.09996593942978331, 'sum': 866.5047629773617, 'num_example': 8668}
2022-08-17 Wednesday 17:29:02:INFO: {'type': 'metric', 'label': 'training_dist_target', 'value': (0.06261443097469276, 0.06240769201673887), 'epoch': 2}
2022-08-17 Wednesday 17:29:02:INFO: {'type': 'metric', 'label': 'validation_confusion_matrix', 'accuracy': 0.9493243243243243, 'precision': [0.9235668789808917, 0.9784172661870504], 'recall': [0.9797297297297297, 0.918918918918919], 'f1': [0.9508196721311469, 0.9477351916376301], 'confusion_matrix': [[145, 3], [12, 136]], 'epoch': None}
2022-08-17 Wednesday 17:29:02:INFO: {'type': 'metric', 'label': 'validation_loss', 'epoch': 2, 'value': 0.14342979039694811, 'sum': 42.45521795749664, 'num_example': 296}
2022-08-17 Wednesday 17:29:02:INFO: {'type': 'metric', 'label': 'validation_dist_target', 'value': (0.02930277253727655, 0.11763347806157293), 'epoch': 2}
2022-08-17 Wednesday 17:29:05:INFO: Epoch: 3
2022-08-17 Wednesday 17:29:05:INFO: LR: 0.001
2022-08-17 Wednesday 17:29:18:INFO: {'type': 'metric', 'label': 'training_confusion_matrix', 'accuracy': 0.9762344254730042, 'precision': [0.9833723653395785, 0.9693042291950886], 'recall': [0.9688509460083065, 0.9836179049377018], 'f1': [0.9760576476057643, 0.9764086120018317], 'confusion_matrix': [[4199, 135], [71, 4263]], 'epoch': None}
2022-08-17 Wednesday 17:29:18:INFO: {'type': 'metric', 'label': 'training_loss', 'epoch': 3, 'value': 0.06878342172436083, 'sum': 596.2146995067596, 'num_example': 8668}
2022-08-17 Wednesday 17:29:18:INFO: {'type': 'metric', 'label': 'training_dist_target', 'value': (0.04261767167647863, 0.038179019064632606), 'epoch': 3}
2022-08-17 Wednesday 17:29:18:INFO: {'type': 'metric', 'label': 'validation_confusion_matrix', 'accuracy': 0.9391891891891891, 'precision': [0.922077922077922, 0.9577464788732394], 'recall': [0.9594594594594594, 0.918918918918919], 'f1': [0.940397350993377, 0.9379310344827582], 'confusion_matrix': [[142, 6], [12, 136]], 'epoch': None}
2022-08-17 Wednesday 17:29:18:INFO: {'type': 'metric', 'label': 'validation_loss', 'epoch': 3, 'value': 0.1956080045249011, 'sum': 57.89996933937073, 'num_example': 296}
2022-08-17 Wednesday 17:29:18:INFO: {'type': 'metric', 'label': 'validation_dist_target', 'value': (0.04777714932287062, 0.0931425835635211), 'epoch': 3}
2022-08-17 Wednesday 17:29:20:INFO: Epoch: 4
2022-08-17 Wednesday 17:29:20:INFO: LR: 0.001
2022-08-17 Wednesday 17:29:33:INFO: {'type': 'metric', 'label': 'training_confusion_matrix', 'accuracy': 0.9814259344716197, 'precision': [0.9853454291695743, 0.9775692378118562], 'recall': [0.9773880941393632, 0.9854637748038764], 'f1': [0.9813506312985052, 0.9815006319659881], 'confusion_matrix': [[4236, 98], [63, 4271]], 'epoch': None}
2022-08-17 Wednesday 17:29:33:INFO: {'type': 'metric', 'label': 'training_loss', 'epoch': 4, 'value': 0.059925403365161375, 'sum': 519.4333963692188, 'num_example': 8668}
2022-08-17 Wednesday 17:29:33:INFO: {'type': 'metric', 'label': 'training_dist_target', 'value': (0.031451806694227924, 0.03290465673544355), 'epoch': 4}
2022-08-17 Wednesday 17:29:33:INFO: {'type': 'metric', 'label': 'validation_confusion_matrix', 'accuracy': 0.9290540540540541, 'precision': [0.89937106918239, 0.9635036496350365], 'recall': [0.9662162162162162, 0.8918918918918919], 'f1': [0.9315960912052113, 0.9263157894736838], 'confusion_matrix': [[143, 5], [16, 132]], 'epoch': None}
2022-08-17 Wednesday 17:29:33:INFO: {'type': 'metric', 'label': 'validation_loss', 'epoch': 4, 'value': 0.23018612370297714, 'sum': 68.13509261608124, 'num_example': 296}
2022-08-17 Wednesday 17:29:33:INFO: {'type': 'metric', 'label': 'validation_dist_target', 'value': (0.04070343137592883, 0.12311263181067802), 'epoch': 4}
2022-08-17 Wednesday 17:29:35:INFO: Epoch: 5
2022-08-17 Wednesday 17:29:35:INFO: LR: 0.001
2022-08-17 Wednesday 17:29:48:INFO: {'type': 'metric', 'label': 'training_confusion_matrix', 'accuracy': 0.9829257037378865, 'precision': [0.9903936269915652, 0.9756818181818182], 'recall': [0.975311490539917, 0.990539916935856], 'f1': [0.9827946989072304, 0.9830547286466675], 'confusion_matrix': [[4227, 107], [41, 4293]], 'epoch': None}
2022-08-17 Wednesday 17:29:48:INFO: {'type': 'metric', 'label': 'training_loss', 'epoch': 5, 'value': 0.05456453354545299, 'sum': 472.9653767719865, 'num_example': 8668}
2022-08-17 Wednesday 17:29:48:INFO: {'type': 'metric', 'label': 'training_dist_target', 'value': (0.031178307764655057, 0.029591193383995375), 'epoch': 5}
2022-08-17 Wednesday 17:29:48:INFO: {'type': 'metric', 'label': 'validation_confusion_matrix', 'accuracy': 0.9324324324324325, 'precision': [0.8950617283950617, 0.9776119402985075], 'recall': [0.9797297297297297, 0.8851351351351351], 'f1': [0.9354838709677413, 0.9290780141843966], 'confusion_matrix': [[145, 3], [17, 131]], 'epoch': None}
2022-08-17 Wednesday 17:29:48:INFO: {'type': 'metric', 'label': 'validation_loss', 'epoch': 5, 'value': 0.15915098121842822, 'sum': 47.108690440654755, 'num_example': 296}
2022-08-17 Wednesday 17:29:48:INFO: {'type': 'metric', 'label': 'validation_dist_target', 'value': (0.021462699247373117, 0.13154935272964272), 'epoch': 5}
2022-08-17 Wednesday 17:29:51:INFO: Epoch: 6
2022-08-17 Wednesday 17:29:51:INFO: LR: 0.001
2022-08-17 Wednesday 17:30:04:INFO: {'type': 'metric', 'label': 'training_confusion_matrix', 'accuracy': 0.9865020766035995, 'precision': [0.9893246692968206, 0.9837118605184675], 'recall': [0.9836179049377018, 0.989386248269497], 'f1': [0.9864630336688645, 0.9865408949729662], 'confusion_matrix': [[4263, 71], [46, 4288]], 'epoch': None}
2022-08-17 Wednesday 17:30:04:INFO: {'type': 'metric', 'label': 'training_loss', 'epoch': 6, 'value': 0.04325725790070233, 'sum': 374.9539114832878, 'num_example': 8668}
2022-08-17 Wednesday 17:30:04:INFO: {'type': 'metric', 'label': 'training_dist_target', 'value': (0.02273265373290108, 0.022999635037596895), 'epoch': 6}
2022-08-17 Wednesday 17:30:05:INFO: {'type': 'metric', 'label': 'validation_confusion_matrix', 'accuracy': 0.8783783783783784, 'precision': [0.8076923076923077, 0.9912280701754386], 'recall': [0.9932432432432432, 0.7635135135135135], 'f1': [0.8909090909090903, 0.8625954198473277], 'confusion_matrix': [[147, 1], [35, 113]], 'epoch': None}
2022-08-17 Wednesday 17:30:05:INFO: {'type': 'metric', 'label': 'validation_loss', 'epoch': 6, 'value': 0.3615073646242554, 'sum': 107.0061799287796, 'num_example': 296}
2022-08-17 Wednesday 17:30:05:INFO: {'type': 'metric', 'label': 'validation_dist_target', 'value': (0.00700470174637598, 0.23182167072553891), 'epoch': 6}
2022-08-17 Wednesday 17:30:11:INFO: Epoch: 7
2022-08-17 Wednesday 17:30:11:INFO: LR: 0.001
2022-08-17 Wednesday 17:30:24:INFO: {'type': 'metric', 'label': 'training_confusion_matrix', 'accuracy': 0.9689663128749423, 'precision': [0.9745505486808312, 0.9635119726339795], 'recall': [0.9630826026765114, 0.9748500230733733], 'f1': [0.9687826389694785, 0.9691478380548222], 'confusion_matrix': [[4174, 160], [109, 4225]], 'epoch': None}
2022-08-17 Wednesday 17:30:24:INFO: {'type': 'metric', 'label': 'training_loss', 'epoch': 7, 'value': 0.08480960071554479, 'sum': 735.1296190023422, 'num_example': 8668}
2022-08-17 Wednesday 17:30:24:INFO: {'type': 'metric', 'label': 'training_dist_target', 'value': (0.044046431642333427, 0.04377811002907359), 'epoch': 7}
2022-08-17 Wednesday 17:30:25:INFO: {'type': 'metric', 'label': 'validation_confusion_matrix', 'accuracy': 0.9290540540540541, 'precision': [0.8895705521472392, 0.9774436090225563], 'recall': [0.9797297297297297, 0.8783783783783784], 'f1': [0.9324758842443724, 0.9252669039145902], 'confusion_matrix': [[145, 3], [18, 130]], 'epoch': None}
2022-08-17 Wednesday 17:30:25:INFO: {'type': 'metric', 'label': 'validation_loss', 'epoch': 7, 'value': 0.2114494720826278, 'sum': 62.589043736457825, 'num_example': 296}
2022-08-17 Wednesday 17:30:25:INFO: {'type': 'metric', 'label': 'validation_dist_target', 'value': (0.01734243591341215, 0.16066544764750712), 'epoch': 7}
2022-08-17 Wednesday 17:30:32:INFO: Epoch: 8
2022-08-17 Wednesday 17:30:32:INFO: LR: 0.001
2022-08-17 Wednesday 17:30:45:INFO: {'type': 'metric', 'label': 'training_confusion_matrix', 'accuracy': 0.9726580526072912, 'precision': [0.9818866149141379, 0.9637763187683949], 'recall': [0.9630826026765114, 0.9822335025380711], 'f1': [0.9723937099592307, 0.972917380870757], 'confusion_matrix': [[4174, 160], [77, 4257]], 'epoch': None}
2022-08-17 Wednesday 17:30:45:INFO: {'type': 'metric', 'label': 'training_loss', 'epoch': 8, 'value': 0.07616916169933752, 'sum': 660.2342936098576, 'num_example': 8668}
2022-08-17 Wednesday 17:30:45:INFO: {'type': 'metric', 'label': 'training_dist_target', 'value': (0.041699985355950195, 0.042006615289741804), 'epoch': 8}
2022-08-17 Wednesday 17:30:45:INFO: {'type': 'metric', 'label': 'validation_confusion_matrix', 'accuracy': 0.9087837837837838, 'precision': [0.8457142857142858, 1.0], 'recall': [1.0, 0.8175675675675675], 'f1': [0.9164086687306496, 0.8996282527881035], 'confusion_matrix': [[148, 0], [27, 121]], 'epoch': None}
2022-08-17 Wednesday 17:30:45:INFO: {'type': 'metric', 'label': 'validation_loss', 'epoch': 8, 'value': 0.3372033407559266, 'sum': 99.81218886375427, 'num_example': 296}
2022-08-17 Wednesday 17:30:45:INFO: {'type': 'metric', 'label': 'validation_dist_target', 'value': (0.002592257526073907, 0.22442146571906837), 'epoch': 8}
2022-08-17 Wednesday 17:30:55:INFO: Calculating recall rate: sun2011
2022-08-17 Wednesday 17:33:55:INFO: RR calculation - 500 duplicate reports were processed
2022-08-17 Wednesday 17:36:42:INFO: RR calculation - 1000 duplicate reports were processed
2022-08-17 Wednesday 17:39:38:INFO: RR calculation - 1500 duplicate reports were processed
2022-08-17 Wednesday 17:42:48:INFO: RR calculation - 2000 duplicate reports were processed
2022-08-17 Wednesday 17:45:57:INFO: RR calculation - 2500 duplicate reports were processed
2022-08-17 Wednesday 17:49:08:INFO: RR calculation - 3000 duplicate reports were processed
2022-08-17 Wednesday 17:49:20:INFO: [] Throughput: 2.743621858746221 bugs per second (bugs=3029 ,seconds=1104.0151143074036)
2022-08-17 Wednesday 17:49:20:INFO: {'type': 'metric', 'label': 'recall_rate', 'k': 1, 'rate': 0.5001650709805217, 'hit': 1515, 'total': 3029, 'epoch': 0}
2022-08-17 Wednesday 17:49:20:INFO: {'type': 'metric', 'label': 'recall_rate', 'k': 2, 'rate': 0.5668537471112578, 'hit': 1717, 'total': 3029, 'epoch': 0}
2022-08-17 Wednesday 17:49:20:INFO: {'type': 'metric', 'label': 'recall_rate', 'k': 3, 'rate': 0.6008583690987125, 'hit': 1820, 'total': 3029, 'epoch': 0}
2022-08-17 Wednesday 17:49:20:INFO: {'type': 'metric', 'label': 'recall_rate', 'k': 4, 'rate': 0.6233080224496533, 'hit': 1888, 'total': 3029, 'epoch': 0}
2022-08-17 Wednesday 17:49:20:INFO: {'type': 'metric', 'label': 'recall_rate', 'k': 5, 'rate': 0.6388246946186861, 'hit': 1935, 'total': 3029, 'epoch': 0}
2022-08-17 Wednesday 17:49:20:INFO: {'type': 'metric', 'label': 'recall_rate', 'k': 6, 'rate': 0.6523605150214592, 'hit': 1976, 'total': 3029, 'epoch': 0}
2022-08-17 Wednesday 17:49:20:INFO: {'type': 'metric', 'label': 'recall_rate', 'k': 7, 'rate': 0.6632551997358864, 'hit': 2009, 'total': 3029, 'epoch': 0}
2022-08-17 Wednesday 17:49:20:INFO: {'type': 'metric', 'label': 'recall_rate', 'k': 8, 'rate': 0.6718388907230108, 'hit': 2035, 'total': 3029, 'epoch': 0}
2022-08-17 Wednesday 17:49:20:INFO: {'type': 'metric', 'label': 'recall_rate', 'k': 9, 'rate': 0.6810828656322219, 'hit': 2063, 'total': 3029, 'epoch': 0}
2022-08-17 Wednesday 17:49:20:INFO: {'type': 'metric', 'label': 'recall_rate', 'k': 10, 'rate': 0.6880158468141301, 'hit': 2084, 'total': 3029, 'epoch': 0}
2022-08-17 Wednesday 17:49:20:INFO: {'type': 'metric', 'label': 'recall_rate', 'k': 11, 'rate': 0.6932981181908221, 'hit': 2100, 'total': 3029, 'epoch': 0}
2022-08-17 Wednesday 17:49:20:INFO: {'type': 'metric', 'label': 'recall_rate', 'k': 12, 'rate': 0.7002310993727303, 'hit': 2121, 'total': 3029, 'epoch': 0}
2022-08-17 Wednesday 17:49:20:INFO: {'type': 'metric', 'label': 'recall_rate', 'k': 13, 'rate': 0.7045229448662925, 'hit': 2134, 'total': 3029, 'epoch': 0}
2022-08-17 Wednesday 17:49:20:INFO: {'type': 'metric', 'label': 'recall_rate', 'k': 14, 'rate': 0.7114559260482007, 'hit': 2155, 'total': 3029, 'epoch': 0}
2022-08-17 Wednesday 17:49:20:INFO: {'type': 'metric', 'label': 'recall_rate', 'k': 15, 'rate': 0.717068339385936, 'hit': 2172, 'total': 3029, 'epoch': 0}
2022-08-17 Wednesday 17:49:20:INFO: {'type': 'metric', 'label': 'recall_rate', 'k': 16, 'rate': 0.7213601848794982, 'hit': 2185, 'total': 3029, 'epoch': 0}
2022-08-17 Wednesday 17:49:20:INFO: {'type': 'metric', 'label': 'recall_rate', 'k': 17, 'rate': 0.7253218884120172, 'hit': 2197, 'total': 3029, 'epoch': 0}
2022-08-17 Wednesday 17:49:20:INFO: {'type': 'metric', 'label': 'recall_rate', 'k': 18, 'rate': 0.7282931660614064, 'hit': 2206, 'total': 3029, 'epoch': 0}
2022-08-17 Wednesday 17:49:20:INFO: {'type': 'metric', 'label': 'recall_rate', 'k': 19, 'rate': 0.7315945856718389, 'hit': 2216, 'total': 3029, 'epoch': 0}
2022-08-17 Wednesday 17:49:20:INFO: {'type': 'metric', 'label': 'recall_rate', 'k': 20, 'rate': 0.7339055793991416, 'hit': 2223, 'total': 3029, 'epoch': 0}
2022-08-17 Wednesday 17:49:20:INFO: {'type': 'metric', 'label': 'MAP', 'value': 0.5661893410542778, 'sum': 1714.9875140534073, 'total': 3029, 'epoch': 0}
2022-08-17 Wednesday 17:49:20:INFO: [1, 46, 5, 7, 43, 37, 2, 2011, inf, 236, 80, 1, 1, 3, 1, 81, 33, inf, 4, 5, 1266, 2110, 1, 97, 680, 15, 4, 9, 1, 19, 1, 1, 1, 1, 151, 1, 4, 11, 38, 1, 3, 27, 528, 1, 12, 10, 157, 1, 4, 113, 45, 274, 29, 97, 35, 15, 6, 29, 76, 426, 5, 1, 9, 5, 1, 12, 14, 1, inf, 1, 4, 2, 1, inf, 30, 846, inf, 18, inf, 4, 42, 23, 156, 792, 16, 3, 860, 1, 1, 63, 59, 326, 156, 245, 1, 1, 2, 17, 46, 89, 1, 114, inf, 105, 1, 1, 224, 5, inf, 1, 8, 99, 2, 2, inf, 1, 2, 71, 4, 674, 6, 2024, 3, 7, 1, 35, inf, inf, 1, 16, 93, inf, 9, 1, 1, 5, 17, 1, 91, inf, 16, 37, inf, inf, 2, 336, 2, 3, inf, 4, 93, 27, inf, 1, 26, 3, 70, 173, inf, 491, 77, 2, inf, 308, 2, 1, 73, 1, 18, 223, 287, 162, 6, inf, 1, 15, 3, 3, 39, 1, 1223, 12, 4, 4, inf, 3, 274, 1, 8, 232, inf, 3, 1, 6, 1, 36, inf, 381, 6, 2, 36, 62, 3, 605, 1, 1, 38, 1, 1, 27, 3, 2495, 8, 43, 4, 39, 43, 135, 9, 4, 1, 23, 3, inf, inf, 1, 2, 1, 1, 9, 247, 6060, inf, 82, 6, 9, 1, inf, 1, 1, 1, 1, 21, 2, 1, 1, 4, 3, 60, 766, 49, 1, 10, 9, 1, 281, 1212, 35, 3, 1, inf, 1, 1, 360, 264, 2, 52, 2, inf, 3, 149, 13, 3, 2, 12, 10, 1, 19, 20, 48, 29, 14, 28, 1, 1742, 4, 3, 4634, 72, 1, 189, 2, 1, 6, inf, 65, inf, 56, 2, 7, 182, 1, 99, 37, 441, inf, 197, 1, 3, 1, 37, 3, 140, 156, inf, 1, 94, 6, 1, 9, inf, 31, 1, 24, 11, 19, 7, 61, 10, 72, 654, 1, 12, 1, 1, 7, 116, 6, 2, 122, 57, 56, 1, 1, inf, 2, 382, inf, 3, 12, 20, 136, 1, 470, 1909, 4, inf, 17, 1, 50, inf, 82, inf, 21, 16, 62, 2, 8, 1, 1, 3, 1, 6, inf, 1, 1, 1, 21, 4, 1, 2, 12, inf, 460, inf, inf, 70, 22, 6, 454, 38, 1, 1, 321, inf, inf, 194, 89, 3, 12445, 3, 1, 714, 55, inf, 2, 12, 9, 76, 38, 14, inf, 2, 1, 5, inf, inf, 3, 290, 117, 7, inf, 53, 2665, inf, inf, 3, 77, 11, 4, 10, inf, 264, 392, 1, 1, inf, 2, 223, 67, inf, 1, 29, 1223, 1, 128, 15, 11, 59, 1, 23, 4, 8, inf, 1, 1, 1, 1, inf, 32, 1, 1, 210, 20, 212, 647, 18, 171, 65, inf, 49, 36, 1, 275, 2, 186, 2, 10, 7, 13, 13, 1, 4, 69, inf, inf, 4, 1, 6, 1, 18, 40, 12, 57, 1, 1, 23, 49, 1, 2, inf, 20, 1, 2, 108, 1, 11, 17, 2, 847, 12, 3, 1331, 3, inf, 7, 28, 15, 144, inf, 8, 39, 17, 3, inf, inf, 1, 90, 5, 60, inf, 1, 3, inf, 9, 8, inf, 1, 5, 4, 2, 28, 363, 322, 1, 1, inf, 1, 1, 6338, 1, 11, 2, 3, 1, 1, 79, 406, 7, 1, 3, 535, 1, 204, 20, 392, 1, 5, 1, 1, 1, 1, 1, 1, 1, 30, 1, 14, 4, 92, 2, 75, 14, 1, 2, 64, 1, 2, 5, 1, 7, 1, 17, 1, 1, inf, 2, 160, 137, 178, 65, 1, 71, 42, 206, 174, 156, 2, 175, 2549, 3, 1, 26, 4, 250, 549, 86, 298, 327, 19, 27, 120, 466, 1, 4, 24, 8010, 1, 236, 172, 21, 1086, 1, 3, 3, 13, 4, 29, 1, 2, 1, 4, 12, inf, 827, 100, 53, 7, 1193, 1, 10, 159, 349, inf, 710, 225, 79, 1, 1, 111, 285, 12, 4, 2, 1, inf, inf, 1, 96, inf, 2, inf, 2, 441, 21, 2, 1, 1, 10, 5, 9, 1, 8843, inf, 42, 2, 10, 30, 93, 4, 3, 5, 300, 6, 1, 2, 3, 4, 2, 29, 17, 268, 2, 7, 1, 62, 2, 14, 2, 214, 14, 248, 1, 4, 19, 4, 1, 12, 46, 58, 6, 6, 2, 5, 70, 68, 158, inf, 6, 1, 1554, inf, 12, 1, 2, 59, 13, 1, 3, 60, 1, 1, 2, 221, 104, 5, 41, 1, 33, 8, 128, 1354, inf, 1, 12, 1, 6, 6, 2, 50, 2, 58, 6, inf, 4, inf, 16, 276, 12, 1245, 60, inf, 7, 2, inf, 21, 12, 33, 65, 111, 1, 931, 4607, inf, 61, 1, 174, 6, 61, 1, 6, 42, inf, 200, 1, 124, inf, 3, 1, inf, 263, 4, 6222, 1, 14, inf, 1, 4186, 98, inf, 4, 2, 88, 34, 282, 2339, 1, 11, 1, 177, 2, 15, 3, 3, 1, 4, 19, 44, 3, 7, 94, 66, 3, 1, 1, 7, inf, 21, 1, 1, 81, 213, 3, 184, 1, 14, 1, 4, 1, 45, 144, 12700, 1, 15, 12, 1, 2, 80, 2232, 1, 1, 6, 2, 28, 58, inf, 1, 10, 28, 1, 7030, inf, 2, 15, 3, 11, 40, 33, 2, 6, inf, inf, 8, 1, 44, 50, 1, 8, 175, 279, 18, 6, 1076, 36, 10, 245, 187, 6, 1, 5, 14, 14, 1, 59, 9, 5, 1, inf, 4, 48, 1, 3517, inf, 1, 1, 35, 2979, 227, 98, 1, 15, 110, 5, 1, inf, inf, 2, 1, inf, 47, inf, inf, 3, 1, 1, 2, 1, 1, 5, inf, 1, 4, 1, 198, inf, 83, 4, inf, 26, 2766, 974, 5, 5, 1, 1, 14, 23, 53, inf, 3, 1, 252, 1, 1, 252, 13, 21, 4, 1, 3, 404, 1, 1, 1, 3, 324, 11, inf, 54, 1, 15, 1, 1, inf, 877, 26, 3, 36, 16, inf, 1, inf, 15, 2, 42, inf, inf, inf, 3, 274, 1, 33, 915, 1, 3, 8, 6, 1, 5, 5, 5, 2, 23, 46, 9, inf, 572, 37, 9, 1, 6, inf, 1280, 1, 10, 40, 2, 1, inf, 3781, 110, 3, 7, 1, 2, inf, 4, 9, 1, 415, inf, 25, 1, inf, 19, 1, 351, 76, 8, 9, 699, 6, inf, 45, 6, 438, 67, 1160, 40, 6, 4, 18, 44, inf, 941, 16, 1, 79, inf, 1, 653, 1, 6, 1, 128, 1, 10, 1, 4, 2, 1, inf, 381, 1, 23, 9, 236, 72, 1, inf, 1, 61, 1, 1, 1, 2, 2, 2, 1, 2, 1, 1, 1, 1, 1, 1, 1, 1, 2, 1, 1, 1, 1, 1, 1, 3, 1, 34, 7, 2, 1, 8, 1, 1, 1, 1, 1, 1, 5, 1, 886, 34, 5, 5, inf, 43, 212, 1, 1, 1, 1, 1, 5, 1, 1, 1, inf, 1, 1, 1, 3, 1, 1, 1, 1, 1, 1, 1, 1, 119, 1, 1, 1, 1, inf, inf, 1, 1, 2, 4, 2, 2, 401, 3, 7, 1, 1, 1, 1, 1, 1, 1, 7, 35, 2, 386, 1, 1, inf, 37, 1, 1, 1, 1, 1, 54, 1, 1, 1, 593, 1, 27, 1, 1, 23, 2, 1, 69, inf, 729, 1, 17, 315, 8, 25, 82, 3, 2, 8, 5, 62, 1, 22, 1, 1, 1, 1, 1, 1, 3, 3, 1, 4, 119, 4, inf, 151, 1, 2, 1, 1, 1, 1, 1, 9, 1, 1, 1, 1, 1, 562, 1, 1, 4, 3, 1, 143, 577, 1, 5, 1, 1, 1, 1, 1, 1, 1, 381, 1, 18, 1, 1, 14, 1, 234, 380, 1, 23, 2, 1, 11, 1, 51, 4, 1, inf, 6, 1, 3, inf, 1, 1, inf, 2, 1, 2, 1, 1, 197, 1, 2, 1, 1, 2, 47, 1, 1, 1, 1, 55, 3, 1, 1, 1, 1, 1, 1, 1, 1, 1, 1, 1, 1, 1, 1, 1, 1, 1, 4, 1, 2, 1, 6, 1, 113, 1, 1, 1, 1, 1, 1, 2, inf, 1, 1, 2, 1, 2, 1, 45, 1, 1, 2, 36, 135, 1, 2, 1, 1, 2, 1, 38, 1, 1, 2, 1, 239, 61, 2, 9, 1, 172, 10, 1, 1, 189, 1, 5, 7, 2, 1, 14, 637, 1, inf, 1, 366, 5, 1, 1, 1, 1, 2134, 2, 1, 5, 229, 2, 687, 1, 1, 1, 1, 1, 1, 1, 3, 1, 31, 1, 1, 2, 1, 4, 1, 6, 1, 1, 1, 1, 529, 2, 2390, 1, 1, 1, 1, 1, 1, 1, 1, 265, 13, 1, 1, 3, 1, 1, 1, 1, 1, 1, 1, 1, 1, 1, 3, 1, 1, 1, 1, 1, 1, 1, 166, 1, 1, 1, 1, 1, 1, 1, 4, 1, 1, 1, 1, 1, 1, 1, 5, 1, 385, 1, 240, 1, 1, inf, 6, 2, 42, 1, 120, 18, 1, 2, 1, 1, 239, 1, 1, 1, 1, 2, 1, 1, 1, 1, 7, 195, 1, 1, 1, 1, 1, 1, 2, 1, 8, 1, 321, 1, 11, 1, 1, 1, 1, 2, 2, 1, 1, 1, 1, 1, 1, 1, 1, 50, 1, 1, 1, 1, 1, 1, 1, 1, 1, 1, 1, 1, 1, 1, 1, 1, 1, 1, 1, 1, 1, 1, 1, 1080, 1, 1, 4, 1, 115, 2, 1, 1, 1, 34, 8, 1, 1, 1, 1, 1, 1, 1, 1, 2, 1, 1, 1, 1, 1, 1, 1, 2, 1, 8, inf, 2, 1, 1, 1, 1, 1, 1, 1, 1, 3, 1, 8, 50, 11, 2, 1, 1, 1, 1, 2, 1, 1, 1, 1, 1, 1, 1, 1, 1, 4, 1, 1, 1, 107, 2, 1, 1, 1, 2, 1, 49, 1, 1, 1, 1, 1, 629, 1, 1, 1, 1, 1, 1, 1, 1, 1, 1, 1, 1, 1, 1, 1, 1, 1, 1, 1, 3, 1, 1, 2, 1, 1, 1, 1, 2, 1, 1, 1, 1, 1, 1, 1, 1, 1, 1, 1, 1, 2, 1, 1, 1, 1, 1, 1, 1, 6, 1, 1, 1, 2, inf, 1, 9, 1, 1, 1, 6, 1, 1, 9, 1, 1, 1, 1, 1, 1, 1, 1, 1, 181, 1, 1, 1, 1, 1, 1, 1, 1, 1, 1, 1, 16, 1, 1, 1, 1, 16, 1, 1, 1, 1, 1, 1, 1, 3, 1, 1, 1, 29, 30, 1, 1, 1, 30, 1, 1, 1, 1, 4, 1, 1, 1, 1, 35, 3, 1, 1, 1, 1, 1, 63, 1, 1, 1, 1, 1, 1, 1, 1, 1, 42, 3, 3, 1, 1, 1, 1, 1, 1, 1, 1, 1, 1, 1, 1, 10, 1, 69, 1, 1, 1, 1, 2, 30, 13, 8, 1, 53, 167, 27, 1, 14, 94, 1, 43, 112, 102, 7, 1, 16, 1, 1, 299, 31, 1, 2, 1, 1, 15, 1, 1, 1, 1, 1, 1, inf, 1, 1, 17, 1, 1, 42, 1, 1, 1, 1, 1, 8, 1, 99, 2, 1, 2, 2, 2, 2, 1, 26, 1, 1, inf, 2, 1, 12, 1, 1, 11, 1, 1, 1, 1, 1, 1, 1, 1, 1, 1, 1, 1, 1, 1, inf, 27, 2, 46, 1, 1, 1, 1, 1, 1, 14, 13, 1, 23, 1, 1, 2, 1, 1, 1, 1, 1, 1, 1, 1, 1, 1, 1, 2, 1, 1, 1, 1, 1, 160, 7, 1, 1, 1, 1, 144, inf, 1, 1, 27, 1, 1, 1, 1, 1, 1, 1, 1, 2, 1, 1, 1, 21, 1, 1, 9, 3, 1, 1, 79, 1, 1, 1, 1, 1, 1, 1, 85, 1, 1, 3, 1, 1, 2, 1, 1, 1, 1, 1, 1, 29, 1, 1, 1, 1, 1, 3, 1, 1, 1, 1, 1, 1, 355, 2, 1, 1, 1, 1, 1, 1, 1, 1, 631, 331, 1, 80, 151, 1, 1, 1, 1, 1, 1, 1, 1, 1, 1, 1, 1, 1, 1, 1, 1, 1, 1, 1, 1, 1, 2, 1, 3, 1, 1, 1, 543, 2, 1, 1, 1, 1, 1, 1, 1, 1, 1, 1, 1, 1, 1, 1, 1, 1, 1, 3, 1, 17, 1, 4, 3708, 1, 4, 8, 58, 1, 3, 4, 1, 1, 2, 2, 2, 1, 1, 1, 1, 1, 1, 1, 1, 1, 1, 1, 1, 1, 1, 37, 1, 1, 1, 1, 1, 1, 1, 1, 2, 1, 1, 1, 1, 1, 1, 1, 1, 1760, 5, 15, 7, inf, 2, 3, 1, 1, 5, 1, 34, inf, 1, 1, 1, 92, 1626, 8, inf, 1, 1, 192, 8, 64, 1, 1, 1, 1, 6, 1, 108, 1, 1, 1, 2, 2, 1, 2, 88, 1, 1, 1, 293, 244, 1, 1, 1, 1, 1, 53, 1, 4, 1, 1, 1, 3, 1, 1, 15, inf, 1, 1, 2, 1, 1, 1, 1, 14, 1, 1, 1, 1, 1, 1, 1, 1, 1, 1, 3, 1, 1, 1, 1, 1, 1, 1, 1, 1, 1, 1, 2, 1, 1, 1, 1, 1, 1, 1, 1, 1, 1, 1, 2154, 60, 32, 1, 1, 1, 1, 52, 2, 1, 1, 1, 1, 1, 1, 1, 2, 1, 1, 3, 2, 1, 1, 2, 1, 2, 9, 1, 1, 2, 1, 5, 1, 221, 1, 163, 1, 43, 63, 1, 1, 5, 1, 10, 9, 1, 1, 3, 1, 1, 1, 1, 1, inf, 1315, 941, 149, 11, 1, 1, 1, 4, 1, 1, 1, 2, 1, 14, 1, 1, 15, 1, 3, 2, 1, 1, 1, 1, 1, 2, 197, 2, 43, 1, 2, 372, 1, 1, 1, 1, 1, 1, 1, 1, 1, 1, 1, 1, inf, 1, 1, 1, 41, 1, 1, 1, 1, 1, 1, 1, 1, 1, 1, 1, 1, 1, 1, 1, 1, 1, 1, 1, 1, 1, 1, 1, 27, 52, 105, 1, 1, 1, 1, 1, 1, 1, 1, 1, 1, 1, 1, 1, 1, 1, 1, inf, 596, 1, 1, 45, 685, 1, 1, 2, 1, 1, 1, 609, 1, 1, 51, 1, 1, 1, 1, 1, 1, 1, 1, 1, 1, 1, 73, 1, 1, 1, 1, 1, inf, 2, inf, 1, 1, 1, 54, 1, 1, 2, 1, 1, 1, 1, 1, 1, 1, inf, 1, 2, 1, 1, 1, 1, 1, 3, 1, 1, 1, 1, 2, 1, 1, 1, 1, inf, 1, 1, 1, 1, 10, 1, 1, 1, 1, 1, 108, inf, 1, inf, 785, 2, 1, 1, 1, 1, 1, 259, inf, 1, 5, 1, 1, 1, 1, 1, 1, 1, 1, 1, 1, 1, 1, 4, 56, 1, 1, 1, 1, 1, 1, 1, 1, 1, 1, 1, 1, 1, 1, 57, 1, 310, 4, 1, 1, 1, 1, 1, 1, 1, 2, 1, 1, 1, 1, 1, 1, 1, 1, 1, 2, 1, 1, 1, 1, 1, 1, 1, 1, 5, 1, 1, 1, 3, 1, 1, 3, 1, 2, 151, 55, 1, 26, 1, 1, 1, 132, 1, 1, 1, 1, 1, 1, 2, 2, 2142, 554, 1, 1, 1, 823, inf, 524, 1, 1, 1, 1, 642, 1, 1, 1, 1, 1, 3, 3, 1, 2, 1, 3, 1, 1, 1, 874, 436, 1, 60, 14, 7, 1, 1, 18, 1, 11, 2, 1, 1, 1, 1, 256, 1, 1, 1, 2, 158, 2, 7, 7, 13, 1, 97, 11, 1, inf, 1, 1, 1, 1, 1, 1, 1, 1, 517, 5, 1, 1, inf, inf, 2, 1, 3, inf, 1, 1, 123, 22, 1, 1, 1, 46, 1, 1, 1, 1, 1, 25, 84, 1332, 1, 3, 1, 58, 1, 1, 1, 1, 1, 1, 1, 1, 1, 1, 1, 1, 1, 1, 1, 1, 1, 1, 1, 1, 1, 1, 2, 10, 2, 1, 1, 1, 2, 1, 5, 1, 66, 1, 1, 174, 1, 1, 2, 1, 1, 1, 1, 2, 1, 1, 1, 1, 1, 277, 809, 1, 1, inf, 1, 1, 1, 1, 1, 1, 2, 13, 1, 1, inf, 3, 2, 1, 1, 1, 17, 2, inf, 39, 1, 2, 1, 1, 1, 1, 1, 1, 1, 1, 121, 1, 1, 1, 1, 4, 2, 2, 1, 606, 1, inf, 2, 1, 25, 1, 1, 1, 1, 1, 1, 1, 1, 1, 1, 1, 1, 1, 590, 1, inf, 1, 17, 361, 3, 1, 1, 1, 2, 1, 1, 1, 10, 1, 1, 1, 10, 1, 1, 4, 1, 1, 1, 1, 1, 1, 1, 1, 15, 1, 1, 1, 1, 1, 2, 1, 1, 5, 183, 35, 2, 1, 1, 1, 1, 13, 6, 2, 1, 1, 1, 1, 1, 238, 1, 1, 1, 1, 1, 1, inf, 1, 1, 1, 1, 7, 1, 24, 7, 1, 3, 1, 1, 1, inf, 1, 1, 1, 19, 1, 1, 1, 1, 1, 27, 1, 50, 1917, 24, 13, 1, 1, 1, 34, 61, 1082, 71, 8, 3, 1, 1, 1, 4, 1, 76, 2, 1, 1, 1, 1, 1, 1, 1, 1, 28, 531, 1, 1, 1, 1, 1, 2, 4, 1, 22, 1, 7, 1, 1, 1, 3, 1, 1, 1, 1, 1, 122, 1, 1, 7, 3, 1, 1, 1, inf, 1, 1, 1, 42, 5, 2, 1, 2, 1, 1, 1, 1, 2423, 2, 2, 1, 1, 1, 67, 2, 539, 1, 10, 1, 1, 32, 2, 1, 24, 9, 656, 46, 4, 2, 14, 1, 2, 16, 73, 318, 144, 15, 1, inf, 277, 12, 1, 1, 1140, 1, 81, 2322, 7, inf, 334, 2, 2633, 1, 5, 1, 196, 9, 1, 3, 16, 129, 1, 1, 20, 1, 5, 134, 2, 12, 5, 39, 50, 32, 1, inf, 21, inf, inf, inf, inf, 8, 14, inf, 3353, 95, 263, 4, 1, 277, 1, inf, 98, 9, inf, inf, 1, inf, 248, 1673, 19, 413, 2, 1, 3, 49, 16, 1, 2387, 1, 108, 9, inf, 1, 319, 6, 51, 490, 29, inf, 423, inf, 3, 817, 3, 224, inf, 1, 164, 7, 1, 1, 6, 2, 240, 309, 1, 1, 3, 89, 123, 22, 27, 20, 4, 2, 1, 1, 1, 1, 1, 1, 1, 1, 1, 1, 1, 1, 1, 1, 1, 1, 1, 36, 1, 19, 135, 31, 3, 1, 2]
2022-08-17 Wednesday 17:49:20:INFO: It completed at: 2022-08-17 17:49:20.284149
2022-08-17 Wednesday 17:49:20:INFO: Completed after: 0:29:43.285255
