2022-08-17 Wednesday 16:14:47:INFO: {'bug_database': 'dataset/eclipse-old/eclipse-old_soft_clean.json', 'database_name': 'eclipse-old', 'epochs': 8, 'lr': 0.001, 'l2': 0.0, 'dropout': None, 'batch_size': 128, 'ranking_batch_size': 256, 'cuda': True, 'cache_folder': 'scratch/temp/', 'pairs_training': 'dataset/eclipse-old/training_split_eclipse-old_pairs_random_1.txt', 'pairs_validation': 'dataset/eclipse-old/validation_eclipse-old_pairs_random_1.txt', 'neg_pair_generator': {'type': 'non_negative', 'training': 'dataset/eclipse-old/training_eclipse-old.txt', 'rate': 1, 'pre_list_file': None, 'k': 0, 'n_tries': 15, 'preselected_length': None, 'random_anchor': True}, 'sum_desc': None, 'summary': {'word_embedding': 'word_embedding/eclipse-old/glove_42B_300d_eclipse-old.txt', 'lexicon': None, 'encoder_type': 'rnn', 'tokenizer': 'white_space', 'filters': ['TransformLowerCaseFilter'], 'rnn_type': 'lstm', 'hidden_size': 300, 'nfilters': 100, 'bidirectional': True, 'num_layers': 1, 'dropout': 0.15, 'update_embedding': False, 'fixed_opt': 'mean+max', 'activation': 'relu', 'batch_normalization': False, 'hidden_sizes': None, 'hidden_act': None, 'hidden_dropout': 0.0, 'bn_last_layer': False, 'self_att_hidden': 100, 'n_hops': 20, 'standardization': False}, 'description': {'word_embedding': 'word_embedding/eclipse-old/glove_42B_300d_eclipse-old.txt', 'lexicon': None, 'encoder_type': 'rnn', 'tokenizer': 'white_space', 'filters': ['TransformLowerCaseFilter'], 'rnn_type': 'lstm', 'hidden_size': 300, 'nfilters': 100, 'bidirectional': True, 'num_layers': 1, 'dropout': 0.15, 'update_embedding': False, 'fixed_opt': 'mean+max', 'activation': 'relu', 'batch_normalization': True, 'hidden_sizes': None, 'hidden_act': None, 'hidden_dropout': 0.0, 'bn_last_layer': False, 'window_sizes': [3], 'self_att_hidden': 100, 'n_hops': 20, 'standardization': False}, 'categorical': {'lexicons': 'dataset/eclipse-old/categorical_lexicons.json', 'bn_last_layer': True, 'emb_size': 20, 'hidden_sizes': [40], 'dropout': 0.0, 'activation': 'relu', 'batch_normalization': True}, 'classifier': {'type': 'binary', 'without_embedding': False, 'batch_normalization': True, 'dropout': 0, 'hidden_sizes': [300, 50], 'margin': 0, 'loss': None}, 'recall_estimation_train': None, 'recall_estimation': None, 'rr_val_epoch': 100, 'rr_train_epoch': 100, 'random_switch': False, 'ranking_result_file': None, 'optimizer': 'adam', 'momentum': 0.9, 'lr_scheduler': None, 'save': None, 'load': None, 'pair_test_dataset': None, 'recall_rate': {'type': 'sun2011', 'dataset': 'dataset/eclipse-old/test_eclipse-old.txt', 'result_file': None, 'group_by_master': True, 'window': 365}, 'seed': 454204553}
2022-08-17 Wednesday 16:14:47:INFO: It started at: 2022-08-17 16:14:47.953924
2022-08-17 Wednesday 16:14:49:INFO: Turning CUDA on
2022-08-17 Wednesday 16:14:49:INFO: Using Summary information.
2022-08-17 Wednesday 16:19:00:INFO: Lexicon size: 1934888
2022-08-17 Wednesday 16:19:00:INFO: Word Embedding size: 300
2022-08-17 Wednesday 16:19:00:INFO: Use white space tokenizer to tokenize summary information
2022-08-17 Wednesday 16:19:05:INFO: Using Description information.
2022-08-17 Wednesday 16:23:34:INFO: Lexicon size: 1934888
2022-08-17 Wednesday 16:23:34:INFO: Word Embedding size: 300
2022-08-17 Wednesday 16:23:34:INFO: Use white space tokenizer to tokenize summary information
2022-08-17 Wednesday 16:23:38:INFO: Using Categorical Information.
2022-08-17 Wednesday 16:23:39:INFO: Using NLLLoss
2022-08-17 Wednesday 16:23:43:INFO: Non Negative Pair Generator
2022-08-17 Wednesday 16:23:43:INFO: Using the following dataset to generate negative examples: Database: eclipse-old; Order by Date; Master report is the newest oneWe keep nested master reports; Database: eclipse-old; Order by Date; Master report is the newest oneWe keep nested master reports;. Number of bugs in the training: 49355
2022-08-17 Wednesday 16:23:44:INFO: Training size: 8668
2022-08-17 Wednesday 16:23:44:INFO: Validation size: 296
2022-08-17 Wednesday 16:23:44:INFO: Adam
2022-08-17 Wednesday 16:23:44:INFO: Scheduler: Constant
2022-08-17 Wednesday 16:23:44:INFO: Epoch: 1
2022-08-17 Wednesday 16:23:44:INFO: LR: 0.001
2022-08-17 Wednesday 16:23:57:INFO: {'type': 'metric', 'label': 'training_confusion_matrix', 'accuracy': 0.9082833410244577, 'precision': [0.919611097936922, 0.8975511121096383], 'recall': [0.8947854176280572, 0.9217812644208583], 'f1': [0.9070284177289201, 0.9095048377916898], 'confusion_matrix': [[3878, 456], [339, 3995]], 'epoch': None}
2022-08-17 Wednesday 16:23:57:INFO: {'type': 'metric', 'label': 'training_loss', 'epoch': 1, 'value': 0.2442519370179381, 'sum': 2117.1757900714874, 'num_example': 8668}
2022-08-17 Wednesday 16:23:57:INFO: {'type': 'metric', 'label': 'training_dist_target', 'value': (0.18298392032883823, 0.14550089142979375), 'epoch': 1}
2022-08-17 Wednesday 16:23:57:INFO: {'type': 'metric', 'label': 'validation_confusion_matrix', 'accuracy': 0.9391891891891891, 'precision': [0.9333333333333333, 0.9452054794520548], 'recall': [0.9459459459459459, 0.9324324324324325], 'f1': [0.939597315436241, 0.938775510204081], 'confusion_matrix': [[140, 8], [10, 138]], 'epoch': None}
2022-08-17 Wednesday 16:23:57:INFO: {'type': 'metric', 'label': 'validation_loss', 'epoch': 1, 'value': 0.18590657634509578, 'sum': 55.028346598148346, 'num_example': 296}
2022-08-17 Wednesday 16:23:57:INFO: {'type': 'metric', 'label': 'validation_dist_target', 'value': (0.0921988938305829, 0.11445767170674093), 'epoch': 1}
2022-08-17 Wednesday 16:24:00:INFO: Epoch: 2
2022-08-17 Wednesday 16:24:00:INFO: LR: 0.001
2022-08-17 Wednesday 16:24:12:INFO: {'type': 'metric', 'label': 'training_confusion_matrix', 'accuracy': 0.9668897092754961, 'precision': [0.9702533116430397, 0.963573883161512], 'recall': [0.9633133364097831, 0.970466082141209], 'f1': [0.9667708695148773, 0.967007702034716], 'confusion_matrix': [[4175, 159], [128, 4206]], 'epoch': None}
2022-08-17 Wednesday 16:24:12:INFO: {'type': 'metric', 'label': 'training_loss', 'epoch': 2, 'value': 0.09999341165958928, 'sum': 866.7428922653198, 'num_example': 8668}
2022-08-17 Wednesday 16:24:12:INFO: {'type': 'metric', 'label': 'training_dist_target', 'value': (0.06382547216477018, 0.06467542484106971), 'epoch': 2}
2022-08-17 Wednesday 16:24:12:INFO: {'type': 'metric', 'label': 'validation_confusion_matrix', 'accuracy': 0.9391891891891891, 'precision': [0.9012345679012346, 0.9850746268656716], 'recall': [0.9864864864864865, 0.8918918918918919], 'f1': [0.9419354838709673, 0.9361702127659569], 'confusion_matrix': [[146, 2], [16, 132]], 'epoch': None}
2022-08-17 Wednesday 16:24:12:INFO: {'type': 'metric', 'label': 'validation_loss', 'epoch': 2, 'value': 0.18631879703418627, 'sum': 55.15036392211914, 'num_example': 296}
2022-08-17 Wednesday 16:24:12:INFO: {'type': 'metric', 'label': 'validation_dist_target', 'value': (0.032893553174830774, 0.14559251875490756), 'epoch': 2}
2022-08-17 Wednesday 16:24:15:INFO: Epoch: 3
2022-08-17 Wednesday 16:24:15:INFO: LR: 0.001
2022-08-17 Wednesday 16:24:27:INFO: {'type': 'metric', 'label': 'training_confusion_matrix', 'accuracy': 0.976465159206276, 'precision': [0.9847417840375586, 0.9684664246823956], 'recall': [0.9679280110752192, 0.9850023073373327], 'f1': [0.9762625087270183, 0.976664378860672], 'confusion_matrix': [[4195, 139], [65, 4269]], 'epoch': None}
2022-08-17 Wednesday 16:24:27:INFO: {'type': 'metric', 'label': 'training_loss', 'epoch': 3, 'value': 0.07272940128354032, 'sum': 630.4184503257275, 'num_example': 8668}
2022-08-17 Wednesday 16:24:27:INFO: {'type': 'metric', 'label': 'training_dist_target', 'value': (0.04607493720904, 0.040680790750673414), 'epoch': 3}
2022-08-17 Wednesday 16:24:28:INFO: {'type': 'metric', 'label': 'validation_confusion_matrix', 'accuracy': 0.9527027027027027, 'precision': [0.9527027027027027, 0.9527027027027027], 'recall': [0.9527027027027027, 0.9527027027027027], 'f1': [0.9527027027027022, 0.9527027027027022], 'confusion_matrix': [[141, 7], [7, 141]], 'epoch': None}
2022-08-17 Wednesday 16:24:28:INFO: {'type': 'metric', 'label': 'validation_loss', 'epoch': 3, 'value': 0.1716207527631038, 'sum': 50.79974281787872, 'num_example': 296}
2022-08-17 Wednesday 16:24:28:INFO: {'type': 'metric', 'label': 'validation_dist_target', 'value': (0.050271778946390025, 0.07669210514506779), 'epoch': 3}
2022-08-17 Wednesday 16:24:30:INFO: Epoch: 4
2022-08-17 Wednesday 16:24:30:INFO: LR: 0.001
2022-08-17 Wednesday 16:24:43:INFO: {'type': 'metric', 'label': 'training_confusion_matrix', 'accuracy': 0.9822335025380711, 'precision': [0.9871794871794872, 0.9773869346733668], 'recall': [0.9771573604060914, 0.9873096446700508], 'f1': [0.9821428571428567, 0.9823232323232317], 'confusion_matrix': [[4235, 99], [55, 4279]], 'epoch': None}
2022-08-17 Wednesday 16:24:43:INFO: {'type': 'metric', 'label': 'training_loss', 'epoch': 4, 'value': 0.0545773737727358, 'sum': 473.0766758620739, 'num_example': 8668}
2022-08-17 Wednesday 16:24:43:INFO: {'type': 'metric', 'label': 'training_dist_target', 'value': (0.03246154315360526, 0.029733583998119), 'epoch': 4}
2022-08-17 Wednesday 16:24:43:INFO: {'type': 'metric', 'label': 'validation_confusion_matrix', 'accuracy': 0.9493243243243243, 'precision': [0.9130434782608695, 0.9925925925925926], 'recall': [0.9932432432432432, 0.9054054054054054], 'f1': [0.9514563106796111, 0.9469964664310948], 'confusion_matrix': [[147, 1], [14, 134]], 'epoch': None}
2022-08-17 Wednesday 16:24:43:INFO: {'type': 'metric', 'label': 'validation_loss', 'epoch': 4, 'value': 0.17655956000089645, 'sum': 52.26162976026535, 'num_example': 296}
2022-08-17 Wednesday 16:24:43:INFO: {'type': 'metric', 'label': 'validation_dist_target', 'value': (0.01730935718562152, 0.11433872338887807), 'epoch': 4}
2022-08-17 Wednesday 16:24:45:INFO: Epoch: 5
2022-08-17 Wednesday 16:24:45:INFO: LR: 0.001
2022-08-17 Wednesday 16:24:58:INFO: {'type': 'metric', 'label': 'training_confusion_matrix', 'accuracy': 0.9847715736040609, 'precision': [0.9906585707613265, 0.9790241678066576], 'recall': [0.978772496538994, 0.9907706506691278], 'f1': [0.984679665738161, 0.9848623853211004], 'confusion_matrix': [[4242, 92], [40, 4294]], 'epoch': None}
2022-08-17 Wednesday 16:24:58:INFO: {'type': 'metric', 'label': 'training_loss', 'epoch': 5, 'value': 0.04975576355819555, 'sum': 431.282958522439, 'num_example': 8668}
2022-08-17 Wednesday 16:24:58:INFO: {'type': 'metric', 'label': 'training_dist_target', 'value': (0.027092676711181478, 0.02507553819307381), 'epoch': 5}
2022-08-17 Wednesday 16:24:58:INFO: {'type': 'metric', 'label': 'validation_confusion_matrix', 'accuracy': 0.9628378378378378, 'precision': [0.9536423841059603, 0.9724137931034482], 'recall': [0.972972972972973, 0.9527027027027027], 'f1': [0.9632107023411366, 0.9624573378839586], 'confusion_matrix': [[144, 4], [7, 141]], 'epoch': None}
2022-08-17 Wednesday 16:24:58:INFO: {'type': 'metric', 'label': 'validation_loss', 'epoch': 5, 'value': 0.1441392836135787, 'sum': 42.66522794961929, 'num_example': 296}
2022-08-17 Wednesday 16:24:58:INFO: {'type': 'metric', 'label': 'validation_dist_target', 'value': (0.038686736990269775, 0.05795403106792553), 'epoch': 5}
2022-08-17 Wednesday 16:25:00:INFO: Epoch: 6
2022-08-17 Wednesday 16:25:00:INFO: LR: 0.001
2022-08-17 Wednesday 16:25:13:INFO: {'type': 'metric', 'label': 'training_confusion_matrix', 'accuracy': 0.9855791416705122, 'precision': [0.9904451176881846, 0.9808087731322824], 'recall': [0.9806183664051684, 0.990539916935856], 'f1': [0.9855072463768111, 0.9856503271725399], 'confusion_matrix': [[4250, 84], [41, 4293]], 'epoch': None}
2022-08-17 Wednesday 16:25:13:INFO: {'type': 'metric', 'label': 'training_loss', 'epoch': 6, 'value': 0.0433978786499484, 'sum': 376.17281213775277, 'num_example': 8668}
2022-08-17 Wednesday 16:25:13:INFO: {'type': 'metric', 'label': 'training_dist_target', 'value': (0.02452293275775973, 0.023373081406856056), 'epoch': 6}
2022-08-17 Wednesday 16:25:13:INFO: {'type': 'metric', 'label': 'validation_confusion_matrix', 'accuracy': 0.9324324324324325, 'precision': [0.8902439024390244, 0.9848484848484849], 'recall': [0.9864864864864865, 0.8783783783783784], 'f1': [0.9358974358974353, 0.9285714285714279], 'confusion_matrix': [[146, 2], [18, 130]], 'epoch': None}
2022-08-17 Wednesday 16:25:13:INFO: {'type': 'metric', 'label': 'validation_loss', 'epoch': 6, 'value': 0.22037152059980342, 'sum': 65.22997009754181, 'num_example': 296}
2022-08-17 Wednesday 16:25:13:INFO: {'type': 'metric', 'label': 'validation_dist_target', 'value': (0.01672551639982172, 0.1399137361629589), 'epoch': 6}
2022-08-17 Wednesday 16:25:16:INFO: Epoch: 7
2022-08-17 Wednesday 16:25:16:INFO: LR: 0.001
2022-08-17 Wednesday 16:25:29:INFO: {'type': 'metric', 'label': 'training_confusion_matrix', 'accuracy': 0.9858098754037841, 'precision': [0.9897650616422424, 0.9819180590524147], 'recall': [0.9817720350715274, 0.9898477157360406], 'f1': [0.9857523456504106, 0.985866942433643], 'confusion_matrix': [[4255, 79], [44, 4290]], 'epoch': None}
2022-08-17 Wednesday 16:25:29:INFO: {'type': 'metric', 'label': 'training_loss', 'epoch': 7, 'value': 0.04500766173237183, 'sum': 390.126411896199, 'num_example': 8668}
2022-08-17 Wednesday 16:25:29:INFO: {'type': 'metric', 'label': 'training_dist_target', 'value': (0.023565359812455073, 0.024328708923737685), 'epoch': 7}
2022-08-17 Wednesday 16:25:29:INFO: {'type': 'metric', 'label': 'validation_confusion_matrix', 'accuracy': 0.9290540540540541, 'precision': [0.8848484848484849, 0.9847328244274809], 'recall': [0.9864864864864865, 0.8716216216216216], 'f1': [0.932907348242811, 0.9247311827956983], 'confusion_matrix': [[146, 2], [19, 129]], 'epoch': None}
2022-08-17 Wednesday 16:25:29:INFO: {'type': 'metric', 'label': 'validation_loss', 'epoch': 7, 'value': 0.24510182118093646, 'sum': 72.55013906955719, 'num_example': 296}
2022-08-17 Wednesday 16:25:29:INFO: {'type': 'metric', 'label': 'validation_dist_target', 'value': (0.010051308498667503, 0.14692577155860695), 'epoch': 7}
2022-08-17 Wednesday 16:25:38:INFO: Epoch: 8
2022-08-17 Wednesday 16:25:38:INFO: LR: 0.001
2022-08-17 Wednesday 16:25:51:INFO: {'type': 'metric', 'label': 'training_confusion_matrix', 'accuracy': 0.971735117674204, 'precision': [0.9789177793394237, 0.964764719254376], 'recall': [0.9642362713428704, 0.9792339640055376], 'f1': [0.9715215622457276, 0.9719454941028278], 'confusion_matrix': [[4179, 155], [90, 4244]], 'epoch': None}
2022-08-17 Wednesday 16:25:51:INFO: {'type': 'metric', 'label': 'training_loss', 'epoch': 8, 'value': 0.08027855088709959, 'sum': 695.8544790893793, 'num_example': 8668}
2022-08-17 Wednesday 16:25:51:INFO: {'type': 'metric', 'label': 'training_dist_target', 'value': (0.04137268642854955, 0.0401054086171376), 'epoch': 8}
2022-08-17 Wednesday 16:25:51:INFO: {'type': 'metric', 'label': 'validation_confusion_matrix', 'accuracy': 0.8682432432432432, 'precision': [0.7914438502673797, 1.0], 'recall': [1.0, 0.7364864864864865], 'f1': [0.8835820895522383, 0.8482490272373536], 'confusion_matrix': [[148, 0], [39, 109]], 'epoch': None}
2022-08-17 Wednesday 16:25:51:INFO: {'type': 'metric', 'label': 'validation_loss', 'epoch': 8, 'value': 0.48149637434933634, 'sum': 142.52292680740356, 'num_example': 296}
2022-08-17 Wednesday 16:25:51:INFO: {'type': 'metric', 'label': 'validation_dist_target', 'value': (0.00161897561141617, 0.2868255602346884), 'epoch': 8}
2022-08-17 Wednesday 16:26:11:INFO: Calculating recall rate: sun2011
2022-08-17 Wednesday 16:29:13:INFO: RR calculation - 500 duplicate reports were processed
2022-08-17 Wednesday 16:32:03:INFO: RR calculation - 1000 duplicate reports were processed
2022-08-17 Wednesday 16:35:03:INFO: RR calculation - 1500 duplicate reports were processed
2022-08-17 Wednesday 16:39:05:INFO: RR calculation - 2000 duplicate reports were processed
2022-08-17 Wednesday 16:42:28:INFO: RR calculation - 2500 duplicate reports were processed
2022-08-17 Wednesday 16:45:44:INFO: RR calculation - 3000 duplicate reports were processed
2022-08-17 Wednesday 16:45:56:INFO: [] Throughput: 2.5589856344254454 bugs per second (bugs=3029 ,seconds=1183.6721391677856)
2022-08-17 Wednesday 16:45:56:INFO: {'type': 'metric', 'label': 'recall_rate', 'k': 1, 'rate': 0.4915813799933972, 'hit': 1489, 'total': 3029, 'epoch': 0}
2022-08-17 Wednesday 16:45:56:INFO: {'type': 'metric', 'label': 'recall_rate', 'k': 2, 'rate': 0.5539782106305712, 'hit': 1678, 'total': 3029, 'epoch': 0}
2022-08-17 Wednesday 16:45:56:INFO: {'type': 'metric', 'label': 'recall_rate', 'k': 3, 'rate': 0.5860019808517662, 'hit': 1775, 'total': 3029, 'epoch': 0}
2022-08-17 Wednesday 16:45:56:INFO: {'type': 'metric', 'label': 'recall_rate', 'k': 4, 'rate': 0.6087817761637504, 'hit': 1844, 'total': 3029, 'epoch': 0}
2022-08-17 Wednesday 16:45:56:INFO: {'type': 'metric', 'label': 'recall_rate', 'k': 5, 'rate': 0.6233080224496533, 'hit': 1888, 'total': 3029, 'epoch': 0}
2022-08-17 Wednesday 16:45:56:INFO: {'type': 'metric', 'label': 'recall_rate', 'k': 6, 'rate': 0.6375041267745131, 'hit': 1931, 'total': 3029, 'epoch': 0}
2022-08-17 Wednesday 16:45:56:INFO: {'type': 'metric', 'label': 'recall_rate', 'k': 7, 'rate': 0.6483988114889403, 'hit': 1964, 'total': 3029, 'epoch': 0}
2022-08-17 Wednesday 16:45:56:INFO: {'type': 'metric', 'label': 'recall_rate', 'k': 8, 'rate': 0.655992076592935, 'hit': 1987, 'total': 3029, 'epoch': 0}
2022-08-17 Wednesday 16:45:56:INFO: {'type': 'metric', 'label': 'recall_rate', 'k': 9, 'rate': 0.6632551997358864, 'hit': 2009, 'total': 3029, 'epoch': 0}
2022-08-17 Wednesday 16:45:56:INFO: {'type': 'metric', 'label': 'recall_rate', 'k': 10, 'rate': 0.6711786068009244, 'hit': 2033, 'total': 3029, 'epoch': 0}
2022-08-17 Wednesday 16:45:56:INFO: {'type': 'metric', 'label': 'recall_rate', 'k': 11, 'rate': 0.6764608781776164, 'hit': 2049, 'total': 3029, 'epoch': 0}
2022-08-17 Wednesday 16:45:56:INFO: {'type': 'metric', 'label': 'recall_rate', 'k': 12, 'rate': 0.6810828656322219, 'hit': 2063, 'total': 3029, 'epoch': 0}
2022-08-17 Wednesday 16:45:56:INFO: {'type': 'metric', 'label': 'recall_rate', 'k': 13, 'rate': 0.6876857048530868, 'hit': 2083, 'total': 3029, 'epoch': 0}
2022-08-17 Wednesday 16:45:56:INFO: {'type': 'metric', 'label': 'recall_rate', 'k': 14, 'rate': 0.6923076923076923, 'hit': 2097, 'total': 3029, 'epoch': 0}
2022-08-17 Wednesday 16:45:56:INFO: {'type': 'metric', 'label': 'recall_rate', 'k': 15, 'rate': 0.697259821723341, 'hit': 2112, 'total': 3029, 'epoch': 0}
2022-08-17 Wednesday 16:45:56:INFO: {'type': 'metric', 'label': 'recall_rate', 'k': 16, 'rate': 0.7018818091779465, 'hit': 2126, 'total': 3029, 'epoch': 0}
2022-08-17 Wednesday 16:45:56:INFO: {'type': 'metric', 'label': 'recall_rate', 'k': 17, 'rate': 0.7058435127104655, 'hit': 2138, 'total': 3029, 'epoch': 0}
2022-08-17 Wednesday 16:45:56:INFO: {'type': 'metric', 'label': 'recall_rate', 'k': 18, 'rate': 0.7101353582040277, 'hit': 2151, 'total': 3029, 'epoch': 0}
2022-08-17 Wednesday 16:45:56:INFO: {'type': 'metric', 'label': 'recall_rate', 'k': 19, 'rate': 0.715747771541763, 'hit': 2168, 'total': 3029, 'epoch': 0}
2022-08-17 Wednesday 16:45:56:INFO: {'type': 'metric', 'label': 'recall_rate', 'k': 20, 'rate': 0.7203697589963685, 'hit': 2182, 'total': 3029, 'epoch': 0}
2022-08-17 Wednesday 16:45:56:INFO: {'type': 'metric', 'label': 'MAP', 'value': 0.55475303392956, 'sum': 1680.3469397726371, 'total': 3029, 'epoch': 0}
2022-08-17 Wednesday 16:45:56:INFO: [1, 13, 2, 3, 124, 1, 6, 2639, inf, 383, 141, 3, 2, 2, 1, 55, 13, inf, 4, 1, 1573, 818, 1, 41, 885, 6, 1, 11, 1, 11, 1, 1, 1, 14, 15, 8, 1, 14, 13, 1, 2, 3, 241, 1, 28, 7, 9, 1, 2, 49, 17, 324, 9, 347, 33, 18, 45, 73, 68, 461, 7, 1, 10, 1, 1, 7, 41, 2, inf, 1, 1, 1, 2, inf, 372, 582, inf, 43, inf, 163, 505, 16, 102, 918, 2, 1, 419, 1, 40, 127, 28, 138, 265, 161, 1, 1, 4, 25, 67, 213, 1, 59, inf, 18, 1, 1, 106, 27, inf, 1, 5, 86, 1, 1, inf, 2, 4, 68, 21, 648, 6, 14010, 4, 28, 2, 24, inf, inf, 1, 65, 79, inf, 87, 5, 1, 3, 17, 5, 96, inf, 13, 40, inf, inf, 1, 17, 1, 6, inf, 6, 199, 4, inf, 2, 23, 10, 78, 799, inf, 1189, 49, 9, inf, 1125, 5, 9, 116, 1, 211, 316, 496, 87, 4, inf, 1, 21, 3, 11, 33, 1, 909, 13, 27, 15, inf, 2, 183, 1, 1, 62, inf, 26, 2, 16, 1, 1, inf, 831, 11, 2, 12, 365, 35, 325, 1, 1, 259, 1, 1, 3, 6, 2013, 76, 51, 2, 132, 5, 99, 26, 5, 1, 4, 11, inf, inf, 1, 2, 1, 1, 19, 89, 12196, inf, 164, 7, 41, 1, inf, 4, 1, 1, 1, 359, 1, 5, 1, 22, 4, 9, 6499, 14, 1, 3, 16, 1, 5, 1324, 329, 14, 68, inf, 1, 1, 97, 159, 5, 2, 2, inf, 18, 58, 6, 5, 54, 2, 19, 1, 7, 161, 76, 47, 21, 142, 1, 1095, 16, 3, 14440, 637, 13, 144, 20, 1, 2, inf, 279, inf, 68, 2, 20, 551, 5, 31, 51, 337, inf, 3306, 2, 4, 1, 27, 1, 241, 27, inf, 1, 285, 8, 1, 3, inf, 19, 2, 64, 44, 9, 36, 10, 79, 27, 708, 1, 6, 1, 2, 23, 171, 664, 1, 45, 229, 96, 4, 1, inf, 10, 29, inf, 1, 13, 102, 1, 2, 221, 699, 73, inf, 17, 1, 36, inf, 1, inf, 56, 21, 266, 2, 28, 1, 1, 3, 1, 1, inf, 1, 1, 1, 319, 3, 1, 1, 12, inf, 1424, inf, inf, 124, 4, 50, 460, 11, 1, 1, 613, inf, inf, 57, 156, 25, 6574, 3, 1, 30, 6, inf, 1, 27, 19, 47, 10, 10, inf, 5, 1, 94, inf, inf, 15, 320, 90, 53, inf, 39, 1269, inf, inf, 2, 762, 9, 3, 5, inf, 1113, 1147, 1, 1, inf, 1, 1469, 115, inf, 2, 8, 126, 2, 133, 133, 38, 237, 1, 23, 70, 2, inf, 1, 1, 1, 3, inf, 6, 2, 2, 23, 30, 206, 295, 30, 219, 16, inf, 658, 57, 1, 216, 24, 129, 18, 45, 3, 248, 53, 1, 13, 105, inf, inf, 3, 2, 3, 3, 2, 43, 3, 173, 1, 2, 44, 29, 1, 1, inf, 121, 1, 5, 90, 1, 15, 4, 2, 958, 11, 3, 1241, 3, inf, 10, 42, 49, 51, inf, 18, 31, 20, 2, inf, inf, 1, 1366, 27, 1130, inf, 1, 19, inf, 3, 22, inf, 14, 2, 20, 1, 3, 527, 2952, 33, 1, inf, 1, 1, 2459, 1, 16, 19, 2, 1, 1, 437, 219, 10, 1, 2, 594, 7, 121, 9, 388, 1, 14, 1, 3, 1, 1, 1, 1, 4, 40, 6, 372, 6, 74, 4, 23, 60, 1, 1, 5, 5, 8, 7, 1, 4, 6, 158, 1, 1, inf, 15, 133, 13, 167, 2, 1, 42, 11, 9, 35, 5, 60, 116, 3751, 23, 1, 34, 4, 46, 50, 54, 129, 145, 12, 179, 943, 385, 2, 4, 18, 14235, 1, 55, 376, 2, 766, 1, 6, 21, 18, 7, 11, 4, 2, 1, 6, 6, inf, 655, 12, 102, 21, 3372, 1, 16, 142, 47, inf, 609, 386, 126, 1, 1, 326, 18, 3, 2, 1, 1, inf, inf, 87, 78, inf, 2, inf, 1, 2157, 3, 1, 1, 1, 3, 1, 3, 7, 8932, inf, 70, 6, 27, 5, 85, 417, 7, 2, 528, 4, 1, 1, 3, 7, 1, 84, 63, 589, 5, 7, 1, 52, 13, 2, 2, 9885, 35, 115, 1, 1, 37, 29, 2, 21, 46, 4, 1, 19, 2, 8, 121, 493, 844, inf, 6, 4, 2324, inf, 81, 31, 5, 18, 57, 1, 6, 61, 1, 2, 2, 246, 25, 2, 73, 1, 41, 5, 221, 1014, inf, 1, 13, 1, 167, 1, 2, 152, 1, 145, 19, inf, 2, inf, 7, 1226, 25, 733, 14, inf, 7, 1, inf, 10, 4, 71, 123, 130, 1, 916, 12166, inf, 907, 1, 110, 3, 101, 1, 2, 16, inf, 107, 1, 170, inf, 6, 1, inf, 274, 7, 1829, 1, 26, inf, 1, 227, 29, inf, 18, 2, 46, 21, 310, 7467, 1, 46, 1, 61, 2, 7, 6, 1, 5, 15, 99, 101, 1, 2, 178, 48, 1, 1, 4, 1, inf, 15, 7, 1, 1, 130, 1, 17, 1, 37, 1, 8, 1, 376, 301, 6172, 1, 26, 7, 20, 14, 38, 1846, 3, 1, 4, 2, 51, 716, inf, 4, 34, 12, 2, 2741, inf, 12, 97, 4, 20, 41, 9, 1, 52, inf, inf, 98, 1, 265, 30, 1, 6, 625, 5344, 180, 53, 2137, 80, 20, 122, 5, 27, 1, 27, 2, 9, 1, 84, 6, 1, 1, inf, 32, 13, 1, 10293, inf, 1, 1, 12, 12722, 129, 41, 5, 1, 23, 4, 1, inf, inf, 1, 1, inf, 83, inf, inf, 4, 1, 1, 644, 1, 3, 4, inf, 1, 1, 1, 606, inf, 476, 57, inf, 33, 3434, 180, 5, 35, 1, 1, 415, 168, 199, inf, 5, 1, 24, 1, 1, 1056, 10, 63, 8, 1, 1, 245, 1, 1, 2, 2, 216, 1, inf, 6, 3, 8, 1, 1, inf, 334, 58, 12, 59, 7, inf, 9, inf, 28, 2, 33, inf, inf, inf, 1, 495, 1, 108, 1609, 1, 6, 147, 3, 2, 11, 2, 13, 1, 3, 4, 6, inf, 445, 6030, 29, 1, 2, inf, 2160, 1, 17, 1, 2, 1, inf, 2035, 119, 21, 3, 1, 1, inf, 1, 17, 1, 56, inf, 17, 1, inf, 7, 1, 80, 500, 12, 9, 391, 3, inf, 21, 2, 127, 25, 11910, 15, 4, 32, 48, 129, inf, 871, 3, 1, 822, inf, 1, 2049, 1, 3, 1, 64, 1, 29, 1, 3, 2, 1, inf, 296, 1, 20, 18, 36, 29, 2, inf, 1, 241, 1, 1, 1, 2, 2, 3, 1, 2, 1, 2, 1, 1, 2, 1, 1, 2, 1, 1, 1, 1, 1, 1, 1, 2, 1, 15, 6, 2, 1, 1, 1, 1, 1, 1, 1, 1, 1, 1, 1285, 10, 5, 13, inf, 28, 89, 1, 1, 1, 1, 1, 1, 1, 1, 1, inf, 1, 1, 1, 16, 1, 1, 1, 1, 3, 1, 1, 1, 77, 1, 1, 1, 1, inf, inf, 1, 1, 2, 5, 1, 2, 423, 1, 18, 1, 1, 1, 1, 1, 1, 1, 27, 60, 1, 119, 1, 1, inf, 75, 1, 1, 1, 1, 1, 122, 1, 3, 1, 64, 1, 25, 1, 1, 8, 1, 1, 29, inf, 213, 1, 139, 53, 11, 117, 138, 6, 28, 19, 2, 41, 1, 41, 1, 1, 1, 2, 1, 1, 5, 2, 1, 166, 455, 34, inf, 66, 1, 1, 1, 2, 1, 1, 1, 12, 2, 1, 1, 1, 1, 210, 1, 1, 3, 3, 1, 43, 653, 1, 26, 1, 1, 1, 1, 1, 1, 2, 252, 1, 4, 1, 1, 13, 1, 536, 315, 1, 9, 1, 1, 15, 1, 146, 3, 1, inf, 13, 1, 7, inf, 1, 1, inf, 2, 1, 3, 3, 1, 239, 1, 2, 1, 1, 1, 221, 1, 1, 7, 1, 19, 36, 1, 1, 1, 1, 1, 1, 1, 1, 1, 1, 1, 1, 1, 1, 1, 1, 1, 3, 1, 3, 1, 2, 1, 62, 1, 1, 1, 1, 1, 1, 4, inf, 1, 1, 2, 1, 2, 1, 8, 1, 1, 1, 33, 223, 1, 22, 2, 1, 1, 2, 70, 1, 1, 2, 1, 43, 23, 20, 25, 1, 1410, 3, 1, 1, 226, 1, 19, 50, 1, 1, 10, 100, 1, inf, 1, 220, 4, 1, 1, 1, 1, 12477, 2, 3, 6, 75, 1, 271, 1, 1, 1, 1, 1, 1, 1, 2, 1, 13, 1, 1, 1, 1, 1, 1, 4, 1, 1, 1, 1, 1737, 1, 1592, 1, 1, 3, 1, 1, 1, 1, 1, 327, 17, 2, 1, 3, 1, 1, 1, 1, 8, 1, 1, 1, 1, 1, 3, 1, 1, 1, 1, 1, 1, 1, 491, 2, 1, 1, 1, 1, 1, 1, 7, 1, 1, 1, 1, 1, 1, 1, 28, 1, 1152, 1, 1096, 3, 1, inf, 6, 9, 47, 1, 5, 27, 10, 2, 1, 1, 482, 1, 1, 1, 1, 1, 1, 1, 3, 1, 3, 6, 1, 1, 1, 1, 1, 1, 126, 6, 10, 1, 300, 1, 62, 1, 1, 1, 1, 1, 4, 1, 1, 1, 1, 1, 1, 1, 1, 598, 1, 1, 1, 1, 1, 1, 1, 1, 1, 1, 1, 1, 1, 1, 1, 1, 1, 1, 1, 1, 1, 1, 1, 1330, 1, 1, 20, 1, 212, 5, 1, 1, 1, 283, 11, 1, 1, 1, 1, 1, 1, 1, 1, 1, 1, 1, 1, 1, 1, 3, 1, 1, 10, 7, inf, 4, 1, 1, 2, 4, 1, 1, 3, 1, 3, 2, 41, 16, 62, 1, 1, 1, 2, 3, 2, 1, 1, 1, 1, 1, 1, 1, 1, 1, 17, 1, 1, 1, 35, 2, 1, 1, 1, 2, 1, 28, 3, 1, 1, 1, 1, 1249, 1, 1, 1, 1, 1, 1, 1, 1, 1, 1, 1, 1, 1, 1, 1, 1, 1, 1, 2, 2, 1, 1, 2, 1, 2, 1, 1, 2, 1, 1, 1, 1, 1, 1, 1, 1, 1, 1, 1, 1, 1, 1, 1, 1, 1, 1, 1, 1, 6, 1, 1, 1, 2, inf, 1, 16, 1, 1, 1, 20, 1, 1, 1, 2, 1, 1, 1, 1, 1, 1, 1, 1, 156, 1, 1, 1, 1, 1, 1, 1, 1, 1, 1, 1, 20, 1, 1, 1, 3, 2, 1, 1, 1, 1, 1, 1, 1, 18, 1, 1, 1, 4, 22, 6, 1, 1, 26, 1, 1, 1, 1, 1, 1, 1, 1, 1, 43, 3, 1, 1, 1, 1, 1, 34, 1, 1, 1, 1, 1, 1, 1, 1, 1, 34, 1, 3, 1, 1, 1, 3, 1, 1, 1, 1, 1, 1, 1, 1, 20, 1, 134, 1, 1, 1, 1, 2, 8, 109, 9, 1, 53, 95, 25, 1, 32, 265, 1, 33, 139, 78, 10, 1, 11, 1, 1, 704, 27, 1, 3, 1, 1, 2, 1, 1, 3, 1, 1, 1, inf, 1, 1, 47, 1, 1, 4, 1, 1, 8, 1, 1, 222, 1, 16, 1, 1, 1, 2, 2, 2, 1, 19, 1, 2, inf, 1, 1, 5, 1, 4, 19, 1, 1, 1, 1, 1, 1, 1, 1, 1, 1, 1, 1, 1, 1, inf, 42, 2, 8, 1, 1, 1, 1, 1, 1, 14, 324, 1, 44, 1, 1, 1, 1, 1, 1, 1, 1, 1, 1, 1, 3, 1, 1, 1, 1, 1, 1, 1, 1, 147, 15, 1, 1, 1, 1, 95, inf, 1, 1, 10, 1, 1, 2, 1, 1, 3, 1, 1, 2, 1, 1, 1, 10, 1, 1, 4, 2, 1, 1, 415, 1, 1, 1, 1, 1, 1, 1, 217, 1, 1, 3, 1, 1, 2, 1, 1, 1, 1, 1, 1, 14, 1, 1, 1, 1, 1, 3, 1, 1, 1, 1, 1, 1, 781, 2, 1, 1, 1, 1, 1, 1, 1, 1, 464, 274, 1, 74, 115, 1, 1, 1, 1, 1, 1, 1, 1, 1, 1, 1, 3, 1, 1, 1, 1, 1, 1, 1, 1, 1, 2, 1, 3, 1, 1, 1, 1245, 2, 1, 2, 1, 1, 1, 1, 1, 1, 2, 2, 1, 1, 1, 2, 1, 1, 1, 3, 1, 43, 1, 1, 285, 1, 9, 7, 351, 1, 2, 4, 2, 1, 2, 2, 3, 1, 1, 1, 1, 1, 1, 1, 1, 1, 1, 1, 1, 1, 1, 38, 1, 1, 1, 1, 1, 1, 1, 1, 1, 1, 1, 1, 1, 1, 1, 1, 1, 3375, 4, 14, 4, inf, 2, 3, 1, 1, 1, 1, 75, inf, 4, 1, 1, 12, 2103, 23, inf, 1, 1, 81, 10, 38, 1, 1, 1, 1, 5, 1, 318, 1, 1, 1, 2, 3, 1, 1, 33, 1, 1, 1, 805, 694, 1, 1, 1, 1, 1, 7, 1, 3, 1, 1, 1, 10, 1, 1, 1, inf, 1, 1, 2, 1, 1, 1, 1, 12, 1, 1, 1, 1, 1, 1, 1, 1, 1, 1, 1, 1, 1, 1, 1, 1, 1, 1, 1, 1, 1, 3, 2, 2, 1, 1, 1, 1, 1, 1, 1, 1, 1, 1, 1182, 2836, 17, 4, 1, 1, 1, 47, 6, 1, 1, 1, 1, 1, 1, 1, 2, 1, 1, 1, 1, 1, 1, 2, 1, 2, 14, 2, 1, 1, 1, 4, 1, 261, 1, 47, 1, 38, 175, 1, 1, 11, 1, 404, 10, 3, 1, 63, 1, 1, 1, 1, 1, inf, 1423, 1310, 5, 362, 1, 1, 1, 4, 1, 1, 1, 2, 1, 16, 3, 1, 5, 3, 2, 1, 1, 1, 1, 1, 2, 1, 475, 3, 19, 9, 1, 737, 35, 1, 1, 1, 1, 1, 1, 1, 1, 1, 1, 1, inf, 1, 1, 1, 32, 1, 1, 1, 1, 1, 1, 1, 1, 1, 1, 1, 1, 1, 1, 1, 1, 1, 1, 1, 1, 1, 1, 1, 13, 131, 226, 1, 1, 1, 1, 1, 1, 1, 1, 1, 1, 1, 1, 1, 1, 1, 1, inf, 522, 1, 1, 106, 1033, 1, 1, 2, 1, 1, 1, 361, 1, 1, 169, 1, 1, 1, 1, 1, 1, 1, 1, 1, 1, 1, 12, 1, 1, 1, 1, 1, inf, 2, inf, 1, 1, 1, 478, 1, 2, 1, 1, 1, 1, 1, 1, 1, 1, inf, 1, 2, 1, 1, 1, 1, 1, 3, 1, 1, 3, 1, 2, 1, 1, 1, 1, inf, 1, 1, 1, 1, 8, 1, 1, 1, 1, 1, 142, inf, 1, inf, 768, 1, 1, 1, 1, 1, 1, 69, inf, 1, 10, 1, 1, 1, 1, 1, 1, 1, 1, 1, 1, 1, 1, 2021, 56, 1, 1, 1, 1, 1, 1, 1, 1, 1, 1, 1, 1, 1, 1, 68, 1, 218, 4, 1, 1, 1, 1, 1, 1, 1, 3, 1, 1, 1, 1, 1, 1, 1, 1, 1, 14, 1, 1, 6, 6, 1, 1, 1, 1, 8, 4, 1, 1, 6, 1, 1, 15, 1, 2, 467, 69, 1, 28, 1, 1, 1, 53, 3, 1, 1, 1, 2, 1, 2, 1, 2298, 581, 1, 1, 1, 2108, inf, 854, 1, 1, 1, 1, 1190, 1, 1, 1, 1, 3, 2, 1, 1, 126, 1, 4, 1, 45, 1, 1480, 232, 1, 27, 9, 6, 1, 1, 1, 1, 51, 2, 1, 1, 3, 1, 17, 1, 1, 1, 1, 258, 4, 70, 4, 2, 1, 677, 7, 1, inf, 1, 1, 1, 1, 1, 1, 1, 1, 322, 8, 15, 1, inf, inf, 5, 1, 1, inf, 1, 1, 116, 22, 1, 1, 1, 43, 1, 1, 1, 1, 1, 19, 19, 2689, 1, 1, 1, 54, 1, 1, 1, 1, 1, 1, 1, 1, 1, 1, 1, 1, 1, 1, 1, 1, 1, 1, 1, 1, 1, 1, 3, 5, 2, 1, 1, 1, 2, 1, 2, 1, 69, 1, 1, 131, 4, 1, 4, 1, 1, 1, 1, 9, 1, 1, 1, 1, 1, 58, 985, 1, 1, inf, 1, 1, 1, 1, 1, 1, 10, 1, 1, 1, inf, 2, 1, 1, 1, 1, 7, 2, inf, 46, 1, 1, 1, 1, 1, 1, 1, 1, 1, 1, 1, 1, 4, 1, 1, 5, 1, 1, 1, 1097, 1, inf, 6, 1, 628, 1, 1, 1, 1, 1, 1, 1, 1, 1, 1, 1, 1, 1, 1104, 1, inf, 1, 7, 318, 3, 1, 2, 1, 1, 1, 1, 1, 7, 1, 1, 1, 16, 1, 1, 4, 1, 1, 1, 1, 1, 1, 1, 2, 4, 1, 1, 1, 1, 1, 3, 1, 34, 366, 816, 26, 2, 1, 1, 1, 1, 13, 11, 4, 1, 1, 1, 1, 1, 1884, 1, 1, 1, 1, 1, 1, inf, 1, 1, 1, 21, 7, 1, 23, 6, 1, 1, 1, 1, 1, inf, 1, 1, 1, 33, 1, 1, 1, 1, 1, 12, 1, 864, 1417, 27, 15, 2, 2, 1, 34, 90, 1252, 34, 4, 2, 1, 1, 1, 4, 1, 377, 4, 2, 2, 2, 2, 2, 2, 2, 2, 45, 1001, 1, 1, 1, 2, 1, 2, 10, 1, 19, 1, 5, 1, 1, 1, 3, 1, 1, 1, 1, 1, 3329, 1, 1, 1, 1, 1, 1, 1, inf, 1, 4, 1, 7, 1, 1, 1, 1, 1, 1, 1, 1, 382, 2, 2, 1, 1, 6, 82, 4, 1675, 1, 8, 1, 1, 55, 1, 1, 46, 1, 2766, 344, 5, 2, 11, 1, 2, 15, 127, 555, 49, 14, 1, inf, 1137, 8, 1, 1, 1489, 3, 4400, 3507, 3, inf, 341, 1, 848, 1, 8, 1, 1158, 274, 2, 5, 57, 93, 1, 2, 5719, 1, 57, 542, 1, 126, 6, 45, 4, 5, 1, inf, 20, inf, inf, inf, inf, 5, 44, inf, 2107, 52, 99, 9, 1, 191, 1, inf, 488, 8, inf, inf, 1, inf, 1281, 2550, 29, 1258, 44, 1, 5, 29, 1, 1, 2756, 1, 658, 1, inf, 1, 62, 2, 8, 485, 50, inf, 678, inf, 1, 174, 4, 106, inf, 1, 105, 23, 13, 1, 28, 1, 326, 224, 1, 1, 7, 338, 242, 8, 145, 9, 1, 1, 1, 1, 1, 1, 1, 1, 1, 1, 1, 1, 1, 1, 1, 1, 1, 1, 1, 67, 211, 1036, 128, 28, 4, 1, 1]
2022-08-17 Wednesday 16:45:56:INFO: It completed at: 2022-08-17 16:45:56.360128
2022-08-17 Wednesday 16:45:56:INFO: Completed after: 0:31:08.406204
