2022-08-17 Wednesday 15:55:39:INFO: {'bug_database': 'dataset/eclipse-old/eclipse-old_soft_clean.json', 'database_name': 'eclipse-old', 'epochs': 12, 'lr': 0.001, 'l2': 0.0, 'batch_size': 256, 'ranking_batch_size': 512, 'ranking_n_workers': 2, 'cuda': True, 'cache_folder': 'scratch/temp/', 'pairs_training': 'dataset/eclipse-old/training_split_eclipse-old_pairs_random_1.txt', 'pairs_validation': 'dataset/eclipse-old/validation_eclipse-old_pairs_random_1.txt', 'neg_pair_generator': {'type': 'non_negative', 'training': 'dataset/eclipse-old/training_eclipse-old.txt', 'rate': 1, 'pre_list_file': None, 'k': 0, 'n_tries': 15, 'preselected_length': None, 'random_anchor': True}, 'loss': 'bce', 'margin': 0, 'categorical': {'lexicons': 'dataset/eclipse-old/categorical_lexicons.json', 'bn_last_layer': False, 'emb_size': 20, 'hidden_sizes': [40], 'dropout': 0.0, 'activation': 'relu', 'batch_normalization': False, 'layer_norm': False}, 'compare_aggregation': {'word_embedding': 'word_embedding/eclipse-old/glove_42B_300d_eclipse-old.npy', 'norm_word_embedding': False, 'lexicon': 'word_embedding/eclipse-old/glove_42B_300d_eclipse-old.lxc', 'sent_representation': None, 'tokenizer': 'white_space', 'bow': False, 'frequency': False, 'extractor': {'update_embedding': False, 'filters': ['TransformLowerCaseFilter'], 'hidden_size': 150, 'dropout': 0.0, 'layer_norm': False, 'txt_field_emb_size': 5, 'field_word_combination': 'cat', 'emb_dropout': 0.0, 'scaled_attention': True, 'model': 'linear', 'use_categorical': False, 'bidirectional': True}, 'matching': {'type': 'full', 'scaled_attention': True, 'comparison_hidden_size': 100, 'dropout': 0.0, 'residual': True, 'layer_norm': False, 'attention_hidden_size': 200, 'attention': 'dot_product', 'comparison_func': 'submult+nn'}, 'aggregate': {'model': 'lstm', 'window': [3, 4, 5], 'nfilters': 100, 'hidden_size': 150, 'dropout': 0.0, 'bidirectional': True, 'num_layers': 1, 'self_att_hidden': 50, 'layer_norm': False, 'n_hops': 20}, 'classifier': {'hidden_size': [300], 'output_act': 'sigmoid', 'hadamard_diff_textual': True, 'hadamard_diff_categorical': True, 'textual_hidden_layer': 600, 'categorical_hidden_layer': 40, 'categorical_dropout': 0.0, 'dropout': 0.0, 'only_candidate': False, 'layer_norm': False, 'batch_normalization': False}}, 'random_switch': True, 'recall_estimation_train': None, 'recall_estimation': None, 'sample_size_rr_tr': 0, 'sample_size_rr_val': 0, 'rr_val_epoch': 100, 'rr_train_epoch': 100, 'ranking_result_file': None, 'optimizer': 'adam', 'lr_scheduler': None, 'save': None, 'save_by_epoch': None, 'load': None, 'recall_rate': {'type': 'sun2011', 'dataset': 'dataset/eclipse-old/test_eclipse-old.txt', 'result_file': None, 'group_by_master': True, 'window': 365}, 'pair_test_dataset': None, 'rep': {'model': None, 'input': None, 'training': None, 'rate': 1, 'neg_training': 10000, 'k': 1000}, 'rr_scorer': 'general', 'seed': 686367064}
2022-08-17 Wednesday 15:55:39:INFO: It started at: 2022-08-17 15:55:39.322572
2022-08-17 Wednesday 15:55:41:INFO: Turning CUDA on
2022-08-17 Wednesday 15:55:41:INFO: Using Categorical Information.
2022-08-17 Wednesday 15:55:41:INFO: Lexicon size: 47070
2022-08-17 Wednesday 15:55:41:INFO: Word Embedding size: 300
2022-08-17 Wednesday 15:55:41:INFO: Use white space tokenizer to tokenize summary information
2022-08-17 Wednesday 15:55:41:INFO: BoW=False and TF=False
2022-08-17 Wednesday 15:55:41:INFO: Using Summary and Description information.
2022-08-17 Wednesday 15:55:42:INFO: Using BCE Loss: margin=0
2022-08-17 Wednesday 15:55:46:INFO: Non Negative Pair Generator
2022-08-17 Wednesday 15:55:46:INFO: Using the following dataset to generate negative examples: Database: eclipse-old; Order by Date; Master report is the newest oneWe keep nested master reports; Database: eclipse-old; Order by Date; Master report is the newest oneWe keep nested master reports;. Number of bugs in the training: 49355
2022-08-17 Wednesday 15:55:48:INFO: Training size: 8668
2022-08-17 Wednesday 15:55:48:INFO: Validation size: 296
2022-08-17 Wednesday 15:55:48:INFO: Adam
2022-08-17 Wednesday 15:55:48:INFO: Scheduler: Constant
2022-08-17 Wednesday 15:55:48:INFO: Epoch: 1
2022-08-17 Wednesday 15:55:48:INFO: LR: 0.001
2022-08-17 Wednesday 15:56:01:INFO: {'type': 'metric', 'label': 'training_loss', 'epoch': 1, 'value': 0.40461128385566486, 'sum': 3507.170608460903, 'num_example': 8668}
2022-08-17 Wednesday 15:56:01:INFO: {'type': 'metric', 'label': 'training_dist_target', 'value': (0.27294102229992806, 0.27462631950853716), 'epoch': 1}
2022-08-17 Wednesday 15:56:01:INFO: {'type': 'metric', 'label': 'training_acc', 'epoch': 1, 'value': 0.794877711121366, 'num_correct': 6890, 'num_example': 8668}
2022-08-17 Wednesday 15:56:01:INFO: {'type': 'metric', 'label': 'training_precision', 'epoch': 1, 'value': 0.8215903639793396, 'positive': 3265.0, 'total': 3974.0}
2022-08-17 Wednesday 15:56:01:INFO: {'type': 'metric', 'label': 'training_recall', 'epoch': 1, 'value': 0.7533456683158875, 'positive': 3265.0, 'total': 4334.0}
2022-08-17 Wednesday 15:56:01:INFO: {'type': 'metric', 'label': 'validation_loss', 'epoch': 1, 'value': 0.15945732915723645, 'sum': 47.19936943054199, 'num_example': 296}
2022-08-17 Wednesday 15:56:01:INFO: {'type': 'metric', 'label': 'validation_dist_target', 'value': (0.035744387757133796, 0.14491956942790263), 'epoch': 1}
2022-08-17 Wednesday 15:56:01:INFO: {'type': 'metric', 'label': 'validation_acc', 'epoch': 1, 'value': 0.9391891891891891, 'num_correct': 278, 'num_example': 296}
2022-08-17 Wednesday 15:56:01:INFO: {'type': 'metric', 'label': 'validation_precision', 'epoch': 1, 'value': 0.9924242496490479, 'positive': 131.0, 'total': 132.0}
2022-08-17 Wednesday 15:56:01:INFO: {'type': 'metric', 'label': 'validation_recall', 'epoch': 1, 'value': 0.8851351141929626, 'positive': 131.0, 'total': 148.0}
2022-08-17 Wednesday 15:56:04:INFO: Epoch: 2
2022-08-17 Wednesday 15:56:04:INFO: LR: 0.001
2022-08-17 Wednesday 15:56:17:INFO: {'type': 'metric', 'label': 'training_loss', 'epoch': 2, 'value': 0.11732075549748068, 'sum': 1016.9363086521626, 'num_example': 8668}
2022-08-17 Wednesday 15:56:17:INFO: {'type': 'metric', 'label': 'training_dist_target', 'value': (0.0682299339006615, 0.06736161393067448), 'epoch': 2}
2022-08-17 Wednesday 15:56:17:INFO: {'type': 'metric', 'label': 'training_acc', 'epoch': 2, 'value': 0.9559298569450854, 'num_correct': 8286, 'num_example': 8668}
2022-08-17 Wednesday 15:56:17:INFO: {'type': 'metric', 'label': 'training_precision', 'epoch': 2, 'value': 0.9593212604522705, 'positive': 4127.0, 'total': 4302.0}
2022-08-17 Wednesday 15:56:17:INFO: {'type': 'metric', 'label': 'training_recall', 'epoch': 2, 'value': 0.952238142490387, 'positive': 4127.0, 'total': 4334.0}
2022-08-17 Wednesday 15:56:17:INFO: {'type': 'metric', 'label': 'validation_loss', 'epoch': 2, 'value': 0.08755497120924897, 'sum': 25.9162714779377, 'num_example': 296}
2022-08-17 Wednesday 15:56:17:INFO: {'type': 'metric', 'label': 'validation_dist_target', 'value': (0.03140141455003539, 0.061986361000988935), 'epoch': 2}
2022-08-17 Wednesday 15:56:17:INFO: {'type': 'metric', 'label': 'validation_acc', 'epoch': 2, 'value': 0.9695945945945946, 'num_correct': 287, 'num_example': 296}
2022-08-17 Wednesday 15:56:17:INFO: {'type': 'metric', 'label': 'validation_precision', 'epoch': 2, 'value': 0.9793103337287903, 'positive': 142.0, 'total': 145.0}
2022-08-17 Wednesday 15:56:17:INFO: {'type': 'metric', 'label': 'validation_recall', 'epoch': 2, 'value': 0.9594594836235046, 'positive': 142.0, 'total': 148.0}
2022-08-17 Wednesday 15:56:20:INFO: Epoch: 3
2022-08-17 Wednesday 15:56:20:INFO: LR: 0.001
2022-08-17 Wednesday 15:56:33:INFO: {'type': 'metric', 'label': 'training_loss', 'epoch': 3, 'value': 0.07287597444456846, 'sum': 631.6889464855194, 'num_example': 8668}
2022-08-17 Wednesday 15:56:33:INFO: {'type': 'metric', 'label': 'training_dist_target', 'value': (0.04193054204939916, 0.041275557610204155), 'epoch': 3}
2022-08-17 Wednesday 15:56:33:INFO: {'type': 'metric', 'label': 'training_acc', 'epoch': 3, 'value': 0.9745039224734656, 'num_correct': 8447, 'num_example': 8668}
2022-08-17 Wednesday 15:56:33:INFO: {'type': 'metric', 'label': 'training_precision', 'epoch': 3, 'value': 0.9746134281158447, 'positive': 4223.0, 'total': 4333.0}
2022-08-17 Wednesday 15:56:33:INFO: {'type': 'metric', 'label': 'training_recall', 'epoch': 3, 'value': 0.9743885397911072, 'positive': 4223.0, 'total': 4334.0}
2022-08-17 Wednesday 15:56:33:INFO: {'type': 'metric', 'label': 'validation_loss', 'epoch': 3, 'value': 0.09427932569304028, 'sum': 27.906680405139923, 'num_example': 296}
2022-08-17 Wednesday 15:56:33:INFO: {'type': 'metric', 'label': 'validation_dist_target', 'value': (0.025605620854106302, 0.062307708972209205), 'epoch': 3}
2022-08-17 Wednesday 15:56:33:INFO: {'type': 'metric', 'label': 'validation_acc', 'epoch': 3, 'value': 0.972972972972973, 'num_correct': 288, 'num_example': 296}
2022-08-17 Wednesday 15:56:33:INFO: {'type': 'metric', 'label': 'validation_precision', 'epoch': 3, 'value': 0.9861111044883728, 'positive': 142.0, 'total': 144.0}
2022-08-17 Wednesday 15:56:33:INFO: {'type': 'metric', 'label': 'validation_recall', 'epoch': 3, 'value': 0.9594594836235046, 'positive': 142.0, 'total': 148.0}
2022-08-17 Wednesday 15:56:37:INFO: Epoch: 4
2022-08-17 Wednesday 15:56:37:INFO: LR: 0.001
2022-08-17 Wednesday 15:56:49:INFO: {'type': 'metric', 'label': 'training_loss', 'epoch': 4, 'value': 0.06771921981547249, 'sum': 586.9901973605156, 'num_example': 8668}
2022-08-17 Wednesday 15:56:49:INFO: {'type': 'metric', 'label': 'training_dist_target', 'value': (0.03857922922591212, 0.03921382898661636), 'epoch': 4}
2022-08-17 Wednesday 15:56:49:INFO: {'type': 'metric', 'label': 'training_acc', 'epoch': 4, 'value': 0.97634979233964, 'num_correct': 8463, 'num_example': 8668}
2022-08-17 Wednesday 15:56:49:INFO: {'type': 'metric', 'label': 'training_precision', 'epoch': 4, 'value': 0.9740527868270874, 'positive': 4242.0, 'total': 4355.0}
2022-08-17 Wednesday 15:56:49:INFO: {'type': 'metric', 'label': 'training_recall', 'epoch': 4, 'value': 0.9787725210189819, 'positive': 4242.0, 'total': 4334.0}
2022-08-17 Wednesday 15:56:50:INFO: {'type': 'metric', 'label': 'validation_loss', 'epoch': 4, 'value': 0.10025323303164663, 'sum': 29.6749569773674, 'num_example': 296}
2022-08-17 Wednesday 15:56:50:INFO: {'type': 'metric', 'label': 'validation_dist_target', 'value': (0.011888343136052828, 0.07143521147805292), 'epoch': 4}
2022-08-17 Wednesday 15:56:50:INFO: {'type': 'metric', 'label': 'validation_acc', 'epoch': 4, 'value': 0.972972972972973, 'num_correct': 288, 'num_example': 296}
2022-08-17 Wednesday 15:56:50:INFO: {'type': 'metric', 'label': 'validation_precision', 'epoch': 4, 'value': 1.0, 'positive': 140.0, 'total': 140.0}
2022-08-17 Wednesday 15:56:50:INFO: {'type': 'metric', 'label': 'validation_recall', 'epoch': 4, 'value': 0.9459459185600281, 'positive': 140.0, 'total': 148.0}
2022-08-17 Wednesday 15:56:57:INFO: Epoch: 5
2022-08-17 Wednesday 15:56:57:INFO: LR: 0.001
2022-08-17 Wednesday 15:57:10:INFO: {'type': 'metric', 'label': 'training_loss', 'epoch': 5, 'value': 0.08607132757279419, 'sum': 746.06626740098, 'num_example': 8668}
2022-08-17 Wednesday 15:57:10:INFO: {'type': 'metric', 'label': 'training_dist_target', 'value': (0.04680250845694795, 0.04693546491005919), 'epoch': 5}
2022-08-17 Wednesday 15:57:10:INFO: {'type': 'metric', 'label': 'training_acc', 'epoch': 5, 'value': 0.9687355791416705, 'num_correct': 8397, 'num_example': 8668}
2022-08-17 Wednesday 15:57:10:INFO: {'type': 'metric', 'label': 'training_precision', 'epoch': 5, 'value': 0.9654066562652588, 'positive': 4214.0, 'total': 4365.0}
2022-08-17 Wednesday 15:57:10:INFO: {'type': 'metric', 'label': 'training_recall', 'epoch': 5, 'value': 0.9723119735717773, 'positive': 4214.0, 'total': 4334.0}
2022-08-17 Wednesday 15:57:10:INFO: {'type': 'metric', 'label': 'validation_loss', 'epoch': 5, 'value': 0.08933819125632982, 'sum': 26.444104611873627, 'num_example': 296}
2022-08-17 Wednesday 15:57:10:INFO: {'type': 'metric', 'label': 'validation_dist_target', 'value': (0.01010219262271012, 0.07448187550982914), 'epoch': 5}
2022-08-17 Wednesday 15:57:10:INFO: {'type': 'metric', 'label': 'validation_acc', 'epoch': 5, 'value': 0.9662162162162162, 'num_correct': 286, 'num_example': 296}
2022-08-17 Wednesday 15:57:10:INFO: {'type': 'metric', 'label': 'validation_precision', 'epoch': 5, 'value': 0.9928571581840515, 'positive': 139.0, 'total': 140.0}
2022-08-17 Wednesday 15:57:10:INFO: {'type': 'metric', 'label': 'validation_recall', 'epoch': 5, 'value': 0.9391891956329346, 'positive': 139.0, 'total': 148.0}
2022-08-17 Wednesday 15:57:16:INFO: Epoch: 6
2022-08-17 Wednesday 15:57:16:INFO: LR: 0.001
2022-08-17 Wednesday 15:57:29:INFO: {'type': 'metric', 'label': 'training_loss', 'epoch': 6, 'value': 0.06845936740275402, 'sum': 593.4057966470718, 'num_example': 8668}
2022-08-17 Wednesday 15:57:29:INFO: {'type': 'metric', 'label': 'training_dist_target', 'value': (0.03897928883526586, 0.03714263492814395), 'epoch': 6}
2022-08-17 Wednesday 15:57:29:INFO: {'type': 'metric', 'label': 'training_acc', 'epoch': 6, 'value': 0.9741578218735579, 'num_correct': 8444, 'num_example': 8668}
2022-08-17 Wednesday 15:57:29:INFO: {'type': 'metric', 'label': 'training_precision', 'epoch': 6, 'value': 0.96875, 'positive': 4247.0, 'total': 4384.0}
2022-08-17 Wednesday 15:57:29:INFO: {'type': 'metric', 'label': 'training_recall', 'epoch': 6, 'value': 0.9799261689186096, 'positive': 4247.0, 'total': 4334.0}
2022-08-17 Wednesday 15:57:29:INFO: {'type': 'metric', 'label': 'validation_loss', 'epoch': 6, 'value': 0.0866116377449519, 'sum': 25.63704477250576, 'num_example': 296}
2022-08-17 Wednesday 15:57:29:INFO: {'type': 'metric', 'label': 'validation_dist_target', 'value': (0.028248159441392164, 0.051803938843108514), 'epoch': 6}
2022-08-17 Wednesday 15:57:29:INFO: {'type': 'metric', 'label': 'validation_acc', 'epoch': 6, 'value': 0.9763513513513513, 'num_correct': 289, 'num_example': 296}
2022-08-17 Wednesday 15:57:29:INFO: {'type': 'metric', 'label': 'validation_precision', 'epoch': 6, 'value': 0.9795918464660645, 'positive': 144.0, 'total': 147.0}
2022-08-17 Wednesday 15:57:29:INFO: {'type': 'metric', 'label': 'validation_recall', 'epoch': 6, 'value': 0.9729729890823364, 'positive': 144.0, 'total': 148.0}
2022-08-17 Wednesday 15:57:34:INFO: Epoch: 7
2022-08-17 Wednesday 15:57:34:INFO: LR: 0.001
2022-08-17 Wednesday 15:57:47:INFO: {'type': 'metric', 'label': 'training_loss', 'epoch': 7, 'value': 0.05670580591097041, 'sum': 491.5259256362915, 'num_example': 8668}
2022-08-17 Wednesday 15:57:47:INFO: {'type': 'metric', 'label': 'training_dist_target', 'value': (0.031156163158975663, 0.03395622880655772), 'epoch': 7}
2022-08-17 Wednesday 15:57:47:INFO: {'type': 'metric', 'label': 'training_acc', 'epoch': 7, 'value': 0.9805029995385325, 'num_correct': 8499, 'num_example': 8668}
2022-08-17 Wednesday 15:57:47:INFO: {'type': 'metric', 'label': 'training_precision', 'epoch': 7, 'value': 0.9749144911766052, 'positive': 4275.0, 'total': 4385.0}
2022-08-17 Wednesday 15:57:47:INFO: {'type': 'metric', 'label': 'training_recall', 'epoch': 7, 'value': 0.9863867163658142, 'positive': 4275.0, 'total': 4334.0}
2022-08-17 Wednesday 15:57:47:INFO: {'type': 'metric', 'label': 'validation_loss', 'epoch': 7, 'value': 0.08409568959394016, 'sum': 24.89232411980629, 'num_example': 296}
2022-08-17 Wednesday 15:57:47:INFO: {'type': 'metric', 'label': 'validation_dist_target', 'value': (0.011144562083220965, 0.05388316431561032), 'epoch': 7}
2022-08-17 Wednesday 15:57:47:INFO: {'type': 'metric', 'label': 'validation_acc', 'epoch': 7, 'value': 0.9797297297297297, 'num_correct': 290, 'num_example': 296}
2022-08-17 Wednesday 15:57:47:INFO: {'type': 'metric', 'label': 'validation_precision', 'epoch': 7, 'value': 1.0, 'positive': 142.0, 'total': 142.0}
2022-08-17 Wednesday 15:57:47:INFO: {'type': 'metric', 'label': 'validation_recall', 'epoch': 7, 'value': 0.9594594836235046, 'positive': 142.0, 'total': 148.0}
2022-08-17 Wednesday 15:58:01:INFO: Epoch: 8
2022-08-17 Wednesday 15:58:01:INFO: LR: 0.001
2022-08-17 Wednesday 15:58:14:INFO: {'type': 'metric', 'label': 'training_loss', 'epoch': 8, 'value': 0.09414764904396898, 'sum': 816.0718219131231, 'num_example': 8668}
2022-08-17 Wednesday 15:58:14:INFO: {'type': 'metric', 'label': 'training_dist_target', 'value': (0.053302887278764984, 0.05402740653231224), 'epoch': 8}
2022-08-17 Wednesday 15:58:14:INFO: {'type': 'metric', 'label': 'training_acc', 'epoch': 8, 'value': 0.9641209044762344, 'num_correct': 8357, 'num_example': 8668}
2022-08-17 Wednesday 15:58:14:INFO: {'type': 'metric', 'label': 'training_precision', 'epoch': 8, 'value': 0.9580960869789124, 'positive': 4207.0, 'total': 4391.0}
2022-08-17 Wednesday 15:58:14:INFO: {'type': 'metric', 'label': 'training_recall', 'epoch': 8, 'value': 0.9706968069076538, 'positive': 4207.0, 'total': 4334.0}
2022-08-17 Wednesday 15:58:14:INFO: {'type': 'metric', 'label': 'validation_loss', 'epoch': 8, 'value': 0.09439469873905182, 'sum': 27.94083082675934, 'num_example': 296}
2022-08-17 Wednesday 15:58:14:INFO: {'type': 'metric', 'label': 'validation_dist_target', 'value': (0.00884807584933131, 0.07505859152690784), 'epoch': 8}
2022-08-17 Wednesday 15:58:14:INFO: {'type': 'metric', 'label': 'validation_acc', 'epoch': 8, 'value': 0.9594594594594594, 'num_correct': 284, 'num_example': 296}
2022-08-17 Wednesday 15:58:14:INFO: {'type': 'metric', 'label': 'validation_precision', 'epoch': 8, 'value': 0.9927536249160767, 'positive': 137.0, 'total': 138.0}
2022-08-17 Wednesday 15:58:14:INFO: {'type': 'metric', 'label': 'validation_recall', 'epoch': 8, 'value': 0.9256756901741028, 'positive': 137.0, 'total': 148.0}
2022-08-17 Wednesday 15:58:28:INFO: Epoch: 9
2022-08-17 Wednesday 15:58:28:INFO: LR: 0.001
2022-08-17 Wednesday 15:58:41:INFO: {'type': 'metric', 'label': 'training_loss', 'epoch': 9, 'value': 0.08232153387569204, 'sum': 713.5630556344986, 'num_example': 8668}
2022-08-17 Wednesday 15:58:41:INFO: {'type': 'metric', 'label': 'training_dist_target', 'value': (0.04543056155769408, 0.044133880884349205), 'epoch': 9}
2022-08-17 Wednesday 15:58:41:INFO: {'type': 'metric', 'label': 'training_acc', 'epoch': 9, 'value': 0.9718504845408399, 'num_correct': 8424, 'num_example': 8668}
2022-08-17 Wednesday 15:58:41:INFO: {'type': 'metric', 'label': 'training_precision', 'epoch': 9, 'value': 0.9628791213035583, 'positive': 4254.0, 'total': 4418.0}
2022-08-17 Wednesday 15:58:41:INFO: {'type': 'metric', 'label': 'training_recall', 'epoch': 9, 'value': 0.9815412759780884, 'positive': 4254.0, 'total': 4334.0}
2022-08-17 Wednesday 15:58:41:INFO: {'type': 'metric', 'label': 'validation_loss', 'epoch': 9, 'value': 0.12491476535797119, 'sum': 36.97477054595947, 'num_example': 296}
2022-08-17 Wednesday 15:58:41:INFO: {'type': 'metric', 'label': 'validation_dist_target', 'value': (0.0029324759867646404, 0.08726399331479459), 'epoch': 9}
2022-08-17 Wednesday 15:58:41:INFO: {'type': 'metric', 'label': 'validation_acc', 'epoch': 9, 'value': 0.9695945945945946, 'num_correct': 287, 'num_example': 296}
2022-08-17 Wednesday 15:58:41:INFO: {'type': 'metric', 'label': 'validation_precision', 'epoch': 9, 'value': 1.0, 'positive': 139.0, 'total': 139.0}
2022-08-17 Wednesday 15:58:41:INFO: {'type': 'metric', 'label': 'validation_recall', 'epoch': 9, 'value': 0.9391891956329346, 'positive': 139.0, 'total': 148.0}
2022-08-17 Wednesday 15:59:01:INFO: Epoch: 10
2022-08-17 Wednesday 15:59:01:INFO: LR: 0.001
2022-08-17 Wednesday 15:59:14:INFO: {'type': 'metric', 'label': 'training_loss', 'epoch': 10, 'value': 0.09054260486741192, 'sum': 784.8232989907265, 'num_example': 8668}
2022-08-17 Wednesday 15:59:14:INFO: {'type': 'metric', 'label': 'training_dist_target', 'value': (0.0505394063130138, 0.050301120365936744), 'epoch': 10}
2022-08-17 Wednesday 15:59:14:INFO: {'type': 'metric', 'label': 'training_acc', 'epoch': 10, 'value': 0.9680433779418551, 'num_correct': 8391, 'num_example': 8668}
2022-08-17 Wednesday 15:59:14:INFO: {'type': 'metric', 'label': 'training_precision', 'epoch': 10, 'value': 0.958832859992981, 'positive': 4239.0, 'total': 4421.0}
2022-08-17 Wednesday 15:59:14:INFO: {'type': 'metric', 'label': 'training_recall', 'epoch': 10, 'value': 0.9780802726745605, 'positive': 4239.0, 'total': 4334.0}
2022-08-17 Wednesday 15:59:14:INFO: {'type': 'metric', 'label': 'validation_loss', 'epoch': 10, 'value': 0.2180772061283524, 'sum': 64.55085301399231, 'num_example': 296}
2022-08-17 Wednesday 15:59:14:INFO: {'type': 'metric', 'label': 'validation_dist_target', 'value': (0.0022188476538537324, 0.14061424699989525), 'epoch': 10}
2022-08-17 Wednesday 15:59:14:INFO: {'type': 'metric', 'label': 'validation_acc', 'epoch': 10, 'value': 0.9594594594594594, 'num_correct': 284, 'num_example': 296}
2022-08-17 Wednesday 15:59:14:INFO: {'type': 'metric', 'label': 'validation_precision', 'epoch': 10, 'value': 1.0, 'positive': 136.0, 'total': 136.0}
2022-08-17 Wednesday 15:59:14:INFO: {'type': 'metric', 'label': 'validation_recall', 'epoch': 10, 'value': 0.9189189076423645, 'positive': 136.0, 'total': 148.0}
2022-08-17 Wednesday 15:59:45:INFO: Epoch: 11
2022-08-17 Wednesday 15:59:45:INFO: LR: 0.001
2022-08-17 Wednesday 15:59:54:INFO: {'type': 'metric', 'label': 'training_loss', 'epoch': 11, 'value': 0.11506794947719515, 'sum': 735.7444689571857, 'num_example': 6394}
2022-08-17 Wednesday 15:59:54:INFO: {'type': 'metric', 'label': 'training_dist_target', 'value': (0.06561276649436915, 0.06512693117885691), 'epoch': 11}
2022-08-17 Wednesday 15:59:54:INFO: {'type': 'metric', 'label': 'training_acc', 'epoch': 11, 'value': 0.9591804817015952, 'num_correct': 6133, 'num_example': 6394}
2022-08-17 Wednesday 15:59:54:INFO: {'type': 'metric', 'label': 'training_precision', 'epoch': 11, 'value': 0.9467437863349915, 'positive': 3111.0, 'total': 3286.0}
2022-08-17 Wednesday 15:59:54:INFO: {'type': 'metric', 'label': 'training_recall', 'epoch': 11, 'value': 0.9730997681617737, 'positive': 3111.0, 'total': 3197.0}
2022-08-17 Wednesday 15:59:55:INFO: {'type': 'metric', 'label': 'validation_loss', 'epoch': 11, 'value': 0.2023509676392014, 'sum': 59.89588642120361, 'num_example': 296}
2022-08-17 Wednesday 15:59:55:INFO: {'type': 'metric', 'label': 'validation_dist_target', 'value': (0.0005043014534749091, 0.13439303475457268), 'epoch': 11}
2022-08-17 Wednesday 15:59:55:INFO: {'type': 'metric', 'label': 'validation_acc', 'epoch': 11, 'value': 0.9459459459459459, 'num_correct': 280, 'num_example': 296}
2022-08-17 Wednesday 15:59:55:INFO: {'type': 'metric', 'label': 'validation_precision', 'epoch': 11, 'value': 1.0, 'positive': 132.0, 'total': 132.0}
2022-08-17 Wednesday 15:59:55:INFO: {'type': 'metric', 'label': 'validation_recall', 'epoch': 11, 'value': 0.8918918967247009, 'positive': 132.0, 'total': 148.0}
2022-08-17 Wednesday 16:00:25:INFO: Epoch: 12
2022-08-17 Wednesday 16:00:25:INFO: LR: 0.001
2022-08-17 Wednesday 16:00:32:INFO: {'type': 'metric', 'label': 'training_loss', 'epoch': 12, 'value': 0.12328994413080942, 'sum': 576.5037787556648, 'num_example': 4676}
2022-08-17 Wednesday 16:00:32:INFO: {'type': 'metric', 'label': 'training_dist_target', 'value': (0.06942001867233126, 0.0683015763402699), 'epoch': 12}
2022-08-17 Wednesday 16:00:32:INFO: {'type': 'metric', 'label': 'training_acc', 'epoch': 12, 'value': 0.955945252352438, 'num_correct': 4470, 'num_example': 4676}
2022-08-17 Wednesday 16:00:32:INFO: {'type': 'metric', 'label': 'training_precision', 'epoch': 12, 'value': 0.942323625087738, 'positive': 2271.0, 'total': 2410.0}
2022-08-17 Wednesday 16:00:32:INFO: {'type': 'metric', 'label': 'training_recall', 'epoch': 12, 'value': 0.9713430404663086, 'positive': 2271.0, 'total': 2338.0}
2022-08-17 Wednesday 16:00:32:INFO: {'type': 'metric', 'label': 'validation_loss', 'epoch': 12, 'value': 0.19797905957376635, 'sum': 58.60180163383484, 'num_example': 296}
2022-08-17 Wednesday 16:00:32:INFO: {'type': 'metric', 'label': 'validation_dist_target', 'value': (0.001342264812666218, 0.11774776916246156), 'epoch': 12}
2022-08-17 Wednesday 16:00:32:INFO: {'type': 'metric', 'label': 'validation_acc', 'epoch': 12, 'value': 0.956081081081081, 'num_correct': 283, 'num_example': 296}
2022-08-17 Wednesday 16:00:32:INFO: {'type': 'metric', 'label': 'validation_precision', 'epoch': 12, 'value': 1.0, 'positive': 135.0, 'total': 135.0}
2022-08-17 Wednesday 16:00:32:INFO: {'type': 'metric', 'label': 'validation_recall', 'epoch': 12, 'value': 0.912162184715271, 'positive': 135.0, 'total': 148.0}
2022-08-17 Wednesday 16:00:32:INFO: Calculating recall rate: sun2011
2022-08-17 Wednesday 16:33:49:INFO: RR calculation - 500 duplicate reports were processed
2022-08-17 Wednesday 17:06:18:INFO: RR calculation - 1000 duplicate reports were processed
2022-08-17 Wednesday 17:57:35:INFO: RR calculation - 1500 duplicate reports were processed
2022-08-17 Wednesday 18:55:12:INFO: RR calculation - 2000 duplicate reports were processed
2022-08-17 Wednesday 19:51:51:INFO: RR calculation - 2500 duplicate reports were processed
2022-08-17 Wednesday 20:48:35:INFO: RR calculation - 3000 duplicate reports were processed
2022-08-17 Wednesday 20:52:11:INFO: [] Throughput: 0.17311490442099314 bugs per second (bugs=3029 ,seconds=17497.04920053482)
2022-08-17 Wednesday 20:52:11:INFO: {'type': 'metric', 'label': 'recall_rate', 'k': 1, 'rate': 0.5609111918124794, 'hit': 1699, 'total': 3029, 'epoch': 0}
2022-08-17 Wednesday 20:52:11:INFO: {'type': 'metric', 'label': 'recall_rate', 'k': 2, 'rate': 0.6421261142291185, 'hit': 1945, 'total': 3029, 'epoch': 0}
2022-08-17 Wednesday 20:52:11:INFO: {'type': 'metric', 'label': 'recall_rate', 'k': 3, 'rate': 0.6761307362165732, 'hit': 2048, 'total': 3029, 'epoch': 0}
2022-08-17 Wednesday 20:52:11:INFO: {'type': 'metric', 'label': 'recall_rate', 'k': 4, 'rate': 0.6969296797622978, 'hit': 2111, 'total': 3029, 'epoch': 0}
2022-08-17 Wednesday 20:52:11:INFO: {'type': 'metric', 'label': 'recall_rate', 'k': 5, 'rate': 0.7121162099702872, 'hit': 2157, 'total': 3029, 'epoch': 0}
2022-08-17 Wednesday 20:52:11:INFO: {'type': 'metric', 'label': 'recall_rate', 'k': 6, 'rate': 0.7246616044899307, 'hit': 2195, 'total': 3029, 'epoch': 0}
2022-08-17 Wednesday 20:52:11:INFO: {'type': 'metric', 'label': 'recall_rate', 'k': 7, 'rate': 0.7309343017497524, 'hit': 2214, 'total': 3029, 'epoch': 0}
2022-08-17 Wednesday 20:52:11:INFO: {'type': 'metric', 'label': 'recall_rate', 'k': 8, 'rate': 0.7388577088147904, 'hit': 2238, 'total': 3029, 'epoch': 0}
2022-08-17 Wednesday 20:52:11:INFO: {'type': 'metric', 'label': 'recall_rate', 'k': 9, 'rate': 0.7477715417629581, 'hit': 2265, 'total': 3029, 'epoch': 0}
2022-08-17 Wednesday 20:52:11:INFO: {'type': 'metric', 'label': 'recall_rate', 'k': 10, 'rate': 0.7576758005942555, 'hit': 2295, 'total': 3029, 'epoch': 0}
2022-08-17 Wednesday 20:52:11:INFO: {'type': 'metric', 'label': 'recall_rate', 'k': 11, 'rate': 0.7619676460878178, 'hit': 2308, 'total': 3029, 'epoch': 0}
2022-08-17 Wednesday 20:52:11:INFO: {'type': 'metric', 'label': 'recall_rate', 'k': 12, 'rate': 0.7665896335424233, 'hit': 2322, 'total': 3029, 'epoch': 0}
2022-08-17 Wednesday 20:52:11:INFO: {'type': 'metric', 'label': 'recall_rate', 'k': 13, 'rate': 0.7705513370749423, 'hit': 2334, 'total': 3029, 'epoch': 0}
2022-08-17 Wednesday 20:52:11:INFO: {'type': 'metric', 'label': 'recall_rate', 'k': 14, 'rate': 0.776824034334764, 'hit': 2353, 'total': 3029, 'epoch': 0}
2022-08-17 Wednesday 20:52:11:INFO: {'type': 'metric', 'label': 'recall_rate', 'k': 15, 'rate': 0.7830967315945857, 'hit': 2372, 'total': 3029, 'epoch': 0}
2022-08-17 Wednesday 20:52:11:INFO: {'type': 'metric', 'label': 'recall_rate', 'k': 16, 'rate': 0.7860680092439749, 'hit': 2381, 'total': 3029, 'epoch': 0}
2022-08-17 Wednesday 20:52:11:INFO: {'type': 'metric', 'label': 'recall_rate', 'k': 17, 'rate': 0.7887091449323209, 'hit': 2389, 'total': 3029, 'epoch': 0}
2022-08-17 Wednesday 20:52:11:INFO: {'type': 'metric', 'label': 'recall_rate', 'k': 18, 'rate': 0.7903598547375371, 'hit': 2394, 'total': 3029, 'epoch': 0}
2022-08-17 Wednesday 20:52:11:INFO: {'type': 'metric', 'label': 'recall_rate', 'k': 19, 'rate': 0.7923407065037966, 'hit': 2400, 'total': 3029, 'epoch': 0}
2022-08-17 Wednesday 20:52:11:INFO: {'type': 'metric', 'label': 'recall_rate', 'k': 20, 'rate': 0.7949818421921426, 'hit': 2408, 'total': 3029, 'epoch': 0}
2022-08-17 Wednesday 20:52:11:INFO: {'type': 'metric', 'label': 'MAP', 'value': 0.632242374993803, 'sum': 1915.062153856229, 'total': 3029, 'epoch': 0}
2022-08-17 Wednesday 20:52:11:INFO: [1, 1, 1, 17, 7, 1, 4, 355, inf, 10, 6, 1, 2, 2, 1, 14, 2, inf, 2, 1, 118, 1158, 1, 84, 556, 5, 1, 15, 1, 23, 1, 1, 2, 1, 30, 1, 4, 10, 48, 1, 1, 2, 82, 1, 86, 5, 1, 1, 2, 34, 14, 25, 4, 33, 20, 1, 10, 38, 13, 44, 15, 1, 1, 1, 1, 9, 25, 1, inf, 2, 75, 1, 4, inf, 9, 200, inf, 27, inf, 22, 1, 2, 63, 124, 1, 1, 246, 1, 5, 294, 15, 26, 71, 329, 1, 1, 2, 1, 38, 4, 1, 49, inf, 1, 1, 1, 10, 5, inf, 1, 2, 3, 3, 3, inf, 4, 1, 10, 1, 300, 5, 2276, 1, 5, 3, 170, inf, inf, 1, 24, 61, inf, 3, 1, 1, 13, 1, 23, 1, inf, 3, 25, inf, inf, 5, 6, 1, 1, inf, 1, 28, 4, inf, 2, 15, 1, 4, 1046, inf, 51, 2, 5, inf, 19, 4, 1, 39, 1, 10, 1, 38, 38, 3, inf, 1, 3, 27, 53, 1, 1, 571, 7, 6, 1, inf, 1, 36, 1, 2, 23, inf, 2, 1, 13, 1, 1, inf, 2, 22, 2, 13, 59, 1, 12, 1, 1, 8, 1, 3, 8, 2, 140, 56, 8, 1, 50, 1, 2, 21, 2, 1, 9, 1, inf, inf, 1, 2, 1, 1, 2, 5, 1132, inf, 53, 1, 22, 1, inf, 2, 1, 1, 1, 5, 2, 1, 1, 1, 4, 3, 127, 6, 1, 1, 1, 1, 6, 112, 43, 7, 1, inf, 1, 1, 66, 7, 2, 4, 1, inf, 4, 5, 3, 7, 8, 2, 1, 1, 3, 17, 49, 13, 2, 238, 1, 278, 1, 6, 33, 54, 1, 14, 9, 1, 3, inf, 62, inf, 13, 4, 3, 62, 4, 2, 7, 296, inf, 388, 1, 21, 2, 41, 3, 10, 3, inf, 1, 89, 3, 1, 1, inf, 14, 2, 30, 27, 1, 1, 2, 4, 938, 691, 1, 13, 1, 2, 3, 35, 1, 1, 1, 1, 6, 1, 1, inf, 15, 116, inf, 3, 8, 158, 2, 1, 8, 12, 3, inf, 8, 1, 6, inf, 10, inf, 51, 3, 34, 1, 9, 5, 1, 1, 1, 1, inf, 1, 2, 1, 3, 2, 1, 1, 4, inf, 3, inf, inf, 32, 4, 1, 24, 22, 1, 1, 46, inf, inf, 31, 83, 1, 1548, 2, 1, 129, 2, inf, 1, 8, 4, 15, 34, 101, inf, 3, 1, 5, inf, inf, 1, 93, 4, 1, inf, 35, 35, inf, inf, 9, 1, 1, 1, 1, inf, 98, 81, 6, 1, inf, 1, 14, 21, inf, 2, 3, 67, 2, 42, 174, 8, 9, 1, 14, 2, 1, inf, 1, 1, 3, 3, inf, 1, 1, 1, 25, 1, 651, 53, 9, 193, 4, inf, 5678, 16, 2, 137, 2, 4, 3, 35, 1, 4, 53, 1, 4, 4, inf, inf, 1, 1, 2, 2, 1, 12, 3, 30, 3, 1, 25, 1, 1, 34, inf, 1, 1, 1, 237, 1, 1, 4, 2, 1142, 25, 6, 28, 2, inf, 7, 11, 1, 24, inf, 10, 32, 2, 1, inf, inf, 1, 183, 9, 69, inf, 1, 4, inf, 26, 38, inf, 11, 12, 1, 1, 2, 121, 51, 18, 1, inf, 1, 1, 5, 1, 1, 1, 6, 1, 1, 234, 15, 20, 1, 1, 19, 6, 64, 1, 221, 1, 7, 1, 2, 1, 1, 1, 1, 8, 15, 1, 772, 4, 1, 4, 22, 12, 1, 1, 4, 2, 2, 2, 1, 1, 1, 1, 1, 1, inf, 5, 53, 170, 72, 2, 1, 39, 1, 30, 7, 1, 1, 94, 3122, 1, 2, 16, 3, 63, 15, 2, 184, 134, 2, 51, 42, 6, 1, 1, 26, 61, 1, 168, 72, 2, 53, 1, 1, 5, 1, 9, 14, 1, 3, 1, 10, 4, inf, 317, 82, 9, 10, 295, 1, 1, 169, 65, inf, 490, 28, 8, 1, 1, 28, 14, 1, 1, 1, 1, inf, inf, 1, 91, inf, 2, inf, 1, 3, 1, 1, 1, 1, 3, 1, 2, 1, 15, inf, 4, 1, 1, 102, 1, 42, 2, 4, 169, 1, 1, 1, 2, 10, 2, 22, 9, 51, 2, 10, 1, 3, 1, 3, 1, 157, 41, 14, 1, 5, 36, 12, 2, 1, 10, 2, 2, 1, 5, 2, 77, 65, 7, inf, 9, 1, 290, inf, 1, 1, 1, 16, 10, 1, 1, 52, 1, 1, 2, 17, 1, 2, 14, 1, 2, 6, 46, 720, inf, 1, 20, 1, 218, 4, 1, 24, 1, 90, 47, inf, 9, inf, 3, 72, 59, 2232, 6, inf, 2, 1, inf, 6, 30, 5, 98, 8, 1, 207, 5444, inf, 23, 1, 104, 1, 16, 1, 6, 5, inf, 4, 1, 80, inf, 1, 1, inf, 2, 4, 267, 1, 1, inf, 1, 519, 2, inf, 3, 1, 7, 2, 84, 3529, 1, 1, 1, 26, 2, 1, 2, 2, 3, 1, 1, 36, 2, 2, 185, 79, 1, 1, 2, 29, inf, 1, 14, 1, 2, 4, 1, 9, 1, 14, 1, 2, 3, 107, 330, 7617, 1, 1, 4, 46, 1, 35, 1, 1, 1, 1, 1, 9, 16, inf, 1, 85, 1, 1, 229, inf, 1, 6, 165, 1, 67, 109, 1, 55, inf, inf, 494, 1, 43, 5, 1, 9, 1, 68, 38, 3, 304, 2, 7, 235, 1, 3, 1, 24, 3, 27, 1, 20, 13, 1, 1, inf, 2, 15, 1, 2958, inf, 1, 1, 11, 4556, 1, 149, 1, 1, 21, 3, 1, inf, inf, 5, 1, inf, 1, inf, inf, 4, 2, 1, 3, 2, 1, 1, inf, 1, 1, 1, 349, inf, 13, 1, inf, 2, 145, 1, 1, 25, 1, 1, 5, 2, 36, inf, 1, 1, 53, 1, 1, 274, 7, 14, 2, 2, 1, 265, 1, 1, 1, 1, 2553, 10, inf, 5, 3, 14, 1, 2, inf, 1013, 1, 3, 525, 1, inf, 2, inf, 11, 1, 5, inf, inf, inf, 3, 521, 1, 8, 236, 1, 1, 2, 2, 1, 1, 4, 3, 5, 21, 3, 4, inf, 23, 3, 1, 1, 1, inf, 6, 2, 2, 1, 2, 2, inf, 1270, 1, 1, 21, 1, 1, inf, 1, 15, 1, 3, inf, 8, 1, inf, 1, 1, 11, 17, 4, 1, 711, 1, inf, 11, 2, 510, 15, 1641, 5, 9, 9, 11, 4, inf, 67, 1, 1, 33, inf, 9, 129, 1, 2, 1, 706, 1, 3, 1, 15, 2, 1, inf, 50, 1, 4, 3, 15, 12, 2, inf, 1, 36, 1, 1, 1, 1, 2, 2, 1, 2, 1, 2, 1, 1, 2, 1, 1, 1, 1, 1, 1, 1, 1, 1, 1, 3, 1, 5, 2, 1, 1, 5, 1, 1, 1, 1, 1, 1, 19, 1, 423, 1, 10, 1, inf, 7, 6, 1, 1, 1, 1, 1, 1, 1, 1, 1, inf, 1, 1, 1, 9, 1, 1, 1, 1, 10, 1, 1, 1, 1, 1, 1, 1, 1, inf, inf, 1, 1, 2, 5, 1, 2, 19, 1, 6, 1, 2, 1, 1, 1, 1, 1, 27, 12, 2, 590, 1, 1, inf, 8, 1, 1, 1, 1, 1, 23, 1, 2, 1, 339, 1, 20, 1, 1, 1, 1, 1, 120, inf, 33, 1, 18, 3, 1, 4, 53, 30, 26, 4, 1, 73, 1, 24, 1, 1, 1, 1, 1, 1, 2, 3, 1, 2, 75, 2, inf, 64, 1, 2, 1, 1, 1, 1, 1, 6, 30, 1, 1, 1, 1, 82, 1, 1, 2, 4, 1, 19, 242, 1, 1, 1, 1, 1, 1, 1, 1, 1, 2, 11, 10, 1, 1, 2, 1, 566, 171, 2, 20, 2, 1, 15, 1, 33, 1, 1, inf, 1, 1, 3, inf, 1, 1, inf, 2, 1, 3, 1, 1, 161, 1, 3, 1, 1, 1, 14, 1, 1, 2, 1, 1, 3, 1, 1, 1, 1, 1, 1, 1, 1, 1, 1, 1, 1, 1, 1, 1, 1, 1, 12, 1, 1, 1, 13, 1, 41, 1, 1, 1, 1, 1, 2, 1, inf, 1, 1, 2, 1, 2, 1, 9, 1, 1, 1, 12, 136, 1, 1, 7, 1, 1, 1, 23, 1, 1, 2, 1, 2, 3, 26, 1, 1, 329, 3, 1, 1, 45, 1, 1, 39, 1, 1, 13, 291, 1, inf, 1, 261, 1, 1, 1, 1, 1, 76, 2, 1, 8, 29, 2, 254, 2, 1, 2, 1, 1, 1, 1, 1, 1, 1, 1, 1, 2, 1, 1, 1, 1, 1, 1, 1, 1, 159, 2, 321, 1, 1, 1, 1, 1, 1, 1, 1, 26, 37, 1, 1, 2, 1, 1, 1, 1, 2, 1, 1, 1, 1, 1, 3, 2, 1, 1, 2, 1, 1, 1, 236, 1, 1, 1, 1, 1, 1, 1, 1, 1, 1, 1, 1, 1, 1, 1, 1, 1, 8, 1, 2045, 1, 1, inf, 22, 3, 20, 1, 720, 3, 6, 1, 1, 1, 356, 1, 1, 1, 1, 2, 1, 1, 2, 1, 2, 2, 1, 1, 1, 1, 1, 1, 24, 7, 5, 1, 221, 1, 1, 1, 1, 1, 1, 1, 1, 1, 1, 1, 1, 1, 1, 1, 1, 68, 1, 1, 1, 1, 1, 1, 1, 1, 1, 1, 1, 1, 1, 1, 1, 1, 1, 1, 1, 1, 1, 1, 1, 37, 1, 1, 1, 1, 36, 5, 1, 1, 1, 161, 17, 1, 1, 1, 1, 1, 1, 1, 1, 3, 1, 1, 1, 1, 1, 2, 1, 1, 2, 1, inf, 2, 1, 1, 1, 19, 1, 1, 1, 1, 3, 1, 6, 65, 9, 1, 1, 1, 2, 1, 2, 1, 1, 1, 1, 1, 3, 1, 1, 1, 1, 1, 1, 1, 120, 1, 1, 1, 1, 1, 1, 28, 1, 1, 1, 1, 1, 246, 1, 1, 1, 1, 1, 1, 1, 1, 1, 1, 1, 1, 1, 1, 2, 1, 1, 1, 1, 1, 1, 1, 2, 1, 1, 1, 1, 2, 1, 1, 1, 1, 1, 1, 2, 1, 1, 1, 1, 1, 1, 1, 1, 1, 1, 1, 1, 1, 2, 1, 1, 1, 2, inf, 2, 34, 1, 1, 1, 1, 1, 1, 1, 35, 1, 1, 1, 1, 1, 1, 1, 1, 42, 1, 1, 1, 1, 1, 1, 1, 1, 1, 1, 1, 8, 1, 1, 1, 1, 2, 1, 1, 1, 2, 1, 1, 1, 57, 1, 1, 1, 38, 2, 1, 1, 1, 36, 1, 1, 1, 1, 1, 1, 1, 1, 1, 11, 3, 1, 1, 1, 1, 1, 4, 1, 1, 1, 1, 1, 1, 1, 1, 1, 12, 1, 4, 1, 1, 1, 1, 1, 1, 1, 1, 1, 1, 1, 1, 8, 1, 1, 1, 1, 1, 1, 2, 1, 36, 10, 1, 179, 44, 2, 1, 1, 1, 1, 8, 222, 9, 3, 1, 22, 1, 1, 709, 34, 1, 2, 1, 1, 3, 1, 1, 1, 1, 1, 1, inf, 1, 2, 1, 1, 1, 25, 1, 1, 1, 1, 1, 26, 1, 2, 2, 1, 1, 1, 2, 2, 1, 18, 1, 1, inf, 2, 1, 2, 1, 1, 5, 1, 1, 1, 1, 1, 1, 1, 1, 1, 1, 2, 1, 1, 1, inf, 8, 2, 2, 1, 1, 1, 1, 1, 1, 5, 15, 1, 1, 1, 1, 1, 1, 1, 1, 1, 1, 1, 1, 1, 3, 1, 1, 2, 1, 2, 1, 1, 1, 54, 22, 1, 1, 1, 1, 1, inf, 3, 1, 5, 1, 1, 1, 1, 1, 1, 1, 1, 1, 1, 1, 1, 10, 1, 1, 2, 3, 1, 1, 39, 1, 1, 1, 1, 1, 1, 1, 10, 1, 1, 2, 1, 1, 1, 1, 1, 1, 1, 1, 1, 6, 1, 1, 1, 1, 1, 6, 1, 1, 1, 1, 1, 8, 23, 2, 1, 1, 1, 1, 1, 1, 1, 1, 493, 38, 1, 3, 4, 1, 1, 1, 1, 1, 1, 1, 1, 1, 1, 1, 1, 1, 1, 1, 1, 1, 1, 1, 1, 1, 2, 1, 3, 1, 1, 1, 181, 2, 1, 1, 1, 1, 1, 1, 1, 1, 1, 1, 1, 1, 1, 1, 1, 1, 1, 4, 1, 22, 2, 1, 700, 1, 4, 1, 96, 1, 3, 3, 1, 1, 2, 1, 2, 1, 1, 1, 1, 1, 1, 1, 1, 1, 1, 1, 1, 2, 1, 23, 1, 1, 1, 1, 1, 1, 1, 1, 1, 1, 1, 1, 1, 1, 1, 1, 1, 1375, 1, 16, 2, inf, 2, 3, 1, 1, 1, 2, 65, inf, 1, 1, 1, 5, 707, 2, inf, 1, 1, 30, 4, 5, 1, 1, 1, 1, 4, 1, 69, 3, 1, 1, 2, 29, 1, 2, 1, 1, 1, 1, 363, 563, 1, 1, 2, 1, 1, 7, 1, 1, 1, 1, 1, 25, 1, 1, 1, inf, 1, 1, 1, 1, 1, 1, 1, 1, 1, 1, 1, 10, 1, 1, 1, 1, 1, 1, 1, 1, 1, 1, 1, 1, 1, 1, 1, 1, 1, 1, 1, 1, 1, 1, 1, 1, 1, 1, 1, 1, 1, 1, 23, 166, 1, 6, 1, 1, 1, 49, 1, 1, 1, 1, 1, 1, 1, 1, 2, 1, 1, 1, 2, 1, 1, 2, 1, 2, 4, 1, 1, 3, 1, 3, 1, 22, 1, 30, 1, 24, 110, 1, 1, 3, 1, 183, 6, 2, 1, 1, 1, 1, 1, 1, 1, inf, 175, 444, 91, 119, 2, 1, 1, 168, 1, 1, 1, 12, 1, 15, 1, 1, 10, 1, 1, 2, 1, 1, 1, 1, 2, 4, 125, 2, 1, 2, 1, 548, 1, 1, 1, 1, 1, 1, 1, 1, 1, 1, 1, 1, inf, 2, 1, 1, 12, 1, 1, 1, 1, 1, 1, 1, 1, 1, 1, 1, 1, 1, 1, 1, 1, 1, 1, 1, 1, 1, 1, 1, 1, 5, 34, 1, 1, 1, 1, 1, 1, 1, 1, 1, 1, 1, 1, 1, 1, 1, 1, inf, 234, 1, 1, 65, 760, 1, 1, 3, 1, 1, 1, 2, 1, 1, 14, 1, 1, 1, 1, 1, 1, 1, 1, 1, 1, 1, 164, 1, 1, 1, 1, 1, inf, 2, inf, 1, 1, 1, 41, 1, 1, 1, 1, 1, 1, 1, 1, 1, 1, inf, 1, 1, 1, 1, 1, 1, 1, 3, 1, 1, 1, 1, 1, 1, 1, 1, 1, inf, 1, 1, 1, 1, 5, 1, 1, 1, 1, 1, 47, inf, 1, inf, 361, 1, 1, 1, 1, 1, 1, 34, inf, 1, 6, 1, 1, 1, 1, 1, 1, 1, 1, 1, 1, 1, 1, 24, 64, 1, 1, 1, 1, 1, 1, 1, 1, 1, 1, 1, 1, 2, 1, 9, 1, 7, 5, 1, 1, 1, 1, 1, 1, 1, 1, 1, 1, 1, 1, 1, 1, 1, 1, 1, 1, 1, 1, 1, 1, 1, 1, 1, 1, 1, 1, 1, 1, 25, 1, 1, 2, 1, 1, 148, 10, 1, 26, 1, 1, 1, 3, 9, 1, 1, 1, 1, 1, 1, 1, 44, 1, 1, 1, 1, 1068, inf, 154, 1, 1, 1, 2, 902, 1, 1, 1, 1, 6, 13, 1, 2, 1, 1, 1, 2, 2, 1, 90, 11, 1, 1, 26, 5, 1, 1, 1, 1, 178, 2, 1, 1, 1, 1, 223, 1, 1, 1, 2, 44, 1, 1, 1, 2, 1, 137, 6, 1, inf, 1, 1, 1, 1, 1, 1, 1, 1, 65, 11, 1, 1, inf, inf, 4, 1, 5, inf, 1, 2, 128, 4, 1, 1, 1, 6, 1, 17, 1, 1, 1, 11, 1, 168, 1, 1, 2, 25, 1, 1, 1, 1, 1, 1, 1, 1, 1, 1, 1, 1, 1, 1, 1, 1, 1, 1, 1, 1, 1, 1, 3, 25, 2, 2, 2, 2, 2, 2, 1, 1, 1, 1, 2, 3, 1, 6, 1, 1, 1, 1, 1, 1, 1, 1, 1, 1, 1, 58, 130, 1, 1, inf, 1, 1, 1, 1, 1, 1, 62, 4, 1, 1, inf, 2, 2, 1, 1, 1, 2, 4, inf, 14, 1, 4, 1, 2, 1, 1, 1, 1, 1, 1, 3, 1, 1, 2, 1, 2, 3, 2, 1, 484, 1, inf, 6, 1, 419, 1, 1, 1, 1, 1, 1, 1, 1, 1, 1, 1, 1, 1, 573, 1, inf, 1, 1, 130, 2, 1, 2, 1, 3, 1, 1, 1, 12, 1, 1, 1, 1, 1, 1, 10, 1, 1, 1, 1, 1, 1, 1, 1, 1, 1, 1, 2, 1, 1, 3, 1, 1, 27, 512, 25, 2, 1, 1, 1, 1, 20, 6, 41, 1, 1, 1, 1, 1, 108, 1, 1, 1, 1, 1, 1, inf, 1, 1, 1, 3, 1, 1, 22, 10, 1, 1, 1, 1, 3, inf, 1, 1, 1, 8, 1, 1, 1, 2, 1, 8, 1, 241, 1187, 23, 2, 3, 1, 1, 32, 18, 227, 2, 1, 1, 1, 1, 1, 1, 1, 6, 1, 1, 1, 1, 1, 1, 1, 1, 1, 259, 23, 1, 1, 1, 1, 1, 1, 27, 1, 24, 1, 4, 1, 1, 1, 1, 1, 1, 1, 1, 1, 16, 1, 1, 1, 1, 1, 1, 1, inf, 1, 6, 1, 2, 1, 1, 5, 2, 1, 5, 1, 5, 29, 2, 1, 1, 1, 1, 6, 1, 224, 1, 14, 1, 1, 1, 2, 1, 56, 1, 660, 18, 1, 1, 15, 1, 1, 1, 79, 180, 51, 1, 1, inf, 784, 1, 1, 1, 1335, 3, 55, 1452, 24, inf, 329, 1, 344, 1, 1, 1, 148, 35, 1, 2, 65, 16, 1, 1, 336, 1, 14, 149, 1, 872, 2, 4, 3, 1, 1, inf, 10, inf, inf, inf, inf, 1, 50, inf, 337, 75, 102, 1, 1, 219, 1, inf, 37, 1, inf, inf, 1, inf, 194, 1345, 39, 60, 10, 1, 2, 24, 1, 1, 168, 1, 39, 3, inf, 1, 22, 1, 1, 3, 2, inf, 279, inf, 1, 28, 1, 17, inf, 2, 7, 3, 17, 1, 10, 1, 4, 5, 1, 1, 9, 102, 97, 1, 1, 245, 3, 16, 1, 1, 1, 11, 1, 1, 1, 37, 1, 1, 1, 1, 2, 1, 1, 1, 1, 71, 2, 3, 179, 22, 1, 1, 2]
2022-08-17 Wednesday 20:52:11:INFO: It completed at: 2022-08-17 20:52:11.282924
2022-08-17 Wednesday 20:52:11:INFO: Completed after: 4:56:31.960352
