2022-08-19 Friday 14:44:24:INFO: {'bug_database': 'dataset/mozilla-old/mozilla-old_soft_clean.json', 'database_name': 'mozilla-old', 'epochs': 12, 'lr': 0.001, 'l2': 0.0, 'batch_size': 256, 'ranking_batch_size': 512, 'ranking_n_workers': 2, 'cuda': True, 'cache_folder': 'scratch/temp/', 'pairs_training': 'dataset/mozilla-old/training_split_mozilla-old_pairs_random_1.txt', 'pairs_validation': 'dataset/mozilla-old/validation_mozilla-old_pairs_random_1.txt', 'neg_pair_generator': {'type': 'non_negative', 'training': 'dataset/mozilla-old/training_mozilla-old.txt', 'rate': 1, 'pre_list_file': None, 'k': 0, 'n_tries': 15, 'preselected_length': None, 'random_anchor': True}, 'loss': 'bce', 'margin': 0, 'categorical': {'lexicons': 'dataset/mozilla-old/categorical_lexicons.json', 'bn_last_layer': False, 'emb_size': 20, 'hidden_sizes': [40], 'dropout': 0.0, 'activation': 'relu', 'batch_normalization': False, 'layer_norm': False}, 'compare_aggregation': {'word_embedding': 'word_embedding/mozilla-old/glove_42B_300d_mozilla-old.npy', 'norm_word_embedding': False, 'lexicon': 'word_embedding/mozilla-old/glove_42B_300d_mozilla-old.lxc', 'sent_representation': None, 'tokenizer': 'white_space', 'bow': False, 'frequency': False, 'extractor': {'update_embedding': False, 'filters': ['TransformLowerCaseFilter'], 'hidden_size': 150, 'dropout': 0.0, 'layer_norm': False, 'txt_field_emb_size': 5, 'field_word_combination': 'cat', 'emb_dropout': 0.0, 'scaled_attention': True, 'model': 'linear', 'use_categorical': False, 'bidirectional': True}, 'matching': {'type': 'full', 'scaled_attention': True, 'comparison_hidden_size': 100, 'dropout': 0.0, 'residual': True, 'layer_norm': False, 'attention_hidden_size': 200, 'attention': 'dot_product', 'comparison_func': 'submult+nn'}, 'aggregate': {'model': 'lstm', 'window': [3, 4, 5], 'nfilters': 100, 'hidden_size': 150, 'dropout': 0.0, 'bidirectional': True, 'num_layers': 1, 'self_att_hidden': 50, 'layer_norm': False, 'n_hops': 20}, 'classifier': {'hidden_size': [300], 'output_act': 'sigmoid', 'hadamard_diff_textual': True, 'hadamard_diff_categorical': True, 'textual_hidden_layer': 600, 'categorical_hidden_layer': 40, 'categorical_dropout': 0.0, 'dropout': 0.0, 'only_candidate': False, 'layer_norm': False, 'batch_normalization': False}}, 'random_switch': True, 'recall_estimation_train': None, 'recall_estimation': None, 'sample_size_rr_tr': 0, 'sample_size_rr_val': 0, 'rr_val_epoch': 100, 'rr_train_epoch': 100, 'ranking_result_file': None, 'optimizer': 'adam', 'lr_scheduler': None, 'save': None, 'save_by_epoch': None, 'load': None, 'recall_rate': {'type': 'sun2011', 'dataset': 'dataset/mozilla-old/test_mozilla-old.txt', 'result_file': None, 'group_by_master': True, 'window': 365}, 'pair_test_dataset': None, 'rep': {'model': None, 'input': None, 'training': None, 'rate': 1, 'neg_training': 10000, 'k': 1000}, 'rr_scorer': 'general', 'seed': 150737837}
2022-08-19 Friday 14:44:24:INFO: It started at: 2022-08-19 14:44:24.118098
2022-08-19 Friday 14:44:33:INFO: Turning CUDA on
2022-08-19 Friday 14:44:33:INFO: Using Categorical Information.
2022-08-19 Friday 14:44:33:INFO: Lexicon size: 97938
2022-08-19 Friday 14:44:33:INFO: Word Embedding size: 300
2022-08-19 Friday 14:44:33:INFO: Use white space tokenizer to tokenize summary information
2022-08-19 Friday 14:44:33:INFO: BoW=False and TF=False
2022-08-19 Friday 14:44:33:INFO: Using Summary and Description information.
2022-08-19 Friday 14:44:34:INFO: Using BCE Loss: margin=0
2022-08-19 Friday 14:44:39:INFO: Non Negative Pair Generator
2022-08-19 Friday 14:44:39:INFO: Using the following dataset to generate negative examples: Database: mozillaOld; Order by Date; Master report is the newest oneWe keep nested master reports; Database: mozillaOld; Order by Date; Master report is the newest oneWe keep nested master reports;. Number of bugs in the training: 198653
2022-08-19 Friday 14:44:48:INFO: Training size: 68400
2022-08-19 Friday 14:44:49:INFO: Validation size: 2548
2022-08-19 Friday 14:44:49:INFO: Adam
2022-08-19 Friday 14:44:49:INFO: Scheduler: Constant
2022-08-19 Friday 14:44:49:INFO: Epoch: 1
2022-08-19 Friday 14:44:49:INFO: LR: 0.001
2022-08-19 Friday 14:46:26:INFO: {'type': 'metric', 'label': 'training_loss', 'epoch': 1, 'value': 0.1734654018265462, 'sum': 11865.03348493576, 'num_example': 68400}
2022-08-19 Friday 14:46:26:INFO: {'type': 'metric', 'label': 'training_dist_target', 'value': (0.10475708126150376, 0.10338522181873433), 'epoch': 1}
2022-08-19 Friday 14:46:26:INFO: {'type': 'metric', 'label': 'training_acc', 'epoch': 1, 'value': 0.929078947368421, 'num_correct': 63549, 'num_example': 68400}
2022-08-19 Friday 14:46:26:INFO: {'type': 'metric', 'label': 'training_precision', 'epoch': 1, 'value': 0.9301732182502747, 'positive': 31731.0, 'total': 34113.0}
2022-08-19 Friday 14:46:26:INFO: {'type': 'metric', 'label': 'training_recall', 'epoch': 1, 'value': 0.9278070330619812, 'positive': 31731.0, 'total': 34200.0}
2022-08-19 Friday 14:46:27:INFO: {'type': 'metric', 'label': 'validation_loss', 'epoch': 1, 'value': 0.1836316794437741, 'sum': 467.89351922273636, 'num_example': 2548}
2022-08-19 Friday 14:46:27:INFO: {'type': 'metric', 'label': 'validation_dist_target', 'value': (0.04978476832014051, 0.12912684894244375), 'epoch': 1}
2022-08-19 Friday 14:46:27:INFO: {'type': 'metric', 'label': 'validation_acc', 'epoch': 1, 'value': 0.9340659340659341, 'num_correct': 2380, 'num_example': 2548}
2022-08-19 Friday 14:46:27:INFO: {'type': 'metric', 'label': 'validation_precision', 'epoch': 1, 'value': 0.9639261960983276, 'positive': 1149.0, 'total': 1192.0}
2022-08-19 Friday 14:46:27:INFO: {'type': 'metric', 'label': 'validation_recall', 'epoch': 1, 'value': 0.9018838405609131, 'positive': 1149.0, 'total': 1274.0}
2022-08-19 Friday 14:46:51:INFO: Epoch: 2
2022-08-19 Friday 14:46:51:INFO: LR: 0.001
2022-08-19 Friday 14:48:28:INFO: {'type': 'metric', 'label': 'training_loss', 'epoch': 2, 'value': 0.08709613108844087, 'sum': 5957.375366449356, 'num_example': 68400}
2022-08-19 Friday 14:48:28:INFO: {'type': 'metric', 'label': 'training_dist_target', 'value': (0.04692722890373559, 0.04733430223506794), 'epoch': 2}
2022-08-19 Friday 14:48:28:INFO: {'type': 'metric', 'label': 'training_acc', 'epoch': 2, 'value': 0.9701169590643275, 'num_correct': 66356, 'num_example': 68400}
2022-08-19 Friday 14:48:28:INFO: {'type': 'metric', 'label': 'training_precision', 'epoch': 2, 'value': 0.9709156155586243, 'positive': 33149.0, 'total': 34142.0}
2022-08-19 Friday 14:48:28:INFO: {'type': 'metric', 'label': 'training_recall', 'epoch': 2, 'value': 0.9692689776420593, 'positive': 33149.0, 'total': 34200.0}
2022-08-19 Friday 14:48:29:INFO: {'type': 'metric', 'label': 'validation_loss', 'epoch': 2, 'value': 0.15419094637621142, 'sum': 392.8785313665867, 'num_example': 2548}
2022-08-19 Friday 14:48:29:INFO: {'type': 'metric', 'label': 'validation_dist_target', 'value': (0.07591486987738258, 0.0453922422939043), 'epoch': 2}
2022-08-19 Friday 14:48:29:INFO: {'type': 'metric', 'label': 'validation_acc', 'epoch': 2, 'value': 0.9501569858712716, 'num_correct': 2421, 'num_example': 2548}
2022-08-19 Friday 14:48:29:INFO: {'type': 'metric', 'label': 'validation_precision', 'epoch': 2, 'value': 0.9381207227706909, 'positive': 1228.0, 'total': 1309.0}
2022-08-19 Friday 14:48:29:INFO: {'type': 'metric', 'label': 'validation_recall', 'epoch': 2, 'value': 0.9638932347297668, 'positive': 1228.0, 'total': 1274.0}
2022-08-19 Friday 14:48:54:INFO: Epoch: 3
2022-08-19 Friday 14:48:54:INFO: LR: 0.001
2022-08-19 Friday 14:50:30:INFO: {'type': 'metric', 'label': 'training_loss', 'epoch': 3, 'value': 0.07701882941158195, 'sum': 5268.087931752205, 'num_example': 68400}
2022-08-19 Friday 14:50:30:INFO: {'type': 'metric', 'label': 'training_dist_target', 'value': (0.04103489352422848, 0.0414171261222739), 'epoch': 3}
2022-08-19 Friday 14:50:30:INFO: {'type': 'metric', 'label': 'training_acc', 'epoch': 3, 'value': 0.973391812865497, 'num_correct': 66580, 'num_example': 68400}
2022-08-19 Friday 14:50:30:INFO: {'type': 'metric', 'label': 'training_precision', 'epoch': 3, 'value': 0.9718465805053711, 'positive': 33346.0, 'total': 34312.0}
2022-08-19 Friday 14:50:30:INFO: {'type': 'metric', 'label': 'training_recall', 'epoch': 3, 'value': 0.9750292301177979, 'positive': 33346.0, 'total': 34200.0}
2022-08-19 Friday 14:50:31:INFO: {'type': 'metric', 'label': 'validation_loss', 'epoch': 3, 'value': 0.1289384532281237, 'sum': 328.5351788252592, 'num_example': 2548}
2022-08-19 Friday 14:50:31:INFO: {'type': 'metric', 'label': 'validation_dist_target', 'value': (0.05342767938527058, 0.06034724716114661), 'epoch': 3}
2022-08-19 Friday 14:50:31:INFO: {'type': 'metric', 'label': 'validation_acc', 'epoch': 3, 'value': 0.956436420722135, 'num_correct': 2437, 'num_example': 2548}
2022-08-19 Friday 14:50:31:INFO: {'type': 'metric', 'label': 'validation_precision', 'epoch': 3, 'value': 0.9575137495994568, 'positive': 1217.0, 'total': 1271.0}
2022-08-19 Friday 14:50:31:INFO: {'type': 'metric', 'label': 'validation_recall', 'epoch': 3, 'value': 0.9552590250968933, 'positive': 1217.0, 'total': 1274.0}
2022-08-19 Friday 14:50:55:INFO: Epoch: 4
2022-08-19 Friday 14:50:55:INFO: LR: 0.001
2022-08-19 Friday 14:52:31:INFO: {'type': 'metric', 'label': 'training_loss', 'epoch': 4, 'value': 0.06231170133279081, 'sum': 4262.120371162891, 'num_example': 68400}
2022-08-19 Friday 14:52:31:INFO: {'type': 'metric', 'label': 'training_dist_target', 'value': (0.033380825937839975, 0.033590297503778115), 'epoch': 4}
2022-08-19 Friday 14:52:31:INFO: {'type': 'metric', 'label': 'training_acc', 'epoch': 4, 'value': 0.9781578947368421, 'num_correct': 66906, 'num_example': 68400}
2022-08-19 Friday 14:52:31:INFO: {'type': 'metric', 'label': 'training_precision', 'epoch': 4, 'value': 0.975737452507019, 'positive': 33540.0, 'total': 34374.0}
2022-08-19 Friday 14:52:31:INFO: {'type': 'metric', 'label': 'training_recall', 'epoch': 4, 'value': 0.980701744556427, 'positive': 33540.0, 'total': 34200.0}
2022-08-19 Friday 14:52:32:INFO: {'type': 'metric', 'label': 'validation_loss', 'epoch': 4, 'value': 0.12951206332262682, 'sum': 329.9967373460531, 'num_example': 2548}
2022-08-19 Friday 14:52:32:INFO: {'type': 'metric', 'label': 'validation_dist_target', 'value': (0.038697956308278034, 0.06130222024124122), 'epoch': 4}
2022-08-19 Friday 14:52:32:INFO: {'type': 'metric', 'label': 'validation_acc', 'epoch': 4, 'value': 0.9595761381475667, 'num_correct': 2445, 'num_example': 2548}
2022-08-19 Friday 14:52:32:INFO: {'type': 'metric', 'label': 'validation_precision', 'epoch': 4, 'value': 0.9680255651473999, 'positive': 1211.0, 'total': 1251.0}
2022-08-19 Friday 14:52:32:INFO: {'type': 'metric', 'label': 'validation_recall', 'epoch': 4, 'value': 0.9505494236946106, 'positive': 1211.0, 'total': 1274.0}
2022-08-19 Friday 14:53:08:INFO: Epoch: 5
2022-08-19 Friday 14:53:08:INFO: LR: 0.001
2022-08-19 Friday 14:54:44:INFO: {'type': 'metric', 'label': 'training_loss', 'epoch': 5, 'value': 0.07371579743616762, 'sum': 5042.160544633865, 'num_example': 68400}
2022-08-19 Friday 14:54:44:INFO: {'type': 'metric', 'label': 'training_dist_target', 'value': (0.0399544440976709, 0.039984264652631434), 'epoch': 5}
2022-08-19 Friday 14:54:44:INFO: {'type': 'metric', 'label': 'training_acc', 'epoch': 5, 'value': 0.9735818713450293, 'num_correct': 66593, 'num_example': 68400}
2022-08-19 Friday 14:54:44:INFO: {'type': 'metric', 'label': 'training_precision', 'epoch': 5, 'value': 0.9695590138435364, 'positive': 33443.0, 'total': 34493.0}
2022-08-19 Friday 14:54:44:INFO: {'type': 'metric', 'label': 'training_recall', 'epoch': 5, 'value': 0.9778655171394348, 'positive': 33443.0, 'total': 34200.0}
2022-08-19 Friday 14:54:45:INFO: {'type': 'metric', 'label': 'validation_loss', 'epoch': 5, 'value': 0.1382934122318563, 'sum': 352.3716143667698, 'num_example': 2548}
2022-08-19 Friday 14:54:45:INFO: {'type': 'metric', 'label': 'validation_dist_target', 'value': (0.02889340507740877, 0.07452270299710884), 'epoch': 5}
2022-08-19 Friday 14:54:45:INFO: {'type': 'metric', 'label': 'validation_acc', 'epoch': 5, 'value': 0.957221350078493, 'num_correct': 2439, 'num_example': 2548}
2022-08-19 Friday 14:54:45:INFO: {'type': 'metric', 'label': 'validation_precision', 'epoch': 5, 'value': 0.976287841796875, 'positive': 1194.0, 'total': 1223.0}
2022-08-19 Friday 14:54:45:INFO: {'type': 'metric', 'label': 'validation_recall', 'epoch': 5, 'value': 0.9372056722640991, 'positive': 1194.0, 'total': 1274.0}
2022-08-19 Friday 14:55:34:INFO: Epoch: 6
2022-08-19 Friday 14:55:34:INFO: LR: 0.001
2022-08-19 Friday 14:57:10:INFO: {'type': 'metric', 'label': 'training_loss', 'epoch': 6, 'value': 0.0734997524103226, 'sum': 5027.383064866066, 'num_example': 68400}
2022-08-19 Friday 14:57:10:INFO: {'type': 'metric', 'label': 'training_dist_target', 'value': (0.04028069847508481, 0.04035030771765793), 'epoch': 6}
2022-08-19 Friday 14:57:10:INFO: {'type': 'metric', 'label': 'training_acc', 'epoch': 6, 'value': 0.9737573099415204, 'num_correct': 66605, 'num_example': 68400}
2022-08-19 Friday 14:57:10:INFO: {'type': 'metric', 'label': 'training_precision', 'epoch': 6, 'value': 0.9684022068977356, 'positive': 33498.0, 'total': 34591.0}
2022-08-19 Friday 14:57:10:INFO: {'type': 'metric', 'label': 'training_recall', 'epoch': 6, 'value': 0.9794737100601196, 'positive': 33498.0, 'total': 34200.0}
2022-08-19 Friday 14:57:11:INFO: {'type': 'metric', 'label': 'validation_loss', 'epoch': 6, 'value': 0.20623609492645908, 'sum': 525.4895698726177, 'num_example': 2548}
2022-08-19 Friday 14:57:11:INFO: {'type': 'metric', 'label': 'validation_dist_target', 'value': (0.015962293772158482, 0.11285661939923393), 'epoch': 6}
2022-08-19 Friday 14:57:11:INFO: {'type': 'metric', 'label': 'validation_acc', 'epoch': 6, 'value': 0.9462323390894819, 'num_correct': 2411, 'num_example': 2548}
2022-08-19 Friday 14:57:11:INFO: {'type': 'metric', 'label': 'validation_precision', 'epoch': 6, 'value': 0.9846547245979309, 'positive': 1155.0, 'total': 1173.0}
2022-08-19 Friday 14:57:11:INFO: {'type': 'metric', 'label': 'validation_recall', 'epoch': 6, 'value': 0.906593382358551, 'positive': 1155.0, 'total': 1274.0}
2022-08-19 Friday 14:59:12:INFO: Epoch: 7
2022-08-19 Friday 14:59:12:INFO: LR: 0.001
2022-08-19 Friday 15:00:49:INFO: {'type': 'metric', 'label': 'training_loss', 'epoch': 7, 'value': 0.10767963868919869, 'sum': 7365.28728634119, 'num_example': 68400}
2022-08-19 Friday 15:00:49:INFO: {'type': 'metric', 'label': 'training_dist_target', 'value': (0.06095278387529808, 0.060742594582295556), 'epoch': 7}
2022-08-19 Friday 15:00:49:INFO: {'type': 'metric', 'label': 'training_acc', 'epoch': 7, 'value': 0.9591812865497076, 'num_correct': 65608, 'num_example': 68400}
2022-08-19 Friday 15:00:49:INFO: {'type': 'metric', 'label': 'training_precision', 'epoch': 7, 'value': 0.9520437717437744, 'positive': 33074.0, 'total': 34740.0}
2022-08-19 Friday 15:00:49:INFO: {'type': 'metric', 'label': 'training_recall', 'epoch': 7, 'value': 0.9670760035514832, 'positive': 33074.0, 'total': 34200.0}
2022-08-19 Friday 15:00:50:INFO: {'type': 'metric', 'label': 'validation_loss', 'epoch': 7, 'value': 0.31943162716632734, 'sum': 813.9117860198021, 'num_example': 2548}
2022-08-19 Friday 15:00:50:INFO: {'type': 'metric', 'label': 'validation_dist_target', 'value': (0.007259475315805507, 0.18513477241599952), 'epoch': 7}
2022-08-19 Friday 15:00:50:INFO: {'type': 'metric', 'label': 'validation_acc', 'epoch': 7, 'value': 0.9195447409733124, 'num_correct': 2343, 'num_example': 2548}
2022-08-19 Friday 15:00:50:INFO: {'type': 'metric', 'label': 'validation_precision', 'epoch': 7, 'value': 0.9917203187942505, 'positive': 1078.0, 'total': 1087.0}
2022-08-19 Friday 15:00:50:INFO: {'type': 'metric', 'label': 'validation_recall', 'epoch': 7, 'value': 0.8461538553237915, 'positive': 1078.0, 'total': 1274.0}
2022-08-19 Friday 15:03:47:INFO: Epoch: 8
2022-08-19 Friday 15:03:47:INFO: LR: 0.001
2022-08-19 Friday 15:05:23:INFO: {'type': 'metric', 'label': 'training_loss', 'epoch': 8, 'value': 0.11636136376718331, 'sum': 7959.117281675339, 'num_example': 68400}
2022-08-19 Friday 15:05:23:INFO: {'type': 'metric', 'label': 'training_dist_target', 'value': (0.06681596463535264, 0.06648156400312458), 'epoch': 8}
2022-08-19 Friday 15:05:23:INFO: {'type': 'metric', 'label': 'training_acc', 'epoch': 8, 'value': 0.9559210526315789, 'num_correct': 65385, 'num_example': 68400}
2022-08-19 Friday 15:05:23:INFO: {'type': 'metric', 'label': 'training_precision', 'epoch': 8, 'value': 0.9478158354759216, 'positive': 33002.0, 'total': 34819.0}
2022-08-19 Friday 15:05:23:INFO: {'type': 'metric', 'label': 'training_recall', 'epoch': 8, 'value': 0.9649707674980164, 'positive': 33002.0, 'total': 34200.0}
2022-08-19 Friday 15:05:24:INFO: {'type': 'metric', 'label': 'validation_loss', 'epoch': 8, 'value': 0.34610050219568766, 'sum': 881.8640795946121, 'num_example': 2548}
2022-08-19 Friday 15:05:24:INFO: {'type': 'metric', 'label': 'validation_dist_target', 'value': (0.006209895628821719, 0.19042217937331746), 'epoch': 8}
2022-08-19 Friday 15:05:24:INFO: {'type': 'metric', 'label': 'validation_acc', 'epoch': 8, 'value': 0.9144427001569859, 'num_correct': 2330, 'num_example': 2548}
2022-08-19 Friday 15:05:24:INFO: {'type': 'metric', 'label': 'validation_precision', 'epoch': 8, 'value': 0.9934579730033875, 'positive': 1063.0, 'total': 1070.0}
2022-08-19 Friday 15:05:24:INFO: {'type': 'metric', 'label': 'validation_recall', 'epoch': 8, 'value': 0.8343799114227295, 'positive': 1063.0, 'total': 1274.0}
2022-08-19 Friday 15:09:22:INFO: Epoch: 9
2022-08-19 Friday 15:09:22:INFO: LR: 0.001
2022-08-19 Friday 15:10:59:INFO: {'type': 'metric', 'label': 'training_loss', 'epoch': 9, 'value': 0.1150985478448589, 'sum': 7872.740672588348, 'num_example': 68400}
2022-08-19 Friday 15:10:59:INFO: {'type': 'metric', 'label': 'training_dist_target', 'value': (0.06559821677770009, 0.06650771185668589), 'epoch': 9}
2022-08-19 Friday 15:10:59:INFO: {'type': 'metric', 'label': 'training_acc', 'epoch': 9, 'value': 0.9558771929824561, 'num_correct': 65382, 'num_example': 68400}
2022-08-19 Friday 15:10:59:INFO: {'type': 'metric', 'label': 'training_precision', 'epoch': 9, 'value': 0.9464009404182434, 'positive': 33054.0, 'total': 34926.0}
2022-08-19 Friday 15:10:59:INFO: {'type': 'metric', 'label': 'training_recall', 'epoch': 9, 'value': 0.9664912223815918, 'positive': 33054.0, 'total': 34200.0}
2022-08-19 Friday 15:11:00:INFO: {'type': 'metric', 'label': 'validation_loss', 'epoch': 9, 'value': 0.2819777441735919, 'sum': 718.4792921543121, 'num_example': 2548}
2022-08-19 Friday 15:11:00:INFO: {'type': 'metric', 'label': 'validation_dist_target', 'value': (0.009478936343215512, 0.15833404262548714), 'epoch': 9}
2022-08-19 Friday 15:11:00:INFO: {'type': 'metric', 'label': 'validation_acc', 'epoch': 9, 'value': 0.9273940345368917, 'num_correct': 2363, 'num_example': 2548}
2022-08-19 Friday 15:11:00:INFO: {'type': 'metric', 'label': 'validation_precision', 'epoch': 9, 'value': 0.9883407950401306, 'positive': 1102.0, 'total': 1115.0}
2022-08-19 Friday 15:11:00:INFO: {'type': 'metric', 'label': 'validation_recall', 'epoch': 9, 'value': 0.8649921417236328, 'positive': 1102.0, 'total': 1274.0}
2022-08-19 Friday 15:14:19:INFO: Epoch: 10
2022-08-19 Friday 15:14:19:INFO: LR: 0.001
2022-08-19 Friday 15:15:56:INFO: {'type': 'metric', 'label': 'training_loss', 'epoch': 10, 'value': 0.09062773783304538, 'sum': 6198.937267780304, 'num_example': 68400}
2022-08-19 Friday 15:15:56:INFO: {'type': 'metric', 'label': 'training_dist_target', 'value': (0.0511164071859672, 0.05088857851530376), 'epoch': 10}
2022-08-19 Friday 15:15:56:INFO: {'type': 'metric', 'label': 'training_acc', 'epoch': 10, 'value': 0.9665643274853801, 'num_correct': 66113, 'num_example': 68400}
2022-08-19 Friday 15:15:56:INFO: {'type': 'metric', 'label': 'training_precision', 'epoch': 10, 'value': 0.9555485844612122, 'positive': 33470.0, 'total': 35027.0}
2022-08-19 Friday 15:15:56:INFO: {'type': 'metric', 'label': 'training_recall', 'epoch': 10, 'value': 0.9786549806594849, 'positive': 33470.0, 'total': 34200.0}
2022-08-19 Friday 15:15:57:INFO: {'type': 'metric', 'label': 'validation_loss', 'epoch': 10, 'value': 0.387599291148328, 'sum': 987.6029938459396, 'num_example': 2548}
2022-08-19 Friday 15:15:57:INFO: {'type': 'metric', 'label': 'validation_dist_target', 'value': (0.005890272510218985, 0.19622274994663017), 'epoch': 10}
2022-08-19 Friday 15:15:57:INFO: {'type': 'metric', 'label': 'validation_acc', 'epoch': 10, 'value': 0.9152276295133438, 'num_correct': 2332, 'num_example': 2548}
2022-08-19 Friday 15:15:57:INFO: {'type': 'metric', 'label': 'validation_precision', 'epoch': 10, 'value': 0.9934701323509216, 'positive': 1065.0, 'total': 1072.0}
2022-08-19 Friday 15:15:57:INFO: {'type': 'metric', 'label': 'validation_recall', 'epoch': 10, 'value': 0.8359497785568237, 'positive': 1065.0, 'total': 1274.0}
2022-08-19 Friday 15:20:15:INFO: Epoch: 11
2022-08-19 Friday 15:20:15:INFO: LR: 0.001
2022-08-19 Friday 15:21:15:INFO: {'type': 'metric', 'label': 'training_loss', 'epoch': 11, 'value': 0.12356669934580536, 'sum': 5190.295639321208, 'num_example': 42004}
2022-08-19 Friday 15:21:15:INFO: {'type': 'metric', 'label': 'training_dist_target', 'value': (0.07145436252143177, 0.07223662407088763), 'epoch': 11}
2022-08-19 Friday 15:21:15:INFO: {'type': 'metric', 'label': 'training_acc', 'epoch': 11, 'value': 0.9515998476335588, 'num_correct': 39971, 'num_example': 42004}
2022-08-19 Friday 15:21:15:INFO: {'type': 'metric', 'label': 'training_precision', 'epoch': 11, 'value': 0.9377798438072205, 'positive': 20317.0, 'total': 21665.0}
2022-08-19 Friday 15:21:15:INFO: {'type': 'metric', 'label': 'training_recall', 'epoch': 11, 'value': 0.9673840403556824, 'positive': 20317.0, 'total': 21002.0}
2022-08-19 Friday 15:21:16:INFO: {'type': 'metric', 'label': 'validation_loss', 'epoch': 11, 'value': 0.549004204372409, 'sum': 1398.8627127408981, 'num_example': 2548}
2022-08-19 Friday 15:21:16:INFO: {'type': 'metric', 'label': 'validation_dist_target', 'value': (0.0029031136692713603, 0.22856150466942898), 'epoch': 11}
2022-08-19 Friday 15:21:16:INFO: {'type': 'metric', 'label': 'validation_acc', 'epoch': 11, 'value': 0.8983516483516484, 'num_correct': 2289, 'num_example': 2548}
2022-08-19 Friday 15:21:16:INFO: {'type': 'metric', 'label': 'validation_precision', 'epoch': 11, 'value': 0.9970617294311523, 'positive': 1018.0, 'total': 1021.0}
2022-08-19 Friday 15:21:16:INFO: {'type': 'metric', 'label': 'validation_recall', 'epoch': 11, 'value': 0.7990580797195435, 'positive': 1018.0, 'total': 1274.0}
2022-08-19 Friday 15:25:32:INFO: Epoch: 12
2022-08-19 Friday 15:25:32:INFO: LR: 0.001
2022-08-19 Friday 15:26:09:INFO: {'type': 'metric', 'label': 'training_loss', 'epoch': 12, 'value': 0.14663717893765624, 'sum': 3750.9790372252464, 'num_example': 25580}
2022-08-19 Friday 15:26:09:INFO: {'type': 'metric', 'label': 'training_dist_target', 'value': (0.08593363118786845, 0.08540107911224007), 'epoch': 12}
2022-08-19 Friday 15:26:09:INFO: {'type': 'metric', 'label': 'training_acc', 'epoch': 12, 'value': 0.9418295543393276, 'num_correct': 24092, 'num_example': 25580}
2022-08-19 Friday 15:26:09:INFO: {'type': 'metric', 'label': 'training_precision', 'epoch': 12, 'value': 0.9296031594276428, 'positive': 12228.0, 'total': 13154.0}
2022-08-19 Friday 15:26:09:INFO: {'type': 'metric', 'label': 'training_recall', 'epoch': 12, 'value': 0.9560593962669373, 'positive': 12228.0, 'total': 12790.0}
2022-08-19 Friday 15:26:09:INFO: {'type': 'metric', 'label': 'validation_loss', 'epoch': 12, 'value': 0.7621129556578032, 'sum': 1941.8638110160828, 'num_example': 2548}
2022-08-19 Friday 15:26:09:INFO: {'type': 'metric', 'label': 'validation_dist_target', 'value': (0.002053373419695053, 0.3162563719217968), 'epoch': 12}
2022-08-19 Friday 15:26:09:INFO: {'type': 'metric', 'label': 'validation_acc', 'epoch': 12, 'value': 0.8614599686028257, 'num_correct': 2195, 'num_example': 2548}
2022-08-19 Friday 15:26:09:INFO: {'type': 'metric', 'label': 'validation_precision', 'epoch': 12, 'value': 0.9978378415107727, 'positive': 923.0, 'total': 925.0}
2022-08-19 Friday 15:26:09:INFO: {'type': 'metric', 'label': 'validation_recall', 'epoch': 12, 'value': 0.7244898080825806, 'positive': 923.0, 'total': 1274.0}
2022-08-19 Friday 15:26:09:INFO: Calculating recall rate: sun2011
2022-08-19 Friday 17:52:52:INFO: RR calculation - 500 duplicate reports were processed
2022-08-19 Friday 20:09:35:INFO: RR calculation - 1000 duplicate reports were processed
2022-08-19 Friday 22:41:48:INFO: RR calculation - 1500 duplicate reports were processed
2022-08-20 Saturday 01:14:24:INFO: RR calculation - 2000 duplicate reports were processed
2022-08-20 Saturday 03:50:44:INFO: RR calculation - 2500 duplicate reports were processed
2022-08-20 Saturday 06:26:59:INFO: RR calculation - 3000 duplicate reports were processed
2022-08-20 Saturday 09:09:59:INFO: RR calculation - 3500 duplicate reports were processed
2022-08-20 Saturday 11:40:31:INFO: RR calculation - 4000 duplicate reports were processed
2022-08-20 Saturday 14:07:39:INFO: RR calculation - 4500 duplicate reports were processed
2022-08-20 Saturday 16:39:29:INFO: RR calculation - 5000 duplicate reports were processed
2022-08-20 Saturday 19:18:07:INFO: RR calculation - 5500 duplicate reports were processed
2022-08-20 Saturday 22:12:57:INFO: RR calculation - 6000 duplicate reports were processed
2022-08-21 Sunday 01:12:17:INFO: RR calculation - 6500 duplicate reports were processed
2022-08-21 Sunday 04:07:39:INFO: RR calculation - 7000 duplicate reports were processed
2022-08-21 Sunday 06:54:58:INFO: RR calculation - 7500 duplicate reports were processed
2022-08-21 Sunday 09:38:04:INFO: RR calculation - 8000 duplicate reports were processed
2022-08-21 Sunday 12:29:50:INFO: RR calculation - 8500 duplicate reports were processed
2022-08-21 Sunday 15:43:46:INFO: RR calculation - 9000 duplicate reports were processed
2022-08-21 Sunday 18:50:17:INFO: RR calculation - 9500 duplicate reports were processed
2022-08-21 Sunday 21:46:57:INFO: RR calculation - 10000 duplicate reports were processed
2022-08-22 Monday 00:57:19:INFO: RR calculation - 10500 duplicate reports were processed
2022-08-22 Monday 04:20:15:INFO: RR calculation - 11000 duplicate reports were processed
2022-08-22 Monday 07:39:08:INFO: RR calculation - 11500 duplicate reports were processed
2022-08-22 Monday 11:01:20:INFO: RR calculation - 12000 duplicate reports were processed
2022-08-22 Monday 14:36:52:INFO: RR calculation - 12500 duplicate reports were processed
2022-08-22 Monday 18:17:04:INFO: RR calculation - 13000 duplicate reports were processed
2022-08-22 Monday 22:18:41:INFO: RR calculation - 13500 duplicate reports were processed
2022-08-23 Tuesday 01:01:33:INFO: [] Throughput: 0.047147738631436696 bugs per second (bugs=13848 ,seconds=293715.04131412506)
2022-08-23 Tuesday 01:01:33:INFO: {'type': 'metric', 'label': 'recall_rate', 'k': 1, 'rate': 0.28733391103408434, 'hit': 3979, 'total': 13848, 'epoch': 0}
2022-08-23 Tuesday 01:01:33:INFO: {'type': 'metric', 'label': 'recall_rate', 'k': 2, 'rate': 0.37203928365106875, 'hit': 5152, 'total': 13848, 'epoch': 0}
2022-08-23 Tuesday 01:01:33:INFO: {'type': 'metric', 'label': 'recall_rate', 'k': 3, 'rate': 0.4217215482380127, 'hit': 5840, 'total': 13848, 'epoch': 0}
2022-08-23 Tuesday 01:01:33:INFO: {'type': 'metric', 'label': 'recall_rate', 'k': 4, 'rate': 0.4545060658578856, 'hit': 6294, 'total': 13848, 'epoch': 0}
2022-08-23 Tuesday 01:01:33:INFO: {'type': 'metric', 'label': 'recall_rate', 'k': 5, 'rate': 0.4802137492778741, 'hit': 6650, 'total': 13848, 'epoch': 0}
2022-08-23 Tuesday 01:01:33:INFO: {'type': 'metric', 'label': 'recall_rate', 'k': 6, 'rate': 0.5, 'hit': 6924, 'total': 13848, 'epoch': 0}
2022-08-23 Tuesday 01:01:33:INFO: {'type': 'metric', 'label': 'recall_rate', 'k': 7, 'rate': 0.5177642980935875, 'hit': 7170, 'total': 13848, 'epoch': 0}
2022-08-23 Tuesday 01:01:33:INFO: {'type': 'metric', 'label': 'recall_rate', 'k': 8, 'rate': 0.5326400924321202, 'hit': 7376, 'total': 13848, 'epoch': 0}
2022-08-23 Tuesday 01:01:33:INFO: {'type': 'metric', 'label': 'recall_rate', 'k': 9, 'rate': 0.5449884459849798, 'hit': 7547, 'total': 13848, 'epoch': 0}
2022-08-23 Tuesday 01:01:33:INFO: {'type': 'metric', 'label': 'recall_rate', 'k': 10, 'rate': 0.5558203350664356, 'hit': 7697, 'total': 13848, 'epoch': 0}
2022-08-23 Tuesday 01:01:33:INFO: {'type': 'metric', 'label': 'recall_rate', 'k': 11, 'rate': 0.5658578856152513, 'hit': 7836, 'total': 13848, 'epoch': 0}
2022-08-23 Tuesday 01:01:33:INFO: {'type': 'metric', 'label': 'recall_rate', 'k': 12, 'rate': 0.5744511842865395, 'hit': 7955, 'total': 13848, 'epoch': 0}
2022-08-23 Tuesday 01:01:33:INFO: {'type': 'metric', 'label': 'recall_rate', 'k': 13, 'rate': 0.582105719237435, 'hit': 8061, 'total': 13848, 'epoch': 0}
2022-08-23 Tuesday 01:01:33:INFO: {'type': 'metric', 'label': 'recall_rate', 'k': 14, 'rate': 0.5889659156556903, 'hit': 8156, 'total': 13848, 'epoch': 0}
2022-08-23 Tuesday 01:01:33:INFO: {'type': 'metric', 'label': 'recall_rate', 'k': 15, 'rate': 0.5960427498555748, 'hit': 8254, 'total': 13848, 'epoch': 0}
2022-08-23 Tuesday 01:01:33:INFO: {'type': 'metric', 'label': 'recall_rate', 'k': 16, 'rate': 0.6026140958983247, 'hit': 8345, 'total': 13848, 'epoch': 0}
2022-08-23 Tuesday 01:01:33:INFO: {'type': 'metric', 'label': 'recall_rate', 'k': 17, 'rate': 0.6094020797227037, 'hit': 8439, 'total': 13848, 'epoch': 0}
2022-08-23 Tuesday 01:01:33:INFO: {'type': 'metric', 'label': 'recall_rate', 'k': 18, 'rate': 0.6151790872328134, 'hit': 8519, 'total': 13848, 'epoch': 0}
2022-08-23 Tuesday 01:01:33:INFO: {'type': 'metric', 'label': 'recall_rate', 'k': 19, 'rate': 0.6212449451184286, 'hit': 8603, 'total': 13848, 'epoch': 0}
2022-08-23 Tuesday 01:01:33:INFO: {'type': 'metric', 'label': 'recall_rate', 'k': 20, 'rate': 0.6264442518775274, 'hit': 8675, 'total': 13848, 'epoch': 0}
2022-08-23 Tuesday 01:01:33:INFO: {'type': 'metric', 'label': 'MAP', 'value': 0.378749968949886, 'sum': 5244.929570018021, 'total': 13848, 'epoch': 0}
2022-08-23 Tuesday 01:01:33:INFO: [2, 6, 62, 11, 4, 4, 35, 28, 15, 6673, 2, 21, 97, 1, 144, 11, 1, 1, 3900, 1, 2, 1, 1, 23, 3, 1, 7, 1, inf, 114, 5, 1, 1, 4, 1, 1, 1, 1, 1, 65, 1, 20, 18, 81, 14, 18, 4053, 1, 121, 1, 2, inf, 374, 1, 1, 78, 2, 9, 1, 2, 4, 2, 4, 143, 4, inf, 1, 15, 13, 1, inf, 3, 3, 2, inf, 1, 2, 69, 143, 1062, 3, inf, inf, 28, 1, 4, 35, 101, 46, inf, 20, 3, 1, 66, 24, 165, 1, 978, 1, 151, 834, 2, inf, 38, 2, 1, inf, 100, inf, 2, 2, 122, 104, inf, 1, 1, 6, 76, 1, 40, 89, 966, 615, 1, 45, 747, 3092, 1, 1, 1190, 10, 4, 1, 7321, 6, 66, 1, 3, inf, 6, 5, 1633, 1, 1425, 193, 156, 4, 28, 1, 12702, 6, 531, 2, 1, 601, 3, 11, 1, 595, 1, 1, 423, 1, 4, 98, 14, 8, 10, 738, 4, 1, 2, 3, 5, 244, 2, 18, 2, 222, 49, 12, inf, 3, 3, 1, 250, 6, 1313, 124, 5, 194, 1, 180, 7, 2, 2, 53, 19, 1, 1, 4, inf, 1, 676, 1, 1, 1, 1, 1, 1, 1, 457, 1, 11, 1306, 4, 3, 6, 33856, 52, 42, 1, inf, 103, 1, 91, 1, 1, 85, 9, 129, 1, 27, 12, 3, 68, 3, 2, 111, 3, 1, 35, 533, 1, 5, 1, 672, 2, 1, 14, 1, 5, 1, 22, 38, 2, 1, 19, 2, inf, 251, 1, 5, 15, 474, 1, 7, 1, 1, inf, 7, 1, 303, 5, 5453, 4, 58, 1, 2, 7, 1, 993, 330, 35, 4, inf, 1, 1, 1, 5, 1, 2, 115, 2, 14, 3, 33, 11, 1, 3, 5, 1, inf, 1, 28, 18, 10, 8, 40, 5, 130, 6, 3, 60, 44, 12, inf, 20, 69, 2253, 1, inf, 2, 5, 75, 342, 2, 1, 241, 27, 4, 1, 2, 5, 3, 5, 2, 7281, 29, 5, 4, inf, 4, 79, 1, 8, 18, 1, 1, 1, 5, 2, inf, 1, 1, 27348, 1, 1, 26, 1332, inf, 3715, 1, 26767, 4694, 1, 37, 83, 1, 1, 3, 269, 1, 25, 101, 1, 3, 19, 2, 1600, 1, 1, 1, 1566, 2906, 24, 251, 726, 37, 1, 1, 1, 316, 1, inf, inf, 354, 2, 365, 34, 29, 325, 259, 1, 1, 1, 3, 1, 52, 44, 17, 1, 1, 123, 20, 2, 72, 1, 29, 1, 7, 1, 1, 1, 139, 103, 25014, 74, 31, 441, 1, 182, 38, 9, 2, 1, 2, 43, 38, 1, 168, 62, 12, 1, 1, inf, 31, 2, 2, 1, 9, 15095, 59580, inf, 3, 3, 230, 23, 17, 615, 1709, 8, 83, 1, 1, 1, 283, 2, 8, 38, 1, 7539, 3, 1, 1, 8, 1, inf, 1, 618, 97, 2, 238, 21, 24, 126, 966, inf, 4, 1, 2, 1, 3, 1, 2, inf, 21, 67, 3, 2, 1, inf, 21, 1, 78, 17521, 2, 1, 358, 1, 1, 62, 1, 2, 646, 1, 1, 1, 1519, 4, 1, 1, 1248, 69, 47, inf, 1, 1, 8, 2, 1, 488, 240, inf, 13, 9, 7, 1, 1, 4, 9, 2, 44, 4, 1, 5, 1, 16, 351, 21, 7, 4, 1, inf, 35, 51, 1, 2240, 1, 1, 3, 1, 47, 1, 2, 31, 15, 13, 19, 21, 1, 4, 211, 1, 1, 182, 90, 754, 122, 1927, 22, 2, 1, 7, 23, 240, 4, 1, inf, inf, 115, 1, 1, 5, 1, 24, 2, 1, 162, 468, 1, 9, inf, inf, 13, 65, 1, 1, 1, 1, 58, 98, 3, 1, 1, 1, 3628, 16, 9, 20, 15, inf, 20, 1, 16, 21, 10, 46, 2, 5, inf, 12, 56, 3, 121, inf, 2, 29135, inf, 5287, 1, 1, inf, 14, 1, 1, 72, inf, 1, 1, 37, 143, 59, 8, 548, 880, 7, 1, 65, 300, 5, inf, 20, 2149, 1, 116, 3, 360, 12, 1, 2, 18, inf, 3, 1, 17, 27, 1, 1, 3, 85665, 9, 1, 32, 1, 754, 78, 1, 203, 2, 1, 22, inf, 7, 4, 1, 4, 66, 1, 1, 1, 2, 76, 27, 12, 13, 34, 1, 1, 63, 140, 83, 34, 79, 212, 1, 25, 19, 162, 2, inf, 54, 30, 3, 1, 34, 2, 10, 7, 1, 802, 6, 586, 2, 80, 82, 1, 1, 6, 14, 75, 1, 5, 3, 1, 7, 62, 2, 207, inf, inf, 18, 12, inf, 129, 139, 15, 1, 33606, 578, 1, 1, inf, inf, 23, 9, 4, 2, 1, 1, 4, 86, 3, 63, 238, 25, 601, 6, 2, inf, 80, 4, 181, 13, 2, 143, 2961, 79, 20, inf, 27, 259, 286, 1, 48, 1, 30, 4311, 15, 23, 142, 1, 3, inf, 1, 105, 223, 131, 51, 1, inf, 6, 1, 7, 183, 3, 1493, 1, 9, inf, 427, 32, 2, 1, 136, 1, 1, 5, 1091, 7, 12, 3, 10, 14, 6, 2, 1, 42, 192, inf, 94, 3, 25, 1, 51, 170, 150, 2, 508, inf, 30, 30, 1, 2, 9, 1, 1, 53, 45, 1, 1, 1, 16, inf, 74, 347, 1, 1, 1, inf, 1, 1, 112, 1, 10, 2, 1, 1, 1378, 1, 1, 15, 1, inf, 56, 8, 990, 894, 35, 4, 1, 1, 5705, 11, 10822, 24, 5, 23, inf, 1, 281, 8, 20, 4, 11, 1, 3735, 6, 2, 11, 1, 18735, 2, 1, 1, 1, 1, 5, 16, 82, 21, 1, 176, 196, 1170, 1, 11, 1, 1, 5, 6, 105, 45, 1, 2, 1535, 206, 216, 1, 5491, 1, 4, 1, 157, 52, 1, 2, 1, 34, 4, 6, 283, 1, 149, 2, 2, 11, 1, 26, 5, 3, 1, 30, 11, 21, 2, 221, 1, inf, inf, 471, 27, inf, 1, 6721, 22, 1, 12, 2, 38, 1, inf, 1, 2, 36, 8560, 66, 250, inf, 5, 16, 1, 11, 10, 1, 7, 10, 1, 22, 2, 42, inf, 192, 61, inf, 260, 18, inf, 4, 45, 130, inf, 53, 1, 33, 397, 1, 1, inf, 1, 21, 266, 9, 1, 1, 6, 2, 29, 1, 101, 11, 1, 1, 41, 2, 1, 16, 134, 2254, 1, 2, 86, 1, 1, 341, 6, 1033, 1, 31, inf, 1, 29, 1, 197, 1, 1, 3, 1, 2, 2, 3, 8, 2, 1, 1, 3, inf, 86, 1, 2, 4, 6, 567, 14, 6, 190, 10, 1, 1, 1, 1, 1, 1, 1, 2, 2, 1, 978, 1, 67, 1, 116, 1, 45, 1, 1, 1, 1, 3, 3, 182, 29, 1, 2, 37, 1, 72, 384, 45, 6, 28, 1, 5, 148, inf, 958, 5, 2, 2, 2, 1, 2393, 4, 2, 30, 8, 2, 1, 1, 13, 1, 23, 1, 31, 3, 55, 7, 910, 63, 1, 2722, 1, 17, 17, 45, 1, 1454, 1, 3, 1, 8, 1, 3, 4, 1, 9, 1, 4, 30, 8, 39, 18, 177, 3, 1, 1, 1, 377, inf, 1, 1, 2, 4008, 4, 15, 1, 420, 43, 1, 57, 22, 961, 57497, 46, 1, 1, 5, inf, 2, 1, 1, 1, 1, 3, 36, 1, 2, 134, 11, 2, 14, 171, 1, 1, 1, 1, 2, 3, 1, 116, 21, 5067, inf, 4, 198, 112, 7, 5, 1, 26, 1, 1, inf, 2, 12, 4, 1, 173, 30, 23, 153, 4, 1865, 1, inf, 30, 18, 3, 1, 2, 1, 14, 2, 97, 58, 1, 1473, 3, 13, 76, 2, 1, 2, 1, 974, 1, 60, 6, 1, 1, 1, inf, 89, 25, 76, inf, inf, 1, 10, 1, 8097, 25, 1, 1, 1, 1, 13, 5, 1, 307, 5, 3, 504, 102, 14, 18, 1, 2, 35, 118, 67, 3, 3, 1, 1, 3, 1, 5, 62, 8, inf, 1, 86, 610, 1, 5, 12, 1, 1, 2401, 256, 4, 2, 1, 1, 15, 1, 8, 3, 3, 5348, 4, 3, 1, 1, 3, 3, 301, 1, 133, 1739, 18, 3, 1, 2342, 3, 1, 7, 1, 16, 1, 1, 1, 27, 2, 1, 1, 1, 65, 18, 7, 1, 2, 1220, 25, 25927, 18, 1, 83, inf, 173, 1, 9, 2, 5, 17, 9, 3, inf, 1, 1, 3, 1, inf, 1, 1, 1, inf, 2, 262, inf, 8, 292, 13, 9, 1, 4, 3, 39, 1, 10, 4, 1, 136, 2, 13, inf, 1, 2, 10, 10662, 2, 369, 2, inf, 1, 3, 29, 1, 364, 1, inf, 1, 21, 63, 3, 1, 3, 168, 55, 2, 3, 1, 1, 1, 492, 14, 6, 1, 2094, 1, 1, 5, inf, 2, 1, 177, 340, 1, 38, 22, 1, 1, inf, 1, 40, 1, 1, 1, 1, 1, 113, 1, 35, 4, 747, 1, 33, 1, 4, 16, 27, 6, 88, 1, 1, 1, 1, 156, 97, 912, 82, 2, 6, 1, 5, 2, 1, 3, 1, 1, 3, 3, 1, 1, 1, 78, 109, 481, 9, 1, 24, 7, 31, 1, 3, 2, inf, 1, 1, 1, 22, 10, 3, 23, inf, 2, 21, 2, 7, 2, 1, 298, 18, 2, 2, 1, 1, 275, 41, 301, 260, 13, 41, 1, 1107, 16, 1, 3, 976, 1, 1, 10, 1, 1, 5, 21, 64, 2, 1, 5, 1, 1, 2, 71, 2, 172, 51, 186, 1, 15, 6, 8, 1, 3, 1, 10, 4, 372, 5, 1, 2, 1, 2, 1, 1, 2, 5, 25, 10, 53, 1, 1, 17, 6, 1475, 2, 20, 5, 2, 2, 12, 1, 7, 2, 27, 1, 3, 10, 104, 811, 3, inf, 1, 1, 1, 3, 8, 142, 18, 2, 1, 1, 2, inf, 11829, 27, 3493, 5, 10, 1, inf, 18, 7, 5, 40, 316, 1, 1, 81, 34, 8, 8, 9, 36, 74, 128, 1, 3, inf, 1, 56, 4, 8, 5, 1, 10, 4, 1, 1, inf, 3, 13, 79, 1, 8, 7, 32, 1, 2, 1, 2, 10, 3, 20, 5, 1, 1, 1181, 70, 320, 188, 15, 10, 3, 5, 20, 3, 34765, 9, 6, 6, 32, 38, 10, 45, inf, 1, 461, 11, 3, 15, 340, 2, 23, 1, 4, inf, 1015, 495, 3, 1, 214, 1, 11, 1, 40, 232, 5034, 133, inf, 1, 20, 33, 5, 1, 5, 3, 9, 2, 298, 41, 150, 1, 11, 45, 83, 2, 1, 10, 1, 1, 15, 246, 4, 6, 6400, 1, 1, 1310, 50, 351, 66, 88, 1, 8, 1, 438, 3, 4, 73, 37, inf, 1, 1, 3, inf, 2, 2, 1, 1, 20, 3, 22, 2, 18, 5, 245, 526, 1, 3, 141, 2, 25, 1, 2, 221, 29, 10, 1, 3, 1, 3, 327, 61, 275, 69, 24, 18, 1, 21, 1, 28, 1, 1, 7, 28, 1, 4, 31, 1, 1, 182, 2, inf, 1, 4, inf, 38, 1, 1, 1, 1, 17, inf, 1, 5, 56, 7529, 2, 77, inf, inf, 23, 694, 5, 1, 1, 49, 1, 26, 19, 5, 4, 92, 831, 12, 1, 44, 2, 6, 28, 19, 1, 1374, 1, 8, 18, 1, 2, 218, 1, 2715, inf, 8, 51, 56, 245, 30874, 1, 2, 2152, 1, 1, 7, 11, 9, 1, 530, 40, 50, 92, 11, 1, inf, 1, 107, 1, 9, 5, 13, 1, 19, 225, 1089, 4740, 6, 182, 8, 2, 38, 4, 159, 8, 5, 1, inf, 1, 22, 82, 1, 955, 7, 1, 1, 623, 716, 3, 2, 4, 12, 1, 1, 1, 12, inf, 1, 26, 6, 2, 1, 2, inf, 4, 1, 1, 15, 2, 21, 1, 2, 7, 1, 119, 1, 2, 152, 53, 3, 1, 1, 1, 1, 1, 1, 1, 1, 1, 1, 16, 12, 32, inf, 1, 2, 1, 8, 10, 19, 2, 104, 249, 24, 60, 2, 8, 1, 17, 1, 1, 1, 1, 1, 1, 2, 1, 5, 1, inf, 113, 1711, 3, 43, 1, 104, 19, 105, 1, 3, 4, 1, inf, 1, 1, 48, 16, 1, 188, 580, 258, 4, 1, 4, 23, 5, 4, 1, 1, 334, 2, 1, 4, inf, 41, 1, 1, 1, 1, 1, 2, 4, 13, 13, 1, 1, 1, 17, 46, 58, 5, 3, 514, 30, 1, 1, 1, 3, 280, 6, 1033, 214, 1, 3, 6, inf, 1, inf, 56, 6, 219, 2154, 12, 32, inf, 3, 39, 49, 1, 6084, 1, 3, 2, 1, 19, inf, 190, 150, 1, 1, 350, 2, 4, 4, 1, 14, 11, 4, 2, 5, 5, 6, 3, 239, 1, 1, 48, 412, 2, 4, 9, 5, 169, 1, 9, 1, 1, 39, 23, 1028, 5, 1, inf, 1, 1, 3304, 1, 19, 3663, 7, 18, 61, 2640, 2, 121, 1, 428, inf, 1, 4, 10, 1, 64, 453, 7, 74, 89, 14, 1, 12, 2, 10, 56551, 1, 173, 1, 11, 1, 15, 1, 53, 10, 600, 34, 3, 2, 1, 203, 69, 2681, 1, 45, 211, 33, 195, 2, inf, 2, 1, 29, 2, inf, 42, 11, 303, 115, inf, 7563, 73, 4, 20, inf, 3, 493, 1, 46, 1, 10, 20, 12, 8, 1, 1052, 1, 1, 432, 1, 11, 1, 5, 122, 10331, 41, 79, 1, inf, 2, 2, 123, 24, 1, 354, 1, 191, 1, 332, 13, 3, 3, 2, 136, 6, 1, 1, 10, 6, 24, 1, 1, 2, 343, 193, inf, 48, 2, 89, 2, 1, 1, 1, 467, 214, 1, 1, 1, 2, 1, inf, 1, 2, 30, 1, 2344, 39994, 3, 4, 1217, 1, 14, 627, 4, 144, 2, 30, 2, 7486, 107, 15, 2, 596, 7, 6, 1, 1, 1, 1, 1, 42, 1, 759, 1, inf, 18, 8, 565, 1, 6, 27, 22110, 8, inf, 2, 3, 1, 1, inf, 139, 1, 3, 1, 1, inf, inf, 1, 77, 20, 18, 7056, inf, inf, 124, 21, 52, 1, inf, 1, 7031, 73, 10, 1, 4, 1, 34, 888, 46, 93, 1, 27457, 2856, 563, 1, 21, 17, 1, 5, 29, 1, 1, inf, 1, inf, 2, 1, 788, 7, 1, 1, 179, 7, 2, 16, 1, 129, 10, 84, 34, 10, 1, 3957, inf, 1, 32, 14, 5, 3, 1, 6, 1, 1, 1, 1, 1, 1, 2227, 11006, 396, 2, 3, inf, 5, 2, 11, 1, 1321, 25, 1, 49, 22, 1, 3818, 198, 1, 1, 1, 1, 2, 1, 1, 1, 1, 1, 1, 1, 1, 1, 1, 1, 1, 1, 1, 1, 1, 950, 7, 1496, 1, 1, 9, 26, 5, 188, 8, 20, 1, 12, 25, 451, 43, inf, 1, 1, 8, 5, 4, 2, 22, 25, 272, 1, 1, 1, 9, 25, 1, 80, 2, 1, 1, 1, 23, 1, 5, 1, 5, 1, 1, 1, 2, 2, 2, 1, 2, 1, 1, 1, 3, 1, 1, 1, 1, 1, 1, 1, 1, 99962, 1, 1, 1, 1, 1, 1, 1, 1, 1, 1, 1, 1, 1, 1, 1, 1, 1, 1, 1, 1, 1, 17, 1, 2, 142, 1, 1, 1, 130, 1, 15, 8026, 2, 121, 35, 1, 2109, 10, 38, 4, 12793, 160, 116, 20, 1705, 2, 486, 8, 79, 10, 199, 43, 1, 1, 1, inf, 1, 1, 38, 50, 4, 963, 16, 29, 1620, 25, 9, 4, 1, 2, 17, 1, 12, 4, 21, 1, 1, inf, 1, 10, 1, inf, 176, 2, 126, 13, 2, 362, 93, 4, 5, 64, 2, 1, 2, 1, 17, 1, 16, 5, 15, 321, 14, 1, 1, 621, 356, 7, 1, 10, 138, 1, 3, 33, 9, 346, 19, 8, 475, 17, 1, 5, 15, 2, 24, 4, 740, 72, 1, 1, inf, 2, 43, inf, 2, inf, 1, 15, 8, 587, 1, 792, 4, inf, 6687, 1, 1, 1, 3, 21, 4, 34, 1914, 1, 9, 2, 13836, 125, 1, 4, 5, 3, 2, 3, 3, 1, 162, 90, 311, 49, 1, 8, 133, 1, 1, 51, 12, 11, 3, 578, 131, 15, 1, inf, 47, 3781, 1, 1, 63266, 1, 1, inf, 59, 2, 2, 1689, 10, 1, inf, 16, 1, 2, 61, 2, 13, 83, 36, 1, 110, 137, 74, 96, 50, 7, 2, 413, 185, 6, 49, 1, 1, 13, 108, inf, 5, 3, 1, 101, 78, 1, 4, 26, 1, 1, 39, 249, 16826, 31, 14, 8, 2843, 7, inf, 232, 1, 12, 1, 2, 546, 10, 2, 18868, 2, 1, 11, 4, 1, 1, 1, 456, 1, 669, 26, 34, 2, 1, 11, 1, 13, 1, 1552, 361, 3, 1, 2, 2, 14, 36, 228, 4170, 1, 2, 1, 1, 1, 917, 28761, 10, 1, 9, 1, 1, 14, 2, 9, 14, 5581, 130, 1, 3, 14, 22, 26, 23, 1, 50, inf, 1, 5, 1, 16, 3, 5, 43, 1, 54, 2, 115, 12, 80, 2, 5, inf, 3, 1, 551, 1, 33, 9, 4, 148, 1, 17, 1, inf, 56, 3, 64, 7, 9, 13, 259, 1, 8, 10, 4, 84, 8, 19, 4, 1, 3, 2, 261, 3, 1, 8554, 3, 1, 1, 17, inf, 2, 1, 75, 4, 1280, 429, 66, 1, 1, 2, 5, 2, 146, 287, 1, 20, 7, 3, 1, 1, 1, 4, 1, 1, 2, 1, 1, 1, 1130, 4, 9160, 1, 3, 1, 1, 2, 22, 1, 168, 1, 305, 294, 11, 40, 20, 665, 64958, 3, 6, 72, 1, 96, 245, 222, inf, 3, inf, 4, 1, 1, 720, 1, 425, 52, 2722, 228, inf, 32, 53, 11, 3, 1, 2, 1, 2082, 25, 408, 4, inf, 25, 2, 1, 1, 23148, inf, 1, 4, 1, 3, 29, inf, 1, 42, 3, inf, 532, 2, 1, 71, 6, 33, 5, 1, 10, 11, 1, 7, 9, 4, 4, 1, inf, 1, 9, 1250, 15, 2, 1, 2, 2287, 32, 40, 4, 2, 22069, 2, 3, 1, 5, 1, 1, inf, 112, 28, 1, 2, 138, 1, 22, 1, 1, 1, 309, 6, 1, 14, 8, 39, 2, inf, 227, 2, 253, 28, 3, 11, 19, 1, 136, 96, 2, 34, 15, 4, 62, 77, 1234, 1, 1, 2, 1, 62, 1, 3, 30, 135, 107, 181, 11, 2, 2499, 1108, 54, 1, 6, 2, 1, 24, 6, 69, 72, 252, 3, 2, 3, 759, 515, 33, inf, 3550, 24, 7616, 672, 1, 401, 12876, 97, 3, 75, 1, 2, 112, 1, 22, 2, 2, 14, 5, 45, 808, 24, 1, 33, 1, 1, 2, 1, 2, 1, 22, 2, 3, 1, 5, 16, 3, 37, 2, 12032, 5, 126, 18, 2, 17, 176, 1, 8, 1, 1, 2, 3, inf, 100, 129, 10, 1, 1, 1, 12, 3, 1, 1, 69, 1, 3, 9, 218, 1038, 2719, 1, 8, 2, 218, 94, 20, inf, 2, 1, 154, 6, 1, 53, 22, 6, 1, 59, 3, 144, 13, 1, 1, 2, 3, 15, 2, 24, 215, 297, 1, 2, 1, 2, 2, 1, 3, 3, 33, 1, 1, 1, 1, 2, 27, 71, 1, 17034, 1, 7, 104, 25, 1192, 67, 41, 696, 9, 173, 56644, 39, 5, 1, 233, 7230, 1, 263, 5, 20, 5, 1, 126, 8, 1, 90, 2, 5770, 1, 3780, 26, 21, 1, 56, 5, 26, 23, 6, 4, 78, 1, 89, inf, 18, 1125, 1, 1, 19, inf, 243, 14, 9, 14, 1, 1, 850, 4, 6, 2, 401, 6, 24, 68, 541, 32, 1, 374, 10, 20, 2, 1, 16, 1, 1, 214, 4, 123, 1, 300, 1, 5, 43, 18, 1, 1, 26, 28, 19, 1, 1, 1, 1, 17, 2, 3, 167, 70, 4, inf, 24, 2046, 19, 2, 1, 1, 1, 2, 1, 1, 98, 14, 1, 1, 1, 20, 13394, 49, 1, 3, 8, 6, 3, 161, 12, 1, 1, 1, 43, 2118, 1, 183, 23, 562, 9, 1, 6, 3, 13, 37, 21, 28, 1, 4, 25, 221, 3, 40, 91, 24, 1, 1, 1, 1, 2, inf, 388, 47, 3392, 3, 3, 44, 1, 19, 59, 1, 1, 6, 1, 8, 8, 633, 1, 4, 516, 2, 1, 35, 1, 76, 2, 2, 1, 2, 3, 1, 59, 363, 1, 77, 1, 1, 123, 89, 4, 3019, 3, 1, 1, 569, 13, inf, 634, 2, inf, 2, 61, 5, 50, 98, 1, inf, 229, inf, 174, 1, 1899, 3, 4, 1, 256, 1, 48, 2, 14, inf, 1, 41, 1, 160, 1, 92, inf, 1, 1, 1, 1473, 1913, inf, inf, 2, 641, 3, 106, 1, 2, 39, 3, 7, 73, 4, 7, 4, 12, inf, 19, 3, 1021, 1, 286, 560, 26, 86, 150, 133, 58, 10, 19, 1, 1, 1, 8, 7, 177, 1813, 1, 13, 1, 3, 439, 291, 2, 1, 2, 106, 137, 1, inf, 1, 1, 1, 1, 1, inf, 5, 120, 1, 1, 4, inf, inf, 2, 1, 6, 772, 8, 57, 1, 23, 16, inf, 2, 2, 48, inf, 1, 66, 53, 1, 1443, 7, 2396, 59, 1, 1, 3, 33, 5, 1, 4, 1, 143, 1, 96, 11, 1, 11, 1, 2, 1, inf, 134, 2, 8, 2, 3, 117, 4, 8, 1, 1, 6, 17, 9, 1, 7, 1, 1, 1, 1, inf, 8, 1, 233, inf, 1, 112, 167, 8, 13618, 25, inf, 532, 10, 1, 104, 8, 1, 10, 2, 2, 2, 4, inf, 1, 1, 623, 29, 2, 1, 2, inf, 19707, 1, 21, 95, 1, 3, 77, 111, 4, 1, 3, 6, 1, 14, 155, 158, 1, 107, 72, 29, 1, 5, 1, inf, 1, 20, 1, 3, 601, 6, 10, 293, 3, 2, 159, 2, 3, 1, 2, 343, 1, 1, 1, 1, 1, 32, inf, 43, 1, inf, 1, 18, 17, 35, 77, 7, 1, 66, 2, 1, 2, 6, inf, 3, 23, inf, 7, 1, 294, 1, 9564, 2, 4, 2, 387, 3, 1, inf, 5, 17, 91, 2, 81, 2, 1, 3599, inf, 1, 76, 27, 48, 3, 3, 3, 3, 3, 8, 45, 2, 101, inf, inf, 29, 4, 7, 3, 1, 9, 5, 21, inf, 10586, 26, 146, 1, 3, 1, 14, inf, 27, 5, 380, 1, 1, 2, 3, 15, 227, 1, 1374, 1, 5, 3, 42, 254, 72, 22, 1, 16, 123, 84, 7, 5, 10, 1, inf, 1, 8, inf, 147, 1, 4, 42, 6739, 18, 22, 2, 75, 1, 30, 74, 1, 7, 2, 15812, 57, 266, 191, 13, 2, 9, 381, 509, inf, 415, 156, 5, 100, 1008, 29, 1, 2, 2, 1, 3, 291, 516, 3, 7, 208, 294, 118, inf, 153, 66, 9, 68, 13, 1, 41, inf, 11, 1, 6, 1, 3, 611, inf, 4, 3, 1, 2, 1, 224, 1, 4, 4, 6, 1, 4, 23, 1, 78, 6, 3, 1, 2, 97, 1, 1, 3, 5, 3, 1, 1, 10516, 1, 5, 2, 12, 3113, 1, 126, 3, 1, 56, 305, 4, inf, 63, inf, 1, 1, 55, 616, 3, inf, 2, 684, 23, 3, 2, 657, 1, 1, 104, 3, 1, 7129, 1, 52, 2, 3, inf, 764, 1, inf, 12, 61, 3, 8, 10, 1, inf, 31, 5, 3, inf, 685, 2, 39, 4, inf, 1, 1, 1, 2, 37, 23, 11, 1, 506, 1, 1, 1, 3, 1, 1, 8, 1, 1, 5, 4, 1, 8, 1, 150, 196, 1, 1852, 1, 53, 19, 4, 1, 18, 254, 1, 8, 9, 24, 1, 1, inf, 1, 1, 849, inf, 5, 2, 1, 1, 84, 2, 1844, 2, inf, 609, 6, 7077, 12012, 2, 162, inf, 2, inf, 6, 28, 1, 19403, 1, 13, 6, 1, 31, inf, 10079, 1, 6, 2, 2, 1, 1964, 300, 1, 1, 93, 10, 1, 22, 8, inf, 5, 2, 1, 1, 1, 1, 1, 14, 2, 2, 65, 1, 1, 11, 1, 1, 14, 22, 1, 26, 1, 504, 1, 2, 1, 3, 3, 751, 1, 11, 4033, 1, 1, 127, 36, 1, 1, inf, 5, 1, 12, 1, 1, 50, 114, 2, 1, 1, 7, 22, 37139, 1, 2, 3, 1, 169, 1, inf, inf, 25, 1, 1, inf, 16, 10, 1, inf, 73, 1, 1, 966, 2, 3, inf, 26, 1, 21, 1, 23, 1, 7, 2, 5, 1, 8, 1, 6, 4, inf, 16, 1, 4, 3, 151, 2, 1, 206, 10, 1, 1, 1, 10, 6, 209, 1, 159, 46, 483, 38, 1, 113, 1, 17, inf, 92, 133, 96, 197, 97, 28, 144, 1, inf, 2, 1, 19, 1, 91, 1, 37, 110, 1, 114, 1, 2, 1, 2, 1, 43, inf, 2, 1, 8935, 96207, 4, 2161, 24, inf, 82, 1, 3, 1, 1, 1, 1, inf, 130, 17, 1, 1, 1, inf, 1, 7, 129, 187, 34, 144, 1041, 1, 28066, 4, 3841, 22, 51, 407, 24, 7, inf, 490, 919, 2050, 22, 46, 105, 5, inf, 13, 2, 1, 24, 2, 61, 1, 5, 5, 11, 48, 13, 9, 11, 35, 10, 1, 2, 4, 33, 1, 4, 1, 362, 2, 1, 2, 2, 3, 99, 3, 12, 20, 2, 5, 1, 5, 1, 50, 1, 10, inf, 2, 4, 1, 1, 87, 6, 56, 8, 24, 2, 19, 1, 1705, 515, 1, 1, 11, 10, 2, 2, 253, 4, inf, 20, 5, 1, inf, 1, 4, 8, 3, 1, 1, 1, 2, 7, 14, 2, 1, 2, 1, inf, 2, 3, 519, 2, 1, 1, 3, 1, 1, 119, 4, 1, 4, 3, 4, 76, 1, 2, 1, 4, 2, 2, 1355, 11, 49, 94, 330, 2, 1, 1, 5, 22, 34, 15, 5, 3, 139, 1, 9, 1, 1, 3, 1, 1, 1, 1, 1, 1, inf, 1, 1, 1, 441, inf, 19, inf, inf, 18, 26, 1, inf, 3, 9, 799, 26, 1, 2, 2, inf, 2, 3, 9, 1, 1, 39, 30, 294, 1, 8, 2, 20, 20, 37, 14, 748, 1, 1, 2, 2, 989, 1, 2, 2107, 2, 1, 41, 566, 3, inf, 38, 3, inf, 36, 13, 2, 5, 1, 149, 1, 218, 1, 1, 3, 9, 1, 1, 2, 2, 56, 30, 2, 1, 1, 1, 3, 27, 3, inf, 1, 21, 7, 1, 8, inf, 2, 1, 25568, 2, 1, 1, 1, 1, 3, 1, 2, 1, 2, 1, inf, 1948, 147, 1, 4, 2, 3, inf, 2, 1, 30929, 1, 1328, 3, 152, 1, 1334, 5, 315, 20, 1, 121, 7, 56, 1, 9861, 8834, 2, 1, 1, 1, 1, 1, 1, 1, 1, 1, 1, 1, 1, 1, 1, 1, 1, 1, 1, 1, 1, inf, 3, 1, 87, 39, 1668, 2, 5, 2, 33321, inf, 1, 43, inf, 46, 16, 7, 79, 5, 135, 2852, 49, 4, 34, 1, 78, 5, 2, 3, 2, 229, 29, 4, 47, 154, 17, 7, 61, 222, 1, 87, 119, 119, 108, 21, 1, 1, 1, 11372, 56, 1, 1, 1, 1, 12, 1, 1, 5, 2, 1, 1, 2, 30, 10, 8868, 3, 5, 51, 1, 1, 1, 1, 25, 10, 1, 11, 2, 298, 1, 4, 1, 87535, 3, 6, 1, 1358, 4, 72, 54, inf, 8, 3, 2, 25, 4, 26591, 22, 568, 11, 10, 1, 950, 11, 50, 186, 144, 4, 1, 1, 3, 393, inf, 3, 2, 100, 1, 5, 37, 2, 1, inf, 158, 2, 1, 18, 1, 6, 1, 1, 1, 1, 2, 6, 1, 3, 1, 150, 19, 1, 1, 1, 2, 1, 78, 510, 7, 3, 1, 2, 253, 1, 1, 1, 51, 7, 639, 119, 1, 12, 51, 1, 2555, 3, 1, 28, 1, 36, inf, 4, 1, 3, inf, 1, 1, 1, 122, 63, 283, 76, 1, 1, 2, inf, 29, 20, 3, inf, 1, inf, 3, 8, 14, 3516, 1, 1, 1, 20, 13, 75, 2, 15, 1, 2, 13, 2, 1, inf, 1, 87, 20, 76, 1, 32, 1, 1, 1, 12, 1, 1, 1, 1, 12, inf, 1, inf, 46, 2, 19, 1570, 3, 18, 1, inf, 1, 1, 99, 62, 19, 3, 46, 1, 541, 1, 2197, 1, 2, 3, 11, 18, inf, 1, inf, 2, 4, 48, 12, 8, 10, 1, 4, 960, 1, 1, 227, inf, 543, 17, 1, 1, 1, 1, 2, 2, 2, 6, 3, 644, 3211, 1558, 3, 1, 183, 1, 3, 2, 70, 2, 3, 87, 3, 129, 319, 87, 4, 2, 6, 2, 1, 245, 1, 2, 4, 1, 76, 2, 1, 1, 4, 1, 5, 1, 1, 7, 1, 24, 1, 30, 7, 208, 5, 2, 3, 3, 1, 2, 2, inf, inf, 19, 1, 1, 47, 1, 1, 1, 263, 7, 35, 1, 9, 2, 1, 1, inf, 2, 19, inf, 1, 186, 1839, 36, 113, 297, 7, 101, 305, 1, 24, 13, 271, 15, 29, 36, 2, 2, 9, 7, 502, 58, inf, 164, 1, 5, 2, 17, 21, 7, 7, 1, 4, 1, 3, 6, 1, 12, 1, 40, 57, 233, 1, 49, 3, 94, 318, 3, 3460, 1, inf, inf, 1, 42, 1, 2, 7, 1, 54, inf, 358, 291, 1452, 1, 6, 21, 2, 1, 59, 17, 2, 83, 21, 258, 1, 2, 80, inf, inf, 1, 42, 17, 1, 6, 141, 640, 11, 2, 46, 5, 19, 5, 11, 1, 1, 12, 315, 1, 9, 2, 1269, 646, 3, 1, 1213, 1, 1, 2, 3, 49, 28, inf, 41, 1, 41, 5, 8, 1, 237, 22, 7, 5, 10, 3, 1, inf, 54, 168, inf, 1, 33, 1, 1, 1, 29, 45, 4, 1, 43, 1, 35, 16, 19, 359, 8, 15, inf, 15, 4, 3, 1, 4, 1, 144, 3, inf, 1, 200, 1, 16, 7, 1, 20, inf, 1, 5, 3051, 41, 94, 8, 3521, 156, 53, 1, 71, 3, 6, 1, 4, 339, 6, 149, 345, 10, 3, inf, 498, 8, 155, 18, 961, 1, 1, 1, 23, 1, 34, 181, 54, 3, 35, 47, 1, 2, 2, 1, 3, inf, 4, 1099, 1, 7, 7, 6, 13, 176, inf, 1, 17, 275, inf, 1, inf, 2, 39, 4, 4, 49, 1, 9, 4986, 74, 22, 3, 241, 6, 7, 12, inf, 2, 1160, 51, 312, 306, 2, 3, 20, 16, 2, 508, 1696, 6, 20224, 41, 30, 30, 3, 62, 5, 6, 24, 8, 6, 7, 1, inf, 14, 1, 8, 167, 1, 512, 35, 245, 263, 1, 1350, 12, 1, 3, 5, inf, 1, 150, 1, 5, 17, 1, 15, 79, 1, 28, 12, 27, 488, 7, inf, inf, 6, 1, 1, 4, 7, 1, 1, 126, 2, 7, 1, 3841, 4, 8, 24, 1, 2, 5, 1919, 66, 1, 1, 1, 1, 13, 180, 3, inf, 1, 9, 28, 1467, inf, 5, 3, 1, 1, 1, 1, 4, 2, inf, 1, 1, 235, 22, 1, 1050, 2, 78, 3, 5, 1, 13, 1, 1, 16, inf, inf, inf, inf, 1, 2, 1, 5, 1, 1, 9, 28, 36, 1, inf, 2, inf, 43, 19, 6, 1, 14, 1, 4, 1, 1, inf, 4, 41, 2705, 1, inf, 78, 1, 37226, 86, inf, 15, 23, inf, 1341, 27, 2, 26, 1, 2, 8, 131, 1, inf, 12, 231, 2, 14, 4, 4, 1, 1, 1, 1, 4, 1, 1, 1, 1, 2, 1, 11, 2, 746, 95, 2, 5, 157, 95, 4, 1, 3, 157, 1, 1, 3, 54, 4, 1, 263, 5, 2, 6, 51, 2, inf, 1, 1, 46, 1, 27, 1, 832, 1, 87, 1, 690, 43, 19, 247, 2, 2, 43, 10, 2, 4439, 8, 5503, 2, 347, inf, 6, inf, inf, inf, 8, inf, 1, 1, 4, 62, 13, 24, inf, 1, 5, 2, 1, 51, 193, 40, 11, 19, 19, 26, 7, 34, 2, 1, 1, 1, 5, 24, 3, 4, 1065, 103, 1214, 4391, 1, 60, 139, inf, 1, 1, 256, 142, 41, 116, 1, 4, 14, 72, 33, 28, 1, 147, 1, 160, 205, 1, 1, 1, 8, 1, 4540, 9, inf, 9, 7, 5, 3, 29, inf, 1, 4645, inf, inf, 1, 82, 1, 282, 95, 299, 1, 11, 8, 3, 1, 23, 1, 1, 18, 1, 1, inf, 1, 122, 1, 315, 7725, 8, 415, 1, 13, 2, 35, 10, 13, 38, 12, 1, 7, 3, 5, 43793, 15, 3, 42, 41, 1, 1, 4, 14, 4, 5, 1, 32, 103, 7, 1, 21, 3, 38, 4, 6, inf, 109, 1, 30, 1, 1, 1, 171, 5, inf, 14, 18, 1, 1, 11, 1, 6, 912, 5, 548, 1, 4227, 11, 86, 2, 1, inf, 34, 3, 23, 267, 574, 1, 3, 17102, 51, 124, 24, 1, 99, 1, 2, 2, 2, 1, 1, 6, 6, 1, 4, 1432, 118, 1, 18, 28, 2, 89, 8, 1, 1, 1, 6, 9, 1, 61, 3, 14, 1, 1, 1, 6, 1, 2, 1, 6, 2, 24, 4, 1, 63, 139, 1, 2, 1, 1, 1, 35, 15, 1, 1, 2, inf, 2, 2, 1, 2545, 2, 2, 2, 11, inf, 100, 1, 1, 104, 16, 10, 1, 1, 14, 2, 1429, inf, 9, 1, 57, 3, 89, 5, 16559, 4, 4, 7, 2, 4, 104, 1, 17, 6, 2059, 4, 1, inf, 1, 82, 1190, 20, 2, 5, 8821, 1, inf, 105, 177, 2, 55, 446, 1, 7, 1, 1, 1, 14, 1, 1, 3, 4, 1, 8, inf, 1, 5, 1, 12, 1, 1, 1, 15, 2, 2, 18, 1, 2, 22, 1, 1366, 896, 3, inf, 12, 1, 325, 3907, inf, 5, 1, 3, 6267, 8, 90, inf, 15, 2, 1, 1, 6, 1, 8, 207, 6, 1, 90, inf, 1, 13, 3, 1, 1, 1, 1, 1, 1, 1, 1, 1, 1, 1, 1, 1, 1, 1, 1, 1, 1, 1, 1, 2, 1, 1, 1, 1, 1, 1, 1, 1, 1, 1, 1, 1, 1, 1, 1, 201, 1, 1, 32, 4, 3, 722, 38, 1, 10, 5, 1649, 1, 5, 23, 1, 1, 50, 1, 60, 2703, 349, 3, 1, 583, 636, 64, 5, 396, 1, 96, 172, 4, 33, 1, 1, 21260, 2, 1, inf, 72, 52, 391, inf, 10, 1, 87, 119, 41, 111, 1, 1, 80, 6311, 13, 2, 1, 1532, 507, 1, 29, 3, 14, 20, 1, 1, 1, 28, 1, 16, 4, 1, 3, 4, 3, 3, 5, 9, 1, 1, 553, 28999, inf, 1, 1, 1, inf, 2, 7, 258, 79, 1, 11, 1, 2, 51, 10, 129, 53, 1864, 22, 4, 1, 1, 4, 80, 5, 1, 6, 25, 10, 1, inf, 35, inf, 12, 1, 3, 1, 7, 41, inf, 25, 12, 40, 1, 2, inf, 2, 1, 8, 33, 4, 42, 4, 37, 3, 10, 85, 1, 1, 191, 1, 7516, 102, 3, 2, 8, 39, 2, 8, 2, 1, 65, 340, 70, 149, 2, 2, 3, 2, 3, 20, 1, 8, 2, 10, 540, 1, 309, 29, 1, 1, 53, 13, 2, 210, inf, 1, 1, 1, 6, 1, 1, 12, 107, 15, 1, 24, 102, 934, 515, 74, 44002, 1, inf, 1, 1, 271, 1, 7, 2, 4, 9, 2, 12, 131, 50, 32, 15, 36, inf, 117, 4680, 1, 2, 7, 948, 2, 10, 12, 719, 4, 5, 22, 1, 187, 28, 3, 1, 3, 40, 2, 2, 260, 1, 74, 18, 4, 42, 1, 8, 562, 27, 15, 92, 5, 1, 4, 850, 1, 1, 3962, 121, 309, 1, 1, 9, 9360, 6, 1, 5, 1, 36, 1, 1, 1, 5, 36, 1, 1, 19, 254, 1, 35, 53, 1, 30, 1, 173, 1, 15, 6, 1, 7, 29, 764, 2, 1, 8, 5, 1, 1, 1142, 1, 3, 10, 1, 2, 1, 3, 1, 12, 1061, 147, 1, 24, 3, inf, 13, 26431, 12, 1, 61, 1, 2, 791, inf, inf, 42, inf, 38, 1, 20, 137, 10, 5, 3, inf, 16, 69, 1, 9, 27, 119, 28730, 4, 1, 10, 2, 1, inf, 1, 9, inf, 146, 26, 58, 130, 12, 5, 16, 2, inf, 136, 1, 9, 3, 71, 7, 4281, 113, 2, 10, 172, 49, 1, 5, 1, 45, 41, 10, 1, 1, 448, 1, 42, 8, 1, 11, 15, 1, 5, 1, 4, 3, 7, 2, 5, 25, 2, inf, 23, 1, 311, 1, 1, 1, 111, inf, 2, inf, 3, 76, 1, 3, 1, 1, 1, 1, 3, 4, 9, 4, 5, 22, 1122, 4, inf, inf, inf, 1, 5, 398, 1, 21, 76, 3, inf, 9, 1, 1, inf, inf, 1, 15, 10362, 4, 1, 4, 15, 1, 9, 408, 23, 8, 1801, 18, 19, 49, 254, 2, 8, 1, 1, 1, 1, 19, 160, 10, 1, 14, 1, 39, 12, 11, 31, 1, 1, inf, 1, inf, 1, 6538, 1455, 1, 50, 25, 17, 284, 4, 441, 162, 2, inf, 3, 2, 663, 17, 48, 3, 1, 5, 1, 575, 1854, 12, 685, 39, inf, 90, 1, 141, 1, 2, inf, 712, 9, 19109, 62, 494, 433, 7, 1, 376, 4, 43, inf, 87, 3, 4, 1, 98, 364, inf, 8, inf, 62, 241, 9, 21, 41, 7, 1, 3, 11, 2, 3, 384, 19, 78, 93, 1, 1, 8, 13, 1, 5, 133, 18, 652, 33, 1, 2, 1, 1, 3, 526, 126, 3, 1186, 109, inf, 43, 2, inf, 2, 1, 1, 1, 1, 1, 1, 3, 158, inf, 2, 16, 1, 1, 1, 3, 66494, 2, 96, 1, 2, 2, 98, 1, 10, 1, inf, 8, 1, 14, 4, 1, 21, 5, 7, 2, 2, 2, 20, 56, 1888, 1, 202, 2894, 4, 37, 185, 3501, 7, 6, 4, inf, 6, 156, 27, 630, inf, 1, 1, 1, 45, 1, 52, 4, 546, 4, inf, 1, 4, 11, 53, 26, 48, 9, 1884, 5, 6, 1, 25, inf, 29, 2471, 1, 6, 1, 1, 2, 17, 27, 5, 75, 18, 1, inf, 149, 10, 1, 103, 3, 4, 1757, 1892, 1, 1, 1, 2, 27, 2, 1, 54, 7599, 1, 1, 20, 1, 3, 3, 26, 37, 1, 24, inf, inf, inf, 539, 24, 1, 143, 1, 1, 8, 1, 2, 12, 575, 30, 1, 3, 2, 2, 1, 29, 199, 2, 5395, 73, 138, 5, 20, inf, 1, 5, 1, 17, 1, 1, 4, 1, 5, 221, 1, 333, 136, 6, 6849, 3, 1, 1, 10, 71, 2, 1, 73, 80, 38, 31, inf, 2, 1, 1, inf, inf, 13, 1, 5, 1, 2, 131, 25, 60, 16835, 2, 1, 164, 322, 1, 1, 454, 62, 1, 1, 1, 3, 8871, 143, 1, 2, 1847, 1, 1, 1, 79, 75, inf, 168, 119, inf, 50, 2, 100, 151, 69, 7, 1, 4667, 588, 98, 13, 4, 125, inf, 28, 1, 8, 7, 56, 1365, 19, 5, inf, inf, 1, 139, 5, 129, 841, 10, 101, 2, 10, 94, 315, 10, 1, 1, 13, 1, 1, 2, 1, 1, 890, 15, 182, 527, inf, 9, 11, 2, 1, 1, 1, 1, 32, 1, 8, 55, 374, 36, 1050, inf, 1, 1, 1, 1, 1, 87, 18, 2, 38194, 63, 6, 45, 2, 1, 1, 203, inf, 1, 46, 2, 1, 4, 1, 15, 76, 475, 896, 28, 1, 28309, 6, 3, 1, 1224, 4, 3, 1191, 24, 95, 3, 3, 110, 1, 3, 1, 240, 1, 500, 264, 31, 1, 11, inf, 4, inf, 81, 1, 1, 4, 1, 3, inf, 1, inf, inf, 106, 1, 2, 6, 16, 7, 1, 1, 1, 38, 46, 1, 1, 1, 5, 7, 128, 2, 517, 2, 18, 1, 1, 59147, 2, 13, 81, 1, inf, 2, 36525, 1, 70, 32, inf, 1, 1, 1, 1, 23, 1, 144, 35, 164, 1, 312, 6, 11641, 7776, 2, 1, 536, 43752, 1, 1, inf, 1, 10, 1, 2, 1, 22, 85, 16, 398, 96, 376, 2, 2, 193, 1, 2, 7, 5, 5, 12, 2, 7, 4, 4, 2, 1, 3494, inf, 1, 1, 6, 8, 2, 3, 33, 5, 1, 3, 1, 3, 2, 5, 38, 2, 46, 6, 172, 1, 7, 177, 2, 1, 1, 1, 12, 89, 1, 2, 9320, 1, 27, 46, inf, 6, 12, 16, 2, 20, 1, 7, 1, 1, 38, 44, 50, 34, 185, 1, 2, 1, 7, 11, 1, 1, 668, inf, 44, inf, 1, 1, 2381, 14, 1, 1, 50, 2027, 38958, 3181, 1, 11, inf, 1, 3, 4, 1, 17, 37, 20, 2, 18, 7819, 1, 46, 59, 1, 2, 8, 1, 1, 2, 1, 8350, 1, 82, 1, 4, 16, 274, 25, 50, 2, 1, 17, 42, 1, 1, 10, 231, 2, 6, 4, 5, inf, 1, 1, 1, inf, 1, 1, 1, 12, 1, 93, 30, 4, 4, 3209, 8, 73, 31, 3, 1, 1, 1, 463, 2, 1, 3, 3, 30, 100, 1, 12, 356, 2, 6, 9, 133, 93, 32, 1, 2, 24, 6, 14, 1, 21, 347, 1, 2, 316, 1, 195, 2243, 4, 2, 2850, 326, 1, 7, 15242, 1, 1, 44, 6, 1, 1, 239, 1, 1, 1, 29, 161, 4, 1, 1, 1, 21, 1, 1, 1, 11237, 1, 31, 1, 36, 1, 1126, 1, 5, 21, 39, 3, 1726, 11, 83, 6, 1, 682, 320, 29, 1, 1, 66, 1, inf, 1, 15, 195, 98, 7, 21, 11, 35, 1024, 2, 271, 6, 13, 1, 8, 2, 154, 4, 44, 2, 155, 100, 2, 2, 5, 1, 3, 15, 1, 4, 45, inf, 3587, 1, 1, 2, inf, 1, 2, 1, 296, 12, 1, 1332, 85, 49, 4, 2, 1, 77, 57, 1, inf, 1, 1, 108, 15, 1, 1, 7, 5, 1, 1, inf, 231, inf, 1, 1, 2, 988, 8085, 1, 367, 96, 87, 1, 1, 1, 31, 60, 114, 1, 1, 1, 3, 4436, 16, 1, 108, 974, 2025, 653, 4759, 23, 50, 6, 1, 1, 2, 99, 27, 3, 387, 4, 3, 64, 8, inf, 1, 4, 29, 8, inf, inf, 5, 1, inf, 58, 2, 4466, 2, 1, 3, 10, 2, 1, 306, 1, inf, 1, 246, 99, 33, 207, 1, 1, 75, 28, 2, 16, 30, 1, 1, 1, 1, inf, 19, 964, 5, inf, 1, 1, 1, 1, 20041, 1, 3, 1, 1, 5, 6, 1, 1, 1, 1, 247, 6, 2, 1, 1, 1, 2, 270, 9, 1, 1, inf, 36, 237, 77, 58, 16, 8, 1, 2, 6, 1, 874, 4, 1, 3, 25, 2, 27, 3, 802, 1, 2, 45, 175, 157, 1, 18, 1, 9, 1, 66, 2607, 25, 1, 1, inf, 769, 252, 1, 1, 4, 1, inf, 16, 41, 11, 8, 6, 12899, 5, 1, 1, 13, 15, 81, 1, 1, 7, 258, 3, 27, 709, 1, 17, 26486, 18, 912, 2, 1, inf, 155, 1, 4, 26, 35, 3, 5, 52, inf, 4, 178, 16, 2, 1, 16, 3, 2111, 1, 88, 10, 4, 3, 15, 231, 38, 3, 58, 1, 9023, 15, 157, 2, inf, 1, 2, 1, 75, 73, 1, 1, 1, 5, 5, 17, 339, 4, 140, 28, inf, 4, 14, 7, 14, 145, 1, 16, 4, 1929, 15, 23, 22, 3, 3, 2, 10, 7, 1, 42, 530, 65, 101, 18, 125, 370, 36, inf, 6, 162, inf, 1, 1, inf, 2, 6, inf, 18, 3, 47, 140, 58548, 1, 71, 9, 29, 2, 471, 1, 54, 72, 1751, 1, 1, 1058, 37, 24, 2, 1, 2, 1, 45, inf, 216, 4, 786, 3, 6, 283, 23, 1, 1, 1, 8, 1, 186, inf, 9, 1007, 271, 7, 7, 2, 1, 49, 9, 8, 85, 1663, 1, 180, 1, 80, 2, 1, 7, 1, 1, 2, 1, 5, 729, 72, 11, 58, 58, 1758, 2031, 3360, 29, 112, 1, 3, 221, 1, 5, 15, 17, 141, 80, 2, 1, 2, 1, 5, 699, 1, 22, 1, 4, 76, 140, 15, 80758, 281, 1, 2, inf, 16, 1, 96, 1, 2540, 22835, 20, 1, 7, 3, 187, 2, 25, 3, 1, 204, 15, 17, 76, 27, 5, 56872, 1, 14361, 50, 841, 79, 1, 105, 1, 5, 1, 64, inf, 4, 1, 1, 31, 1, 1, 1, 2, 10, 1, 3, 25, 5, 26, 160, 1, 1, 1, 270, 7, 705, 8, 1, 15, 203, 2, 9, 1, 4, 122, 1, 1418, 1, 17, 1, 58, 2, 2, 34, 3254, 3280, inf, 960, 1120, inf, 188, 239, 1, 774, 1, 870, 1, 1, 12, 447, 2, 141, 1, 3, 1, inf, 51, 1, 1, 2, 1, inf, 2, 2, 14, 1927, 1, 19, inf, 75, 115, 2, 16, 1, 1, 307, 1, 1, 1, 18, 3, 399, 191, 14, 238, inf, 4, 1, 1, 1, 13, inf, 17, inf, 1, 139, 713, inf, 70, 1, 1, 1, 17, 1, 1, 320, 677, 18, inf, 59, inf, 31, 1, 64, 66, 4, 708, 1, 2, 72, 1, inf, 1, 616, inf, 4, inf, 1, 89, 1, inf, 4, 1, 81, 5008, 4, 17, 53, 12, 7, 12, 3, 2, 2, 1, 1, 135, 11, 1, 7516, 2112, 7, 1, 1, 130, 2, 16, 70, 4931, 2, 6, 1, 1906, 1, 39, 13, 1, 10, 4, 16, 1, 2, 1, 20, 56, 511, 2, 3, 1, 32, 394, 319, 14, 40, 4, 11, 3, 4238, 2, 1, 5, inf, 1, 684, 7, 1, 14, 17, 29, 6, 315, 1610, 1, 1, 58, 26, 17, 1, 4, 323, 7, 1, 50, 4817, 3, 7, 45, 1, 2, 1, 1, 1, 2560, 10669, 2, 3, 80463, 8, 14, 1, 40, 15, 1, 17, 190, 19, 108, 272, 94, 7, 81, 13, 14499, 1, 97, 1, 17, 1, 506, 1, 895, 22, 1, 370, 11435, 4, 46, 2, 5, 28, 47, 17, 4, 2, 178, 4895, 3, 18, 5, 4, 347, 11, 81, 159, 1, 1423, 1, 4, 3706, 2, inf, 17, 1, 205, 7, inf, 163, 9, 4, 44, inf, 10, 1, inf, 1, inf, 132, 4707, 192, 1, 212, 4, 1, 3, inf, 38, 58, 1, 2060, inf, inf, 14, 6, 1, 1, 1, 1, 2, 8, 3, 1, 360, 2, 1, 5, 4, 13, 3, 86, 3, 3903, 23, 7, 3, 18, 1, 4, 11, 1, 184, 24, 1, 10, 2, inf, 2, 38, 18, 29242, 1, 3, 253, 4, 48, 3, 1, 8, 1, 1, 1, 1, 7, 20, 591, 156, 3, 3, 2, 126, 7, 1555, 31, 6, 1, 1, 275, 1, 17, 206, 5, 3, 4, 1402, 12, 1, 35, 151, 74, 48, 1, 25, 1, 8, 2, 1, 5, 7180, 1, 1, 76, 9, inf, 2, 20, inf, 111, 46, 226, 1, 9, 4619, 1, 14, 4, 4, 67, inf, 2, 194, 2, 3, 131, 3, 3, 1, 1, inf, 40, 174, 2, 23, inf, 1, 1, 7, 2186, 56, 10, 65, 15, 1, 625, 11, 1827, 1, 1, 1, 17, 17, 1, 1, 1, 216, 1, 57, 3, 1, 100, 1, 1, 2, 1, 6, inf, 1, 15, 102, 1, 585, 2, 1, 3, inf, inf, 45, 9, 1, 10, inf, 4, 3116, 3, 4, 44, 6, 7, 114, 461, inf, 10895, 1, 3565, 136, 495, inf, 15, inf, 1, inf, 220, 2, 2, inf, inf, 11815, 606, 3, 2, inf, 3, 3, 68, inf, 2, 299, 12, 11, 6, 2, 530, 28, 1, 1, 41, 1, 24, 1, 1, 4, 38, 1, 130, 51, 2, 15, 10, 398, 375, 89, 21, 26, 7, 12, 39, 2, 34, 1, 2, 1, 2, 2, 2, 44, 6, inf, 2, 53, 2, 24, 441, 1, 1, 3, 50, 1, 1, 6, 6, 1, 9688, 495, 124, 1, 1, 71, 156, 13, inf, 48, inf, 2, 7, 210, 21, 1, 3, inf, 4, 3, 5, 6, 96, 721, 6, 40, 1, 374, 1, 3, 1, 8767, 2, 9, 920, 1, inf, 1, 1, 38, 26, 1, 8, 1, 6, 4, 1, 291, 1, 52, 140, 28, 13, 1, 1, 144, 91, 1, 1, 1060, 40, 1, inf, 1, 10, 3, 1, 1, 18, 6004, 100, 3, 110, 2, 1, 1, 1, 6, 21, 104, 118, 1, 1, 2, 1, 1, 3, 1, 212, inf, 1, 2, 7, inf, 376, 6, 105, 18, 90, 9, 731, 75, inf, 17, 1, 39, 1, 1, 1, 51, 106, 9, 4, 1, 2, 3, 1, 369, 532, 53, inf, 23, 10, inf, 2, 6921, 1, 23, 15, 859, 6, 84, 2, 332, 497, 11, 1, 1, 1, 3086, 26, 6, 2, inf, inf, 2, 1, inf, 136, 44, 13, 15, inf, 5, 133, 1, 1, 6, 1592, 137, 24, 131, 381, 5, 1, 1, 1, 1, 4, 52, 1, 153, 1, 114, 13, 1, 66, 3, 8, 6, 37, 1, 1, 1, 391, inf, inf, 84, 1, 1, 14, 6, 2, 49, 4, 62, 74, 1, 7, 1, 1, 17, 228, 2048, 21, inf, 1, inf, 29, 101, 9, 6, 667, 12, 11, 42, 22, 36, 13, 274, 5, 26, 2, 3, 3, 1, 24, 1, 4, 4, 33, 130, inf, 31, 6, 1, 2072, 191, 1265, 2356, 35, 1, 42, 1, 16, 1, inf, 16, 5, 133, 42, 483, 1, 267, 42, inf, 6, inf, 3, 19, inf, 1, 3335, 141, 2, 1, 3, 888, 1, 2, 11, 593, 6, 1, 9, 730, 549, 12, 1, 7, 10, 21, inf, 8, 6, 31, 1, 188, 1, 350, 2, 1, 1, 6, 1, 4357, 3, 1, 1, 1, 2, 1, 3, 6, 31, 31, 1, 364, 4, 1, 299, inf, 2, inf, 21, 2, 69, 165, 7, 264, 4, 2, 7680, 33, 1, 537, 1, inf, 1, 46, 17, 16, 2, 296, 2, 11, 2, 30, 1, 2, 282, 54, 1, 1, 1, 2, 1, 3, 19, 1, 10, 199, inf, 7, 2, 3, inf, 283, 69, 1, 5, 1, 1, 9, 1, inf, inf, 24, 1, 5, 1, 75, 36, 3, 128, 2, 38, 6, 1, 1, 3, 4, 12, 2, 2, 402, 11, 1, 14, 1, 1, 754, 1, 184, 316, 2, 23, inf, 1, 21, inf, 1194, 2, 2, 1, 12, 19, 57, 8, 2, 1, 1459, inf, 5, 50, 5, 52, 1, 1, inf, 20, 11, 1, 7, 18, 1, 2, 3, 3, 1, 747, 1, inf, 1, 21, 6, 48, 2, 1, 1, 4, 1, 1, 337, 195, 55, 1, 4, 1, 1, 48, 72, 1, 1, 3, 9, 1, 1, 13, 1, 150, 3, 52, 600, 1, 2, 3, 1, 10, 4, 21, 40, 1, 562, 76, inf, 1, 1, 1, 768, 23, 1, 144, 91, 2, 30, 32, 890, 3, 1, 4, 17, 4, 122, 21, 2, inf, 9, 2, 465, 5, 1, 1, 43, 2, 21, 1, 1, 8, 5, 28, 3, 1, 2, 1, inf, 37, 14, 2, 2, 52, 66, 8, 1, 1, 1, 345, 2157, 1, 2, 1, 29, 57, 2, 39, inf, 24462, 8, 966, 1, 1, 83, 6, 11790, 6, 74538, 1, 90, 48, 1, 9, 14635, 5, inf, 1, 44, 11, 1, 1, 1, 4, 1, inf, 7, 1, 9, inf, 1, 1, 910, 9, inf, 984, 3, 1, inf, 88, 70, 6, 23, 4, 5, 4203, 4, inf, 1, inf, inf, 106, 6, 9, 598, 9, 1, 13, 48, 2, 11, 1137, 53, 1, 8, 36, 1, 16, 1, 20, 2, 57, 2, 1, 2104, 1, inf, 1, 1, 5, 1, 1, 99, 4, 47, 18, 1, 3, 3, inf, 1, 1, 1, 1007, 151, 1, 3, 156, 4783, 1, 34, 56, 3, 58, 2644, inf, 1, 5, 54, 280, 3305, 1, 3, 5, 10, 1, 1, 2, 1, 4, 247, 3, 7, 1, 3, 204, 1, 17, 5, 3, 1, 3, 1, 282, 1287, 1, inf, 912, 60, 14, 1, 16695, 1, 1, 335, 6, 1, inf, 2, 20, 1, 5, 17, 83, 1, 493, 1, 18, 285, 1, 3, 182, 2, 14, 1, 1, 3, 9, 1, 17, 1, inf, 33, 17651, 2, 1, inf, 1262, 45, 54, 337, 1, 1, 19, 26, 3, 3, 10, 115, inf, 5, 3, 3, 5, 414, 6, 1, 1, 25, 85, inf, 1, 2, 41, 43, 19, inf, 2, 98, 4, 5, 24, 3641, 2, 2, 3, 8, inf, 29, 1, 1, 5, 1, 2, 3239, 4, 12, 1, 21, 1, 7, 114, 1, 44, 3, 7, 95, 5, 1, 362, 19, 1, 4, 5, 10, 1, 71, 809, 3, 8, 1, 2, 14632, 1, 2, inf, 2, 1124, 1, 1, 1, 1, 245, 394, 1, 365, 1, 1, 8, 2, 24, 7, 9, 3, 12, 2, 1, 1, 1, 1829, 155, 1, 3, 636, 1, 1, 438, 1109, 1, 1, inf, inf, 21, 18, 16, 19, 63, 22, inf, 175, 2, 401, 2, 188, 73, 1916, inf, 2, 54, 1, 1, 1, 5, 73, 1, 55, 3, 4, inf, 4, 17, 2, 2, 1, inf, 3, 1, 1, 2, 2, 168, 8, 1, inf, 1, 3, 2, 51, 1, 5, 3, 6, 1, 1, 112, 2, 32, 909, 1, 40, 2, 1, 1, 47, 5, 10, 28, 1, 1, 1, 2, 2, 16, 1, inf, 6, 2, 1, 6, 360, 1, 15, 2, 36, 15, 1, 29, 1, 1, 1, 1, 285, 1, inf, 3, 1, 454, 1, 1009, 17, 41, 150, 12, 120, 4, 1, 1, 522, 2, 10, 1, 4, inf, 8, 2, 2, 5, 6143, 4, 10, 48, 1, 80, 848, 2, 1163, 61, 32, 1, 1, 2, 70, 191, 1, 1, 1, 1, 1, 1, 1, 1, 1, inf, 9298, 14, 9, 7, 1, 3, 5, 1, 187, 1, 45, 1, 3, 1, 1, 122, 7, 9, inf, 5, 1, 1, 1, 33, 1, 21, 524, inf, 22, 9, 829, 378, 1, 1, 1, 1, 49, 1, 1, 48, 1, 2, inf, 3, 3, 4854, 4, 1, 5737, 303, 4224, inf, 4, 1, 1, 30, 1, 1, inf, 1, 1, 72, inf, 77, 4, 6502, 1, 25, 3, 12, 22, 1, 6, 4, inf, 4, 1, 1, 292, 20, 1, 43, 10, 99, 1, 1, 26, 1, 70, 44, 22, 421, 692, 1, 11, 8, 337, 5, 1, 1, 4, 6, 1, 1, 1, 1, inf, 13, 44, 176, 10, 9, 4, 12, inf, 1, 4, 1, 15, 9, 1, 2, inf, 6, 1, 1, inf, 141, 3, 12, 206, 82, 1, 23295, 4, 194, inf, 1, 7, 2, 40, 23, 4, 5, 1714, 98, 80, 26, 12, 4, 63, 13, 4, 30, 8, inf, 23, 1, 15, 2, 1, 122, 2, 2, 3, 3, 1, 3, 2, 3, 1600, 1, 1, 1, 1, 4, 2, 1, inf, 37, 4550, 1, 24, 5, 91, 2, 490, 9, 19, 10, 1, 2, 1, 1, 33, 1, 5, 28, 75, 104, 1, 875, 1, 406, 7, 7, 6, 1, inf, 1, 30, 3, 1, 26, 1, 49, 1765, 2581, 82, 33, 1, 43, inf, 1, 1, 3, 12, 42, 23, 3, 6, 1, 154, 17, 41, 4, 22, 1, 237, 204, 1, 3, 1489, 43, 26907, 115, 2766, 15, 61, 39, 8, 16, 2, 1, 1, 4, 1, 1, 7, 2, 1, 12, 1, 1, 704, 56, 3, 9, 218, 194, 6, inf, 7072, 988, 3, 11, 8, inf, 3, 1, 11, 5, 2, 1, inf, 4, 1, 2, 2515, 47, 11, 5, 33, inf, 1442, 1, 1, 5975, 10, 2, 143, 5, 1, 2, 3, 1, 4640, 1, 26, 1, 26, 1050, 451, 1, 2, 1, 50, 2, 32027, 23, 16, 21, 4, 11, 1, 63, 2, 1, 1, 1, 1, 18, 1, 6, 1, 2, 16, 92, 62, 1, 1, 10, 11, 4, 1, 1, 2, 2, 15, 1, 16, 34, 162, 2, 1, 983, inf, 3, 44, 1, 1, 13, 2, 1168, 26, 185, 63, 2, 752, 2, 2, 1, 9, 1, 4, 1, inf, 3897, 10, 14, 3, 1, 257, 22, 155, 126, 3, 1, 188, 1, 1, 1, 1, 2, 1, 2, 1, 882, 216, 3167, 418, 541, 1, inf, 150, 26, 2, 1, 1, 772, 1921, inf, 968, 8, 72, 20, 1, 4, 102, 3, 1, 171, 1001, 1, 7, 1, 335, 3, 1, 2, 1, 556, 116, 427, 3, 1, 2882, 1, 1, 78, 33, 9, 1, 29518, 11, 139, 1, inf, 1, 696, 28, 3, 4, 14, 1, 51, 1472, 1, 1, 2, 4, 7, 17, 8, 1, 30, 112, 2, 1, 4, 1, 8934, 3, 136, 135, 12, 1, 3, 8, 1, 2, 1, 1, 6, 5, 901, 1, 3, 41, 1, 16, 1, 1, 18, 1, 4, 1, 6, 7, inf, 166, 61746, 24, 1, 23, 3, 1, 400, 29, 1, 1, 1, 2, 7, 9, 1, 47, 1, 1, 11, 31, 400, 5, 34, 1, 274, 1, 2, 1, 1, 1, 60, inf, 865, 2, 7, 184, 9, 4, 7, 20, 2, 1, 997, 1507, 917, 3189, 1, 1, 6, 224, 1, 49, 4, 1, 2, 1, 1095, 2, 119, 5455, 4663, 13, 1, 6, 13, 1, 244, 1, 3279, 61, 1, 60, 1108, 1, 4, 3, 4734, 1, 3, 6269, 340, 92, 1, 295, 2, 3, 1, 14, 1, 1, 1, 71, 582, 3, 2, 13, 1, 10, 586, 1, 1, 1, inf, 1, 95, 324, 1, 5, 215, 2, 1, 1333, 16, 12, 1, 74, 2, 1, 14948, 1, 1, 1, 33, 1, 2, 1, 8, inf, 40, 7, 1, 25, 1, 1, 177, 2, 3, 573, 1, 5, 56, 2, 1, 9, 17, 46, 100, 9, 1630, 2, 18, inf, 416, 7, 1, 1, 1, 3380, 1, 82, inf, 276, 1, 1, 1, 14, 51, 10, 1, 4, 9, 1, inf, 1, 1, 13, 1, 17, inf, inf, 7, 19, 2, 1, 1, inf, 8, 2, 40, 1, 21, 2, 2, 1, 1, 37, 1, 1, 31, 1, inf, 753, 1, 19061, 1, 47, 3, inf, 1, 1, 13, 2, 2, 1, 227, 1, 16, 1, 382, 74, 1, 574, inf, 306, 1057, 2, 1, inf, inf, 3, 1, 8, 8, 2, 14, 9, 115, 1, 1, 5397, inf, 31, 11747, 1, 98, inf, 1, 3, 3906, 452, 12, 1, 3, 1, 2, 3, 1, 174, 19, 34, 1, 7, inf, inf, 2, inf, 823, 92, 1, 3, 1, 1, 2, 5, 4, 3, 1, 3, 446, 3, 216, inf, 3, 1, 314, 1, 2, 5, 2, 2, 7, 23, inf, 16, 2, 2, 1, 1, 1, 15, inf, 1, inf, 1, 2, 4400, 51, 2545, inf, 7, 16, 5, 7, 58, 291, 162, 1, 1, 1, 3, 28, inf, 87, 1, inf, 2, 1, 37, 1, inf, 4, 2, 7, 1, 3, 35, 3, 1, 1620, 22, 1, 40, 6, 1, 3857, 1, 6, 2, 21, 3, 57, 10, 5, 1, 2, 30, 5, 4, 5, 118, 30, 1, 36, 3, 1, 1, 1, 1, 1, 8, 1, 13, 67, 6, 3, 119, 260, 4046, 11, 3, 1, 1, 144, 1, 6, 3, 1, 12, 2, 1, 190, 1, 1, inf, 10, 7, 1, 10157, 2, 7, 1, 6, 1, 3, 1, 2234, 2, 1, 2, 573, 2, 1, 1, inf, inf, 1, 10878, 1, 10, 78, 590, 6, 8, inf, 12, 33, 50, 1, 1, 68, 1, 1, 1, 39, 111, 1, 5, 8467, 7, 1, 1, 1, 17, 2, 2, 3, 1, 3, inf, 9, 1, 1, 1, 3, 33, 2, 148, 19, 1, 1, 1, 259, 1, 1, 9, 1, 6, 1, 25, 4, 204, 5, 4371, 9, 1, 9, 2469, 96, 2, 142, 1, 14, 1, 1, 12, 1, 106, 1, 5, 161, 1, 1, 5, 19, 10, 1, 1, 1, 109, inf, 5, 1, 3, 1, 28, 1, inf, 1000, 6, 66, 1, 1, 1, 1, inf, 1, 1, 1, 1, 2, 3, 628, 1499, 2, 85, 5, 339, 84, 1, 1, 1, inf, 1, 6, 4, 4, 697, 1, 1, 1, 1, inf, 120, 109, inf, 9, 35, 3, inf, 1, 29, 2, 1, inf, 23, 16, 1, 24, 1602, inf, 2, 12, 1, 2, 3594, inf, 2, 1301, 1, 1, 2, 1, 1, 1, 1, 50, 1, inf, inf, 5, 20, 5, 22, 1, 1, 1, 39, 1, 2, 6, 2, 32, 3, 3, 2, inf, 19, 3, 1, inf, 25, 19, 1, 6, 18, 2, 1, 3, inf, 1210, 3, 6, 5, 1, 7, 1, 2, 1, 3, 2, 1, 1, inf, 1, 1, 1, inf, 805, 2, 1, 649, 1, 14, 7, 2, 1, 132, 15, 681, 1, 7817, 7, 69, inf, 1, 1, 2, 2, 2, inf, 1, 1, 1, 190, 2, 5, 2, 33, 4, 17, 18, 31, 493, 1, 1, 33, 1, 12, 2703, inf, 1, 1, 5, 172, 4, 8, 2, 1, 2, 3, inf, 2, 1, 4, 398, 1, inf, 827, 15, 1, inf, 4, 1, 12, 1, 7, inf, 15, 32, 132, 1, 268, 41, 9, 6, 56, 2, 1, inf, 1, 1, 1, 2, inf, 4, inf, 1, 3, 1, 2, 1, 1, 3, 3, 6, 1, 4, 3834, 33, 64, 6, 18369, 1, 8, 7, 2, 2, 1, 1, inf, 8, 28, 1, 208, 40, 405, 57, 607, 249, 3, 67, 21, 16, 1, 1, 2, 2, 33, 728, 1, 2, 2, 9, 32, 1, 4, 1, 5, 5, 102, 39, 1, 147, 2, 38, 4, 5, 8, 5, 19, 2, 147, 179, 1, 1844, 1, 42, 43, inf, inf, 1, 69, 40, 101, 223, 3, 446, 3, 10, 12, 22, 1, 11, 5011, 174, 1, 3, 3, 19, 3, 1, 11, 1, 1, 352, inf, 303, 1, inf, 3026, inf, 16, 2, 1, 1, 88, 52, 9, 9, 28, 5181, 2, 724, 185, 1, 2, 1, 906, 254, 38, 3, 2, 13, inf, 67, 6, 22, 8, 3, 2, 9, 14, inf, 1, 1, 2, 1, 1, 47, 302, 16, 113, 19230, 1, 5, 2, 8, 23, 1, 6, 31, 1, 33, 12, 20, 6, 1, 7440, 3, 1, 1, 1, 1, 1, 1, 1, 2, inf, 23, 10, 2295, 4, 465, 95, 1, 43, 4, inf, 2, 4479, 12, 396, 1, 16, 2, 253, 1, 13, 1, 3, 4, inf, 14, 7, 7, 11, 2, 2, 233, 11, 30, 7, 1, 169, 884, 6, 36, 2835, 1, 2296, 2, 5, 4, 4, 5, 1, 918, 279, 431, 6, inf, 1, 1, 1, 1, 2, 1, 623, 3, 137, 2, 1, 1, 1, 2, 147, 1979, inf, 112, 1, 4, 1, 2, 2, 4, 6, 370, 5, 11, 7, 2, 3, 3098, 3, 11, 1, 2, 2, 3, 3, 3, 1, 51, 1, 6, 70, inf, 7, 44, 2, 2, 19, 361, inf, 1, 105, 26, 710, 2, 3325, 2287, 13, 13, 2, 1, 1, 1, 75, 2728, 3, 1, 1, 7, 2, 1, 72, 4, 1, 3, 105, 1, 285, 1, 372, 2, 1, 26371, 29, 3, 187, 1, 163, 91, inf, 6, 5, 75, 30, 22, 1, 1, 1, 13, 87, inf, 7, 1, 1, 283, 1, 11, inf, 1, 39, 1, 12, 4, 2, 1, 3, 11, inf, 10, 1, 2515, inf, 169, 6, 2, 15496, 1, 1190, 223, 1645, 13155, 16561, 1, inf, 1830, 35, 66, 12, 8, 11, 2, 1, 14, 24, 361, 5, 80, 5, 31, 17474, 313, 44, 63, 146, 16, inf, 1, 1, 7, 4, 14, 1, 31, 14883, 487, 144, 634, 24735, 664, 15, 2, 8, 6, 1, 3, 1, 32254, 2, 1, 44, 2, 5, 1, 28, 1, 349, 106, 1, 5, 1, 69, 3, 6, 3, 1, 13, 30, 1, 5, 9, 17, 10, inf, 1, 701, 1, 70, 1, 1, 25, 2433, 3, 7, 7, 10, 174, 1, 2, 2, 1, inf, 13, 1, 495, 159, 4, 3, 11, inf, 3, 41, 2, 1, 1, 11, 17, 1, 6, 72, 2, 29180, 2753, 1, 337, 3, 1, 4, 1, 69, 2277, 2, 1, 1, 1, 5, 324, 1, 42, 6, 1, 638, 1, 3435, 1, 100, 4, 1, 47, 19, 1, 1, 1, 107, inf, 1, 130, 1, 1, 3, 1, 1, 1, 1, inf, inf, 1, 49, 14, 78, 1, 179, 1, 1, 1, 73212, 1, 49, 1, 3, 4, 618, 59043, 11809, 44, 14, 16, 2, 8, 1, 34, 6, 214, 1, 23, 3, 2, 1, 126, 1, 106, 15, 10199, 1, 1, 1, 1, 135, 2, 529, 32655, inf, 66, inf, 1, 2, inf, 6, 12, 1, 4112, 6, 8, inf, 1, 1, inf, 632, 1, 1, 2, 3, 1, 9, 306, 652, 4, 3, 21, 2, 1, 1, 3, 107, 2296, 2366, 1, 51, inf, 2, 2, 1233, 1, 22, 966, 9, 77, 1, 874, 3, 1, 3, 34, 1, 2, 25, 1, 14, 24, 10, 25, 3, 1206, 11, 11, 1, 21, 22, 3, 162, 2, 7, 1, 94, 1, 20, 1, 20, 56, 4, 2, 1072, 913, 1, 9, 3, 5, inf, 1, 1, 78, 6, 1, 22, 5, 567, 6, 11, 2, 1, 294, 25, 9, 11, 717, 2, 19, 1686, 16, inf, 2, 13, 2, 4, inf, 103, 3, 1, 1, 1, 1, 1, 78, 1, 112, inf, 2, 1, 4, 652, 4, 1, 145, 1, 437, 7, 8, 1, 26, 1, 2, 3, 8, 1, 464, 1, inf, inf, 242, 2, 22, 2, 1, 248, 1, inf, 2, 6023, 9, 3, 8, 443, 11, 1, 3, 1271, 2, 1, 1, 2, 11, 1, 1, 1, 15, 20, 9, 506, 2, 1081, 1, 346, 3, 1, 7, inf, 103, 4, 1, 802, 2, 1, inf, 32, 1, 50965, 1, 1, inf, 25, 1, 1, 4, 2, 37, 3, 7, 1, 1, 78, 71, 1, 1, 1, 5, 9, 36, 3, 1, 1, 1, 1, inf, 1, 2, 1, inf, 3, 1, 1, 1, 11, 7, 25, 3, 3, 10, 1, 42, 56, 7, inf, inf, 4, 1, 1, 15, 38, 4, inf, 1, 1, 1, 2, 38, 848, 88, 5, 1, 2, inf, 1, 2695, 13, 1, 6, 453, 1, 3, 1, 22, 1411, 1975, 129, 9, 1145, 35, inf, 26, 28, 1, 1, 1, 4, 1, 1, 102, 51, 1537, 3, 7804, 3, 42855, 1, 2, 4, 102, 1, 3, 7, 1, 25139, 1, 7690, 36, 43, 42, 1, 21, 1, 2, 15, 203, 6, 1, 1, 4, 12, 1358, 210, 1, 17, 84, 771, 485, 12, 1, 33, 1, 18, 24, 1, 15, 6, 1, 1, 2, 2, 1, 4, 2, 490, 1, 27, 5, 1, 184, 2, inf, 2, 103, 8, 2, 6, 1, 18, inf, 16, 2, 1, 1, 5, 38, 128, 1, 3, 7, 3, 1, 1, 1, 5, 33, 180, 1, 1, 2, 1, 1, 222, 1, 1, 70, 95, 88, 1, 3, 4, 809, 3215, 137, 82, 86, 1436, 1, 1, 1215, 3627, 18, inf, 1, 8, 24, 20, 1, 1, 405, 25971, 289, 3, 1, 15, 1, 2321, 16, 27, inf, 1, 326, 140, 4, 14, inf, 121, 1, 2, 97, 61280, 3, 1, 1, 29, 1, 3, 2, 247, 2, 357, inf, 19, 1, 32, 11, 1, 1, 367, 5, inf, 11, 53, 15, 1, 4, 8, 46, 1, 408, 2, inf, 1, 172, 1, 16, 209, 2, 1, 2, 20, 1, 128, 1, 52, 13, 1, 6, 13, 344, 2, 13, 2, 2, 158, 2, 1, 2, 2, 4, 39, 2, 6, 202, 6, 29, 1, 346, inf, 142, 1, 1, inf, 1, 7320, 3, 1, 3, 1, 81, 369, 1, 2, 1, 36, 5606, 6, 43, 2, 1, 88, 107, 2, 1, 2, 1, 45, 1, 1, 5, 1, 5, 11, 3, 52, 7, 356, 2, 1, inf, 1, 2, 1, 324, 1, 105, 3116, 91, 1, 2, inf, 59, 41, 1, 2, 2, 2579, 1, 14, 24, inf, 2, 51, 3, 4, 4, 1, 1, 1, 32, 15, 1, 1, 7, 2, 1, 46, 15, 3, 2, 1, 27, 8, 6723, 1, 8, 3, 3, 29, 2, 11, 1, 6, inf, 22692, 1, 1, 488, 6, 3, 16, 19, 2, 1, 1, 1, 5, 1, 3180, 11, 1, 1, 1, 1, 107, 1, 15, 1, 3, 12, 1, 15, 7258, 9, 4, 1, 843, 1, 1, 1, 4, 2, 26, 1, 349, 8, 4, 14, 1, 30, 3, 224, 1, 675, 4, 334, 368, 56, 1, 1, 2, 1, 155, 35, 78, 2, 20, 1, 6987, 1, 5286, 2, 80, 11, 1, 1, 22, 4, 1, 1, inf, 1, 1, 1, 32, 1, 19, inf, 1, 1, 555, 7, 6, 13, 1, 2, 1, 32806, 470, 1, inf, 1060, 3, 3, 222, 1, inf, 1, 29, 606, 5, inf, 7, 79, 1, 143, 1, 1, 1, 3, 22, 2, 1, 88, 15, 1, 1, 3, 6, 1, 6, 1, 4, 9, 16, 1, 4, 2, 3, inf, 28, 6, 49, 419, 63, 1, 5, 21, 2, 2, 4, 269, inf, 18, 7, 1, 2, 1071, 9, 1, 3, 127, 2, 12, 1, 212, 11707, 326, 9, 3, 1, 1, 4, 157, 864, 1, 50, 4092, 1, 22, 1, 1, 7, 1, 799, inf, 1, 147, 75, 793, 9, 9, 1, 1, 1, 2, 1, 1, 2, 13, 1, 2326, inf, 189, 5, 1, 50, 307, 57, 44, 19, 2, 11, 92, 18, inf, 25, 7, 21, 1, 4, inf, inf, 176, 756, 2, 1, 9, 2, 1, 1, 8241, 1, 2, 4, 6, 4, 137, 48, 21, 272, 26, 3, 1, 1, 1, 2, 5, 1, 3, 1, 25, 10, 13, 110, 106, 1, 761, 1273, 2, 1, 7, 1, inf, 11, inf, 21, inf, 18, 1, 18, inf, 1634, 1, 1, 1, 340, 5, 6, 1, 1, 9, 3, 1, inf, 1, 1, 1, 561, 27, 1, 367, 1, 18, 136, 1, 29, 47, 13, 1, 1, 11, 3, 1, inf, 5, 1, 1, 35, 457, 1, 1, 37, 43, 8, inf, 1, 456, 42, 1, 1, 4, 1, 8, 6, 460, 2, 1, 7, 1, inf, 1672, 7, inf, 3, 143, 28, 1, 25, 2, 2, 366, 32, inf, 1, 1, 1, 1030, 624, 1, 98, 1, 2, 3, 1, 1, 82, 1, 5, 130, 7, inf, 5, 73, 411, 22, 1, 1, 2, 1, 4, 26, 317, 1, 1, inf, 1, 111, 12, 14, 1, 640, 230, 3, 160, 105, 182, 1, 1, 1, 1, 3, inf, 731, 1, 2, 2, 5, inf, 1, 87, 334, 11, 1, 8, 2, 1, 72, 1, 45, 176, 185, 2, 1, 186, 1, 84, 5, 12, 2, 115, 2, 3, 1, 2, 4, 24, 32, 5, 1, 107, 3, 1, 1, 1, 80, 1, 257, 143, 5, 143, 2, inf, 2, 1, 1, 19, 254, inf, inf, 2111, 2, 199, 1, inf, 594, 24, 11, 1, 1, 43, 293, 5, 1, 121, 1, 2, 2, 19, 1, inf, 1, 1, 1, 1, 4, 2883, 16, 1, 53, 88, 3, 89, 7, 2, inf, 3893, 444, 1, 7, 1192, inf, 40, 22, 1, 26, 1, 7, 421, 75, 843, 24, 1200, 1, 1, 17, 2, 1, 517, 59, 2, 1, 4, 4, 7, 4, 5, 95, 96, 1, 120, 7, 38, 1, 216, 8, 118, 1, 8, 8, 4, 68, 1, 2, 2, 61, 82, inf, inf, 2, 1, 73, 2, 1, 1, 1, 1, 1, 1, 3, 1, 45, 3, 9, 146, 6, 2272, 2, inf, 44004, 32, 11047, 1, 2, 662, 460, inf, 1, 5, 86, 8, 4, 12, 2, 1, 12, 6, 2, inf, 1, 3, 2366, 6, 111, 2, 7, inf, 1, 39, 1, 3, 67, 8, 3764, 1, 62, 14, inf, 1, 205, 1, 1, 3, 132, 8, 46096, 1, 9, 40, 2, 40, inf, 9306, 1, 4, 3, 935, 2, 238, 2, 2072, 22, 1, 1, 1, 47, 17, 1575, inf, inf, 3, 1, 7, 37, 1, 1503, 2, 1, 16, 1897, 64, 18, inf, 12695, 1, 24, 20, 2, 103, 7, 83, 3, 5, inf, 1, 12, 1, inf, 6604, 3, 2, 2, 1, 5, inf, 41, 2, 1, 89, 80, 6, 8, 10, 747, 11, 11, inf, 4, 11, 1, 159, 3, 1, inf, 1, 2, 1, 1, 5108, 73, inf, 1, 1, 107, 4, 1, 1, 108, 2, 1231, 17560, 1, 396, 4, 17, 19, 25, 1, inf, 59, 1, inf, 1, 1, 8, 1, 24, 898, 1, 2, 27, 15, 183, 142, 5, 1, 1790, 1, 7, 1, 1, 21, 76, 32, 1, 1012, 1, 1, 6, 8, 406, 1, 1, 50, 104, 1, inf, 535, 28, 4438, 3442, 26, inf, 1, 4, 1, 34, 6, 146, 8, 182, 3325, 386, 17, 87, 19, 27, 33, 3, 2, 1, 6, 1, 3, 2092, 1, 3, 4, 1, 5, 2, inf, 3, inf, 1, 1, 16, 1, 1, 14, inf, inf, 298, 83, 67, 1952, 4, 1, 3, 1, 60, 64, 51, 203, 1355, 5, 1, 224, 1, inf, 374, 2, 2, 414, 3, 60, 1, 2366, 1, 1, 6, 2, 2, 1, 1, 1, inf, 6, 7, 49, 1, 1, 38, 1, inf, 1, 2, 177, 1, 827, 678, 927, 1, 1, 2, 6, 1, 1, 1, 1, 1, 2, 11, 1, 8, 1407, 41, 1, 1, 14, 2, 49, 246, 3, 14878, 1, 2362, 1, 3, 340, 25, 1, 3, 4, 1, 1, 1, 6, 1, 3, inf, 14, inf, 2, 16, 1, 3, 10, 1, 1, 3, 1, 1, 241, 42, inf, 1, 1, 1, 5, 1, 1, inf, 1, 1, 2, 36, 51, 7, 1, 2, 4, 1, 1, 1, 8, 15, 41, 6, 9, 1, 22, 1, 6044, 31, 8, 13, 1, 206, 2, 1733, 5, 305, 2324, 5, 26, 1, 1, inf, 25, 5, 3, 1, 83, 1, 1, inf, 1, 27, 1, 184, 3, 14, 37, 3, 1, 10, 1, 1, 2, 1, 5, 1, 37, 252, 90, 61, 2, 4, 99, 941, 102, inf, 796, 2, 481, 1, 7, 1, 1, 16, inf, 95, 11, 5, 1, 845, 5, 50, 686, 2, 117, 4, inf, 117, 39, 6134, 10, 82, 5, 1, 1, 143, 44, 2, 1, 247, 83, 1, 6, 4, inf, 4, 2, 204, 1, 37, 3, 223, 20, 3, 392, 95, 2, 1, 528, 19, 9, 1, 3, 348, 21, 1, 1, 9, 7, 1, 7, 1, 362, 978, 1, 558, 12, 1, 1, 1, 141, 2, 6, 1503, 9, 1, 2, 30, 8, 1, 692, 4, 5288, 2, 1, 242, 1, 401, 1, 3, 29, 25, 13, 17, 85, 1, 1, 6, 2, 1, 47, 1, 5, 14105, 23, 1, 1, 2, inf, 1, 377, 327, 1, 1, 1, 1, 1, 28, 6, inf, 1, 2, 1, 1, 4, 19, 58, 3, 14839, 25, 689, 4, 1, 118, 8, 14, 1, 14851, 119, 21, 13, 1, 2, 5, 2, 3, 1, 1007, inf, 6, 6, 235, 63, 8, 4, 1, 482, 1, 17, 9, 1, 8, 785, 1, 9, 437, inf, 50, 7, 16, 1, 6, 8, 33, 5187, 3, 13, 9, 11, 1, 2, 7, 3, 20, 17, 509, inf, 52, 1, 2, 1, 1, 1, 2618, 56475, 1, 1, 1162, 1, 3, 3, 1, 144, 7, 1, 1, inf, 1, 10, 1, 1, 1, 39, 2, 3, 1, 1, 3, 825, 7, 16, 1, inf, 3, 1, 1, 1, 50, 186, 9, inf, 1, 14, 3, 151, 1, 3103, inf, 1, 27, 13, inf, 1487, 7, 2, 5, inf, 623, 17, 2, inf, 29, 2, 5, 1, 1, 917, 3, 2, 144, 26, 1, 49, 241, 4, 9, 1, 1, 3, 4, 7, 42, 4, 418, 2, 1, 1244, 1, 7, 137, 6842, 3, 1, inf, 56, 355, inf, 106, 2342, 7, 1, 15792, 489, 173, 2, 1, 1, 4, 1, 1, 14, 35, 1, inf, 104, 1, 246, 1, inf, 1, 23, 3, 1, 10, 122, 3, 1923, 4695, 13, 3, inf, 5, 1, 1, 46, 1, 3, 1, 1, 1, 44, 1, 1, 7, 11, 2, inf, 1, 3115, inf, 1, 33, 1846, 68, 1, 2, 1, 5, 286, 3, inf, 1, 1, 2, 5, 7, 119, inf, 4, inf, inf, 17, 3, 1, 2, 1, 3, inf, 1, 32, 1, 1, 4, 41, 1, 1, 20, 16, 15, 1, 8, 40, 8282, 5, inf, 8, 3, 4, 6, inf, 21, inf, 2, 35, 1, 1, 123, 2, 129, 3396, 67, 87, 7, inf, 1, 47, 9, inf, 3297, 5, 158, 5, 1, 249, 2206, 31, 2, 6, 1238, 6, 1, 1, 2, 1, 10, 1, 2, 11, 2309, 14603, 1, 114, 1, 1, 5, 1, 1, 247, 72, 47, 2, 3, 2, 84, 20, 1, 40, 18, 1, 28, 7, 2, 10, 1, 94, 71, 1, 932, 1, 189, 1, 9, 10, 6, 9, 648, 1, 142, inf, 23296, 23, 343, 84, 19, 3, 18, 12, 3, 1, 1, 3, 79, 4, 3, 3, 397, 68, 65, 1, 3, 1453, 1, 1, 12, 2, 30, 81, 1, 1, 1, 1, 1, 1, 1, 19, 2, 1, 1, 19, 2, 1, 1, 10, 1, 39, 1, 24, 9, inf, 97, 19, 38, 152, 41321, 1, 31, 39, 237, 3, 71, 1, 22, inf, 1, 2, 14, 1, 2, 2, 45, 3, 1, 396, 23, 1, 1, 11, 8, inf, 454, 35, 1, 1, 76, 11, 2, 4, 1, 13, 13, 1, 8, 1, 1, 1, 21, 1, 8, 1, 6441, 968, 2001, 11533, 15, 1, 5, 3, 61, 42, 1, 5, 12, 1, 6, 87, inf, 28, 2, 488, 1, inf, 1796, 6, 4, 293, 120, 9, 20, 6, 303, 2, 3, 1, 1, 1, 3, 3, 9, 1, 8007, 1, 155, 1, 105, 6, 2, 1, 1, 79, 2, 175, 1, 2, 1, 1, 4, 178, 1, 19, 1, 49, 6, 1, 22, 4, 1, 27, 23, inf, 1, 25, 1, 83, 9, 117, 1, 8335, 1300, 4311, 2, 2, 10, 1, 10, 1, 13, inf, inf, 8, 3, 3874, 8, 69, 2, 10, 12, 27, 22, 2, 3, 1, 1719, 1, 1, 1, 6, 4, 4, 1, 43, 130, 9, 1, 28921, 9, 601, 8, 211, 2, 48, 1, 11, 1, 1, 7, 16, 9, 1, inf, 1, 1, 8, 5, 150, 54, 16, 5, 1, 4, 63, 7, 1, 11, 1, 2, 1, 24, 1, inf, 1, 2, 1, 2, 1, 26, 1, inf, 19, inf, 30, 1, 1, 191, 2, 1, 201, inf, 10, 1, 1, 429, 1, 1, 6351, 1, 11, 1, 2, 1, 1, 63, 69, 1, 89, 7, 1, 3, inf, 757, 447, 18, 2, 877, 15, 5, 1, 4, 136, 2, 2, 47, 3, 1, 5, 1, inf, inf, 33, 1, 1, 2, 352, 4, 1, 21, 48, inf, 81, 1584, 2, 47, 310, 5, 2, 87, 3, 1, inf, 93, 6, 896, 42, 62, 5, 15, 2495, 4, 2, 1, 1, 73, 1, 7, 2, 1, 17, 2, inf, 1, 146, 1, 1, 1, 77, 6, 1, 806, 1, 1, 1, 5, 1, 187, inf, 1, 15, 29, 38, 1, 1, 1, 41, 1, 141, 1, 2, 280, inf, 23, 17, 10, 16, inf, 6, 1, 1, 1, inf, 812, 140, inf, 2, 4, 3, 7, 1, inf, 5, 1, 2, 8, 73, 4008, 16149, 136, 73, 6, 127, 35, 4, 4, 67, 646, 43, inf, inf, 1, inf, 1, 16, inf, inf, 2, 13, inf, 1, 6709, 49, 2, 31, inf, 1, 39, 20, 4, inf, 1, 1, 1, 17, 120, 1354, 11, 5, 8, 70, 813, 1, 1, 1, 2, inf, 5, 1, 1, 14, 1, 1, inf, 1, 1, 1, 2, 2, 2295, inf, 1, 1, 4, 1, 1, 1, 273, 1, 13, 596, 9, 569, 18, 310, 1179, 2, 1, 1, 1, 1, 23, 76, 9, 753, 12, 73, 27, 2, 2, 4, 1, 4, 2, 1, 11, inf, 472, 149, 158, inf, 1, 26, 1, 60650, 1, 9, 2, 4, 7, 1, 2, 31, 1, 4, 2, 3, 1, 24, 5, inf, 2, inf, 111, 17, 25, 2, 1, 1335, 2, 2, 1, 1, 1, 3, 22, 3, 2, 1, 2, 45, 1, 63, 346, 1, 1, inf, 14, 2, 2, 22019, 1, 326, 1, 1, 1, 1, 11, 1, 285, 748, 1, 4, 6, 13, 141, 1, inf, 1, 2, 1, 4, 1, 1, 33, 5, 1, inf, 3, 4290, 1, 2, 10, 1, 7, inf, 2, 2, 3, 70, 5, 2, 16, 1, 1, 1, 125, 6, 1, 55, 26, 2, 12, 4, 5, 2, 1, 1856, 1, 15, 262, 36, 13, 1, 1, 3, 33, 1, 177, 1, 431, 291, 138, 2086, 21, 1, 1, 10, 1, 7, 414, 1, 3, 1, 19, 1, 64, 1434, 79, 64, 1, 7, 73, 2, 1, 1, inf, 53, 1, 1, 153, 43, 1121, 17, 8, 2, inf, 61, 64, 1, 3, 79, 2, 1, 5, 54, 4953, 1, 1, 2, 1, 187, 5, 6, 2, 1, 12, 2, 1, 2, 6374, 1, 1, 4, 1, 17387, 39015, 8, 8, 10, 2, 1, 276, 57, 6, 108, 3, 2, 2, inf, inf, 44, 78, 2, 1, 21, 13, 8, 1, 7, 27, 1, inf, 1, 160, 17, 1264, 16, 2, 553, 8, 1, 1980, 2, 99, 1, 7, 3, 244, 1, 1, inf, 680, 3767, 4, 2, 1, 2, inf, 2, 1, 2, 64, 3, 1, 1, 95, 168, 45, 2, 1, inf, 29, 8, 55, 80, 56, 1, 3, 1, 1, 5, 4, 7241, inf, 2, 2, 9, 1, 19, 26, 99, 7, 2, 33, 1, 2, 231, 7, inf, 1, 304, 17, 1, 1, 1, 3, 53, 1, 17, 2145, 6, 1444, 1, 1, inf, 2199, 1, 22, 39, 28, 13, 1, 3, 2044, 6, 1, 2, 35, 1, 76, 20, 1, 1, 1, 64, 1, inf, 2, 59, 27, 1376, 4079, 28, 25, 148, 1, 4, 1, 4, 2499, 388, 1, 1, 1694, 2314, 3, inf, 1870, 47, inf, 19, 1, 3, 353, 1, 1, 7, inf, 195, inf, 1, 27, 51, 3, 1, 467, 1, 1, inf, 43, 1, 1084, 33, 52, 14, 1, inf, 146, 3, 760, 20, 2, 311, inf, 3, 21, 37465, 466, inf, 1, inf, 6, 1, 3, 1, 34, 1117, 39, 124, 108, 41, 60, 49, 3833, 5, inf, 1, 39, 34, 13, 17, 3, 3, inf, 1, 8, 1, 1, inf, 134, 225, 77, 29, 270, 1250, inf, 3, inf, 1, 2, 1627, 212, 3316, 49, inf, 1, 2, 1, 602, 1, 5051, 1692, 9, 29, inf, 1, 6, 34, 48, inf, 4, 1, 37, 2, 23, 48, 125, 2, 1, 139, 1, 2, inf, 1, 105, 15, 1587, 43, 1, 1, 2, 1, 6, inf, inf, 53, 26, 1, 15, 1, 1, 59, 42, 97, 1, 1, 1, 24, 1532, 1, 1, 15, 2884, 4, 16, 1, 1, 2, 2, 150, 1, 1, 4, 1, 1, 491, inf, 2, 1, 1, 51, 253, 1, 2, 40, 3, 4, 109, 1, 2, 139, 2, 4, 1, 78, 2019, 1, 3, 3, 65, 10, 2, inf, inf, 2, 6, 3733, 274, 1, 22, 1561, 125, inf, 12, 12, inf, 2, 1, 1, inf, inf, 7, 2, 3026, 1, 103, 4, 65, 2, 1, inf, 1, 19, inf, 8, 29, 11, 1, 654, 8, 247, 2, 2661, 1, 8, 3, 60, 7, 65, 1, 2, 11, 65, 14, 1, 19, 2, 340, 18, 59, 2, 670, 2, 1, 23, 138, 1, 5, 1, 7, 236, 2, 141, 5, 21, 8, 5, 13, 1, 2, 51, 61, 1, 7, 1, 1, 3, inf, 2, 1, 1, 6, 2, 9077, 512, 25, 35, 1, 1, 12, 974, 134, 5, inf, 1, 1, 1, 1, 2, 18171, 2, 1, inf, 4, inf, inf, 10, 1, 3, 10, 5, 4, 1, inf, 2, 1, 1, 11, inf, 1, 9, 1, 2, 4142, inf, 17, 12, 2, inf, 30, 1, 2, 1, 27, 1, 17, 22, 1, 1, 1, inf, 1, 63, 18, 4, 7, 2, 6, 1, 26, inf, 2, 1, 1, 1, 1, 1, 2, 1, 1, 25, 37963, 2333, 3, 46, 1257, 2, 4, 9, 78, 1, 7, 1, 118, 11, 1, inf, inf, 2, 1, 1, 17, inf, inf, 42, 1, 2, 9, inf, 44, 50, 1, 1, 13, 2, 36, 1, 2, inf, 9, 1, inf, 3, 2, 43, 1, 1, 12, inf, 399, 30, 21]
2022-08-23 Tuesday 01:01:33:INFO: It completed at: 2022-08-23 01:01:33.513999
2022-08-23 Tuesday 01:01:33:INFO: Completed after: 3 days, 10:17:09.395901
