2022-08-22 Monday 10:19:52:INFO: {'bug_database': 'dataset/mozilla-old/mozilla-old_soft_clean.json', 'database_name': 'mozilla-old', 'epochs': 12, 'lr': 0.001, 'l2': 0.0, 'batch_size': 256, 'ranking_batch_size': 512, 'ranking_n_workers': 2, 'cuda': True, 'cache_folder': 'scratch/temp/', 'pairs_training': 'dataset/mozilla-old/training_split_mozilla-old_pairs_random_1.txt', 'pairs_validation': 'dataset/mozilla-old/validation_mozilla-old_pairs_random_1.txt', 'neg_pair_generator': {'type': 'non_negative', 'training': 'dataset/mozilla-old/training_mozilla-old.txt', 'rate': 1, 'pre_list_file': None, 'k': 0, 'n_tries': 15, 'preselected_length': None, 'random_anchor': True}, 'loss': 'bce', 'margin': 0, 'categorical': {'lexicons': 'dataset/mozilla-old/categorical_lexicons.json', 'bn_last_layer': False, 'emb_size': 20, 'hidden_sizes': [40], 'dropout': 0.0, 'activation': 'relu', 'batch_normalization': False, 'layer_norm': False}, 'compare_aggregation': {'word_embedding': 'word_embedding/mozilla-old/glove_42B_300d_mozilla-old.npy', 'norm_word_embedding': False, 'lexicon': 'word_embedding/mozilla-old/glove_42B_300d_mozilla-old.lxc', 'sent_representation': None, 'tokenizer': 'white_space', 'bow': False, 'frequency': False, 'extractor': {'update_embedding': False, 'filters': ['TransformLowerCaseFilter'], 'hidden_size': 150, 'dropout': 0.0, 'layer_norm': False, 'txt_field_emb_size': 5, 'field_word_combination': 'cat', 'emb_dropout': 0.0, 'scaled_attention': True, 'model': 'linear', 'use_categorical': False, 'bidirectional': True}, 'matching': {'type': 'full', 'scaled_attention': True, 'comparison_hidden_size': 100, 'dropout': 0.0, 'residual': True, 'layer_norm': False, 'attention_hidden_size': 200, 'attention': 'dot_product', 'comparison_func': 'submult+nn'}, 'aggregate': {'model': 'lstm', 'window': [3, 4, 5], 'nfilters': 100, 'hidden_size': 150, 'dropout': 0.0, 'bidirectional': True, 'num_layers': 1, 'self_att_hidden': 50, 'layer_norm': False, 'n_hops': 20}, 'classifier': {'hidden_size': [300], 'output_act': 'sigmoid', 'hadamard_diff_textual': True, 'hadamard_diff_categorical': True, 'textual_hidden_layer': 600, 'categorical_hidden_layer': 40, 'categorical_dropout': 0.0, 'dropout': 0.0, 'only_candidate': False, 'layer_norm': False, 'batch_normalization': False}}, 'random_switch': True, 'recall_estimation_train': None, 'recall_estimation': None, 'sample_size_rr_tr': 0, 'sample_size_rr_val': 0, 'rr_val_epoch': 100, 'rr_train_epoch': 100, 'ranking_result_file': None, 'optimizer': 'adam', 'lr_scheduler': None, 'save': None, 'save_by_epoch': None, 'load': None, 'recall_rate': {'type': 'sun2011', 'dataset': 'dataset/mozilla-old/test_mozilla-old.txt', 'result_file': None, 'group_by_master': True, 'window': 365}, 'pair_test_dataset': None, 'rep': {'model': None, 'input': None, 'training': None, 'rate': 1, 'neg_training': 10000, 'k': 1000}, 'rr_scorer': 'general', 'seed': 415551708}
2022-08-22 Monday 10:19:52:INFO: It started at: 2022-08-22 10:19:52.845644
2022-08-22 Monday 10:19:59:INFO: Turning CUDA on
2022-08-22 Monday 10:19:59:INFO: Using Categorical Information.
2022-08-22 Monday 10:20:00:INFO: Lexicon size: 97938
2022-08-22 Monday 10:20:00:INFO: Word Embedding size: 300
2022-08-22 Monday 10:20:00:INFO: Use white space tokenizer to tokenize summary information
2022-08-22 Monday 10:20:00:INFO: BoW=False and TF=False
2022-08-22 Monday 10:20:00:INFO: Using Summary and Description information.
2022-08-22 Monday 10:20:00:INFO: Using BCE Loss: margin=0
2022-08-22 Monday 10:20:03:INFO: Non Negative Pair Generator
2022-08-22 Monday 10:20:03:INFO: Using the following dataset to generate negative examples: Database: mozillaOld; Order by Date; Master report is the newest oneWe keep nested master reports; Database: mozillaOld; Order by Date; Master report is the newest oneWe keep nested master reports;. Number of bugs in the training: 198653
2022-08-22 Monday 10:20:09:INFO: Training size: 68400
2022-08-22 Monday 10:20:09:INFO: Validation size: 2548
2022-08-22 Monday 10:20:09:INFO: Adam
2022-08-22 Monday 10:20:09:INFO: Scheduler: Constant
2022-08-22 Monday 10:20:09:INFO: Epoch: 1
2022-08-22 Monday 10:20:09:INFO: LR: 0.001
2022-08-22 Monday 10:21:44:INFO: {'type': 'metric', 'label': 'training_loss', 'epoch': 1, 'value': 0.16822176021267796, 'sum': 11506.368398547173, 'num_example': 68400}
2022-08-22 Monday 10:21:44:INFO: {'type': 'metric', 'label': 'training_dist_target', 'value': (0.09853369828204663, 0.10206248702535853), 'epoch': 1}
2022-08-22 Monday 10:21:44:INFO: {'type': 'metric', 'label': 'training_acc', 'epoch': 1, 'value': 0.9319005847953217, 'num_correct': 63742, 'num_example': 68400}
2022-08-22 Monday 10:21:44:INFO: {'type': 'metric', 'label': 'training_precision', 'epoch': 1, 'value': 0.9432008862495422, 'positive': 31435.0, 'total': 33328.0}
2022-08-22 Monday 10:21:44:INFO: {'type': 'metric', 'label': 'training_recall', 'epoch': 1, 'value': 0.919152021408081, 'positive': 31435.0, 'total': 34200.0}
2022-08-22 Monday 10:21:45:INFO: {'type': 'metric', 'label': 'validation_loss', 'epoch': 1, 'value': 0.14496958231205467, 'sum': 369.38249573111534, 'num_example': 2548}
2022-08-22 Monday 10:21:45:INFO: {'type': 'metric', 'label': 'validation_dist_target', 'value': (0.06135075432913644, 0.08591061259738317), 'epoch': 1}
2022-08-22 Monday 10:21:45:INFO: {'type': 'metric', 'label': 'validation_acc', 'epoch': 1, 'value': 0.9446624803767661, 'num_correct': 2407, 'num_example': 2548}
2022-08-22 Monday 10:21:45:INFO: {'type': 'metric', 'label': 'validation_precision', 'epoch': 1, 'value': 0.9550200700759888, 'positive': 1189.0, 'total': 1245.0}
2022-08-22 Monday 10:21:45:INFO: {'type': 'metric', 'label': 'validation_recall', 'epoch': 1, 'value': 0.9332810044288635, 'positive': 1189.0, 'total': 1274.0}
2022-08-22 Monday 10:22:03:INFO: Epoch: 2
2022-08-22 Monday 10:22:03:INFO: LR: 0.001
2022-08-22 Monday 10:23:38:INFO: {'type': 'metric', 'label': 'training_loss', 'epoch': 2, 'value': 0.08634864607052496, 'sum': 5906.2473912239075, 'num_example': 68400}
2022-08-22 Monday 10:23:38:INFO: {'type': 'metric', 'label': 'training_dist_target', 'value': (0.046628315216965144, 0.04655225299429475), 'epoch': 2}
2022-08-22 Monday 10:23:38:INFO: {'type': 'metric', 'label': 'training_acc', 'epoch': 2, 'value': 0.9699269005847954, 'num_correct': 66343, 'num_example': 68400}
2022-08-22 Monday 10:23:38:INFO: {'type': 'metric', 'label': 'training_precision', 'epoch': 2, 'value': 0.9706011414527893, 'positive': 33147.0, 'total': 34151.0}
2022-08-22 Monday 10:23:38:INFO: {'type': 'metric', 'label': 'training_recall', 'epoch': 2, 'value': 0.9692105054855347, 'positive': 33147.0, 'total': 34200.0}
2022-08-22 Monday 10:23:39:INFO: {'type': 'metric', 'label': 'validation_loss', 'epoch': 2, 'value': 0.15376202317665286, 'sum': 391.7856350541115, 'num_example': 2548}
2022-08-22 Monday 10:23:39:INFO: {'type': 'metric', 'label': 'validation_dist_target', 'value': (0.03649468848619206, 0.10848537906185611), 'epoch': 2}
2022-08-22 Monday 10:23:39:INFO: {'type': 'metric', 'label': 'validation_acc', 'epoch': 2, 'value': 0.945054945054945, 'num_correct': 2408, 'num_example': 2548}
2022-08-22 Monday 10:23:39:INFO: {'type': 'metric', 'label': 'validation_precision', 'epoch': 2, 'value': 0.9748743772506714, 'positive': 1164.0, 'total': 1194.0}
2022-08-22 Monday 10:23:39:INFO: {'type': 'metric', 'label': 'validation_recall', 'epoch': 2, 'value': 0.9136577844619751, 'positive': 1164.0, 'total': 1274.0}
2022-08-22 Monday 10:24:00:INFO: Epoch: 3
2022-08-22 Monday 10:24:00:INFO: LR: 0.001
2022-08-22 Monday 10:25:35:INFO: {'type': 'metric', 'label': 'training_loss', 'epoch': 3, 'value': 0.08042414064470091, 'sum': 5501.011220097542, 'num_example': 68400}
2022-08-22 Monday 10:25:35:INFO: {'type': 'metric', 'label': 'training_dist_target', 'value': (0.04382830300177747, 0.04385463287607271), 'epoch': 3}
2022-08-22 Monday 10:25:35:INFO: {'type': 'metric', 'label': 'training_acc', 'epoch': 3, 'value': 0.971812865497076, 'num_correct': 66472, 'num_example': 68400}
2022-08-22 Monday 10:25:35:INFO: {'type': 'metric', 'label': 'training_precision', 'epoch': 3, 'value': 0.9708216786384583, 'positive': 33272.0, 'total': 34272.0}
2022-08-22 Monday 10:25:35:INFO: {'type': 'metric', 'label': 'training_recall', 'epoch': 3, 'value': 0.9728655219078064, 'positive': 33272.0, 'total': 34200.0}
2022-08-22 Monday 10:25:36:INFO: {'type': 'metric', 'label': 'validation_loss', 'epoch': 3, 'value': 0.12576105224562215, 'sum': 320.43916112184525, 'num_example': 2548}
2022-08-22 Monday 10:25:36:INFO: {'type': 'metric', 'label': 'validation_dist_target', 'value': (0.03561963241553194, 0.06714604488534494), 'epoch': 3}
2022-08-22 Monday 10:25:36:INFO: {'type': 'metric', 'label': 'validation_acc', 'epoch': 3, 'value': 0.9583987441130298, 'num_correct': 2442, 'num_example': 2548}
2022-08-22 Monday 10:25:36:INFO: {'type': 'metric', 'label': 'validation_precision', 'epoch': 3, 'value': 0.9732577204704285, 'positive': 1201.0, 'total': 1234.0}
2022-08-22 Monday 10:25:36:INFO: {'type': 'metric', 'label': 'validation_recall', 'epoch': 3, 'value': 0.9427001476287842, 'positive': 1201.0, 'total': 1274.0}
2022-08-22 Monday 10:25:56:INFO: Epoch: 4
2022-08-22 Monday 10:25:56:INFO: LR: 0.001
2022-08-22 Monday 10:27:31:INFO: {'type': 'metric', 'label': 'training_loss', 'epoch': 4, 'value': 0.07145050934532232, 'sum': 4887.214839220047, 'num_example': 68400}
2022-08-22 Monday 10:27:31:INFO: {'type': 'metric', 'label': 'training_dist_target', 'value': (0.03856350598933055, 0.03854316890936846), 'epoch': 4}
2022-08-22 Monday 10:27:31:INFO: {'type': 'metric', 'label': 'training_acc', 'epoch': 4, 'value': 0.9753947368421053, 'num_correct': 66717, 'num_example': 68400}
2022-08-22 Monday 10:27:31:INFO: {'type': 'metric', 'label': 'training_precision', 'epoch': 4, 'value': 0.9721778631210327, 'positive': 33475.0, 'total': 34433.0}
2022-08-22 Monday 10:27:31:INFO: {'type': 'metric', 'label': 'training_recall', 'epoch': 4, 'value': 0.9788011908531189, 'positive': 33475.0, 'total': 34200.0}
2022-08-22 Monday 10:27:32:INFO: {'type': 'metric', 'label': 'validation_loss', 'epoch': 4, 'value': 0.12883744361917115, 'sum': 328.2778063416481, 'num_example': 2548}
2022-08-22 Monday 10:27:32:INFO: {'type': 'metric', 'label': 'validation_dist_target', 'value': (0.04451144172033672, 0.0685614809697988), 'epoch': 4}
2022-08-22 Monday 10:27:32:INFO: {'type': 'metric', 'label': 'validation_acc', 'epoch': 4, 'value': 0.9544740973312402, 'num_correct': 2432, 'num_example': 2548}
2022-08-22 Monday 10:27:32:INFO: {'type': 'metric', 'label': 'validation_precision', 'epoch': 4, 'value': 0.9646869897842407, 'positive': 1202.0, 'total': 1246.0}
2022-08-22 Monday 10:27:32:INFO: {'type': 'metric', 'label': 'validation_recall', 'epoch': 4, 'value': 0.9434850811958313, 'positive': 1202.0, 'total': 1274.0}
2022-08-22 Monday 10:27:54:INFO: Epoch: 5
2022-08-22 Monday 10:27:54:INFO: LR: 0.001
2022-08-22 Monday 10:29:29:INFO: {'type': 'metric', 'label': 'training_loss', 'epoch': 5, 'value': 0.06524522390456228, 'sum': 4462.77331507206, 'num_example': 68400}
2022-08-22 Monday 10:29:29:INFO: {'type': 'metric', 'label': 'training_dist_target', 'value': (0.03543618129620775, 0.03537446962113966), 'epoch': 5}
2022-08-22 Monday 10:29:29:INFO: {'type': 'metric', 'label': 'training_acc', 'epoch': 5, 'value': 0.977266081871345, 'num_correct': 66845, 'num_example': 68400}
2022-08-22 Monday 10:29:29:INFO: {'type': 'metric', 'label': 'training_precision', 'epoch': 5, 'value': 0.9735414385795593, 'positive': 33557.0, 'total': 34469.0}
2022-08-22 Monday 10:29:29:INFO: {'type': 'metric', 'label': 'training_recall', 'epoch': 5, 'value': 0.9811988472938538, 'positive': 33557.0, 'total': 34200.0}
2022-08-22 Monday 10:29:30:INFO: {'type': 'metric', 'label': 'validation_loss', 'epoch': 5, 'value': 0.14159634765500737, 'sum': 360.7874938249588, 'num_example': 2548}
2022-08-22 Monday 10:29:30:INFO: {'type': 'metric', 'label': 'validation_dist_target', 'value': (0.02661055532317708, 0.08490597247328825), 'epoch': 5}
2022-08-22 Monday 10:29:30:INFO: {'type': 'metric', 'label': 'validation_acc', 'epoch': 5, 'value': 0.9525117739403454, 'num_correct': 2427, 'num_example': 2548}
2022-08-22 Monday 10:29:30:INFO: {'type': 'metric', 'label': 'validation_precision', 'epoch': 5, 'value': 0.9768403768539429, 'positive': 1181.0, 'total': 1209.0}
2022-08-22 Monday 10:29:30:INFO: {'type': 'metric', 'label': 'validation_recall', 'epoch': 5, 'value': 0.9270015954971313, 'positive': 1181.0, 'total': 1274.0}
2022-08-22 Monday 10:30:02:INFO: Epoch: 6
2022-08-22 Monday 10:30:02:INFO: LR: 0.001
2022-08-22 Monday 10:31:36:INFO: {'type': 'metric', 'label': 'training_loss', 'epoch': 6, 'value': 0.06567183506854793, 'sum': 4491.953518688679, 'num_example': 68400}
2022-08-22 Monday 10:31:36:INFO: {'type': 'metric', 'label': 'training_dist_target', 'value': (0.03562059438629457, 0.0360408311698869), 'epoch': 6}
2022-08-22 Monday 10:31:36:INFO: {'type': 'metric', 'label': 'training_acc', 'epoch': 6, 'value': 0.9769152046783626, 'num_correct': 66821, 'num_example': 68400}
2022-08-22 Monday 10:31:36:INFO: {'type': 'metric', 'label': 'training_precision', 'epoch': 6, 'value': 0.9731932878494263, 'positive': 33545.0, 'total': 34469.0}
2022-08-22 Monday 10:31:36:INFO: {'type': 'metric', 'label': 'training_recall', 'epoch': 6, 'value': 0.980847954750061, 'positive': 33545.0, 'total': 34200.0}
2022-08-22 Monday 10:31:37:INFO: {'type': 'metric', 'label': 'validation_loss', 'epoch': 6, 'value': 0.14820890425700034, 'sum': 377.63628804683685, 'num_example': 2548}
2022-08-22 Monday 10:31:37:INFO: {'type': 'metric', 'label': 'validation_dist_target', 'value': (0.030928234477619547, 0.07275128139992898), 'epoch': 6}
2022-08-22 Monday 10:31:37:INFO: {'type': 'metric', 'label': 'validation_acc', 'epoch': 6, 'value': 0.957613814756672, 'num_correct': 2440, 'num_example': 2548}
2022-08-22 Monday 10:31:37:INFO: {'type': 'metric', 'label': 'validation_precision', 'epoch': 6, 'value': 0.9732142686843872, 'positive': 1199.0, 'total': 1232.0}
2022-08-22 Monday 10:31:37:INFO: {'type': 'metric', 'label': 'validation_recall', 'epoch': 6, 'value': 0.9411302804946899, 'positive': 1199.0, 'total': 1274.0}
2022-08-22 Monday 10:32:11:INFO: Epoch: 7
2022-08-22 Monday 10:32:11:INFO: LR: 0.001
2022-08-22 Monday 10:33:43:INFO: {'type': 'metric', 'label': 'training_loss', 'epoch': 7, 'value': 0.0698265354396307, 'sum': 4776.13502407074, 'num_example': 68400}
2022-08-22 Monday 10:33:43:INFO: {'type': 'metric', 'label': 'training_dist_target', 'value': (0.03775656511037671, 0.03824895584792422), 'epoch': 7}
2022-08-22 Monday 10:33:43:INFO: {'type': 'metric', 'label': 'training_acc', 'epoch': 7, 'value': 0.9754678362573099, 'num_correct': 66722, 'num_example': 68400}
2022-08-22 Monday 10:33:43:INFO: {'type': 'metric', 'label': 'training_precision', 'epoch': 7, 'value': 0.9694284200668335, 'positive': 33581.0, 'total': 34640.0}
2022-08-22 Monday 10:33:43:INFO: {'type': 'metric', 'label': 'training_recall', 'epoch': 7, 'value': 0.9819005727767944, 'positive': 33581.0, 'total': 34200.0}
2022-08-22 Monday 10:33:44:INFO: {'type': 'metric', 'label': 'validation_loss', 'epoch': 7, 'value': 0.18456938274473747, 'sum': 470.2827872335911, 'num_example': 2548}
2022-08-22 Monday 10:33:44:INFO: {'type': 'metric', 'label': 'validation_dist_target', 'value': (0.020573849580725844, 0.08969973993825388), 'epoch': 7}
2022-08-22 Monday 10:33:44:INFO: {'type': 'metric', 'label': 'validation_acc', 'epoch': 7, 'value': 0.9513343799058085, 'num_correct': 2424, 'num_example': 2548}
2022-08-22 Monday 10:33:44:INFO: {'type': 'metric', 'label': 'validation_precision', 'epoch': 7, 'value': 0.981574535369873, 'positive': 1172.0, 'total': 1194.0}
2022-08-22 Monday 10:33:44:INFO: {'type': 'metric', 'label': 'validation_recall', 'epoch': 7, 'value': 0.9199371933937073, 'positive': 1172.0, 'total': 1274.0}
2022-08-22 Monday 10:35:04:INFO: Epoch: 8
2022-08-22 Monday 10:35:04:INFO: LR: 0.001
2022-08-22 Monday 10:36:37:INFO: {'type': 'metric', 'label': 'training_loss', 'epoch': 8, 'value': 0.09961868446124228, 'sum': 6813.918017148972, 'num_example': 68400}
2022-08-22 Monday 10:36:37:INFO: {'type': 'metric', 'label': 'training_dist_target', 'value': (0.05594221369069266, 0.05601421066194947), 'epoch': 8}
2022-08-22 Monday 10:36:37:INFO: {'type': 'metric', 'label': 'training_acc', 'epoch': 8, 'value': 0.9632309941520468, 'num_correct': 65885, 'num_example': 68400}
2022-08-22 Monday 10:36:37:INFO: {'type': 'metric', 'label': 'training_precision', 'epoch': 8, 'value': 0.9546563625335693, 'positive': 33265.0, 'total': 34845.0}
2022-08-22 Monday 10:36:37:INFO: {'type': 'metric', 'label': 'training_recall', 'epoch': 8, 'value': 0.9726608395576477, 'positive': 33265.0, 'total': 34200.0}
2022-08-22 Monday 10:36:38:INFO: {'type': 'metric', 'label': 'validation_loss', 'epoch': 8, 'value': 0.22088142951111217, 'sum': 562.8058823943138, 'num_example': 2548}
2022-08-22 Monday 10:36:38:INFO: {'type': 'metric', 'label': 'validation_dist_target', 'value': (0.011189166637754515, 0.13899986036531217), 'epoch': 8}
2022-08-22 Monday 10:36:38:INFO: {'type': 'metric', 'label': 'validation_acc', 'epoch': 8, 'value': 0.9383830455259027, 'num_correct': 2391, 'num_example': 2548}
2022-08-22 Monday 10:36:38:INFO: {'type': 'metric', 'label': 'validation_precision', 'epoch': 8, 'value': 0.9912049174308777, 'positive': 1127.0, 'total': 1137.0}
2022-08-22 Monday 10:36:38:INFO: {'type': 'metric', 'label': 'validation_recall', 'epoch': 8, 'value': 0.8846153616905212, 'positive': 1127.0, 'total': 1274.0}
2022-08-22 Monday 10:37:56:INFO: Epoch: 9
2022-08-22 Monday 10:37:56:INFO: LR: 0.001
2022-08-22 Monday 10:39:29:INFO: {'type': 'metric', 'label': 'training_loss', 'epoch': 9, 'value': 0.0838576975203397, 'sum': 5735.866510391235, 'num_example': 68400}
2022-08-22 Monday 10:39:29:INFO: {'type': 'metric', 'label': 'training_dist_target', 'value': (0.047260084843252136, 0.046851677931191625), 'epoch': 9}
2022-08-22 Monday 10:39:29:INFO: {'type': 'metric', 'label': 'training_acc', 'epoch': 9, 'value': 0.9695175438596492, 'num_correct': 66315, 'num_example': 68400}
2022-08-22 Monday 10:39:29:INFO: {'type': 'metric', 'label': 'training_precision', 'epoch': 9, 'value': 0.9601134657859802, 'positive': 33507.0, 'total': 34899.0}
2022-08-22 Monday 10:39:29:INFO: {'type': 'metric', 'label': 'training_recall', 'epoch': 9, 'value': 0.979736864566803, 'positive': 33507.0, 'total': 34200.0}
2022-08-22 Monday 10:39:30:INFO: {'type': 'metric', 'label': 'validation_loss', 'epoch': 9, 'value': 0.2869928447146618, 'sum': 731.2577683329582, 'num_example': 2548}
2022-08-22 Monday 10:39:30:INFO: {'type': 'metric', 'label': 'validation_dist_target', 'value': (0.008843614832385556, 0.1351637226446083), 'epoch': 9}
2022-08-22 Monday 10:39:30:INFO: {'type': 'metric', 'label': 'validation_acc', 'epoch': 9, 'value': 0.9368131868131868, 'num_correct': 2387, 'num_example': 2548}
2022-08-22 Monday 10:39:30:INFO: {'type': 'metric', 'label': 'validation_precision', 'epoch': 9, 'value': 0.9920424222946167, 'positive': 1122.0, 'total': 1131.0}
2022-08-22 Monday 10:39:30:INFO: {'type': 'metric', 'label': 'validation_recall', 'epoch': 9, 'value': 0.8806907534599304, 'positive': 1122.0, 'total': 1274.0}
2022-08-22 Monday 10:42:10:INFO: Epoch: 10
2022-08-22 Monday 10:42:10:INFO: LR: 0.001
2022-08-22 Monday 10:43:44:INFO: {'type': 'metric', 'label': 'training_loss', 'epoch': 10, 'value': 0.11098219579074815, 'sum': 7591.1821920871735, 'num_example': 68400}
2022-08-22 Monday 10:43:44:INFO: {'type': 'metric', 'label': 'training_dist_target', 'value': (0.06318953974902282, 0.06315855657148083), 'epoch': 10}
2022-08-22 Monday 10:43:44:INFO: {'type': 'metric', 'label': 'training_acc', 'epoch': 10, 'value': 0.9582017543859649, 'num_correct': 65541, 'num_example': 68400}
2022-08-22 Monday 10:43:44:INFO: {'type': 'metric', 'label': 'training_precision', 'epoch': 10, 'value': 0.9464148283004761, 'positive': 33222.0, 'total': 35103.0}
2022-08-22 Monday 10:43:44:INFO: {'type': 'metric', 'label': 'training_recall', 'epoch': 10, 'value': 0.9714034795761108, 'positive': 33222.0, 'total': 34200.0}
2022-08-22 Monday 10:43:44:INFO: {'type': 'metric', 'label': 'validation_loss', 'epoch': 10, 'value': 0.32744451975990874, 'sum': 834.3286363482475, 'num_example': 2548}
2022-08-22 Monday 10:43:44:INFO: {'type': 'metric', 'label': 'validation_dist_target', 'value': (0.00751279667604662, 0.1742017991501645), 'epoch': 10}
2022-08-22 Monday 10:43:44:INFO: {'type': 'metric', 'label': 'validation_acc', 'epoch': 10, 'value': 0.9254317111459969, 'num_correct': 2358, 'num_example': 2548}
2022-08-22 Monday 10:43:44:INFO: {'type': 'metric', 'label': 'validation_precision', 'epoch': 10, 'value': 0.9945255517959595, 'positive': 1090.0, 'total': 1096.0}
2022-08-22 Monday 10:43:44:INFO: {'type': 'metric', 'label': 'validation_recall', 'epoch': 10, 'value': 0.8555729985237122, 'positive': 1090.0, 'total': 1274.0}
2022-08-22 Monday 10:46:37:INFO: Epoch: 11
2022-08-22 Monday 10:46:37:INFO: LR: 0.001
2022-08-22 Monday 10:48:10:INFO: {'type': 'metric', 'label': 'training_loss', 'epoch': 11, 'value': 0.10219308059815077, 'sum': 6990.006712913513, 'num_example': 68400}
2022-08-22 Monday 10:48:10:INFO: {'type': 'metric', 'label': 'training_dist_target', 'value': (0.05812494307582142, 0.05767162588953275), 'epoch': 11}
2022-08-22 Monday 10:48:10:INFO: {'type': 'metric', 'label': 'training_acc', 'epoch': 11, 'value': 0.961812865497076, 'num_correct': 65788, 'num_example': 68400}
2022-08-22 Monday 10:48:10:INFO: {'type': 'metric', 'label': 'training_precision', 'epoch': 11, 'value': 0.9495872259140015, 'positive': 33359.0, 'total': 35130.0}
2022-08-22 Monday 10:48:10:INFO: {'type': 'metric', 'label': 'training_recall', 'epoch': 11, 'value': 0.9754093289375305, 'positive': 33359.0, 'total': 34200.0}
2022-08-22 Monday 10:48:11:INFO: {'type': 'metric', 'label': 'validation_loss', 'epoch': 11, 'value': 0.5407790925289435, 'sum': 1377.9051277637482, 'num_example': 2548}
2022-08-22 Monday 10:48:11:INFO: {'type': 'metric', 'label': 'validation_dist_target', 'value': (0.0027250192673464583, 0.2281132013868874), 'epoch': 11}
2022-08-22 Monday 10:48:11:INFO: {'type': 'metric', 'label': 'validation_acc', 'epoch': 11, 'value': 0.902668759811617, 'num_correct': 2300, 'num_example': 2548}
2022-08-22 Monday 10:48:11:INFO: {'type': 'metric', 'label': 'validation_precision', 'epoch': 11, 'value': 0.9970930218696594, 'positive': 1029.0, 'total': 1032.0}
2022-08-22 Monday 10:48:11:INFO: {'type': 'metric', 'label': 'validation_recall', 'epoch': 11, 'value': 0.807692289352417, 'positive': 1029.0, 'total': 1274.0}
2022-08-22 Monday 10:51:22:INFO: Epoch: 12
2022-08-22 Monday 10:51:22:INFO: LR: 0.001
2022-08-22 Monday 10:52:01:INFO: {'type': 'metric', 'label': 'training_loss', 'epoch': 12, 'value': 0.15733214583215682, 'sum': 4402.468104675412, 'num_example': 27982}
2022-08-22 Monday 10:52:01:INFO: {'type': 'metric', 'label': 'training_dist_target', 'value': (0.09375822338755617, 0.09292810577208264), 'epoch': 12}
2022-08-22 Monday 10:52:01:INFO: {'type': 'metric', 'label': 'training_acc', 'epoch': 12, 'value': 0.9366735758702023, 'num_correct': 26210, 'num_example': 27982}
2022-08-22 Monday 10:52:01:INFO: {'type': 'metric', 'label': 'training_precision', 'epoch': 12, 'value': 0.9212576746940613, 'positive': 13361.0, 'total': 14503.0}
2022-08-22 Monday 10:52:01:INFO: {'type': 'metric', 'label': 'training_recall', 'epoch': 12, 'value': 0.9549710750579834, 'positive': 13361.0, 'total': 13991.0}
2022-08-22 Monday 10:52:02:INFO: {'type': 'metric', 'label': 'validation_loss', 'epoch': 12, 'value': 0.5412816959703736, 'sum': 1379.185761332512, 'num_example': 2548}
2022-08-22 Monday 10:52:02:INFO: {'type': 'metric', 'label': 'validation_dist_target', 'value': (0.003074196885154236, 0.24463858522088786), 'epoch': 12}
2022-08-22 Monday 10:52:02:INFO: {'type': 'metric', 'label': 'validation_acc', 'epoch': 12, 'value': 0.8936420722135008, 'num_correct': 2277, 'num_example': 2548}
2022-08-22 Monday 10:52:02:INFO: {'type': 'metric', 'label': 'validation_precision', 'epoch': 12, 'value': 0.9970267415046692, 'positive': 1006.0, 'total': 1009.0}
2022-08-22 Monday 10:52:02:INFO: {'type': 'metric', 'label': 'validation_recall', 'epoch': 12, 'value': 0.7896389365196228, 'positive': 1006.0, 'total': 1274.0}
2022-08-22 Monday 10:52:02:INFO: Calculating recall rate: sun2011
2022-08-22 Monday 13:08:42:INFO: RR calculation - 500 duplicate reports were processed
2022-08-22 Monday 15:19:30:INFO: RR calculation - 1000 duplicate reports were processed
2022-08-22 Monday 17:34:23:INFO: RR calculation - 1500 duplicate reports were processed
2022-08-22 Monday 19:56:30:INFO: RR calculation - 2000 duplicate reports were processed
2022-08-22 Monday 22:14:51:INFO: RR calculation - 2500 duplicate reports were processed
2022-08-23 Tuesday 00:33:59:INFO: RR calculation - 3000 duplicate reports were processed
2022-08-23 Tuesday 02:56:27:INFO: RR calculation - 3500 duplicate reports were processed
2022-08-23 Tuesday 05:12:24:INFO: RR calculation - 4000 duplicate reports were processed
2022-08-23 Tuesday 07:33:11:INFO: RR calculation - 4500 duplicate reports were processed
2022-08-23 Tuesday 09:58:54:INFO: RR calculation - 5000 duplicate reports were processed
2022-08-23 Tuesday 12:21:50:INFO: RR calculation - 5500 duplicate reports were processed
2022-08-23 Tuesday 15:00:24:INFO: RR calculation - 6000 duplicate reports were processed
2022-08-23 Tuesday 17:45:29:INFO: RR calculation - 6500 duplicate reports were processed
2022-08-23 Tuesday 20:36:19:INFO: RR calculation - 7000 duplicate reports were processed
2022-08-23 Tuesday 23:07:44:INFO: RR calculation - 7500 duplicate reports were processed
2022-08-24 Wednesday 01:39:17:INFO: RR calculation - 8000 duplicate reports were processed
2022-08-24 Wednesday 04:14:04:INFO: RR calculation - 8500 duplicate reports were processed
2022-08-24 Wednesday 06:55:43:INFO: RR calculation - 9000 duplicate reports were processed
2022-08-24 Wednesday 09:39:00:INFO: RR calculation - 9500 duplicate reports were processed
2022-08-24 Wednesday 12:15:12:INFO: RR calculation - 10000 duplicate reports were processed
2022-08-24 Wednesday 15:16:39:INFO: RR calculation - 10500 duplicate reports were processed
2022-08-24 Wednesday 18:24:51:INFO: RR calculation - 11000 duplicate reports were processed
2022-08-24 Wednesday 21:34:34:INFO: RR calculation - 11500 duplicate reports were processed
2022-08-25 Thursday 00:37:54:INFO: RR calculation - 12000 duplicate reports were processed
2022-08-25 Thursday 03:38:46:INFO: RR calculation - 12500 duplicate reports were processed
2022-08-25 Thursday 06:31:44:INFO: RR calculation - 13000 duplicate reports were processed
2022-08-25 Thursday 09:27:19:INFO: RR calculation - 13500 duplicate reports were processed
2022-08-25 Thursday 11:26:03:INFO: [] Throughput: 0.05300957178681088 bugs per second (bugs=13848 ,seconds=261235.83974027634)
2022-08-25 Thursday 11:26:03:INFO: {'type': 'metric', 'label': 'recall_rate', 'k': 1, 'rate': 0.27794627383015597, 'hit': 3849, 'total': 13848, 'epoch': 0}
2022-08-25 Thursday 11:26:03:INFO: {'type': 'metric', 'label': 'recall_rate', 'k': 2, 'rate': 0.3673454650491046, 'hit': 5087, 'total': 13848, 'epoch': 0}
2022-08-25 Thursday 11:26:03:INFO: {'type': 'metric', 'label': 'recall_rate', 'k': 3, 'rate': 0.41197284806470247, 'hit': 5705, 'total': 13848, 'epoch': 0}
2022-08-25 Thursday 11:26:03:INFO: {'type': 'metric', 'label': 'recall_rate', 'k': 4, 'rate': 0.44742923165800114, 'hit': 6196, 'total': 13848, 'epoch': 0}
2022-08-25 Thursday 11:26:03:INFO: {'type': 'metric', 'label': 'recall_rate', 'k': 5, 'rate': 0.47147602541883304, 'hit': 6529, 'total': 13848, 'epoch': 0}
2022-08-25 Thursday 11:26:03:INFO: {'type': 'metric', 'label': 'recall_rate', 'k': 6, 'rate': 0.49371750433275563, 'hit': 6837, 'total': 13848, 'epoch': 0}
2022-08-25 Thursday 11:26:03:INFO: {'type': 'metric', 'label': 'recall_rate', 'k': 7, 'rate': 0.5111207394569613, 'hit': 7078, 'total': 13848, 'epoch': 0}
2022-08-25 Thursday 11:26:03:INFO: {'type': 'metric', 'label': 'recall_rate', 'k': 8, 'rate': 0.5262853841709995, 'hit': 7288, 'total': 13848, 'epoch': 0}
2022-08-25 Thursday 11:26:03:INFO: {'type': 'metric', 'label': 'recall_rate', 'k': 9, 'rate': 0.53841709994223, 'hit': 7456, 'total': 13848, 'epoch': 0}
2022-08-25 Thursday 11:26:03:INFO: {'type': 'metric', 'label': 'recall_rate', 'k': 10, 'rate': 0.5498989023685731, 'hit': 7615, 'total': 13848, 'epoch': 0}
2022-08-25 Thursday 11:26:03:INFO: {'type': 'metric', 'label': 'recall_rate', 'k': 11, 'rate': 0.5580589254766031, 'hit': 7728, 'total': 13848, 'epoch': 0}
2022-08-25 Thursday 11:26:03:INFO: {'type': 'metric', 'label': 'recall_rate', 'k': 12, 'rate': 0.5662911611785095, 'hit': 7842, 'total': 13848, 'epoch': 0}
2022-08-25 Thursday 11:26:03:INFO: {'type': 'metric', 'label': 'recall_rate', 'k': 13, 'rate': 0.5742345465049105, 'hit': 7952, 'total': 13848, 'epoch': 0}
2022-08-25 Thursday 11:26:03:INFO: {'type': 'metric', 'label': 'recall_rate', 'k': 14, 'rate': 0.5825389948006933, 'hit': 8067, 'total': 13848, 'epoch': 0}
2022-08-25 Thursday 11:26:03:INFO: {'type': 'metric', 'label': 'recall_rate', 'k': 15, 'rate': 0.589110340843443, 'hit': 8158, 'total': 13848, 'epoch': 0}
2022-08-25 Thursday 11:26:03:INFO: {'type': 'metric', 'label': 'recall_rate', 'k': 16, 'rate': 0.5961871750433275, 'hit': 8256, 'total': 13848, 'epoch': 0}
2022-08-25 Thursday 11:26:03:INFO: {'type': 'metric', 'label': 'recall_rate', 'k': 17, 'rate': 0.6013864818024264, 'hit': 8328, 'total': 13848, 'epoch': 0}
2022-08-25 Thursday 11:26:03:INFO: {'type': 'metric', 'label': 'recall_rate', 'k': 18, 'rate': 0.6070912767186597, 'hit': 8407, 'total': 13848, 'epoch': 0}
2022-08-25 Thursday 11:26:03:INFO: {'type': 'metric', 'label': 'recall_rate', 'k': 19, 'rate': 0.6126516464471404, 'hit': 8484, 'total': 13848, 'epoch': 0}
2022-08-25 Thursday 11:26:03:INFO: {'type': 'metric', 'label': 'recall_rate', 'k': 20, 'rate': 0.6189341421143848, 'hit': 8571, 'total': 13848, 'epoch': 0}
2022-08-25 Thursday 11:26:03:INFO: {'type': 'metric', 'label': 'MAP', 'value': 0.3707640492396719, 'sum': 5134.340553870976, 'total': 13848, 'epoch': 0}
2022-08-25 Thursday 11:26:03:INFO: [2, 8, 122, 13, 2, 6, 78, 43, 3, 20079, 2, 13, 29, 1, 146, 124, 1, 2, 8600, 1, 2, 1, 1, 48, 6, 1, 7, 1, inf, 428, 21, 3, 1, 3, 1, 1, 1, 1, 10, 32, 1, 16, 53, 183, 3, 49, 1189, 1, 377, 1, 1, inf, 381, 5, 2, 105, 6, 204, 1, 2, 2, 4, 8, 589, 15, inf, 1, 59, 46, 1, inf, 5, 1, 1, inf, 2, 1, 48, 3134, 447, 3, inf, inf, 27, 1, 7, 16, 838, 364, inf, 14, 1, 1, 3, 49, 164, 1, 88, 2, 79, 730, 4, inf, 33, 2, 1, inf, 66, inf, 1, 1, 158, 19, inf, 2, 1, 29, 5, 1, 32, 15, 151, 1100, 25, 20, 1295, 11431, 1, 1, 1004, 9, 5, 1, 3730, 8, 92, 2, 3, inf, 3, 12, 1222, 1, 1516, 52, 79, 4, 1, 6, 1378, 18, 804, 8, 1, 1194, 6, 21, 1, 1055, 1, 1, 238, 7, 1, 285, 3, 7, 24, 1855, 11, 1, 10, 81, 9, 144, 2, 12, 2, 242, 50, 81, inf, 8, 1, 1, 269, 9, 1345, 9, 2, 318, 2, 150, 3, 2, 4, 5, 34, 1, 1, 3, inf, 1, 490, 2, 1, 1, 1, 1, 1, 1, 478, 16, 18, 2097, 1, 8, 2, 27355, 78, 56, 1, inf, 29, 2, 52, 1, 1, 88, 45, 285, 2, 25, 13, 5, 52, 28, 1, 36, 6, 2, 29, 140, 1, 1, 1, 1956, 1, 1, 3, 1, 1, 1, 57, 70, 4, 2, 17, 4, inf, 52, 1, 5, 4, 628, 1, 11, 5, 3, inf, 4, 3, 766, 4, 789, 5, 140, 1, 4, 2, 5, 1948, 997, 65, 15, inf, 3, 1, 1, 7, 1, 2, 35, 1, 28, 17, 2, 22, 1, 2, 5, 1, inf, 1, 23, 2, 8, 8, 30, 3, 177, 10, 2, 128, 10, 9, inf, 5, 16, 5056, 1, inf, 7, 31, 31, 1054, 1, 1, 484, 40, 9, 1, 1, 7, 2, 2, 4, 39156, 13, 15, 1, inf, 8, 133, 1, 10, 173, 1, 7, 1, 2, 2, inf, 10, 1, 26525, 1, 3, 52, 365, inf, 5530, 1, 32446, 4929, 1, 93, 354, 1, 3, 2, 64, 1, 7, 46, 1, 3, 17, 4, 2359, 1, 1, 1, 3240, 224, 28, 910, 253, 7, 1, 1, 1, 341, 1, inf, inf, 189, 3, 228, 45, 58, 174, 560, 1, 1, 1, 18, 1, 194, 65, 37, 2, 1, 265, 7, 1, 45, 1, 63, 1, 2, 1, 1, 1, 51, 65, 28926, 95, 188, 552, 1, 1874, 53, 3, 4, 2, 2, 14, 30, 1, 346, 62, 46, 1, 1, inf, 52, 2, 6, 1, 14, 7442, 24368, inf, 5, 9, 383, 6, 34, 627, 926, 19, 455, 1, 1, 1, 14, 3, 5, 15, 2, 6515, 5, 1, 1, 21, 1, inf, 1, 200, 57, 1, 569, 173, 12, 300, 4873, inf, 12, 1, 2, 1, 1, 1, 1, inf, 12, 18, 2, 2, 1, inf, 85, 1, 96, 3339, 5, 1, 15, 1, 1, 22, 1, 2, 163, 1, 5, 2, 622, 3, 1, 1, 1505, 48, 11, inf, 1, 1, 3, 1, 1, 1956, 148, inf, 2, 28, 20, 1, 1, 5, 3, 2, 6, 3, 2, 4, 1, 30, 132, 35, 13, 79, 5, inf, 25, 82, 1, 7350, 1, 2, 5, 1, 53, 1, 1, 112, 6, 8, 5, 121, 2, 4, 164, 1, 1, 49, 103, 410, 178, 187, 8, 2, 1, 25, 32, 137, 8, 1, inf, inf, 141, 1, 1, 23, 1, 3, 7, 1, 63, 1709, 1, 1, inf, inf, 4, 144, 1, 1, 1, 7, 68, 63, 14, 1, 1, 1, 9583, 17, 4, 32, 41, inf, 37, 1, 12, 52, 2, 46, 9, 24, inf, 8, 21, 23, 62, inf, 1, 10641, inf, 5693, 1, 1, inf, 73, 1, 1, 5, inf, 2, 1, 6, 225, 43, 15, 941, 4124, 3, 1, 11, 150, 6, inf, 23, 564, 1, 35, 4, 142, 112, 1, 2, 9, inf, 2, 1, 47, 7, 1, 18, 2, 59286, 1, 3, 24, 1, 381, 48, 1, 59, 1, 1, 12, inf, 13, 2, 1, 2, 55, 1, 11, 1, 1, 35, 8, 15, 1, 80, 1, 1, 21, 79, 97, 18, 37, 144, 1, 58, 28, 43, 6, inf, 76, 47, 25, 1, 21, 1, 6, 6, 1, 623, 13, 1136, 5, 60, 104, 1, 1, 7, 19, 58, 2, 4, 3, 2, 12, 40, 1, 132, inf, inf, 50, 20, inf, 185, 111, 97, 1, 18285, 229, 1, 1, inf, inf, 15, 6, 6, 2, 1, 1, 4, 260, 4, 196, 319, 18, 799, 15, 22, inf, 1, 8, 388, 8, 1, 270, 163, 136, 202, inf, 44, 354, 16, 15, 22, 2, 27, 3305, 10, 3, 164, 1, 12, inf, 1, 25, 703, 288, 5, 1, inf, 17, 3, 15, 551, 6, 123, 1, 5, inf, 1256, 49, 1, 2, 149, 3, 1, 7, 1675, 9, 7, 17, 10, 37, 4, 7, 1, 31, 684, inf, 63, 8, 69, 2, 5, 214, 192, 2, 284, inf, 18, 73, 1, 46, 2, 1, 1, 22, 53, 1, 1, 1, 104, inf, 86, 453, 1, 2, 1, inf, 1, 11, 21, 1, 10, 3, 1, 12, 719, 6, 1, 6, 1, inf, 111, 1, 651, 137, 7, 11, 1, 2, 1306, 9, 13836, 289, 7, 60, inf, 1, 426, 7, 45, 4, 27, 1, 10041, 3, 2, 13, 2, 3834, 1, 1, 5, 1, 1, 4, 20, 9, 42, 1, 98, 50, 1347, 2, 39, 3, 1, 5, 11, 163, 5, 1, 1, 770, 1322, 27, 1, 230, 1, 35, 1, 63, 14, 1, 5, 1, 34, 1, 4, 91, 2, 115, 4, 3, 13, 1, 8, 2, 3, 1, 22, 5, 40, 2, 1045, 1, inf, inf, 1090, 3, inf, 1, 612, 284, 1, 50, 5, 90, 2, inf, 1, 1, 48, 1697, 35, 229, inf, 7, 1, 1, 8, 14, 1, 10, 30, 1, 14, 2, 17, inf, 73, 3, inf, 120, 44, inf, 2, 1, 200, inf, 192, 1, 38, 640, 1, 3, inf, 2, 19, 26, 20, 1, 1, 8, 2, 42, 1, 7616, 22, 1, 1, 161, 3, 1, 6, 110, 4338, 1, 2, 38, 1, 1, 694, 5, 326, 1, 43, inf, 1, 99, 1, 1692, 1, 1, 1, 1, 2, 1, 2, 1044, 2, 58, 1, 4, inf, 18, 1, 94, 2, 7, 2022, 26, 32, 767, 12, 1, 1, 1, 1, 1, 1, 6, 5, 2, 1, 399, 5, 9, 1, 40, 1, 21, 1, 3, 1, 1, 1, 2, 119, 57, 1, 2, 40, 2, 225, 473, 167, 1, 16, 21, 6, 176, inf, 1687, 2, 3, 3, 6, 1, 1311, 8, 23, 168, 9, 4, 1, 1, 1, 2, 93, 2, 72, 1, 36, 6, 1435, 864, 9, 812, 1, 27, 7, 41, 4, 639, 1, 6, 1, 7, 1, 2, 9, 1, 22, 2, 4, 96, 1, 14, 63, 104, 1, 1, 5, 1, 473, inf, 1, 1, 1, 1238, 3, 1, 1, 381, 32, 1, 6, 5, 116, 20648, 214, 1, 1, 36, inf, 12, 4, 1, 1, 1, 6, 196, 1, 2, 159, 13, 2, 5, 105, 1, 1, 1, 1, 1, 7, 2, 57, 25, 5893, inf, 93, 461, 379, 20, 1, 1, 202, 1, 1, inf, 1, 19, 1, 1, 382, 1, 263, 113, 2, 412, 2, inf, 6, 9, 4, 1, 2, 2, 17, 1, 202, 4, 3, 1399, 6, 74, 313, 1, 1, 4, 1, 8223, 5, 10, 1, 1, 2, 1, inf, 130, 15, 19, inf, inf, 1, 16, 1, 17108, 30, 7, 1, 1, 1, 13, 2, 1, 24, 12, 2, 239, 29, 61, 2, 1, 1, 108, 331, 109, 10, 7, 1, 1, 1, 1, 1, 58, 2, inf, 1, 142, 1414, 5, 7, 27, 1, 1, 2137, 62, 12, 4, 1, 1, 1, 18, 5, 4, 3, 8709, 8, 4, 1, 2, 29, 1, 121, 1, 6, 27248, 19, 5, 1, 2854, 4, 1, 25, 1, 12, 2, 1, 1, 4, 36, 5, 1, 1, 12, 38, 25, 1, 1, 22865, 76, 11162, 28, 1, 331, inf, 143, 1, 18, 2, 10, 36, 7, 4, inf, 1, 3, 15, 1, inf, 3, 1, 1, inf, 1, 173, inf, 49, 227, 6, 9, 1, 3, 1, 37, 1, 6, 8, 1, 20, 1, 11, inf, 2, 2, 13, 1864, 2, 119, 19, inf, 1, 3, 90, 1, 173, 1, inf, 1, 12, 122, 4, 1, 4, 11, 22, 1, 5, 1, 1, 1, 383, 1, 1, 1, 161, 1, 2, 13, inf, 1, 2, 452, 43, 1, 42, 6, 2, 1, inf, 1, 3, 1, 2, 1, 1, 1, 64, 1, 3, 2, 475, 1, 67, 1, 2, 33, 22, 20, 139, 1, 1, 1, 1, 294, 32, 108, 33, 2, 7, 1, 17, 1, 1, 5, 1, 1, 3, 4, 1, 1, 1, 69, 96, 47, 2, 1, 2, 1, 30, 1, 1, 8, inf, 1, 1, 1, 22, 4, 4, 114, inf, 1, 44, 1, 6, 2, 1, 246, 18, 1, 1, 1, 1, 4, 9, 180, 58, 4, 106, 9, 5868, 7, 1, 6, 568, 1, 1, 16, 1, 6, 4, 23, 70, 4, 1, 7, 1, 1, 2, 230, 2, 109, 23, 447, 7, 24, 6, 4, 1, 7, 5, 9, 3, 334, 1, 2, 4, 1, 3, 1, 1, 3, 2, 21, 73, 11, 2, 1, 12, 8, 42, 6, 55, 3, 1, 2, 10, 1, 1, 1, 20, 2, 2, 16, 1123, 81, 8, inf, 1, 3, 1, 4, 8, 316, 23, 3, 1, 1, 2, inf, 5643, 24, 330, 4, 7, 1, inf, 21, 5, 1, 93, 1577, 8, 1, 87, 8, 11, 5, 3, 65, 64, 35, 5, 1, inf, 1, 15, 3, 13, 5, 1, 65, 4, 1, 8, inf, 19, 2, 80, 1, 8, 47, 31, 2, 1, 4, 2, 21, 6, 8, 10, 2, 1, 3182, 80, 1547, 44, 7, 2, 9, 4, 47, 1, 58964, 9, 4, 6, 57, 33, 15, 22, inf, 1, 178, 49, 3, 10, 468, 1, 7, 1, 1, inf, 1561, 3286, 2, 1, 17, 1, 3, 2, 10, 850, 13495, 173, inf, 1, 67, 2, 2, 2, 3, 17, 90, 5, 190, 13, 71, 1, 12, 55, 114, 3, 1, 20, 1, 1, 3, 482, 1, 38, 11384, 1, 2, 3107, 68, 133, 12, 20, 1, 16, 1, 842, 10, 1, 63, 517, inf, 1, 1, 3, inf, 1, 1, 1, 1, 10, 2, 13, 1, 55, 6, 197, 163, 1, 39, 21, 7, 23, 1, 2, 160, 92, 7, 1, 30, 1, 5, 61, 11, 47, 264, 15, 68, 1, 13, 1, 44, 3, 2, 29, 21, 1, 3, 25, 1, 1, 166, 2, inf, 1, 2, inf, 2, 1, 1, 1, 1, 50, inf, 1, 2, 164, 4776, 1, 79, inf, inf, 44, 2094, 3, 1, 6, 110, 12, 13, 19, 13, 1, 257, 390, 14, 1, 32, 2, 82, 44, 1, 1, 6476, 1, 4, 18, 1, 2, 1163, 1, 7243, inf, 8, 18, 19, 522, 11622, 10, 3, 312, 1, 1, 53, 5, 2, 1, 457, 162, 10, 93, 13, 9, inf, 1, 136, 1, 5, 10, 20, 1, 24, 101, 1386, 2179, 6, 140, 36, 5, 45, 3, 1164, 2, 38, 4, inf, 1, 14, 43, 1, 385, 3, 2, 2, 598, 215, 10, 3, 2, 5, 1, 1, 1, 16, inf, 1, 27, 8, 3, 1, 3, inf, 10, 1, 1, 9, 7, 28, 14, 1, 5, 1, 184, 1, 2, 96, 59, 2, 1, 1, 1, 1, 1, 1, 2, 13, 1, 1, 10, 10, 20, inf, 1, 13, 1, 16, 18, 78, 1, 113, 312, 36, 29, 16, 8, 3, 9, 1, 1, 2, 1, 1, 1, 1, 1, 5, 1, inf, 227, 1535, 4, 77, 2, 74, 46, 184, 1, 5, 11, 1, inf, 1, 1, 30, 65, 2, 117, 234, 352, 79, 3, 3, 58, 6, 10, 1, 1, 243, 2, 4, 2, inf, 249, 2, 1, 1, 1, 1, 1, 1, 17, 47, 1, 1, 1, 13, 38, 35, 3, 3, 84, 27, 1, 4, 1, 4, 476, 1, 945, 325, 1, 1, 30, inf, 1, inf, 65, 5, 1005, 1362, 9, 8, inf, 3, 86, 120, 1, 31320, 1, 7, 4, 1, 14, inf, 79, 128, 3, 2, 440, 19, 5, 1, 1, 4, 20, 6, 1, 5, 10, 1, 9, 145, 2, 2, 24, 414, 1, 2, 7, 2, 145, 7, 10, 1, 1, 17, 14, 424, 5, 3, inf, 2, 15, 911, 1, 41, 1261, 10, 11, 108, 1065, 15, 61, 2, 48, inf, 1, 1, 13, 2, 93, 446, 43, 22, 120, 9, 3, 8, 5, 3, 8540, 1, 276, 1, 31, 2, 16, 1, 375, 1, 61, 91, 3, 2, 1, 140, 41, 2417, 1, 47, 9, 21, 176, 1, inf, 8, 3, 12, 2, inf, 40, 9, 127, 48, inf, 7238, 24, 17, 40, inf, 2, 2584, 1, 20, 1, 21, 39, 39, 24, 1, 2802, 1, 9, 315, 1, 7, 1, 2, 102, 27524, 41, 92, 1, inf, 14, 2, 161, 4, 2, 56, 1, 535, 1, 1834, 23, 4, 4, 2, 63, 2, 1, 2, 47, 5, 5, 1, 1, 3, 719, 17, inf, 40, 1, 61, 2, 1, 1, 1, 196, 200, 1, 1, 2, 6, 1, inf, 1, 4, 13, 1, 893, 28154, 9, 8, 942, 1, 72, 519, 2, 9, 2, 8, 31, 4523, 20, 37, 1, 2222, 1, 17, 1, 2, 2, 1, 1, 5, 1, 259, 1, inf, 26, 4, 1140, 3, 7, 20, 60519, 3, inf, 3, 13, 1, 1, inf, 132, 2, 1, 2, 3, inf, inf, 1, 373, 46, 43, 13081, inf, inf, 78, 1, 33, 5, inf, 4, 5260, 23, 39, 1, 4, 1, 147, 6207, 7, 28, 1, 22359, 5124, 324, 1, 18, 29, 4, 19, 37, 1, 2, inf, 2, inf, 1, 2, 371, 5, 1, 1, 85, 6, 1, 28, 1, 44, 18, 217, 23, 2, 1, 3663, inf, 1, 10, 4, 7, 1, 3, 1, 1, 2, 1, 1, 1, 1, 703, 5218, 64, 3, 2, inf, 10, 31, 34, 1, 902, 31, 1, 66, 23, 1, 967, 151, 1, 1, 1, 1, 2, 1, 1, 1, 1, 1, 1, 1, 2, 1, 1, 1, 1, 1, 1, 1, 1, 725, 35, 1240, 1, 1, 6, 20, 12, 30, 5, 37, 2, 11, 14, 326, 75, inf, 3, 2, 33, 2, 47, 1, 6, 30, 141, 1, 3, 1, 24, 51, 1, 107, 1, 1, 1, 1, 30, 1, 2, 1, 2, 1, 1, 2, 2, 1, 3, 1, 1, 1, 9, 1, 5, 1, 1, 1, 1, 1, 1, 1, 1, 90625, 1, 1, 1, 1, 1, 1, 1, 1, 1, 1, 1, 1, 1, 1, 1, 1, 1, 1, 1, 1, 1, 26, 1, 1, 258, 1, 1, 1, 950, 1, 19, 16268, 2, 6, 9, 1, 886, 37, 59, 2, 23427, 154, 117, 22, 2061, 1, 375, 16, 37, 10, 216, 25, 1, 1, 1, inf, 1, 1, 311, 66, 6, 728, 7, 11, 1022, 28, 18, 3, 1, 4, 11, 1, 14, 6, 30, 2, 1, inf, 1, 8, 1, inf, 30, 6, 182, 32, 1, 735, 264, 4, 12, 411, 4, 1, 3, 1, 3, 1, 225, 4, 4, 407, 40, 3, 1, 650, 188, 4, 1, 9, 44, 6, 1, 24, 16, 71, 26, 14, 305, 41, 1, 3, 1, 1, 54, 1, 3078, 190, 1, 52, inf, 1, 70, inf, 1, inf, 1, 16, 6, 223, 1, 142, 87, inf, 3309, 1, 2, 1, 3, 14, 7, 43, 3545, 1, 6, 3, 7136, 52, 1, 19, 3, 9, 2, 7, 4, 1, 621, 150, 1384, 67, 1, 2, 112, 2, 21, 136, 70, 47, 3, 133, 118, 38, 1, inf, 29, 3928, 1, 1, 31948, 1, 2, inf, 31, 26, 3, 1371, 6, 1, inf, 86, 1, 31, 150, 6, 11, 166, 29, 1, 330, 117, 1, 31, 15, 4, 2, 1262, 106, 6, 9, 1, 1, 10, 9, inf, 6, 8, 1, 149, 42, 6, 2, 15, 2, 1, 52, 26, 12525, 37, 42, 15, 49, 9, inf, 65, 1, 9, 1, 7, 1189, 13, 983, 28123, 1, 1, 7, 5, 1, 1, 1, 507, 2, 761, 26, 25, 1, 2, 33, 2, 41, 1, 5468, 49, 57, 1, 3, 71, 10, 34, 322, 826, 1, 2, 1, 1, 1, 1783, 5360, 3, 1, 19, 1, 1, 2, 1, 4, 48, 3655, 323, 1, 2, 12, 7, 143, 8, 1, 65, inf, 1, 2, 7, 21, 6, 3, 51, 1, 104, 6, 315, 17, 20, 1, 4, inf, 3, 1, 116, 1, 28, 27, 1, 39, 1, 42, 1, inf, 446, 10, 34, 40, 3, 42, 51, 1, 15, 10, 6, 201, 1, 43, 5, 1, 3, 4, 122, 3, 1, 5174, 4, 1, 1, 48, inf, 1, 1, 133, 25, 616, 884, 9, 1, 2, 1, 20, 3, 54, 687, 1, 41, 38, 1, 1, 1, 1, 3, 1, 1, 2, 2, 1, 1, 1840, 8, 29826, 1, 5, 1, 1, 3, 10, 1, 628, 2, 640, 171, 2, 647, 39, 4944, 2666, 2, 11, 65, 8, 302, 330, 563, inf, 10, inf, 1, 2, 1, 143, 1, 282, 208, 1351, 184, inf, 181, 40, 4, 10, 1, 2, 1, 22, 20, 173, 12, inf, 198, 2, 3, 4, 19750, inf, 4, 14, 1, 4, 8, inf, 2, 4, 2, inf, 92, 1, 1, 142, 6, 55, 5, 1, 10, 2, 1, 4, 31, 10, 12, 1, inf, 1, 1, 1124, 20, 1, 2, 1, 1427, 25, 15, 3, 5, 15833, 1, 40, 9, 5, 4, 2, inf, 66, 86, 1, 3, 50, 1, 14, 3, 4, 1, 20, 2, 1, 20, 5, 28, 3, inf, 304, 4, 47, 1, 10, 7, 74, 1, 79, 596, 2, 63, 19, 5, 10, 120, 607, 1, 1, 1, 1, 20, 1, 18, 48, 48, 629, 181, 8, 1, 984, 181, 90, 1, 2, 6, 1, 5, 1, 51, 2, 1130, 1, 5, 2, 1277, 362, 47, inf, 6853, 1, 627, 244, 1, 421, 12891, 68, 15, 99, 1, 2, 26, 1, 39, 1, 2, 2, 4, 87, 134, 3, 1, 122, 1, 1, 3, 1, 2, 1, 7, 1, 5, 1, 3, 292, 9, 110, 2, 1941, 20, 49, 248, 1, 17, 257, 1, 10, 1, 2, 1, 8, inf, 184, 262, 10, 2, 1, 14, 72, 19, 1, 1, 85, 1, 2, 7, 10, 2315, 1176, 2, 1, 2, 525, 198, 24, inf, 7, 1, 20, 5, 2, 112, 16, 9, 1, 184, 4, 156, 17, 1, 1, 2, 8, 70, 3, 32, 253, 641, 1, 2, 1, 3, 2, 1, 3, 2, 63, 1, 3, 1, 1, 1, 26, 275, 1, 22807, 1, 21, 121, 1, 268, 373, 39, 821, 92, 171, 54136, 20, 3, 6, 346, 3470, 1, 712, 3, 61, 4, 3, 1684, 6, 2, 288, 2, 373, 1, 6505, 65, 58, 1, 32, 1, 112, 7, 11, 4, 64, 1, 54, inf, 9, 495, 1, 1, 7, inf, 182, 25, 61, 14, 1, 1, 46, 3, 1, 1, 80, 2, 44, 56, 295, 163, 1, 526, 37, 140, 8, 1, 27, 1, 1, 43, 2, 92, 1, 363, 1, 2, 122, 3, 1, 1, 37, 26, 60, 4, 2, 1, 1, 16, 1, 1, 382, 104, 12, inf, 110, 4625, 12, 4, 2, 1, 1, 1, 1, 10, 77, 3, 1, 1, 1, 3, 7944, 6533, 3, 1, 24, 10, 6, 300, 61, 1, 2, 1, 76, 296, 1, 89, 3, 344, 36, 1, 22, 8, 65, 8, 7, 79, 3, 2, 17, 280, 3, 14, 1180, 2, 1, 1, 1, 1, 2, inf, 361, 159, 734, 1, 3, 116, 1, 4, 64, 1, 3, 7, 1, 9, 10, 106, 1, 3, 75, 3, 1, 70, 1, 32, 24, 1, 1, 1, 2, 3, 19, 39, 1, 109, 1, 1, 101, 51, 6, 3704, 10, 2, 1, 382, 79, inf, 395, 4, inf, 2, 31, 2, 35, 119, 3, inf, 81, inf, 151, 1, 3599, 7, 14, 1, 247, 3, 13, 5, 13, inf, 2, 43, 33, 209, 3, 122, inf, 1, 1, 1, 1210, 3137, inf, inf, 4, 347, 7, 71, 25, 1, 73, 7, 5, 1196, 2, 10, 3, 7, inf, 17, 7, 5429, 1, 334, 430, 2, 272, 367, 718, 59, 13, 16, 1, 1, 1, 2, 22, 219, 821, 1, 11, 6, 2, 582, 258, 2, 1, 2, 197, 583, 1, inf, 1, 1, 2, 1, 1, inf, 2, 7, 1, 9, 20, inf, inf, 2, 1, 6, 730, 3, 6, 1, 3, 67, inf, 5, 1, 16, inf, 8, 41, 210, 1, 327, 6, 972, 95, 1, 7, 3, 11, 2, 1, 158, 1, 42, 6, 420, 1, 8, 1, 1, 2, 1, inf, 142, 1, 7, 4, 76, 153, 16, 1, 1, 1, 1, 8, 12, 2, 18, 1, 1, 9, 3, inf, 4, 1, 215, inf, 1, 115, 20, 17, 9868, 152, inf, 500, 32, 1, 27, 9, 1, 5, 3, 2, 2, 2, inf, 1, 1, 18, 35, 2, 1, 2, inf, 21093, 1, 131, 7, 1, 4, 82, 201, 5, 1, 6, 3, 1, 80, 500, 154, 3, 134, 98, 43, 1, 5, 1, inf, 1, 20, 1, 33, 59, 3, 5, 418, 2, 1, 244, 2, 3, 1, 11, 250, 6, 1, 6, 1, 1, 25, inf, 10, 1, inf, 1, 15, 39, 62, 157, 20, 1, 52, 1, 1, 2, 4, inf, 2, 25, inf, 2, 1, 251, 3, 5731, 2, 26, 1, 499, 10, 1, inf, 5, 14, 61, 3, 8, 1, 2, 9037, inf, 1, 86, 38, 30, 2, 2, 2, 2, 2, 4, 20, 2, 33, inf, inf, 4, 12, 47, 4, 1, 3, 2, 3, inf, 2824, 149, 309, 4, 2, 1, 12, inf, 24, 6, 174, 1, 1, 1, 2, 10, 1374, 2, 9992, 31, 4, 4, 94, 47, 44, 14, 1, 354, 208, 160, 15, 2, 39, 1, inf, 1, 5, inf, 148, 6, 2, 27, 3849, 35, 4, 1, 58, 1, 156, 51, 1, 8, 5, 21502, 48, 930, 69, 5, 2, 2, 806, 526, inf, 528, 194, 81, 11, 1215, 21, 1, 5, 3, 1, 2, 119, 358, 6, 8, 427, 386, 94, inf, 16, 17, 57, 50, 11, 2, 61, inf, 19, 4, 16, 3, 1, 238, inf, 2, 3, 4, 5, 1, 127, 1, 2, 12, 26, 1, 22, 24, 1, 79, 13, 2, 1, 1, 83, 1, 1, 1, 4, 3, 1, 1, 21842, 1, 4, 2, 7, 3007, 1, 161, 5, 1, 69, 36, 5, inf, 214, inf, 2, 1, 35, 353, 22, inf, 3, 616, 255, 1, 13, 579, 1, 1, 169, 7, 1, 2478, 1, 8, 2, 2, inf, 115, 1, inf, 25, 177, 2, 5, 1, 1, inf, 12, 4, 3, inf, 86, 4, 53, 4, inf, 1, 1, 1, 1, 1, 12, 34, 1, 1340, 11, 1, 2, 3, 1, 1, 2, 2, 1, 8, 4, 1, 21, 18, 105, 157, 1, 1126, 1, 19, 255, 29, 1, 6, 461, 2, 2, 18, 62, 1, 1, inf, 1, 1, 493, inf, 12, 13, 2, 1, 155, 2, 1778, 1, inf, 639, 45, 16888, 11661, 29, 161, inf, 2, inf, 10, 36, 1, 5944, 1, 5, 2, 1, 66, inf, 8471, 1, 34, 1, 1, 1, 356, 697, 1, 1, 35, 107, 1, 20, 7, inf, 11, 6, 1, 4, 2, 2, 1, 76, 2, 5, 21, 1, 1, 1, 1, 2, 12, 1, 1, 47, 1, 360, 1, 4, 1, 1, 2, 1690, 2, 6, 1049, 1, 2, 122, 62, 1, 1, inf, 5, 1, 10, 1, 1, 51, 46, 2, 2, 2, 7, 45, 13143, 2, 1, 2, 2, 35, 2, inf, inf, 3, 2, 1, inf, 16, 8, 1, inf, 21, 1, 1, 1202, 3, 3, inf, 22, 1, 36, 1, 8, 1, 9, 1, 1, 1, 2, 1, 4, 1, inf, 17, 1, 11, 1, 488, 8, 1, 408, 4, 1, 1, 2, 69, 5, 94, 1, 54, 159, 1890, 85, 1, 71, 2, 24, inf, 52, 135, 16, 1431, 6, 39, 21, 1, inf, 1, 1, 26, 1, 53, 1, 10, 176, 1, 76, 1, 1, 1, 2, 1, 71, inf, 1, 1, 6626, 73019, 31, 594, 21, inf, 95, 1, 3, 1, 1, 2, 1, inf, 276, 1, 1, 6, 1, inf, 1, 49, 84, 21, 59, 124, 107, 1, 38384, 6, 877, 18, 59, 350, 40, 4, inf, 1358, 366, 1805, 8, 24, 1210, 72, inf, 12, 5, 2, 11, 1, 18, 2, 2, 1, 22, 33, 98, 1, 227, 18, 8, 2, 1, 20, 22, 2, 3, 2, 269, 7, 1, 1, 4, 1, 44, 2, 3, 60, 1, 5, 7, 3, 1, 50, 1, 8, inf, 1, 10, 1, 2, 79, 41, 117, 18, 39, 1, 52, 6, 470, 2191, 1, 1, 4, 11, 1, 2, 162, 3, inf, 23, 1, 1, inf, 3, 3, 12, 29, 2, 1, 1, 2, 4, 32, 5, 1, 1, 1, inf, 7, 2, 433, 3, 1, 1, 2, 1, 1, 181, 1, 2, 35, 1, 1, 72, 1, 1, 3, 16, 11, 8, 777, 42, 35, 243, 184, 5, 3, 1, 2, 138, 20, 15, 8, 4, 385, 1, 6, 2, 1, 1, 2, 2, 1, 2, 1, 1, inf, 2, 1, 1, 101, inf, 50, inf, inf, 26, 11, 1, inf, 1, 5, 451, 22, 1, 4, 3, inf, 1, 89, 7, 1, 1, 95, 36, 419, 7, 29, 2, 38, 10, 1, 41, 1651, 4, 1, 2, 4, 224, 4, 2, 4045, 52, 1, 56, 236, 2, inf, 11, 2, inf, 2, 4, 1, 4, 1, 52, 1, 130, 1, 1, 9, 14, 1, 1, 2, 1, 32, 7, 3, 2, 1, 1, 3, 4, 1, inf, 1, 23, 6, 1, 12, inf, 6, 1, 25194, 2, 1, 1, 1, 2, 1, 1, 1, 1, 6, 1, inf, 3116, 188, 1, 3, 1, 21, inf, 2, 1, 35718, 2, 1026, 25, 188, 1, 4137, 1, 198, 2, 1, 1015, 4, 10, 3, 1487, 2264, 1, 1, 1, 2, 1, 1, 1, 1, 1, 1, 1, 1, 1, 1, 1, 1, 1, 1, 1, 1, 1, inf, 1, 4, 975, 154, 1353, 2, 2, 3, 25997, inf, 1, 66, inf, 129, 12, 9, 24, 2, 697, 201, 41, 7, 33, 1, 187, 4, 4, 6, 1, 55, 56, 2, 25, 109, 2, 1, 26, 101, 1, 108, 82, 58, 397, 20, 1, 1, 1, 4821, 68, 2, 2, 1, 1, 5, 1, 2, 12, 1, 1, 1, 1, 1, 3, 7187, 6, 1, 2, 1, 1, 1, 1, 14, 9, 1, 16, 2, 163, 2, 5, 1, 27510, 14, 16, 1, 1465, 3, 80, 431, inf, 1, 2, 2, 23, 2, 12082, 20, 377, 19, 6, 1, 160, 22, 28, 113, 108, 1, 1, 1, 1, 2016, inf, 2, 6, 77, 1, 1, 5, 2, 1, inf, 64, 10, 3, 26, 1, 3, 1, 1, 1, 1, 2, 3, 1, 2, 1, 223, 29, 1, 3, 1, 1, 1, 124, 136, 8, 37, 1, 1, 230, 2, 1, 1, 43, 3, 318, 68, 1, 9, 122, 1, 1275, 3, 1, 16, 1, 61, inf, 12, 1, 9, inf, 1, 1, 1, 42, 84, 503, 14, 1, 2, 4, inf, 20, 71, 3, inf, 1, inf, 2, 5, 8, 3646, 1, 2, 2, 4, 11, 70, 10, 19, 1, 2, 37, 4, 1, inf, 1, 109, 30, 311, 1, 11, 2, 1, 1, 4, 4, 1, 2, 1, 9, inf, 1, inf, 83, 1, 6, 1479, 2, 25, 1, inf, 1, 1, 20, 58, 4, 13, 63, 1, 709, 1, 9861, 2, 2, 2, 6, 15, inf, 8, inf, 2, 16, 175, 37, 14, 25, 1, 9, 19474, 1, 1, 316, inf, 318, 10, 1, 20, 1, 1, 9, 5, 3, 1, 11, 245, 1895, 833, 46, 2, 257, 1, 1, 1, 140, 9, 3, 60, 2, 112, 554, 69, 10, 6, 1, 2, 1, 308, 1, 3, 3, 4, 8, 2, 4, 1, 14, 1, 6, 1, 1, 6, 1, 12, 1, 58, 3, 102, 2, 5, 2, 1, 2, 1, 1, inf, inf, 71, 3, 1, 219, 1, 1, 2, 60, 9, 277, 1, 19, 3, 1, 1, inf, 2, 23, inf, 1, 499, 2412, 36, 93, 595, 15, 179, 855, 1, 56, 25, 344, 153, 8, 16, 3, 1, 25, 1, 198, 59, inf, 182, 1, 3, 4, 49, 4, 2, 21, 1, 8, 2, 3, 9, 13, 29, 1, 26, 120, 72, 2, 159, 4, 9, 854, 3, 1528, 1, inf, inf, 1, 80, 1, 2, 14, 1, 62, inf, 393, 61, 398, 1, 34, 102, 5, 1, 88, 22, 2, 76, 24, 243, 1, 1, 127, inf, inf, 1, 27, 7, 4, 2, 178, 424, 53, 2, 29, 7, 2, 8, 12, 1, 2, 8, 407, 1, 2, 6, 4456, 283, 11, 9, 1140, 1, 1, 8, 2, 50, 6, inf, 36, 7, 42, 1, 14, 1, 146, 6, 24, 11, 13, 2, 1, inf, 31, 96, inf, 2, 169, 14, 1, 1, 56, 2, 46, 1, 50, 1, 150, 7, 21, 280, 12, 15, inf, 27, 3, 2, 1, 1, 1, 307, 1, inf, 1, 140, 1, 2, 7, 1, 60, inf, 1, 3, 392, 20, 52, 9, 1624, 264, 22, 3, 4, 1, 5, 2, 5, 704, 5, 36, 726, 6, 3, inf, 126, 18, 42, 18, 190, 2, 1, 2, 8, 1, 16, 56, 87, 2, 44, 131, 2, 11, 3, 1, 2, inf, 2, 2133, 1, 11, 9, 1, 29, 88, inf, 1, 32, 27, inf, 1, inf, 3, 4, 4, 2, 28, 1, 3, 13800, 60, 43, 3, 630, 6, 6, 10, inf, 1, 2447, 212, 178, 600, 2, 1, 80, 11, 1, 1330, 2658, 4, 4928, 53, 14, 18, 2, 53, 3, 7, 3, 6, 5, 20, 1, inf, 55, 1, 36, 650, 5, 668, 19, 4049, 155, 1, 779, 6, 1, 1, 17, inf, 4, 135, 1, 8, 14, 1, 3, 165, 3, 15, 4, 42, 797, 3, inf, inf, 3, 1, 2, 3, 6, 1, 1, 117, 33, 32, 1, 6018, 8, 10, 10, 4, 1, 2, 266, 98, 1, 1, 1, 1, 27, 155, 1, inf, 1, 7, 58, 1858, inf, 2, 4, 23, 1, 2, 1, 1, 1, inf, 1, 1, 355, 14, 2, 778, 6, 158, 4, 3, 1, 58, 1, 1, 19, inf, inf, inf, inf, 1, 2, 1, 1, 3, 1, 57, 9, 145, 1, inf, 3, inf, 6, 17, 6, 1, 11, 2, 10, 1, 1, inf, 8, 27, 886, 1, inf, 60, 1, 13830, 183, inf, 11, 7, inf, 5368, 33, 4, 28, 2, 4, 10, 51, 1, inf, 8, 292, 1, 56, 3, 3, 1, 2, 1, 1, 2, 1, 5, 8, 1, 3, 1, 8, 3, 2191, 54, 2, 1, 356, 65, 2, 1, 2, 71, 2, 1, 5, 292, 8, 1, 121, 5, 7, 6, 58, 2, inf, 1, 1, 7, 2, 264, 1, 2860, 1, 20, 3, 7190, 35, 44, 112, 1, 3, 70, 4, 1, 719, 5, 10899, 1, 290, inf, 9, inf, inf, inf, 43, inf, 1, 1, 1, 80, 2, 21, inf, 1, 7, 2, 1, 66, 119, 11, 177, 3, 29, 6, 2, 19, 5, 1, 1, 1, 6, 33, 4, 6, 604, 24, 1104, 1927, 1, 33, 22, inf, 3, 2, 217, 194, 60, 200, 1, 4, 49, 1174, 6, 11, 1, 61, 2, 146, 114, 1, 1, 1, 7, 1, 10987, 1, inf, 12, 2, 17, 2, 24, inf, 1, 7440, inf, inf, 1, 8, 2, 509, 172, 2052, 2, 13, 2, 2, 1, 18, 1, 2, 11, 2, 1, inf, 3, 123, 1, 336, 1612, 16, 26, 1, 17, 2, 11, 13, 11, 2, 8, 3, 8, 4, 7, 72979, 2, 29, 43, 9, 34, 4, 3, 4, 3, 4, 1, 117, 51, 9, 1, 30, 6, 24, 43, 8, inf, 278, 1, 58, 1, 1, 1, 83, 16, inf, 29, 3, 1, 14, 27, 1, 3, 703, 37, 508, 2, 1697, 6, 258, 1, 1, inf, 24, 2, 32, 12, 66, 1, 1, 37384, 97, 476, 5, 1, 182, 2, 1, 1, 1, 1, 1, 1, 17, 1, 1, 1037, 113, 13, 1, 146, 1, 90, 7, 2, 1, 2, 3, 3, 1, 100, 2, 20, 2, 1, 1, 5, 1, 6, 1, 2, 1, 13, 3, 3, 84, 17, 1, 8, 1, 1, 1, 23, 33, 1, 1, 2, inf, 2, 4, 1, 1081, 1, 1, 1, 34, inf, 72, 1, 1, 43, 15, 8, 1, 1, 73, 1, 510, inf, 55, 2, 26, 3, 89, 9, 2553, 52, 1, 5, 2, 6, 281, 1, 18, 12, 669, 2, 1, inf, 3, 10, 735, 2, 5, 4, 25523, 1, inf, 53, 831, 1, 20, 441, 1, 12, 1, 1, 1, 24, 2, 1, 2, 5, 1, 13, inf, 2, 26, 3, 2, 1, 1, 1, 34, 1, 1, 20, 1, 2, 12, 1, 87, 540, 2, inf, 217, 1, 7, 7422, inf, 11, 2, 5, 5219, 10, 198, inf, 1, 4, 4, 1, 2, 1, 13, 2, 1, 1, 719, inf, 2, 24, 1, 1, 1, 1, 1, 1, 1, 1, 1, 1, 1, 1, 1, 1, 1, 1, 1, 1, 1, 1, 1, 2, 1, 1, 1, 1, 1, 1, 1, 1, 1, 1, 1, 1, 1, 1, 1, 83, 4, 1, 53, 3, 1, 471, 16, 1, 6, 2, 1122, 1, 19, 2, 1, 1, 51, 1, 56, 3717, 1584, 5, 1, 330, 1039, 233, 24, 425, 2, 107, 6, 4, 49, 1, 1, 33278, 1, 1, inf, 117, 379, 175, inf, 3, 1, 17, 58, 25, 28, 5, 1, 3, 16978, 6, 2, 2, 5544, 679, 4, 14, 8, 18, 5, 1, 10, 1, 11, 1, 63, 1, 1, 1, 1, 5, 1, 8, 7, 1, 1, 826, 9188, inf, 1, 1, 8, inf, 3, 1, 898, 271, 7, 7, 1, 1, 56, 6, 106, 102, 1704, 35, 1, 1, 1, 2, 35, 5, 1, 4, 4, 2, 1, inf, 143, inf, 15, 1, 3, 1, 8, 31, inf, 40, 11, 64, 1, 9, inf, 1, 1, 5, 14, 7, 41, 13, 12, 1, 7, 72, 1, 1, 162, 1, 1346, 12, 2, 1, 21, 21, 2, 3, 2, 1, 88, 564, 34, 149, 2, 2, 1, 1, 2, 13, 1, 3, 1, 13, 471, 1, 1392, 14, 1, 1, 97, 7, 2, 18, inf, 1, 1, 1, 12, 1, 1, 9, 29, 9, 1, 6, 62, 306, 257, 32, 11272, 1, inf, 1, 1, 102, 1, 3, 2, 1, 4, 1, 2, 72, 96, 115, 25, 8, inf, 163, 3118, 1, 4, 7, 1509, 1, 8, 146, 10840, 1, 3, 3, 4, 753, 35, 5, 1, 8, 72, 19, 4, 308, 2, 753, 23, 4, 36, 1, 13, 798, 13, 81, 349, 3, 1, 12, 870, 3, 1, 3678, 25, 65, 1, 1, 6, 77390, 8, 1, 2, 1, 55, 2, 1, 1, 4, 17, 1, 1, 2, 3, 1, 4, 36, 1, 24, 18, 164, 1, 4, 61, 4, 13, 51, 564, 5, 1, 3, 6, 1, 1, 6049, 1, 3, 106, 1, 1, 1, 4, 1, 7, 40, 104, 1, 11, 1, inf, 14, 2974, 5, 1, 97, 1, 1, 637, inf, inf, 133, inf, 2, 1, 37, 302, 23, 5, 1, inf, 14, 85, 1, 212, 40, 76, 6812, 12, 1, 101, 1, 1, inf, 2, 153, inf, 196, 11, 33, 165, 19, 6, 2, 3, inf, 41, 45, 5, 6, 112, 16, 868, 104, 2, 876, 143, 9, 1, 8, 6, 22, 10, 1, 1, 1, 205, 1, 52, 4, 1, 4, 52, 2, 6, 1, 3, 9, 6, 4, 2, 13, 2, inf, 26, 1, 398, 1, 1, 1, 86, inf, 1, inf, 1, 5, 2, 2, 1, 1, 1, 3, 5, 1, 3, 5, 3, 41, 5422, 1, inf, inf, inf, 1, 2, 1548, 1, 9, 5, 6, inf, 7, 1, 3, inf, inf, 3, 5, 1894, 1, 1, 2, 4, 1, 19, 449, 16, 5, 9684, 34, 1, 25, 555, 45, 20, 1, 1, 1, 2, 16, 67, 4, 3, 27, 1, 6, 17, 10, 9, 1, 1, inf, 1, inf, 7, 24993, 4701, 1, 33, 46, 2, 938, 3, 1083, 42, 1, inf, 4, 1, 220, 13, 6, 1, 1, 5, 1, 559, 2205, 45, 305, 9, inf, 16, 1, 119, 2, 1, inf, 547, 1, 34720, 30, 7412, 550, 3, 1, 23, 1, 17, inf, 258, 1, 27, 2, 375, 22, inf, 11, inf, 42, 383, 51, 30, 128, 8, 1, 1, 6, 2, 519, 63, 7, 22, 726, 1, 1, 6, 23, 1, 4, 77, 1, 2580, 5, 2, 1, 1, 2, 1, 533, 469, 1, 555, 29, inf, 112, 1, inf, 1, 1, 1, 1, 1, 1, 1, 7, 67, inf, 5, 10, 1, 1, 4, 3, 44282, 2, 25, 18, 10, 15, 88, 1, 27, 1, inf, 7, 18, 5, 11, 6, 21, 23, 12, 8, 5, 2, 6, 69, 986, 1, 102, 4727, 2, 73, 21, 1404, 2, 10, 1, inf, 2, 151, 30, 1129, inf, 1, 1, 1, 100, 1, 18, 6, 707, 19, inf, 7, 49, 2, 83, 14, 17, 7, 2116, 3, 4, 1, 15, inf, 13, 23533, 1, 6, 8, 1, 2, 33, 8, 16, 362, 7, 1, inf, 374, 1, 4, 99, 4, 2, 2916, 1041, 2, 1, 1, 1, 119, 3, 1, 29, 42808, 1, 4, 38, 1, 1, 8, 8, 20, 1, 15, inf, inf, inf, 451, 87, 1, 50, 1, 1, 8, 1, 7, 76, 1927, 16, 1, 15, 1, 5, 1, 20, 12, 1, 357, 20, 197, 4, 19, inf, 1, 6, 1, 6, 1, 1, 17, 1, 7, 81, 1, 669, 298, 2, 8079, 1, 1, 1, 25, 45, 35, 1, 6, 258, 26, 63, inf, 2, 1, 1, inf, inf, 8, 1, 3, 1, 1, 287, 19, 48, 57492, 4, 1, 148, 190, 1, 1, 554, 83, 1, 1, 1, 14, 4408, 155, 1, 1, 2481, 1, 1, 1, 27, 16, inf, 2, 720, inf, 20, 4, 26, 121, 51, 13, 1, 1421, 492, 16, 6, 86, 81, inf, 36, 1, 17, 4, 58, 1471, 240, 1, inf, inf, 1, 41, 3, 10, 679, 15, 15, 1, 4, 90, 205, 3, 4, 2, 8, 1, 1, 1, 1, 2, 64, 3, 160, 2209, inf, 1, 25, 3, 1, 1, 1, 1, 41, 1, 13, 9, 1188, 4, 3552, inf, 1, 1, 1, 1, 7, 44, 4, 2, 36366, 36, 2, 1, 3, 1, 1, 356, inf, 1, 35, 1, 1, 6, 1, 24, 40, 748, 857, 49, 1, 17146, 5, 1, 1, 394, 4, 2, 923, 37, 14, 3, 3, 200, 1, 8, 1, 250, 1, 900, 153, 45, 1, 14, inf, 18, inf, 682, 1, 1, 3, 1, 3, inf, 1, inf, inf, 38, 1, 2, 19, 6, 21, 2, 1, 8, 95, 39, 1, 4, 1, 33, 18, 47, 2, 2880, 2, 54, 1, 1, 47756, 2, 1, 60, 1, inf, 2, 35075, 1, 142, 10, inf, 1, 1, 1, 1, 6, 1, 461, 34, 60, 1, 983, 18, 2659, 8411, 2, 2, 2021, 26891, 1, 1, inf, 1, 1, 1, 1, 1, 33, 161, 7, 11, 129, 388, 6, 2, 419, 2, 2, 71, 2, 23, 2, 2, 5, 3, 4, 12, 3, 785, inf, 1, 1, 4, 6, 2, 2, 14, 4, 1, 2, 2, 5, 1, 4, 45, 1, 65, 5, 17, 1, 4, 190, 1, 4, 1, 1, 104, 171, 1, 3, 1015, 1, 16, 77, inf, 226, 28, 11, 9, 15, 6, 6, 1, 1, 14, 291, 67, 61, 135, 1, 1, 1, 11, 3, 1, 1, 1499, inf, 1, inf, 3, 1, 2613, 32, 1, 1, 2, 4414, 17979, 1731, 1, 6, inf, 1, 2, 5, 1, 18, 11, 18, 2, 6, 2779, 2, 48, 8, 1, 3, 4, 1, 1, 1, 1, 7112, 4, 30, 1, 1, 3, 607, 64, 111, 2, 1, 77, 39, 1, 1, 29, 1335, 1, 5, 6, 8, inf, 2, 2, 1, inf, 1, 1, 4, 6, 1, 56, 29, 1, 2, 918, 4, 170, 80, 2, 1, 9, 1, 5538, 2, 1, 12, 1, 217, 84, 3, 21, 345, 2, 4, 30, 31, 5, 376, 3, 10, 1, 13, 2, 1, 29, 273, 1, 2, 412, 1, 58, 1671, 3, 2, 11798, 65, 1, 4, 2354, 1, 1, 30, 5, 1, 1, 156, 1, 1, 1, 38, 299, 3, 1, 1, 1, 21, 3, 1, 1, 3661, 3, 69, 1, 3, 2, 672, 1, 24, 5, 36, 6, 7070, 27, 84, 3, 1, 465, 1303, 56, 1, 2, 54, 1, inf, 1, 5, 333, 63, 7, 32, 8, 25, 2741, 1, 428, 5, 19, 1, 5, 2, 102, 22, 54, 1, 214, 45, 1, 1, 7, 32, 1, 4, 1, 2, 32, inf, 1852, 1, 1, 10, inf, 1, 55, 1, 321, 6, 1, 7, 5, 30, 19, 1, 1, 119, 93, 2, inf, 2, 2, 247, 14, 3, 1, 2, 5, 1, 1, inf, 23, inf, 1, 1, 1, 934, 4046, 2, 415, 79, 435, 1, 1, 3, 14, 13, 149, 1, 1, 1, 1, 2388, 10, 1, 85, 791, 518, 571, 3318, 14, 10, 3, 1, 1, 2, 105, 55, 1, 136, 4, 1, 13, 2, inf, 1, 2, 20, 3, inf, inf, 1, 2, inf, 93, 1, 2442, 150, 1, 3, 8, 7, 1, 305, 19, inf, 1, 62, 228, 42, 15, 3, 1, 131, 33, 1, 113, 60, 1, 1, 1, 1, inf, 18, 289, 2, inf, 1, 1, 6, 1, 2718, 1, 4, 1, 1, 12, 4, 1, 1, 2, 1, 785, 31, 4, 1, 2, 1, 16, 324, 13, 2, 1, inf, 30, 206, 40, 75, 9, 7, 1, 4, 7, 1, 435, 4, 6, 5, 44, 2, 35, 62, 435, 1, 1, 38, 222, 160, 2, 37, 1, 1, 1, 233, 14995, 31, 1, 1, inf, 2215, 4, 1, 1, 8, 5, inf, 86, 52, 3, 2, 1, 266, 2, 1, 1, 4, 25, 26, 1, 1, 6, 62, 4, 19, 367, 1, 21, 7337, 6, 1556, 1, 1, inf, 245, 2, 3, 37, 77, 2, 7, 29, inf, 4, 211, 29, 2, 2, 181, 3, 733, 1, 3, 8, 25, 1, 3, 74, 91, 2, 114, 1, 426, 3, 67, 2, inf, 4, 2, 1, 3, 230, 3, 14, 1, 5, 9, 3, 110, 4, 198, 35, inf, 23, 24, 19, 6, 241, 1, 54, 82, 265, 62, 92, 28, 1, 89, 2, 3, 2, 1, 20, 238, 7, 70, 42, 178, 562, 43, inf, 8, 50, inf, 1, 1, inf, 1, 19, inf, 21, 4, 19, 87, 69104, 1, 71, 16, 4, 2, 806, 1, 38, 52, 3977, 1, 1, 2170, 37, 42, 82, 1, 2, 1, 16, inf, 56, 1, 1275, 2, 16, 210, 22, 2, 14, 1, 14, 1, 518, inf, 8, 4328, 100, 4, 6, 58, 1, 102, 12, 3, 60, 424, 1, 27, 1, 19, 13, 1, 8, 1, 23, 2, 4, 18, 642, 10, 28, 44, 236, 2000, 1045, 3294, 4, 101, 1, 2, 764, 4, 1, 33, 9, 18, 90, 2, 1, 3, 2, 2, 408, 1, 6, 3, 6, 10, 85, 45, 72711, 398, 1, 1, inf, 28, 1, 99, 1, 2205, 75806, 1, 1, 9, 3, 405, 2, 28, 6, 4, 624, 25, 40, 73, 228, 1, 60532, 1, 1014, 87, 2439, 96, 1, 26, 11, 5, 3, 78, inf, 3, 2, 1, 22, 1, 1, 1, 5, 9, 1, 3, 35, 1, 24, 51, 1, 1, 1, 186, 13, 564, 2, 1, 3, 338, 4, 1, 4, 3, 497, 1, 547, 1, 14, 1, 50, 3, 1, 30, 2903, 3617, inf, 1956, 2290, inf, 389, 242, 5, 172, 6, 304, 9, 1, 13, 468, 6, 44, 1, 13, 5, inf, 29, 1, 1, 5, 1, inf, 3, 2, 10, 1036, 1, 89, inf, 938, 423, 2, 16, 1, 5, 23, 1, 1, 10, 37, 2, 291, 374, 16, 21, inf, 12, 1, 1, 14, 9, inf, 128, inf, 1, 56, 299, inf, 217, 5, 1, 1, 35, 1, 1, 1288, 3142, 2, inf, 122, inf, 31, 1, 103, 142, 13, 115, 1, 2, 26, 1, inf, 4, 254, inf, 3, inf, 1, 90, 1, inf, 4, 2, 23, 2687, 2, 12, 80, 20, 7, 3, 2, 2, 2, 1, 5, 173, 2, 2, 12760, 772, 7, 28, 15, 186, 1, 3, 27, 4174, 1, 82, 1, 3939, 1, 28, 5, 1, 9, 11, 14, 3, 1, 1, 1, 1465, 468, 2, 2, 1, 23, 99, 316, 15, 32, 6, 19, 1, 1115, 1, 1, 17, inf, 1, 1573, 2, 3, 214, 15, 37, 6, 192, 3110, 2, 1, 8, 14, 298, 1, 5, 367, 15, 3, 48, 6849, 1, 9, 42, 1, 2, 4, 1, 3, 3231, 13674, 4, 8, 78474, 8, 18, 2, 16, 8, 1, 27, 5, 12, 132, 32, 207, 3, 37, 30, 10169, 1, 200, 1, 16, 1, 114, 1, 352, 15, 1, 147, 2780, 3, 15, 2, 39, 22, 49, 20, 1, 1, 653, 345, 6, 10, 13, 5, 3, 1, 134, 97, 1, 129, 1, 2, 469, 3, inf, 18, 1, 32, 1, inf, 60, 3, 8, 41, inf, 16, 1, inf, 1, inf, 103, 13466, 247, 1, 203, 1, 1, 1, inf, 52, 51, 1, 175, inf, inf, 13, 10, 1, 1, 1, 1, 2, 2, 1, 1, 500, 3, 1, 4, 9, 11, 10, 53, 4, 5193, 44, 28, 5, 17, 3, 25, 2, 1, 391, 25, 1, 21, 2, inf, 6, 23, 8, 729, 1, 5, 96, 1, 83, 1, 1, 2, 1, 2, 1, 1, 3, 25, 1973, 937, 20, 16, 4, 112, 12, 2097, 185, 7, 1, 2, 306, 1, 16, 556, 6, 1, 1, 810, 2, 16, 37, 35, 691, 27, 2, 12, 1, 27, 22, 1, 23, 409, 2, 1, 48, 2, inf, 6, 2, inf, 14, 31, 222, 2, 27, 9632, 2, 1, 3, 1, 92, inf, 2, 644, 1, 4, 66, 29, 6, 9, 1, inf, 146, 221, 9, 20, inf, 1, 1, 3, 74, 161, 1, 39, 13, 1, 59, 2, 826, 1, 1, 1, 7, 19, 1, 1, 1, 546, 6, 47, 6, 2, 194, 1, 1, 2, 7, 26, inf, 8, 12, 33, 1, 353, 2, 1, 8, inf, inf, 78, 2, 2, 43, inf, 12, 1876, 3, 6, 214, 1, 22, 155, 1926, inf, 1117, 1, 5238, 279, 240, inf, 13, inf, 1, inf, 3397, 1, 6, inf, inf, 2849, 900, 1, 2, inf, 2, 2, 18, inf, 3, 786, 11, 5, 6, 1, 245, 63, 2, 1, 317, 3, 18, 1, 1, 19, 16, 1, 342, 13, 1, 18, 2, 175, 174, 365, 9, 23, 4, 53, 43, 6, 29, 1, 1, 1, 1, 3, 1, 21, 2, inf, 2, 30, 1, 24, 12012, 1, 1, 2, 34, 1, 1, 3, 14, 1, 204, 4328, 45, 1, 4, 106, 335, 6, inf, 64, inf, 2, 6, 217, 13, 4, 7, inf, 11, 5, 1, 28, 100, 6150, 2, 53, 1, 334, 2, 3, 1, 13796, 1, 6, 2771, 1, inf, 1, 1, 82, 394, 1, 9, 1, 1, 2, 1, 92, 1, 23, 132, 33, 1, 1, 1, 502, 156, 1, 2, 520, 270, 1, inf, 1, 7, 2, 2, 1, 37, 8495, 35, 3, 67, 19, 1, 11, 1, 5, 83, 147, 84, 1, 1, 3, 1, 1, 5, 1, 1573, inf, 1, 1, 1, inf, 1736, 5, 16, 8, 137, 2, 1358, 29, inf, 8, 2, 29, 1, 1, 1, 223, 43, 1, 4, 1, 1, 2, 3, 427, 194, 35, inf, 100, 9, inf, 19, 12614, 1, 93, 13, 255, 1, 165, 1, 187, 81, 79, 2, 2, 1, 1758, 56, 7, 1, inf, inf, 1, 3, inf, 23, 54, 8, 7, inf, 10, 11, 1, 1, 33, 714, 32, 6, 78, 650, 1, 2, 1, 1, 1, 3, 59, 1, 274, 1, 121, 2, 1, 13, 2, 6, 3, 19, 1, 4, 1, 260, inf, inf, 77, 1, 4, 64, 6, 6, 9, 1, 3, 142, 1, 58, 2, 1, 27, 612, 1186, 53, inf, 1, inf, 6, 20, 14, 6, 1003, 9, 3, 20, 14, 58, 57, 10, 37, 15, 3, 1, 1, 1, 24, 1, 16, 2, 85, 287, inf, 6, 19, 1, 2678, 333, 757, 3226, 18, 1, 60, 1, 12, 1, inf, 1, 3, 172, 41, 569, 1, 4961, 5, inf, 8, inf, 5, 4, inf, 1, 1214, 54, 2, 1, 2, 75, 4, 2, 71, 124, 30, 1, 94, 540, 250, 1, 2, 6, 27, 1, inf, 11, 21, 291, 1, 237, 1, 485, 2, 1, 1, 3, 1, 3632, 3, 20, 1, 1, 2, 1, 2, 6, 8, 23, 1, 321, 44, 3, 793, inf, 2, inf, 7, 1, 49, 7, 9, 69, 5, 2, 8256, 18, 1, 292, 1, inf, 1, 54, 25, 6, 1, 97, 1, 8, 1, 51, 2, 1, 410, 351, 2, 1, 1, 1, 1, 3, 34, 1, 7, 19, inf, 6, 2, 4, inf, 276, 205, 1, 37, 3, 1, 1, 1, inf, inf, 137, 1, 3, 3, 212, 36, 1, 152, 1, 22, 6, 1, 3, 3, 2, 118, 2, 1, 30, 6, 1, 3, 1, 1, 191, 1, 69, 1041, 1, 23, inf, 2, 56, inf, 652, 3, 2, 2, 2, 9, 352, 3, 1, 2, 1852, inf, 16, 91, 3, 90, 2, 1, inf, 102, 5, 1, 3, 77, 1, 2, 1, 2, 1, 452, 1, inf, 1, 20, 5, 30, 2, 1, 1, 7, 42, 1, 112, 199, 48, 1, 1, 1, 1, 149, 17, 1, 1, 1, 19, 1, 3, 2, 1, 242, 1, 74, 430, 1, 2, 2, 1, 6, 7, 70, 115, 7, 129, 130, inf, 1, 1, 1, 30, 24, 1, 55, 2088, 1, 18, 133, 363, 4, 1, 5, 2, 1, 504, 426, 1, inf, 25, 2, 17, 28, 1, 1, 51, 1, 23, 2, 1, 5, 1, 1, 5, 1, 3, 1, inf, 25, 2, 3, 1, 31, 55, 1, 1, 1, 1, 135, 749, 1, 1, 1, 81, 56, 1, 35, inf, 14946, 6, 131, 1, 1, 73, 14, 4155, 27, 52001, 1, 215, 89, 1, 5, 28151, 6, inf, 1, 56, 28, 2, 1, 1, 7, 1, inf, 36, 1, 28, inf, 1, 1, 894, 10, inf, 1291, 2, 1, inf, 386, 24, 2, 27, 58, 14, 1623, 1, inf, 2, inf, inf, 77, 10, 30, 554, 37, 1, 12, 112, 4, 26, 1487, 28, 1, 10, 13, 1, 7, 2, 17, 2, 170, 2, 1, 7594, 1, inf, 1, 1, 4, 1, 7, 84, 5, 11, 36, 1, 1, 3, inf, 1, 1, 1, 7201, 64, 1, 4, 491, 331, 2, 62, 6, 2, 6, 1981, inf, 2, 14, 24, 616, 2795, 1, 6, 4, 9, 1, 3, 1, 1, 6, 710, 1, 2, 1, 1, 113, 1, 12, 6, 6, 1, 1, 1, 233, 221, 1, inf, 2236, 197, 14, 1, 823, 1, 1, 61, 44, 650, inf, 1, 21, 1, 4, 33, 21, 1, 234, 2, 139, 109, 2, 1, 29, 2, 3, 1, 1, 2, 2, 1, 13, 2, inf, 8, 46132, 3, 3, inf, 721, 44, 89, 2589, 5, 1, 1, 97, 1, 1, 27, 326, inf, 10, 1, 2, 5, 1099, 1, 1, 1, 8, 59, inf, 1, 2, 2, 12, 51, inf, 3, 91, 7, 3, 63, 1793, 2, 5, 3, 9, inf, 109, 1, 1, 31, 1, 1, 35538, 7, 15, 1, 14, 1, 39, 589, 1, 68, 7, 4, 370, 2, 1, 1151, 4, 1, 4, 3, 58, 1, 15, 8633, 33, 14, 1, 2, 5582, 1, 1, inf, 2, 1553, 2, 1, 2, 1, 1223, 241, 10, 192, 2, 1, 3, 2, 36, 1, 1, 1, 34, 1, 1, 1, 1, 1107, 246, 1, 2, 1278, 1, 2, 14, 1529, 1, 3, inf, inf, 36, 19, 31, 25, 22, 10, inf, 93, 1, 12, 3, 49, 446, 11591, inf, 10, 31, 2, 1, 1, 12, 75, 3, 83, 1, 26, inf, 8, 7, 9, 1, 1, inf, 8, 1, 1, 2, 5, 32, 15, 1, inf, 2, 3, 1, 17, 4, 12, 1, 3, 1, 1, 7, 2, 909, 629, 4, 24, 6, 1, 1, 8, 2, 5, 141, 1, 1, 1, 2, 10, 20, 3, inf, 9, 3, 1, 4, 459, 1, 7, 15, 31, 154, 2, 46, 1, 2, 1, 1, 289, 1, inf, 2, 1, 81, 1, 514, 137, 501, 279, 2, 299, 2, 1, 1, 752, 2, 101, 1, 2, inf, 7, 3, 6, 2, 2444, 3, 2, 168, 5, 5, 2766, 1, 653, 19, 8, 1, 1, 1, 274, 79, 1, 1, 2, 1, 1, 1, 1, 1, 1, inf, 6274, 13, 28, 4, 1, 35, 5, 1, 336, 1, 589, 12, 1, 1, 1, 185, 1, 1, inf, 4, 1, 1, 1, 26, 1, 427, 601, inf, 14, 3, 1589, 1517, 1, 1, 1, 2, 43, 4, 1, 1, 11, 1, inf, 3, 4, 10112, 122, 1, 1562, 242, 1233, inf, 11, 1, 1, 16, 1, 1, inf, 3, 9, 48, inf, 26, 1, 3070, 5, 391, 54, 15, 21, 1, 55, 5, inf, 5, 9, 1, 363, 3, 1, 67, 73, 14, 2, 1, 79, 1, 71, 299, 467, 237, 662, 1, 31, 9, 682, 16, 1, 1, 2, 2, 1, 1, 1, 1, inf, 23, 41, 626, 4, 5, 2, 7, inf, 1, 3, 1, 18, 5, 1, 3, inf, 3, 1, 1, inf, 98, 10, 100, 290, 84, 1, 6370, 2, 11, inf, 2, 10, 1, 197, 50, 4, 5, 1902, 126, 144, 44, 38, 2, 17, 43, 2, 7, 1, inf, 81, 1, 3, 2, 1, 37, 2, 1, 3, 2, 2, 3, 3, 2, 522, 1, 6, 1, 2, 2, 6, 1, inf, 28, 5844, 1, 78, 12, 64, 10, 213, 44, 5, 5, 2, 1, 3, 1, 294, 1, 1, 33, 39, 76, 1, 978, 1, 564, 34, 39, 27, 1, inf, 1, 133, 7, 1, 17, 1, 22, 1293, 68, 81, 44, 1, 16, inf, 1, 1, 8, 26, 36, 16, 2, 7, 1, 79, 12, 28, 8, 9, 1, 1324, 129, 1, 1, 360, 23, 7503, 118, 68154, 135, 26, 480, 8, 5, 1, 2, 1, 3, 1, 1, 2, 3, 1, 6, 1, 1, 248, 74, 1, 1, 406, 187, 84, inf, 3124, 1628, 1, 20, 11, inf, 2, 1, 6, 6, 1, 1, inf, 2, 1, 2, 1944, 23, 22, 5, 31, inf, 12106, 1, 1, 29969, 2, 1, 121, 4, 2, 1, 2, 1, 10060, 2, 20, 1, 287, 3249, 199, 1, 2, 1, 152, 1, 28099, 63, 6, 8, 6, 48, 1, 32, 4, 1, 1, 1, 1, 4, 1, 10, 2, 4, 6, 329, 70, 1, 1, 13, 3, 11, 1, 1, 1, 2, 7, 1, 43, 30, 62, 2, 1, 621, inf, 26, 88, 1, 1, 5, 4, 1400, 5, 151, 48, 5, 642, 1, 7, 1, 8, 1, 2, 1, inf, 753, 22, 36, 2, 3, 204, 87, 6, 64, 29, 1, 320, 1, 1, 1, 1, 2, 1, 10, 1, 1038, 156, 4723, 392, 438, 1, inf, 643, 13, 4, 1, 1, 3726, 953, inf, 616, 2, 56, 7, 9, 6, 19, 3, 2, 74, 101, 2, 10, 1, 33, 21, 1, 2, 1, 926, 178, 358, 1, 1, 3308, 1, 1, 163, 190, 11, 1, 32566, 7, 311, 1, inf, 1, 554, 17, 4, 2, 31, 4, 22, 2391, 1, 1, 1, 22, 1, 15, 14, 1, 7, 59, 4, 1, 1, 2, 9630, 1, 42, 4, 6, 2, 2, 21, 1, 3, 1, 1, 3, 2, 2327, 2, 4, 11, 3, 52, 1, 3, 25, 1, 10, 1, 12, 22, inf, 438, 33670, 46, 1, 35, 1, 2, 359, 10, 1, 1, 1, 3, 1, 7, 1, 48, 1, 1, 12, 15, 473, 15, 103, 1, 784, 1, 1, 1, 1, 1, 20, inf, 497, 4, 47, 76, 9, 28, 11, 19, 7, 1, 1359, 1725, 1939, 1067, 1, 1, 7, 421, 1, 40, 1, 1, 1, 1, 1207, 4, 219, 5164, 14743, 13, 1, 3, 42, 1, 618, 1, 594, 5, 1, 135, 957, 1, 6, 1, 7572, 1, 4, 500, 88, 56, 1, 195, 2, 2, 1, 28, 2, 2, 1, 141, 454, 6, 1, 31, 1, 6, 677, 2, 1, 1, inf, 11, 131, 392, 1, 23, 131, 1, 1, 392, 12, 19, 1, 30, 1, 1, 34767, 2, 3, 5, 13, 1, 1, 1, 4, inf, 5, 9, 1, 68, 1, 1, 436, 2, 9, 713, 1, 3, 144, 1, 1, 69, 35, 128, 14, 47, 899, 1, 19, inf, 465, 6, 7, 1, 1, 52, 1, 14, inf, 65, 1, 1, 2, 3, 252, 45, 2, 2, 3, 1, inf, 1, 1, 9, 1, 5, inf, inf, 4, 18, 2, 1, 2, inf, 79, 1, 34, 4, 13, 2, 1, 1, 1, 18, 1, 1, 15, 4, inf, 517, 4, 4846, 4, 27, 3, inf, 1, 1, 37, 2, 2, 1, 177, 8, 8, 6, 124, 1816, 1, 314, inf, 182, 196, 2, 1, inf, inf, 4, 1, 11, 5, 1, 29, 19, 64, 1, 8, 8332, inf, 30, 30815, 2, 21, inf, 1, 4, 2414, 426, 17, 3, 1, 1, 1, 1, 1, 182, 2, 7, 2, 26, inf, inf, 18, inf, 4424, 152, 1, 221, 1, 1, 1, 8, 6, 3, 1, 3, 424, 1, 522, inf, 1, 1, 165, 2, 1, 8, 2, 5, 1, 61, inf, 26, 25, 4, 1, 3, 1, 17, inf, 1, inf, 1, 1, 27508, 50, 1169, inf, 9, 24, 45, 5, 26, 351, 362, 8, 2, 1, 3, 17, inf, 78, 1, inf, 2, 4, 36, 6, inf, 1, 3, 1, 1, 6, 9, 1, 1, 3741, 16, 1, 647, 27, 8, 4824, 1, 37, 1, 6, 3, 11, 13, 3, 1, 1, 42, 15, 6, 33, 2789, 16, 10, 20, 4, 1, 3, 2, 1, 2, 6, 8, 14, 112, 29, 7, 30, 87, 527, 18, 1, 1, 1, 194, 1, 3, 1, 1, 18, 1, 2, 194, 1, 1, inf, 67, 56, 1, 904, 13, 10, 1, 5, 1, 4, 3, 17570, 3, 1, 13, 444, 22, 1, 1, inf, inf, 2, 803, 2, 4, 253, 934, 2, 28, inf, 10, 32, 134, 2, 1, 75, 1, 1, 1, 2, 24, 2, 16, 9822, 9, 2, 1, 1, 8, 17, 1, 4, 1, 4, inf, 7, 1, 21, 1, 3, 10, 1, 255, 8, 2, 2, 1, 4, 2, 1, 5, 1, 15, 1, 8, 11, 36, 9, 34, 11, 1, 17, 3093, 23, 4, 9, 1, 28, 1, 1, 1, 1, 174, 1, 11, 204, 1, 1, 2, 16, 34, 1, 1, 4, 44, inf, 3, 1, 2, 1, 92, 2, inf, 1825, 47, 25, 1, 1, 1, 1, inf, 2, 1, 1, 1, 1, 2, 581, 796, 1, 3, 31, 333, 58, 1, 3, 14, inf, 1, 10, 1, 3, 681, 1, 1, 2, 1, inf, 122, 100, inf, 1, 7, 5, inf, 1, 85, 2, 2, inf, 10, 125, 1, 57, 936, inf, 1, 14, 1, 2, 456, inf, 3, 411, 2, 1, 7, 1, 1, 1, 1, 83, 1, inf, inf, 6, 92, 4, 24, 3, 2, 1, 22, 1, 4, 6, 4, 73, 5, 4, 3, inf, 22, 12, 1, inf, 3, 155, 1, 74, 29, 11, 1, 6, inf, 942, 11, 8, 1, 1, 15, 1, 2, 1, 3, 1, 3, 1, inf, 3, 1, 1, inf, 1167, 2, 1, 236, 1, 33, 31, 2, 1, 224, 4, 188, 1, 5549, 2, 110, inf, 9, 1, 2, 6, 1, inf, 1, 1, 1, 72, 1, 2, 1, 35, 2, 50, 4, 1, 183, 2, 2, 67, 1, 5, 5361, inf, 1, 1, 12, 277, 1, 36, 1, 1, 1, 5, inf, 1, 1, 4, 753, 1, inf, 213, 16, 1, inf, 1, 1, 22, 1, 9, inf, 9, 31, 153, 1, 39, 27, 7, 3, 192, 1, 3, inf, 1, 1, 2, 14, inf, 2, inf, 1, 1, 1, 1, 1, 1, 2, 3, 26, 1, 10, 1492, 124, 290, 1, 42602, 4, 14, 46, 1, 2, 1, 1, inf, 17, 95, 1, 480, 179, 188, 161, 447, 92, 4, 60, 26, 68, 5, 1, 1, 1, 58, 696, 1, 3, 2, 5, 35, 1, 38, 1, 3, 4, 126, 4, 1, 562, 2, 72, 3, 1, 4, 88, 60, 2, 725, 153, 2, 679, 5, 18, 28, inf, inf, 1, 15, 127, 19, 158, 3, 384, 1, 6, 9, 10, 2, 2, 7595, 97, 1, 2, 3, 88, 7, 2, 6, 1, 1, 188, inf, 486, 1, inf, 1781, inf, 15, 2, 1, 3, 345, 10, 25, 12, 405, 8860, 4, 2426, 133, 1, 3, 1, 2357, 970, 78, 1, 4, 4, inf, 211, 14, 6, 9, 4, 5, 7, 25, inf, 30, 1, 2, 1, 1, 42, 469, 17, 79, 13800, 1, 4, 2, 11, 70, 1, 49, 50, 1, 9, 18, 13, 6, 2, 10636, 8, 1, 1, 1, 1, 27, 16, 1, 2, inf, 45, 4, 2122, 1, 182, 95, 1, 45, 7, inf, 3, 6854, 44, 611, 7, 4, 3, 1276, 2, 3, 2, 3, 1, inf, 11, 4, 2, 12, 1, 1, 3, 9, 46, 4, 1, 25, 73, 208, 204, 199, 1, 13229, 1, 9, 5, 1, 6, 1, 2, 240, 249, 7, inf, 1, 1, 1, 3, 1, 1, 550, 4, 511, 1, 1, 1, 1, 1, 137, 446, inf, 211, 2, 2, 3, 2, 7, 3, 2, 461, 1, 11, 3, 1, 2, 1438, 5, 29, 1, 7, 1, 4, 3, 2, 1, 60, 1, 3, 6, inf, 107, 840, 1, 4, 20, 763, inf, 1, 56, 52, 782, 3, 818, 746, 42, 6, 3, 1, 1, 1, 105, 3455, 4, 1, 4, 15, 65, 1, 121, 15, 1, 278, 215, 2, 143, 4, 517, 1, 1, 19162, 48, 4, 393, 1, 16, 67, inf, 16, 10, 28, 85, 26, 1, 1, 1, 13, 29, inf, 6, 1, 1, 493, 1, 1, inf, 1, 143, 1, 51, 2, 2, 1, 1, 79, inf, 10, 2, 2732, inf, 169, 16, 2, 2983, 1, 18790, 531, 1263, 15343, 7738, 1, inf, 858, 15, 101, 9, 17, 37, 2, 1, 5, 13, 738, 5, 414, 9, 12, 44079, 159, 25, 111, 118, 12, inf, 1, 1, 25, 1, 12, 1, 14, 10226, 180, 293, 1466, 3330, 593, 10, 1, 9, 10, 1, 3, 1, 26171, 1, 2, 55, 1, 1, 1, 24, 1, 126, 162, 1, 4, 16, 67, 7, 51, 1, 1, 496, 43, 42, 1, 15, 33, 27, inf, 1, 15, 1, 32, 5, 5, 5, 422, 12, 3, 10, 34, 57, 1, 5, 3, 3, inf, 6, 1, 24, 316, 9, 15, 1, inf, 1250, 10, 1, 1, 1, 7, 4, 1, 3, 179, 2, 245, 5392, 1, 200, 7, 1, 2, 2, 142, 257, 4, 1, 22, 4, 2, 260, 1, 66, 3, 1, 140, 1, 251, 1, 66, 1, 1, 54, 15, 2, 2, 1, 263, inf, 1, 56, 1, 1, 2, 1, 1, 1, 2, inf, inf, 1, 4, 7, 26, 1, 103, 1, 1, 1, 28150, 1, 43, 1, 2, 4, 442, 15494, 4281, 7, 54, 6, 1, 4, 1, 242, 4, 955, 1, 22, 8, 2, 1, 49, 1, 501, 14, 92442, 2, 1, 1, 3, 209, 6, 455, 6868, inf, 8, inf, 2, 3, inf, 19, 15, 1, 889, 217, 1, inf, 1, 1, inf, 2331, 1, 1, 1, 3, 2, 4, 159, 1079, 1, 2, 26, 2, 1, 1, 1, 265, 27076, 5104, 1, 53, inf, 2, 4, 1561, 1, 35, 27469, 6, 109, 14, 3385, 1, 1, 4, 47, 1, 3, 1, 1, 5, 13, 10, 89, 3, 2081, 48, 9, 1, 36, 76, 5, 53, 1, 1, 3, 51, 2, 8, 3, 7, 79, 2, 9, 5197, 540, 1, 14, 31, 5, inf, 4, 1, 24, 1, 1, 16, 8, 80, 20, 45, 1, 1, 36, 69, 6, 3, 53, 1, 225, 1100, 11, inf, 2, 14, 2, 8, inf, 32, 1, 1, 1, 1, 3, 6, 150, 1, 92, inf, 1, 1, 1, 2916, 4, 1, 354, 2, 2163, 6, 17, 2, 46, 1, 2, 1, 1, 1, 374, 2, inf, inf, 19, 2, 16, 2, 1, 32, 1, inf, 9, 16522, 2, 30, 1, 753, 5, 1, 5, 199, 8, 1, 1, 7, 2, 1, 1, 1, 20, 8, 14, 610, 1, 507, 1, 34, 4, 2, 8, inf, 72, 3, 1, 13947, 6, 1, inf, 7, 1, 42469, 1, 1, inf, 26, 1, 1, 2, 1, 75, 4, 7, 1, 1, 76, 76, 1, 2, 1, 3, 12, 27, 2, 1, 1, 2, 1, inf, 1, 4, 1, inf, 1, 1, 1, 10, 13, 2, 12, 6, 3, 2, 1, 25, 54, 8, inf, inf, 6, 1, 1, 9, 26, 22, inf, 1, 1, 1, 5, 141, 875, 316, 1, 1, 9, inf, 1, 1861, 23, 1, 90, 814, 1, 42, 1, 87, 294, 984, 44, 4, 154, 26, inf, 13, 52, 1, 1, 1, 1, 1, 2, 968, 33, 1071, 25, 1555, 1, 20715, 1, 1, 5, 79, 1, 2, 11, 1, 39059, 1, 930, 96, 6, 30, 2, 10, 2, 4, 14, 126, 3, 1, 1, 5, 2, 1326, 796, 1, 6, 16, 1999, 960, 5, 1, 68, 1, 15, 21, 1, 14, 11, 1, 1, 3, 8, 1, 21, 1, 1331, 1, 26, 3, 2, 110, 2, inf, 3, 39, 5, 1, 10, 1, 19, inf, 15, 2, 4, 1, 2, 307, 375, 1, 1, 5, 6, 2, 1, 1, 3, 23, 91, 1, 1, 2, 1, 1, 341, 3, 1, 98, 258, 17, 1, 1, 11, 2280, 16742, 112, 30, 35, 671, 2, 1, 2642, 4833, 1, inf, 1, 198, 23, 18, 2, 1, 1351, 47672, 1070, 3, 1, 9, 1, 3826, 21, 62, inf, 2, 231, 158, 2, 19, inf, 87, 2, 2, 117, 76334, 4, 2, 1, 58, 2, 4, 2, 255, 1, 637, inf, 16, 1, 9, 7, 1, 1, 370, 18, inf, 41, 4, 3, 7, 4, 36, 50, 4, 283, 5, inf, 2, 88, 1, 12, 378, 2, 1, 4, 5, 1, 88, 1, 38, 5, 1, 13, 12, 295, 5, 6, 2, 2, 107, 7, 1, 9, 9, 4, 28, 6, 13, 25, 1, 37, 1, 359, inf, 268, 1, 1, inf, 1, 4821, 1, 1, 1, 1, 13, 403, 1, 17, 1, 177, 1552, 2, 33, 1, 1, 382, 141, 5, 1, 1, 1, 80, 1, 1, 4, 1, 4, 31, 80, 43, 15, 326, 1, 1, inf, 1, 1, 1, 3188, 1, 166, 2704, 2, 1, 1, inf, 13, 108, 1, 45, 1, 3315, 3, 28, 5, inf, 2, 149, 8, 1, 4, 1, 1, 1, 7, 4, 1, 1, 13, 2, 1, 23, 18, 2, 2, 1, 18, 16, 13925, 1, 7, 2, 4, 158, 4, 3, 24, 2, inf, 7639, 1, 1, 3009, 23, 21, 6, 61, 1, 1, 1, 1, 5, 1, 530, 14, 1, 1, 1, 4, 85, 1, 35, 2, 2, 34, 3, 9, 18165, 11, 3, 1, 758, 2, 1, 1, 1, 2, 162, 3, 125, 6, 4, 22, 1, 78, 13, 68, 1, 420, 6, 446, 318, 2, 1, 1, 2, 1, 528, 62, 10, 2, 80, 1, 258, 3, 21113, 5, 140, 2, 1, 1, 4, 2, 1, 1, inf, 4, 1, 1, 54, 1, 97, inf, 3, 1, 703, 26, 16, 21, 2, 1, 6, 33217, 1388, 4, inf, 2958, 2, 1, 12, 1, inf, 1, 286, 267, 12, inf, 5, 24, 1, 279, 1, 1, 1, 113, 16, 1, 2, 240, 5, 1, 1, 3, 2, 9, 4, 1, 1, 3, 18, 1, 23, 1, 3, inf, 7, 2, 29, 614, 192, 1, 7, 6, 2, 1, 3, 143, inf, 64, 5, 1, 4, 4532, 5, 1, 2, 44, 4, 26, 2, 220, 6773, 819, 15, 13, 1, 1, 35, 360, 1046, 1, 101, 17820, 1, 24, 1, 1, 36, 1, 441, inf, 1, 135, 44, 4915, 8, 16, 1, 1, 2, 2, 1, 1, 2, 4, 1, 6001, inf, 98, 5, 1, 503, 978, 76, 10, 4, 2, 9, 522, 4, inf, 15, 11, 4, 2, 1, inf, inf, 181, 400, 1, 1, 2, 1, 1, 1, 5491, 2, 1, 20, 23, 1, 83, 21, 19, 175, 4, 4, 1, 1, 1, 1, 3, 10, 2, 1, 10, 8, 34, 313, 59, 1, 851, 1464, 1, 1, 4, 1, inf, 12, inf, 12, inf, 7, 2, 7, inf, 6928, 1, 1, 1, 219, 29, 90, 1, 1, 34, 4, 1, inf, 1, 1, 1, 930, 16, 1, 85, 1, 3, 61, 1, 360, 37, 14, 1, 1, 76, 2, 1, inf, 16, 1, 1, 27, 235, 1, 1, 21, 33, 5, inf, 2, 5, 5, 4, 1, 6, 1, 21, 8, 464, 8, 1, 10, 1, inf, 10559, 1, inf, 2, 18, 23, 1, 64, 3, 2, 239, 69, inf, 1, 1, 1, 588, 380, 1, 184, 1, 2, 5, 1, 1, 87, 1, 10, 46, 3, inf, 2, 58, 257, 13, 4, 1, 3, 1, 5, 36, 364, 2, 1, inf, 2, 29, 7, 310, 1, 157, 51, 4, 318, 51, 74, 1, 1, 1, 1, 4, inf, 42, 1, 1, 1, 14, inf, 6, 350, 335, 5, 1, 59, 2, 1, 12, 1, 60, 75, 34, 4, 2, 610, 2, 93, 9, 16, 1, 810, 1, 8, 1, 4, 9, 14, 32, 3, 1, 115, 20, 1, 1, 1, 23, 1, 138, 465, 1, 203, 1, inf, 4, 1, 1, 9, 1135, inf, inf, 1953, 2, 32, 1, inf, 21, 114, 13, 1, 2, 82, 158, 3, 1, 311, 1, 14, 5, 39, 2, inf, 27, 1, 1, 2, 5, 373, 47, 1, 150, 166, 3, 107, 2, 80, inf, 1696, 870, 1, 13, 6116, inf, 20, 70, 2, 15, 1, 26, 3711, 108, 576, 4, 200, 1, 1, 4, 2, 1, 560, 36, 11, 1, 2, 7, 38, 2, 2, 45, 107, 3, 208, 8, 277, 1, 6, 3, 32, 1, 11, 14, 3, 20, 1, 2, 4, 225, 66, inf, inf, 1, 1, 29, 2, 1, 2, 1, 1, 1, 23, 1, 1, 110, 1, 32, 110, 7, 6571, 10, inf, 5095, 3, 2169, 6, 1, 570, 273, inf, 1, 1, 10, 55, 8, 16, 2, 1, 10, 6, 1, inf, 173, 2, 1971, 6, 101, 3, 5, inf, 4, 7, 4, 5, 210, 6, 557, 1, 39, 43, inf, 2, 219, 1, 1, 5, 269, 7, 35996, 1, 64, 30, 1, 12, inf, 3577, 1, 2, 4, 659, 3, 460, 3, 3890, 25, 1, 1, 1, 77, 7, 3345, inf, inf, 4, 1, 2, 25, 1, 911, 2, 1, 11, 940, 210, 28, inf, 4321, 1, 52, 7, 1, 95, 5, 9, 4, 3, inf, 1, 2, 5, inf, 9095, 1, 3, 1, 1, 6, inf, 84, 1, 1, 129, 430, 4, 15, 80, 366, 12, 30, inf, 2, 10, 4, 92, 2, 1, inf, 1, 7, 1, 2, 6659, 15, inf, 1, 1, 30, 19, 1, 1, 116, 2, 280, 27742, 1, 779, 3, 8, 78, 22, 1, inf, 220, 2, inf, 1, 4, 33, 1, 18, 552, 1, 2, 4, 6, 80, 150, 1, 1, 836, 1, 2, 2, 1, 184, 66, 26, 1, 1091, 1, 11, 4, 38, 5309, 1, 1, 26, 3, 1, inf, 558, 9, 4593, 9929, 20, inf, 1, 90, 1, 33, 7, 115, 1, 35, 2149, 136, 63, 24, 12, 43, 20, 13, 20, 1, 3, 1, 4, 41868, 1, 5, 1, 1, 4, 3, inf, 1, inf, 1, 1, 15, 6, 1, 9, inf, inf, 531, 13, 111, 255, 1, 1, 3, 1, 35, 86, 193, 36, 1386, 3, 1, 105, 1, inf, 139, 1, 4, 155, 2, 392, 1, 1446, 1, 10, 4, 1, 2, 1, 1, 1, inf, 10, 2, 20, 1, 2, 172, 1, inf, 1, 1, 577, 2, 621, 9858, 1415, 2, 1, 36, 3, 1, 2, 1, 1, 1, 4, 4, 2, 4, 1091, 23, 1, 1, 11, 1, 196, 61, 3, 17697, 1, 135, 1, 7, 150, 14, 1, 68, 4, 1, 2, 1, 6, 1, 2, inf, 7, inf, 1, 9, 1, 4, 7, 161, 2, 3, 1, 1, 59, 24, inf, 1, 1, 2, 31, 2, 1, inf, 1, 1, 1, 37, 133, 8, 4, 1, 6, 1, 1, 2, 9, 7, 23, 17, 4, 1, 4, 1, 1235, 4, 7, 7, 1, 688, 1, 2471, 3, 125, 822, 22, 75, 2, 1, inf, 24, 4, 17, 5, 91, 17, 3, inf, 1, 19, 1, 479, 2, 20, 75, 2, 1, 30, 9, 1, 1, 3, 12, 3, 43, 1199, 26, 15, 2, 13, 74, 2934, 415, inf, 1038, 10, 298, 1, 10, 2, 1, 45, inf, 144, 2, 42, 1, 15068, 4, 31, 118, 1, 8110, 5, inf, 39, 6, 942, 1, 67, 7, 1, 1, 2425, 23, 5, 1, 11, 103, 8, 28, 2, inf, 2, 1, 62, 1, 61, 2, 38, 144, 10, 297, 17, 1, 2, 555, 8, 2, 1, 12, 638, 18, 1, 1, 15, 12, 1, 5, 1, 30, 1795, 1, 2230, 57, 1, 1, 1, 168, 2, 1, 2526, 29, 1, 3, 7, 6, 2, 482, 3, 308, 2, 4, 89, 1, 1559, 1, 5, 5, 23, 3, 46, 43, 1, 1, 4, 2, 2, 62, 1, 7, 14123, 11, 1, 1, 1, inf, 1, 413, 188, 3, 1, 2, 1, 1, 9, 6, inf, 1, 2, 1, 1, 3, 24, 217, 2, 10261, 26, 1273, 3, 3, 45, 6, 26, 1, 16841, 56, 30, 13, 1, 2, 7, 2, 2, 6, 743, inf, 5, 6, 141, 27, 2, 5, 1, 163, 1, 15, 7, 1, 4, 1551, 1, 21, 158, inf, 61, 43, 185, 1, 2, 3, 19, 23839, 2, 16, 8, 30, 1, 17, 10, 2, 25, 82, 224, inf, 23, 1, 1, 1, 4, 1, 3764, 69130, 1, 1, 560, 1, 3, 15, 2, 208, 11, 1, 1, inf, 1, 5, 1, 2, 1, 64, 5, 1, 4, 1, 3, 888, 71, 23, 75, inf, 3, 2, 7, 5, 8, 168, 5, inf, 6, 35, 1, 133, 1, 292, inf, 2, 34, 8, inf, 80, 1, 1, 143, inf, 196, 6, 1, inf, 7, 5, 4, 2, 4, 1108, 3, 1, 133, 138, 20, 4, 362, 3, 1, 2, 1, 2, 3, 9, 43, 29, 559, 2, 2, 186, 4, 35, 95, 3688, 1, 2, inf, 8, 527, inf, 95, 1983, 4, 1, 3498, 302, 477, 3, 5, 1, 2, 2, 1, 35, 17, 1, inf, 31, 1, 889, 2, inf, 1, 16, 15, 2, 5, 31, 3, 1119, 2984, 25, 2, inf, 3, 1, 4, 6, 1, 2, 1, 1, 1, 24, 1, 1, 13, 15, 3, inf, 1, 3165, inf, 1, 164, 495, 39, 1, 12, 3, 18, 460, 1, inf, 2, 1, 10, 15, 36, 415, inf, 5, inf, inf, 16, 1, 1, 1, 1, 20, inf, 1, 41, 1, 8, 3, 107, 1, 1, 46, 16, 30, 1, 16, 17, 1970, 4, inf, 1, 2, 12, 8, inf, 19, inf, 14, 28, 1, 3, 479, 2, 73, 1376, 15, 29, 9, inf, 1, 24, 23, inf, 1742, 2, 14, 5, 1, 1343, 1698, 29, 1, 3, 1986, 1, 1, 1, 2, 1, 14, 3, 1, 426, 2917, 16099, 1, 260, 1, 4, 7, 1, 1, 35, 967, 7, 2, 3, 1, 191, 126, 1, 64, 16, 1, 4, 2, 1, 18, 1, 149, 29, 5, 4607, 1, 540, 1, 2, 147, 4, 1, 660, 1, 29, inf, 43722, 23, 41, 72, 8, 1, 27, 19, 34, 1, 2, 1, 92, 8, 2, 2, 418, 639, 49, 1, 4, 9234, 1, 1, 3, 1, 38, 67, 1, 2, 1, 2, 1, 1, 1, 18, 17, 2, 1, 13, 1, 3, 1, 18, 2, 109, 1, 15, 8, inf, 135, 97, 130, 61, 52081, 1, 43, 28, 1036, 3, 60, 1, 54, inf, 1, 2, 10, 1, 2, 3, 32, 1, 1, 1641, 27, 5, 2, 170, 16, inf, 365, 59, 1, 1, 84, 22, 4, 1, 1, 8, 14, 1, 138, 2, 2, 1, 4, 2, 9, 1, 5996, 421, 2256, 3751, 17, 1, 6, 2, 30, 29, 1, 5, 11, 1, 2, 5, inf, 24, 3, 538, 1, inf, 1925, 24, 5, 247, 44, 4, 29, 12, 3040, 2, 4, 3, 1, 2, 1, 4, 10, 1, 11848, 2, 151, 1, 48, 24, 1, 55, 1, 104, 3, 42, 2, 7, 1, 8, 3, 109, 1, 8, 1, 110, 1, 1, 109, 7, 1, 167, 48, inf, 1, 27, 4, 39, 73, 163, 1, 6187, 4812, 741, 2, 3, 6, 3, 5, 1, 3, inf, inf, 3, 1, 12188, 1, 18, 9, 4, 61, 62, 2, 6, 2, 1, 2451, 1, 1, 1, 6, 1, 10, 2, 26, 76, 8, 3, 10286, 6, 351, 48, 87, 5, 14, 1, 3, 4, 1, 4, 1, 41, 1, inf, 1, 1, 1, 4, 2, 109, 14, 1, 1, 2, 11, 12, 1, 16, 1, 2, 1, 8, 3, inf, 4, 1, 1, 30, 2, 38, 1, inf, 14, inf, 38, 1, 2, 47, 2, 1, 335, inf, 7, 1, 1, 365, 1, 1, 25334, 1, 6, 4, 4, 1, 1, 23, 92, 1, 73, 21, 1, 3, inf, 287, 406, 7, 2, 655, 79, 1, 1, 10, 33, 2, 1, 10, 1, 1, 5, 1, inf, inf, 65, 1, 1, 6, 675, 2, 1, 11, 7, inf, 26, 1861, 2, 28, 158, 21, 1, 218, 5, 1, inf, 62, 1, 10, 98, 74, 8, 20, 2033, 6, 3, 1, 1, 19, 1, 3, 1, 1, 57, 2, inf, 1, 105, 3, 1, 1, 52, 19, 1, 1622, 1, 1, 1, 4, 1, 27, inf, 3, 5, 21, 21, 1, 2, 6, 56, 1, 135, 1, 2, 26, inf, 72, 4, 14, 6, inf, 1, 1, 1, 1, inf, 595, 125, inf, 22, 14, 2, 59, 1, inf, 51, 1, 3, 2, 67, 2959, 3875, 39, 110, 6, 298, 84, 8, 37, 94, 3597, 20, inf, inf, 1, inf, 1, 46, inf, inf, 2, 9, inf, 1, 21441, 17, 2, 35, inf, 1, 35, 3, 4, inf, 18, 1, 3, 32, 414, 319, 2, 3, 22, 29, 63, 1, 1, 1, 1, inf, 4, 2, 1, 8, 5, 1, inf, 1, 2, 4, 2, 11, 5612, inf, 1, 1, 3, 2, 4, 1, 1520, 27, 13, 3735, 22, 367, 16, 9, 3596, 2, 3, 6, 1, 1, 43, 551, 5, 1300, 4, 30, 19, 5, 2, 5, 2, 2, 10, 2, 46, inf, 470, 58, 354, inf, 1, 116, 1, 63344, 4, 35, 4, 2, 21, 1, 48, 79, 1, 5, 2, 14, 1, 47, 2, inf, 3, inf, 470, 3, 37, 1, 1, 442, 1, 3, 4, 1, 1, 6, 5, 1, 2, 1, 2, 85, 1, 20, 578, 1, 1, inf, 38, 2, 8, 49411, 1, 416, 1, 3, 1, 1, 5, 1, 69, 5281, 1, 197, 4, 5, 157, 1, inf, 1, 2, 7, 6, 1, 1, 25, 29, 1, inf, 4, 1157, 1, 6, 12, 1, 3, inf, 2, 4, 1, 124, 1, 1, 9, 1, 1, 1, 140, 113, 1, 57, 7, 1, 78, 2, 2, 2, 1, 525, 1, 30, 490, 136, 44, 1, 1, 2, 7, 1, 209, 1, 937, 230, 25, 2393, 22, 1, 1, 1, 3, 2, 521, 1, 1, 2, 10, 1, 68, 270, 69, 317, 1, 3, 26, 20, 1, 1, inf, 10, 1, 1, 164, 15, 4833, 53, 2, 1, inf, 37, 39, 2, 1, 61, 2, 2, 1, 49, 3831, 9, 1, 1, 1, 265, 10, 2, 1, 1, 12, 4, 1, 9, 4454, 10, 1, 2, 1, 11064, 843, 28, 4, 5, 5, 1, 285, 8, 13, 190, 1, 1, 10, inf, inf, 9, 28, 4, 1, 23, 12, 23, 1, 2, 35, 1, inf, 1, 93, 335, 208, 7, 2, 587, 19, 1, 307, 1, 143, 1, 44, 1, 242, 17, 2, inf, 347, 7122, 8, 7, 1, 10, inf, 7, 1, 1, 50, 2, 1, 1, 38, 252, 20, 1, 2, inf, 37, 14, 212, 92, 37, 1, 2, 1, 3, 14, 10, 4703, inf, 4, 3, 29, 1, 105, 39, 166, 1, 2, 40, 1, 1, 125, 7, inf, 2, 2917, 17, 1, 1, 1, 5, 90, 1, 55, 4533, 176, 4825, 1, 1, inf, 3618, 1, 48, 233, 12, 3, 1, 2, 1256, 11, 1, 5, 28, 1, 6, 35, 1, 2, 1, 44, 2, inf, 2, 526, 14, 1135, 260, 3, 14, 437, 1, 6, 1, 4, 8199, 33458, 2, 2, 1515, 6656, 18, inf, 2112, 59, inf, 22, 1, 2, 786, 1, 2, 4, inf, 162, inf, 1, 228, 14, 26, 1, 286, 4, 1, inf, 39, 1, 921, 1, 137, 7, 1, inf, 764, 3, 871, 236, 4, 1091, inf, 6, 14, 21365, 94, inf, 2, inf, 2, 1, 3, 1, 51, 1322, 79, 312, 155, 200, 34, 13, 2841, 5, inf, 1, 37, 11, 986, 16, 1, 5, inf, 1, 2, 1, 1, inf, 42, 246, 201, 26, 539, 2439, inf, 1, inf, 1, 1, 1923, 191, 3706, 4, inf, 1, 3, 1, 141, 1, 7808, 1371, 18, 45, inf, 7, 8, 421, 46, inf, 3, 1, 86, 2, 38, 95, 91, 1, 1, 62, 1, 1, inf, 5, 232, 13, 525, 45, 1, 1, 3, 1, 3, inf, inf, 9, 8, 12, 24, 1, 1, 92, 59, 82, 1, 2, 3, 146, 2839, 1, 1, 17, 1632, 1, 2, 1, 2, 7, 2, 154, 1, 2, 8, 1, 1, 591, inf, 13, 1, 1, 16, 712, 2, 1, 9, 1, 4, 96, 1, 4, 250, 2, 110, 1, 77, 2292, 1, 2, 7, 169, 3, 3, inf, inf, 2, 3, 1965, 353, 1, 6, 543, 18, inf, 11, 8, inf, 2, 1, 2, inf, inf, 7, 2, 2932, 4, 39, 1, 39, 2, 1, inf, 1, 11, inf, 44, 224, 3, 1, 883, 3, 269, 2, 2760, 1, 1, 5, 5, 1, 39, 2, 2, 22, 39, 5, 4, 17, 6, 152, 141, 28, 8, 358, 2, 1, 20, 777, 1, 11, 4, 5, 52, 2, 37, 1, 53, 2, 5, 9, 1, 3, 133, 46, 1, 7, 2, 1, 2, inf, 2, 1, 1, 13, 4, 6797, 265, 32, 53, 2, 2, 8, 227, 87, 19, inf, 2, 1, 1, 4, 2, 5915, 1, 3, inf, 8, inf, inf, 1, 1, 1, 4, 2, 3, 1, inf, 2, 1, 4, 29, inf, 1, 2, 4, 1, 241, inf, 7, 4, 2, inf, 21, 4, 13, 1, 148, 1, 14, 7, 1, 1, 1, inf, 1, 63, 31, 2, 15, 2, 2, 2, 39, inf, 2, 1, 1, 1, 1, 1, 1, 1, 1, 7, 65152, 1556, 1, 139, 4413, 8, 1, 7, 61, 1, 4, 8, 38, 52, 2, inf, inf, 1, 1, 1, 6, inf, inf, 30, 2, 11, 19, inf, 9, 88, 1, 1, 8, 4, 129, 1, 1, inf, 5, 3, inf, 1, 19, 34, 1, 5, 2, inf, 470, 75, 11]
2022-08-25 Thursday 11:26:03:INFO: It completed at: 2022-08-25 11:26:03.551930
2022-08-25 Thursday 11:26:03:INFO: Completed after: 3 days, 1:06:10.706286
