2022-08-18 Thursday 01:55:05:INFO: {'bug_database': 'dataset/eclipse-old/eclipse-old_soft_clean.json', 'database_name': 'eclipse-old', 'epochs': 12, 'lr': 0.001, 'l2': 0.0, 'batch_size': 256, 'ranking_batch_size': 512, 'ranking_n_workers': 2, 'cuda': True, 'cache_folder': 'scratch/temp/', 'pairs_training': 'dataset/eclipse-old/training_split_eclipse-old_pairs_random_1.txt', 'pairs_validation': 'dataset/eclipse-old/validation_eclipse-old_pairs_random_1.txt', 'neg_pair_generator': {'type': 'non_negative', 'training': 'dataset/eclipse-old/training_eclipse-old.txt', 'rate': 1, 'pre_list_file': None, 'k': 0, 'n_tries': 15, 'preselected_length': None, 'random_anchor': True}, 'loss': 'bce', 'margin': 0, 'categorical': {'lexicons': 'dataset/eclipse-old/categorical_lexicons.json', 'bn_last_layer': False, 'emb_size': 20, 'hidden_sizes': [40], 'dropout': 0.0, 'activation': 'relu', 'batch_normalization': False, 'layer_norm': False}, 'compare_aggregation': {'word_embedding': 'word_embedding/eclipse-old/glove_42B_300d_eclipse-old.npy', 'norm_word_embedding': False, 'lexicon': 'word_embedding/eclipse-old/glove_42B_300d_eclipse-old.lxc', 'sent_representation': None, 'tokenizer': 'white_space', 'bow': False, 'frequency': False, 'extractor': {'update_embedding': False, 'filters': ['TransformLowerCaseFilter'], 'hidden_size': 150, 'dropout': 0.0, 'layer_norm': False, 'txt_field_emb_size': 5, 'field_word_combination': 'cat', 'emb_dropout': 0.0, 'scaled_attention': True, 'model': 'linear', 'use_categorical': False, 'bidirectional': True}, 'matching': {'type': 'full', 'scaled_attention': True, 'comparison_hidden_size': 100, 'dropout': 0.0, 'residual': True, 'layer_norm': False, 'attention_hidden_size': 200, 'attention': 'dot_product', 'comparison_func': 'submult+nn'}, 'aggregate': {'model': 'lstm', 'window': [3, 4, 5], 'nfilters': 100, 'hidden_size': 150, 'dropout': 0.0, 'bidirectional': True, 'num_layers': 1, 'self_att_hidden': 50, 'layer_norm': False, 'n_hops': 20}, 'classifier': {'hidden_size': [300], 'output_act': 'sigmoid', 'hadamard_diff_textual': True, 'hadamard_diff_categorical': True, 'textual_hidden_layer': 600, 'categorical_hidden_layer': 40, 'categorical_dropout': 0.0, 'dropout': 0.0, 'only_candidate': False, 'layer_norm': False, 'batch_normalization': False}}, 'random_switch': True, 'recall_estimation_train': None, 'recall_estimation': None, 'sample_size_rr_tr': 0, 'sample_size_rr_val': 0, 'rr_val_epoch': 100, 'rr_train_epoch': 100, 'ranking_result_file': None, 'optimizer': 'adam', 'lr_scheduler': None, 'save': None, 'save_by_epoch': None, 'load': None, 'recall_rate': {'type': 'sun2011', 'dataset': 'dataset/eclipse-old/test_eclipse-old.txt', 'result_file': None, 'group_by_master': True, 'window': 365}, 'pair_test_dataset': None, 'rep': {'model': None, 'input': None, 'training': None, 'rate': 1, 'neg_training': 10000, 'k': 1000}, 'rr_scorer': 'general', 'seed': 435901902}
2022-08-18 Thursday 01:55:05:INFO: It started at: 2022-08-18 01:55:05.729897
2022-08-18 Thursday 01:55:07:INFO: Turning CUDA on
2022-08-18 Thursday 01:55:07:INFO: Using Categorical Information.
2022-08-18 Thursday 01:55:07:INFO: Lexicon size: 47070
2022-08-18 Thursday 01:55:07:INFO: Word Embedding size: 300
2022-08-18 Thursday 01:55:07:INFO: Use white space tokenizer to tokenize summary information
2022-08-18 Thursday 01:55:07:INFO: BoW=False and TF=False
2022-08-18 Thursday 01:55:07:INFO: Using Summary and Description information.
2022-08-18 Thursday 01:55:07:INFO: Using BCE Loss: margin=0
2022-08-18 Thursday 01:55:11:INFO: Non Negative Pair Generator
2022-08-18 Thursday 01:55:11:INFO: Using the following dataset to generate negative examples: Database: eclipse-old; Order by Date; Master report is the newest oneWe keep nested master reports; Database: eclipse-old; Order by Date; Master report is the newest oneWe keep nested master reports;. Number of bugs in the training: 49355
2022-08-18 Thursday 01:55:12:INFO: Training size: 8668
2022-08-18 Thursday 01:55:12:INFO: Validation size: 296
2022-08-18 Thursday 01:55:12:INFO: Adam
2022-08-18 Thursday 01:55:12:INFO: Scheduler: Constant
2022-08-18 Thursday 01:55:12:INFO: Epoch: 1
2022-08-18 Thursday 01:55:12:INFO: LR: 0.001
2022-08-18 Thursday 01:55:25:INFO: {'type': 'metric', 'label': 'training_loss', 'epoch': 1, 'value': 0.4206724128774855, 'sum': 3646.3884748220444, 'num_example': 8668}
2022-08-18 Thursday 01:55:25:INFO: {'type': 'metric', 'label': 'training_dist_target', 'value': (0.2884246942135503, 0.280074781242691), 'epoch': 1}
2022-08-18 Thursday 01:55:25:INFO: {'type': 'metric', 'label': 'training_acc', 'epoch': 1, 'value': 0.7809183202584218, 'num_correct': 6769, 'num_example': 8668}
2022-08-18 Thursday 01:55:25:INFO: {'type': 'metric', 'label': 'training_precision', 'epoch': 1, 'value': 0.7843961715698242, 'positive': 3358.0, 'total': 4281.0}
2022-08-18 Thursday 01:55:25:INFO: {'type': 'metric', 'label': 'training_recall', 'epoch': 1, 'value': 0.774803876876831, 'positive': 3358.0, 'total': 4334.0}
2022-08-18 Thursday 01:55:25:INFO: {'type': 'metric', 'label': 'validation_loss', 'epoch': 1, 'value': 0.1805850952058225, 'sum': 53.45318818092346, 'num_example': 296}
2022-08-18 Thursday 01:55:25:INFO: {'type': 'metric', 'label': 'validation_dist_target', 'value': (0.04021882285942902, 0.17002051907616691), 'epoch': 1}
2022-08-18 Thursday 01:55:25:INFO: {'type': 'metric', 'label': 'validation_acc', 'epoch': 1, 'value': 0.918918918918919, 'num_correct': 272, 'num_example': 296}
2022-08-18 Thursday 01:55:25:INFO: {'type': 'metric', 'label': 'validation_precision', 'epoch': 1, 'value': 0.9769230484962463, 'positive': 127.0, 'total': 130.0}
2022-08-18 Thursday 01:55:25:INFO: {'type': 'metric', 'label': 'validation_recall', 'epoch': 1, 'value': 0.8581081032752991, 'positive': 127.0, 'total': 148.0}
2022-08-18 Thursday 01:55:27:INFO: Epoch: 2
2022-08-18 Thursday 01:55:27:INFO: LR: 0.001
2022-08-18 Thursday 01:55:40:INFO: {'type': 'metric', 'label': 'training_loss', 'epoch': 2, 'value': 0.13140671233159637, 'sum': 1139.0333824902773, 'num_example': 8668}
2022-08-18 Thursday 01:55:40:INFO: {'type': 'metric', 'label': 'training_dist_target', 'value': (0.07548786766472972, 0.07654771652978634), 'epoch': 2}
2022-08-18 Thursday 01:55:40:INFO: {'type': 'metric', 'label': 'training_acc', 'epoch': 2, 'value': 0.950392247346562, 'num_correct': 8238, 'num_example': 8668}
2022-08-18 Thursday 01:55:40:INFO: {'type': 'metric', 'label': 'training_precision', 'epoch': 2, 'value': 0.9565014243125916, 'positive': 4090.0, 'total': 4276.0}
2022-08-18 Thursday 01:55:40:INFO: {'type': 'metric', 'label': 'training_recall', 'epoch': 2, 'value': 0.9437009692192078, 'positive': 4090.0, 'total': 4334.0}
2022-08-18 Thursday 01:55:40:INFO: {'type': 'metric', 'label': 'validation_loss', 'epoch': 2, 'value': 0.09541970592092823, 'sum': 28.244232952594757, 'num_example': 296}
2022-08-18 Thursday 01:55:40:INFO: {'type': 'metric', 'label': 'validation_dist_target', 'value': (0.040286135633249544, 0.07543181406485068), 'epoch': 2}
2022-08-18 Thursday 01:55:40:INFO: {'type': 'metric', 'label': 'validation_acc', 'epoch': 2, 'value': 0.9695945945945946, 'num_correct': 287, 'num_example': 296}
2022-08-18 Thursday 01:55:40:INFO: {'type': 'metric', 'label': 'validation_precision', 'epoch': 2, 'value': 0.9860140085220337, 'positive': 141.0, 'total': 143.0}
2022-08-18 Thursday 01:55:40:INFO: {'type': 'metric', 'label': 'validation_recall', 'epoch': 2, 'value': 0.9527027010917664, 'positive': 141.0, 'total': 148.0}
2022-08-18 Thursday 01:55:42:INFO: Epoch: 3
2022-08-18 Thursday 01:55:42:INFO: LR: 0.001
2022-08-18 Thursday 01:55:55:INFO: {'type': 'metric', 'label': 'training_loss', 'epoch': 3, 'value': 0.07244391882397581, 'sum': 627.9438883662224, 'num_example': 8668}
2022-08-18 Thursday 01:55:55:INFO: {'type': 'metric', 'label': 'training_dist_target', 'value': (0.03922410686829148, 0.04314220215683441), 'epoch': 3}
2022-08-18 Thursday 01:55:55:INFO: {'type': 'metric', 'label': 'training_acc', 'epoch': 3, 'value': 0.9732348869404707, 'num_correct': 8436, 'num_example': 8668}
2022-08-18 Thursday 01:55:55:INFO: {'type': 'metric', 'label': 'training_precision', 'epoch': 3, 'value': 0.9747685194015503, 'positive': 4211.0, 'total': 4320.0}
2022-08-18 Thursday 01:55:55:INFO: {'type': 'metric', 'label': 'training_recall', 'epoch': 3, 'value': 0.971619725227356, 'positive': 4211.0, 'total': 4334.0}
2022-08-18 Thursday 01:55:55:INFO: {'type': 'metric', 'label': 'validation_loss', 'epoch': 3, 'value': 0.06680072305371633, 'sum': 19.773014023900032, 'num_example': 296}
2022-08-18 Thursday 01:55:55:INFO: {'type': 'metric', 'label': 'validation_dist_target', 'value': (0.03721124900353921, 0.03456785066707714), 'epoch': 3}
2022-08-18 Thursday 01:55:55:INFO: {'type': 'metric', 'label': 'validation_acc', 'epoch': 3, 'value': 0.9797297297297297, 'num_correct': 290, 'num_example': 296}
2022-08-18 Thursday 01:55:55:INFO: {'type': 'metric', 'label': 'validation_precision', 'epoch': 3, 'value': 0.9797297120094299, 'positive': 145.0, 'total': 148.0}
2022-08-18 Thursday 01:55:55:INFO: {'type': 'metric', 'label': 'validation_recall', 'epoch': 3, 'value': 0.9797297120094299, 'positive': 145.0, 'total': 148.0}
2022-08-18 Thursday 01:55:58:INFO: Epoch: 4
2022-08-18 Thursday 01:55:58:INFO: LR: 0.001
2022-08-18 Thursday 01:56:10:INFO: {'type': 'metric', 'label': 'training_loss', 'epoch': 4, 'value': 0.06743652838740857, 'sum': 584.5398280620575, 'num_example': 8668}
2022-08-18 Thursday 01:56:10:INFO: {'type': 'metric', 'label': 'training_dist_target', 'value': (0.03744834650481523, 0.03857300060929711), 'epoch': 4}
2022-08-18 Thursday 01:56:10:INFO: {'type': 'metric', 'label': 'training_acc', 'epoch': 4, 'value': 0.9750807568066451, 'num_correct': 8452, 'num_example': 8668}
2022-08-18 Thursday 01:56:10:INFO: {'type': 'metric', 'label': 'training_precision', 'epoch': 4, 'value': 0.9728984832763672, 'positive': 4236.0, 'total': 4354.0}
2022-08-18 Thursday 01:56:10:INFO: {'type': 'metric', 'label': 'training_recall', 'epoch': 4, 'value': 0.9773880839347839, 'positive': 4236.0, 'total': 4334.0}
2022-08-18 Thursday 01:56:10:INFO: {'type': 'metric', 'label': 'validation_loss', 'epoch': 4, 'value': 0.08122356054750648, 'sum': 24.04217392206192, 'num_example': 296}
2022-08-18 Thursday 01:56:10:INFO: {'type': 'metric', 'label': 'validation_dist_target', 'value': (0.026085169180422217, 0.05506178172858986), 'epoch': 4}
2022-08-18 Thursday 01:56:10:INFO: {'type': 'metric', 'label': 'validation_acc', 'epoch': 4, 'value': 0.9763513513513513, 'num_correct': 289, 'num_example': 296}
2022-08-18 Thursday 01:56:10:INFO: {'type': 'metric', 'label': 'validation_precision', 'epoch': 4, 'value': 0.9862068891525269, 'positive': 143.0, 'total': 145.0}
2022-08-18 Thursday 01:56:10:INFO: {'type': 'metric', 'label': 'validation_recall', 'epoch': 4, 'value': 0.9662162065505981, 'positive': 143.0, 'total': 148.0}
2022-08-18 Thursday 01:56:14:INFO: Epoch: 5
2022-08-18 Thursday 01:56:14:INFO: LR: 0.001
2022-08-18 Thursday 01:56:27:INFO: {'type': 'metric', 'label': 'training_loss', 'epoch': 5, 'value': 0.06704457037848814, 'sum': 581.1423360407352, 'num_example': 8668}
2022-08-18 Thursday 01:56:27:INFO: {'type': 'metric', 'label': 'training_dist_target', 'value': (0.035915274607953684, 0.036336512707541714), 'epoch': 5}
2022-08-18 Thursday 01:56:27:INFO: {'type': 'metric', 'label': 'training_acc', 'epoch': 5, 'value': 0.9770419935394554, 'num_correct': 8469, 'num_example': 8668}
2022-08-18 Thursday 01:56:27:INFO: {'type': 'metric', 'label': 'training_precision', 'epoch': 5, 'value': 0.9732204079627991, 'positive': 4252.0, 'total': 4369.0}
2022-08-18 Thursday 01:56:27:INFO: {'type': 'metric', 'label': 'training_recall', 'epoch': 5, 'value': 0.9810798168182373, 'positive': 4252.0, 'total': 4334.0}
2022-08-18 Thursday 01:56:27:INFO: {'type': 'metric', 'label': 'validation_loss', 'epoch': 5, 'value': 0.060643316271740036, 'sum': 17.95042161643505, 'num_example': 296}
2022-08-18 Thursday 01:56:27:INFO: {'type': 'metric', 'label': 'validation_dist_target', 'value': (0.03085961379110813, 0.03719221136054477), 'epoch': 5}
2022-08-18 Thursday 01:56:27:INFO: {'type': 'metric', 'label': 'validation_acc', 'epoch': 5, 'value': 0.972972972972973, 'num_correct': 288, 'num_example': 296}
2022-08-18 Thursday 01:56:27:INFO: {'type': 'metric', 'label': 'validation_precision', 'epoch': 5, 'value': 0.9666666388511658, 'positive': 145.0, 'total': 150.0}
2022-08-18 Thursday 01:56:27:INFO: {'type': 'metric', 'label': 'validation_recall', 'epoch': 5, 'value': 0.9797297120094299, 'positive': 145.0, 'total': 148.0}
2022-08-18 Thursday 01:56:30:INFO: Epoch: 6
2022-08-18 Thursday 01:56:30:INFO: LR: 0.001
2022-08-18 Thursday 01:56:43:INFO: {'type': 'metric', 'label': 'training_loss', 'epoch': 6, 'value': 0.06181566706198011, 'sum': 535.8182020932436, 'num_example': 8668}
2022-08-18 Thursday 01:56:43:INFO: {'type': 'metric', 'label': 'training_dist_target', 'value': (0.03542965729980904, 0.03497836561757516), 'epoch': 6}
2022-08-18 Thursday 01:56:43:INFO: {'type': 'metric', 'label': 'training_acc', 'epoch': 6, 'value': 0.9769266266728196, 'num_correct': 8468, 'num_example': 8668}
2022-08-18 Thursday 01:56:43:INFO: {'type': 'metric', 'label': 'training_precision', 'epoch': 6, 'value': 0.9719178080558777, 'positive': 4257.0, 'total': 4380.0}
2022-08-18 Thursday 01:56:43:INFO: {'type': 'metric', 'label': 'training_recall', 'epoch': 6, 'value': 0.9822335243225098, 'positive': 4257.0, 'total': 4334.0}
2022-08-18 Thursday 01:56:43:INFO: {'type': 'metric', 'label': 'validation_loss', 'epoch': 6, 'value': 0.04506001329502544, 'sum': 13.33776393532753, 'num_example': 296}
2022-08-18 Thursday 01:56:43:INFO: {'type': 'metric', 'label': 'validation_dist_target', 'value': (0.008853962582007453, 0.03876648279460701), 'epoch': 6}
2022-08-18 Thursday 01:56:43:INFO: {'type': 'metric', 'label': 'validation_acc', 'epoch': 6, 'value': 0.9932432432432432, 'num_correct': 294, 'num_example': 296}
2022-08-18 Thursday 01:56:43:INFO: {'type': 'metric', 'label': 'validation_precision', 'epoch': 6, 'value': 1.0, 'positive': 146.0, 'total': 146.0}
2022-08-18 Thursday 01:56:43:INFO: {'type': 'metric', 'label': 'validation_recall', 'epoch': 6, 'value': 0.9864864945411682, 'positive': 146.0, 'total': 148.0}
2022-08-18 Thursday 01:56:48:INFO: Epoch: 7
2022-08-18 Thursday 01:56:48:INFO: LR: 0.001
2022-08-18 Thursday 01:57:01:INFO: {'type': 'metric', 'label': 'training_loss', 'epoch': 7, 'value': 0.06984391524170641, 'sum': 605.4070573151112, 'num_example': 8668}
2022-08-18 Thursday 01:57:01:INFO: {'type': 'metric', 'label': 'training_dist_target', 'value': (0.03901767628942154, 0.040261855172736886), 'epoch': 7}
2022-08-18 Thursday 01:57:01:INFO: {'type': 'metric', 'label': 'training_acc', 'epoch': 7, 'value': 0.974042455006922, 'num_correct': 8443, 'num_example': 8668}
2022-08-18 Thursday 01:57:01:INFO: {'type': 'metric', 'label': 'training_precision', 'epoch': 7, 'value': 0.9696000218391418, 'positive': 4242.0, 'total': 4375.0}
2022-08-18 Thursday 01:57:01:INFO: {'type': 'metric', 'label': 'training_recall', 'epoch': 7, 'value': 0.9787725210189819, 'positive': 4242.0, 'total': 4334.0}
2022-08-18 Thursday 01:57:01:INFO: {'type': 'metric', 'label': 'validation_loss', 'epoch': 7, 'value': 0.05230845563818474, 'sum': 15.483302868902683, 'num_example': 296}
2022-08-18 Thursday 01:57:01:INFO: {'type': 'metric', 'label': 'validation_dist_target', 'value': (0.020661127678043133, 0.03564400205741058), 'epoch': 7}
2022-08-18 Thursday 01:57:01:INFO: {'type': 'metric', 'label': 'validation_acc', 'epoch': 7, 'value': 0.9763513513513513, 'num_correct': 289, 'num_example': 296}
2022-08-18 Thursday 01:57:01:INFO: {'type': 'metric', 'label': 'validation_precision', 'epoch': 7, 'value': 0.9795918464660645, 'positive': 144.0, 'total': 147.0}
2022-08-18 Thursday 01:57:01:INFO: {'type': 'metric', 'label': 'validation_recall', 'epoch': 7, 'value': 0.9729729890823364, 'positive': 144.0, 'total': 148.0}
2022-08-18 Thursday 01:57:07:INFO: Epoch: 8
2022-08-18 Thursday 01:57:07:INFO: LR: 0.001
2022-08-18 Thursday 01:57:20:INFO: {'type': 'metric', 'label': 'training_loss', 'epoch': 8, 'value': 0.05661079943623612, 'sum': 490.7024095132947, 'num_example': 8668}
2022-08-18 Thursday 01:57:20:INFO: {'type': 'metric', 'label': 'training_dist_target', 'value': (0.032965494016375364, 0.033180307492056804), 'epoch': 8}
2022-08-18 Thursday 01:57:20:INFO: {'type': 'metric', 'label': 'training_acc', 'epoch': 8, 'value': 0.9795800646054453, 'num_correct': 8491, 'num_example': 8668}
2022-08-18 Thursday 01:57:20:INFO: {'type': 'metric', 'label': 'training_precision', 'epoch': 8, 'value': 0.9731391072273254, 'positive': 4275.0, 'total': 4393.0}
2022-08-18 Thursday 01:57:20:INFO: {'type': 'metric', 'label': 'training_recall', 'epoch': 8, 'value': 0.9863867163658142, 'positive': 4275.0, 'total': 4334.0}
2022-08-18 Thursday 01:57:20:INFO: {'type': 'metric', 'label': 'validation_loss', 'epoch': 8, 'value': 0.0633100128254375, 'sum': 18.7397637963295, 'num_example': 296}
2022-08-18 Thursday 01:57:20:INFO: {'type': 'metric', 'label': 'validation_dist_target', 'value': (0.007406131861530043, 0.05238716505669259), 'epoch': 8}
2022-08-18 Thursday 01:57:20:INFO: {'type': 'metric', 'label': 'validation_acc', 'epoch': 8, 'value': 0.9763513513513513, 'num_correct': 289, 'num_example': 296}
2022-08-18 Thursday 01:57:20:INFO: {'type': 'metric', 'label': 'validation_precision', 'epoch': 8, 'value': 0.9930070042610168, 'positive': 142.0, 'total': 143.0}
2022-08-18 Thursday 01:57:20:INFO: {'type': 'metric', 'label': 'validation_recall', 'epoch': 8, 'value': 0.9594594836235046, 'positive': 142.0, 'total': 148.0}
2022-08-18 Thursday 01:57:32:INFO: Epoch: 9
2022-08-18 Thursday 01:57:32:INFO: LR: 0.001
2022-08-18 Thursday 01:57:45:INFO: {'type': 'metric', 'label': 'training_loss', 'epoch': 9, 'value': 0.08517326092081902, 'sum': 738.2818256616592, 'num_example': 8668}
2022-08-18 Thursday 01:57:45:INFO: {'type': 'metric', 'label': 'training_dist_target', 'value': (0.046733882469024095, 0.04611404114293238), 'epoch': 9}
2022-08-18 Thursday 01:57:45:INFO: {'type': 'metric', 'label': 'training_acc', 'epoch': 9, 'value': 0.9701199815413013, 'num_correct': 8409, 'num_example': 8668}
2022-08-18 Thursday 01:57:45:INFO: {'type': 'metric', 'label': 'training_precision', 'epoch': 9, 'value': 0.9633841514587402, 'positive': 4236.0, 'total': 4397.0}
2022-08-18 Thursday 01:57:45:INFO: {'type': 'metric', 'label': 'training_recall', 'epoch': 9, 'value': 0.9773880839347839, 'positive': 4236.0, 'total': 4334.0}
2022-08-18 Thursday 01:57:45:INFO: {'type': 'metric', 'label': 'validation_loss', 'epoch': 9, 'value': 0.052366633748484624, 'sum': 15.500523589551449, 'num_example': 296}
2022-08-18 Thursday 01:57:45:INFO: {'type': 'metric', 'label': 'validation_dist_target', 'value': (0.01774451295322915, 0.028169515567856865), 'epoch': 9}
2022-08-18 Thursday 01:57:45:INFO: {'type': 'metric', 'label': 'validation_acc', 'epoch': 9, 'value': 0.9864864864864865, 'num_correct': 292, 'num_example': 296}
2022-08-18 Thursday 01:57:45:INFO: {'type': 'metric', 'label': 'validation_precision', 'epoch': 9, 'value': 0.9864864945411682, 'positive': 146.0, 'total': 148.0}
2022-08-18 Thursday 01:57:45:INFO: {'type': 'metric', 'label': 'validation_recall', 'epoch': 9, 'value': 0.9864864945411682, 'positive': 146.0, 'total': 148.0}
2022-08-18 Thursday 01:57:52:INFO: Epoch: 10
2022-08-18 Thursday 01:57:52:INFO: LR: 0.001
2022-08-18 Thursday 01:58:05:INFO: {'type': 'metric', 'label': 'training_loss', 'epoch': 10, 'value': 0.049929580293221025, 'sum': 432.78960198163986, 'num_example': 8668}
2022-08-18 Thursday 01:58:05:INFO: {'type': 'metric', 'label': 'training_dist_target', 'value': (0.02875508720774666, 0.02697866767246051), 'epoch': 10}
2022-08-18 Thursday 01:58:05:INFO: {'type': 'metric', 'label': 'training_acc', 'epoch': 10, 'value': 0.9821181356714351, 'num_correct': 8513, 'num_example': 8668}
2022-08-18 Thursday 01:58:05:INFO: {'type': 'metric', 'label': 'training_precision', 'epoch': 10, 'value': 0.9752103686332703, 'positive': 4288.0, 'total': 4397.0}
2022-08-18 Thursday 01:58:05:INFO: {'type': 'metric', 'label': 'training_recall', 'epoch': 10, 'value': 0.989386260509491, 'positive': 4288.0, 'total': 4334.0}
2022-08-18 Thursday 01:58:05:INFO: {'type': 'metric', 'label': 'validation_loss', 'epoch': 10, 'value': 0.17661939319726583, 'sum': 52.279340386390686, 'num_example': 296}
2022-08-18 Thursday 01:58:05:INFO: {'type': 'metric', 'label': 'validation_dist_target', 'value': (0.0002595292799752143, 0.11348816510793325), 'epoch': 10}
2022-08-18 Thursday 01:58:05:INFO: {'type': 'metric', 'label': 'validation_acc', 'epoch': 10, 'value': 0.956081081081081, 'num_correct': 283, 'num_example': 296}
2022-08-18 Thursday 01:58:05:INFO: {'type': 'metric', 'label': 'validation_precision', 'epoch': 10, 'value': 1.0, 'positive': 135.0, 'total': 135.0}
2022-08-18 Thursday 01:58:05:INFO: {'type': 'metric', 'label': 'validation_recall', 'epoch': 10, 'value': 0.912162184715271, 'positive': 135.0, 'total': 148.0}
2022-08-18 Thursday 01:58:29:INFO: Epoch: 11
2022-08-18 Thursday 01:58:29:INFO: LR: 0.001
2022-08-18 Thursday 01:58:37:INFO: {'type': 'metric', 'label': 'training_loss', 'epoch': 11, 'value': 0.14353200514892955, 'sum': 731.439098238945, 'num_example': 5096}
2022-08-18 Thursday 01:58:37:INFO: {'type': 'metric', 'label': 'training_dist_target', 'value': (0.0823431241456156, 0.08195294063169878), 'epoch': 11}
2022-08-18 Thursday 01:58:37:INFO: {'type': 'metric', 'label': 'training_acc', 'epoch': 11, 'value': 0.9468210361067504, 'num_correct': 4825, 'num_example': 5096}
2022-08-18 Thursday 01:58:37:INFO: {'type': 'metric', 'label': 'training_precision', 'epoch': 11, 'value': 0.9360398054122925, 'positive': 2444.0, 'total': 2611.0}
2022-08-18 Thursday 01:58:37:INFO: {'type': 'metric', 'label': 'training_recall', 'epoch': 11, 'value': 0.9591836929321289, 'positive': 2444.0, 'total': 2548.0}
2022-08-18 Thursday 01:58:37:INFO: {'type': 'metric', 'label': 'validation_loss', 'epoch': 11, 'value': 0.11921030182290722, 'sum': 35.286249339580536, 'num_example': 296}
2022-08-18 Thursday 01:58:37:INFO: {'type': 'metric', 'label': 'validation_dist_target', 'value': (0.000982482436607038, 0.0963039672052538), 'epoch': 11}
2022-08-18 Thursday 01:58:37:INFO: {'type': 'metric', 'label': 'validation_acc', 'epoch': 11, 'value': 0.9662162162162162, 'num_correct': 286, 'num_example': 296}
2022-08-18 Thursday 01:58:37:INFO: {'type': 'metric', 'label': 'validation_precision', 'epoch': 11, 'value': 1.0, 'positive': 138.0, 'total': 138.0}
2022-08-18 Thursday 01:58:37:INFO: {'type': 'metric', 'label': 'validation_recall', 'epoch': 11, 'value': 0.9324324131011963, 'positive': 138.0, 'total': 148.0}
2022-08-18 Thursday 01:59:00:INFO: Epoch: 12
2022-08-18 Thursday 01:59:00:INFO: LR: 0.001
2022-08-18 Thursday 01:59:13:INFO: {'type': 'metric', 'label': 'training_loss', 'epoch': 12, 'value': 0.09824701366979624, 'sum': 851.6051144897938, 'num_example': 8668}
2022-08-18 Thursday 01:59:13:INFO: {'type': 'metric', 'label': 'training_dist_target', 'value': (0.054368568363418544, 0.05281272914258907), 'epoch': 12}
2022-08-18 Thursday 01:59:13:INFO: {'type': 'metric', 'label': 'training_acc', 'epoch': 12, 'value': 0.9636594370096908, 'num_correct': 8353, 'num_example': 8668}
2022-08-18 Thursday 01:59:13:INFO: {'type': 'metric', 'label': 'training_precision', 'epoch': 12, 'value': 0.9528961181640625, 'positive': 4228.0, 'total': 4437.0}
2022-08-18 Thursday 01:59:13:INFO: {'type': 'metric', 'label': 'training_recall', 'epoch': 12, 'value': 0.9755422472953796, 'positive': 4228.0, 'total': 4334.0}
2022-08-18 Thursday 01:59:13:INFO: {'type': 'metric', 'label': 'validation_loss', 'epoch': 12, 'value': 0.2880800430839126, 'sum': 85.27169275283813, 'num_example': 296}
2022-08-18 Thursday 01:59:13:INFO: {'type': 'metric', 'label': 'validation_dist_target', 'value': (7.662938551712196e-05, 0.183125605454316), 'epoch': 12}
2022-08-18 Thursday 01:59:13:INFO: {'type': 'metric', 'label': 'validation_acc', 'epoch': 12, 'value': 0.9324324324324325, 'num_correct': 276, 'num_example': 296}
2022-08-18 Thursday 01:59:13:INFO: {'type': 'metric', 'label': 'validation_precision', 'epoch': 12, 'value': 1.0, 'positive': 128.0, 'total': 128.0}
2022-08-18 Thursday 01:59:13:INFO: {'type': 'metric', 'label': 'validation_recall', 'epoch': 12, 'value': 0.8648648858070374, 'positive': 128.0, 'total': 148.0}
2022-08-18 Thursday 01:59:13:INFO: Calculating recall rate: sun2011
2022-08-18 Thursday 02:31:22:INFO: RR calculation - 500 duplicate reports were processed
2022-08-18 Thursday 03:03:35:INFO: RR calculation - 1000 duplicate reports were processed
2022-08-18 Thursday 03:52:22:INFO: RR calculation - 1500 duplicate reports were processed
2022-08-18 Thursday 04:51:57:INFO: RR calculation - 2000 duplicate reports were processed
2022-08-18 Thursday 05:49:56:INFO: RR calculation - 2500 duplicate reports were processed
2022-08-18 Thursday 06:45:47:INFO: RR calculation - 3000 duplicate reports were processed
2022-08-18 Thursday 06:49:20:INFO: [] Throughput: 0.17401784857996394 bugs per second (bugs=3029 ,seconds=17406.26047682762)
2022-08-18 Thursday 06:49:20:INFO: {'type': 'metric', 'label': 'recall_rate', 'k': 1, 'rate': 0.543083525916144, 'hit': 1645, 'total': 3029, 'epoch': 0}
2022-08-18 Thursday 06:49:20:INFO: {'type': 'metric', 'label': 'recall_rate', 'k': 2, 'rate': 0.630901287553648, 'hit': 1911, 'total': 3029, 'epoch': 0}
2022-08-18 Thursday 06:49:20:INFO: {'type': 'metric', 'label': 'recall_rate', 'k': 3, 'rate': 0.6688676130736216, 'hit': 2026, 'total': 3029, 'epoch': 0}
2022-08-18 Thursday 06:49:20:INFO: {'type': 'metric', 'label': 'recall_rate', 'k': 4, 'rate': 0.6913172664245626, 'hit': 2094, 'total': 3029, 'epoch': 0}
2022-08-18 Thursday 06:49:20:INFO: {'type': 'metric', 'label': 'recall_rate', 'k': 5, 'rate': 0.7131066358534169, 'hit': 2160, 'total': 3029, 'epoch': 0}
2022-08-18 Thursday 06:49:20:INFO: {'type': 'metric', 'label': 'recall_rate', 'k': 6, 'rate': 0.7286233080224497, 'hit': 2207, 'total': 3029, 'epoch': 0}
2022-08-18 Thursday 06:49:20:INFO: {'type': 'metric', 'label': 'recall_rate', 'k': 7, 'rate': 0.7408385605810498, 'hit': 2244, 'total': 3029, 'epoch': 0}
2022-08-18 Thursday 06:49:20:INFO: {'type': 'metric', 'label': 'recall_rate', 'k': 8, 'rate': 0.7494222515681743, 'hit': 2270, 'total': 3029, 'epoch': 0}
2022-08-18 Thursday 06:49:20:INFO: {'type': 'metric', 'label': 'recall_rate', 'k': 9, 'rate': 0.7560250907890392, 'hit': 2290, 'total': 3029, 'epoch': 0}
2022-08-18 Thursday 06:49:20:INFO: {'type': 'metric', 'label': 'recall_rate', 'k': 10, 'rate': 0.7616375041267746, 'hit': 2307, 'total': 3029, 'epoch': 0}
2022-08-18 Thursday 06:49:20:INFO: {'type': 'metric', 'label': 'recall_rate', 'k': 11, 'rate': 0.768900627269726, 'hit': 2329, 'total': 3029, 'epoch': 0}
2022-08-18 Thursday 06:49:20:INFO: {'type': 'metric', 'label': 'recall_rate', 'k': 12, 'rate': 0.7745130406074612, 'hit': 2346, 'total': 3029, 'epoch': 0}
2022-08-18 Thursday 06:49:20:INFO: {'type': 'metric', 'label': 'recall_rate', 'k': 13, 'rate': 0.7771541762958072, 'hit': 2354, 'total': 3029, 'epoch': 0}
2022-08-18 Thursday 06:49:20:INFO: {'type': 'metric', 'label': 'recall_rate', 'k': 14, 'rate': 0.7821063057114559, 'hit': 2369, 'total': 3029, 'epoch': 0}
2022-08-18 Thursday 06:49:20:INFO: {'type': 'metric', 'label': 'recall_rate', 'k': 15, 'rate': 0.7883790029712776, 'hit': 2388, 'total': 3029, 'epoch': 0}
2022-08-18 Thursday 06:49:20:INFO: {'type': 'metric', 'label': 'recall_rate', 'k': 16, 'rate': 0.7926708484648399, 'hit': 2401, 'total': 3029, 'epoch': 0}
2022-08-18 Thursday 06:49:20:INFO: {'type': 'metric', 'label': 'recall_rate', 'k': 17, 'rate': 0.7959722680752723, 'hit': 2411, 'total': 3029, 'epoch': 0}
2022-08-18 Thursday 06:49:20:INFO: {'type': 'metric', 'label': 'recall_rate', 'k': 18, 'rate': 0.7986134037636183, 'hit': 2419, 'total': 3029, 'epoch': 0}
2022-08-18 Thursday 06:49:20:INFO: {'type': 'metric', 'label': 'recall_rate', 'k': 19, 'rate': 0.8012545394519643, 'hit': 2427, 'total': 3029, 'epoch': 0}
2022-08-18 Thursday 06:49:20:INFO: {'type': 'metric', 'label': 'recall_rate', 'k': 20, 'rate': 0.803565533179267, 'hit': 2434, 'total': 3029, 'epoch': 0}
2022-08-18 Thursday 06:49:20:INFO: {'type': 'metric', 'label': 'MAP', 'value': 0.6213159166566679, 'sum': 1881.965911553047, 'total': 3029, 'epoch': 0}
2022-08-18 Thursday 06:49:20:INFO: [1, 2, 1, 7, 15, 2, 4, 1027, inf, 50, 1, 1, 1, 5, 1, 9, 3, inf, 3, 1, 38, 394, 1, 42, 942, 1, 1, 28, 1, 27, 1, 1, 1, 1, 21, 2, 3, 3, 35, 1, 1, 4, 94, 1, 106, 7, 1, 2, 1, 21, 47, 57, 1, 9, 22, 3, 10, 7, 19, 82, 6, 1, 4, 5, 1, 11, 37, 1, inf, 1, 19, 1, 2, inf, 11, 133, inf, 6, inf, 14, 1, 2, 64, 165, 1, 2, 325, 1, 3, 234, 4, 14, 122, 255, 1, 1, 2, 1, 12, 6, 1, 6, inf, 2, 1, 1, 25, 11, inf, 1, 2, 3, 2, 7, inf, 14, 1, 3, 1, 213, 1, 3652, 1, 4, 4, 163, inf, inf, 1, 12, 36, inf, 2, 1, 1, 325, 1, 7, 1, inf, 5, 5, inf, inf, 2, 55, 1, 1, inf, 1, 20, 13, inf, 2, 15, 1, 3, 838, inf, 37, 6, 2, inf, 8, 3, 1, 16, 1, 36, 2, 25, 70, 2, inf, 1, 4, 10, 32, 2, 1, 1116, 2, 2, 1, inf, 1, 10, 1, 2, 23, inf, 2, 2, 5, 1, 2, inf, 6, 7, 2, 4, 31, 4, 148, 1, 1, 15, 2, 4, 2, 1, 986, 268, 15, 3, 31, 1, 2, 8, 2, 1, 21, 1, inf, inf, 1, 7, 1, 1, 4, 8, 4954, inf, 12, 1, 23, 1, inf, 1, 1, 1, 1, 2, 1, 1, 1, 2, 4, 1, 1070, 1, 2, 1, 1, 1, 1, 214, 211, 1, 1, inf, 1, 1, 61, 48, 2, 5, 1, inf, 7, 2, 4, 3, 6, 2, 1, 2, 4, 4, 10, 31, 5, 552, 1, 954, 1, 6, 35, 21, 1, 8, 3, 1, 3, inf, 64, inf, 20, 23, 2, 11, 3, 2, 9, 267, inf, 59, 1, 33, 3, 55, 3, 56, 1, inf, 1, 37, 2, 1, 2, inf, 11, 2, 87, 18, 2, 1, 3, 4, 1354, 596, 1, 3, 1, 2, 4, 20, 1, 1, 1, 1, 5, 1, 4, inf, 40, 495, inf, 6, 5, 63, 1, 1, 59, 38, 8, inf, 19, 1, 8, inf, 1, inf, 166, 26, 84, 1, 7, 10, 1, 1, 1, 1, inf, 1, 1, 1, 24, 2, 1, 1, 6, inf, 8, inf, inf, 9, 3, 3, 6, 67, 1, 1, 51, inf, inf, 11, 328, 1, 995, 1, 1, 67, 1, inf, 1, 4, 1, 3, 22, 90, inf, 3, 1, 7, inf, inf, 1, 30, 8, 1, inf, 37, 145, inf, inf, 28, 4, 1, 2, 1, inf, 72, 15, 2, 1, inf, 1, 5, 34, inf, 3, 3, 36, 2, 26, 49, 6, 64, 1, 5, 5, 1, inf, 1, 1, 1, 3, inf, 1, 1, 1, 22, 1, 397, 36, 16, 67, 11, inf, 199, 37, 2, 228, 3, 5, 1, 41, 1, 8, 12, 1, 2, 14, inf, inf, 1, 1, 1, 1, 1, 18, 3, 25, 2, 2, 39, 1, 1, 10, inf, 1, 1, 1, 501, 1, 1, 9, 2, 373, 8, 3, 34, 3, inf, 55, 25, 1, 11, inf, 31, 4, 1, 1, inf, inf, 1, 132, 7, 73, inf, 1, 4, inf, 14, 36, inf, 6, 7, 1, 1, 107, 1478, 6, 8, 1, inf, 1, 1, 32, 1, 1, 1, 4, 1, 1, 109, 26, 12, 1, 3, 12, 11, 22, 1, 434, 1, 13, 1, 3, 1, 1, 1, 1, 4, 22, 6, 344, 13, 1, 3, 34, 17, 1, 1, 3, 2, 7, 2, 1, 1, 2, 1, 1, 1, inf, 4, 120, 79, 89, 11, 1, 57, 1, 11, 22, 1, 1, 54, 962, 1, 1, 17, 3, 42, 100, 2, 123, 181, 1, 201, 41, 1, 1, 1, 16, 185, 1, 232, 104, 2, 7, 1, 1, 7, 2, 14, 5, 1, 8, 1, 8, 1, inf, 216, 33, 25, 5, 338, 1, 11, 260, 15, inf, 723, 25, 3, 1, 1, 12, 8, 1, 1, 1, 1, inf, inf, 1, 82, inf, 1, inf, 1, 7, 2, 1, 1, 1, 5, 1, 9, 1, 87, inf, 7, 1, 1, 39, 1, 42, 3, 4, 356, 1, 1, 2, 2, 14, 2, 59, 2, 293, 2, 2, 1, 4, 2, 12, 1, 371, 25, 14, 1, 2, 18, 18, 1, 5, 3, 1, 4, 25, 3, 2, 67, 132, 1, inf, 15, 1, 187, inf, 3, 1, 3, 18, 15, 1, 4, 58, 1, 1, 2, 11, 6, 2, 7, 1, 2, 2, 70, 947, inf, 1, 1, 1, 185, 5, 1, 40, 1, 76, 6, inf, 8, inf, 3, 38, 41, 601, 25, inf, 14, 1, inf, 15, 14, 2, 62, 23, 1, 32, 474, inf, 46, 1, 92, 1, 40, 1, 2, 5, inf, 2, 1, 21, inf, 1, 1, inf, 2, 3, 104, 1, 2, inf, 1, 305, 17, inf, 2, 1, 9, 2, 50, 5053, 1, 1, 1, 23, 2, 1, 2, 2, 2, 1, 2, 8, 5, 6, 181, 58, 2, 2, 1, 12, inf, 1, 5, 1, 1, 5, 1, 43, 1, 17, 1, 2, 1, 12, 32, 9725, 1, 1, 6, 5, 1, 35, 1, 1, 1, 1, 1, 4, 2, inf, 1, 185, 2, 1, 622, inf, 2, 50, 86, 1, 52, 70, 1, 76, inf, inf, 267, 1, 58, 3, 1, 5, 1, 10, 54, 1, 187, 2, 5, 456, 10, 2, 1, 5, 15, 41, 1, 65, 47, 1, 1, inf, 2, 11, 1, 1705, inf, 2, 1, 15, 1725, 1, 577, 1, 1, 20, 3, 1, inf, inf, 7, 1, inf, 1, inf, inf, 2, 1, 1, 2, 3, 1, 1, inf, 1, 1, 1, 13, inf, 9, 1, inf, 1, 34, 2, 1, 20, 1, 1, 1, 2, 59, inf, 1, 1, 16, 1, 1, 149, 5, 17, 4, 2, 1, 4396, 2, 1, 2, 1, 120, 7, inf, 2, 2, 12, 1, 3, inf, 693, 2, 2, 176, 1, inf, 2, inf, 11, 1, 3, inf, inf, inf, 8, 115, 1, 5, 93, 1, 1, 2, 1, 1, 1, 3, 5, 7, 12, 6, 1, inf, 153, 1, 1, 1, 1, inf, 18, 2, 6, 1, 1, 1, inf, 285, 1, 2, 2, 1, 1, inf, 1, 9, 1, 3, inf, 132, 1, inf, 1, 1, 16, 23, 8, 1, 929, 1, inf, 20, 12, 384, 7, 49, 6, 3, 8, 19, 2, inf, 412, 1, 1, 61, inf, 4, 1368, 1, 2, 1, 161, 2, 2, 1, 28, 1, 2, inf, 128, 1, 1, 5, 17, 5, 2, inf, 1, 60, 1, 1, 1, 1, 3, 1, 1, 2, 1, 2, 1, 1, 2, 1, 1, 1, 1, 1, 1, 1, 1, 1, 1, 3, 2, 4, 1, 1, 1, 21, 1, 3, 1, 1, 1, 1, 15, 1, 32, 1, 23, 1, inf, 20, 3, 1, 1, 1, 1, 1, 1, 1, 1, 16, inf, 1, 1, 1, 3, 1, 1, 1, 1, 72, 1, 1, 1, 1, 1, 1, 1, 1, inf, inf, 1, 1, 3, 4, 1, 2, 26, 1, 9, 1, 52, 1, 4, 1, 1, 1, 31, 45, 1, 372, 2, 1, inf, 10, 1, 1, 1, 1, 1, 76, 1, 3, 1, 204, 1, 6, 1, 1, 1, 1, 1, 70, inf, 145, 1, 1, 5, 2, 7, 205, 53, 32, 2, 1, 61, 1, 12, 1, 1, 1, 1, 1, 1, 5, 2, 1, 7, 4, 4, inf, 72, 1, 1, 1, 1, 1, 1, 1, 1, 142, 1, 1, 1, 1, 151, 1, 1, 2, 4, 1, 6, 423, 1, 1, 1, 1, 1, 1, 1, 1, 1, 30, 9, 196, 1, 1, 5, 1, 468, 84, 2, 15, 3, 1, 7, 1, 98, 2, 1, inf, 1, 1, 6, inf, 1, 1, inf, 2, 1, 6, 2, 1, 130, 1, 2, 1, 1, 1, 35, 1, 1, 1, 1, 2, 16, 1, 1, 1, 1, 1, 1, 1, 1, 1, 1, 1, 1, 1, 1, 1, 1, 1, 52, 1, 1, 1, 11, 1, 108, 1, 1, 1, 1, 1, 2, 1, inf, 1, 1, 2, 1, 2, 1, 1, 1, 1, 2, 9, 211, 1, 204, 3, 1, 1, 2, 4, 1, 1, 2, 1, 3, 5, 16, 1, 1, 481, 7, 1, 1, 7, 1, 1, 9, 1, 1, 9, 136, 1, inf, 1, 372, 1, 1, 1, 1, 1, 211, 2, 2, 6, 51, 3, 182, 1, 1, 8, 1, 2, 1, 1, 1, 1, 1, 1, 1, 2, 1, 4, 2, 1, 1, 1, 38, 1, 289, 1, 778, 1, 1, 1, 1, 1, 1, 1, 1, 50, 2, 1, 1, 1, 1, 1, 1, 1, 2, 1, 1, 1, 1, 1, 3, 1, 1, 1, 2, 1, 2, 1, 317, 1, 1, 1, 1, 1, 1, 1, 1, 1, 1, 1, 1, 1, 1, 1, 1, 1, 94, 1, 347, 1, 1, inf, 8, 10, 4, 1, 54, 2, 1, 1, 5, 1, 396, 1, 1, 1, 1, 2, 1, 1, 1, 1, 4, 1, 1, 1, 1, 1, 1, 1, 37, 2, 6, 1, 374, 1, 2, 1, 1, 1, 1, 1, 1, 1, 1, 9, 1, 1, 1, 1, 1, 70, 1, 1, 1, 1, 1, 1, 1, 1, 1, 1, 1, 1, 1, 1, 1, 1, 1, 1, 1, 1, 1, 1, 1, 62, 1, 1, 1, 1, 76, 5, 1, 1, 1, 318, 3, 1, 1, 1, 1, 1, 1, 1, 1, 2, 1, 1, 1, 1, 1, 1, 1, 1, 1, 1, inf, 6, 1, 1, 1, 16, 1, 1, 4, 3, 3, 1, 6, 42, 2, 2, 1, 1, 1, 1, 2, 1, 1, 1, 1, 1, 4, 1, 1, 1, 1, 1, 1, 2, 42, 3, 1, 1, 1, 1, 1, 5, 1, 1, 1, 1, 1, 548, 1, 1, 1, 1, 1, 1, 1, 1, 1, 1, 1, 1, 1, 1, 3, 1, 1, 1, 1, 1, 1, 1, 1, 1, 1, 1, 2, 2, 1, 1, 1, 1, 1, 1, 1, 1, 1, 1, 1, 1, 3, 1, 3, 1, 1, 1, 1, 1, 1, 1, 1, 1, 2, inf, 2, 15, 1, 1, 1, 1, 1, 1, 1, 47, 1, 1, 1, 1, 1, 1, 1, 1, 3, 1, 1, 1, 1, 1, 1, 1, 1, 1, 1, 1, 27, 1, 1, 1, 1, 3, 1, 5, 5, 1, 1, 1, 1, 35, 5, 2, 2, 4, 3, 1, 1, 1, 42, 1, 1, 1, 1, 1, 1, 82, 1, 1, 10, 56, 1, 1, 1, 1, 1, 29, 1, 1, 1, 1, 3, 1, 1, 1, 1, 5, 1, 1, 1, 1, 1, 1, 1, 1, 1, 1, 1, 1, 1, 1, 6, 1, 1, 1, 1, 1, 1, 3, 5, 1, 1, 1, 134, 5, 1, 1, 1, 1, 1, 3, 238, 6, 1, 1, 5, 1, 1, 851, 34, 1, 10, 1, 1, 3, 1, 1, 2, 1, 1, 1, inf, 1, 4, 1, 1, 1, 19, 1, 1, 1, 1, 1, 256, 1, 70, 2, 1, 1, 1, 2, 2, 1, 6, 1, 1, inf, 1, 1, 2, 1, 1, 15, 1, 1, 1, 1, 1, 1, 1, 1, 1, 1, 1, 1, 1, 1, inf, 17, 3, 7, 1, 1, 1, 1, 1, 1, 1, 29, 1, 2, 1, 1, 1, 1, 1, 1, 1, 1, 1, 1, 1, 3, 1, 1, 2, 1, 2, 1, 1, 1, 175, 133, 1, 1, 1, 1, 3, inf, 1, 1, 10, 1, 1, 1, 1, 1, 1, 1, 1, 2, 1, 1, 1, 31, 1, 1, 7, 5, 1, 1, 111, 1, 1, 1, 1, 1, 1, 1, 118, 1, 1, 2, 1, 1, 1, 1, 1, 1, 1, 1, 1, 3, 1, 1, 1, 1, 1, 7, 1, 1, 1, 1, 1, 6, 10, 1, 1, 1, 1, 1, 1, 1, 1, 1, 274, 7, 1, 3, 1, 1, 1, 1, 1, 1, 1, 1, 1, 1, 1, 1, 2, 1, 1, 1, 1, 1, 1, 1, 1, 1, 2, 1, 4, 1, 1, 1, 241, 2, 1, 1, 1, 1, 1, 1, 1, 1, 1, 1, 1, 1, 1, 1, 1, 1, 1, 2, 1, 22, 1, 1, 255, 1, 3, 1, 65, 1, 1, 3, 1, 1, 1, 1, 2, 1, 1, 1, 1, 1, 1, 1, 1, 1, 1, 1, 1, 1, 1, 5, 1, 1, 1, 1, 1, 1, 1, 1, 5, 1, 1, 1, 1, 1, 1, 1, 1, 1056, 2, 9, 4, inf, 1, 9, 2, 2, 1, 2, 70, inf, 1, 1, 1, 16, 340, 18, inf, 1, 1, 14, 13, 3, 1, 1, 1, 1, 2, 1, 240, 2, 1, 1, 1, 8, 1, 2, 1, 1, 1, 1, 464, 633, 1, 1, 2, 1, 1, 24, 1, 1, 1, 1, 1, 6, 1, 1, 1, inf, 1, 1, 1, 1, 1, 1, 1, 3, 1, 1, 1, 5, 1, 1, 1, 1, 1, 1, 4, 1, 1, 1, 1, 1, 1, 1, 1, 1, 1, 1, 2, 1, 2, 1, 1, 1, 1, 1, 1, 2, 2, 1, 52, 3, 13, 6, 1, 1, 1, 60, 1, 4, 1, 1, 1, 1, 1, 1, 5, 1, 2, 1, 37, 1, 1, 1, 1, 2, 17, 1, 3, 2, 1, 2, 1, 11, 1, 11, 1, 30, 118, 1, 1, 3, 1, 557, 6, 5, 1, 1, 1, 1, 1, 1, 1, inf, 172, 1924, 36, 19, 2, 2, 1, 404, 1, 1, 1, 2, 1, 34, 1, 1, 19, 1, 1, 2, 4, 1, 1, 1, 2, 15, 203, 9, 2, 1, 5, 628, 1, 1, 1, 1, 1, 1, 1, 1, 1, 1, 1, 1, inf, 3, 2, 1, 11, 1, 1, 1, 1, 1, 2, 2, 1, 1, 1, 1, 1, 1, 1, 1, 1, 2, 1, 1, 1, 1, 1, 1, 1, 3, 1, 1, 1, 1, 1, 1, 1, 1, 1, 1, 1, 1, 1, 1, 1, 1, 1, inf, 328, 1, 1, 3, 791, 1, 1, 2, 1, 1, 1, 1, 1, 2, 127, 1, 1, 1, 1, 1, 1, 1, 1, 1, 1, 1, 83, 1, 1, 2, 1, 1, inf, 1, inf, 1, 1, 1, 147, 1, 5, 1, 1, 1, 1, 1, 1, 1, 1, inf, 1, 1, 1, 1, 1, 1, 1, 1, 1, 1, 1, 1, 2, 1, 1, 1, 1, inf, 1, 1, 1, 1, 44, 1, 1, 1, 1, 1, 16, inf, 1, inf, 533, 1, 1, 1, 1, 1, 1, 3, inf, 1, 6, 1, 1, 2, 1, 1, 1, 1, 1, 1, 1, 1, 1, 398, 4, 1, 1, 1, 1, 1, 1, 4, 1, 1, 1, 1, 1, 1, 1, 1, 1, 81, 4, 1, 1, 1, 1, 1, 1, 1, 1, 1, 1, 1, 1, 1, 1, 1, 1, 1, 1, 1, 1, 2, 2, 1, 1, 1, 1, 2, 1, 1, 1, 17, 1, 1, 2, 1, 1, 536, 5, 1, 1, 1, 1, 1, 1, 53, 1, 1, 1, 1, 1, 1, 1, 55, 1, 1, 1, 1, 1492, inf, 329, 1, 1, 1, 1, 797, 1, 1, 1, 1, 5, 197, 2, 2, 1, 2, 1, 4, 3, 1, 87, 8, 1, 2, 38, 5, 2, 1, 1, 2, 618, 1, 1, 3, 2, 1, 930, 1, 1, 1, 3, 19, 1, 2, 4, 2, 1, 944, 6, 1, inf, 1, 1, 1, 1, 1, 1, 1, 1, 46, 1, 1, 1, inf, inf, 5, 1, 4, inf, 1, 1, 131, 2, 1, 1, 1, 5, 1, 13, 1, 1, 1, 8, 1, 301, 3, 4, 3, 8, 1, 1, 1, 1, 1, 1, 1, 1, 1, 1, 1, 1, 1, 1, 1, 1, 3, 1, 1, 1, 1, 1, 2, 1, 1, 1, 1, 1, 1, 1, 1, 1, 4, 1, 1, 2, 1, 3, 4, 38, 1, 1, 1, 1, 1, 1, 1, 1, 1, 7, 25, 1, 1, inf, 4, 2, 2, 1, 2, 1, 50, 58, 3, 1, inf, 2, 3, 1, 1, 1, 2, 7, inf, 1, 1, 7, 5, 6, 1, 1, 1, 1, 1, 1, 7, 1, 3, 1, 16, 1, 17, 1, 1, 64, 2, inf, 153, 1, 1041, 1, 1, 1, 1, 1, 1, 1, 1, 1, 1, 1, 1, 1, 1073, 2, inf, 1, 1, 210, 3, 2, 2, 2, 2, 2, 2, 2, 10, 1, 1, 1, 1, 1, 2, 9, 1, 1, 1, 1, 1, 1, 1, 1, 1, 1, 1, 1, 2, 2, 1, 2, 6, 1034, 1076, 15, 2, 1, 16, 1, 1, 14, 3, 11, 1, 1, 1, 1, 1, 74, 1, 1, 1, 1, 1, 1, inf, 1, 1, 1, 6, 1, 1, 1, 6, 1, 2, 1, 1, 2, inf, 1, 1, 1, 3, 1, 1, 1, 1, 1, 10, 1, 1183, 1574, 13, 2, 1, 1, 1, 5, 10, 109, 2, 1, 1, 1, 1, 1, 1, 1, 1, 1, 1, 1, 1, 1, 1, 1, 1, 1, 998, 923, 1, 1, 1, 6, 2, 1, 52, 1, 14, 1, 2, 2, 2, 1, 1, 1, 1, 2, 1, 1, 127, 1, 2, 3, 1, 1, 1, 1, inf, 1, 4, 1, 1, 6, 1, 1, 2, 1, 4, 1, 2, 77, 2, 1, 1, 2, 2, 4, 1, 829, 1, 4, 1, 1, 1, 2, 1, 176, 446, 669, 6, 1, 1, 11, 1, 2, 5, 73, 31, 155, 1, 1, inf, 1116, 2, 1, 1, 1435, 1, 98, 1097, 35, inf, 326, 1, 775, 1, 1, 1, 228, 703, 1, 5, 70, 9, 1, 3, 12, 1, 15, 315, 1, 73, 4, 65, 1, 11, 1, inf, 15, inf, inf, inf, inf, 1, 7, inf, 1833, 84, 195, 3, 2, 266, 1, inf, 43, 1, inf, inf, 1, inf, 415, 384, 22, 5, 12, 5, 1, 12, 1, 1, 391, 1, 14, 2, inf, 1, 38, 1, 2, 5, 3, inf, 440, inf, 1, 3, 1, 5, inf, 1, 3, 1, 2, 1, 8, 1, 6, 14, 1, 1, 7, 233, 44, 1, 2, 4, 1, 1, 1, 1, 1, 4, 1, 1, 1, 1, 1, 1, 1, 1, 1, 1, 1, 1, 3, 22, 1, 3, 155, 18, 1, 1, 3]
2022-08-18 Thursday 06:49:20:INFO: It completed at: 2022-08-18 06:49:20.753281
2022-08-18 Thursday 06:49:20:INFO: Completed after: 4:54:15.023384
