2022-08-18 Thursday 06:49:25:INFO: {'bug_database': 'dataset/eclipse-old/eclipse-old_soft_clean.json', 'database_name': 'eclipse-old', 'epochs': 12, 'lr': 0.001, 'l2': 0.0, 'batch_size': 256, 'ranking_batch_size': 512, 'ranking_n_workers': 2, 'cuda': True, 'cache_folder': 'scratch/temp/', 'pairs_training': 'dataset/eclipse-old/training_split_eclipse-old_pairs_random_1.txt', 'pairs_validation': 'dataset/eclipse-old/validation_eclipse-old_pairs_random_1.txt', 'neg_pair_generator': {'type': 'non_negative', 'training': 'dataset/eclipse-old/training_eclipse-old.txt', 'rate': 1, 'pre_list_file': None, 'k': 0, 'n_tries': 15, 'preselected_length': None, 'random_anchor': True}, 'loss': 'bce', 'margin': 0, 'categorical': {'lexicons': 'dataset/eclipse-old/categorical_lexicons.json', 'bn_last_layer': False, 'emb_size': 20, 'hidden_sizes': [40], 'dropout': 0.0, 'activation': 'relu', 'batch_normalization': False, 'layer_norm': False}, 'compare_aggregation': {'word_embedding': 'word_embedding/eclipse-old/glove_42B_300d_eclipse-old.npy', 'norm_word_embedding': False, 'lexicon': 'word_embedding/eclipse-old/glove_42B_300d_eclipse-old.lxc', 'sent_representation': None, 'tokenizer': 'white_space', 'bow': False, 'frequency': False, 'extractor': {'update_embedding': False, 'filters': ['TransformLowerCaseFilter'], 'hidden_size': 150, 'dropout': 0.0, 'layer_norm': False, 'txt_field_emb_size': 5, 'field_word_combination': 'cat', 'emb_dropout': 0.0, 'scaled_attention': True, 'model': 'linear', 'use_categorical': False, 'bidirectional': True}, 'matching': {'type': 'full', 'scaled_attention': True, 'comparison_hidden_size': 100, 'dropout': 0.0, 'residual': True, 'layer_norm': False, 'attention_hidden_size': 200, 'attention': 'dot_product', 'comparison_func': 'submult+nn'}, 'aggregate': {'model': 'lstm', 'window': [3, 4, 5], 'nfilters': 100, 'hidden_size': 150, 'dropout': 0.0, 'bidirectional': True, 'num_layers': 1, 'self_att_hidden': 50, 'layer_norm': False, 'n_hops': 20}, 'classifier': {'hidden_size': [300], 'output_act': 'sigmoid', 'hadamard_diff_textual': True, 'hadamard_diff_categorical': True, 'textual_hidden_layer': 600, 'categorical_hidden_layer': 40, 'categorical_dropout': 0.0, 'dropout': 0.0, 'only_candidate': False, 'layer_norm': False, 'batch_normalization': False}}, 'random_switch': True, 'recall_estimation_train': None, 'recall_estimation': None, 'sample_size_rr_tr': 0, 'sample_size_rr_val': 0, 'rr_val_epoch': 100, 'rr_train_epoch': 100, 'ranking_result_file': None, 'optimizer': 'adam', 'lr_scheduler': None, 'save': None, 'save_by_epoch': None, 'load': None, 'recall_rate': {'type': 'sun2011', 'dataset': 'dataset/eclipse-old/test_eclipse-old.txt', 'result_file': None, 'group_by_master': True, 'window': 365}, 'pair_test_dataset': None, 'rep': {'model': None, 'input': None, 'training': None, 'rate': 1, 'neg_training': 10000, 'k': 1000}, 'rr_scorer': 'general', 'seed': 828606215}
2022-08-18 Thursday 06:49:25:INFO: It started at: 2022-08-18 06:49:25.358129
2022-08-18 Thursday 06:49:26:INFO: Turning CUDA on
2022-08-18 Thursday 06:49:26:INFO: Using Categorical Information.
2022-08-18 Thursday 06:49:27:INFO: Lexicon size: 47070
2022-08-18 Thursday 06:49:27:INFO: Word Embedding size: 300
2022-08-18 Thursday 06:49:27:INFO: Use white space tokenizer to tokenize summary information
2022-08-18 Thursday 06:49:27:INFO: BoW=False and TF=False
2022-08-18 Thursday 06:49:27:INFO: Using Summary and Description information.
2022-08-18 Thursday 06:49:27:INFO: Using BCE Loss: margin=0
2022-08-18 Thursday 06:49:30:INFO: Non Negative Pair Generator
2022-08-18 Thursday 06:49:30:INFO: Using the following dataset to generate negative examples: Database: eclipse-old; Order by Date; Master report is the newest oneWe keep nested master reports; Database: eclipse-old; Order by Date; Master report is the newest oneWe keep nested master reports;. Number of bugs in the training: 49355
2022-08-18 Thursday 06:49:31:INFO: Training size: 8668
2022-08-18 Thursday 06:49:31:INFO: Validation size: 296
2022-08-18 Thursday 06:49:31:INFO: Adam
2022-08-18 Thursday 06:49:31:INFO: Scheduler: Constant
2022-08-18 Thursday 06:49:31:INFO: Epoch: 1
2022-08-18 Thursday 06:49:31:INFO: LR: 0.001
2022-08-18 Thursday 06:49:44:INFO: {'type': 'metric', 'label': 'training_loss', 'epoch': 1, 'value': 0.4152227307815512, 'sum': 3599.150630414486, 'num_example': 8668}
2022-08-18 Thursday 06:49:44:INFO: {'type': 'metric', 'label': 'training_dist_target', 'value': (0.27938293651550883, 0.28380441907698734), 'epoch': 1}
2022-08-18 Thursday 06:49:44:INFO: {'type': 'metric', 'label': 'training_acc', 'epoch': 1, 'value': 0.7932625749884633, 'num_correct': 6876, 'num_example': 8668}
2022-08-18 Thursday 06:49:44:INFO: {'type': 'metric', 'label': 'training_precision', 'epoch': 1, 'value': 0.8093963265419006, 'positive': 3325.0, 'total': 4108.0}
2022-08-18 Thursday 06:49:44:INFO: {'type': 'metric', 'label': 'training_recall', 'epoch': 1, 'value': 0.7671896815299988, 'positive': 3325.0, 'total': 4334.0}
2022-08-18 Thursday 06:49:44:INFO: {'type': 'metric', 'label': 'validation_loss', 'epoch': 1, 'value': 0.13184197911539594, 'sum': 39.025225818157196, 'num_example': 296}
2022-08-18 Thursday 06:49:44:INFO: {'type': 'metric', 'label': 'validation_dist_target', 'value': (0.051295114932833494, 0.10343651030514692), 'epoch': 1}
2022-08-18 Thursday 06:49:44:INFO: {'type': 'metric', 'label': 'validation_acc', 'epoch': 1, 'value': 0.9493243243243243, 'num_correct': 281, 'num_example': 296}
2022-08-18 Thursday 06:49:44:INFO: {'type': 'metric', 'label': 'validation_precision', 'epoch': 1, 'value': 0.9784172773361206, 'positive': 136.0, 'total': 139.0}
2022-08-18 Thursday 06:49:44:INFO: {'type': 'metric', 'label': 'validation_recall', 'epoch': 1, 'value': 0.9189189076423645, 'positive': 136.0, 'total': 148.0}
2022-08-18 Thursday 06:49:47:INFO: Epoch: 2
2022-08-18 Thursday 06:49:47:INFO: LR: 0.001
2022-08-18 Thursday 06:50:00:INFO: {'type': 'metric', 'label': 'training_loss', 'epoch': 2, 'value': 0.11111253100809657, 'sum': 963.1234187781811, 'num_example': 8668}
2022-08-18 Thursday 06:50:00:INFO: {'type': 'metric', 'label': 'training_dist_target', 'value': (0.06026861812862648, 0.06544223896743077), 'epoch': 2}
2022-08-18 Thursday 06:50:00:INFO: {'type': 'metric', 'label': 'training_acc', 'epoch': 2, 'value': 0.9596215966774342, 'num_correct': 8318, 'num_example': 8668}
2022-08-18 Thursday 06:50:00:INFO: {'type': 'metric', 'label': 'training_precision', 'epoch': 2, 'value': 0.9660739302635193, 'positive': 4129.0, 'total': 4274.0}
2022-08-18 Thursday 06:50:00:INFO: {'type': 'metric', 'label': 'training_recall', 'epoch': 2, 'value': 0.952699601650238, 'positive': 4129.0, 'total': 4334.0}
2022-08-18 Thursday 06:50:00:INFO: {'type': 'metric', 'label': 'validation_loss', 'epoch': 2, 'value': 0.0907841990324291, 'sum': 26.872122913599014, 'num_example': 296}
2022-08-18 Thursday 06:50:00:INFO: {'type': 'metric', 'label': 'validation_dist_target', 'value': (0.07910155404258419, 0.023304385913384927), 'epoch': 2}
2022-08-18 Thursday 06:50:00:INFO: {'type': 'metric', 'label': 'validation_acc', 'epoch': 2, 'value': 0.9695945945945946, 'num_correct': 287, 'num_example': 296}
2022-08-18 Thursday 06:50:00:INFO: {'type': 'metric', 'label': 'validation_precision', 'epoch': 2, 'value': 0.9542483687400818, 'positive': 146.0, 'total': 153.0}
2022-08-18 Thursday 06:50:00:INFO: {'type': 'metric', 'label': 'validation_recall', 'epoch': 2, 'value': 0.9864864945411682, 'positive': 146.0, 'total': 148.0}
2022-08-18 Thursday 06:50:02:INFO: Epoch: 3
2022-08-18 Thursday 06:50:02:INFO: LR: 0.001
2022-08-18 Thursday 06:50:14:INFO: {'type': 'metric', 'label': 'training_loss', 'epoch': 3, 'value': 0.07647530002718045, 'sum': 662.8879006356001, 'num_example': 8668}
2022-08-18 Thursday 06:50:14:INFO: {'type': 'metric', 'label': 'training_dist_target', 'value': (0.04399590375074661, 0.04403405512429956), 'epoch': 3}
2022-08-18 Thursday 06:50:14:INFO: {'type': 'metric', 'label': 'training_acc', 'epoch': 3, 'value': 0.9720812182741116, 'num_correct': 8426, 'num_example': 8668}
2022-08-18 Thursday 06:50:14:INFO: {'type': 'metric', 'label': 'training_precision', 'epoch': 3, 'value': 0.9725173115730286, 'positive': 4211.0, 'total': 4330.0}
2022-08-18 Thursday 06:50:14:INFO: {'type': 'metric', 'label': 'training_recall', 'epoch': 3, 'value': 0.971619725227356, 'positive': 4211.0, 'total': 4334.0}
2022-08-18 Thursday 06:50:15:INFO: {'type': 'metric', 'label': 'validation_loss', 'epoch': 3, 'value': 0.0762597472985854, 'sum': 22.57288520038128, 'num_example': 296}
2022-08-18 Thursday 06:50:15:INFO: {'type': 'metric', 'label': 'validation_dist_target', 'value': (0.055844901179945144, 0.026094192185917416), 'epoch': 3}
2022-08-18 Thursday 06:50:15:INFO: {'type': 'metric', 'label': 'validation_acc', 'epoch': 3, 'value': 0.972972972972973, 'num_correct': 288, 'num_example': 296}
2022-08-18 Thursday 06:50:15:INFO: {'type': 'metric', 'label': 'validation_precision', 'epoch': 3, 'value': 0.9605262875556946, 'positive': 146.0, 'total': 152.0}
2022-08-18 Thursday 06:50:15:INFO: {'type': 'metric', 'label': 'validation_recall', 'epoch': 3, 'value': 0.9864864945411682, 'positive': 146.0, 'total': 148.0}
2022-08-18 Thursday 06:50:17:INFO: Epoch: 4
2022-08-18 Thursday 06:50:17:INFO: LR: 0.001
2022-08-18 Thursday 06:50:30:INFO: {'type': 'metric', 'label': 'training_loss', 'epoch': 4, 'value': 0.06647168648788937, 'sum': 576.176578477025, 'num_example': 8668}
2022-08-18 Thursday 06:50:30:INFO: {'type': 'metric', 'label': 'training_dist_target', 'value': (0.03812510296392947, 0.035406396336196806), 'epoch': 4}
2022-08-18 Thursday 06:50:30:INFO: {'type': 'metric', 'label': 'training_acc', 'epoch': 4, 'value': 0.9762344254730042, 'num_correct': 8462, 'num_example': 8668}
2022-08-18 Thursday 06:50:30:INFO: {'type': 'metric', 'label': 'training_precision', 'epoch': 4, 'value': 0.9751381278038025, 'positive': 4236.0, 'total': 4344.0}
2022-08-18 Thursday 06:50:30:INFO: {'type': 'metric', 'label': 'training_recall', 'epoch': 4, 'value': 0.9773880839347839, 'positive': 4236.0, 'total': 4334.0}
2022-08-18 Thursday 06:50:30:INFO: {'type': 'metric', 'label': 'validation_loss', 'epoch': 4, 'value': 0.07277317486099295, 'sum': 21.540859758853912, 'num_example': 296}
2022-08-18 Thursday 06:50:30:INFO: {'type': 'metric', 'label': 'validation_dist_target', 'value': (0.01640168557295928, 0.057651895929027246), 'epoch': 4}
2022-08-18 Thursday 06:50:30:INFO: {'type': 'metric', 'label': 'validation_acc', 'epoch': 4, 'value': 0.9763513513513513, 'num_correct': 289, 'num_example': 296}
2022-08-18 Thursday 06:50:30:INFO: {'type': 'metric', 'label': 'validation_precision', 'epoch': 4, 'value': 0.9930070042610168, 'positive': 142.0, 'total': 143.0}
2022-08-18 Thursday 06:50:30:INFO: {'type': 'metric', 'label': 'validation_recall', 'epoch': 4, 'value': 0.9594594836235046, 'positive': 142.0, 'total': 148.0}
2022-08-18 Thursday 06:50:33:INFO: Epoch: 5
2022-08-18 Thursday 06:50:33:INFO: LR: 0.001
2022-08-18 Thursday 06:50:45:INFO: {'type': 'metric', 'label': 'training_loss', 'epoch': 5, 'value': 0.0651021342764101, 'sum': 564.3052999079227, 'num_example': 8668}
2022-08-18 Thursday 06:50:45:INFO: {'type': 'metric', 'label': 'training_dist_target', 'value': (0.03602659282840558, 0.03270579327841645), 'epoch': 5}
2022-08-18 Thursday 06:50:45:INFO: {'type': 'metric', 'label': 'training_acc', 'epoch': 5, 'value': 0.978772496538994, 'num_correct': 8484, 'num_example': 8668}
2022-08-18 Thursday 06:50:45:INFO: {'type': 'metric', 'label': 'training_precision', 'epoch': 5, 'value': 0.9765732884407043, 'positive': 4252.0, 'total': 4354.0}
2022-08-18 Thursday 06:50:45:INFO: {'type': 'metric', 'label': 'training_recall', 'epoch': 5, 'value': 0.9810798168182373, 'positive': 4252.0, 'total': 4334.0}
2022-08-18 Thursday 06:50:45:INFO: {'type': 'metric', 'label': 'validation_loss', 'epoch': 5, 'value': 0.08167578410860654, 'sum': 24.176032096147537, 'num_example': 296}
2022-08-18 Thursday 06:50:45:INFO: {'type': 'metric', 'label': 'validation_dist_target', 'value': (0.015669338656841097, 0.06937368093310176), 'epoch': 5}
2022-08-18 Thursday 06:50:45:INFO: {'type': 'metric', 'label': 'validation_acc', 'epoch': 5, 'value': 0.9695945945945946, 'num_correct': 287, 'num_example': 296}
2022-08-18 Thursday 06:50:45:INFO: {'type': 'metric', 'label': 'validation_precision', 'epoch': 5, 'value': 0.9929078221321106, 'positive': 140.0, 'total': 141.0}
2022-08-18 Thursday 06:50:45:INFO: {'type': 'metric', 'label': 'validation_recall', 'epoch': 5, 'value': 0.9459459185600281, 'positive': 140.0, 'total': 148.0}
2022-08-18 Thursday 06:50:48:INFO: Epoch: 6
2022-08-18 Thursday 06:50:48:INFO: LR: 0.001
2022-08-18 Thursday 06:51:01:INFO: {'type': 'metric', 'label': 'training_loss', 'epoch': 6, 'value': 0.06295890889693968, 'sum': 545.7278223186731, 'num_example': 8668}
2022-08-18 Thursday 06:51:01:INFO: {'type': 'metric', 'label': 'training_dist_target', 'value': (0.033941320947749196, 0.03600636385914143), 'epoch': 6}
2022-08-18 Thursday 06:51:01:INFO: {'type': 'metric', 'label': 'training_acc', 'epoch': 6, 'value': 0.977503461005999, 'num_correct': 8473, 'num_example': 8668}
2022-08-18 Thursday 06:51:01:INFO: {'type': 'metric', 'label': 'training_precision', 'epoch': 6, 'value': 0.9769532084465027, 'positive': 4239.0, 'total': 4339.0}
2022-08-18 Thursday 06:51:01:INFO: {'type': 'metric', 'label': 'training_recall', 'epoch': 6, 'value': 0.9780802726745605, 'positive': 4239.0, 'total': 4334.0}
2022-08-18 Thursday 06:51:01:INFO: {'type': 'metric', 'label': 'validation_loss', 'epoch': 6, 'value': 0.05271942324533656, 'sum': 15.604949280619621, 'num_example': 296}
2022-08-18 Thursday 06:51:01:INFO: {'type': 'metric', 'label': 'validation_dist_target', 'value': (0.018699517574261974, 0.040737593496167984), 'epoch': 6}
2022-08-18 Thursday 06:51:01:INFO: {'type': 'metric', 'label': 'validation_acc', 'epoch': 6, 'value': 0.9797297297297297, 'num_correct': 290, 'num_example': 296}
2022-08-18 Thursday 06:51:01:INFO: {'type': 'metric', 'label': 'validation_precision', 'epoch': 6, 'value': 0.9863013625144958, 'positive': 144.0, 'total': 146.0}
2022-08-18 Thursday 06:51:01:INFO: {'type': 'metric', 'label': 'validation_recall', 'epoch': 6, 'value': 0.9729729890823364, 'positive': 144.0, 'total': 148.0}
2022-08-18 Thursday 06:51:06:INFO: Epoch: 7
2022-08-18 Thursday 06:51:06:INFO: LR: 0.001
2022-08-18 Thursday 06:51:19:INFO: {'type': 'metric', 'label': 'training_loss', 'epoch': 7, 'value': 0.05905313347777877, 'sum': 511.8725609853864, 'num_example': 8668}
2022-08-18 Thursday 06:51:19:INFO: {'type': 'metric', 'label': 'training_dist_target', 'value': (0.03199488642472081, 0.03367704719676364), 'epoch': 7}
2022-08-18 Thursday 06:51:19:INFO: {'type': 'metric', 'label': 'training_acc', 'epoch': 7, 'value': 0.9807337332718044, 'num_correct': 8501, 'num_example': 8668}
2022-08-18 Thursday 06:51:19:INFO: {'type': 'metric', 'label': 'training_precision', 'epoch': 7, 'value': 0.977319598197937, 'positive': 4266.0, 'total': 4365.0}
2022-08-18 Thursday 06:51:19:INFO: {'type': 'metric', 'label': 'training_recall', 'epoch': 7, 'value': 0.9843100905418396, 'positive': 4266.0, 'total': 4334.0}
2022-08-18 Thursday 06:51:19:INFO: {'type': 'metric', 'label': 'validation_loss', 'epoch': 7, 'value': 0.0376871033898882, 'sum': 11.155382603406906, 'num_example': 296}
2022-08-18 Thursday 06:51:19:INFO: {'type': 'metric', 'label': 'validation_dist_target', 'value': (0.021751240474750865, 0.024384294007275556), 'epoch': 7}
2022-08-18 Thursday 06:51:19:INFO: {'type': 'metric', 'label': 'validation_acc', 'epoch': 7, 'value': 0.9898648648648649, 'num_correct': 293, 'num_example': 296}
2022-08-18 Thursday 06:51:19:INFO: {'type': 'metric', 'label': 'validation_precision', 'epoch': 7, 'value': 0.9865771532058716, 'positive': 147.0, 'total': 149.0}
2022-08-18 Thursday 06:51:19:INFO: {'type': 'metric', 'label': 'validation_recall', 'epoch': 7, 'value': 0.9932432174682617, 'positive': 147.0, 'total': 148.0}
2022-08-18 Thursday 06:51:25:INFO: Epoch: 8
2022-08-18 Thursday 06:51:25:INFO: LR: 0.001
2022-08-18 Thursday 06:51:38:INFO: {'type': 'metric', 'label': 'training_loss', 'epoch': 8, 'value': 0.05353236732034019, 'sum': 464.01855993270874, 'num_example': 8668}
2022-08-18 Thursday 06:51:38:INFO: {'type': 'metric', 'label': 'training_dist_target', 'value': (0.03025743105359819, 0.027622696478134704), 'epoch': 8}
2022-08-18 Thursday 06:51:38:INFO: {'type': 'metric', 'label': 'training_acc', 'epoch': 8, 'value': 0.981079833871712, 'num_correct': 8504, 'num_example': 8668}
2022-08-18 Thursday 06:51:38:INFO: {'type': 'metric', 'label': 'training_precision', 'epoch': 8, 'value': 0.9760273694992065, 'positive': 4275.0, 'total': 4380.0}
2022-08-18 Thursday 06:51:38:INFO: {'type': 'metric', 'label': 'training_recall', 'epoch': 8, 'value': 0.9863867163658142, 'positive': 4275.0, 'total': 4334.0}
2022-08-18 Thursday 06:51:38:INFO: {'type': 'metric', 'label': 'validation_loss', 'epoch': 8, 'value': 0.05249308210772437, 'sum': 15.537952303886414, 'num_example': 296}
2022-08-18 Thursday 06:51:38:INFO: {'type': 'metric', 'label': 'validation_dist_target', 'value': (0.007051120109453394, 0.046454044612678325), 'epoch': 8}
2022-08-18 Thursday 06:51:38:INFO: {'type': 'metric', 'label': 'validation_acc', 'epoch': 8, 'value': 0.9797297297297297, 'num_correct': 290, 'num_example': 296}
2022-08-18 Thursday 06:51:38:INFO: {'type': 'metric', 'label': 'validation_precision', 'epoch': 8, 'value': 0.9930555820465088, 'positive': 143.0, 'total': 144.0}
2022-08-18 Thursday 06:51:38:INFO: {'type': 'metric', 'label': 'validation_recall', 'epoch': 8, 'value': 0.9662162065505981, 'positive': 143.0, 'total': 148.0}
2022-08-18 Thursday 06:51:50:INFO: Epoch: 9
2022-08-18 Thursday 06:51:50:INFO: LR: 0.001
2022-08-18 Thursday 06:52:02:INFO: {'type': 'metric', 'label': 'training_loss', 'epoch': 9, 'value': 0.0825090717900773, 'sum': 715.1886342763901, 'num_example': 8668}
2022-08-18 Thursday 06:52:02:INFO: {'type': 'metric', 'label': 'training_dist_target', 'value': (0.04712543874827738, 0.04879630079564269), 'epoch': 9}
2022-08-18 Thursday 06:52:02:INFO: {'type': 'metric', 'label': 'training_acc', 'epoch': 9, 'value': 0.9702353484079372, 'num_correct': 8410, 'num_example': 8668}
2022-08-18 Thursday 06:52:02:INFO: {'type': 'metric', 'label': 'training_precision', 'epoch': 9, 'value': 0.9644485116004944, 'positive': 4232.0, 'total': 4388.0}
2022-08-18 Thursday 06:52:02:INFO: {'type': 'metric', 'label': 'training_recall', 'epoch': 9, 'value': 0.9764651656150818, 'positive': 4232.0, 'total': 4334.0}
2022-08-18 Thursday 06:52:02:INFO: {'type': 'metric', 'label': 'validation_loss', 'epoch': 9, 'value': 0.08394457822715914, 'sum': 24.847595155239105, 'num_example': 296}
2022-08-18 Thursday 06:52:02:INFO: {'type': 'metric', 'label': 'validation_dist_target', 'value': (0.0037178714709306085, 0.07369245951240128), 'epoch': 9}
2022-08-18 Thursday 06:52:02:INFO: {'type': 'metric', 'label': 'validation_acc', 'epoch': 9, 'value': 0.9695945945945946, 'num_correct': 287, 'num_example': 296}
2022-08-18 Thursday 06:52:02:INFO: {'type': 'metric', 'label': 'validation_precision', 'epoch': 9, 'value': 1.0, 'positive': 139.0, 'total': 139.0}
2022-08-18 Thursday 06:52:02:INFO: {'type': 'metric', 'label': 'validation_recall', 'epoch': 9, 'value': 0.9391891956329346, 'positive': 139.0, 'total': 148.0}
2022-08-18 Thursday 06:52:18:INFO: Epoch: 10
2022-08-18 Thursday 06:52:18:INFO: LR: 0.001
2022-08-18 Thursday 06:52:31:INFO: {'type': 'metric', 'label': 'training_loss', 'epoch': 10, 'value': 0.08168653157390533, 'sum': 708.0588556826115, 'num_example': 8668}
2022-08-18 Thursday 06:52:31:INFO: {'type': 'metric', 'label': 'training_dist_target', 'value': (0.04531530259554431, 0.044368946007665645), 'epoch': 10}
2022-08-18 Thursday 06:52:31:INFO: {'type': 'metric', 'label': 'training_acc', 'epoch': 10, 'value': 0.9709275496077526, 'num_correct': 8416, 'num_example': 8668}
2022-08-18 Thursday 06:52:31:INFO: {'type': 'metric', 'label': 'training_precision', 'epoch': 10, 'value': 0.9626020193099976, 'positive': 4247.0, 'total': 4412.0}
2022-08-18 Thursday 06:52:31:INFO: {'type': 'metric', 'label': 'training_recall', 'epoch': 10, 'value': 0.9799261689186096, 'positive': 4247.0, 'total': 4334.0}
2022-08-18 Thursday 06:52:31:INFO: {'type': 'metric', 'label': 'validation_loss', 'epoch': 10, 'value': 0.030669313226197217, 'sum': 9.078116714954376, 'num_example': 296}
2022-08-18 Thursday 06:52:31:INFO: {'type': 'metric', 'label': 'validation_dist_target', 'value': (0.006221448530669551, 0.039831493351910566), 'epoch': 10}
2022-08-18 Thursday 06:52:31:INFO: {'type': 'metric', 'label': 'validation_acc', 'epoch': 10, 'value': 0.9831081081081081, 'num_correct': 291, 'num_example': 296}
2022-08-18 Thursday 06:52:31:INFO: {'type': 'metric', 'label': 'validation_precision', 'epoch': 10, 'value': 0.9931034445762634, 'positive': 144.0, 'total': 145.0}
2022-08-18 Thursday 06:52:31:INFO: {'type': 'metric', 'label': 'validation_recall', 'epoch': 10, 'value': 0.9729729890823364, 'positive': 144.0, 'total': 148.0}
2022-08-18 Thursday 06:52:41:INFO: Epoch: 11
2022-08-18 Thursday 06:52:41:INFO: LR: 0.001
2022-08-18 Thursday 06:52:54:INFO: {'type': 'metric', 'label': 'training_loss', 'epoch': 11, 'value': 0.07135136888964583, 'sum': 618.47366553545, 'num_example': 8668}
2022-08-18 Thursday 06:52:54:INFO: {'type': 'metric', 'label': 'training_dist_target', 'value': (0.04156834430335907, 0.041298424050617615), 'epoch': 11}
2022-08-18 Thursday 06:52:54:INFO: {'type': 'metric', 'label': 'training_acc', 'epoch': 11, 'value': 0.9725426857406553, 'num_correct': 8430, 'num_example': 8668}
2022-08-18 Thursday 06:52:54:INFO: {'type': 'metric', 'label': 'training_precision', 'epoch': 11, 'value': 0.963348388671875, 'positive': 4258.0, 'total': 4420.0}
2022-08-18 Thursday 06:52:54:INFO: {'type': 'metric', 'label': 'training_recall', 'epoch': 11, 'value': 0.9824642539024353, 'positive': 4258.0, 'total': 4334.0}
2022-08-18 Thursday 06:52:54:INFO: {'type': 'metric', 'label': 'validation_loss', 'epoch': 11, 'value': 0.08648195983590307, 'sum': 25.598660111427307, 'num_example': 296}
2022-08-18 Thursday 06:52:54:INFO: {'type': 'metric', 'label': 'validation_dist_target', 'value': (0.00046432413285868744, 0.08014096118308403), 'epoch': 11}
2022-08-18 Thursday 06:52:54:INFO: {'type': 'metric', 'label': 'validation_acc', 'epoch': 11, 'value': 0.9628378378378378, 'num_correct': 285, 'num_example': 296}
2022-08-18 Thursday 06:52:54:INFO: {'type': 'metric', 'label': 'validation_precision', 'epoch': 11, 'value': 1.0, 'positive': 137.0, 'total': 137.0}
2022-08-18 Thursday 06:52:54:INFO: {'type': 'metric', 'label': 'validation_recall', 'epoch': 11, 'value': 0.9256756901741028, 'positive': 137.0, 'total': 148.0}
2022-08-18 Thursday 06:53:20:INFO: Epoch: 12
2022-08-18 Thursday 06:53:20:INFO: LR: 0.001
2022-08-18 Thursday 06:53:30:INFO: {'type': 'metric', 'label': 'training_loss', 'epoch': 12, 'value': 0.11602553582811673, 'sum': 767.1608428955078, 'num_example': 6612}
2022-08-18 Thursday 06:53:30:INFO: {'type': 'metric', 'label': 'training_dist_target', 'value': (0.06348091228687612, 0.06448368051163153), 'epoch': 12}
2022-08-18 Thursday 06:53:30:INFO: {'type': 'metric', 'label': 'training_acc', 'epoch': 12, 'value': 0.9602238354506957, 'num_correct': 6349, 'num_example': 6612}
2022-08-18 Thursday 06:53:30:INFO: {'type': 'metric', 'label': 'training_precision', 'epoch': 12, 'value': 0.9476316571235657, 'positive': 3221.0, 'total': 3399.0}
2022-08-18 Thursday 06:53:30:INFO: {'type': 'metric', 'label': 'training_recall', 'epoch': 12, 'value': 0.9742891788482666, 'positive': 3221.0, 'total': 3306.0}
2022-08-18 Thursday 06:53:30:INFO: {'type': 'metric', 'label': 'validation_loss', 'epoch': 12, 'value': 0.07274303887341474, 'sum': 21.53193950653076, 'num_example': 296}
2022-08-18 Thursday 06:53:30:INFO: {'type': 'metric', 'label': 'validation_dist_target', 'value': (0.0006644877871007633, 0.08072445682577185), 'epoch': 12}
2022-08-18 Thursday 06:53:30:INFO: {'type': 'metric', 'label': 'validation_acc', 'epoch': 12, 'value': 0.972972972972973, 'num_correct': 288, 'num_example': 296}
2022-08-18 Thursday 06:53:30:INFO: {'type': 'metric', 'label': 'validation_precision', 'epoch': 12, 'value': 1.0, 'positive': 140.0, 'total': 140.0}
2022-08-18 Thursday 06:53:30:INFO: {'type': 'metric', 'label': 'validation_recall', 'epoch': 12, 'value': 0.9459459185600281, 'positive': 140.0, 'total': 148.0}
2022-08-18 Thursday 06:53:30:INFO: Calculating recall rate: sun2011
2022-08-18 Thursday 07:25:36:INFO: RR calculation - 500 duplicate reports were processed
2022-08-18 Thursday 07:56:41:INFO: RR calculation - 1000 duplicate reports were processed
2022-08-18 Thursday 08:45:48:INFO: RR calculation - 1500 duplicate reports were processed
2022-08-18 Thursday 09:43:58:INFO: RR calculation - 2000 duplicate reports were processed
2022-08-18 Thursday 10:42:13:INFO: RR calculation - 2500 duplicate reports were processed
2022-08-18 Thursday 11:46:15:INFO: RR calculation - 3000 duplicate reports were processed
2022-08-18 Thursday 11:49:55:INFO: [] Throughput: 0.17031866247030103 bugs per second (bugs=3029 ,seconds=17784.310633182526)
2022-08-18 Thursday 11:49:55:INFO: {'type': 'metric', 'label': 'recall_rate', 'k': 1, 'rate': 0.5018157807857379, 'hit': 1520, 'total': 3029, 'epoch': 0}
2022-08-18 Thursday 11:49:55:INFO: {'type': 'metric', 'label': 'recall_rate', 'k': 2, 'rate': 0.5955760977220205, 'hit': 1804, 'total': 3029, 'epoch': 0}
2022-08-18 Thursday 11:49:55:INFO: {'type': 'metric', 'label': 'recall_rate', 'k': 3, 'rate': 0.6411356883459888, 'hit': 1942, 'total': 3029, 'epoch': 0}
2022-08-18 Thursday 11:49:55:INFO: {'type': 'metric', 'label': 'recall_rate', 'k': 4, 'rate': 0.6678771871904919, 'hit': 2023, 'total': 3029, 'epoch': 0}
2022-08-18 Thursday 11:49:55:INFO: {'type': 'metric', 'label': 'recall_rate', 'k': 5, 'rate': 0.6896665566193463, 'hit': 2089, 'total': 3029, 'epoch': 0}
2022-08-18 Thursday 11:49:55:INFO: {'type': 'metric', 'label': 'recall_rate', 'k': 6, 'rate': 0.7088147903598547, 'hit': 2147, 'total': 3029, 'epoch': 0}
2022-08-18 Thursday 11:49:55:INFO: {'type': 'metric', 'label': 'recall_rate', 'k': 7, 'rate': 0.7230108946847145, 'hit': 2190, 'total': 3029, 'epoch': 0}
2022-08-18 Thursday 11:49:55:INFO: {'type': 'metric', 'label': 'recall_rate', 'k': 8, 'rate': 0.7342357213601849, 'hit': 2224, 'total': 3029, 'epoch': 0}
2022-08-18 Thursday 11:49:55:INFO: {'type': 'metric', 'label': 'recall_rate', 'k': 9, 'rate': 0.7421591284252228, 'hit': 2248, 'total': 3029, 'epoch': 0}
2022-08-18 Thursday 11:49:55:INFO: {'type': 'metric', 'label': 'recall_rate', 'k': 10, 'rate': 0.7507428194123473, 'hit': 2274, 'total': 3029, 'epoch': 0}
2022-08-18 Thursday 11:49:55:INFO: {'type': 'metric', 'label': 'recall_rate', 'k': 11, 'rate': 0.7593265103994717, 'hit': 2300, 'total': 3029, 'epoch': 0}
2022-08-18 Thursday 11:49:55:INFO: {'type': 'metric', 'label': 'recall_rate', 'k': 12, 'rate': 0.7652690656982503, 'hit': 2318, 'total': 3029, 'epoch': 0}
2022-08-18 Thursday 11:49:55:INFO: {'type': 'metric', 'label': 'recall_rate', 'k': 13, 'rate': 0.7682403433476395, 'hit': 2327, 'total': 3029, 'epoch': 0}
2022-08-18 Thursday 11:49:55:INFO: {'type': 'metric', 'label': 'recall_rate', 'k': 14, 'rate': 0.7718719049191152, 'hit': 2338, 'total': 3029, 'epoch': 0}
2022-08-18 Thursday 11:49:55:INFO: {'type': 'metric', 'label': 'recall_rate', 'k': 15, 'rate': 0.7761637504126775, 'hit': 2351, 'total': 3029, 'epoch': 0}
2022-08-18 Thursday 11:49:55:INFO: {'type': 'metric', 'label': 'recall_rate', 'k': 16, 'rate': 0.7784747441399802, 'hit': 2358, 'total': 3029, 'epoch': 0}
2022-08-18 Thursday 11:49:55:INFO: {'type': 'metric', 'label': 'recall_rate', 'k': 17, 'rate': 0.7817761637504127, 'hit': 2368, 'total': 3029, 'epoch': 0}
2022-08-18 Thursday 11:49:55:INFO: {'type': 'metric', 'label': 'recall_rate', 'k': 18, 'rate': 0.7847474413998019, 'hit': 2377, 'total': 3029, 'epoch': 0}
2022-08-18 Thursday 11:49:55:INFO: {'type': 'metric', 'label': 'recall_rate', 'k': 19, 'rate': 0.7893694288544074, 'hit': 2391, 'total': 3029, 'epoch': 0}
2022-08-18 Thursday 11:49:55:INFO: {'type': 'metric', 'label': 'recall_rate', 'k': 20, 'rate': 0.7920105645427534, 'hit': 2399, 'total': 3029, 'epoch': 0}
2022-08-18 Thursday 11:49:55:INFO: {'type': 'metric', 'label': 'MAP', 'value': 0.5885426017767332, 'sum': 1782.695540781725, 'total': 3029, 'epoch': 0}
2022-08-18 Thursday 11:49:55:INFO: [2, 2, 1, 7, 12, 1, 3, 393, inf, 66, 4, 1, 1, 5, 1, 13, 3, inf, 2, 1, 128, 1386, 1, 17, 1076, 2, 1, 30, 1, 36, 1, 1, 2, 1, 50, 1, 4, 6, 114, 1, 1, 1, 76, 1, 147, 7, 1, 7, 5, 25, 20, 33, 2, 51, 51, 1, 22, 5, 26, 133, 29, 1, 2, 7, 1, 9, 29, 3, inf, 1, 17, 1, 2, inf, 10, 246, inf, 21, inf, 41, 1, 2, 32, 192, 1, 6, 381, 1, 13, 186, 11, 44, 115, 284, 1, 1, 2, 1, 14, 3, 1, 11, inf, 1, 1, 1, 28, 3, inf, 1, 2, 3, 5, 4, inf, 9, 1, 53, 1, 338, 5, 86, 1, 5, 2, 110, inf, inf, 1, 6, 23, inf, 2, 1, 1, 1, 1, 19, 2, inf, 7, 11, inf, inf, 2, 203, 1, 1, inf, 1, 75, 11, inf, 1, 22, 1, 7, 682, inf, 39, 2, 4, inf, 102, 1, 1, 38, 1, 13, 1, 21, 49, 3, inf, 1, 4, 16, 38, 2, 1, 283, 15, 6, 1, inf, 1, 20, 1, 1, 2, inf, 2, 2, 5, 1, 1, inf, 2, 21, 2, 76, 97, 31, 47, 1, 1, 8, 1, 7, 5, 1, 124, 87, 35, 2, 70, 2, 1, 11, 2, 1, 66, 1, inf, inf, 1, 2, 1, 1, 4, 26, 2312, inf, 33, 2, 23, 1, inf, 3, 1, 1, 1, 1, 2, 2, 1, 1, 3, 1, 115, 1, 2, 3, 1, 1, 17, 261, 100, 3, 2, inf, 11, 1, 125, 64, 1, 8, 1, inf, 5, 35, 6, 5, 3, 2, 1, 3, 5, 3, 43, 20, 9, 193, 1, 198, 1, 7, 1208, 47, 9, 11, 2, 1, 4, inf, 54, inf, 34, 2, 1, 633, 6, 2, 6, 227, inf, 803, 1, 14, 3, 18, 1, 143, 2, inf, 1, 20, 2, 2, 1, inf, 17, 2, 36, 20, 1, 1, 3, 2, 175, 1191, 1, 6, 1, 2, 3, 11, 1, 1, 1, 1, 10, 1, 5, inf, 67, 215, inf, 2, 6, 78, 1, 1, 40, 16, 2, inf, 9, 1, 10, inf, 8, inf, 182, 5, 81, 1, 26, 15, 1, 1, 1, 1, inf, 1, 2, 1, 12, 2, 1, 1, 11, inf, 3, inf, inf, 57, 2, 2, 239, 44, 1, 1, 98, inf, inf, 35, 1166, 1, 2705, 1, 1, 138, 1, inf, 1, 4, 2, 42, 25, 45, inf, 6, 1, 7, inf, inf, 2, 93, 11, 1, inf, 38, 21, inf, inf, 35, 15, 2, 3, 1, inf, 27, 19, 5, 1, inf, 1, 4, 19, inf, 4, 4, 46, 2, 19, 197, 43, 4, 1, 9, 23, 1, inf, 1, 1, 3, 4, inf, 1, 1, 1, 59, 1, 254, 54, 19, 164, 13, inf, 901, 13, 1, 61, 4, 3, 2, 66, 1, 10, 27, 1, 5, 9, inf, inf, 1, 2, 1, 1, 1, 4, 2, 30, 4, 1, 56, 1, 1, 14, inf, 1, 1, 1, 242, 1, 1, 6, 1, 1038, 48, 5, 31, 1, inf, 41, 8, 1, 30, inf, 19, 19, 1, 1, inf, inf, 1, 245, 16, 75, inf, 1, 2, inf, 10, 54, inf, 1, 8, 1, 1, 26, 826, 46, 11, 1, inf, 1, 1, 13, 1, 7, 1, 7, 1, 1, 129, 58, 8, 1, 1, 8, 6, 11, 1, 303, 1, 52, 1, 4, 1, 1, 1, 1, 6, 10, 1, 896, 14, 1, 3, 45, 12, 1, 1, 3, 1, 2, 2, 1, 1, 3, 1, 1, 1, inf, 5, 68, 106, 80, 5, 2, 22, 1, 28, 38, 4, 1, 170, 1737, 1, 2, 9, 4, 92, 37, 2, 451, 231, 1, 57, 75, 4, 1, 1, 22, 1224, 1, 124, 26, 1, 160, 1, 1, 2, 3, 11, 28, 1, 6, 1, 23, 1, inf, 547, 56, 44, 1, 686, 1, 1, 167, 379, inf, 908, 37, 2, 1, 1, 25, 23, 1, 1, 1, 1, inf, inf, 4, 104, inf, 1, inf, 1, 1, 2, 1, 1, 1, 6, 2, 7, 1, 30, inf, 2, 2, 1, 57, 6, 27, 7, 3, 307, 1, 1, 3, 1, 6, 3, 23, 5, 194, 3, 11, 1, 18, 2, 3, 1, 3633, 34, 8, 1, 8, 38, 7, 1, 2, 19, 1, 1, 1, 3, 3, 70, 19, 22, inf, 5, 3, 89, inf, 3, 1, 2, 15, 17, 1, 2, 96, 1, 1, 5, 18, 18, 1, 1, 1, 2, 10, 37, 568, inf, 1, 10, 1, 175, 5, 1, 21, 1, 323, 15, inf, 8, inf, 3, 105, 52, 2661, 8, inf, 3, 1, inf, 8, 21, 2, 169, 17, 1, 59, 94, inf, 35, 1, 54, 1, 23, 1, 2, 3, inf, 3, 1, 213, inf, 1, 1, inf, 4, 3, 227, 1, 2, inf, 1, 1432, 2, inf, 2, 1, 7, 6, 24, 1075, 1, 1, 1, 17, 2, 1, 2, 2, 2, 2, 1, 9, 2, 9, 36, 173, 1, 2, 1, 16, inf, 5, 3, 1, 1, 3, 1, 111, 1, 15, 1, 2, 2, 43, 33, 3786, 1, 1, 3, 5, 1, 29, 1, 1, 1, 1, 1, 10, 2, inf, 1, 101, 2, 1, 205, inf, 1, 19, 78, 1, 48, 68, 1, 134, inf, inf, 123, 1, 36, 15, 1, 3, 2, 127, 38, 1, 145, 2, 7, 236, 5, 4, 1, 11, 11, 33, 4, 33, 62, 1, 1, inf, 2, 32, 2, 2977, inf, 1, 1, 30, 2834, 1, 225, 2, 1, 4, 3, 1, inf, inf, 6, 1, inf, 1, inf, inf, 3, 1, 1, 1, 5, 1, 1, inf, 1, 3, 1, 27, inf, 77, 1, inf, 3, 173, 2, 1, 28, 1, 1, 1, 5, 27, inf, 1, 1, 53, 1, 1, 513, 6, 7, 4, 2, 1, 510, 1, 1, 1, 1, 45, 12, inf, 4, 5, 7, 1, 3, inf, 2220, 1, 2, 170, 1, inf, 1, inf, 12, 2, 2, inf, inf, inf, 11, 309, 1, 17, 234, 1, 1, 2, 3, 1, 1, 6, 6, 4, 18, 4, 3, inf, 22, 5, 1, 1, 2, inf, 6, 2, 3, 1, 1, 1, inf, 478, 1, 1, 9, 1, 1, inf, 1, 4, 1, 6, inf, 12, 1, inf, 1, 1, 10, 16, 10, 1, 1769, 1, inf, 36, 4, 421, 6, 284, 5, 10, 12, 22, 2, inf, 43, 1, 1, 19, inf, 12, 2351, 1, 1, 1, 506, 1, 1, 1, 21, 2, 1, inf, 536, 1, 5, 10, 2, 13, 2, inf, 1, 32, 1, 1, 1, 2, 2, 3, 1, 2, 1, 2, 1, 1, 2, 1, 1, 2, 2, 1, 1, 1, 1, 1, 1, 3, 2, 2, 1, 1, 1, 7, 1, 1, 1, 1, 1, 1, 25, 1, 660, 1, 14, 1, inf, 7, 13, 1, 1, 1, 1, 1, 1, 1, 1, 1, inf, 1, 1, 1, 8, 1, 1, 1, 1, 79, 1, 1, 1, 1, 1, 1, 1, 1, inf, inf, 1, 1, 3, 6, 1, 2, 11, 1, 26, 1, 34, 1, 1, 1, 1, 1, 22, 15, 2, 188, 1, 1, inf, 16, 1, 1, 1, 1, 2, 23, 1, 5, 1, 232, 2, 9, 1, 1, 1, 1, 1, 47, inf, 189, 1, 2, 3, 2, 29, 45, 40, 30, 2, 1, 44, 1, 18, 1, 1, 1, 1, 1, 1, 2, 5, 1, 6, 3, 10, inf, 59, 1, 2, 1, 1, 1, 1, 1, 5, 133, 1, 1, 1, 1, 155, 1, 1, 2, 3, 8, 41, 199, 1, 3, 1, 1, 1, 1, 1, 1, 1, 10, 5, 70, 1, 1, 3, 2, 472, 93, 2, 12, 1, 1, 7, 1, 52, 1, 1, inf, 1, 1, 11, inf, 1, 1, inf, 2, 1, 5, 18, 5, 142, 1, 2, 1, 1, 1, 35, 1, 1, 1, 1, 4, 8, 1, 1, 1, 1, 1, 1, 1, 1, 1, 1, 1, 1, 1, 1, 1, 1, 1, 15, 6, 1, 1, 9, 1, 183, 1, 1, 1, 1, 1, 3, 1, inf, 1, 1, 2, 1, 2, 1, 1, 1, 1, 1, 10, 221, 1, 90, 4, 1, 1, 2, 18, 1, 1, 2, 1, 27, 4, 7, 1, 1, 395, 4, 1, 1, 14, 1, 1, 14, 1, 1, 6, 308, 1, inf, 1, 398, 2, 1, 1, 1, 1, 47, 2, 4, 4, 29, 6, 205, 1, 1, 12, 1, 1, 1, 2, 1, 2, 1, 1, 1, 1, 1, 1, 2, 1, 1, 1, 121, 1, 317, 1, 735, 1, 1, 1, 1, 1, 1, 1, 1, 129, 4, 1, 1, 6, 1, 1, 1, 1, 3, 1, 4, 1, 1, 1, 3, 1, 1, 1, 2, 2, 2, 1, 360, 1, 1, 1, 1, 1, 1, 1, 2, 1, 1, 1, 1, 1, 1, 1, 3, 1, 23, 1, 431, 1, 3, inf, 8, 11, 4, 1, 849, 3, 5, 1, 1, 3, 512, 1, 1, 1, 2, 2, 1, 23, 8, 1, 3, 2, 1, 1, 1, 2, 2, 4, 27, 1, 6, 2, 370, 1, 1, 1, 1, 2, 1, 1, 1, 1, 1, 9, 1, 1, 1, 1, 1, 100, 1, 1, 1, 1, 1, 1, 1, 1, 1, 1, 1, 1, 1, 1, 1, 1, 1, 1, 1, 1, 1, 1, 1, 313, 1, 1, 1, 1, 483, 6, 1, 1, 1, 315, 3, 1, 1, 1, 1, 1, 1, 1, 1, 1, 1, 1, 1, 1, 1, 2, 1, 3, 8, 1, inf, 4, 1, 1, 1, 15, 1, 1, 1, 1, 3, 1, 12, 12, 4, 1, 1, 1, 1, 1, 1, 1, 1, 1, 1, 1, 1, 1, 1, 1, 2, 1, 1, 1, 66, 4, 1, 1, 1, 1, 1, 105, 1, 1, 1, 1, 1, 641, 1, 1, 1, 1, 1, 1, 1, 1, 1, 1, 1, 1, 1, 1, 2, 1, 1, 1, 1, 1, 1, 1, 1, 1, 1, 1, 1, 1, 1, 1, 1, 1, 2, 1, 4, 1, 1, 1, 1, 3, 1, 1, 3, 1, 1, 1, 1, 1, 2, 1, 1, 1, 3, inf, 2, 4, 1, 1, 1, 1, 1, 1, 1, 116, 1, 1, 1, 1, 1, 2, 1, 1, 27, 1, 1, 1, 2, 1, 1, 1, 1, 1, 1, 1, 62, 1, 1, 1, 3, 17, 1, 1, 1, 1, 1, 2, 1, 116, 1, 1, 1, 6, 8, 1, 1, 1, 32, 1, 1, 1, 1, 1, 1, 6, 2, 1, 11, 3, 1, 1, 1, 1, 1, 223, 1, 1, 1, 1, 2, 1, 1, 1, 1, 8, 1, 2, 1, 1, 1, 2, 1, 1, 1, 1, 1, 1, 1, 1, 11, 1, 2, 1, 1, 1, 1, 4, 3, 6, 5, 1, 297, 6, 3, 2, 1, 1, 2, 4, 235, 3, 4, 2, 4, 1, 1, 588, 22, 1, 3, 1, 1, 20, 1, 1, 1, 1, 2, 1, inf, 1, 2, 1, 1, 1, 92, 1, 1, 1, 1, 1, 117, 1, 152, 2, 1, 1, 1, 2, 2, 1, 17, 1, 1, inf, 1, 1, 3, 1, 1, 7, 1, 1, 1, 1, 1, 1, 1, 1, 4, 1, 1, 1, 1, 1, inf, 14, 2, 20, 1, 1, 1, 1, 1, 1, 9, 38, 1, 1, 1, 1, 1, 1, 1, 1, 1, 1, 1, 1, 1, 2, 1, 1, 1, 1, 1, 1, 1, 1, 333, 54, 1, 1, 1, 2, 2, inf, 1, 1, 5, 1, 1, 1, 1, 1, 1, 1, 1, 1, 1, 1, 1, 5, 1, 1, 1, 2, 1, 1, 306, 1, 1, 1, 1, 1, 1, 1, 49, 1, 1, 1, 1, 1, 1, 1, 1, 1, 1, 1, 1, 23, 1, 1, 1, 1, 1, 10, 1, 1, 1, 1, 1, 2, 29, 2, 1, 1, 1, 1, 1, 1, 1, 1, 607, 5, 1, 2, 6, 1, 1, 1, 1, 1, 1, 1, 1, 4, 1, 1, 6, 4, 1, 4, 1, 3, 1, 1, 1, 1, 2, 1, 3, 1, 1, 1, 181, 2, 1, 1, 4, 1, 1, 1, 1, 1, 1, 1, 1, 1, 1, 1, 1, 1, 1, 3, 1, 12, 2, 1, 505, 2, 3, 1, 184, 2, 1, 3, 1, 1, 2, 1, 2, 1, 1, 1, 1, 1, 1, 1, 1, 1, 1, 1, 1, 3, 1, 5, 1, 1, 1, 1, 1, 1, 1, 1, 1, 1, 1, 1, 1, 1, 1, 1, 1, 489, 1, 22, 2, inf, 1, 1, 1, 1, 2, 2, 36, inf, 2, 1, 1, 5, 741, 3, inf, 1, 1, 36, 5, 3, 2, 2, 1, 1, 2, 2, 204, 2, 2, 1, 1, 12, 1, 2, 1, 1, 1, 1, 651, 630, 1, 1, 2, 1, 1, 4, 1, 1, 1, 1, 3, 15, 1, 2, 1, inf, 1, 1, 1, 1, 1, 1, 1, 1, 1, 1, 1, 3, 3, 1, 4, 1, 1, 1, 1, 1, 1, 2, 1, 1, 1, 1, 1, 1, 1, 1, 1, 1, 1, 1, 1, 1, 1, 1, 1, 1, 1, 1, 66, 7, 5, 8, 1, 1, 1, 15, 1, 14, 1, 1, 1, 1, 1, 1, 3, 1, 1, 2, 34, 1, 1, 1, 1, 2, 4, 1, 8, 2, 1, 3, 1, 82, 1, 10, 1, 82, 175, 1, 1, 4, 1, 715, 6, 4, 2, 1, 1, 1, 1, 1, 1, inf, 321, 1171, 63, 329, 3, 1, 1, 613, 1, 1, 2, 9, 1, 21, 1, 1, 13, 1, 1, 2, 3, 1, 4, 1, 2, 9, 254, 3, 2, 5, 9, 821, 1, 1, 1, 1, 1, 1, 1, 1, 1, 1, 1, 1, inf, 2, 2, 2, 12, 2, 2, 2, 2, 2, 2, 2, 2, 2, 2, 2, 1, 2, 2, 2, 2, 2, 2, 2, 2, 2, 2, 1, 3, 11, 24, 1, 1, 1, 1, 1, 1, 1, 1, 1, 1, 1, 1, 1, 3, 1, 1, inf, 597, 1, 1, 22, 889, 2, 1, 8, 1, 1, 1, 1, 1, 2, 143, 4, 1, 1, 1, 1, 1, 1, 1, 1, 1, 1, 159, 1, 1, 1, 1, 1, inf, 2, inf, 1, 1, 1, 23, 1, 2, 1, 1, 1, 1, 1, 5, 3, 1, inf, 1, 1, 1, 1, 1, 1, 1, 1, 1, 1, 1, 1, 1, 1, 1, 1, 1, inf, 1, 1, 1, 1, 3, 1, 1, 1, 1, 1, 31, inf, 1, inf, 839, 1, 1, 1, 2, 1, 1, 21, inf, 1, 7, 1, 1, 2, 1, 1, 1, 1, 1, 1, 1, 1, 1, 118, 22, 1, 1, 1, 1, 1, 1, 1, 1, 1, 1, 1, 1, 1, 1, 2, 1, 518, 5, 1, 1, 1, 1, 1, 5, 4, 2, 3, 1, 1, 1, 1, 1, 1, 1, 5, 1, 3, 1, 2, 1, 1, 1, 1, 1, 1, 1, 1, 1, 82, 7, 5, 1, 1, 2, 256, 3, 1, 8, 1, 1, 1, 3, 18, 3, 1, 1, 1, 1, 2, 1, 46, 2, 1, 1, 1, 979, inf, 197, 1, 1, 1, 5, 953, 1, 1, 1, 1, 3, 80, 1, 1, 1, 1, 1, 8, 2, 1, 95, 2, 1, 1, 20, 7, 4, 1, 1, 1, 554, 1, 3, 1, 3, 1, 683, 1, 1, 1, 2, 16, 3, 6, 5, 2, 2, 1045, 6, 1, inf, 1, 3, 1, 1, 1, 3, 2, 5, 66, 6, 1, 1, inf, inf, 4, 1, 3, inf, 1, 5, 132, 6, 1, 1, 1, 5, 1, 7, 7, 1, 1, 31, 1, 217, 1, 1, 1, 6, 10, 6, 6, 6, 6, 6, 6, 10, 10, 9, 4, 6, 5, 6, 6, 6, 14, 3, 3, 3, 3, 3, 11, 10, 2, 7, 7, 7, 2, 7, 1, 3, 3, 1, 1, 2, 2, 3, 2, 4, 1, 1, 1, 1, 1, 3, 1, 1, 1, 19, 336, 1, 1, inf, 1, 1, 1, 1, 1, 1, 125, 8, 5, 1, inf, 2, 2, 1, 1, 1, 1, 2, inf, 8, 1, 2, 2, 2, 1, 1, 1, 1, 1, 1, 1, 1, 4, 1, 1, 1, 2, 1, 1, 183, 1, inf, 165, 1, 979, 1, 1, 1, 1, 1, 1, 1, 1, 1, 1, 2, 1, 1, 1000, 1, inf, 1, 1, 259, 4, 4, 4, 4, 3, 3, 3, 3, 2, 1, 1, 2, 1, 1, 1, 8, 1, 1, 1, 1, 1, 1, 1, 3, 3, 1, 1, 5, 1, 1, 4, 1, 1, 1208, 1076, 37, 2, 1, 5, 1, 1, 21, 9, 7, 2, 1, 2, 1, 1, 97, 2, 1, 1, 1, 1, 1, inf, 1, 1, 1, 8, 1, 1, 5, 8, 1, 1, 1, 2, 1, inf, 1, 1, 1, 19, 4, 4, 7, 1, 3, 101, 3, 426, 1614, 7, 3, 2, 3, 1, 7, 35, 725, 1, 1, 1, 1, 1, 1, 1, 1, 5, 1, 1, 1, 1, 1, 1, 1, 1, 1, 755, 683, 1, 1, 1, 1, 1, 1, 32, 1, 35, 1, 2, 1, 1, 1, 1, 1, 1, 1, 1, 1, 284, 1, 1, 1, 1, 1, 1, 1, inf, 1, 2, 1, 1, 1, 1, 9, 2, 1, 8, 1, 8, 79, 3, 1, 2, 2, 7, 7, 6, 483, 1, 10, 1, 1, 1, 4, 1, 31, 27, 418, 7, 1, 1, 9, 1, 2, 4, 78, 173, 33, 1, 1, inf, 1147, 1, 1, 1, 1401, 4, 313, 1563, 42, inf, 142, 2, 613, 1, 1, 1, 205, 1307, 3, 3, 160, 29, 1, 1, 19, 1, 12, 402, 1, 302, 9, 7, 3, 5, 1, inf, 10, inf, inf, inf, inf, 10, 6, inf, 1421, 121, 116, 2, 3, 217, 1, inf, 28, 1, inf, inf, 1, inf, 257, 1589, 65, 7, 12, 2, 2, 4, 1, 1, 278, 1, 77, 15, inf, 1, 27, 1, 2, 14, 7, inf, 303, inf, 1, 5, 2, 3, inf, 3, 6, 2, 12, 1, 8, 1, 8, 38, 1, 1, 9, 155, 99, 1, 4, 11, 1, 5, 1, 1, 1, 11, 1, 1, 1, 1, 1, 1, 1, 1, 1, 1, 1, 1, 4, 10, 1, 2, 109, 22, 1, 1, 2]
2022-08-18 Thursday 11:49:55:INFO: It completed at: 2022-08-18 11:49:55.887314
2022-08-18 Thursday 11:49:55:INFO: Completed after: 5:00:30.529185
