2022-08-21 Sunday 11:05:15:INFO: {'bug_database': 'dataset/mozilla/mozilla_soft_clean.json', 'database_name': 'mozilla', 'epochs': 12, 'lr': 0.001, 'l2': 0.0, 'batch_size': 256, 'ranking_batch_size': 512, 'ranking_n_workers': 2, 'cuda': True, 'cache_folder': 'scratch/temp/', 'pairs_training': 'dataset/mozilla/training_split_mozilla_pairs_random_1.txt', 'pairs_validation': 'dataset/mozilla/validation_mozilla_pairs_random_1.txt', 'neg_pair_generator': {'type': 'non_negative', 'training': 'dataset/mozilla/training_mozilla.txt', 'rate': 1, 'pre_list_file': None, 'k': 0, 'n_tries': 15, 'preselected_length': None, 'random_anchor': True}, 'loss': 'bce', 'margin': 0, 'categorical': {'lexicons': 'dataset/mozilla/categorical_lexicons.json', 'bn_last_layer': False, 'emb_size': 20, 'hidden_sizes': [40], 'dropout': 0.0, 'activation': 'relu', 'batch_normalization': False, 'layer_norm': False}, 'compare_aggregation': {'word_embedding': 'word_embedding/mozilla/glove_42B_300d_mozilla.npy', 'norm_word_embedding': False, 'lexicon': 'word_embedding/mozilla/glove_42B_300d_mozilla.lxc', 'sent_representation': None, 'tokenizer': 'white_space', 'bow': False, 'frequency': False, 'extractor': {'update_embedding': False, 'filters': ['TransformLowerCaseFilter'], 'hidden_size': 150, 'dropout': 0.0, 'layer_norm': False, 'txt_field_emb_size': 5, 'field_word_combination': 'cat', 'emb_dropout': 0.0, 'scaled_attention': True, 'model': 'linear', 'use_categorical': False, 'bidirectional': True}, 'matching': {'type': 'full', 'scaled_attention': True, 'comparison_hidden_size': 100, 'dropout': 0.0, 'residual': True, 'layer_norm': False, 'attention_hidden_size': 200, 'attention': 'dot_product', 'comparison_func': 'submult+nn'}, 'aggregate': {'model': 'lstm', 'window': [3, 4, 5], 'nfilters': 100, 'hidden_size': 150, 'dropout': 0.0, 'bidirectional': True, 'num_layers': 1, 'self_att_hidden': 50, 'layer_norm': False, 'n_hops': 20}, 'classifier': {'hidden_size': [300], 'output_act': 'sigmoid', 'hadamard_diff_textual': True, 'hadamard_diff_categorical': True, 'textual_hidden_layer': 600, 'categorical_hidden_layer': 40, 'categorical_dropout': 0.0, 'dropout': 0.0, 'only_candidate': False, 'layer_norm': False, 'batch_normalization': False}}, 'random_switch': True, 'recall_estimation_train': None, 'recall_estimation': None, 'sample_size_rr_tr': 0, 'sample_size_rr_val': 0, 'rr_val_epoch': 100, 'rr_train_epoch': 100, 'ranking_result_file': None, 'optimizer': 'adam', 'lr_scheduler': None, 'save': None, 'save_by_epoch': None, 'load': None, 'recall_rate': {'type': 'sun2011', 'dataset': 'dataset/mozilla/test_mozilla.txt', 'result_file': None, 'group_by_master': True, 'window': 365}, 'pair_test_dataset': None, 'rep': {'model': None, 'input': None, 'training': None, 'rate': 1, 'neg_training': 10000, 'k': 1000}, 'rr_scorer': 'general', 'seed': 897669281}
2022-08-21 Sunday 11:05:15:INFO: It started at: 2022-08-21 11:05:15.552556
2022-08-21 Sunday 11:05:19:INFO: Turning CUDA on
2022-08-21 Sunday 11:05:19:INFO: Using Categorical Information.
2022-08-21 Sunday 11:05:20:INFO: Lexicon size: 96875
2022-08-21 Sunday 11:05:20:INFO: Word Embedding size: 300
2022-08-21 Sunday 11:05:20:INFO: Use white space tokenizer to tokenize summary information
2022-08-21 Sunday 11:05:20:INFO: BoW=False and TF=False
2022-08-21 Sunday 11:05:20:INFO: Using Summary and Description information.
2022-08-21 Sunday 11:05:20:INFO: Using BCE Loss: margin=0
2022-08-21 Sunday 11:05:23:INFO: Non Negative Pair Generator
2022-08-21 Sunday 11:05:23:INFO: Using the following dataset to generate negative examples: Database: mozilla; Order by Date; Master report is the newest oneWe keep nested master reports; Database: mozilla; Order by Date; Master report is the newest oneWe keep nested master reports;. Number of bugs in the training: 137886
2022-08-21 Sunday 11:05:35:INFO: Training size: 118578
2022-08-21 Sunday 11:05:35:INFO: Validation size: 2418
2022-08-21 Sunday 11:05:35:INFO: Adam
2022-08-21 Sunday 11:05:35:INFO: Scheduler: Constant
2022-08-21 Sunday 11:05:35:INFO: Epoch: 1
2022-08-21 Sunday 11:05:35:INFO: LR: 0.001
2022-08-21 Sunday 11:09:28:INFO: {'type': 'metric', 'label': 'training_loss', 'epoch': 1, 'value': 0.11366250495206898, 'sum': 13477.872512206435, 'num_example': 118578}
2022-08-21 Sunday 11:09:28:INFO: {'type': 'metric', 'label': 'training_dist_target', 'value': (0.06404111141313151, 0.06542783692099875), 'epoch': 1}
2022-08-21 Sunday 11:09:28:INFO: {'type': 'metric', 'label': 'training_acc', 'epoch': 1, 'value': 0.9569566024051679, 'num_correct': 113474, 'num_example': 118578}
2022-08-21 Sunday 11:09:28:INFO: {'type': 'metric', 'label': 'training_precision', 'epoch': 1, 'value': 0.9611096978187561, 'positive': 56470.0, 'total': 58755.0}
2022-08-21 Sunday 11:09:28:INFO: {'type': 'metric', 'label': 'training_recall', 'epoch': 1, 'value': 0.9524532556533813, 'positive': 56470.0, 'total': 59289.0}
2022-08-21 Sunday 11:09:29:INFO: {'type': 'metric', 'label': 'validation_loss', 'epoch': 1, 'value': 0.11720736146071807, 'sum': 283.4074000120163, 'num_example': 2418}
2022-08-21 Sunday 11:09:29:INFO: {'type': 'metric', 'label': 'validation_dist_target', 'value': (0.05973784957077998, 0.07798386606132816), 'epoch': 1}
2022-08-21 Sunday 11:09:29:INFO: {'type': 'metric', 'label': 'validation_acc', 'epoch': 1, 'value': 0.9582299421009098, 'num_correct': 2317, 'num_example': 2418}
2022-08-21 Sunday 11:09:29:INFO: {'type': 'metric', 'label': 'validation_precision', 'epoch': 1, 'value': 0.9686971306800842, 'positive': 1145.0, 'total': 1182.0}
2022-08-21 Sunday 11:09:29:INFO: {'type': 'metric', 'label': 'validation_recall', 'epoch': 1, 'value': 0.947063684463501, 'positive': 1145.0, 'total': 1209.0}
2022-08-21 Sunday 11:10:02:INFO: Epoch: 2
2022-08-21 Sunday 11:10:02:INFO: LR: 0.001
2022-08-21 Sunday 11:13:42:INFO: {'type': 'metric', 'label': 'training_loss', 'epoch': 2, 'value': 0.0522324687608295, 'sum': 6193.621680721641, 'num_example': 118578}
2022-08-21 Sunday 11:13:42:INFO: {'type': 'metric', 'label': 'training_dist_target', 'value': (0.027441593203940875, 0.02737064474389706), 'epoch': 2}
2022-08-21 Sunday 11:13:42:INFO: {'type': 'metric', 'label': 'training_acc', 'epoch': 2, 'value': 0.982484103290661, 'num_correct': 116501, 'num_example': 118578}
2022-08-21 Sunday 11:13:42:INFO: {'type': 'metric', 'label': 'training_precision', 'epoch': 2, 'value': 0.983111560344696, 'positive': 58212.0, 'total': 59212.0}
2022-08-21 Sunday 11:13:42:INFO: {'type': 'metric', 'label': 'training_recall', 'epoch': 2, 'value': 0.9818347692489624, 'positive': 58212.0, 'total': 59289.0}
2022-08-21 Sunday 11:13:43:INFO: {'type': 'metric', 'label': 'validation_loss', 'epoch': 2, 'value': 0.13169696252266172, 'sum': 318.443255379796, 'num_example': 2418}
2022-08-21 Sunday 11:13:43:INFO: {'type': 'metric', 'label': 'validation_dist_target', 'value': (0.031024512424263902, 0.07999795956292165), 'epoch': 2}
2022-08-21 Sunday 11:13:43:INFO: {'type': 'metric', 'label': 'validation_acc', 'epoch': 2, 'value': 0.9520264681555004, 'num_correct': 2302, 'num_example': 2418}
2022-08-21 Sunday 11:13:43:INFO: {'type': 'metric', 'label': 'validation_precision', 'epoch': 2, 'value': 0.976460337638855, 'positive': 1120.0, 'total': 1147.0}
2022-08-21 Sunday 11:13:43:INFO: {'type': 'metric', 'label': 'validation_recall', 'epoch': 2, 'value': 0.9263854622840881, 'positive': 1120.0, 'total': 1209.0}
2022-08-21 Sunday 11:14:28:INFO: Epoch: 3
2022-08-21 Sunday 11:14:28:INFO: LR: 0.001
2022-08-21 Sunday 11:18:10:INFO: {'type': 'metric', 'label': 'training_loss', 'epoch': 3, 'value': 0.050713156947095786, 'sum': 6013.464724472724, 'num_example': 118578}
2022-08-21 Sunday 11:18:10:INFO: {'type': 'metric', 'label': 'training_dist_target', 'value': (0.026582446677987304, 0.02644528257545034), 'epoch': 3}
2022-08-21 Sunday 11:18:10:INFO: {'type': 'metric', 'label': 'training_acc', 'epoch': 3, 'value': 0.983032265681661, 'num_correct': 116566, 'num_example': 118578}
2022-08-21 Sunday 11:18:10:INFO: {'type': 'metric', 'label': 'training_precision', 'epoch': 3, 'value': 0.9830159544944763, 'positive': 58284.0, 'total': 59291.0}
2022-08-21 Sunday 11:18:10:INFO: {'type': 'metric', 'label': 'training_recall', 'epoch': 3, 'value': 0.9830491542816162, 'positive': 58284.0, 'total': 59289.0}
2022-08-21 Sunday 11:18:11:INFO: {'type': 'metric', 'label': 'validation_loss', 'epoch': 3, 'value': 0.15052820976308992, 'sum': 363.9772112071514, 'num_example': 2418}
2022-08-21 Sunday 11:18:11:INFO: {'type': 'metric', 'label': 'validation_dist_target', 'value': (0.01808719535422187, 0.10087400038839865), 'epoch': 3}
2022-08-21 Sunday 11:18:11:INFO: {'type': 'metric', 'label': 'validation_acc', 'epoch': 3, 'value': 0.9524400330851944, 'num_correct': 2303, 'num_example': 2418}
2022-08-21 Sunday 11:18:11:INFO: {'type': 'metric', 'label': 'validation_precision', 'epoch': 3, 'value': 0.9857904314994812, 'positive': 1110.0, 'total': 1126.0}
2022-08-21 Sunday 11:18:11:INFO: {'type': 'metric', 'label': 'validation_recall', 'epoch': 3, 'value': 0.9181141257286072, 'positive': 1110.0, 'total': 1209.0}
2022-08-21 Sunday 11:19:20:INFO: Epoch: 4
2022-08-21 Sunday 11:19:20:INFO: LR: 0.001
2022-08-21 Sunday 11:23:00:INFO: {'type': 'metric', 'label': 'training_loss', 'epoch': 4, 'value': 0.05237222962437945, 'sum': 6210.194244399667, 'num_example': 118578}
2022-08-21 Sunday 11:23:00:INFO: {'type': 'metric', 'label': 'training_dist_target', 'value': (0.027187531392905546, 0.027096607444856927), 'epoch': 4}
2022-08-21 Sunday 11:23:00:INFO: {'type': 'metric', 'label': 'training_acc', 'epoch': 4, 'value': 0.9828045674577072, 'num_correct': 116539, 'num_example': 118578}
2022-08-21 Sunday 11:23:00:INFO: {'type': 'metric', 'label': 'training_precision', 'epoch': 4, 'value': 0.982227087020874, 'positive': 58305.0, 'total': 59360.0}
2022-08-21 Sunday 11:23:00:INFO: {'type': 'metric', 'label': 'training_recall', 'epoch': 4, 'value': 0.9834033250808716, 'positive': 58305.0, 'total': 59289.0}
2022-08-21 Sunday 11:23:01:INFO: {'type': 'metric', 'label': 'validation_loss', 'epoch': 4, 'value': 0.1737509390309983, 'sum': 420.1297705769539, 'num_example': 2418}
2022-08-21 Sunday 11:23:01:INFO: {'type': 'metric', 'label': 'validation_dist_target', 'value': (0.013264938165966, 0.10390449773190533), 'epoch': 4}
2022-08-21 Sunday 11:23:01:INFO: {'type': 'metric', 'label': 'validation_acc', 'epoch': 4, 'value': 0.9491315136476427, 'num_correct': 2295, 'num_example': 2418}
2022-08-21 Sunday 11:23:01:INFO: {'type': 'metric', 'label': 'validation_precision', 'epoch': 4, 'value': 0.9900721907615662, 'positive': 1097.0, 'total': 1108.0}
2022-08-21 Sunday 11:23:01:INFO: {'type': 'metric', 'label': 'validation_recall', 'epoch': 4, 'value': 0.9073614478111267, 'positive': 1097.0, 'total': 1209.0}
2022-08-21 Sunday 11:25:05:INFO: Epoch: 5
2022-08-21 Sunday 11:25:05:INFO: LR: 0.001
2022-08-21 Sunday 11:28:48:INFO: {'type': 'metric', 'label': 'training_loss', 'epoch': 5, 'value': 0.056771737028176415, 'sum': 6731.879033327103, 'num_example': 118578}
2022-08-21 Sunday 11:28:48:INFO: {'type': 'metric', 'label': 'training_dist_target', 'value': (0.03030101060676298, 0.030184887406532024), 'epoch': 5}
2022-08-21 Sunday 11:28:48:INFO: {'type': 'metric', 'label': 'training_acc', 'epoch': 5, 'value': 0.980561318288384, 'num_correct': 116273, 'num_example': 118578}
2022-08-21 Sunday 11:28:48:INFO: {'type': 'metric', 'label': 'training_precision', 'epoch': 5, 'value': 0.9797763824462891, 'positive': 58185.0, 'total': 59386.0}
2022-08-21 Sunday 11:28:48:INFO: {'type': 'metric', 'label': 'training_recall', 'epoch': 5, 'value': 0.9813793301582336, 'positive': 58185.0, 'total': 59289.0}
2022-08-21 Sunday 11:28:49:INFO: {'type': 'metric', 'label': 'validation_loss', 'epoch': 5, 'value': 0.24591397680804392, 'sum': 594.6199959218502, 'num_example': 2418}
2022-08-21 Sunday 11:28:49:INFO: {'type': 'metric', 'label': 'validation_dist_target', 'value': (0.005076369099670249, 0.1383218082935974), 'epoch': 5}
2022-08-21 Sunday 11:28:49:INFO: {'type': 'metric', 'label': 'validation_acc', 'epoch': 5, 'value': 0.9334160463192721, 'num_correct': 2257, 'num_example': 2418}
2022-08-21 Sunday 11:28:49:INFO: {'type': 'metric', 'label': 'validation_precision', 'epoch': 5, 'value': 0.9980988502502441, 'positive': 1050.0, 'total': 1052.0}
2022-08-21 Sunday 11:28:49:INFO: {'type': 'metric', 'label': 'validation_recall', 'epoch': 5, 'value': 0.8684863448143005, 'positive': 1050.0, 'total': 1209.0}
2022-08-21 Sunday 11:31:53:INFO: Epoch: 6
2022-08-21 Sunday 11:31:53:INFO: LR: 0.001
2022-08-21 Sunday 11:35:37:INFO: {'type': 'metric', 'label': 'training_loss', 'epoch': 6, 'value': 0.059146780505597706, 'sum': 7013.506938792765, 'num_example': 118578}
2022-08-21 Sunday 11:35:37:INFO: {'type': 'metric', 'label': 'training_dist_target', 'value': (0.031321721815958777, 0.031769216755317194), 'epoch': 6}
2022-08-21 Sunday 11:35:37:INFO: {'type': 'metric', 'label': 'training_acc', 'epoch': 6, 'value': 0.9797264248005533, 'num_correct': 116174, 'num_example': 118578}
2022-08-21 Sunday 11:35:37:INFO: {'type': 'metric', 'label': 'training_precision', 'epoch': 6, 'value': 0.9775195717811584, 'positive': 58224.0, 'total': 59563.0}
2022-08-21 Sunday 11:35:37:INFO: {'type': 'metric', 'label': 'training_recall', 'epoch': 6, 'value': 0.9820371270179749, 'positive': 58224.0, 'total': 59289.0}
2022-08-21 Sunday 11:35:37:INFO: {'type': 'metric', 'label': 'validation_loss', 'epoch': 6, 'value': 0.19772415877473168, 'sum': 478.0970159173012, 'num_example': 2418}
2022-08-21 Sunday 11:35:37:INFO: {'type': 'metric', 'label': 'validation_dist_target', 'value': (0.013034830872829143, 0.10838931448899389), 'epoch': 6}
2022-08-21 Sunday 11:35:37:INFO: {'type': 'metric', 'label': 'validation_acc', 'epoch': 6, 'value': 0.9445822994210091, 'num_correct': 2284, 'num_example': 2418}
2022-08-21 Sunday 11:35:37:INFO: {'type': 'metric', 'label': 'validation_precision', 'epoch': 6, 'value': 0.9881925582885742, 'positive': 1088.0, 'total': 1101.0}
2022-08-21 Sunday 11:35:37:INFO: {'type': 'metric', 'label': 'validation_recall', 'epoch': 6, 'value': 0.8999173045158386, 'positive': 1088.0, 'total': 1209.0}
2022-08-21 Sunday 11:37:44:INFO: Epoch: 7
2022-08-21 Sunday 11:37:44:INFO: LR: 0.001
2022-08-21 Sunday 11:41:30:INFO: {'type': 'metric', 'label': 'training_loss', 'epoch': 7, 'value': 0.04126838781552198, 'sum': 4893.522890388966, 'num_example': 118578}
2022-08-21 Sunday 11:41:30:INFO: {'type': 'metric', 'label': 'training_dist_target', 'value': (0.021690152564520303, 0.02173866163562555), 'epoch': 7}
2022-08-21 Sunday 11:41:30:INFO: {'type': 'metric', 'label': 'training_acc', 'epoch': 7, 'value': 0.9861863077467996, 'num_correct': 116940, 'num_example': 118578}
2022-08-21 Sunday 11:41:30:INFO: {'type': 'metric', 'label': 'training_precision', 'epoch': 7, 'value': 0.9833816885948181, 'positive': 58642.0, 'total': 59633.0}
2022-08-21 Sunday 11:41:30:INFO: {'type': 'metric', 'label': 'training_recall', 'epoch': 7, 'value': 0.9890873432159424, 'positive': 58642.0, 'total': 59289.0}
2022-08-21 Sunday 11:41:31:INFO: {'type': 'metric', 'label': 'validation_loss', 'epoch': 7, 'value': 0.23946745511270734, 'sum': 579.0323064625263, 'num_example': 2418}
2022-08-21 Sunday 11:41:31:INFO: {'type': 'metric', 'label': 'validation_dist_target', 'value': (0.00632690198910542, 0.12007332400313284), 'epoch': 7}
2022-08-21 Sunday 11:41:31:INFO: {'type': 'metric', 'label': 'validation_acc', 'epoch': 7, 'value': 0.9429280397022333, 'num_correct': 2280, 'num_example': 2418}
2022-08-21 Sunday 11:41:31:INFO: {'type': 'metric', 'label': 'validation_precision', 'epoch': 7, 'value': 0.9962928891181946, 'positive': 1075.0, 'total': 1079.0}
2022-08-21 Sunday 11:41:31:INFO: {'type': 'metric', 'label': 'validation_recall', 'epoch': 7, 'value': 0.8891646265983582, 'positive': 1075.0, 'total': 1209.0}
2022-08-21 Sunday 11:45:06:INFO: Epoch: 8
2022-08-21 Sunday 11:45:06:INFO: LR: 0.001
2022-08-21 Sunday 11:48:47:INFO: {'type': 'metric', 'label': 'training_loss', 'epoch': 8, 'value': 0.049634309998992425, 'sum': 5885.537211060524, 'num_example': 118578}
2022-08-21 Sunday 11:48:47:INFO: {'type': 'metric', 'label': 'training_dist_target', 'value': (0.02663395358731629, 0.026745715756594787), 'epoch': 8}
2022-08-21 Sunday 11:48:47:INFO: {'type': 'metric', 'label': 'training_acc', 'epoch': 8, 'value': 0.9825178363608764, 'num_correct': 116505, 'num_example': 118578}
2022-08-21 Sunday 11:48:47:INFO: {'type': 'metric', 'label': 'training_precision', 'epoch': 8, 'value': 0.9786027073860168, 'positive': 58495.0, 'total': 59774.0}
2022-08-21 Sunday 11:48:47:INFO: {'type': 'metric', 'label': 'training_recall', 'epoch': 8, 'value': 0.9866079688072205, 'positive': 58495.0, 'total': 59289.0}
2022-08-21 Sunday 11:48:47:INFO: {'type': 'metric', 'label': 'validation_loss', 'epoch': 8, 'value': 0.29394877250279344, 'sum': 710.7681319117546, 'num_example': 2418}
2022-08-21 Sunday 11:48:47:INFO: {'type': 'metric', 'label': 'validation_dist_target', 'value': (0.005043376135471145, 0.12942809522201248), 'epoch': 8}
2022-08-21 Sunday 11:48:47:INFO: {'type': 'metric', 'label': 'validation_acc', 'epoch': 8, 'value': 0.9441687344913151, 'num_correct': 2283, 'num_example': 2418}
2022-08-21 Sunday 11:48:47:INFO: {'type': 'metric', 'label': 'validation_precision', 'epoch': 8, 'value': 0.9972222447395325, 'positive': 1077.0, 'total': 1080.0}
2022-08-21 Sunday 11:48:47:INFO: {'type': 'metric', 'label': 'validation_recall', 'epoch': 8, 'value': 0.8908188343048096, 'positive': 1077.0, 'total': 1209.0}
2022-08-21 Sunday 11:55:25:INFO: Epoch: 9
2022-08-21 Sunday 11:55:25:INFO: LR: 0.001
2022-08-21 Sunday 11:58:01:INFO: {'type': 'metric', 'label': 'training_loss', 'epoch': 9, 'value': 0.06922932385837516, 'sum': 6092.457416832447, 'num_example': 88004}
2022-08-21 Sunday 11:58:01:INFO: {'type': 'metric', 'label': 'training_dist_target', 'value': (0.03785555553617252, 0.03791600337765834), 'epoch': 9}
2022-08-21 Sunday 11:58:01:INFO: {'type': 'metric', 'label': 'training_acc', 'epoch': 9, 'value': 0.9751034043907095, 'num_correct': 85813, 'num_example': 88004}
2022-08-21 Sunday 11:58:01:INFO: {'type': 'metric', 'label': 'training_precision', 'epoch': 9, 'value': 0.969733715057373, 'positive': 43158.0, 'total': 44505.0}
2022-08-21 Sunday 11:58:01:INFO: {'type': 'metric', 'label': 'training_recall', 'epoch': 9, 'value': 0.980819046497345, 'positive': 43158.0, 'total': 44002.0}
2022-08-21 Sunday 11:58:02:INFO: {'type': 'metric', 'label': 'validation_loss', 'epoch': 9, 'value': 0.4392980131312182, 'sum': 1062.2225957512856, 'num_example': 2418}
2022-08-21 Sunday 11:58:02:INFO: {'type': 'metric', 'label': 'validation_dist_target', 'value': (0.0015814728421337033, 0.1642815705860223), 'epoch': 9}
2022-08-21 Sunday 11:58:02:INFO: {'type': 'metric', 'label': 'validation_acc', 'epoch': 9, 'value': 0.9251447477253929, 'num_correct': 2237, 'num_example': 2418}
2022-08-21 Sunday 11:58:02:INFO: {'type': 'metric', 'label': 'validation_precision', 'epoch': 9, 'value': 0.9990290999412537, 'positive': 1029.0, 'total': 1030.0}
2022-08-21 Sunday 11:58:02:INFO: {'type': 'metric', 'label': 'validation_recall', 'epoch': 9, 'value': 0.8511165976524353, 'positive': 1029.0, 'total': 1209.0}
2022-08-21 Sunday 12:04:48:INFO: Epoch: 10
2022-08-21 Sunday 12:04:48:INFO: LR: 0.001
2022-08-21 Sunday 12:06:02:INFO: {'type': 'metric', 'label': 'training_loss', 'epoch': 10, 'value': 0.09398362524188586, 'sum': 3824.381678342819, 'num_example': 40692}
2022-08-21 Sunday 12:06:02:INFO: {'type': 'metric', 'label': 'training_dist_target', 'value': (0.05241280388693818, 0.05213874589022336), 'epoch': 10}
2022-08-21 Sunday 12:06:02:INFO: {'type': 'metric', 'label': 'training_acc', 'epoch': 10, 'value': 0.9654231790032439, 'num_correct': 39285, 'num_example': 40692}
2022-08-21 Sunday 12:06:02:INFO: {'type': 'metric', 'label': 'training_precision', 'epoch': 10, 'value': 0.9589937329292297, 'positive': 19785.0, 'total': 20631.0}
2022-08-21 Sunday 12:06:02:INFO: {'type': 'metric', 'label': 'training_recall', 'epoch': 10, 'value': 0.9724270105361938, 'positive': 19785.0, 'total': 20346.0}
2022-08-21 Sunday 12:06:03:INFO: {'type': 'metric', 'label': 'validation_loss', 'epoch': 10, 'value': 0.5515747653540745, 'sum': 1333.707782626152, 'num_example': 2418}
2022-08-21 Sunday 12:06:03:INFO: {'type': 'metric', 'label': 'validation_dist_target', 'value': (0.0007656137589935285, 0.22394452122640177), 'epoch': 10}
2022-08-21 Sunday 12:06:03:INFO: {'type': 'metric', 'label': 'validation_acc', 'epoch': 10, 'value': 0.8995037220843672, 'num_correct': 2175, 'num_example': 2418}
2022-08-21 Sunday 12:06:03:INFO: {'type': 'metric', 'label': 'validation_precision', 'epoch': 10, 'value': 1.0, 'positive': 966.0, 'total': 966.0}
2022-08-21 Sunday 12:06:03:INFO: {'type': 'metric', 'label': 'validation_recall', 'epoch': 10, 'value': 0.7990074157714844, 'positive': 966.0, 'total': 1209.0}
2022-08-21 Sunday 12:12:50:INFO: Epoch: 11
2022-08-21 Sunday 12:12:50:INFO: LR: 0.001
2022-08-21 Sunday 12:13:51:INFO: {'type': 'metric', 'label': 'training_loss', 'epoch': 11, 'value': 0.09281343170197738, 'sum': 3203.1771548986435, 'num_example': 34512}
2022-08-21 Sunday 12:13:51:INFO: {'type': 'metric', 'label': 'training_dist_target', 'value': (0.05088801423625698, 0.05067795606249728), 'epoch': 11}
2022-08-21 Sunday 12:13:51:INFO: {'type': 'metric', 'label': 'training_acc', 'epoch': 11, 'value': 0.9673157162726008, 'num_correct': 33384, 'num_example': 34512}
2022-08-21 Sunday 12:13:51:INFO: {'type': 'metric', 'label': 'training_precision', 'epoch': 11, 'value': 0.9600114226341248, 'positive': 16829.0, 'total': 17530.0}
2022-08-21 Sunday 12:13:51:INFO: {'type': 'metric', 'label': 'training_recall', 'epoch': 11, 'value': 0.975255012512207, 'positive': 16829.0, 'total': 17256.0}
2022-08-21 Sunday 12:13:52:INFO: {'type': 'metric', 'label': 'validation_loss', 'epoch': 11, 'value': 0.5409566562860045, 'sum': 1308.033194899559, 'num_example': 2418}
2022-08-21 Sunday 12:13:52:INFO: {'type': 'metric', 'label': 'validation_dist_target', 'value': (0.000787680746403556, 0.2574834870937149), 'epoch': 11}
2022-08-21 Sunday 12:13:52:INFO: {'type': 'metric', 'label': 'validation_acc', 'epoch': 11, 'value': 0.8858560794044665, 'num_correct': 2142, 'num_example': 2418}
2022-08-21 Sunday 12:13:52:INFO: {'type': 'metric', 'label': 'validation_precision', 'epoch': 11, 'value': 1.0, 'positive': 933.0, 'total': 933.0}
2022-08-21 Sunday 12:13:52:INFO: {'type': 'metric', 'label': 'validation_recall', 'epoch': 11, 'value': 0.7717121839523315, 'positive': 933.0, 'total': 1209.0}
2022-08-21 Sunday 12:20:04:INFO: Epoch: 12
2022-08-21 Sunday 12:20:04:INFO: LR: 0.001
2022-08-21 Sunday 12:21:42:INFO: {'type': 'metric', 'label': 'training_loss', 'epoch': 12, 'value': 0.07088237757707945, 'sum': 3696.5159906446934, 'num_example': 52150}
2022-08-21 Sunday 12:21:42:INFO: {'type': 'metric', 'label': 'training_dist_target', 'value': (0.038971666480527974, 0.03954050298848065), 'epoch': 12}
2022-08-21 Sunday 12:21:42:INFO: {'type': 'metric', 'label': 'training_acc', 'epoch': 12, 'value': 0.9743240651965485, 'num_correct': 50811, 'num_example': 52150}
2022-08-21 Sunday 12:21:42:INFO: {'type': 'metric', 'label': 'training_precision', 'epoch': 12, 'value': 0.9695163369178772, 'positive': 25539.0, 'total': 26342.0}
2022-08-21 Sunday 12:21:42:INFO: {'type': 'metric', 'label': 'training_recall', 'epoch': 12, 'value': 0.9794439077377319, 'positive': 25539.0, 'total': 26075.0}
2022-08-21 Sunday 12:21:42:INFO: {'type': 'metric', 'label': 'validation_loss', 'epoch': 12, 'value': 0.7829318729878655, 'sum': 1893.1292688846588, 'num_example': 2418}
2022-08-21 Sunday 12:21:42:INFO: {'type': 'metric', 'label': 'validation_dist_target', 'value': (0.00012109367208979212, 0.30297967596819225), 'epoch': 12}
2022-08-21 Sunday 12:21:42:INFO: {'type': 'metric', 'label': 'validation_acc', 'epoch': 12, 'value': 0.8631100082712986, 'num_correct': 2087, 'num_example': 2418}
2022-08-21 Sunday 12:21:42:INFO: {'type': 'metric', 'label': 'validation_precision', 'epoch': 12, 'value': 1.0, 'positive': 878.0, 'total': 878.0}
2022-08-21 Sunday 12:21:42:INFO: {'type': 'metric', 'label': 'validation_recall', 'epoch': 12, 'value': 0.7262200117111206, 'positive': 878.0, 'total': 1209.0}
2022-08-21 Sunday 12:21:42:INFO: Calculating recall rate: sun2011
2022-08-21 Sunday 14:15:29:INFO: RR calculation - 500 duplicate reports were processed
2022-08-21 Sunday 16:00:34:INFO: RR calculation - 1000 duplicate reports were processed
2022-08-21 Sunday 17:50:04:INFO: RR calculation - 1500 duplicate reports were processed
2022-08-21 Sunday 19:39:00:INFO: RR calculation - 2000 duplicate reports were processed
2022-08-21 Sunday 21:26:01:INFO: RR calculation - 2500 duplicate reports were processed
2022-08-21 Sunday 23:14:11:INFO: RR calculation - 3000 duplicate reports were processed
2022-08-22 Monday 00:59:34:INFO: RR calculation - 3500 duplicate reports were processed
2022-08-22 Monday 02:53:05:INFO: RR calculation - 4000 duplicate reports were processed
2022-08-22 Monday 04:33:47:INFO: RR calculation - 4500 duplicate reports were processed
2022-08-22 Monday 06:14:45:INFO: RR calculation - 5000 duplicate reports were processed
2022-08-22 Monday 07:51:24:INFO: RR calculation - 5500 duplicate reports were processed
2022-08-22 Monday 09:33:52:INFO: RR calculation - 6000 duplicate reports were processed
2022-08-22 Monday 10:19:49:INFO: [] Throughput: 0.07876519822683216 bugs per second (bugs=6229 ,seconds=79083.15017580986)
2022-08-22 Monday 10:19:49:INFO: {'type': 'metric', 'label': 'recall_rate', 'k': 1, 'rate': 0.397013966928881, 'hit': 2473, 'total': 6229, 'epoch': 0}
2022-08-22 Monday 10:19:49:INFO: {'type': 'metric', 'label': 'recall_rate', 'k': 2, 'rate': 0.48563172258789533, 'hit': 3025, 'total': 6229, 'epoch': 0}
2022-08-22 Monday 10:19:49:INFO: {'type': 'metric', 'label': 'recall_rate', 'k': 3, 'rate': 0.536683255739284, 'hit': 3343, 'total': 6229, 'epoch': 0}
2022-08-22 Monday 10:19:49:INFO: {'type': 'metric', 'label': 'recall_rate', 'k': 4, 'rate': 0.5691122170492856, 'hit': 3545, 'total': 6229, 'epoch': 0}
2022-08-22 Monday 10:19:49:INFO: {'type': 'metric', 'label': 'recall_rate', 'k': 5, 'rate': 0.5888585647776529, 'hit': 3668, 'total': 6229, 'epoch': 0}
2022-08-22 Monday 10:19:49:INFO: {'type': 'metric', 'label': 'recall_rate', 'k': 6, 'rate': 0.6089259913308718, 'hit': 3793, 'total': 6229, 'epoch': 0}
2022-08-22 Monday 10:19:49:INFO: {'type': 'metric', 'label': 'recall_rate', 'k': 7, 'rate': 0.6248193931610211, 'hit': 3892, 'total': 6229, 'epoch': 0}
2022-08-22 Monday 10:19:49:INFO: {'type': 'metric', 'label': 'recall_rate', 'k': 8, 'rate': 0.6392679402793385, 'hit': 3982, 'total': 6229, 'epoch': 0}
2022-08-22 Monday 10:19:49:INFO: {'type': 'metric', 'label': 'recall_rate', 'k': 9, 'rate': 0.6489003050248836, 'hit': 4042, 'total': 6229, 'epoch': 0}
2022-08-22 Monday 10:19:49:INFO: {'type': 'metric', 'label': 'recall_rate', 'k': 10, 'rate': 0.6591748274201317, 'hit': 4106, 'total': 6229, 'epoch': 0}
2022-08-22 Monday 10:19:49:INFO: {'type': 'metric', 'label': 'recall_rate', 'k': 11, 'rate': 0.6660780221544389, 'hit': 4149, 'total': 6229, 'epoch': 0}
2022-08-22 Monday 10:19:49:INFO: {'type': 'metric', 'label': 'recall_rate', 'k': 12, 'rate': 0.6753893080751324, 'hit': 4207, 'total': 6229, 'epoch': 0}
2022-08-22 Monday 10:19:49:INFO: {'type': 'metric', 'label': 'recall_rate', 'k': 13, 'rate': 0.680205490447905, 'hit': 4237, 'total': 6229, 'epoch': 0}
2022-08-22 Monday 10:19:49:INFO: {'type': 'metric', 'label': 'recall_rate', 'k': 14, 'rate': 0.6883930004816182, 'hit': 4288, 'total': 6229, 'epoch': 0}
2022-08-22 Monday 10:19:49:INFO: {'type': 'metric', 'label': 'recall_rate', 'k': 15, 'rate': 0.6960988922780542, 'hit': 4336, 'total': 6229, 'epoch': 0}
2022-08-22 Monday 10:19:49:INFO: {'type': 'metric', 'label': 'recall_rate', 'k': 16, 'rate': 0.7030020870123616, 'hit': 4379, 'total': 6229, 'epoch': 0}
2022-08-22 Monday 10:19:49:INFO: {'type': 'metric', 'label': 'recall_rate', 'k': 17, 'rate': 0.708460427034837, 'hit': 4413, 'total': 6229, 'epoch': 0}
2022-08-22 Monday 10:19:49:INFO: {'type': 'metric', 'label': 'recall_rate', 'k': 18, 'rate': 0.7137582276448868, 'hit': 4446, 'total': 6229, 'epoch': 0}
2022-08-22 Monday 10:19:49:INFO: {'type': 'metric', 'label': 'recall_rate', 'k': 19, 'rate': 0.7172900947182533, 'hit': 4468, 'total': 6229, 'epoch': 0}
2022-08-22 Monday 10:19:49:INFO: {'type': 'metric', 'label': 'recall_rate', 'k': 20, 'rate': 0.7216246588537486, 'hit': 4495, 'total': 6229, 'epoch': 0}
2022-08-22 Monday 10:19:49:INFO: {'type': 'metric', 'label': 'MAP', 'value': 0.487365132380587, 'sum': 3035.7974095986765, 'total': 6229, 'epoch': 0}
2022-08-22 Monday 10:19:49:INFO: [3, 9, 15, 2, 1, 1, 3, 2, 1, 10, 1, 2, 1, 1, 2, 3, 1, 2, inf, 2, 1, 975, 2, 3, 178, 46, 62, 1, 128, 256, 1, 4, 1, 15, inf, 7, 1, inf, 1, 1, 1, 1, 1, 34, 1, 1, 39, 2, 3, 1, 1, 9, 7637, 1, 1, 2, 3, 1, 43, 1, 42, 2, 11, inf, 2, 1, inf, 8, 61, 12, 1, 14, 1553, 3, 14, 5, 268, 5, 3, 1, 6, 1, 1, 1, 123, 1, 1, 1, 30, 5005, 2, 232, 2, 1, 102, 2, 1, 1, 1, 2883, 1, 32, 3716, 229, 102, 5, 1, 1, 12, 39, 1, 55, 1273, inf, 1, 1, 1, 17, 1, 1, 1, 1, 442, 2, 1, 1, 1, 2, 121, 1, 37, 1, 22, 14, 45, 6, 1, 2, 3, 3, 1, 65, 263, 22, 14, 3, 1, 3, 1, inf, inf, 73, 8, 7, 1, 2, 1244, 1, 353, 12, 1, 11, 1, 114, 8, 1, 31, 15, 1, 2, 1, 5, 1, 1, inf, 2, 1, 1, 4, 36, 1, 1, 1, 33, 2, 1, 8, 1, 2, 1, 4, 2, 14, 1, 166, 1, 1, 2, 9, 42, 1, 3, 1, 8, 241, 1, 1, 12, 1, 4, 5, 1, 1, 12, inf, 5, 3, 6826, 1, 9, 1, 2, 737, 1, 1, 5, 1, 1, 12, 222, 1, inf, 1, 3, 1, 1, 28, 170, inf, 5, 1, 1, 1, 9, 90, 2, 8, 8, 3, 1, 1, 1302, 1, 1, 1, 1, inf, 16, inf, 1, inf, 11, 13, 1, 1, 1, 97, 1, inf, 1527, 7, 3, 1, 1, 1, 89, 13, 3, 64, 1, 12, 2, 1, 1, 3, 29, 2, 1, 1, 1, 34, 7, 9, 18, 20533, 559, 1, 17, 1, 30230, 4, 1, 1, 1, 2, 10, 250, 1, 1, 1, 38, 377, 14, 1, 9408, 1, 1, 1, 1, 1, 2, 1, 1, 1, 3, 117, 1, 567, 40, 27, 51, 1, 2, 3, 1, 2, 1, 1, 5, 1, 1, 1, 1, 13, 3, 1, 1, inf, 4533, 1, 1583, 4, 1, 8, 1, 1, 121, 196, 2, 1, 37, 16, 26, 1, 801, 17, 1, 9, 1, 2, 1, 1, 1, 1, 1, 5, 5, 1, 3, 1, 2, 1, 1, 1, 180, 17, 117, 1, 14, 7, 304, 4, 3, 1, 115, 2, 8, 1, inf, 4, 1, 2, 28, 599, 4, 127, 1, 16, 1, 1, 784, inf, 1, 420, 1, 1, 10, 1, 4, 1, 29, 14, 1, 1, 2, 1, 1, 1, 1, 12, 2, 1, 30, 7, 1, 1, 1, 7, 106, 1, 27, 1, 1294, 74, 1, 154, 1, 1, 160, 17, 1, 45, 1, 6, 1, 2, 4, 304, 1, 12, 1, 9, 4, 3, 1, 544, 1, 14, 1, 1362, 1, 5496, 3, 1, inf, 1, 1, inf, 16, 1, 1, 152, 1, 10, 1, 1, 164, 1, 1, 3, 23184, 1, 326, 2, 2, 1, 33, 2, 1, 280, 20, 1, 1, 8707, 6, 103, 2, 1, 10, 1, 1, 4, 107, 6, 2, inf, 1, 1, 3, 1, 255, 10, 2, inf, 1, 1, 6, 2, 2, 1, 1, 1, 8, 1, 1, 24, 1, 2, 1, 622, 1, 2, 26, 6, 17, 38, 9, 44, 1, 1, inf, 7, 1, 1, 1, 5372, 2, 2, 1, 1, 1, 7, 1, 7, 1, 8, 47, 1, 1, 1108, 158, 1, 1, 4, 1, 1, inf, 171, 10, 1, 1, inf, inf, 41, 82, 3, 25, 1, 3, 98, 1, inf, inf, 1, 1, 2, 1, 7, 1, 65, 1, 1, 1, 47, 3, 2, 1, 4, 1, 869, 55, 1, 1484, 31, 1, 1, 32, 23, 12, 4, 1, 1, 1, 1, 8, 12, 48, 1, 4, inf, 3, 1, 28, 2, 78, 9, inf, 30, 1, 1, 1, 1, inf, 1, 2, inf, 1, 18, 288, 4, 3, 3, inf, inf, 391, 1, 30, 89, 1, 1, 1, 1, 1, 3, 101, 1, 29, 1, 4, 2, 56, 387, 21, 1, 1, 1, inf, 2, inf, 2, 7, 54, 334, 1, 8, 5, 124, 1, 1, 16, 1, 72, 2, 37, 1, 1, 1, 47, 55, 25, 3, 1, 22418, 1, 17, 5, 1, 1, 21, 3, 2, 497, 46, 8, 4, 35, 1, 7, 4, 107, 2, 34, 2, 2, 3, 744, 1, 15, 2, 2, 153, 1, 3, 370, 9, 8583, 1, 1, 248, 49, 1, inf, 1, 38, 94, 1, inf, 2, 27, 1, 6, 938, 1, 1, 1, 1, 1, 8, 7, inf, inf, 11, 3, 2, 1, 11, 1, 257, 3, 222, 1, 35, 111, 301, 24, 31, 40, 1, inf, 1, 2, 4, 8458, 1, 450, 1, 5, 1, 1, 1, inf, 1, 1, 5, 137, 132, 1, 1, 2, 1, 6, 2, 1, 14, 4, 13, 10, 9592, 1, 1, 1, 1, 40, 1, 1, 5, 728, 6, 2, 3, 47, 99, 2, 12, inf, 6, 1, 1, 4, 464, 1, 1, 1, 2, 1, inf, 1, 7, 122, 177, 220, 3, 53, 5, 1, 1, 1, 1, 1, 26, 36, 5, 3, 1, 1, 19, 32, 1317, 2, 3, 3, 1, 1, 2, 6598, 132, 937, 1767, 58, 1, 1, 1, 3, 1, 3, inf, 42, 3, 16, 1, 14, 1, 1, 2, 18, 1, 1, 5, 4920, 2389, 3, 3, 2, 1, 1, 1, 3, 2, 2, inf, 1, 1, 1, 1, inf, 31, 1, 11, 4, 10, 12, 186, 1, 230, 24, inf, 1, 173, 51, 219, 1, 1, 1, 4, 11, 1, 2, 1, 2, 136, 3, 112, 130, 78, 1, 3, 149, 6, 80, 4, 1, 1, 58, inf, 2, 1, 1, 55, 1, 1, 1, inf, 4, 1, 8, 1894, 1, 4, inf, 31, 5, 1, 1, 38, 1, 1, 1, 139, 1, 28, 54, 1, inf, 1, 1, 5, 1, 1, 2, 6, 299, 14, 4, 1, 1, 4, inf, 19, 1, 3, 1, 253, 1, inf, 4, 5, 1, 4, 56, 13, 64, 1, 2, 39, 736, 1, 1, 2, 1, 623, 11, 1, 1, 2, 2, 1, 1, 4, 2, 13, 12, 431, 1, 1, 656, 2, 1, 1, inf, 324, 1, 1, inf, 1, inf, 1, 1, 1, 2, 3, 3, inf, 70, inf, 1, 1, 1, 130, 1, 23, 1, 137, 3, 9, 1, 3, 1, 8, 94, 1, 77, 1, 2, 28, 1, 1, 1, 2963, 1, 2, 1, 18, 192, 3, 9, 3, inf, inf, 1, 1, inf, 3, 1, 16, 1, 2, 1, 3, 11, inf, 1, 1, 715, 22, 1, 9, 36, 219, 1, 1, 15, 98, 2, 10, 7, inf, 1, 2, 12, 13, 1, 2, inf, 159, 1, 1, 59, inf, 5, 1, 2, 1, 23, 3948, 23, 45, 3, inf, 4, 6, inf, 104, 125, 33, 22411, 395, 1, 1, 87, 30, 1, 6, 17165, 1, 4, 1, 1, inf, 1, 1, 1, 8, 1, 20, 10, 4501, 1, 538, 3, 1, 1, 31, 15, 1, inf, 1, 72, 2, 17, inf, inf, 3, 2, 3, 1, 429, 1, 2, 41, 11, 1, 1, 9, 1, 1, 161, 9, 1, 1, 1, 2, 2, 7, 42, 280, 15, 56, 1, 1, 1, 12, 1, 1, 1, 1, 1, 341, 3, 3, 4, 1, 114, 1, 3, 49, 1, 1, 305, 1, 12, 1, 2, 2, 1, 9, 2, 1, 15, 954, 5, 5, 1, 11, 1, 1, 3, inf, 2, 1, 1, 36952, 3, 1, 2, 9, 1, 81, 1, 5, 1, 8, 5, 49, 1, 2, 2, 1, 672, 3, 1361, 1, 64, 3, 1, 459, 1, 2313, 1, 1, 1, 1, 1, 3, 2, 1, 2, 14, 1, 146, 9, 1, 2, 1, 1, 2, 1, 1, 1, 16, 5, 4, 6, 30, 1, 1, 68, 3, 31, 1, 1, 1, 34, 1, 241, 1, 1, 18963, 1, 1, 1, 1359, 1, 1, 1, 1, 1, 1, 1, 15, 1, 1, 176, 2, 1, 2, 1, 1, 1, 3, 1, 9461, 1, 7, 3, inf, 76, 1, 6, 1, 12, 2, 24, 1, 3, 1, 31, 1, 1359, 1, 10137, 7, 6, 3, 4381, 29, 1, 248, 1, 10, 6, 2, 1, 1, 197, inf, 3721, 169, 1, 2, 33, 93, 1, 1, 54, 6, 1, 1, 5, 1, 35, 1, 1, 1, inf, 1, 1, inf, 231, 1, 31, inf, 1, 1, 78, 13, 1, 3, 33, 1, inf, 2, 1, 5399, 11, 1, 11, 1, 2, 1, 1, 103, 6, 1, 1, 4, 2, 1, 2, 2, 1, 21, 1, inf, inf, 1, 1, 58, 27, 293, 1, 346, 1, 1, 1, 2, 1, inf, 1, 2, 1, 7142, 1, 1, 11, 1, 1, 1, 1, 24, 8, 1, inf, 1, 1, 6, 1, 1, 1, 1, 1, 8, 7, inf, 331, 351, 10989, 20, 28, 154, 1, 1, 1, 2, 1, inf, 1, 1, inf, 1, 11, 889, 1, 5, 1, 45, 2, 33, 110, 1, 13, inf, 14, 1, 50, 3, 1, 3, 5, 1, inf, 1, 1, 36, inf, inf, 1, 2, 1, 221, 1, 2, 1, inf, 26, 19, 1, 183, 3025, 1, 1, 26, 1, 1, 1, 74, 1, 20, 87, 1, 1, 7, 79, 20, 39, 1, 289, 246, 4, 10, 1, 438, 1, 1, 1, 1, 1, 2617, 1, 2, 1, 4, 174, 3, 2, 3, 1, 45, 1, 1, 12, 53, 1, 4, 3, 1, 5, 4, 140, 1, 4, 1, 2, 2, 1, 1, 1, 1, 4, 1, 1287, 2, inf, 1, 3, 1, inf, 17, 1197, 1, 13, 28, 6, 64, 196, 24, 206, 1, 326, 16, 1153, 1, inf, 1, 273, 1, 1, 2, 1, 1, 4, 3, 1, 6, 4, 2, 6, 8, 7, 5, 10, 2, 1, 76, 1, 1, 1, 2981, 23, 1, 280, 1, 1, 1, 3499, 1026, 1, 1, 2, 1, 3, 1, 2, 1, 2, 1, 1, 1, 41, 9, inf, 2, 1, 282, 3951, 2, 49, inf, inf, 1, 1, 21, inf, 1, 15, 1, 1, 1, 9, 66, 1, 2, 701, 8, 11, inf, 8, 6, 7, 1, 58, 1, 1, 20, 1, 1, 13, 7, 1, 14, 1, 650, 1, 4, 1, 2, 5, 4, 35, inf, 1, 7, 1, 3, 3, 22, 1, 105, 4, 81, 11, 6, 4, 11, 4, 3, inf, 2, 48, 76, 4, 2, 1065, 47, 36, 1, 1, 60, 1, 10, 28, 4, 1, 108, 8, 3, 462, 1, inf, 55, 1, 214, 1, 47, 8, 80, 116, 2, 15, 75, 2, 6, 5, 12, 2, 44, 32, 1, 1, inf, 3, 1, 1, 7, 1, 104, 9, 36443, 6, 2, 1, 15, 1, 6, 1, 1, 1, 2, 6, 2, 1, 30, 4, inf, 1, 1, 1, 21, 2, 1, 23, 1, 2, 1, 8, 23, 19, 6, 3, 3, 2, 3, 4, 1, 1, 220, 1, 3, 272, 3329, 15, 23, 1, 1, 1, 3, 28, 1, 1, 1, 10, 1045, 22, 2, 18, 2, 1, 1, 26, 1, 1, 1, 218, 1, 5, 1, 1, 9743, 1, 88, 1334, 15, 1, 1, 1, 1, 38, 3, 80, 1, 2, 5, 576, 2, 1, 1, 1, 8, 3, 1, 1, 1, 4, 1, 1, 16, 1, 5, inf, 1, 66, 2, 1, 11055, 55, 174, 1, 118, 7, 1, 2, 1, 2, 15, 25, 48, 4, 1, 2, 2, 1, 1, 1, 2, 3, 4, 1840, 1, 1, 10, 1, 7, 1, 4, 1, 7, 17, 4, inf, 1, 2422, 11, 1, 1376, 2, 2, 1, 3, 7, 2, 369, 1, 1, 9, 1, inf, 1, 1, 9, 1, 1, 7, 1, 1, 6, 1, 898, 1, 12, 1883, 8, 2, 1, 1, 10, 83, 1, 1, 1, 1, 4, 1, 3, 9, 1, 8785, 1, 1, 2, inf, 5, 15, 1, 1, 1, 16, 1, 3, 1, 1, 40, 105, 1, 1, 2, 1, 30, 100, 2, inf, 43, 1, 1, 1, 3, 1, 1, 8, 6, 2, 1, 7, 223, 1, 1, 237, 3, 1, 8, 4, 1255, 6, 8999, 1, 1, 204, 3, 13, 1, 1, 1, 1, 8, 12, inf, 10, 1, 651, 49, 31, 1, 11, 1, 16, inf, 1, 8, 3, inf, 3, 20, 948, 17, 3, 1, 1, 1, inf, 2, 6, 85, 344, 1, 1, 16, 2, 2084, 1, 623, 1, 6, 1, 3, 1, 1, 1, 79, 1, 470, 1, 1, 143, 2, 4, 14, 1, 1, 1, 1, 12, 2, 1, 4, 66, 1, 58, 2, 2, 7, 9, 1, 8204, inf, 2, 1, 8, inf, 1, 39, 1, 1, 1, 2, 6, inf, 6, 1, 189, 1, inf, 1, 81, 4, 1, 1, 3, 93, 2, 1, 409, 2, 33, 134, inf, 1, 1, 2, 2, inf, 1, 1, 2, 29, 4, 94, 1, 472, 1, 35, inf, inf, 227, 1, 1, 7, 1, 133, 1, inf, 1, 2, 1, 1, 1, 1, 1, 4, 1, 67, 1, 1, 1, 1, 3, 3, 4, 157, 2, 3, inf, 1, 138, 1, 2, inf, 174, 1, 1, 47, inf, 1, 1, 1, 1, 1, 1, 36, 1, 1, 1, 1, 8, inf, 13, 1, 1, 1584, inf, 31, 5, 1, 6, 2, inf, 1, 1267, 2, 1, 1, 35, 2, 12, 1, 2, 32, 21, 1, 18, 1, 1, 2, 17, 3034, inf, inf, 39, 1, 22, 3, 1, 2, inf, 1, 1, 279, 4, 1, 12, 1, 1, 9, 138, 3, 11, 1, 17, 2, 1, 1, 1, 9, 1, 9, 3, 4, 1, 1, 40, 22, 1, 50, 3105, 1, 1, 1, 4, 6, 1, 1, 207, 2, 11, 7, 1, 1, inf, 1, 5, 4, 3, inf, inf, 761, 8, 1, 3, 1, 160, 4, 63, 8, 1, 2460, 6, 2, 1, 888, 1, 4148, 49, 1, 1, 1, 1, 1, inf, 1, 1, 1, 1, 1, 4, inf, 55, 1, 163, 1, 48, 5, 6, 1, 1, 1, 1, 34, 1, 6, 1, 2, 3, 1, inf, 5048, inf, 1, 1, 1, 524, 1, 1, 1, 2, 2, 1, 2, 1, inf, 1, 7, 1, 2, inf, 3, 1, inf, 18856, 16, 1, 94, 1, 1, 1, 1, 1, 6, 1, inf, 1, 1, 7, 2, inf, 1, 1, 1839, 1, inf, 1, 48, 1, 2, 1, 29, 7, inf, 1, 2, 1, 1, 297, inf, 7, inf, 12, 6, 22, 1, 290, 1, 1, 4, 3543, 147, 509, 1, 1, 1, 4560, 1, inf, 1, inf, 2, 7, 1, 2, 222, 316, 1, inf, 14, 27, 1, 1, 68, 288, 1, 715, 11, 1, 2, 1, 1, 34, 1, 1, 1, 1, 1, 1, 1, 1, 42, 1, 1, 1, 1, 2, 2, inf, 3, 1, inf, inf, 3, 50, 5089, 118, 1, 2, 1, 27, 3, 1, 1, 8, 1, 1, 1, 1, 1, inf, 343, 2, 6, 14, 585, 1, 52, 1, 3, inf, 2, 4, 1, 1, 12, 1, 3, 1, 1, 1, 1, 1, 1, 110, 1, 336, 472, 1, 1, 33, 3, 2, 2, 4, 308, inf, 1, 31, 1, 1, inf, 3, 15, 45, 1, 300, 1, 5, 16, 1, 1, 7, 1, 1, 1, 1, 5983, 1, 50, 150, 147, 3, 1, 184, 8059, 6, 10, 10, 191, 1, 3, 3, 28, 1, 102, 216, 18253, inf, 4, 49, 2, 1, 2, 1, 9701, 3667, 12, 45, 12, 1, 15, 37, inf, 1, 561, 2, 2, 1, 75, 14, 80, 114, 2, 5, 543, 604, 3, 21, 1, 1, 21, 1, 9, 2, 1, 126, 452, 1, 7, 1, 2, 20, 1, 1, 3, 1, 2, 1, 1, 1, 2588, 1, 713, 10, 2, 1, 1, inf, 39, 1, 1, 1, 1, inf, 614, 25, 3, 1, inf, inf, 3, 11, inf, 1, 1, 1, 4, 5, 499, 38, 1, 1, 18, 5, 89, 1, 1, 5, inf, 67, 1, 54, inf, 1, inf, 2, 8, 10, 10, 8, 2, 12, 1, 27, 1, 3, 740, 1, 1, 1, 1, 19987, 1, 15, 37, 1, 1, 1, 3, 41, 79, 93, 27, 9, 1, 2205, 2, 27, 1, 1, inf, 84, 3, 395, 40, 18, 1, 9, 824, 6, 1, 13229, 1, 90, 1, 1, 228, 13, 83, 1, 1, 1, 5, 1, 2, 20, 4, 1, 1, 1, 1, 1, 1, 2, 5, 1, 2, 1, 1, 14, 1, 5, 196, 19, 1, 1, 1, 1, 60, 1, 2, 56, 3, 56, 1, 10, 42, 245, 1, 1, 1, 3, inf, 2280, 1, 1, 1, 27, 1, 16, 1, 2, 352, 2, 1, 1, inf, 2, 4, 31, 16, 1, 9, 1, 1, 1, 50, 1, 6, 9, 13, 4, 1, 1, 1, 1, 1, 1, 69, inf, 86, inf, 1, inf, 1, 3, 2, 1, 30, 1, 1, 1, 1, 1, 1, 1, 1, 19, 1, 1, 246, 156, 30, 7, 2, 1, 1, 16, 261, inf, 1, 4, 536, inf, 1, 27, 1, 2, 1, 47, 1, 1, 220, 1, 2, 1, 1, 3, 3, 1, inf, 6, 934, 25, 304, 2, 1, 6, inf, 1, 1, 1, 1, 10, 1, 2, 1, 80, 1, 2, 1, 64, 2, 4, 1, 4223, 19, 135, 2, 7, 2, 1, 1, 1, 89, 270, 9, 382, 18, 5, 1, 13, 12, 21, 1, 1, 51, 1, 2, inf, 1, 5, 3, 10, 7, 1, 1143, 230, 4461, 2, 14, 40, 43, 1614, 3, 97, 6, 101, inf, 1, 1, 91, 1, 8, 2652, 29, 1, 1, 1, 1, 1, 2526, 513, 1, 1, 4895, 2, 6, 8, 1, inf, 31, 4, 2, 1, 3, 1, 6, 90, inf, 1, 117, 1, 1, 1, 23, 1622, 24, 1, 1321, 1, 74, 7, 2, 1, 4, 2, 8, 16, 1, 166, 37765, 1, 33, 1104, 132, 5, 1, 1, 2, 7, 392, 1, 1, 1, 4, 44, 1, 2, 2, 1, 115, 1, 1, 85, 1, 13, 6, 30, 1, 1, inf, 1, 17, 1, 1, 141, 1, 155, 1, 5, inf, inf, 1, 447, 15, 1, 1, 1, 1, 2, 1, inf, 6, 1, 1, 2, 1, 15, 1, 126, 1, 340, 15, 1, 1, 1, 1, 1, 4, 3, inf, 1597, 2, 1, 1, 1, 2, 4, 5, 122, 1, 5, 36, inf, 1, inf, 68, 2, 2, 1, 614, 2, 1, 129, inf, 1, 1, 1, 1, 4726, 5, 1, inf, 1, 1, 1851, 2, 28, 17, 21, 16039, 1, 2, 58, 17, 1, 23106, 2597, 1, 1, 1, 12, 1, 1, 1, 1, 1, 2, 1, 1, 1, 4, 66, 10, 2, 2, 3, 2, 5, 18, 1, 1, 933, 3, 1, 5, 16, 3, 1, 1, 1, 3, inf, 1, 49, 1, 1, 2, 3, 2, 2, 1, 18, 2, inf, 88, 15, inf, 1, 31, 1, 3, 14, 5804, 1, 5793, 15, 1, 30, 1, 1, 400, 1, 15, 1, 3, 1, 852, inf, 11, 3, 19, 4, 662, 1, 4, 873, 1, 2, 193, 24, 147, 3, 3, 1, 23, 1, 1, 209, 3, inf, 5, 1, 685, 1, inf, 2, 152, 12, 1, 8305, 63, 2502, 970, 1, 1, 1, 2, 3, 1, 1, 2, 2, 12238, 2, 2, 1, 105, 1, 2, 1, 1, inf, 311, 1, 2, 1, 32, 8, 2, inf, 8, 262, 1, 1, 3, 1, 3, 15, 7, 1, 6, 4, 17, 19, 1, 74, 122, 1, 1, 1, 1, 1, 1, 2, 2, 1, 2, 1, 1, 1, 1, 3, 2, 561, 3, 1, 2, 1, 1, 18, 1, 1, 2, 348, 753, 1, inf, inf, 33, 1, inf, 1, 9, 4, 64, 6, 19, 23, 94, 2, inf, 1, 1, 1, 8, 33, 1, 25113, 1, 1, 1, 7, 1, 18, 1, 1, 8, 1, 13, 70, inf, 1, 1, 587, 9, 1, 15, 1, 1, 1, 1, 118, 3, 21, 7, inf, 18, 1, 1, 1, inf, 1, 22, 6, 1, 4, 1, 1, 57, 10, inf, 16, 16, 1, 1, 22, 67, 4, 1138, 6, 2, 1, 1, 1, 1, 1, 325, 1, 102, 2, 7, 1, 5, 1, 48, 31, 1, 2, 1, 1, 1, 1, 10, inf, 1, 33, 7, inf, 1, 1, 9, inf, 1, inf, 32, 25, 171, 3, 1160, 1, 1, 2, 1, 1, 20, 11, 4, 121, 30, 1, 24, 165, 55, 224, 772, 1, 4, 4, 1, 1, 1, 2, 2, 988, 214, 18, 231, 83, 1, 6, 1, 2, inf, 1, 243, 9, 4, 10, 5, 7, 7, 1, 1, 123, 1, 8, 1, 1, 1, inf, inf, 32, 1, 262, 1, inf, 680, 1, 1, 10, 1, 5, 1, 1, 730, 1, 1, 5, 3, 1, 8, 26, 290, 1, inf, 1, 1, 11304, 3, 1, 25, 14, 3478, 3, inf, 124, 9, 6, 3, 1, 1, 49, 1, 6, 58, 6, 4, 10, 1, 1, 24, 9, 3, 11, 1, 2, 24, 4, 11, 25, 4, 7, 8, 1, 6, 4, 1, 2, 1, 1, 19, 5, 2, 1, 17, 49, 1, 1, 126, 1, 1, 1, 48, 4, 1, 129, 2, 2, 8, 4, 3, 8, 14, 1, 1, 707, 1, 1, 388, 13, 1935, 1, 1, 1, 297, 1, 1, 1, 3682, 1, 10, 1, 17, 22, 19, 2, 6, 4, 101, 8, 1, 8, 1, 562, 19, 16, 50, 1, 31, 158, 20, 1, 1, 3, 86, 50280, 1, 1, 20900, 1, 1, 870, 2454, 13, 1, 314, 1, 1, 3, 1, 1, 1, 2, 3, 2, 2, 5, 1, inf, 1, 27, 113, 1, 15, 66, 5, 1, 17, 6, 2, 2, 1, 1, 1, 12, 27, 1, 56, 1, 2, 8, 1, 2, 1, 2, 3, 1, 5, 4, 90, 1, 1, 1, 10, 3, 3, 1, 5, 3, 3, 3605, inf, 6, 1, 176, inf, 1, 5, 1, 1, 1, 107, 1, 1, 183, inf, 1, 1, 3, 1, 3, 2, 6, 2, 33, 1, 747, 526, 2, 2, 14, 142, 1, 104, 2, 1, 400, 1, 152, 3, 24, inf, 2, 25, 3, 7, 6, 1, 22, 4, 2, 1, 1, 3, 1, 1, 1, 1, 1, 18, 7, 39, 1, 1, 19, 259, 256, 512, 10, 1561, 217, 1, 1, 1, 1, 127, 145, 96, 1, 90, 70, 1, 1786, 10, 7, 2, 1, 1, 4, 3, 3, 82, 1, 66, 1, 1, 1, inf, 1, inf, 8, 2, 3, 1, 10, 1, 2, 2, 39, 25, 1, 58, 1, 1, 1890, 6, 1, 1, 8, 1, 94, 26, 1, inf, 1, 1, 1, 1, 1, 21, inf, 1, 1, 4, 1, 1, 88, 2, 2, 1, 934, 1, 1, 1, 86, 1, 4958, 1, 659, inf, 14, 2, inf, inf, 2, 1, 1, 3, 628, 2, 1, 8, 19, inf, 1, 1, 150, 103, 3, 48, 6, 3, 1, 29, 6, 1, 2, 2, 7, 26, 4, 324, inf, 1, 1, 2, 9, 16, 22, 1, 121, 35, 7, 2291, 1, 1, 1, 15, 71, 4, inf, 68, 1, 12, 1, 1, 2, 26, 1, 12, 4, 1, 1, 22, 24, 19, 1, 3, 1, 31, 5003, 1, 2128, 2, 1, 1756, 4, 3, 362, 9, 25, 7, 4, inf, 2, 14, 25, 5, 1, 11, 1, 10, 2, 5, 3, 1, 142, 4, 1, 230, 4, 1, 1, 1, 9, 1, 6, 14, 362, 12, 2, 1, 1, 1, 1, 1, 2, 2, 12, 2, 275, 1, 1, 1, 1, 1, 12, 2, 13, 844, 23, 3, 18, 2, 7, 1, 44, 1, 7, 10, 1, 7, 2, 29, 1, 1, 17, 1, 3, 20, 3942, 1, 1, 1, 1, 2, 2, 236, 41, 65, inf, 15, 1, 37, 7, 2, 1, 1, 1, 45, 3, 1, 8, 1, 17392, 5, 2, 1, 173, 1, inf, 1, 44, 1, 1, inf, 12, 219, 5, 6, 144, 117, 290, 7, 378, 6, 1, 383, 2, 36, 1, 24, 1, 1, 2, 1, 246, 2, 8, 41, 16, 116, 2, 3, 2, 2, 3045, 1, 560, 1, 2, 1, 2, 4, 15, 1, 710, 6, 22, 42, 1, 2198, 12, 3, 1, 9, 17, 106, 1, 5, 27, 13739, 14, 305, inf, 2, 1, 232, 1, 48, 1, 1, 2, 1, 1, 131, 1, 34720, 1, 1, 230, 7, 1, 1, 1, 1, 1, 1, 42, 1, 6, 18, 7, 5, 2, 43, 1, 25, 12, 1, 4, inf, 3, 1, 3, 11, 1, 1, 3, 1, 4, 1, 1, 1, 1, 17, 1, 12, 56, 2, 1, inf, 1, 157, 52, 1, 4, 337, 1, 4, 1, 7, 10, 1, 2, 1, 2, 1, 1, 1, 1, 2, 44, 16, inf, 401, 1, 201, 1, 1, 1010, 79, 4, 1, inf, 221, 31, 4, 1, 10, 103, 3, 6, 2, 1, 1, 1, 1, 18, 1, 1, inf, 29, 14, 4534, 1, inf, 6, 1, 20, 2, inf, 2, 1, 27, 2, 1, 3, 1, 2, 1, inf, 1, 1, 293, 194, 1, 1198, 2, 3, 54, 5, 47, 147, 2, 26, inf, 3, 1, 1, 6, 1, 1, 199, 1, 1, 56, 14, 10, inf, 3, 1, 2332, 28, 1, 1, 1, 3, 40, 1, 32, 1, 8, 23, 14, 2, 98, 1, 1, 1, 1, 6613, 2, 1, 1, 62, 1, 2, 358, 7, 22, 47, 31, 1, 69, inf, 6, 21, 1, 1, 423, 54, 2, 12, 1, 569, 20, 16, 2338, 5, 1, 15, 10, 13, 96, 18, 32, 1, 1, 1, 236, 414, 1, 1, 2, 136, 16, 3, inf, 9, 1, 1, 20002, 7, 1, 158, 3, 20, 20, 3, 1967, 1, 1, 1, 4, 8, 1, 1, 2, 337, 16, 1, 7, 70, 166, 1761, 1, 477, 15, 1, 3, 1, 1, 1, 6, 1, inf, 1, 1, 2, 8, 28, 2, 1, 2, 5319, 2, 4, 2, 4, 1, 6, 125, 460, 135, 1, 379, 1, 1, inf, 1, 1, 1, 46, 2, 1, 1, 4, 1, 1, 1, 10, 55, 18, 12, 7, 1, 31, 1, 1, 1, 24, 1, 1, 10, 1, 12, 71, 4, inf, 6, 6, 1, 1, 41, 19, 2, 482, 5, 11, 24, 1, 9, 3, 1, 1, 1, 27, 1, 7, 1, 1, 2, 21, 145, 1, 1, 1, 3, 6, 17, 66, 1, 1, 30, 1, 5, 2, 1, 1, 1, 50, 1, 4, 69, 190, 1, 1, 1, 1, inf, 3, 129, 2, 282, 1, 524, 5, 3, 3, 1, 1, 12, 24, 2, 22, 15, 8, 6, 15, 1, 12, 4, 1, inf, 8753, 1, 581, 5, 5, 3, 2, inf, inf, 1, 1, inf, 2, 1, 109, 2, 1, 5, 7, 3, 11, 51, 1, inf, 1, 1, 23, 20, 1358, 53, 74, 181, 2, 24, 19, 27, 71, 10, 3, 4, 12, 1, 12, 16, 25, 1, 1, 21, 1, 50, 5, 49, 2, 3, 2, 7, 1, 1, 2, 2, 1, 3, 2, 1, 2, 17, 3, 503, 1, 1, 78, 7, 1029, 3, 10, 654, 1, 1, 2, 1, 1, 4, inf, 2, 1, 3, 1, 41, 46091, 12, 1, 4, 2, 14, 2, 5, inf, 4, 12320, 11, 5, 1, 1, 1, 1, 55, 1, 1, 2, 2, 1, inf, 4, 1, 16, 1, 1, 31, 1, 1, 202, 4, 2, 37, 11, 2, 11, 31, 71, 61, 58, 2665, 35077, 1, 2, 2, 1, 177, 4, 9, 8, 1, 1, 9, 1, 4, 1, 5, inf, 28, 7, 3, 1, 1, 1, 1, 2, 1, 165, 2, 7, 1, 1, 191, 28, 15, 1, 8, 8, 154, 1, 1, 1, 1, 1, 1, 73, 3, 1, 1, 1, 1, 1, 1, 1, inf, inf, 17, inf, 1, 1, 5, 4, 2, 1, 1, 1, 1, 1, inf, 55, 111, 1, 1, 2, 1, 1, inf, inf, 2, 1, 1, 1, 1, inf, 1, inf, 1, inf, 4, 1, 1, 6, 1, 1, 1, 1, 1, 12, 4, 1, 3, 1, 3, 1, 1, 4, inf, 1, inf, 7, 13, 1, 5, 1, 1, 1112, 2, 1, 2, 475, 1, inf, inf, 1, 81, 2, 40, 1, 1, 1, 15, 4, 600, 14, 1, 1, 22, 1, 1, 3, 1, 26, 16, 106, 1, 25, inf, 1, 202, 3, 1, 1, 34, 1, 61, 1, 15, 1, 42, 3, inf, 53, 2, 98, 35, 53, 2, 1, 2, 201, 9, 4, 1, inf, 3, 1, 50, 468, 82, 1, 5, 2, 1, inf, 24, 2, 1, 4, 5, 225, 12445, 19, 34, 1, 1, 835, 2, 52, 5, 2, 3, 1, 112, 42, 32, 83, inf, 18, 1, 91, 147, 1, 4, inf, 1, 16, 3, 1, 744, 3, 1, 2, 670, 1, 1, 7, 6, 2, inf, 1, 1, 3, 39, 1, 1, 91, 7, 1, 1, 1, 1347, 1, 1, 2, 19, 28, 1, 419, 10, 17, 2, 3, 2, 102, 1, 5, 7, 1, 1, 1, 1, 20, 525, 1, 1, 28, 4, 1, 4, 28, 16, 3, 1, 1, 193, 311, 38, 1, 1, 12, 29, 1, 1, 2, 1, 1, 2, 3, 2, 3, 3413, 1, 3, 1, 1, 1, 1, 1, 16, 1, 1, 21, 7, 1, 217, 260, 15, 1, 1, 1, 687, 8608, 3, 41, 1, 1, 2, 1, 1, 6, 6, 9724, 1, 1, 1, 1, 1, 1, inf, 5, 37, 1, 1, 1, 1, 1, 1, 6, 1, 1, 1, 9, 1, inf, 1, 1, 291, 1, 1, 1, 1, 4, 8, 4, 37, 2, 1, 1, 8, 38, 3, 25, 18, 1, 8, 1, 4, 111, 51, inf, 5920, 1, 40, 5, 1, 20, 2, 1, 1, 1, 1, 98, 72, 1, 3, 1, 30, 1, 1, 20, inf, inf, inf, 2, 2, 1978, 2, 347, 4, 1, 42, 1, 458, 18, 1, 320, 4, 1, 17, 1, inf, 1, 1, 1, 4, 1, 2, 340, 1, 75, 1, 138, 8, 1, 1, 1, 10, 18, 797, 4, 1, 10, 1, 107, 20, 1, 8, 4, 1, 135, 5, 1, 5, 1, 1, 3, 1, 14, 2, 1, 1, 1, 1, 1, 56, 1, 67, 6, 1, 1, 1, 2, 1, 3, 1, 3, 8, 21, 3, 1, 1, inf, 1, 17303, 34, 2, 3, 116, 6, 7, inf, 174, 1, 76, 1, 1, 17, 1, 17, 48, 1, inf, 1, 25, 1, 1, 1, inf, 28, 2, 1, 1, 1, 13, 8, 2, 1, 1, inf, 1, 3, 3, 83, 6, 18, 8047, 34, 2, 6, 4, 19, 8, 212, 208, 1, 14, 1, 1, 1, 2, 22, 1, 3, 8, 1, 1, 1, 5, 211, 840, 6509, 11, 1, 4, 1, inf, 1, inf, 3, 171, 1, 1, inf, 92, 7, 206, inf, 1, 1, 4, 2, 1, 1, 327, 1, 2, 1, 2, 10, 1, 464, 1, 1, 4, 1, 2, 25, 75, 317, 1, 1, 1, 1, 38, 5, 15, 3, 1, 1, 7, 1, 14, 107, 7, 1, 3, 32, 185, 1, 4, 14, 2, 1, 1, 94, 21, 1, 184, 9, 2, inf, 4, 1, 1, 1, 188, inf, 1, 68, 578, 1, 1, 1, 1, 141, 5, 2, 3, 1, 22, 1, 1, 1, 1, 1, 1, 1, 3, 1, 43, 1, 1, 1, 1, 1, 6, 1, 1, 1, 8, 2, 1, 2, 1, 56, 28, 1, 1, 3, 3, 11, 3, 56, 215, inf, 1, 2, 1, 1, 2, 5, 16, 89, 1, 6, 1, 245, 1, 1, 281, 208, 2, 1, 13, 27, 1, 5342, 10, 34, 2395, 4, 30, 4, 1, 1, 32, 34, 39, 23, 1, 1, 2, inf, 1, 1, 1, 1, 1, 3, inf, 3, inf, 2, inf, 1, 12, 1, 103, 2, 3, 51, inf, 1, 3, 1, 1, 3, 1, 9, 2, 1, 145, 29, 15, 1, 1, 7, inf, inf, 1, 126, 3, inf, 4, 1, 2, 1, 15640, 2, inf, 18, 8112, 6, 22, 494, 24, 60, 10, 9, 1, 29, 16, 1, 5, 89, 1, 1, 2, 1, 1, 4, 1, 1, 733, 8, 2, 2, 1, 1, inf, 1, 1, 2, 41, 1, 15, 1, 3, 9501, 2, 22, 2, 5, 1, 9, 2, 1, 6, 1, 13, 6, 17, 8, 132, 1, 21, 1, 14, 1, 349, 3, 11, 2, inf, 3, 2, 40, 1, inf, 54, 373, 125, 37, 18, 1, 1, 1, 2, 109, inf, 8, 101, 1, 42, 1, inf, 308, 7, 6, 93, 3, 868, 2, 1, 1, 1, 5, inf, 1, 2, 10, 55, 6, 8, 18, 1, inf, 37, 57, 3, inf, 2, 4, 3, 1, 135, 4, 32, 1, 1, inf, 1, 24, inf, 1, inf, 1, 3, 1, 1, 1, 3, 95, inf, 255, 48, 1, 3, 6, 80, inf, 1, 1, 13, 247, 4, 8, 1, 11, 2, 5, 1, 27691, 1, 1807, 3, 2, 14, 1, 1, 1, 3, 11, 2, 311, 1, 77, 1, 1, 1, 1, 18, 2, 3, 13, 2, 1, 1, 1, 1, 1, 4, 2, 1, 1, inf, 1, 50, 1, 1, 15, 3, 1, 2, 1, 1, 2, 2116, 14, 1, 7, 1, 303, 1, 2, 1, 2, 1, 1, 1, 1, 1, 1, 2, 3, 1, 1, 3, inf, 2, 3, 2, 4, 1, inf, 1, 3, 3, 40, 10, 2, 1, 1, inf, 1, 756, 1, 2, 1, 1, inf, inf, inf, 2, 41, 3, 1, 3, 1, 3, 1, 236, 10, 2, 1, 1, 2, 15, 241, 8, 16, 1, 1, 55, 3, 14, inf, 8, 15, 1, 1, 10, 1, 3, 1, 2, 5, 1, 1, 130, 16, 1, 1, 2, 128, 1, 2, 7, 7467, 3, 2, 2, 1, 53, 36, 1, 4, 1, 1, 1, 5, 2, 1, 1, 1, 1, 1, 1, 1, 1, 2, 6, 2, 1, inf, 1, 1, 1, 1, 21, 1, 5, 351, 6, 39, 1, 1, 1, 8, 1, 3, 1, 47, 3, 1, 1, 23726, 17, 2, 1, inf, 1, 54, inf, 19, 1, 1288, 2, 1, 1, 6, 1, inf, 1, 1, inf, 15, 1, 20, 3, 1, inf, 1, 1, 1, inf, 2, 2, 2, 16, 189, inf, 1, 1, 1, 1, 86, 608, 4, 1, 1, 54, 1, 1, 157, 1, 3, 470, 1, 4, inf, 6, 221, 242, 5, inf, 1, 3, 1, 71, 3, 1, 1, inf, 2, 1079, 3, 12, 1, 142, 1, 4, 6, 24, 3, 35, 14, 35, 4, 2, 372, 5, 1, 2, inf, 1, 13, 8, 1, 14, 1, 1, 105, 1, 1, 10, 1, 1, 1, 1, 1, 21, 1, 1, 1, 18, 49, 1, 2570, 1, 1, 213, 25, 116, 1, 1, 2, 9, 1, 3, 1111, 2, 2, 1, 1, 57, inf, 1, 3836, 1, 4, 22, 205, 1, 12, 1597, 3791, 5, 181, 4, 3, 31, 14, 1, 3, 1, 11, 7, 1, 6, 2, 150, 10, 10, 1, 4, 1, inf, 1, 1, 1047, 2, 1, 1, inf, 86, 1, 1, 1, 122, 2, 1, 1181, 4, 1, 7, 2, 142, 6, 2, inf, 2, 948, 4, 14, 865, 46, 101, 3, 16, 1, 20, 34, 7, 10, 1, 1, 6, inf, 667, inf, 2, 41, 2, 2, 1, 8, 5, 1, 15, 24, 7, 4, 21, 1, 14, 4, 2, 1, 1, 17, 4, 167, 2, 16, 18, 5, 1, 1, 6, 1, 50, 140, 1, 1, 154, inf, inf, 1, 2, 14, 2, 13, 6, 11, 4, 22, inf, 7661, 268, 448, 1, 5, 1, 1, 1, inf, 1, 2, 1, 59, 105, 1, 4, 4, 1, 252, 2, 1, 1, 10, 1, 1, 5, 2, 1, 5, 38, 898, 1, 3, 1, 4841, 4, inf, 632, 1, 245, 211, 1, inf, inf, 1, 2, 106, 4592, 115, 1, 1, 2, 1, 1, inf, 22, 1, 1, 3, 1, 1, 24, 1, 1, 1, inf, 1, 2, 4, 1, 3, 1, 3, 9, 15, 5, 1, 46, 32, 1, 1, 1, 202, 1, inf, 27, 1, 4, 1, 1, 1, inf, 41, 16, inf, 6, 40, 1, 1, 1, inf, 253, 4, 1, 252, 22, 1, 4, 96, 3, 1, 1, 3, 1, 4, 1, 1, 6725, 28, 5, 1, inf, 1573, 1, 1406, 1, 129, 3, 2, 10, 48, 1, 1, 1, 104, 1, 3, 1, 2, 32, 1, 3, inf, inf, 1, 1, 142, 5, 1, 85, 1, inf, 1, 2, 6, 1, 1, 1, 1, 1, 1, 28, 2, 1, 1, 2, 1, 1, 157, 18, 9, 1, 1, 1, 14, 1, 1, 1, 237, 876, 5, 2, 1, 1, inf, 1128, 1, 1, 77, 1, 83, 327, 20, 403, 1, 1, 2, inf, 2, 1, 1, 20, 1, 3, 2791, 1, 6, 69, 1, 1, 3, 1, 1, 6, 1, 1, 1, 22, 33, inf, 12, 1974, 29, 1, 2, 1, 6, 1, 1, 1100, 2, 1, 1, 80, 1, 1, 84, 1, 624, 1, 7, 6, inf, 62, 140, 11, 41, 1, 1, 1, 1, 1, 1, 4, 1, 2, 1, 1, 1, 2, 1, 1, 109, inf, 1, 20, 2, 25, 1, 4, 2, 5, 2, 1, 1, 1, 33, 1, 1, 17, 2, 1, 1, 9, 12, 1, 1, 6, 20, 1, 1, 200, 8, 5, 26, 6, inf, 1, 4, 508, 1193, 1, 1, 1, 6, inf, 1, 30, 1, 1, 1, 9, 2, 1, 62, 1, 1, 2, 4, 1, 45, 50, 1, 2, 7, 2, 1, 1, 7, 60, 1, 1, 3, 14, 8, 27, 1, 3, 2, 34, 2, 24, 2, 3, 14, 1, 1, 24917, 2, 1, 1, 1, 1, inf, 197, 71, 1, 4, 1, 1, 1, 2, inf, 8, 1, 1, 1109, 4, 2409, 1, 1, inf]
2022-08-22 Monday 10:19:49:INFO: It completed at: 2022-08-22 10:19:49.105526
2022-08-22 Monday 10:19:49:INFO: Completed after: 23:14:33.552970
