2022-08-19 Friday 14:40:33:INFO: {'bug_database': 'dataset/mozilla-old/mozilla-old_soft_clean.json', 'database_name': 'mozilla-old', 'epochs': 12, 'lr': 0.001, 'l2': 0.0, 'batch_size': 256, 'ranking_batch_size': 512, 'ranking_n_workers': 2, 'cuda': True, 'cache_folder': 'scratch/temp/', 'pairs_training': 'dataset/mozilla-old/training_split_mozilla-old_pairs_random_1.txt', 'pairs_validation': 'dataset/mozilla-old/validation_mozilla-old_pairs_random_1.txt', 'neg_pair_generator': {'type': 'non_negative', 'training': 'dataset/mozilla-old/training_mozilla-old.txt', 'rate': 1, 'pre_list_file': None, 'k': 0, 'n_tries': 15, 'preselected_length': None, 'random_anchor': True}, 'loss': 'bce', 'margin': 0, 'categorical': {'lexicons': 'dataset/mozilla-old/categorical_lexicons.json', 'bn_last_layer': False, 'emb_size': 20, 'hidden_sizes': [40], 'dropout': 0.0, 'activation': 'relu', 'batch_normalization': False, 'layer_norm': False}, 'compare_aggregation': {'word_embedding': 'word_embedding/mozilla-old/glove_42B_300d_mozilla-old.npy', 'norm_word_embedding': False, 'lexicon': 'word_embedding/mozilla-old/glove_42B_300d_mozilla-old.lxc', 'sent_representation': None, 'tokenizer': 'white_space', 'bow': False, 'frequency': False, 'extractor': {'update_embedding': False, 'filters': ['TransformLowerCaseFilter'], 'hidden_size': 150, 'dropout': 0.0, 'layer_norm': False, 'txt_field_emb_size': 5, 'field_word_combination': 'cat', 'emb_dropout': 0.0, 'scaled_attention': True, 'model': 'linear', 'use_categorical': False, 'bidirectional': True}, 'matching': {'type': 'full', 'scaled_attention': True, 'comparison_hidden_size': 100, 'dropout': 0.0, 'residual': True, 'layer_norm': False, 'attention_hidden_size': 200, 'attention': 'dot_product', 'comparison_func': 'submult+nn'}, 'aggregate': {'model': 'lstm', 'window': [3, 4, 5], 'nfilters': 100, 'hidden_size': 150, 'dropout': 0.0, 'bidirectional': True, 'num_layers': 1, 'self_att_hidden': 50, 'layer_norm': False, 'n_hops': 20}, 'classifier': {'hidden_size': [300], 'output_act': 'sigmoid', 'hadamard_diff_textual': True, 'hadamard_diff_categorical': True, 'textual_hidden_layer': 600, 'categorical_hidden_layer': 40, 'categorical_dropout': 0.0, 'dropout': 0.0, 'only_candidate': False, 'layer_norm': False, 'batch_normalization': False}}, 'random_switch': True, 'recall_estimation_train': None, 'recall_estimation': None, 'sample_size_rr_tr': 0, 'sample_size_rr_val': 0, 'rr_val_epoch': 100, 'rr_train_epoch': 100, 'ranking_result_file': None, 'optimizer': 'adam', 'lr_scheduler': None, 'save': None, 'save_by_epoch': None, 'load': None, 'recall_rate': {'type': 'sun2011', 'dataset': 'dataset/mozilla-old/test_mozilla-old.txt', 'result_file': None, 'group_by_master': True, 'window': 365}, 'pair_test_dataset': None, 'rep': {'model': None, 'input': None, 'training': None, 'rate': 1, 'neg_training': 10000, 'k': 1000}, 'rr_scorer': 'general', 'seed': 502929859}
2022-08-19 Friday 14:40:33:INFO: It started at: 2022-08-19 14:40:33.856893
2022-08-19 Friday 14:40:42:INFO: Turning CUDA on
2022-08-19 Friday 14:40:42:INFO: Using Categorical Information.
2022-08-19 Friday 14:40:43:INFO: Lexicon size: 97938
2022-08-19 Friday 14:40:43:INFO: Word Embedding size: 300
2022-08-19 Friday 14:40:43:INFO: Use white space tokenizer to tokenize summary information
2022-08-19 Friday 14:40:43:INFO: BoW=False and TF=False
2022-08-19 Friday 14:40:43:INFO: Using Summary and Description information.
2022-08-19 Friday 14:40:43:INFO: Using BCE Loss: margin=0
2022-08-19 Friday 14:40:48:INFO: Non Negative Pair Generator
2022-08-19 Friday 14:40:48:INFO: Using the following dataset to generate negative examples: Database: mozillaOld; Order by Date; Master report is the newest oneWe keep nested master reports; Database: mozillaOld; Order by Date; Master report is the newest oneWe keep nested master reports;. Number of bugs in the training: 198653
2022-08-19 Friday 14:40:56:INFO: Training size: 68400
2022-08-19 Friday 14:40:56:INFO: Validation size: 2548
2022-08-19 Friday 14:40:56:INFO: Adam
2022-08-19 Friday 14:40:56:INFO: Scheduler: Constant
2022-08-19 Friday 14:40:56:INFO: Epoch: 1
2022-08-19 Friday 14:40:56:INFO: LR: 0.001
2022-08-19 Friday 14:42:43:INFO: {'type': 'metric', 'label': 'training_loss', 'epoch': 1, 'value': 0.17262639180261488, 'sum': 11807.645199298859, 'num_example': 68400}
2022-08-19 Friday 14:42:43:INFO: {'type': 'metric', 'label': 'training_dist_target', 'value': (0.10379804441977662, 0.10445028968024672), 'epoch': 1}
2022-08-19 Friday 14:42:43:INFO: {'type': 'metric', 'label': 'training_acc', 'epoch': 1, 'value': 0.9276169590643275, 'num_correct': 63449, 'num_example': 68400}
2022-08-19 Friday 14:42:43:INFO: {'type': 'metric', 'label': 'training_precision', 'epoch': 1, 'value': 0.939213752746582, 'positive': 31273.0, 'total': 33297.0}
2022-08-19 Friday 14:42:43:INFO: {'type': 'metric', 'label': 'training_recall', 'epoch': 1, 'value': 0.914415180683136, 'positive': 31273.0, 'total': 34200.0}
2022-08-19 Friday 14:42:45:INFO: {'type': 'metric', 'label': 'validation_loss', 'epoch': 1, 'value': 0.19123697898451536, 'sum': 487.27182245254517, 'num_example': 2548}
2022-08-19 Friday 14:42:45:INFO: {'type': 'metric', 'label': 'validation_dist_target', 'value': (0.08204359836069344, 0.05250600293816727), 'epoch': 1}
2022-08-19 Friday 14:42:45:INFO: {'type': 'metric', 'label': 'validation_acc', 'epoch': 1, 'value': 0.9442700156985872, 'num_correct': 2406, 'num_example': 2548}
2022-08-19 Friday 14:42:45:INFO: {'type': 'metric', 'label': 'validation_precision', 'epoch': 1, 'value': 0.933384358882904, 'positive': 1219.0, 'total': 1306.0}
2022-08-19 Friday 14:42:45:INFO: {'type': 'metric', 'label': 'validation_recall', 'epoch': 1, 'value': 0.9568288922309875, 'positive': 1219.0, 'total': 1274.0}
2022-08-19 Friday 14:43:20:INFO: Epoch: 2
2022-08-19 Friday 14:43:20:INFO: LR: 0.001
2022-08-19 Friday 14:45:14:INFO: {'type': 'metric', 'label': 'training_loss', 'epoch': 2, 'value': 0.08625032294911948, 'sum': 5899.522089719772, 'num_example': 68400}
2022-08-19 Friday 14:45:14:INFO: {'type': 'metric', 'label': 'training_dist_target', 'value': (0.046552049811733394, 0.046399857260678946), 'epoch': 2}
2022-08-19 Friday 14:45:14:INFO: {'type': 'metric', 'label': 'training_acc', 'epoch': 2, 'value': 0.9701754385964912, 'num_correct': 66360, 'num_example': 68400}
2022-08-19 Friday 14:45:14:INFO: {'type': 'metric', 'label': 'training_precision', 'epoch': 2, 'value': 0.9705055952072144, 'positive': 33168.0, 'total': 34176.0}
2022-08-19 Friday 14:45:14:INFO: {'type': 'metric', 'label': 'training_recall', 'epoch': 2, 'value': 0.9698245525360107, 'positive': 33168.0, 'total': 34200.0}
2022-08-19 Friday 14:45:16:INFO: {'type': 'metric', 'label': 'validation_loss', 'epoch': 2, 'value': 0.13498983946826246, 'sum': 343.9541109651327, 'num_example': 2548}
2022-08-19 Friday 14:45:16:INFO: {'type': 'metric', 'label': 'validation_dist_target', 'value': (0.06344061855992866, 0.05754079436956432), 'epoch': 2}
2022-08-19 Friday 14:45:16:INFO: {'type': 'metric', 'label': 'validation_acc', 'epoch': 2, 'value': 0.9540816326530612, 'num_correct': 2431, 'num_example': 2548}
2022-08-19 Friday 14:45:16:INFO: {'type': 'metric', 'label': 'validation_precision', 'epoch': 2, 'value': 0.9508963227272034, 'positive': 1220.0, 'total': 1283.0}
2022-08-19 Friday 14:45:16:INFO: {'type': 'metric', 'label': 'validation_recall', 'epoch': 2, 'value': 0.9576138257980347, 'positive': 1220.0, 'total': 1274.0}
2022-08-19 Friday 14:45:52:INFO: Epoch: 3
2022-08-19 Friday 14:45:52:INFO: LR: 0.001
2022-08-19 Friday 14:47:36:INFO: {'type': 'metric', 'label': 'training_loss', 'epoch': 3, 'value': 0.07195552989056236, 'sum': 4921.758244514465, 'num_example': 68400}
2022-08-19 Friday 14:47:36:INFO: {'type': 'metric', 'label': 'training_dist_target', 'value': (0.03887973471343169, 0.03871346632465284), 'epoch': 3}
2022-08-19 Friday 14:47:36:INFO: {'type': 'metric', 'label': 'training_acc', 'epoch': 3, 'value': 0.974985380116959, 'num_correct': 66689, 'num_example': 68400}
2022-08-19 Friday 14:47:36:INFO: {'type': 'metric', 'label': 'training_precision', 'epoch': 3, 'value': 0.9734487533569336, 'positive': 33400.0, 'total': 34311.0}
2022-08-19 Friday 14:47:36:INFO: {'type': 'metric', 'label': 'training_recall', 'epoch': 3, 'value': 0.9766082167625427, 'positive': 33400.0, 'total': 34200.0}
2022-08-19 Friday 14:47:37:INFO: {'type': 'metric', 'label': 'validation_loss', 'epoch': 3, 'value': 0.18072194004872905, 'sum': 460.4795032441616, 'num_example': 2548}
2022-08-19 Friday 14:47:37:INFO: {'type': 'metric', 'label': 'validation_dist_target', 'value': (0.0264556529570599, 0.11589286091563465), 'epoch': 3}
2022-08-19 Friday 14:47:37:INFO: {'type': 'metric', 'label': 'validation_acc', 'epoch': 3, 'value': 0.9395604395604396, 'num_correct': 2394, 'num_example': 2548}
2022-08-19 Friday 14:47:37:INFO: {'type': 'metric', 'label': 'validation_precision', 'epoch': 3, 'value': 0.9786324501037598, 'positive': 1145.0, 'total': 1170.0}
2022-08-19 Friday 14:47:37:INFO: {'type': 'metric', 'label': 'validation_recall', 'epoch': 3, 'value': 0.8987441062927246, 'positive': 1145.0, 'total': 1274.0}
2022-08-19 Friday 14:48:09:INFO: Epoch: 4
2022-08-19 Friday 14:48:09:INFO: LR: 0.001
2022-08-19 Friday 14:49:50:INFO: {'type': 'metric', 'label': 'training_loss', 'epoch': 4, 'value': 0.07257580817791454, 'sum': 4964.185279369354, 'num_example': 68400}
2022-08-19 Friday 14:49:50:INFO: {'type': 'metric', 'label': 'training_dist_target', 'value': (0.03945727924505869, 0.039334449206876475), 'epoch': 4}
2022-08-19 Friday 14:49:50:INFO: {'type': 'metric', 'label': 'training_acc', 'epoch': 4, 'value': 0.974561403508772, 'num_correct': 66660, 'num_example': 68400}
2022-08-19 Friday 14:49:50:INFO: {'type': 'metric', 'label': 'training_precision', 'epoch': 4, 'value': 0.9722691178321838, 'positive': 33413.0, 'total': 34366.0}
2022-08-19 Friday 14:49:50:INFO: {'type': 'metric', 'label': 'training_recall', 'epoch': 4, 'value': 0.9769883155822754, 'positive': 33413.0, 'total': 34200.0}
2022-08-19 Friday 14:49:51:INFO: {'type': 'metric', 'label': 'validation_loss', 'epoch': 4, 'value': 0.22937758888002469, 'sum': 584.4540964663029, 'num_example': 2548}
2022-08-19 Friday 14:49:51:INFO: {'type': 'metric', 'label': 'validation_dist_target', 'value': (0.01880243462707783, 0.12469703398843762), 'epoch': 4}
2022-08-19 Friday 14:49:51:INFO: {'type': 'metric', 'label': 'validation_acc', 'epoch': 4, 'value': 0.9372056514913658, 'num_correct': 2388, 'num_example': 2548}
2022-08-19 Friday 14:49:51:INFO: {'type': 'metric', 'label': 'validation_precision', 'epoch': 4, 'value': 0.9801723957061768, 'positive': 1137.0, 'total': 1160.0}
2022-08-19 Friday 14:49:51:INFO: {'type': 'metric', 'label': 'validation_recall', 'epoch': 4, 'value': 0.8924646973609924, 'positive': 1137.0, 'total': 1274.0}
2022-08-19 Friday 14:51:42:INFO: Epoch: 5
2022-08-19 Friday 14:51:42:INFO: LR: 0.001
2022-08-19 Friday 14:53:25:INFO: {'type': 'metric', 'label': 'training_loss', 'epoch': 5, 'value': 0.1170315107162933, 'sum': 8004.955332994461, 'num_example': 68400}
2022-08-19 Friday 14:53:25:INFO: {'type': 'metric', 'label': 'training_dist_target', 'value': (0.06563851417679535, 0.06569610635439554), 'epoch': 5}
2022-08-19 Friday 14:53:25:INFO: {'type': 'metric', 'label': 'training_acc', 'epoch': 5, 'value': 0.9564181286549708, 'num_correct': 65419, 'num_example': 68400}
2022-08-19 Friday 14:53:25:INFO: {'type': 'metric', 'label': 'training_precision', 'epoch': 5, 'value': 0.9525148868560791, 'positive': 32857.0, 'total': 34495.0}
2022-08-19 Friday 14:53:25:INFO: {'type': 'metric', 'label': 'training_recall', 'epoch': 5, 'value': 0.9607309699058533, 'positive': 32857.0, 'total': 34200.0}
2022-08-19 Friday 14:53:26:INFO: {'type': 'metric', 'label': 'validation_loss', 'epoch': 5, 'value': 0.1809403878670285, 'sum': 461.0361082851887, 'num_example': 2548}
2022-08-19 Friday 14:53:26:INFO: {'type': 'metric', 'label': 'validation_dist_target', 'value': (0.021933752008285404, 0.11614615576607841), 'epoch': 5}
2022-08-19 Friday 14:53:26:INFO: {'type': 'metric', 'label': 'validation_acc', 'epoch': 5, 'value': 0.9485871271585558, 'num_correct': 2417, 'num_example': 2548}
2022-08-19 Friday 14:53:26:INFO: {'type': 'metric', 'label': 'validation_precision', 'epoch': 5, 'value': 0.9847328066825867, 'positive': 1161.0, 'total': 1179.0}
2022-08-19 Friday 14:53:26:INFO: {'type': 'metric', 'label': 'validation_recall', 'epoch': 5, 'value': 0.9113029837608337, 'positive': 1161.0, 'total': 1274.0}
2022-08-19 Friday 14:54:38:INFO: Epoch: 6
2022-08-19 Friday 14:54:38:INFO: LR: 0.001
2022-08-19 Friday 14:56:21:INFO: {'type': 'metric', 'label': 'training_loss', 'epoch': 6, 'value': 0.082567349126813, 'sum': 5647.60668027401, 'num_example': 68400}
2022-08-19 Friday 14:56:21:INFO: {'type': 'metric', 'label': 'training_dist_target', 'value': (0.045804093189058245, 0.04592578132947286), 'epoch': 6}
2022-08-19 Friday 14:56:21:INFO: {'type': 'metric', 'label': 'training_acc', 'epoch': 6, 'value': 0.9698538011695906, 'num_correct': 66338, 'num_example': 68400}
2022-08-19 Friday 14:56:21:INFO: {'type': 'metric', 'label': 'training_precision', 'epoch': 6, 'value': 0.9636982679367065, 'positive': 33396.0, 'total': 34654.0}
2022-08-19 Friday 14:56:21:INFO: {'type': 'metric', 'label': 'training_recall', 'epoch': 6, 'value': 0.9764912128448486, 'positive': 33396.0, 'total': 34200.0}
2022-08-19 Friday 14:56:22:INFO: {'type': 'metric', 'label': 'validation_loss', 'epoch': 6, 'value': 0.18629730047199003, 'sum': 474.6855216026306, 'num_example': 2548}
2022-08-19 Friday 14:56:22:INFO: {'type': 'metric', 'label': 'validation_dist_target', 'value': (0.020030388933148825, 0.100148855236299), 'epoch': 6}
2022-08-19 Friday 14:56:22:INFO: {'type': 'metric', 'label': 'validation_acc', 'epoch': 6, 'value': 0.9489795918367347, 'num_correct': 2418, 'num_example': 2548}
2022-08-19 Friday 14:56:22:INFO: {'type': 'metric', 'label': 'validation_precision', 'epoch': 6, 'value': 0.9839255213737488, 'positive': 1163.0, 'total': 1182.0}
2022-08-19 Friday 14:56:22:INFO: {'type': 'metric', 'label': 'validation_recall', 'epoch': 6, 'value': 0.912872850894928, 'positive': 1163.0, 'total': 1274.0}
2022-08-19 Friday 14:58:00:INFO: Epoch: 7
2022-08-19 Friday 14:58:00:INFO: LR: 0.001
2022-08-19 Friday 14:59:42:INFO: {'type': 'metric', 'label': 'training_loss', 'epoch': 7, 'value': 0.08468933672235723, 'sum': 5792.750631809235, 'num_example': 68400}
2022-08-19 Friday 14:59:42:INFO: {'type': 'metric', 'label': 'training_dist_target', 'value': (0.046974372071655175, 0.04715247120425018), 'epoch': 7}
2022-08-19 Friday 14:59:42:INFO: {'type': 'metric', 'label': 'training_acc', 'epoch': 7, 'value': 0.9691374269005848, 'num_correct': 66289, 'num_example': 68400}
2022-08-19 Friday 14:59:42:INFO: {'type': 'metric', 'label': 'training_precision', 'epoch': 7, 'value': 0.9620180130004883, 'positive': 33408.0, 'total': 34727.0}
2022-08-19 Friday 14:59:42:INFO: {'type': 'metric', 'label': 'training_recall', 'epoch': 7, 'value': 0.9768421053886414, 'positive': 33408.0, 'total': 34200.0}
2022-08-19 Friday 14:59:43:INFO: {'type': 'metric', 'label': 'validation_loss', 'epoch': 7, 'value': 0.14193106721063237, 'sum': 361.64035925269127, 'num_example': 2548}
2022-08-19 Friday 14:59:43:INFO: {'type': 'metric', 'label': 'validation_dist_target', 'value': (0.04176275471877453, 0.05809271953169555), 'epoch': 7}
2022-08-19 Friday 14:59:43:INFO: {'type': 'metric', 'label': 'validation_acc', 'epoch': 7, 'value': 0.9580062794348508, 'num_correct': 2441, 'num_example': 2548}
2022-08-19 Friday 14:59:43:INFO: {'type': 'metric', 'label': 'validation_precision', 'epoch': 7, 'value': 0.9619952440261841, 'positive': 1215.0, 'total': 1263.0}
2022-08-19 Friday 14:59:43:INFO: {'type': 'metric', 'label': 'validation_recall', 'epoch': 7, 'value': 0.9536891579627991, 'positive': 1215.0, 'total': 1274.0}
2022-08-19 Friday 15:01:07:INFO: Epoch: 8
2022-08-19 Friday 15:01:07:INFO: LR: 0.001
2022-08-19 Friday 15:02:49:INFO: {'type': 'metric', 'label': 'training_loss', 'epoch': 8, 'value': 0.0633263752857844, 'sum': 4331.524069547653, 'num_example': 68400}
2022-08-19 Friday 15:02:49:INFO: {'type': 'metric', 'label': 'training_dist_target', 'value': (0.03471504938707017, 0.03464437392894287), 'epoch': 8}
2022-08-19 Friday 15:02:49:INFO: {'type': 'metric', 'label': 'training_acc', 'epoch': 8, 'value': 0.9777923976608187, 'num_correct': 66881, 'num_example': 68400}
2022-08-19 Friday 15:02:49:INFO: {'type': 'metric', 'label': 'training_precision', 'epoch': 8, 'value': 0.9712744951248169, 'positive': 33677.0, 'total': 34673.0}
2022-08-19 Friday 15:02:49:INFO: {'type': 'metric', 'label': 'training_recall', 'epoch': 8, 'value': 0.9847075939178467, 'positive': 33677.0, 'total': 34200.0}
2022-08-19 Friday 15:02:50:INFO: {'type': 'metric', 'label': 'validation_loss', 'epoch': 8, 'value': 0.3068737347421691, 'sum': 781.9142761230469, 'num_example': 2548}
2022-08-19 Friday 15:02:50:INFO: {'type': 'metric', 'label': 'validation_dist_target', 'value': (0.014172950382322493, 0.13579109961421373), 'epoch': 8}
2022-08-19 Friday 15:02:50:INFO: {'type': 'metric', 'label': 'validation_acc', 'epoch': 8, 'value': 0.9332810047095761, 'num_correct': 2378, 'num_example': 2548}
2022-08-19 Friday 15:02:50:INFO: {'type': 'metric', 'label': 'validation_precision', 'epoch': 8, 'value': 0.9867724776268005, 'positive': 1119.0, 'total': 1134.0}
2022-08-19 Friday 15:02:50:INFO: {'type': 'metric', 'label': 'validation_recall', 'epoch': 8, 'value': 0.8783359527587891, 'positive': 1119.0, 'total': 1274.0}
2022-08-19 Friday 15:08:15:INFO: Epoch: 9
2022-08-19 Friday 15:08:15:INFO: LR: 0.001
2022-08-19 Friday 15:10:03:INFO: {'type': 'metric', 'label': 'training_loss', 'epoch': 9, 'value': 0.13075640627395793, 'sum': 8937.461881637573, 'num_example': 68352}
2022-08-19 Friday 15:10:03:INFO: {'type': 'metric', 'label': 'training_dist_target', 'value': (0.07522393466925688, 0.0749332331651159), 'epoch': 9}
2022-08-19 Friday 15:10:03:INFO: {'type': 'metric', 'label': 'training_acc', 'epoch': 9, 'value': 0.9494820926966292, 'num_correct': 64899, 'num_example': 68352}
2022-08-19 Friday 15:10:03:INFO: {'type': 'metric', 'label': 'training_precision', 'epoch': 9, 'value': 0.939213752746582, 'positive': 32849.0, 'total': 34975.0}
2022-08-19 Friday 15:10:03:INFO: {'type': 'metric', 'label': 'training_recall', 'epoch': 9, 'value': 0.961171567440033, 'positive': 32849.0, 'total': 34176.0}
2022-08-19 Friday 15:10:04:INFO: {'type': 'metric', 'label': 'validation_loss', 'epoch': 9, 'value': 0.3106745834253272, 'sum': 791.5988385677338, 'num_example': 2548}
2022-08-19 Friday 15:10:04:INFO: {'type': 'metric', 'label': 'validation_dist_target', 'value': (0.009948620856322898, 0.15727150496358586), 'epoch': 9}
2022-08-19 Friday 15:10:04:INFO: {'type': 'metric', 'label': 'validation_acc', 'epoch': 9, 'value': 0.9289638932496075, 'num_correct': 2367, 'num_example': 2548}
2022-08-19 Friday 15:10:04:INFO: {'type': 'metric', 'label': 'validation_precision', 'epoch': 9, 'value': 0.9901345372200012, 'positive': 1104.0, 'total': 1115.0}
2022-08-19 Friday 15:10:04:INFO: {'type': 'metric', 'label': 'validation_recall', 'epoch': 9, 'value': 0.866562008857727, 'positive': 1104.0, 'total': 1274.0}
2022-08-19 Friday 15:14:48:INFO: Epoch: 10
2022-08-19 Friday 15:14:48:INFO: LR: 0.001
2022-08-19 Friday 15:16:45:INFO: {'type': 'metric', 'label': 'training_loss', 'epoch': 10, 'value': 0.10898991370758815, 'sum': 7454.9100975990295, 'num_example': 68400}
2022-08-19 Friday 15:16:45:INFO: {'type': 'metric', 'label': 'training_dist_target', 'value': (0.06201277132271326, 0.06239595174615146), 'epoch': 10}
2022-08-19 Friday 15:16:45:INFO: {'type': 'metric', 'label': 'training_acc', 'epoch': 10, 'value': 0.959108187134503, 'num_correct': 65603, 'num_example': 68400}
2022-08-19 Friday 15:16:45:INFO: {'type': 'metric', 'label': 'training_precision', 'epoch': 10, 'value': 0.9482172727584839, 'positive': 33217.0, 'total': 35031.0}
2022-08-19 Friday 15:16:45:INFO: {'type': 'metric', 'label': 'training_recall', 'epoch': 10, 'value': 0.9712573289871216, 'positive': 33217.0, 'total': 34200.0}
2022-08-19 Friday 15:16:46:INFO: {'type': 'metric', 'label': 'validation_loss', 'epoch': 10, 'value': 0.4251746488515773, 'sum': 1083.345005273819, 'num_example': 2548}
2022-08-19 Friday 15:16:46:INFO: {'type': 'metric', 'label': 'validation_dist_target', 'value': (0.006749344809825884, 0.20309414257247183), 'epoch': 10}
2022-08-19 Friday 15:16:46:INFO: {'type': 'metric', 'label': 'validation_acc', 'epoch': 10, 'value': 0.9109105180533752, 'num_correct': 2321, 'num_example': 2548}
2022-08-19 Friday 15:16:46:INFO: {'type': 'metric', 'label': 'validation_precision', 'epoch': 10, 'value': 0.9915493130683899, 'positive': 1056.0, 'total': 1065.0}
2022-08-19 Friday 15:16:46:INFO: {'type': 'metric', 'label': 'validation_recall', 'epoch': 10, 'value': 0.8288853764533997, 'positive': 1056.0, 'total': 1274.0}
2022-08-19 Friday 15:22:06:INFO: Epoch: 11
2022-08-19 Friday 15:22:06:INFO: LR: 0.001
2022-08-19 Friday 15:23:15:INFO: {'type': 'metric', 'label': 'training_loss', 'epoch': 11, 'value': 0.12763556656704056, 'sum': 5638.6840597987175, 'num_example': 44178}
2022-08-19 Friday 15:23:15:INFO: {'type': 'metric', 'label': 'training_dist_target', 'value': (0.07364330660239617, 0.07420259429986559), 'epoch': 11}
2022-08-19 Friday 15:23:15:INFO: {'type': 'metric', 'label': 'training_acc', 'epoch': 11, 'value': 0.9505636289555888, 'num_correct': 41994, 'num_example': 44178}
2022-08-19 Friday 15:23:15:INFO: {'type': 'metric', 'label': 'training_precision', 'epoch': 11, 'value': 0.9385713934898376, 'positive': 21299.0, 'total': 22693.0}
2022-08-19 Friday 15:23:15:INFO: {'type': 'metric', 'label': 'training_recall', 'epoch': 11, 'value': 0.9642356038093567, 'positive': 21299.0, 'total': 22089.0}
2022-08-19 Friday 15:23:16:INFO: {'type': 'metric', 'label': 'validation_loss', 'epoch': 11, 'value': 0.41649096317624373, 'sum': 1061.218974173069, 'num_example': 2548}
2022-08-19 Friday 15:23:16:INFO: {'type': 'metric', 'label': 'validation_dist_target', 'value': (0.006133404281136567, 0.17923753789305874), 'epoch': 11}
2022-08-19 Friday 15:23:16:INFO: {'type': 'metric', 'label': 'validation_acc', 'epoch': 11, 'value': 0.9191522762951334, 'num_correct': 2342, 'num_example': 2548}
2022-08-19 Friday 15:23:16:INFO: {'type': 'metric', 'label': 'validation_precision', 'epoch': 11, 'value': 0.9926199316978455, 'positive': 1076.0, 'total': 1084.0}
2022-08-19 Friday 15:23:16:INFO: {'type': 'metric', 'label': 'validation_recall', 'epoch': 11, 'value': 0.8445839881896973, 'positive': 1076.0, 'total': 1274.0}
2022-08-19 Friday 15:28:34:INFO: Epoch: 12
2022-08-19 Friday 15:28:34:INFO: LR: 0.001
2022-08-19 Friday 15:29:41:INFO: {'type': 'metric', 'label': 'training_loss', 'epoch': 12, 'value': 0.11979793896383777, 'sum': 5005.876677542925, 'num_example': 41786}
2022-08-19 Friday 15:29:41:INFO: {'type': 'metric', 'label': 'training_dist_target', 'value': (0.06839627940139073, 0.06890192085722205), 'epoch': 12}
2022-08-19 Friday 15:29:41:INFO: {'type': 'metric', 'label': 'training_acc', 'epoch': 12, 'value': 0.9551045804815009, 'num_correct': 39910, 'num_example': 41786}
2022-08-19 Friday 15:29:41:INFO: {'type': 'metric', 'label': 'training_precision', 'epoch': 12, 'value': 0.9420296549797058, 'positive': 20264.0, 'total': 21511.0}
2022-08-19 Friday 15:29:41:INFO: {'type': 'metric', 'label': 'training_recall', 'epoch': 12, 'value': 0.9698942303657532, 'positive': 20264.0, 'total': 20893.0}
2022-08-19 Friday 15:29:43:INFO: {'type': 'metric', 'label': 'validation_loss', 'epoch': 12, 'value': 0.7336066024644035, 'sum': 1869.2296230793, 'num_example': 2548}
2022-08-19 Friday 15:29:43:INFO: {'type': 'metric', 'label': 'validation_dist_target', 'value': (0.0028638660497824534, 0.26235461272474736), 'epoch': 12}
2022-08-19 Friday 15:29:43:INFO: {'type': 'metric', 'label': 'validation_acc', 'epoch': 12, 'value': 0.8850078492935636, 'num_correct': 2255, 'num_example': 2548}
2022-08-19 Friday 15:29:43:INFO: {'type': 'metric', 'label': 'validation_precision', 'epoch': 12, 'value': 0.996960461139679, 'positive': 984.0, 'total': 987.0}
2022-08-19 Friday 15:29:43:INFO: {'type': 'metric', 'label': 'validation_recall', 'epoch': 12, 'value': 0.772370457649231, 'positive': 984.0, 'total': 1274.0}
2022-08-19 Friday 15:29:43:INFO: Calculating recall rate: sun2011
2022-08-19 Friday 18:09:09:INFO: RR calculation - 500 duplicate reports were processed
2022-08-19 Friday 20:39:07:INFO: RR calculation - 1000 duplicate reports were processed
2022-08-19 Friday 23:25:51:INFO: RR calculation - 1500 duplicate reports were processed
2022-08-20 Saturday 02:16:26:INFO: RR calculation - 2000 duplicate reports were processed
2022-08-20 Saturday 05:07:43:INFO: RR calculation - 2500 duplicate reports were processed
2022-08-20 Saturday 08:00:51:INFO: RR calculation - 3000 duplicate reports were processed
2022-08-20 Saturday 10:57:07:INFO: RR calculation - 3500 duplicate reports were processed
2022-08-20 Saturday 13:30:26:INFO: RR calculation - 4000 duplicate reports were processed
2022-08-20 Saturday 16:06:38:INFO: RR calculation - 4500 duplicate reports were processed
2022-08-20 Saturday 18:58:24:INFO: RR calculation - 5000 duplicate reports were processed
2022-08-20 Saturday 21:55:23:INFO: RR calculation - 5500 duplicate reports were processed
2022-08-21 Sunday 01:14:51:INFO: RR calculation - 6000 duplicate reports were processed
2022-08-21 Sunday 04:30:02:INFO: RR calculation - 6500 duplicate reports were processed
2022-08-21 Sunday 07:46:12:INFO: RR calculation - 7000 duplicate reports were processed
2022-08-21 Sunday 10:31:35:INFO: RR calculation - 7500 duplicate reports were processed
2022-08-21 Sunday 13:15:09:INFO: RR calculation - 8000 duplicate reports were processed
2022-08-21 Sunday 16:46:19:INFO: RR calculation - 8500 duplicate reports were processed
2022-08-21 Sunday 20:24:37:INFO: RR calculation - 9000 duplicate reports were processed
2022-08-21 Sunday 23:54:26:INFO: RR calculation - 9500 duplicate reports were processed
2022-08-22 Monday 02:57:42:INFO: RR calculation - 10000 duplicate reports were processed
2022-08-22 Monday 05:53:19:INFO: RR calculation - 10500 duplicate reports were processed
2022-08-22 Monday 09:10:00:INFO: RR calculation - 11000 duplicate reports were processed
2022-08-22 Monday 12:42:53:INFO: RR calculation - 11500 duplicate reports were processed
2022-08-22 Monday 15:56:19:INFO: RR calculation - 12000 duplicate reports were processed
2022-08-22 Monday 19:08:03:INFO: RR calculation - 12500 duplicate reports were processed
2022-08-22 Monday 22:41:15:INFO: RR calculation - 13000 duplicate reports were processed
2022-08-23 Tuesday 02:21:05:INFO: RR calculation - 13500 duplicate reports were processed
2022-08-23 Tuesday 04:32:11:INFO: [] Throughput: 0.04523449683978081 bugs per second (bugs=13848 ,seconds=306138.0355141163)
2022-08-23 Tuesday 04:32:11:INFO: {'type': 'metric', 'label': 'recall_rate', 'k': 1, 'rate': 0.30040439052570767, 'hit': 4160, 'total': 13848, 'epoch': 0}
2022-08-23 Tuesday 04:32:11:INFO: {'type': 'metric', 'label': 'recall_rate', 'k': 2, 'rate': 0.3853986135181976, 'hit': 5337, 'total': 13848, 'epoch': 0}
2022-08-23 Tuesday 04:32:11:INFO: {'type': 'metric', 'label': 'recall_rate', 'k': 3, 'rate': 0.439052570768342, 'hit': 6080, 'total': 13848, 'epoch': 0}
2022-08-23 Tuesday 04:32:11:INFO: {'type': 'metric', 'label': 'recall_rate', 'k': 4, 'rate': 0.47479780473714617, 'hit': 6575, 'total': 13848, 'epoch': 0}
2022-08-23 Tuesday 04:32:11:INFO: {'type': 'metric', 'label': 'recall_rate', 'k': 5, 'rate': 0.49877238590410167, 'hit': 6907, 'total': 13848, 'epoch': 0}
2022-08-23 Tuesday 04:32:11:INFO: {'type': 'metric', 'label': 'recall_rate', 'k': 6, 'rate': 0.5173310225303293, 'hit': 7164, 'total': 13848, 'epoch': 0}
2022-08-23 Tuesday 04:32:11:INFO: {'type': 'metric', 'label': 'recall_rate', 'k': 7, 'rate': 0.5324956672443674, 'hit': 7374, 'total': 13848, 'epoch': 0}
2022-08-23 Tuesday 04:32:11:INFO: {'type': 'metric', 'label': 'recall_rate', 'k': 8, 'rate': 0.5447718082033507, 'hit': 7544, 'total': 13848, 'epoch': 0}
2022-08-23 Tuesday 04:32:11:INFO: {'type': 'metric', 'label': 'recall_rate', 'k': 9, 'rate': 0.5574812247255921, 'hit': 7720, 'total': 13848, 'epoch': 0}
2022-08-23 Tuesday 04:32:11:INFO: {'type': 'metric', 'label': 'recall_rate', 'k': 10, 'rate': 0.5686741767764298, 'hit': 7875, 'total': 13848, 'epoch': 0}
2022-08-23 Tuesday 04:32:11:INFO: {'type': 'metric', 'label': 'recall_rate', 'k': 11, 'rate': 0.5780618139803582, 'hit': 8005, 'total': 13848, 'epoch': 0}
2022-08-23 Tuesday 04:32:11:INFO: {'type': 'metric', 'label': 'recall_rate', 'k': 12, 'rate': 0.58658290005777, 'hit': 8123, 'total': 13848, 'epoch': 0}
2022-08-23 Tuesday 04:32:11:INFO: {'type': 'metric', 'label': 'recall_rate', 'k': 13, 'rate': 0.5944540727902946, 'hit': 8232, 'total': 13848, 'epoch': 0}
2022-08-23 Tuesday 04:32:11:INFO: {'type': 'metric', 'label': 'recall_rate', 'k': 14, 'rate': 0.6013864818024264, 'hit': 8328, 'total': 13848, 'epoch': 0}
2022-08-23 Tuesday 04:32:11:INFO: {'type': 'metric', 'label': 'recall_rate', 'k': 15, 'rate': 0.6086799537839399, 'hit': 8429, 'total': 13848, 'epoch': 0}
2022-08-23 Tuesday 04:32:11:INFO: {'type': 'metric', 'label': 'recall_rate', 'k': 16, 'rate': 0.6141681109185442, 'hit': 8505, 'total': 13848, 'epoch': 0}
2022-08-23 Tuesday 04:32:11:INFO: {'type': 'metric', 'label': 'recall_rate', 'k': 17, 'rate': 0.6205950317735413, 'hit': 8594, 'total': 13848, 'epoch': 0}
2022-08-23 Tuesday 04:32:11:INFO: {'type': 'metric', 'label': 'recall_rate', 'k': 18, 'rate': 0.6260831889081456, 'hit': 8670, 'total': 13848, 'epoch': 0}
2022-08-23 Tuesday 04:32:11:INFO: {'type': 'metric', 'label': 'recall_rate', 'k': 19, 'rate': 0.63236568457539, 'hit': 8757, 'total': 13848, 'epoch': 0}
2022-08-23 Tuesday 04:32:11:INFO: {'type': 'metric', 'label': 'recall_rate', 'k': 20, 'rate': 0.6369150779896013, 'hit': 8820, 'total': 13848, 'epoch': 0}
2022-08-23 Tuesday 04:32:11:INFO: {'type': 'metric', 'label': 'MAP', 'value': 0.3924382198002927, 'sum': 5434.484467794453, 'total': 13848, 'epoch': 0}
2022-08-23 Tuesday 04:32:11:INFO: [2, 7, 133, 14, 1, 2, 32, 9, 4, 2030, 2, 11, 110, 1, 93, 11, 1, 1, 18385, 1, 2, 1, 1, 4, 5, 1, 7, 5, inf, 114, 5, 1, 1, 7, 1, 1, 1, 1, 1, 7, 1, 4, 21, 93, 4, 66, 4217, 2, 320, 1, 1, inf, 160, 8, 1, 964, 2, 13, 1, 2, 5, 3, 171, 194, 10, inf, 1, 4, 28, 1, inf, 12, 3, 1, inf, 2, 1, 9, 213, 2369, 4, inf, inf, 32, 1, 5, 1, 1488, 539, inf, 44, 2, 1, 60, 14, 97, 1, 113, 2, 100, 105, 1, inf, 11, 2, 1, inf, 253, inf, 1, 1, 106, 55, inf, 1, 1, 5, 9, 1, 2, 17, 198, 822, 15, 27, 121, 2464, 1, 1, 542, 7, 1, 1, 19029, 2, 60, 1, 2, inf, 8, 13, 1211, 1, 1340, 453, 106, 4, 4, 3, 2308, 13, 785, 3, 1, 944, 9, 2, 3, 508, 1, 1, 628, 3, 2, 45, 4, 3, 5, 583, 3, 1, 2, 41, 7, 33, 1, 2, 2, 100, 9, 33, inf, 8, 1, 3, 631, 6, 323, 447, 2, 435, 3, 277, 20, 1, 6, 13, 126, 1, 1, 11, inf, 1, 744, 1, 1, 1, 1, 1, 1, 1, 1091, 9, 7, 2304, 2, 3, 6, 14115, 72, 49, 1, inf, 41, 1, 37, 1, 1, 63, 40, 359, 5, 42, 34, 3, 133, 15, 1, 57, 3, 1, 54, 166, 1, 1, 1, 992, 2, 1, 3, 1, 1, 1, 48, 32, 1, 10, 22, 1, inf, 495, 1, 3, 2, 387, 1, 1, 15, 1, inf, 8, 1, 190, 3, 5907, 1, 48, 1, 5, 1, 1, 254, 608, 25, 96, inf, 1, 3, 1, 3, 1, 1, 98, 2, 12, 3, 2, 39, 1, 3, 8, 1, inf, 1, 28, 12, 9, 8, 19, 3, 231, 8, 5, 32, 29, 17, inf, 43, 9, 7175, 1, inf, 8, 15, 74, 751, 2, 1, 276, 25, 1, 1, 1, 4, 1, 2, 1, 24639, 10, 2, 1, inf, 6, 10, 1, 8, 4, 2, 8, 1, 1, 5, inf, 1, 2, 9691, 1, 2, 35, 79, inf, 2679, 1, 2542, 3425, 1, 33, 6, 1, 1, 3, 392, 1, 10, 55, 1, 1, 18, 2, 1740, 1, 2, 2, 2760, 2407, 8, 2441, 607, 16, 1, 1, 1, 106, 1, inf, inf, 259, 4, 257, 67, 22, 334, 10917, 1, 1, 1, 12, 1, 154, 72, 12, 3, 1, 61, 17, 1, 122, 1, 51, 1, 5, 1, 1, 1, 78, 147, 4422, 101, 77, 1948, 1, 354, 28, 9, 3, 1, 2, 17, 28, 1, 145, 497, 96, 9, 1, inf, 3, 2, 24, 1, 141, 11452, 35828, inf, 3, 6, 55, 15, 90, 315, 1152, 6, 36, 2, 1, 1, 388, 4, 5, 59, 2, 1064, 2, 1, 1, 17, 1, inf, 2, 137, 42, 3, 382, 19, 3, 39, 3766, inf, 16, 1, 1, 1, 3, 1, 2, inf, 3, 30, 2, 2, 2, inf, 9, 1, 93, 3465, 3, 1, 75, 1, 1, 38, 1, 2, 66, 2, 2, 1, 3319, 3, 1, 1, 1239, 29, 3, inf, 1, 1, 2, 1, 5, 3209, 790, inf, 3, 14, 10, 1, 1, 4, 3, 2, 34, 40, 2, 5, 1, 3, 265, 17, 13, 3, 2, inf, 38, 41, 1, 3687, 2, 1, 3, 1, 16, 1, 1, 24, 31, 10, 38, 51, 2, 2, 144, 1, 1, 19, 77, 230, 5, 712, 11, 1, 4, 24, 195, 163, 4, 1, inf, inf, 3, 1, 1, 32, 1, 16, 1, 1, 142, 734, 1, 7, inf, inf, 7, 97, 1, 1, 2, 1, 81, 308, 3, 1, 1, 1, 3190, 52, 56, 9, 181, inf, 6, 1, 133, 3, 4, 30, 4, 12, inf, 6, 72, 34, 84, inf, 1, 39229, inf, 1835, 1, 2, inf, 10, 1, 1, 30, inf, 1, 1, 6, 131, 22, 9, 891, 432, 5, 1, 46, 333, 12, inf, 23, 374, 2, 2, 5, 18, 24, 1, 2, 66, inf, 2, 1, 3, 15, 1, 33, 2, 38891, 1, 1, 52, 1, 265, 104, 3, 27, 1, 2, 20, inf, 12, 1, 1, 5, 20, 2, 28, 1, 4, 81, 6, 36, 1, 46, 1, 1, 11, 30, 237, 145, 26, 57, 1, 39, 13, 83, 1, inf, 141, 31, 13, 1, 23, 4, 5, 22, 1, 716, 9, 505, 3, 331, 37, 2, 1, 1, 4, 105, 2, 3, 3, 2, 6, 18, 1, 150, inf, inf, 85, 8, inf, 340, 125, 317, 1, 25378, 29, 1, 2, inf, inf, 34, 8, 3, 13, 1, 1, 4, 232, 8, 78, 84, 15, 1651, 4, 11, inf, 3, 27, 89, 5, 1, 303, 3114, 57, 66, inf, 34, 219, 84, 3, 322, 1, 7, 4292, 18, 36, 163, 1, 4, inf, 1, 29, 398, 63, 59, 1, inf, 8, 1, 16, 350, 4, 956, 1, 8, inf, 1261, 28, 1, 1, 245, 1, 1, 7, 339, 5, 10, 2, 7, 41, 9, 1, 1, 32, 499, inf, 36, 3, 73, 1, 49, 79, 516, 4, 169, inf, 54, 104, 1, 2, 3, 1, 1, 63, 68, 1, 1, 1, 8, inf, 88, 363, 1, 1, 2, inf, 1, 12, 132, 1, 10, 2, 1, 2, 399, 3, 3, 4, 1, inf, 7, 2, 450, 1232, 24, 2, 1, 1, 1600, 14, 13520, 146, 4, 34, inf, 1, 292, 5, 85, 6, 23, 1, 6571, 4, 1, 18, 1, 8001, 5, 1, 1, 1, 1, 3, 9, 21, 8, 1, 180, 125, 403, 2, 23, 1, 1, 4, 171, 1, 11, 1, 2, 1411, 510, 8, 1, 3015, 1, 2, 1, 29, 39, 1, 1, 1, 22, 5, 6, 36, 1, 634, 1, 4, 5, 1, 3, 6, 2, 1, 9, 4, 122, 1, 259, 1, inf, inf, 976, 4, inf, 1, 1996, 1475, 1, 32, 4, 29, 2, inf, 1, 5, 146, 2072, 30, 108, inf, 10, 2, 1, 22, 13, 2, 12, 40, 1, 19, 2, 18, inf, 180, 39, inf, 64, 112, inf, 2, 11, 99, inf, 188, 1, 38, 455, 1, 6, inf, 1, 16, 152, 7, 1, 1, 7, 1, 27, 1, 1705, 16, 1, 2, 39, 2, 1, 4, 38, 1199, 1, 1, 83, 3, 1, 559, 6, 369, 1, 41, inf, 1, 18, 1, 937, 1, 1, 1, 1, 1, 1, 10, 370, 2, 7, 1, 3, inf, 13, 2, 2, 2, 7, 2199, 4, 7, 605, 15, 1, 1, 1, 1, 1, 1, 4, 1, 1, 1, 721, 4, 30, 1, 22, 1, 176, 1, 1, 1, 1, 3, 2, 78, 87, 1, 1, 16, 2, 133, 261, 45, 16, 13, 3, 4, 275, inf, 1083, 8, 9, 1, 3, 1, 5426, 2, 12, 70, 7, 2, 1, 1, 4, 1, 39, 1, 344, 2, 23, 5, 708, 348, 27, 881, 1, 15, 6, 70, 2, 2398, 1, 7, 1, 3, 1, 3, 3, 3, 26, 1, 3, 39, 2, 27, 17, 224, 1, 1, 3, 1, 606, inf, 1, 1, 1, 101, 3, 1, 1, 395, 8, 1, 13, 18, 41, 27413, 640, 1, 1, 27, inf, 6, 6, 1, 1, 1, 2, 7, 3, 5, 171, 17, 2, 34, 4, 1, 2, 1, 1, 1, 9, 1, 226, 6, 16465, inf, 13, 201, 233, 13, 7, 1, 134, 1, 1, inf, 1, 9, 1, 2, 182, 3, 97, 7, 2, 219, 1, inf, 3, 38, 4, 1, 2, 1, 42, 1, 156, 22, 1, 1074, 5, 22, 370, 1, 1, 3, 1, 3330, 1, 4, 4, 1, 1, 1, inf, 43, 7, 18, inf, inf, 1, 14, 1, 10626, 6, 4, 1, 1, 1, 14, 4, 1, 545, 17, 7, 741, 23, 12, 9, 1, 2, 28, 73, 76, 2, 11, 1, 3, 2, 1, 3, 152, 1, inf, 1, 61, 434, 1, 12, 5, 1, 1, 28346, 1182, 3, 5, 1, 1, 15, 14, 3, 2, 2, 7412, 50, 2, 1, 1, 15, 6, 76, 1, 48, 4656, 10, 8, 1, 524, 3, 1, 12, 2, 7, 1, 1, 1, 8, 1, 9, 1, 1, 7, 6, 2, 1, 1, 1123, 29, 46452, 4, 1, 76, inf, 347, 1, 18, 3, 2, 27, 5, 4, inf, 1, 4, 3, 1, inf, 13, 1, 1, inf, 4, 298, inf, 64, 318, 4, 13, 1, 3, 4, 19, 2, 11, 8, 1, 46, 2, 7, inf, 2, 2, 7, 6042, 2, 143, 7, inf, 1, 3, 180, 1, 129, 1, inf, 1, 95, 39, 1, 1, 1, 69, 17, 1, 2, 1, 1, 1, 297, 5, 2, 1, 363, 1, 1, 3, inf, 1, 1, 162, 10, 1, 40, 9, 1, 1, inf, 2, 7, 1, 1, 1, 1, 1, 65, 2, 135, 2, 834, 1, 430, 1, 1, 7, 76, 8, 221, 2, 1, 1, 1, 266, 5, 360, 61, 3, 14, 3, 3, 1, 1, 3, 1, 1, 4, 3, 1, 1, 1, 77, 242, 167, 3, 1, 1, 1, 19, 1, 2, 2, inf, 1, 1, 1, 56, 5, 3, 15, inf, 1, 6, 2, 4, 2, 1, 96, 10, 1, 3, 2, 1, 3, 6, 280, 141, 12, 10, 7, 4370, 14, 1, 3, 942, 1, 1, 23, 1, 4, 2, 31, 74, 2, 1, 10, 1, 1, 3, 52, 4, 53, 3, 190, 3, 38, 5, 2, 1, 2, 2, 5, 3, 2051, 4, 2, 4, 2, 2, 1, 1, 3, 6, 46, 36, 17, 4, 1, 12, 4, 135, 4, 23, 1, 2, 5, 5, 1, 22, 1, 11, 1, 6, 9, 24, 491, 5, inf, 1, 3, 1, 1, 20, 17, 22, 1, 1, 1, 2, inf, 4786, 85, 1713, 3, 8, 1, inf, 21, 9, 1, 340, 688, 2, 1, 20, 10, 7, 3, 1, 24, 35, 189, 6, 5, inf, 1, 7, 3, 4, 9, 4, 38, 3, 1, 5, inf, 13, 2, 20, 2, 11, 17, 55, 2, 1, 2, 1, 9, 2, 11, 4, 42, 1, 3445, 142, 797, 162, 7, 19, 2, 3, 26, 2, 33582, 8, 4, 28, 47, 7, 3, 65, inf, 1, 1120, 46, 3, 5, 69, 4, 1, 1, 3, inf, 135, 311, 3, 1, 52, 1, 4, 50, 22, 741, 21948, 290, inf, 1, 30, 30, 6, 2, 5, 1, 19, 3, 423, 27, 153, 1, 20, 39, 233, 1, 1, 7, 1, 1, 4, 225, 4, 34, 15450, 1, 1, 1120, 86, 121, 27, 15, 1, 10, 1, 645, 5, 1, 109, 113, inf, 1, 1, 2, inf, 1, 6, 1, 1, 2, 2, 14, 1, 9, 6, 120, 369, 1, 4, 193, 2, 23, 1, 2, 1201, 108, 3, 1, 1, 1, 5, 124, 41, 56, 68, 100, 85, 1, 75, 1, 71, 1, 1, 18, 9, 1, 8, 9, 1, 1, 349, 3, inf, 1, 1, inf, 2, 3, 1, 1, 1, 21, inf, 1, 5, 174, 2929, 1, 20, inf, inf, 28, 1208, 3, 1, 1, 173, 1, 7, 24, 1, 1, 51, 465, 1, 1, 26, 2, 6, 50, 1, 1, 351, 1, 12, 9, 1, 2, 179, 1, 1623, inf, 1, 6, 68, 267, 8622, 2, 1, 4319, 1, 1, 124, 4, 10, 2, 463, 35, 36, 15, 10, 4, inf, 1, 100, 1, 32, 5, 9, 1, 30, 298, 1220, 2066, 10, 82, 18, 1, 45, 2, 163, 2, 9, 3, inf, 1, 22, 132, 1, 2067, 3, 1, 1, 166, 1815, 1, 2, 3, 4, 1, 1, 1, 6, inf, 1, 25, 3, 4, 1, 2, inf, 8, 1, 1, 38, 3, 14, 1, 1, 11, 1, 39, 1, 1, 168, 23, 3, 1, 1, 1, 1, 1, 1, 1, 1, 1, 1, 9, 5, 31, inf, 1, 11, 1, 4, 9, 41, 3, 152, 541, 31, 15, 6, 9, 3, 9, 1, 1, 1, 1, 2, 1, 1, 1, 4, 1, inf, 2041, 1637, 6, 63, 2, 10, 53, 228, 1, 4, 8, 1, inf, 1, 1, 24, 1, 1, 182, 329, 49, 4, 2, 1, 53, 13, 19, 2, 1, 1185, 3, 2, 1, inf, 446, 1, 1, 1, 3, 1, 1, 3, 12, 66, 1, 1, 2, 50, 69, 37, 5, 3, 111, 34, 1, 1, 1, 34, 538, 1, 3204, 334, 1, 1, 19, inf, 1, inf, 161, 28, 964, 690, 6, 19, inf, 3, 42, 174, 1, 71738, 1, 66, 1, 1, 12, inf, 74, 56, 1, 5, 419, 1, 2, 1, 1, 4, 9, 4, 1, 4, 22, 4, 1, 137, 1, 1, 37, 199, 4, 2, 4, 5, 50, 5, 15, 1, 1, 13, 3, 1191, 1, 1, inf, 1, 1, 1953, 1, 5, 958, 18, 8, 76, 535, 14, 80, 3, 1305, inf, 1, 1, 271, 1, 44, 727, 13, 19, 313, 10, 1, 9, 2, 7, 2182, 1, 186, 2, 172, 1, 8, 5, 69, 1, 675, 20, 1, 4, 1, 306, 12, 7320, 1, 14, 4466, 15, 134, 1, inf, 4, 1, 20, 2, inf, 33, 11, 52, 82, inf, 3481, 163, 4, 243, inf, 1, 1807, 1, 3, 33, 6, 8, 12, 1, 1, 761, 1, 3, 475, 2, 23, 1, 4, 114, 16901, 12, 59, 1, inf, 2, 2, 41, 5, 6, 23, 4, 262, 1, 826, 4, 2, 25, 1, 591, 1, 1, 1, 12, 6, 2, 1, 1, 3, 180, 30, inf, 61, 1, 27, 2, 1, 1, 1, 102, 18, 1, 1, 4, 2, 1, inf, 1, 1, 30, 1, 2120, 43213, 2, 2, 885, 1, 6, 404, 1, 3, 3, 67, 3, 2696, 14, 32, 1, 773, 2, 6, 1, 1, 2, 1, 1, 27, 1, 404, 1, inf, 25, 2, 1094, 1, 11, 6, 27305, 4, inf, 1, 1, 1, 1, inf, 252, 1, 1, 5, 1, inf, inf, 1, 74, 73, 42, 9745, inf, inf, 21, 1, 58, 3, inf, 1, 9208, 47, 117, 1, 4, 1, 100, 1868, 5, 62, 1, 43587, 5918, 456, 2, 4, 15, 1, 7, 7, 2, 1, inf, 1, inf, 2, 2, 293, 3, 1, 1, 187, 4, 1, 3, 2, 7, 22, 78, 2, 1, 1, 1604, inf, 1, 19, 23, 13, 2, 3, 3, 2, 1, 1, 1, 1, 1, 599, 26209, 19, 3, 3, inf, 6, 1, 1, 1, 800, 5, 1, 302, 12, 1, 5066, 396, 1, 1, 1, 1, 1, 1, 1, 1, 1, 1, 1, 1, 8, 1, 1, 1, 1, 1, 1, 1, 1, 1554, 4, 1937, 1, 1, 9, 23, 2, 112, 2, 28, 2, 6, 50, 626, 86, inf, 2, 4, 6, 3, 19, 3, 6, 25, 402, 1, 1, 2, 7, 11, 1, 45, 2, 1, 1, 1, 12, 1, 2, 1, 3, 2, 1, 1, 1, 1, 4, 5, 1, 1, 19, 1, 10, 1, 1, 1, 1, 1, 1, 1, 1, 89080, 1, 1, 1, 1, 1, 1, 1, 1, 1, 1, 1, 1, 1, 1, 1, 1, 1, 1, 1, 1, 1, 15, 1, 1, 151, 1, 1, 1, 247, 1, 4, 8544, 2, 2, 31, 1, 1087, 6, 87, 3, 68645, 234, 109, 7, 37139, 2, 287, 10, 200, 13, 84, 24, 1, 1, 1, inf, 1, 1, 301, 9, 3, 859, 3, 18, 4379, 13, 6, 4, 1, 2, 3, 1, 10, 3, 17, 1, 1, inf, 1, 11, 1, inf, 26, 1, 20, 45, 1, 2453, 333, 4, 39, 137, 40, 1, 1, 1, 18, 1, 17, 3, 146, 543, 28, 2, 1, 779, 425, 2, 1, 1, 49, 7, 2, 22, 20, 239, 43, 8, 937, 170, 1, 3, 3, 72, 48, 1, 493, 169, 1, 3, inf, 3, 50, inf, 1, inf, 1, 1, 16, 73, 1, 156, 44, inf, 489, 1, 1, 1, 2, 3, 6, 64, 1056, 1, 15, 15, 25871, 201, 1, 5, 3, 106, 1, 9, 1, 1, 293, 95, 587, 124, 3, 3, 79, 1, 1, 134, 27, 29, 4, 335, 110, 5, 1, inf, 16, 5338, 1, 1, 41103, 1, 1, inf, 50, 64, 3, 5602, 3, 1, inf, 47, 1, 7, 118, 7, 21, 97, 59, 2, 268, 66, 23, 61, 36, 6, 3, 3034, 185, 2, 79, 1, 1, 6, 59, inf, 14, 2, 1, 47, 19, 7, 14, 3, 1, 1, 82, 87, 6107, 128, 26, 1, 217, 3, inf, 492, 1, 6, 1, 9, 255, 4, 750, 8198, 1, 1, 5, 5, 1, 1, 1, 204, 15, 201, 488, 13, 1, 1, 15, 1, 25, 1, 11084, 9, 4, 1, 2, 33, 19, 16, 192, 14946, 1, 1, 1, 1, 1, 395, 20972, 1, 1, 10, 1, 1, 3, 2, 8, 25, 5708, 96, 1, 6, 12, 11, 49, 6, 1, 94, inf, 1, 3, 6, 8, 1, 5, 19, 1, 199, 2, 21, 51, 22, 1, 5, inf, 1, 1, 111, 1, 111, 10, 1, 52, 1, 19, 1, inf, 31, 3, 186, 13, 15, 21, 15, 1, 10, 16, 11, 87, 2, 77, 3, 1, 3, 2, 117, 5, 1, 1757, 1, 1, 1, 19, inf, 1, 1, 92, 5, 1123, 901, 111, 1, 1, 3, 9, 1, 25, 272, 1, 28, 6, 1, 1, 1, 1, 3, 1, 1, 2, 1, 3, 1, 2515, 9, 11690, 1, 7, 1, 1, 1, 18, 1, 209, 1, 161, 135, 1, 112, 2, 493, 17752, 1, 1, 93, 2, 176, 271, 350, inf, 9, inf, 1, 2, 1, 1043, 1, 280, 115, 3919, 16, inf, 193, 28, 13, 8, 1, 2, 2, 178, 1, 40, 1, inf, 44, 2, 2, 4, 24537, inf, 1, 2, 1, 19, 8, inf, 4, 11, 3, inf, 420, 1, 1, 163, 2, 21, 2, 1, 22, 1, 1, 1, 41, 4, 10, 1, inf, 1, 4, 69, 12, 1, 1, 3, 559, 18, 82, 3, 3, 37713, 1, 5, 3, 7, 1, 1, inf, 46, 53, 1, 3, 137, 1, 78, 1, 2, 3, 73, 7, 1, 1, 3, 27, 3, inf, 280, 1, 17, 14, 1, 15, 38, 1, 81, 130, 2, 20, 8, 3, 18, 34, 606, 1, 1, 3, 1, 23, 1, 53, 11, 15, 116, 168, 5, 2, 698, 16, 390, 1, 4, 1, 1, 7, 1, 28, 19, 744, 1, 3, 3, 226, 402, 226, inf, 13845, 1, 2225, 1595, 7, 3155, 2720, 189, 3, 46, 1, 3, 90, 1, 28, 1, 2, 8, 7, 237, 562, 9, 1, 383, 1, 1, 2, 1, 1, 1, 14, 3, 4, 1, 2, 2, 2, 44, 1, 2314, 22, 38, 87, 1, 18, 17, 1, 10, 1, 5, 1, 11, inf, 47, 102, 9, 1, 1, 2, 39, 6, 1, 1, 26, 1, 2, 6, 15, 4084, 1066, 3, 3, 1, 414, 103, 9, inf, 1, 1, 142, 12, 1, 490, 4, 7, 1, 3, 21, 45, 69, 1, 1, 23, 2, 86, 1, 17, 165, 1842, 2, 1, 3, 4, 2, 1, 4, 5, 158, 1, 9, 1, 1, 1, 24, 100, 1, 18399, 1, 44, 206, 3, 442, 265, 34, 431, 7, 116, 54074, 12, 1, 5, 338, 148, 1, 205, 5, 31, 4, 1, 134, 24, 33, 38, 2, 1176, 1, 1559, 47, 29, 1, 31, 1, 29, 5, 2, 2, 46, 1, 232, inf, 9, 273, 1, 1, 13, inf, 224, 30, 46, 7, 1, 1, 482, 4, 1, 1, 1441, 2, 19, 93, 1642, 104, 1, 365, 10, 58, 1, 1, 1, 1, 2, 76, 1, 73, 1, 292, 1, 13, 131, 21, 1, 1, 12, 53, 21, 1, 1, 1, 1, 6, 3, 7, 715, 88, 19, inf, 52, 967, 6, 5, 1, 1, 1, 1, 1, 6, 174, 1, 1, 1, 1, 12, 10084, 542, 4, 3, 16, 6, 4, 167, 32, 1, 1, 1, 60, 238, 1, 70, 126, 175, 4, 1, 8, 1, 23, 42, 20, 126, 2, 5, 92, 222, 3, 5, 43, 8, 1, 1, 1, 1, 2, inf, 209, 28, 385, 4, 1, 43, 1, 11, 73, 1, 1, 11, 1, 9, 9, 228, 1, 4, 256, 20, 1, 70, 1, 54, 44, 1, 1, 2, 8, 1, 165, 170, 3, 138, 1, 1, 135, 295, 1, 1078, 9, 1, 1, 488, 14, inf, 176, 3, inf, 1, 9, 2, 11, 634, 1, inf, 47, inf, 199, 1, 2037, 9, 5, 1, 64, 1, 11, 2, 9, inf, 1, 34, 1, 46, 2, 64, inf, 1, 1, 1, 2044, 5966, inf, inf, 2, 286, 3, 118, 12, 1, 260, 4, 10, 620, 2, 3, 4, 1, inf, 3, 3, 409, 1, 618, 1523, 8, 1622, 175, 120, 14, 18, 40, 1, 2, 1, 7, 7, 449, 1111, 1, 17, 1, 1, 166, 95, 1, 1, 4, 102, 356, 1, inf, 1, 1, 2, 1, 1, inf, 36, 6, 1, 10, 4, inf, inf, 2, 1, 2, 612, 10, 5, 1, 6, 395, inf, 6, 1, 120, inf, 4, 67, 87, 1, 139, 2, 4055, 19, 1, 6, 1, 12, 1, 1, 28, 1, 61, 1, 149, 1, 6, 9, 1, 1, 1, inf, 375, 1, 6, 2, 11, 15, 51, 1, 1, 1, 5, 3, 3, 3, 30, 1, 1, 2, 3, inf, 1, 1, 1694, inf, 1, 24, 18, 19, 241, 429, inf, 447, 27, 1, 98, 9, 1, 33, 2, 3, 2, 3, inf, 1, 1, 56, 12, 1, 1, 3, inf, 34193, 1, 7, 5, 1, 5, 65, 29, 7, 1, 1, 3, 1, 30, 24, 83, 1, 54, 93, 106, 5, 8, 1, inf, 1, 58, 1, 30, 335, 2, 2, 1009, 1, 1, 185, 2, 6, 1, 1, 77, 3, 1, 10, 1, 1, 12, inf, 46, 1, inf, 1, 13, 3, 28, 114, 8, 1, 25, 2, 1, 2, 26, inf, 1, 10, inf, 2, 1, 267, 1, 5178, 1, 11, 1, 489, 10, 2, inf, 3, 5, 132, 2, 21, 1, 3, 14768, inf, 1, 29, 61, 6, 1, 1, 1, 1, 1, 9, 129, 2, 293, inf, inf, 1, 12, 15, 4, 1, 2, 2, 17, inf, 3111, 40, 70, 3, 1, 1, 4, inf, 34, 29, 77, 1, 1, 1, 4, 7, 210, 1, 2788, 3, 4, 3, 83, 100, 108, 11, 1, 33, 547, 89, 5, 6, 43, 1, inf, 3, 3, inf, 185, 3, 3, 18, 901, 35, 10, 1, 46, 1, 61, 37, 3, 22, 7, 1060, 71, 1324, 4, 2, 1, 2, 445, 388, inf, 518, 464, 87, 32, 3003, 22, 1, 2, 2, 1, 1, 468, 2682, 10, 5, 258, 493, 176, inf, 113, 59, 3, 53, 93, 1, 27, inf, 49, 1, 21, 1, 2, 5329, inf, 1, 3, 1, 2, 2, 132, 1, 1, 24, 86, 1, 21, 17, 1, 142, 3, 1, 1, 3, 83, 1, 1, 4, 1, 3, 1, 1, 19690, 1, 11, 1, 9, 17250, 1, 177, 1, 1, 60, 334, 2, inf, 146, inf, 3, 9, 46, 151, 11, inf, 2, 713, 284, 1, 1, 360, 3, 1, 151, 5, 1, 2550, 1, 8, 2, 2, inf, 235, 1, inf, 105, 12, 1, 6, 3, 1, inf, 19, 25, 12, inf, 153, 1, 36, 1, inf, 1, 1, 1, 2, 11, 23, 5, 1, 501, 10, 1, 1, 3, 3, 1, 3, 1, 1, 8, 4, 1, 13, 1, 108, 100, 1, 803, 1, 25, 13, 41, 1, 90, 270, 2, 4, 57, 44, 2, 1, inf, 1, 2, 1051, inf, 49, 2, 1, 1, 81, 1, 2672, 2, inf, 349, 10, 4494, 40684, 11, 357, inf, 9, inf, 5, 30, 1, 14869, 1, 3, 1, 1, 130, inf, 13009, 1, 1, 2, 1, 1, 412, 367, 1, 1, 113, 17, 1, 9, 6, inf, 5, 3, 1, 1, 2, 1, 1, 16, 2, 1, 26, 1, 2, 1, 1, 1, 5, 7, 1, 32, 3, 1992, 2, 4, 1, 2, 15, 8361, 1, 4, 1039, 1, 2, 62, 42, 2, 1, inf, 1, 1, 7, 1, 1, 85, 9, 1, 2, 2, 4, 75, 4289, 3, 2, 7, 3, 26, 1, inf, inf, 47, 4, 1, inf, 16, 10, 1, inf, 34, 1, 1, 686, 4, 1, inf, 13, 1, 47, 1, 13, 1, 1, 2, 2, 1, 2, 1, 1, 13, inf, 41, 1, 7, 1, 246, 2, 1, 106, 6, 1, 1, 1, 32, 7, 141, 1, 180, 175, 2573, 48, 1, 60, 1, 36, inf, 9, 177, 45, 624, 98, 37, 31, 1, inf, 5, 2, 22, 1, 108, 1, 8, 243, 1, 58, 1, 3, 1, 4, 1, 199, inf, 11, 1, 16606, 98655, 17, 511, 4, inf, 86, 1, 2, 1, 1, 1, 3, inf, 158, 2, 1, 8, 1, inf, 1, 5, 63, 379, 71, 25, 1021, 1, 8260, 2, 3678, 18, 266, 781, 10, 1, inf, 1642, 1073, 3758, 7, 34, 4930, 14, inf, 12, 2, 1, 82, 2, 18, 1, 3, 3, 12, 31, 1097, 1, 1218, 15, 64, 2, 1, 14, 17, 4, 2, 2, 574, 13, 1, 2, 2, 1, 12, 2, 21, 25, 1, 3, 3, 7, 1, 48, 1, 2, inf, 2, 1, 2, 1, 38, 21, 303, 28, 24, 3, 25, 1, 1006, 359, 1, 1, 10, 8, 1, 3, 386, 5, inf, 14, 2, 1, inf, 1, 2, 5, 10, 4, 3, 1, 2, 8, 31, 3, 1, 1, 1, inf, 3, 3, 267, 4, 1, 1, 3, 1, 1, 89, 1, 10, 2, 5, 2, 51, 1, 3, 1, 9, 3, 1, 1762, 20, 61, 229, 68, 1, 2, 1, 2, 9, 143, 5, 9, 8, 547, 1, 11, 5, 1, 1, 1, 4, 1, 3, 1, 1, inf, 1, 1, 1, 81, inf, 42, inf, inf, 11, 1, 2, inf, 4, 9, 450, 29, 1, 6, 1, inf, 2, 5, 21, 3, 1, 44, 24, 89, 5, 17, 2, 25, 14, 1, 17, 6835, 6, 1, 1, 2, 1056, 2, 1, 13163, 22, 1, 100, 366, 2, inf, 3, 4, inf, 32, 3, 2, 4, 1, 19, 1, 67, 1, 1, 5, 4, 1, 1, 2, 2, 56, 2, 7, 1, 2, 1, 4, 4, 1, inf, 1, 12, 1, 1, 8, inf, 6, 1, 14042, 1, 1, 1, 1, 10, 3, 1, 2, 1, 2, 1, inf, 2585, 28, 1, 6, 4, 9, inf, 2, 1, 45779, 3, 2608, 13, 35, 1, 672, 14, 251, 1, 1, 511, 5, 45, 1, 8603, 5594, 1, 1, 1, 1, 1, 1, 1, 1, 1, 1, 1, 1, 1, 1, 1, 1, 1, 1, 1, 1, 1, inf, 5, 4, 156, 91, 260, 8, 1, 3, 3195, inf, 1, 39, inf, 77, 12, 2, 22, 2, 184, 273, 33, 4, 158, 1, 101, 6, 2, 8, 1, 280, 19, 7, 226, 146, 18, 1, 15, 316, 1, 14, 43, 88, 176, 32, 1, 1, 1, 2948, 105, 3, 1, 1, 1, 8, 1, 1, 6, 1, 1, 1, 9, 6, 1, 7305, 15, 1, 31, 1, 1, 1, 1, 15, 3, 1, 30, 2, 343, 1, 4, 1, 48207, 8, 10, 1, 151, 4, 12, 54, inf, 2, 1, 2, 46, 2, 8096, 78, 279, 21, 15, 3, 192, 23, 29, 103, 590, 2, 1, 1, 1, 3325, inf, 3, 1, 104, 1, 2, 33, 2, 1, inf, 40, 6, 1, 19, 1, 5, 2, 1, 1, 1, 2, 18, 1, 2, 1, 67, 10, 1, 1, 1, 1, 1, 52, 323, 6, 25, 1, 1, 337, 1, 1, 1, 29, 59, 184, 47, 1, 8, 56, 1, 2602, 2, 1, 5, 1, 17, inf, 4, 1, 13, inf, 2, 1, 10, 65, 23, 177, 191, 1, 2, 2, inf, 17, 25, 3, inf, 1, inf, 2, 8, 8, 533, 1, 1, 1, 1, 7, 3506, 10, 1, 1, 1, 3, 1, 1, inf, 1, 87, 2, 489, 1, 58, 1, 1, 1, 2, 1, 1, 1, 1, 4, inf, 1, inf, 59, 1, 13, 332, 5, 10, 2, inf, 1, 1, 84, 29, 4, 12, 85, 1, 1213, 1, 3690, 1, 3, 3, 5, 27, inf, 4, inf, 2, 21, 220, 45, 3, 13, 1, 2, 533, 1, 1, 640, inf, 692, 5, 1, 1, 1, 1, 2, 6, 2, 15, 1, 640, 1913, 939, 12, 3, 485, 1, 1, 1, 142, 1, 3, 35, 2, 162, 438, 40, 6, 8, 8, 2, 1, 374, 3, 5, 7, 1, 127, 2, 4, 1, 6, 1, 12, 1, 1, 2, 4, 24, 1, 109, 10, 17, 3, 3, 3, 4, 1, 1, 1, inf, inf, 26, 2, 2, 30, 2, 1, 1, 86, 10, 387, 1, 11, 2, 1, 1, inf, 2, 22, inf, 1, 187, 7064, 53, 62, 1470, 14, 9, 774, 1, 14, 9, 258, 75, 44, 28, 2, 2, 21, 2, 243, 123, inf, 226, 1, 24, 2, 6, 1, 4, 110, 1, 3, 1, 1, 17, 2, 27, 1, 29, 31, 72, 1, 8, 5, 23, 367, 4, 6714, 1, inf, inf, 1, 454, 1, 1, 4, 3, 49, inf, 68, 269, 566, 1, 5, 3, 3, 1, 51, 38, 1, 58, 21, 398, 1, 1, 383, inf, inf, 1, 9, 22, 1, 1, 133, 340, 10, 1, 42, 6, 14, 4, 15, 1, 4, 4, 256, 2, 1, 2, 4833, 505, 11, 1, 1752, 1, 1, 6, 3, 82, 5, inf, 11, 2, 7, 2, 6, 1, 98, 4, 47, 2, 21, 3, 1, inf, 99, 67, inf, 3, 67, 5, 1, 1, 71, 22, 5, 1, 53, 1, 344, 8, 3, 246, 4, 16, inf, 12, 3, 1, 1, 1, 1, 317, 4, inf, 1, 72, 1, 3, 1, 1, 176, inf, 1, 1, 1496, 43, 50, 7, 2565, 20, 167, 1, 135, 3, 7, 1, 5, 707, 2, 209, 488, 9, 4, inf, 205, 58, 48, 6, 403, 1, 1, 3, 76, 1, 91, 49, 87, 2, 20, 280, 2, 1, 3, 1, 1, inf, 2, 424, 2, 15, 5, 11, 13, 1513, inf, 1, 10, 36, inf, 1, inf, 2, 3, 3, 1, 94, 1, 10, 10914, 293, 23, 1, 1244, 3, 3, 13, inf, 2, 742, 148, 47, 400, 1, 2, 9, 11, 1, 472, 2237, 16, 6765, 88, 6, 72, 2, 76, 2, 8, 16, 10, 101, 10, 1, inf, 1, 4, 9, 1107, 1, 154, 59, 1333, 726, 3, 1520, 14, 1, 3, 7, inf, 4, 552, 1, 4, 5, 1, 3, 42, 1, 39, 3, 32, 415, 5, inf, inf, 3, 1, 2, 5, 5, 1, 1, 141, 3, 80, 1, 4144, 11, 28, 22, 1, 2, 4, 1630, 142, 1, 1, 1, 1, 10, 257, 2, inf, 2, 2, 58, 860, inf, 3, 3, 6, 1, 1, 1, 2, 3, inf, 1, 1, 251, 9, 2, 465, 3, 136, 2, 1, 1, 42, 1, 1, 32, inf, inf, inf, inf, 1, 2, 1, 2, 1, 1, 8, 24, 86, 1, inf, 6, inf, 7, 7, 30, 1, 2, 1, 8, 1, 1, inf, 2, 7, 626, 1, inf, 158, 1, 45214, 259, inf, 16, 3, inf, 1384, 32, 1, 51, 2, 1, 6, 23, 1, inf, 10, 220, 2, 58, 2, 2, 1, 6, 1, 1, 3, 1, 1, 7, 1, 2, 1, 4, 4, 543, 94, 1, 3, 17, 38, 2, 1, 3, 61, 1, 1, 2, 56, 1, 1, 23, 8, 1, 8, 76, 1, inf, 1, 1, 23, 3, 500, 1, 431, 1, 228, 1, 5651, 19, 8, 196, 1, 1, 60, 19, 1, 1599, 4, 7730, 1, 201, inf, 5, inf, inf, inf, 21, inf, 1, 1, 5, 105, 2, 32, inf, 4, 9, 1, 1, 131, 74, 43, 48, 9, 17, 15, 1, 8, 5, 1, 1, 3, 14, 26, 3, 6, 1503, 31, 289, 102, 1, 39, 163, inf, 1, 1, 28, 140, 432, 136, 1, 1, 20, 310, 11, 4, 1, 212, 2, 344, 315, 2, 1, 1, 3, 1, 7837, 1, inf, 7, 16, 5, 3, 9, inf, 1, 5323, inf, inf, 1, 29, 1, 469, 51, 702, 1, 17, 5, 5, 1, 11, 1, 2, 14, 4, 1, inf, 1, 44, 1, 473, 16992, 15, 104, 1, 23, 2, 12, 3, 8, 2, 11, 8, 13, 6, 5, 38892, 6, 15, 15, 4, 1, 2, 5, 9, 1, 4, 1, 5, 1, 38, 1, 14, 1, 48, 1, 6, inf, 294, 1, 22, 1, 1, 1, 224, 7, inf, 26, 3, 1, 4, 8, 1, 4, 216, 17, 597, 1, 6786, 9, 12, 1, 1, inf, 22, 1, 14, 168, 319, 3, 2, 24702, 25, 405, 11, 1, 249, 1, 1, 3, 1, 1, 1, 1, 13, 1, 5, 647, 157, 1, 2, 120, 1, 281, 6, 2, 1, 2, 17, 1, 1, 25, 1, 9, 1, 3, 3, 2, 1, 9, 1, 3, 3, 17, 3, 1, 125, 60, 1, 3, 1, 1, 1, 8, 10, 1, 1, 2, inf, 2, 7, 1, 5513, 2, 3, 1, 17, inf, 31, 1, 1, 32, 10, 3, 1, 1, 5, 1, 241, inf, 29, 1, 16, 6, 41, 1, 3542, 4, 4, 3, 1, 4, 215, 1, 53, 23, 443, 17, 1, inf, 1, 182, 330, 26, 1, 3, 18859, 4, inf, 69, 370, 3, 16, 321, 2, 10, 1, 1, 1, 8, 3, 1, 2, 4, 1, 10, inf, 1, 5, 1, 5, 1, 1, 1, 27, 2, 5, 6, 1, 4, 14, 1, 1386, 358, 3, inf, 11, 1, 57, 4877, inf, 3, 1, 2, 2199, 17, 1096, inf, 2, 9, 2, 3, 3, 1, 19, 37, 1, 1, 143, inf, 14, 19, 1, 1, 1, 1, 1, 1, 1, 1, 1, 1, 1, 1, 1, 1, 1, 1, 1, 1, 1, 1, 1, 1, 1, 1, 1, 1, 1, 1, 1, 1, 1, 1, 1, 1, 1, 1, 1, 29, 3, 2, 30, 3, 1, 640, 27, 1, 17, 3, 5019, 1, 2, 15, 1, 1, 93, 1, 41, 4132, 696, 2, 1, 373, 1575, 160, 6, 20, 2, 112, 34, 4, 113, 1, 1, 9532, 1, 1, inf, 437, 363, 362, inf, 6, 1, 115, 193, 11, 32, 1, 2, 61, 8472, 17, 1, 2, 2315, 137, 25, 76, 16, 10, 11, 1, 9, 1, 3, 4, 11, 1, 1, 2, 2, 5, 1, 39, 12, 1, 1, 559, 8753, inf, 4, 4, 1, inf, 2, 3, 142, 538, 3, 6, 1, 1, 86, 3, 9, 197, 1878, 48, 6, 1, 1, 2, 20, 2, 1, 3, 3, 7, 1, inf, 5, inf, 20, 1, 2, 8, 25, 10, inf, 6, 7, 28, 1, 1, inf, 2, 1, 5, 35, 3, 52, 6, 17, 1, 14, 134, 1, 1, 474, 1, 436, 64, 1, 2, 4, 54, 2, 2, 2, 3, 229, 213, 84, 108, 1, 3, 1, 1, 4, 17, 1, 1, 1, 17, 501, 1, 979, 28, 4, 1, 34, 17, 2, 568, inf, 1, 1, 2, 10, 1, 1, 25, 21, 4, 1, 49, 290, 75, 83, 18, 7014, 1, inf, 1, 1, 676, 1, 3, 3, 2, 1, 1, 1, 26, 11, 122, 5, 30, inf, 20, 2032, 1, 2, 2, 1625, 1, 29, 64, 997, 20, 6, 12, 1, 163, 25, 1, 1, 17, 18, 1, 8, 436, 1, 57, 13, 10, 21, 1, 14, 1400, 22, 29, 68, 2, 1, 8, 460, 3, 1, 4600, 159, 187, 1, 1, 6, 67628, 1, 1, 2, 1, 20, 4, 1, 1, 1, 28, 1, 1, 2, 19, 1, 10, 89, 1, 161, 6, 16, 1, 27, 5, 1, 5, 16, 221, 3, 1, 2, 15, 1, 1, 1193, 1, 2, 6, 1, 1, 1, 3, 1, 7, 20, 184, 2, 13, 4, inf, 21, 5019, 19, 3, 12, 1, 2, 405, inf, inf, 54, inf, 7, 1, 11, 74, 21, 3, 1, inf, 12, 47, 1, 30, 22, 60, 2676, 6, 1, 58, 2, 1, inf, 1, 53, inf, 162, 8, 108, 463, 30, 3, 18, 4, inf, 92, 69, 15, 3, 139, 111, 498, 236, 2, 82, 1008, 5, 1, 7, 2, 11, 9, 2, 1, 2, 711, 1, 125, 10, 1, 7, 109, 1, 1, 1, 2, 2, 8, 7, 8, 35, 1, inf, 18, 1, 170, 4, 2, 1, 582, inf, 1, inf, 3, 1, 1, 4, 1, 1, 1, 1, 3, 5, 4, 5, 1, 28, 2434, 1, inf, inf, inf, 1, 1, 966, 1, 50, 20, 3, inf, 7, 3, 7, inf, inf, 2, 12, 2841, 1, 2, 5, 44, 1, 1, 379, 11, 1, 276, 28, 2, 14, 1244, 1, 4, 1, 1, 1, 1, 43, 44, 4, 6, 83, 1, 12, 7, 17, 38, 1, 1, inf, 1, inf, 5, 19729, 1716, 1, 26, 20, 7, 519, 4, 1027, 269, 1, inf, 4, 1, 590, 6, 19, 1, 1, 2, 1, 1697, 805, 37, 737, 22, inf, 5, 1, 170, 1, 1, inf, 428, 7, 6057, 47, 1681, 547, 1, 1, 39, 1, 65, inf, 35, 1, 5, 1, 27, 262, inf, 6, inf, 40, 72, 11, 48, 79, 10, 1, 1, 4, 3, 1, 47, 2, 5, 126, 1, 1, 3, 41, 1, 2, 276, 14, 916, 6, 2, 1, 2, 1, 1, 354, 593, 1, 347, 19, inf, 134, 1, inf, 1, 1, 1, 1, 1, 2, 3, 14, 117, inf, 2, 3, 1, 1, 1, 9, 63764, 2, 15, 6, 7, 5, 132, 2, 9, 1, inf, 3, 2, 11, 5, 9, 49, 5, 12, 4, 5, 1, 18, 3, 1368, 1, 303, 908, 3, 25, 66, 440, 7, 4, 1, inf, 3, 67, 4, 1648, inf, 1, 1, 1, 104, 2, 5, 6, 662, 3, inf, 7, 10, 3, 68, 9, 36, 4, 3147, 3, 4, 1, 10, inf, 5, 18915, 1, 362, 2, 1, 1, 18, 5, 3, 200, 8, 1, inf, 275, 22, 5, 52, 3, 2, 1727, 2395, 1, 1, 1, 3, 5, 3, 2, 30, 25322, 1, 2, 55, 1, 1, 10, 5, 21, 1, 6, inf, inf, inf, 412, 19, 1, 55, 1, 1, 5, 1, 3, 17, 991, 21, 1, 10, 1, 2, 2, 57, 864, 2, 476, 10, 215, 7, 49, inf, 1, 3, 1, 2, 1, 1, 4, 2, 18, 305, 1, 123, 201, 2, 13188, 10, 1, 1, 14, 55, 6, 1, 12, 442, 29, 47, inf, 1, 1, 1, inf, inf, 6, 1, 2, 1, 2, 761, 1, 75, 15966, 4, 3, 338, 317, 1, 1, 875, 139, 5, 1, 1, 6, 475, 330, 1, 1, 2165, 1, 1, 1, 6, 63, inf, 28, 902, inf, 18, 4, 35, 97, 60, 34, 1, 1743, 630, 192, 4, 2, 41, inf, 16, 1, 30, 2, 10, 812, 46, 1, inf, inf, 1, 30, 2, 36, 135, 150, 9, 4, 9, 413, 64, 6, 4, 6, 7, 1, 1, 1, 1, 1, 58, 22, 190, 926, inf, 2, 36, 4, 1, 1, 1, 2, 22, 1, 21, 82, 643, 34, 1091, inf, 1, 1, 1, 1, 39, 53, 7, 1, 12675, 64, 1, 15, 1, 1, 1, 231, inf, 1, 44, 5, 1, 2, 1, 26, 10, 771, 599, 13, 1, 26581, 3, 1, 1, 257, 4, 5, 1745, 47, 73, 1, 2, 117, 1, 3, 1, 188, 1, 1419, 160, 21, 1, 17, inf, 19, inf, 433, 1, 1, 3, 1, 1, inf, 1, inf, inf, 5, 1, 2, 9, 3, 13, 2, 1, 42, 64, 62, 1, 3, 1, 14, 8, 53, 2, 155, 2, 1, 1, 2, 22766, 4, 1, 20, 1, inf, 2, 22275, 1, 75, 70, inf, 1, 2, 1, 1, 10, 1, 427, 33, 454, 1, 132, 2, 11101, 8611, 3, 1, 399, 49354, 1, 1, inf, 1, 16, 1, 1, 1, 53, 66, 1, 84, 41, 702, 5, 4, 124, 1, 4, 11, 10, 23, 2, 1, 10, 3, 4, 4, 2, 3654, inf, 1, 1, 2, 94, 2, 3, 14, 8, 1, 5, 2, 2, 2, 1, 62, 1, 75, 5, 342, 1, 3, 65, 6, 3, 1, 1, 51, 80, 1, 1, 3145, 1, 5, 45, inf, 4, 21, 9, 1, 4, 2, 11, 1, 1, 27, 165, 37, 32, 182, 1, 1, 1, 3, 7, 1, 1, 1484, inf, 4, inf, 1, 2, 920, 3, 1, 1, 20, 5269, 16311, 14331, 1, 4, inf, 1, 2, 4, 1, 30, 9, 30, 1, 3, 1545, 1, 11, 206, 1, 2, 7, 1, 1, 1, 1, 2838, 3, 235, 1, 1, 28, 489, 16, 181, 1, 1, 49, 29, 1, 1, 12, 174, 1, 2, 6, 1, inf, 1, 1, 1, inf, 1, 1, 4, 17, 1, 52, 21, 1, 19, 622, 7, 72, 147, 3, 1, 8, 1, 1200, 1, 1, 1, 1, 208, 32, 3, 16, 24, 2, 2, 31, 20, 8, 48, 1, 1, 14, 10, 4, 1, 27, 91, 1, 2, 512, 1, 529, 1343, 1, 2, 4912, 51, 1, 3, 36216, 1, 1, 19, 7, 1, 1, 690, 2, 1, 1, 18, 575, 2, 1, 1, 1, 11, 1, 1, 1, 13348, 6, 61, 1, 1, 1, 823, 1, 5, 147, 100, 2, 4392, 7, 72, 3, 1, 566, 63, 11, 1, 1, 1, 1, inf, 1, 30, 202, 91, 33, 27, 3, 133, 1668, 1, 273, 9, 45, 1, 8, 15, 44, 103, 34, 2, 85, 182, 3, 2, 2, 18, 4, 7, 1, 4, 18, inf, 13189, 1, 3, 1, inf, 1, 16, 1, 71, 2, 1, 61, 28, 26, 4, 2, 1, 44, 37, 1, inf, 6, 1, 142, 3, 2, 1, 2, 3, 1, 1, inf, 42, inf, 1, 1, 2, 1661, 9384, 2, 276, 216, 59, 1, 1, 3, 17, 10, 252, 1, 1, 1, 4, 1790, 11, 1, 51, 773, 1169, 417, 12603, 24, 177, 2, 2, 1, 1, 156, 98, 1, 136, 6, 1, 30, 3, inf, 1, 1, 83, 15, inf, inf, 4, 9, inf, 71, 2, 1833, 1, 2, 1, 4, 1, 1, 709, 4, inf, 1, 158, 340, 57, 53, 2, 1, 8, 56, 2, 22, 7, 1, 1, 1, 1, inf, 24, 697, 1, inf, 1, 1, 4, 1, 4132, 1, 4, 1, 1, 7, 3, 1, 1, 1, 1, 151, 12, 1, 1, 1, 1, 9, 337, 22, 1, 1, inf, 19, 221, 12, 34, 12, 36, 2, 6, 8, 1, 235, 3, 10, 4, 46, 2, 11, 4, 3606, 1, 2, 30, 89, 131, 1, 10, 1, 2, 2, 50, 1138, 20, 1, 1, inf, 185, 4, 1, 1, 1, 2, inf, 10, 16, 1, 1, 1, 478, 3, 1, 2, 1, 68, 25, 1, 2, 4, 667, 4, 42, 713, 1, 22, 16158, 116, 387, 3, 1, inf, 54, 1, 3, 49, 103, 2, 3, 44, inf, 4, 37, 27, 2, 2, 32, 2, 755, 2, 18, 1, 5, 1, 4, 192, 41, 2, 57, 2, 22705, 15, 98, 3, inf, 1, 2, 2, 57, 201, 1, 2, 1, 4, 4, 1, 128, 2, 72, 92, inf, 3, 4, 5, 27, 84, 1, 4, 47, 2749, 113, 5, 10, 4, 8, 4, 41, 4, 1, 7, 495, 33, 78, 54, 117, 111, 102, inf, 8, 122, inf, 1, 1, inf, 1, 19, inf, 84, 3, 10, 150, 71808, 4, 75, 19, 2, 2, 917, 1, 26, 93, 3156, 1, 1, 1707, 96, 39, 15, 1, 2, 2, 11, inf, 13, 1, 3596, 1, 6, 109, 21, 1, 2, 1, 6, 1, 182, inf, 8, 1123, 258, 1, 5, 10, 1, 50, 24, 3, 330, 2599, 1, 149, 1, 13, 2, 1, 7, 1, 2, 2, 4, 6, 1112, 22, 58, 68, 133, 2807, 968, 1882, 25, 57, 1, 2, 1081, 2, 3, 30, 16, 74, 126, 2, 1, 1, 1, 1, 185, 1, 15, 1, 2, 20, 85, 22, 97481, 495, 2, 1, inf, 6, 1, 8, 1, 11360, 18821, 10, 1, 11, 9, 270, 1, 29, 5, 2, 3177, 17, 12, 222, 103, 2, 16694, 1, 21154, 342, 1266, 6, 1, 230, 4, 2, 1, 105, inf, 6, 2, 1, 5, 1, 1, 1, 3, 4, 1, 8, 37, 1, 13, 72, 1, 1, 1, 226, 12, 245, 1, 1, 3, 983, 1, 4, 4, 2, 156, 1, 568, 5, 5, 1, 185, 4, 1, 34, 534, 1018, inf, 2124, 916, inf, 40, 238, 5, 401, 3, 584, 2, 1, 11, 65, 7, 49, 1, 4, 4, inf, 54, 1, 1, 7, 1, inf, 2, 1, 1, 1604, 1, 6, inf, 219, 880, 2, 2, 1, 1, 11, 1, 1, 1, 8, 2, 601, 778, 31, 291, inf, 5, 1, 1, 8, 11, inf, 69, inf, 3, 8, 724, inf, 150, 1, 1, 1, 47, 1, 1, 373, 659, 13, inf, 21, inf, 22, 1, 28, 228, 19, 226, 6, 1, 10, 1, inf, 2, 1027, inf, 4, inf, 1, 143, 1, inf, 3, 1, 33, 4159, 9, 16, 55, 3, 6, 4, 4, 2, 1, 1, 3, 53, 5, 1, 27548, 2045, 1, 4, 3, 54, 2, 5, 710, 2301, 1, 74, 1, 630, 1, 85, 5, 1, 17, 13, 2, 2, 6, 1, 2, 77, 132, 1, 3, 1, 61, 321, 360, 5, 20, 21, 10, 1, 190, 3, 1, 11, inf, 1, 701, 3, 2, 131, 12, 25, 6, 110, 2641, 1, 1, 3, 30, 79, 1, 2, 386, 46, 1, 37, 14389, 1, 10, 104, 1, 1, 3, 1, 2, 354, 3492, 1, 3, 30514, 50, 13, 10, 25, 27, 1, 14, 146, 7, 198, 18, 61, 5, 90, 28, 2770, 1, 22, 1, 16, 1, 79, 1, 1158, 5, 1, 210, 5033, 2, 54, 2, 9, 5, 13, 28, 1, 2, 600, 1637, 7, 14, 5, 1, 356, 1, 181, 331, 1, 1566, 1, 1, 4087, 1, inf, 11, 1, 1080, 10, inf, 108, 26, 5, 28, inf, 19, 1, inf, 1, inf, 74, 15590, 89, 1, 75, 2, 1, 1, inf, 68, 63, 1, 165, inf, inf, 9, 1, 1, 1, 1, 1, 2, 5, 2, 1, 993, 6, 1, 4, 34, 7, 1, 100, 2, 5746, 9, 16, 1, 42, 4, 4, 5, 1, 355, 23, 1, 7, 1, inf, 2, 13, 12, 5043, 1, 2, 141, 2, 8, 1, 1, 2, 1, 1, 1, 1, 3, 6, 1085, 547, 18, 9, 4, 38, 6, 3031, 77, 2, 1, 1, 9, 1, 12, 347, 3, 1, 1, 1067, 1, 23, 59, 322, 80, 10, 1, 32, 1, 44, 3, 1, 3, 1063, 1, 1, 116, 9, inf, 6, 3, inf, 15, 54, 228, 2, 17, 2023, 1, 4, 6, 10, 84, inf, 2, 81, 2, 13, 97, 17, 1, 4, 1, inf, 148, 168, 1, 124, inf, 1, 1, 19, 808, 298, 1, 11, 11, 1, 265, 2, 324, 1, 1, 1, 18, 3, 1, 1, 1, 179, 1, 87, 6, 1, 93, 1, 1, 1, 2, 6, inf, 14, 6, 102, 1, 278, 2, 1, 8, inf, inf, 206, 3, 1, 15, inf, 2, 937, 3, 9, 58, 1, 84, 175, 2865, inf, 1802, 2, 553, 338, 264, inf, 18, inf, 1, inf, 133, 1, 9, inf, inf, 2952, 1490, 2, 3, inf, 1, 2, 74, inf, 2, 498, 54, 8, 4, 2, 583, 43, 1, 1, 15, 15, 37, 1, 1, 15, 6, 1, 615, 49, 2, 31, 3, 108, 353, 211, 10, 6, 3, 14, 98, 9, 87, 1, 1, 1, 1, 10, 1, 190, 2, inf, 3, 25, 2, 5, 5097, 1, 2, 6, 21, 1, 1, 3, 3, 1, 5000, 9642, 85, 1, 1, 101, 45, 11, inf, 3, inf, 5, 5, 157, 15, 1, 7, inf, 4, 1, 6, 26, 67, 2264, 7, 95, 1, 314, 11, 4, 1, 12134, 1, 15, 794, 1, inf, 1, 1, 165, 34, 1, 8, 1, 1, 2, 1, 64, 1, 65, 44, 17, 4, 1, 1, 2230, 115, 1, 3, 134, 4, 1, inf, 3, 4, 2, 1, 1, 80, 3501, 44, 2, 132, 12, 1, 3, 1, 11, 19, 65, 71, 1, 1, 1, 1, 1, 4, 1, 59, inf, 1, 1, 10, inf, 81, 10, 42, 13, 85, 2, 529, 10, inf, 4, 2, 33, 1, 1, 1, 34, 53, 5, 4, 1, 1, 7, 2, 298, 233, 65, inf, 20, 3, inf, 1, 10230, 1, 23, 56, 59, 1, 64, 1, 317, 5, 17, 1, 1, 1, 1417, 185, 4, 1, inf, inf, 1, 2, inf, 46, 56, 16, 14, inf, 4, 11, 1, 1, 25, 280, 7, 28, 20, 911, 1, 5, 2, 1, 1, 2, 11, 1, 189, 1, 113, 12, 1, 16, 4, 10, 4, 29, 13, 1, 1, 462, inf, inf, 21, 1, 1, 44, 11, 1, 13, 3, 2, 40, 1, 30, 1, 1, 9, 118, 2918, 43, inf, 1, inf, 47, 12, 7, 10, 609, 1, 101, 18, 39, 48, 37, 382, 6, 10, 3, 1, 1, 1, 30, 2, 3, 9, 146, 136, inf, 9, 2, 1, 1174, 130, 876, 1839, 55, 1, 127, 1, 45, 1, inf, 1, 2, 600, 17, 180, 1, 670, 3, inf, 15, inf, 7, 18, inf, 1, 1359, 180, 1, 1, 2, 277, 1, 1, 97, 8, 4, 1, 16, 1297, 953, 1, 1, 5, 3, 2, inf, 30, 3, 163, 2, 180, 1, 115, 2, 2, 1, 1, 1, 6026, 4, 3, 1, 3, 9, 2, 1, 6, 4, 36, 1, 1563, 39, 2, 591, inf, 2, inf, 14, 1, 40, 2, 3, 163, 19, 3, 7589, 18, 1, 155, 1, inf, 1, 43, 2, 14, 1, 44, 2, 1, 2, 40, 1, 1, 401, 44, 4, 1, 1, 2, 1, 2, 14, 3, 33, 30, inf, 3, 4, 2, inf, 309, 48, 1, 11, 20, 1, 1, 2, inf, inf, 41, 1, 3, 1, 1130, 62, 3, 86, 1, 35, 12, 1, 1, 1, 2, 49, 1, 3, 81, 11, 1, 5, 1, 1, 282, 1, 425, 472, 1, 8, inf, 1, 56, inf, 2021, 1, 2, 1, 1, 7, 760, 3, 1, 12, 1216, inf, 5, 48, 5, 75, 1, 1, inf, 13, 10, 1, 1, 1, 1, 1, 3, 2, 1, 434, 1, inf, 2, 33, 3, 55, 14, 1, 1, 3, 12, 1, 28, 357, 43, 1, 3, 1, 1, 15, 13, 1, 1, 5, 16, 1, 4, 3, 1, 166, 1, 21, 536, 1, 2, 5, 1, 4, 2, 2, 7, 3, 284, 35, inf, 1, 1, 1, 94, 18, 2, 801, 19, 1, 5, 71, 245, 3, 1, 4, 9, 2, 55, 47, 1, inf, 36, 2, 1206, 15, 1, 1, 55, 1, 46, 2, 1, 4, 16, 1, 2, 1, 1, 1, inf, 21, 4, 1, 1, 49, 101, 2, 1, 1, 1, 204, 5274, 1, 2, 1, 40, 48, 2, 4, inf, 28037, 3, 428, 1, 2, 23, 5, 878, 3, 72154, 1, 330, 17, 1, 2, 13087, 8, inf, 1, 46, 9, 1, 1, 1, 3, 1, inf, 97, 1, 3, inf, 1, 1, 708, 7, inf, 29, 2, 1, inf, 262, 20, 7, 29, 34, 13, 4154, 1, inf, 1, inf, inf, 244, 2, 16, 2301, 2, 1, 8, 15, 5, 6, 782, 22, 1, 18, 20, 1, 19, 1, 21, 2, 54, 2, 1, 1265, 1, inf, 1, 1, 38, 1, 4, 55, 4, 68, 163, 1, 6, 4, inf, 1, 1, 1, 2954, 102, 1, 10, 106, 1452, 2, 56, 53, 2, 27, 623, inf, 1, 5, 4, 217, 89, 1, 7, 3, 3, 1, 4, 1, 1, 4, 57, 2, 3, 1, 8, 212, 1, 11, 3, 2, 1, 1, 1, 45, 773, 1, inf, 1178, 106, 8, 1, 489, 1, 1, 419, 2, 4, inf, 2, 24, 1, 2, 6, 23, 1, 141, 2, 88, 234, 1, 1, 167, 1, 11, 1, 1, 2, 2, 1, 11, 6, inf, 9, 27184, 2, 2, inf, 82, 36, 65, 508, 1, 1, 1, 44, 3, 1, 7, 138, inf, 3, 3, 2, 2, 132, 1, 1, 1, 27, 40, inf, 1, 2, 36, 67, 45, inf, 4, 97, 10, 3, 20, 2622, 2, 2, 2, 10, inf, 67, 1, 1, 2, 1, 5, 7413, 3, 13, 1, 24, 1, 11, 517, 1, 84, 1, 5, 551, 2, 1, 972, 4, 1, 1, 1, 38, 1, 18, 2730, 3, 13, 1, 2, 10009, 1, 2, inf, 2, 1274, 2, 1, 1, 1, 934, 55, 6, 235, 1, 1, 3, 1, 19, 6, 2, 4, 11, 2, 1, 1, 1, 2152, 191, 1, 1, 1274, 1, 1, 374, 1179, 1, 1, inf, inf, 129, 7, 2, 12, 53, 23, inf, 7, 1, 32, 10, 115, 86, 10278, inf, 8, 16, 1, 1, 1, 3, 114, 3, 31, 1, 11, inf, 3, 12, 3, 1, 1, inf, 30, 1, 1, 2, 4, 5, 55, 1, inf, 1, 1, 1, 40, 1, 22, 1, 5, 1, 1, 4, 2, 168, 2131, 1, 19, 6, 1, 1, 6, 13, 10, 79, 1, 1, 1, 3, 5, 10, 1, inf, 2, 1, 1, 4, 429, 1, 160, 23, 6, 36, 1, 21, 1, 2, 1, 1, 962, 1, inf, 3, 1, 220, 1, 122, 27, 1837, 359, 7, 92, 1, 2, 1, 160, 1, 36, 2, 4, inf, 8, 1, 70, 1, 7112, 3, 3, 28, 1, 11, 2675, 1, 1102, 42, 7, 1, 1, 2, 280, 130, 1, 1, 3, 1, 1, 1, 1, 1, 1, inf, 3489, 7, 18, 3, 1, 4, 2, 1, 390, 1, 71, 2, 2, 1, 1, 84, 1, 1, inf, 14, 1, 1, 1, 44, 1, 55, 1024, inf, 16, 32, 962, 187, 1, 1, 1, 3, 50, 2, 1, 27, 1, 2, inf, 2, 13, 887, 96, 1, 4338, 263, 535, inf, 9, 3, 1, 3, 4, 1, inf, 1, 1, 210, inf, 4, 3, 277, 1, 42, 8, 2, 15, 1, 1, 6, inf, 3, 3, 1, 2533, 2, 1, 14, 5, 3, 1, 1, 5, 1, 68, 497, 23, 216, 452, 2, 20, 3, 87, 23, 1, 1, 14, 3, 1, 1, 1, 1, inf, 15, 4, 2619, 3, 23, 4, 4, inf, 1, 2, 1, 15, 5, 2, 1, inf, 3, 4, 1, inf, 108, 43, 167, 2151, 536, 1, 3198, 3, 11, inf, 1, 3, 1, 113, 97, 1, 5, 1705, 55, 48, 19, 67, 1, 7, 34, 6, 12, 5, inf, 28, 1, 1, 2, 3, 53, 2, 1, 3, 2, 2, 6, 16, 2, 192, 1, 2, 2, 7, 4, 3, 1, inf, 15, 16847, 1, 70, 4, 132, 2, 39, 6, 18, 40, 4, 2, 3, 1, 306, 1, 1, 54, 33, 61, 1, 1441, 1, 1152, 9, 16, 1, 2, inf, 1, 94, 4, 1, 8, 1, 15, 376, 514, 20, 52, 1, 16, inf, 1, 1, 2, 3, 11, 13, 2, 5, 1, 21, 4, 39, 2, 24, 1, 304, 69, 1, 3, 1018, 13, 11898, 215, 32492, 8, 58, 652, 10, 94, 1, 1, 1, 2, 1, 1, 1, 2, 1, 15, 1, 1, 305, 75, 6, 7, 924, 271, 23, inf, 10722, 814, 2, 42, 20, inf, 1, 1, 10, 4, 2, 1, inf, 12, 1, 1, 1661, 21, 17, 1, 11, inf, 4031, 1, 1, 24379, 4, 1, 164, 3, 3, 1, 4, 1, 2588, 1, 4, 2, 27, 1233, 65, 1, 2, 1, 23, 3, 30718, 45, 2, 7, 2, 85, 1, 13, 9, 1, 1, 1, 3, 2, 1, 16, 3, 4, 26, 21, 90, 1, 1, 21, 3, 2, 1, 1, 1, 2, 3, 1, 20, 120, 219, 1, 1, 515, inf, 5, 237, 1, 5, 36, 5, 4287, 2, 65, 54, 1, 252, 6, 1, 1, 7, 1, 2, 1, inf, 1498, 101, 19, 2, 5, 916, 24, 32, 166, 7, 2, 323, 1, 2, 1, 1, 2, 1, 2, 1, 768, 171, 4778, 1480, 26, 8, inf, 791, 15, 2, 2, 1, 572, 1991, inf, 460, 5, 57, 30, 3, 6, 18, 6, 1, 9, 30, 3, 5, 1, 123, 4, 1, 3, 1, 965, 205, 481, 2, 1, 2781, 1, 4, 126, 15, 2, 1, 8232, 11, 142, 1, inf, 1, 641, 36, 4, 1, 54, 2, 1, 3997, 1, 1, 1, 13, 1, 32, 13, 1, 39, 35, 2, 1, 2, 1, 7981, 3, 59, 23, 1, 1, 3, 4, 1, 2, 1, 1, 7, 8, 948, 1, 3, 4, 1, 45, 1, 1, 1, 1, 32, 1, 4, 2, inf, 381, 14424, 113, 1, 24, 1, 1, 1059, 242, 1, 1, 1, 2, 2, 5, 2, 47, 1, 1, 1, 11, 122, 1, 7, 1, 445, 1, 1, 1, 1, 1, 65, inf, 386, 2, 19, 102, 3, 19, 9, 18, 2, 1, 1095, 2102, 3740, 439, 1, 1, 3, 131, 1, 30, 4, 1, 2, 1, 871, 1, 61, 1936, 9294, 11, 1, 6, 30, 1, 424, 1, 344, 32, 2, 13, 1483, 1, 11, 3, 7892, 1, 17, 2127, 64, 86, 1, 1183, 1, 1, 1, 16, 1, 1, 1, 106, 1993, 1, 1, 13, 1, 5, 57, 1, 1, 1, inf, 1, 5, 271, 1, 17, 40, 1, 2, 6811, 10, 16, 1, 119, 1, 1, 22832, 2, 6, 2, 24, 1, 1, 1, 3, inf, 8, 6, 1, 36, 1, 1, 226, 1, 4, 1109, 1, 7, 121, 4, 1, 7, 27, 304, 24, 16, 305, 2, 31, inf, 595, 6, 3, 1, 1, 200, 1, 11, inf, 25, 1, 1, 1, 6, 88, 9, 1, 5, 3, 1, inf, 1, 1, 7, 1, 8, inf, inf, 4, 18, 1, 1, 1, inf, 8, 1, 44, 1, 15, 2, 1, 3, 1, 29, 2, 2, 43, 4, inf, 640, 2, 46242, 2, 57, 4, inf, 1, 1, 10, 1, 2, 1, 153, 11, 2, 1, 48, 242, 1, 750, inf, 399, 189, 3, 1, inf, inf, 9, 1, 2, 6, 1, 11, 146, 43, 1, 7, 5644, inf, 38, 6340, 1, 7, inf, 1, 3, 1599, 177, 17, 1, 4, 1, 2, 3, 1, 168, 20, 24, 1, 8, inf, inf, 18, inf, 1940, 44, 1, 6, 1, 1, 2, 2, 71, 7, 2, 1, 395, 6, 514, inf, 2, 1, 209, 3, 1, 4, 2, 4, 1, 10, inf, 35, 15, 2, 1, 2, 6, 23, inf, 1, inf, 1, 1, 7741, 38, 1282, inf, 22, 9, 6, 16, 23, 279, 78, 3, 1, 1, 2, 6, inf, 99, 2, inf, 2, 1, 31, 1, inf, 4, 1, 1, 1, 5, 22, 4, 1, 5322, 51, 1, 159, 8, 1, 20386, 1, 32, 2, 15, 3, 284, 13, 2, 1, 1, 7, 2, 2, 6, 68, 1, 4, 8, 1, 1, 2, 1, 1, 1, 7, 16, 21, 32, 1, 12, 66, 76, 5109, 14, 1, 1, 1, 60, 1, 6, 2, 1, 12, 1, 2, 278, 1, 1, inf, 2, 125, 1, 3351, 6, 14, 1, 3, 1, 6, 4, 2113, 3, 1, 4, 66, 2, 1, 1, inf, inf, 2, 4202, 2, 1, 33, 582, 9, 27, inf, 6, 22, 71, 1, 1, 181, 1, 1, 1, 1, 9, 1, 11, 6848, 1, 2, 1, 1, 7, 2, 1, 4, 1, 5, inf, 2, 1, 1, 1, 3, 27, 2, 443, 19, 1, 1, 1, 10, 2, 1, 6, 1, 3, 1, 39, 2, 79, 2, 1129, 2, 1, 4, 2509, 112, 1, 45, 1, 8, 1, 1, 5, 1, 139, 1, 4, 452, 1, 1, 4, 5, 73, 1, 1, 2, 11, inf, 5, 4, 4, 1, 43, 1, inf, 707, 12, 8, 2, 1, 1, 1, inf, 2, 1, 1, 1, 4, 2, 539, 4688, 1, 85, 41, 211, 71, 1, 2, 6, inf, 1, 4, 7, 2, 661, 1, 1, 1, 1, inf, 60, 255, inf, 6, 259, 16, inf, 2, 109, 2, 1, inf, 22, 42, 1, 181, 604, inf, 1, 3, 1, 1, 15593, inf, 4, 682, 2, 1, 1, 1, 1, 1, 1, 55, 2, inf, inf, 2, 12, 8, 12, 2, 1, 1, 7, 1, 2, 2, 3, 60, 5, 5, 1, inf, 20, 2, 1, inf, 1, 25, 1, 20, 13, 8, 1, 3, inf, 1687, 6, 7, 2, 1, 4, 2, 3, 1, 2, 2, 2, 1, inf, 4, 1, 1, inf, 335, 2, 1, 543, 1, 113, 6, 3, 1, 452, 1, 155, 1, 3484, 2, 299, inf, 6, 1, 2, 2, 2, inf, 1, 1, 1, 125, 1, 2, 1, 149, 3, 14, 17, 4, 38, 1, 1, 84, 2, 8, 3374, inf, 4, 1, 23, 190, 2, 1, 1, 1, 2, 2, inf, 4, 1, 4, 387, 1, inf, 294, 10, 1, inf, 1, 1, 14, 1, 6, inf, 16, 24, 101, 1, 106, 21, 2, 7, 164, 1, 1, inf, 2, 1, 1, 1, inf, 2, inf, 1, 1, 1, 1, 1, 1, 2, 1, 7, 1, 4, 770, 39, 133, 18, 18064, 4, 8, 2, 1, 2, 1, 1, inf, 66, 18, 1, 185, 1188, 986, 56, 2845, 52, 2, 66, 35, 20, 1, 3, 1, 1, 80, 617, 2, 2, 2, 5, 24, 1, 1, 1, 4, 3, 229, 226, 1, 216, 5, 26, 4, 2, 6, 14, 29, 12, 350, 211, 1, 636, 4, 204, 109, inf, inf, 1, 10, 17, 97, 451, 3, 261, 1, 2, 19, 12, 1, 2, 1775, 956, 1, 2, 3, 107, 1, 2, 7, 1, 1, 51, inf, 148, 1, inf, 3031, inf, 18, 2, 1, 1, 81, 47, 3, 39, 82, 3480, 3, 503, 86, 1, 1, 1, 3981, 637, 20, 1, 5, 12, inf, 110, 18, 11, 9, 3, 4, 5, 23, inf, 154, 1, 1, 1, 1, 81, 293, 18, 83, 51534, 1, 2, 2, 16, 28, 1, 337, 57, 1, 60, 19, 23, 13, 2, 11054, 4, 1, 1, 1, 1, 56, 11, 1, 2, inf, 82, 9, 1216, 2, 121, 77, 1, 11, 4, inf, 1, 22258, 65, 516, 1, 11, 4, 1544, 1, 10, 1, 2, 1, inf, 8, 18, 12, 1, 1, 1, 71, 15, 12, 5, 1, 25, 131, 241, 129, 702, 1, 7896, 1, 2, 17, 1, 38, 1, 13, 146, 201, 12, inf, 1, 1, 1, 4, 1, 1, 565, 4, 375, 3, 1, 1, 1, 3, 303, 723, inf, 73, 2, 5, 1, 2, 3, 2, 4, 399, 1, 9, 4, 2, 5, 1895, 2, 22, 1, 3, 2, 6, 4, 2, 1, 68, 1, 2, 14, inf, 12, 392, 2, 6, 28, 676, inf, 1, 60, 16, 397, 39, 938, 473, 3, 8, 4, 2, 1, 1, 10, 1244, 1, 1, 1, 14, 19, 1, 47, 4, 1, 291, 235, 3, 25, 1, 1109, 3, 1, 12464, 169, 1, 54, 1, 804, 39, inf, 59, 2, 104, 79, 50, 1, 1, 2, 1, 19, inf, 5, 1, 2, 247, 1, 1, inf, 1, 102, 1, 36, 1, 1, 2, 1, 70, inf, 15, 1, 10951, inf, 525, 4, 1, 2554, 1, 7378, 147, 1272, 11827, 31225, 1, inf, 2246, 46, 93, 13, 20, 8, 2, 1, 4, 4, 501, 4, 4, 1, 106, 2552, 157, 13, 145, 89, 9, inf, 2, 1, 15, 4, 12, 1, 23, 2864, 232, 405, 790, 2339, 477, 11, 2, 3, 8, 1, 1, 1, 32094, 2, 1, 95, 1, 1, 1, 32, 1, 257, 118, 1, 5, 22, 30, 4, 17, 5, 1, 15, 14, 1, 1, 6, 24, 15, inf, 1, 260, 1, 21, 2, 3, 15, 2944, 2, 2, 14, 39, 42, 1, 35, 3, 1, inf, 17, 1, 7, 338, 4, 13, 2, inf, 43, 36, 1, 1, 1, 18, 14, 1, 15, 61, 1, 359, 591, 1, 489, 5, 1, 4, 1, 45, 103, 5, 1, 2, 1, 2, 456, 1, 59, 4, 1, 73, 1, 1055, 1, 370, 1, 1, 26, 21, 1, 2, 1, 441, inf, 1, 213, 1, 1, 2, 1, 1, 1, 1, inf, inf, 1, 54, 5, 18, 1, 432, 1, 1, 1, 16340, 1, 97, 1, 2, 2, 712, 34042, 799, 25, 25, 14, 1, 4, 1, 210, 7, 867, 3, 66, 5, 1, 1, 375, 3, 327, 19, 66976, 1, 1, 1, 10, 73, 4, 1572, 33037, inf, 3, inf, 1, 3, inf, 3, 7, 3, 241, 99, 1, inf, 1, 1, inf, 4660, 1, 1, 1, 2, 1, 6, 31, 159, 1, 3, 15, 2, 1, 1, 27, 224, 14985, 3862, 1, 6, inf, 2, 3, 8218, 1, 15, 2151, 2, 49, 1, 1129, 1, 1, 6, 164, 1, 18, 2, 1, 4, 52, 17, 118, 4, 2712, 17, 3, 1, 22, 26, 5, 30, 1, 1, 1, 16, 1, 14, 1, 27, 453, 1, 2, 8045, 1232, 1, 4, 10, 3, inf, 1, 2, 31, 1, 1, 14, 6, 307, 30, 43, 7, 1, 158, 46, 9, 3, 125, 2, 87, 853, 8, inf, 3, 3, 1, 4, inf, 25, 13, 1, 1, 3, 5, 1, 212, 1, 69, inf, 1, 1, 3, 590, 5, 1, 338, 2, 123, 3, 30, 1, 23, 1, 3, 4, 2, 1, 197, 1, inf, inf, 24, 3, 4, 2, 1, 64, 2, inf, 3, 14209, 23, 14, 1, 766, 22, 1, 3, 464, 19, 1, 1, 3, 8, 1, 1, 1, 28, 15, 7, 774, 1, 351, 1, 71, 3, 1, 19, inf, 368, 3, 1, 6175, 1, 1, inf, 7, 1, 52232, 1, 1, inf, 109, 1, 1, 2, 1, 62, 3, 3, 1, 1, 62, 48, 1, 1, 1, 4, 22, 14, 2, 1, 1, 1, 1, inf, 1, 2, 1, inf, 1, 1, 2, 2, 5, 2, 7, 3, 2, 5, 1, 275, 85, 11, inf, inf, 52, 1, 1, 4, 31, 21, inf, 1, 1, 1, 8, 148, 184, 50, 2, 1, 5, inf, 1, 16116, 47, 1, 19, 205, 1, 37, 1, 143, 110, 1614, 447, 21, 28, 37, inf, 20, 48, 1, 1, 1, 1, 1, 1, 84, 123, 2271, 3, 361, 1, 20807, 1, 2, 5, 49, 1, 4, 14, 1, 4837, 2, 9313, 81, 2, 6, 2, 43, 1, 2, 5, 78, 3, 1, 1, 1, 3, 1799, 851, 1, 8, 31, 2071, 651, 4, 1, 26, 3, 3, 7, 1, 17, 5, 1, 1, 2, 7, 1, 3, 1, 710, 1, 12, 2, 1, 178, 4, inf, 1, 161, 4, 6, 13, 1, 7, inf, 18, 2, 1, 1, 2, 109, 229, 1, 1, 35, 1, 1, 1, 1, 4, 17, 42, 1, 1, 1, 1, 1, 299, 2, 1, 113, 1014, 12, 2, 3, 5, 1342, 6328, 204, 17, 27, 1152, 9, 1, 648, 1286, 27, inf, 1, 26, 10, 46, 1, 1, 703, 19319, 394, 3, 1, 4, 1, 1300, 57, 124, inf, 1, 660, 64, 9, 49, inf, 19, 2, 1, 50, 48357, 3, 2, 1, 90, 1, 3, 2, 156, 3, 440, inf, 7, 1, 29, 14, 1, 1, 362, 14, inf, 201, 2, 10, 2, 1, 20, 54, 3, 332, 1, inf, 1, 32, 1, 11, 184, 2, 1, 4, 6, 1, 153, 1, 82, 1, 1, 8, 27, 461, 2, 12, 2, 1, 423, 9, 1, 2, 6, 4, 18, 2, 11, 33, 2, 7, 1, 131, inf, 33, 1, 1, inf, 1, 9419, 3, 1, 1, 1, 31, 165, 1, 7, 1, 661, 7616, 19, 39, 2, 1, 209, 16, 1, 1, 1, 1, 141, 1, 1, 2, 3, 5, 49, 1, 53, 12, 141, 1, 6, inf, 1, 1, 1, 422, 1, 72, 880, 13, 1, 1, inf, 13, 119, 1, 6, 1, 2586, 1, 5, 43, inf, 73, 245, 6, 4, 5, 1, 1, 4, 4, 21, 1, 1, 15, 2, 1, 9, 12, 3, 1, 1, 15, 20, 22138, 1, 26, 3, 2, 15, 3, 3, 1, 2, inf, 11834, 1, 1, 145, 6, 1, 29, 43, 1, 1, 1, 1, 6, 1, 550, 7, 1, 1, 2, 1, 233, 1, 10, 1, 4, 61, 1, 3, 11117, 24, 1, 1, 1390, 1, 1, 1, 2, 1, 116, 2, 16, 5, 3, 4, 2, 39, 5, 10, 1, 461, 2, 780, 6, 2, 1, 1, 3, 1, 269, 89, 4, 3, 12, 1, 470, 2, 8005, 4, 252, 1, 1, 1, 8, 3, 1, 1, inf, 4, 1, 1, 57, 1, 171, inf, 1, 2, 373, 14, 5, 20, 2, 2, 1, 14319, 409, 3, inf, 1790, 1, 5, 209, 1, inf, 1, 153, 273, 2, inf, 11, 66, 1, 253, 1, 1, 1, 13, 21, 1, 1, 36, 9, 1, 1, 6, 5, 6, 6, 1, 6, 3, 86, 2, 22, 1, 3, inf, 8, 7, 23, 231, 273, 1, 3, 15, 3, 1, 8, 85, inf, 9, 5, 1, 4, 5892, 16, 1, 1, 10, 2, 39, 2, 122, 3838, 519, 16, 2, 1, 1, 3, 263, 524, 1, 290, 2592, 1, 3, 1, 1, 18, 1, 350, inf, 1, 45, 7, 3749, 8, 52, 1, 1, 6, 9, 1, 1, 1, 1, 1, 5480, inf, 115, 6, 1, 65, 43, 120, 54, 45, 1, 9, 127, 11, inf, 8, 6, 5, 4, 1, inf, inf, 96, 436, 5, 1, 27, 1, 1, 1, 1846, 1, 1, 19, 19, 4, 116, 8, 2, 174, 7, 3, 1, 1, 1, 5, 4, 3, 11, 1, 2, 7, 36, 372, 59, 1, 655, 1853, 1, 1, 5, 1, inf, 3, inf, 22, inf, 24, 1, 14, inf, 7694, 1, 2, 1, 353, 75, 30, 1, 1, 19, 3, 2, inf, 1, 1, 1, 70, 55, 1, 71, 1, 2, 85, 1, 44, 44, 22, 1, 1, 8, 2, 1, inf, 8, 1, 1, 51, 296, 1, 1, 39, 206, 4, inf, 1, 375, 18, 2, 1, 7, 1, 3, 4, 452, 6, 7, 8, 1, inf, 6541, 2, inf, 1, 253, 6, 1, 36, 3, 4, 507, 12, inf, 1, 1, 1, 490, 506, 1, 123, 1, 2, 3, 1, 1, 100, 1, 2, 194, 2, inf, 9, 273, 160, 60, 4, 1, 9, 1, 2, 155, 478, 2, 1, inf, 1, 18, 17, 111, 4, 119, 160, 29, 58, 213, 69, 4, 1, 1, 1, 4, inf, 168, 1, 3, 1, 1, inf, 1, 70, 397, 5, 1, 32, 2, 1, 24, 1, 37, 130, 16, 1, 1, 152, 2, 36, 3, 12, 1, 88, 2, 33, 1, 1, 6, 7, 43, 5, 1, 17, 4, 1, 1, 1, 26, 1, 181, 189, 1, 60, 2, inf, 1, 1, 1, 7, 406, inf, inf, 990, 2, 98, 1, inf, 145, 9, 12, 1, 3, 43, 68, 3, 1, 96, 1, 6, 5, 27, 1, inf, 18, 1, 3, 1, 10, 1135, 63, 1, 90, 35, 3, 60, 6, 6, inf, 4588, 204, 1, 25, 5750, inf, 38, 28, 1, 36, 1, 11, 1479, 99, 610, 5, 1180, 1, 1, 2, 1, 1, 128, 27, 4, 1, 1, 2, 11, 5, 4, 33, 286, 2, 51, 2, 37, 1, 70, 9, 126, 1, 5, 12, 6, 81, 1, 2, 1, 537, 119, inf, inf, 1, 1, 61, 2, 1, 1, 1, 1, 1, 1, 1, 3, 53, 20, 38, 102, 9, 3889, 4, inf, 74938, 1, 847, 1, 1, 252, 98, inf, 1, 5, 54, 19, 4, 5, 2, 1, 5, 6, 2, inf, 2, 5, 2236, 68, 198, 2, 1, inf, 1, 14, 31, 2, 191, 4, 993, 1, 77, 15, inf, 1, 275, 1, 1, 4, 246, 4, 21334, 1, 21, 98, 2, 92, inf, 3481, 1, 2, 3, 530, 3, 576, 1, 1141, 12, 2, 1, 1, 88, 9, 2096, inf, inf, 2, 3, 11, 23, 1, 537, 4, 1, 9, 646, 237, 88, inf, 35856, 1, 75, 3, 1, 8, 12, 7, 20, 9, inf, 1, 9, 1, inf, 1911, 5, 2, 1, 1, 5, inf, 153, 1, 1, 88, 30, 3, 19, 31, 2, 17, 33, inf, 3, 13, 2, 178, 1, 2, inf, 1, 7, 1, 1, 694, 33, inf, 1, 1, 1234, 15, 2, 1, 38, 1, 46, 8103, 1, 802, 4, 14, 2, 73, 1, inf, 616, 2, inf, 2, 5, 49, 1, 34, 1013, 1, 1, 9, 2, 90, 204, 2, 2, 5628, 2, 9, 1, 1, 38, 65, 25, 1, 375, 1, 13, 7, 67, 3088, 1, 1, 59, 25, 1, inf, 51, 5, 3928, 10450, 37, inf, 1, 66, 1, 24, 4, 171, 1, 313, 617, 292, 48, 128, 14, 5, 17, 4, 1, 1, 7, 1, 5, 6890, 1, 4, 1, 1, 14, 4, inf, 1, inf, 1, 1, 63, 2, 1, 1, inf, inf, 75, 3, 27, 2678, 1, 2, 4, 1, 43, 212, 110, 167, 601, 2, 1, 471, 2, inf, 135, 1, 2, 368, 2, 355, 2, 2580, 2, 4, 2, 1, 2, 2, 1, 1, inf, 2, 3, 18, 2, 3, 234, 1, inf, 1, 1, 618, 1, 338, 10450, 1206, 2, 1, 3, 3, 1, 1, 1, 1, 1, 2, 6, 1, 11, 1421, 119, 1, 1, 9, 1, 35, 102, 9, 13394, 1, 548, 1, 1, 59, 21, 1, 15, 2, 1, 2, 1, 9, 1, 2, inf, 19, inf, 1, 7, 1, 2, 8, 10, 1, 2, 1, 1, 49, 14, inf, 1, 1, 1, 14, 1, 1, inf, 1, 1, 1, 31, 54, 2, 2, 1, 2, 1, 1, 1, 10, 1, 87, 3, 2, 1, 3, 1, 3126, 21, 4, 2, 2, 143, 1, 2389, 9, 863, 245, 1, 30, 1, 1, inf, 11, 2, 2, 5, 90, 1, 1, inf, 1, 28, 3, 49, 2, 22, 35, 3, 1, 6, 5, 1, 2, 3, 2, 6, 123, 353, 105, 185, 2, 3, 43, 2462, 40, inf, 203, 20, 240, 1, 8, 1, 1, 89, inf, 20, 3, 21, 1, 395, 2, 33, 54, 1, 326, 12, inf, 60, 14, 772, 2, 32, 3, 1, 5, 842, 138, 2, 1, 22, 33, 1, 14, 3, inf, 2, 1, 172, 1, 30, 5, 218, 66, 4, 304, 2, 3, 1, 494, 20, 7, 1, 10, 546, 229, 1, 1, 1, 8, 1, 1, 1, 13, 1183, 1, 539, 12, 1, 1, 1, 17, 2, 3, 6916, 4, 1, 11, 52, 14, 20, 935, 24, 713, 1, 19, 63, 2, 392, 1, 6, 6, 92, 4, 44, 39, 1, 1, 6, 1, 3, 60, 1, 18, 3237, 13, 3, 2, 2, inf, 1, 222, 309, 1, 1, 1, 1, 1, 2, 6, inf, 1, 3, 1, 2, 2, 3, 82, 6, 4396, 22, 2054, 11, 1, 209, 6, 26, 1, 23514, 192, 4, 3, 1, 2, 2, 1, 6, 4, 67, inf, 13, 1, 174, 59, 1, 3, 1, 197, 1, 8, 1, 2, 105, 5891, 4, 12, 366, inf, 55, 2, 80, 1, 1, 2, 35, 90169, 2, 9, 2, 32, 1, 3, 19, 3, 14, 12, 210, inf, 43, 1, 1, 1, 1, 1, 5142, 47417, 1, 1, 1031, 1, 6, 3, 1, 195, 1, 1, 1, inf, 1, 16, 1, 1, 1, 99, 4, 1, 2, 1, 4, 916, 9, 46, 81, inf, 2, 1, 5, 4, 3, 696, 7, inf, 3, 13, 2, 189, 1, 8868, inf, 1, 3, 2, inf, 191, 1, 2, 16, inf, 315, 4, 1, inf, 22, 1, 11, 1, 3, 1531, 1, 1, 36, 221, 3, 613, 103, 2, 15, 2, 1, 1, 9, 2, 123, 19, 1054, 1, 1, 163, 1, 3, 325, 6411, 13, 2, inf, 39, 898, inf, 137, 2728, 14, 1, 347, 273, 213, 3, 1, 1, 3, 1, 1, 17, 13, 1, inf, 75, 1, 155, 2, inf, 1, 113, 21, 1, 56, 20, 2, 852, 6150, 4, 1, inf, 9, 1, 1, 5, 1, 5, 1, 1, 1, 10, 1, 1, 6, 5, 7, inf, 1, 365, inf, 1, 75, 598, 16, 2, 1, 3, 9, 153, 1, inf, 1, 1, 3, 13, 12, 23, inf, 1, inf, inf, 17, 3, 1, 1, 2, 72, inf, 4, 87, 1, 1, 3, 105, 1, 1, 248, 18, 12, 1, 17, 4, 2900, 7, inf, 5, 4, 6, 8, inf, 29, inf, 2, 13, 1, 3, 90, 2, 11, 277, 13, 62, 4, inf, 3, 66, 1, inf, 1151, 3, 130, 2, 1, 575, 1600, 44, 1, 3, 1869, 1, 137, 1, 1, 1, 4, 3, 2, 7, 1481, 2335, 1, 270, 1, 1, 1, 3, 1, 114, 108, 11, 2, 2, 1, 113, 92, 2, 77, 19, 12, 7, 8, 4, 23, 1, 198, 181, 2, 566, 1, 539, 1, 5, 91, 2, 4, 1170, 1, 16, inf, 18882, 37, 17, 3181, 2, 2, 25, 31, 171, 1, 1, 3, 75, 3, 3, 3, 567, 28, 14, 1, 5, 2568, 1, 1, 2, 1, 92, 34, 1, 1, 2, 1, 1, 1, 1, 79, 1, 3, 1, 20, 1, 1, 1, 16, 5, 142, 1, 19, 9, inf, 265, 13, 41, 109, 12750, 1, 23, 7, 789, 2, 315, 1, 19, inf, 1, 3, 10, 1, 2, 1, 26, 2, 1, 1180, 10, 3, 1, 14, 10, inf, 333, 17, 1, 1, 98, 4, 2, 1, 1, 3, 12, 1, 36, 1, 1, 1, 12, 1, 6, 1, 5298, 1236, 1206, 2735, 27, 1, 4, 1, 33, 36, 1, 3, 21, 1, 9, 24, inf, 79, 13, 482, 1, inf, 1072, 19, 10, 549, 46, 5, 26, 3, 496, 1, 3, 2, 1, 1, 1, 1, 8, 1, 778, 3, 58, 1, 1, 25, 1, 4, 1, 36, 4, 177, 1, 10, 1, 1, 3, 209, 1, 12, 1, 29, 1, 1, 202, 2, 1, 3, 11, inf, 1, 21, 2, 470, 6, 9, 1, 34363, 1220, 1150, 1, 2, 14, 2, 4, 1, 3, inf, inf, 1, 4, 4719, 5, 55, 3, 1, 19, 10, 3, 1, 9, 2, 4145, 1, 1, 1, 1, 1, 1, 1, 25, 111, 5, 3, 15450, 10, 141, 155, 57, 5, 103, 1, 5, 2, 1, 9, 46, 38, 1, inf, 1, 1, 1, 10, 908, 46, 16, 2, 2, 1, 1094, 4, 1, 13, 1, 1, 1, 62, 3, inf, 5, 2, 1, 26, 4, 28, 1, inf, 36, inf, 36, 1, 1, 43, 2, 1, 729, inf, 8, 1, 2, 763, 1, 1, 7403, 1, 8, 1, 4, 2, 1, 48, 78, 1, 36, 20, 1, 16, inf, 383, 110, 32, 2, 146, 7, 2, 1, 22, 82, 1, 2, 29, 1, 1, 5, 1, inf, inf, 38, 1, 1, 3, 582, 1, 1, 15, 36, inf, 8, 2008, 3, 28, 118, 10, 1, 78, 5, 1, inf, 261, 2, 209, 109, 47, 1, 1, 3430, 1, 3, 1, 2, 59, 1, 9, 2, 1, 1, 2, inf, 1, 72, 1, 1, 1, 38, 7, 1, 734, 1, 1, 1, 1, 1, 72, inf, 5, 34, 29, 35, 2, 1, 1, 56, 1, 460, 5, 5, 136, inf, 48, 13, 22, 18, inf, 5, 1, 2, 1, inf, 818, 162, inf, 3, 10, 3, 38, 1, inf, 25, 1, 1, 30, 101, 3933, 8289, 199, 86, 4, 73, 174, 5, 105, 143, 2232, 14, inf, inf, 1, inf, 1, 88, inf, inf, 1, 2, inf, 1, 10619, 95, 1, 13, inf, 1, 16, 8, 4, inf, 1, 1, 1, 43, 165, 2575, 2, 2, 6, 13, 415, 1, 1, 1, 1, inf, 3, 1, 1, 5, 4, 1, inf, 1, 1, 1, 2, 3, 1159, inf, 1, 1, 3, 1, 10, 1, 385, 2, 4, 1485, 21, 369, 10, 95, 2157, 1, 1, 1, 1, 1, 62, 155, 7, 121, 8, 6, 40, 5, 1, 4, 1, 3, 3, 1, 2, inf, 597, 219, 132, inf, 1, 49, 1, 107933, 1, 1, 5, 2, 4, 1, 7, 71, 1, 5, 21, 8, 1, 47, 3, inf, 2, inf, 168, 8, 30, 2, 1, 1491, 1, 3, 3, 1, 1, 3, 12, 1, 1, 1, 3, 43, 1, 29, 97, 1, 2, inf, 13, 2, 5, 20893, 1, 594, 1, 2, 1, 1, 1, 1, 25, 1424, 4, 11, 40, 15, 55, 1, inf, 1, 2, 1, 2, 1, 1, 32, 21, 1, inf, 1, 3971, 1, 1, 11, 1, 7, inf, 2, 1, 1, 76, 1, 2, 12, 1, 1, 1, 259, 60, 1, 60, 42, 2, 104, 6, 2, 3, 1, 1873, 1, 95, 674, 75, 41, 2, 1, 1, 3, 1, 23, 1, 1069, 240, 153, 2538, 19, 1, 1, 1, 2, 2, 132, 1, 3, 1, 5, 1, 44, 407, 73, 60, 1, 8, 68, 7, 1, 1, inf, 17, 1, 6, 137, 1, 1252, 71, 2, 1, inf, 37, 93, 1, 1, 50, 1, 1, 3, 30, 4595, 1, 1, 2, 1, 395, 6, 3, 1, 1, 5, 2, 1, 1, 11501, 3, 1, 2, 1, 4293, 5906, 11, 9, 7, 2, 1, 224, 17, 1, 65, 1, 1, 1, inf, inf, 57, 5, 2, 1, 19, 9, 35, 1, 1, 42, 1, inf, 1, 175, 56, 158, 8, 2, 131, 12, 1, 550, 1, 57, 1, 3, 1, 582, 8, 1, inf, 205, 17360, 7, 1, 1, 3, inf, 2, 1, 4, 48, 1, 1, 1, 392, 203, 36, 1, 2, inf, 11, 43, 60, 57, 63, 2, 2, 4, 1, 6, 1, 941, inf, 3, 3, 6, 1, 53, 29, 135, 3, 2, 5, 1, 1, 204, 7, inf, 1, 550, 17, 1, 1, 1, 3, 72, 1, 13, 981, 25, 4600, 1, 1, inf, 3214, 3, 24, 69, 15, 15, 1, 8, 1492, 10, 1, 1, 31, 1, 51, 29, 9, 3, 1, 33, 1, inf, 3, 711, 25, 503, 2892, 5, 13, 680, 1, 2, 1, 1, 25206, 30198, 1, 1, 642, 270, 6, inf, 4776, 35, inf, 7, 1, 2, 491, 1, 1, 2, inf, 78, inf, 1, 65, 7, 12, 1, 232, 2, 1, inf, 23, 1, 802, 4, 25, 15, 1, inf, 521, 2, 924, 466, 3, 335, inf, 2, 11, 22769, 145, inf, 1, inf, 1, 1, 2, 1, 7, 190, 68, 37, 153, 48, 69, 17, 6327, 5, inf, 1, 28, 4, 37, 16, 3, 2, inf, 1, 2, 1, 1, inf, 32, 76, 86, 23, 363, 2273, inf, 1, inf, 1, 2, 4014, 210, 689, 4, inf, 1, 1, 1, 533, 1, 7031, 851, 11, 14, inf, 1, 27, 32, 12, inf, 4, 1, 1, 2, 12, 3, 104, 1, 1, 49, 2, 1, inf, 4, 58, 15, 286, 41, 1, 1, 1, 1, 4, inf, inf, 14, 64, 4, 13, 1, 1, 64, 49, 162, 2, 1, 5, 65, 5299, 2, 1, 15, 2412, 1, 2, 1, 2, 13, 2, 174, 1, 1, 3, 3, 1, 724, inf, 5, 1, 1, 21, 1048, 1, 1, 31, 1, 3, 312, 1, 2, 38, 2, 94, 1, 494, 2211, 1, 1, 2, 180, 29, 5, inf, inf, 2, 7, 3604, 190, 1, 22, 345, 49, inf, 8, 16, inf, 2, 1, 1, inf, inf, 27, 2, 3310, 1, 154, 2, 39, 2, 2, inf, 1, 8, inf, 162, 74, 3, 1, 293, 1, 230, 3, 5750, 1, 1, 9, 48, 1, 39, 3, 1, 47, 39, 5, 8, 68, 1, 77, 53, 26, 2, 398, 10, 1, 56, 531, 1, 29, 1, 4, 7, 2, 126, 1, 31, 3, 10, 5, 1, 4, 368, 33, 1, 10, 1, 1, 2, inf, 1, 1, 1, 10, 3, 7981, 580, 34, 184, 5, 1, 13, 86, 17, 9, inf, 1, 1, 1, 1, 2, 10536, 1, 2, inf, 1, inf, inf, 7, 1, 23, 5, 2, 13, 1, inf, 2, 1, 1, 16, inf, 1, 1, 1, 2, 4577, inf, 18, 4, 2, inf, 2, 4, 1, 1, 149, 1, 19, 14, 1, 1, 1, inf, 1, 67, 178, 2, 1, 1, 3, 1, 23, inf, 2, 1, 1, 1, 1, 1, 2, 1, 1, 1, 46405, 1231, 1, 270, 2878, 2, 18, 6, 64, 1, 14, 1, 63, 2, 1, inf, inf, 1, 1, 1, 66, inf, inf, 63, 2, 8, 3, inf, 223, 17, 1, 1, 38, 5, 30, 1, 1, inf, 15, 1, inf, 3, 3, 31, 1, 1, 2, inf, 203, 179, 9]
2022-08-23 Tuesday 04:32:12:INFO: It completed at: 2022-08-23 04:32:12.069308
2022-08-23 Tuesday 04:32:12:INFO: Completed after: 3 days, 13:51:38.212415
