2022-08-19 Friday 20:15:55:INFO: {'bug_database': 'dataset/mozilla-old/mozilla-old_soft_clean.json', 'database_name': 'mozilla-old', 'epochs': 12, 'lr': 0.001, 'l2': 0.0, 'batch_size': 256, 'ranking_batch_size': 512, 'ranking_n_workers': 2, 'cuda': True, 'cache_folder': 'scratch/temp/', 'pairs_training': 'dataset/mozilla-old/training_split_mozilla-old_pairs_random_1.txt', 'pairs_validation': 'dataset/mozilla-old/validation_mozilla-old_pairs_random_1.txt', 'neg_pair_generator': {'type': 'non_negative', 'training': 'dataset/mozilla-old/training_mozilla-old.txt', 'rate': 1, 'pre_list_file': None, 'k': 0, 'n_tries': 15, 'preselected_length': None, 'random_anchor': True}, 'loss': 'bce', 'margin': 0, 'categorical': {'lexicons': 'dataset/mozilla-old/categorical_lexicons.json', 'bn_last_layer': False, 'emb_size': 20, 'hidden_sizes': [40], 'dropout': 0.0, 'activation': 'relu', 'batch_normalization': False, 'layer_norm': False}, 'compare_aggregation': {'word_embedding': 'word_embedding/mozilla-old/glove_42B_300d_mozilla-old.npy', 'norm_word_embedding': False, 'lexicon': 'word_embedding/mozilla-old/glove_42B_300d_mozilla-old.lxc', 'sent_representation': None, 'tokenizer': 'white_space', 'bow': False, 'frequency': False, 'extractor': {'update_embedding': False, 'filters': ['TransformLowerCaseFilter'], 'hidden_size': 150, 'dropout': 0.0, 'layer_norm': False, 'txt_field_emb_size': 5, 'field_word_combination': 'cat', 'emb_dropout': 0.0, 'scaled_attention': True, 'model': 'linear', 'use_categorical': False, 'bidirectional': True}, 'matching': {'type': 'full', 'scaled_attention': True, 'comparison_hidden_size': 100, 'dropout': 0.0, 'residual': True, 'layer_norm': False, 'attention_hidden_size': 200, 'attention': 'dot_product', 'comparison_func': 'submult+nn'}, 'aggregate': {'model': 'lstm', 'window': [3, 4, 5], 'nfilters': 100, 'hidden_size': 150, 'dropout': 0.0, 'bidirectional': True, 'num_layers': 1, 'self_att_hidden': 50, 'layer_norm': False, 'n_hops': 20}, 'classifier': {'hidden_size': [300], 'output_act': 'sigmoid', 'hadamard_diff_textual': True, 'hadamard_diff_categorical': True, 'textual_hidden_layer': 600, 'categorical_hidden_layer': 40, 'categorical_dropout': 0.0, 'dropout': 0.0, 'only_candidate': False, 'layer_norm': False, 'batch_normalization': False}}, 'random_switch': True, 'recall_estimation_train': None, 'recall_estimation': None, 'sample_size_rr_tr': 0, 'sample_size_rr_val': 0, 'rr_val_epoch': 100, 'rr_train_epoch': 100, 'ranking_result_file': None, 'optimizer': 'adam', 'lr_scheduler': None, 'save': None, 'save_by_epoch': None, 'load': None, 'recall_rate': {'type': 'sun2011', 'dataset': 'dataset/mozilla-old/test_mozilla-old.txt', 'result_file': None, 'group_by_master': True, 'window': 365}, 'pair_test_dataset': None, 'rep': {'model': None, 'input': None, 'training': None, 'rate': 1, 'neg_training': 10000, 'k': 1000}, 'rr_scorer': 'general', 'seed': 779798047}
2022-08-19 Friday 20:15:55:INFO: It started at: 2022-08-19 20:15:55.033136
2022-08-19 Friday 20:16:04:INFO: Turning CUDA on
2022-08-19 Friday 20:16:04:INFO: Using Categorical Information.
2022-08-19 Friday 20:16:05:INFO: Lexicon size: 97938
2022-08-19 Friday 20:16:05:INFO: Word Embedding size: 300
2022-08-19 Friday 20:16:05:INFO: Use white space tokenizer to tokenize summary information
2022-08-19 Friday 20:16:05:INFO: BoW=False and TF=False
2022-08-19 Friday 20:16:05:INFO: Using Summary and Description information.
2022-08-19 Friday 20:16:05:INFO: Using BCE Loss: margin=0
2022-08-19 Friday 20:16:08:INFO: Non Negative Pair Generator
2022-08-19 Friday 20:16:08:INFO: Using the following dataset to generate negative examples: Database: mozillaOld; Order by Date; Master report is the newest oneWe keep nested master reports; Database: mozillaOld; Order by Date; Master report is the newest oneWe keep nested master reports;. Number of bugs in the training: 198653
2022-08-19 Friday 20:16:17:INFO: Training size: 68400
2022-08-19 Friday 20:16:18:INFO: Validation size: 2548
2022-08-19 Friday 20:16:18:INFO: Adam
2022-08-19 Friday 20:16:18:INFO: Scheduler: Constant
2022-08-19 Friday 20:16:18:INFO: Epoch: 1
2022-08-19 Friday 20:16:18:INFO: LR: 0.001
2022-08-19 Friday 20:18:06:INFO: {'type': 'metric', 'label': 'training_loss', 'epoch': 1, 'value': 0.16651242221656598, 'sum': 11389.449679613113, 'num_example': 68400}
2022-08-19 Friday 20:18:06:INFO: {'type': 'metric', 'label': 'training_dist_target', 'value': (0.09839627486920496, 0.09943218091426537), 'epoch': 1}
2022-08-19 Friday 20:18:06:INFO: {'type': 'metric', 'label': 'training_acc', 'epoch': 1, 'value': 0.9325438596491228, 'num_correct': 63786, 'num_example': 68400}
2022-08-19 Friday 20:18:06:INFO: {'type': 'metric', 'label': 'training_precision', 'epoch': 1, 'value': 0.9424273371696472, 'positive': 31511.0, 'total': 33436.0}
2022-08-19 Friday 20:18:06:INFO: {'type': 'metric', 'label': 'training_recall', 'epoch': 1, 'value': 0.9213742613792419, 'positive': 31511.0, 'total': 34200.0}
2022-08-19 Friday 20:18:07:INFO: {'type': 'metric', 'label': 'validation_loss', 'epoch': 1, 'value': 0.15998772831174604, 'sum': 407.64873173832893, 'num_example': 2548}
2022-08-19 Friday 20:18:07:INFO: {'type': 'metric', 'label': 'validation_dist_target', 'value': (0.11124632684177656, 0.060001161446563867), 'epoch': 1}
2022-08-19 Friday 20:18:07:INFO: {'type': 'metric', 'label': 'validation_acc', 'epoch': 1, 'value': 0.9466248037676609, 'num_correct': 2412, 'num_example': 2548}
2022-08-19 Friday 20:18:07:INFO: {'type': 'metric', 'label': 'validation_precision', 'epoch': 1, 'value': 0.9291101098060608, 'positive': 1232.0, 'total': 1326.0}
2022-08-19 Friday 20:18:07:INFO: {'type': 'metric', 'label': 'validation_recall', 'epoch': 1, 'value': 0.9670329689979553, 'positive': 1232.0, 'total': 1274.0}
2022-08-19 Friday 20:18:28:INFO: Epoch: 2
2022-08-19 Friday 20:18:28:INFO: LR: 0.001
2022-08-19 Friday 20:20:03:INFO: {'type': 'metric', 'label': 'training_loss', 'epoch': 2, 'value': 0.08160811118912278, 'sum': 5581.9948053359985, 'num_example': 68400}
2022-08-19 Friday 20:20:03:INFO: {'type': 'metric', 'label': 'training_dist_target', 'value': (0.044628637968099606, 0.04429131050381744), 'epoch': 2}
2022-08-19 Friday 20:20:03:INFO: {'type': 'metric', 'label': 'training_acc', 'epoch': 2, 'value': 0.9717105263157895, 'num_correct': 66465, 'num_example': 68400}
2022-08-19 Friday 20:20:03:INFO: {'type': 'metric', 'label': 'training_precision', 'epoch': 2, 'value': 0.9721384644508362, 'positive': 33217.0, 'total': 34169.0}
2022-08-19 Friday 20:20:03:INFO: {'type': 'metric', 'label': 'training_recall', 'epoch': 2, 'value': 0.9712573289871216, 'positive': 33217.0, 'total': 34200.0}
2022-08-19 Friday 20:20:04:INFO: {'type': 'metric', 'label': 'validation_loss', 'epoch': 2, 'value': 0.13722297409476253, 'sum': 349.64413799345493, 'num_example': 2548}
2022-08-19 Friday 20:20:04:INFO: {'type': 'metric', 'label': 'validation_dist_target', 'value': (0.05683798056382399, 0.06249452610405124), 'epoch': 2}
2022-08-19 Friday 20:20:04:INFO: {'type': 'metric', 'label': 'validation_acc', 'epoch': 2, 'value': 0.9536891679748822, 'num_correct': 2430, 'num_example': 2548}
2022-08-19 Friday 20:20:04:INFO: {'type': 'metric', 'label': 'validation_precision', 'epoch': 2, 'value': 0.9558359384536743, 'positive': 1212.0, 'total': 1268.0}
2022-08-19 Friday 20:20:04:INFO: {'type': 'metric', 'label': 'validation_recall', 'epoch': 2, 'value': 0.9513343572616577, 'positive': 1212.0, 'total': 1274.0}
2022-08-19 Friday 20:20:26:INFO: Epoch: 3
2022-08-19 Friday 20:20:26:INFO: LR: 0.001
2022-08-19 Friday 20:22:01:INFO: {'type': 'metric', 'label': 'training_loss', 'epoch': 3, 'value': 0.07256843247260267, 'sum': 4963.680781126022, 'num_example': 68400}
2022-08-19 Friday 20:22:01:INFO: {'type': 'metric', 'label': 'training_dist_target', 'value': (0.03897608053963087, 0.03916995507583283), 'epoch': 3}
2022-08-19 Friday 20:22:01:INFO: {'type': 'metric', 'label': 'training_acc', 'epoch': 3, 'value': 0.974561403508772, 'num_correct': 66660, 'num_example': 68400}
2022-08-19 Friday 20:22:01:INFO: {'type': 'metric', 'label': 'training_precision', 'epoch': 3, 'value': 0.9731502532958984, 'positive': 33381.0, 'total': 34302.0}
2022-08-19 Friday 20:22:01:INFO: {'type': 'metric', 'label': 'training_recall', 'epoch': 3, 'value': 0.9760526418685913, 'positive': 33381.0, 'total': 34200.0}
2022-08-19 Friday 20:22:02:INFO: {'type': 'metric', 'label': 'validation_loss', 'epoch': 3, 'value': 0.1287224579900737, 'sum': 327.9848229587078, 'num_example': 2548}
2022-08-19 Friday 20:22:02:INFO: {'type': 'metric', 'label': 'validation_dist_target', 'value': (0.05735028388923154, 0.06802849979191036), 'epoch': 3}
2022-08-19 Friday 20:22:02:INFO: {'type': 'metric', 'label': 'validation_acc', 'epoch': 3, 'value': 0.9540816326530612, 'num_correct': 2431, 'num_example': 2548}
2022-08-19 Friday 20:22:02:INFO: {'type': 'metric', 'label': 'validation_precision', 'epoch': 3, 'value': 0.954438328742981, 'positive': 1215.0, 'total': 1273.0}
2022-08-19 Friday 20:22:02:INFO: {'type': 'metric', 'label': 'validation_recall', 'epoch': 3, 'value': 0.9536891579627991, 'positive': 1215.0, 'total': 1274.0}
2022-08-19 Friday 20:22:25:INFO: Epoch: 4
2022-08-19 Friday 20:22:25:INFO: LR: 0.001
2022-08-19 Friday 20:24:02:INFO: {'type': 'metric', 'label': 'training_loss', 'epoch': 4, 'value': 0.06287460307628788, 'sum': 4300.622850418091, 'num_example': 68400}
2022-08-19 Friday 20:24:02:INFO: {'type': 'metric', 'label': 'training_dist_target', 'value': (0.033368603536172915, 0.03384904692918934), 'epoch': 4}
2022-08-19 Friday 20:24:02:INFO: {'type': 'metric', 'label': 'training_acc', 'epoch': 4, 'value': 0.9783479532163742, 'num_correct': 66919, 'num_example': 68400}
2022-08-19 Friday 20:24:02:INFO: {'type': 'metric', 'label': 'training_precision', 'epoch': 4, 'value': 0.9753595590591431, 'positive': 33567.0, 'total': 34415.0}
2022-08-19 Friday 20:24:02:INFO: {'type': 'metric', 'label': 'training_recall', 'epoch': 4, 'value': 0.981491208076477, 'positive': 33567.0, 'total': 34200.0}
2022-08-19 Friday 20:24:03:INFO: {'type': 'metric', 'label': 'validation_loss', 'epoch': 4, 'value': 0.15165705401655083, 'sum': 386.4221736341715, 'num_example': 2548}
2022-08-19 Friday 20:24:03:INFO: {'type': 'metric', 'label': 'validation_dist_target', 'value': (0.08831352678535498, 0.03801774323641599), 'epoch': 4}
2022-08-19 Friday 20:24:03:INFO: {'type': 'metric', 'label': 'validation_acc', 'epoch': 4, 'value': 0.9513343799058085, 'num_correct': 2424, 'num_example': 2548}
2022-08-19 Friday 20:24:03:INFO: {'type': 'metric', 'label': 'validation_precision', 'epoch': 4, 'value': 0.931034505367279, 'positive': 1242.0, 'total': 1334.0}
2022-08-19 Friday 20:24:03:INFO: {'type': 'metric', 'label': 'validation_recall', 'epoch': 4, 'value': 0.9748822450637817, 'positive': 1242.0, 'total': 1274.0}
2022-08-19 Friday 20:24:24:INFO: Epoch: 5
2022-08-19 Friday 20:24:24:INFO: LR: 0.001
2022-08-19 Friday 20:26:03:INFO: {'type': 'metric', 'label': 'training_loss', 'epoch': 5, 'value': 0.05736134568501634, 'sum': 3923.516044855118, 'num_example': 68400}
2022-08-19 Friday 20:26:03:INFO: {'type': 'metric', 'label': 'training_dist_target', 'value': (0.030979566291758888, 0.030885839955499993), 'epoch': 5}
2022-08-19 Friday 20:26:03:INFO: {'type': 'metric', 'label': 'training_acc', 'epoch': 5, 'value': 0.9795760233918128, 'num_correct': 67003, 'num_example': 68400}
2022-08-19 Friday 20:26:03:INFO: {'type': 'metric', 'label': 'training_precision', 'epoch': 5, 'value': 0.9763861894607544, 'positive': 33616.0, 'total': 34429.0}
2022-08-19 Friday 20:26:03:INFO: {'type': 'metric', 'label': 'training_recall', 'epoch': 5, 'value': 0.9829239845275879, 'positive': 33616.0, 'total': 34200.0}
2022-08-19 Friday 20:26:04:INFO: {'type': 'metric', 'label': 'validation_loss', 'epoch': 5, 'value': 0.1292155993812874, 'sum': 329.2413472235203, 'num_example': 2548}
2022-08-19 Friday 20:26:04:INFO: {'type': 'metric', 'label': 'validation_dist_target', 'value': (0.05538913593561721, 0.05001187025097139), 'epoch': 5}
2022-08-19 Friday 20:26:04:INFO: {'type': 'metric', 'label': 'validation_acc', 'epoch': 5, 'value': 0.9587912087912088, 'num_correct': 2443, 'num_example': 2548}
2022-08-19 Friday 20:26:04:INFO: {'type': 'metric', 'label': 'validation_precision', 'epoch': 5, 'value': 0.9534522891044617, 'positive': 1229.0, 'total': 1289.0}
2022-08-19 Friday 20:26:04:INFO: {'type': 'metric', 'label': 'validation_recall', 'epoch': 5, 'value': 0.964678168296814, 'positive': 1229.0, 'total': 1274.0}
2022-08-19 Friday 20:26:34:INFO: Epoch: 6
2022-08-19 Friday 20:26:34:INFO: LR: 0.001
2022-08-19 Friday 20:28:14:INFO: {'type': 'metric', 'label': 'training_loss', 'epoch': 6, 'value': 0.0595695687351171, 'sum': 4074.55850148201, 'num_example': 68400}
2022-08-19 Friday 20:28:14:INFO: {'type': 'metric', 'label': 'training_dist_target', 'value': (0.03214785386987946, 0.03251756744775158), 'epoch': 6}
2022-08-19 Friday 20:28:14:INFO: {'type': 'metric', 'label': 'training_acc', 'epoch': 6, 'value': 0.9791081871345029, 'num_correct': 66971, 'num_example': 68400}
2022-08-19 Friday 20:28:14:INFO: {'type': 'metric', 'label': 'training_precision', 'epoch': 6, 'value': 0.9739391803741455, 'positive': 33672.0, 'total': 34573.0}
2022-08-19 Friday 20:28:14:INFO: {'type': 'metric', 'label': 'training_recall', 'epoch': 6, 'value': 0.9845613837242126, 'positive': 33672.0, 'total': 34200.0}
2022-08-19 Friday 20:28:15:INFO: {'type': 'metric', 'label': 'validation_loss', 'epoch': 6, 'value': 0.18227810258253402, 'sum': 464.4446053802967, 'num_example': 2548}
2022-08-19 Friday 20:28:15:INFO: {'type': 'metric', 'label': 'validation_dist_target', 'value': (0.023911637217508195, 0.09829739236756808), 'epoch': 6}
2022-08-19 Friday 20:28:15:INFO: {'type': 'metric', 'label': 'validation_acc', 'epoch': 6, 'value': 0.9442700156985872, 'num_correct': 2406, 'num_example': 2548}
2022-08-19 Friday 20:28:15:INFO: {'type': 'metric', 'label': 'validation_precision', 'epoch': 6, 'value': 0.9764309525489807, 'positive': 1160.0, 'total': 1188.0}
2022-08-19 Friday 20:28:15:INFO: {'type': 'metric', 'label': 'validation_recall', 'epoch': 6, 'value': 0.9105180501937866, 'positive': 1160.0, 'total': 1274.0}
2022-08-19 Friday 20:29:35:INFO: Epoch: 7
2022-08-19 Friday 20:29:35:INFO: LR: 0.001
2022-08-19 Friday 20:31:20:INFO: {'type': 'metric', 'label': 'training_loss', 'epoch': 7, 'value': 0.09059880646435838, 'sum': 6196.958362162113, 'num_example': 68400}
2022-08-19 Friday 20:31:20:INFO: {'type': 'metric', 'label': 'training_dist_target', 'value': (0.050616554140347485, 0.050186080991873265), 'epoch': 7}
2022-08-19 Friday 20:31:20:INFO: {'type': 'metric', 'label': 'training_acc', 'epoch': 7, 'value': 0.9670321637426901, 'num_correct': 66145, 'num_example': 68400}
2022-08-19 Friday 20:31:20:INFO: {'type': 'metric', 'label': 'training_precision', 'epoch': 7, 'value': 0.959918200969696, 'positive': 33337.0, 'total': 34729.0}
2022-08-19 Friday 20:31:20:INFO: {'type': 'metric', 'label': 'training_recall', 'epoch': 7, 'value': 0.9747660756111145, 'positive': 33337.0, 'total': 34200.0}
2022-08-19 Friday 20:31:21:INFO: {'type': 'metric', 'label': 'validation_loss', 'epoch': 7, 'value': 0.26801320735008416, 'sum': 682.8976523280144, 'num_example': 2548}
2022-08-19 Friday 20:31:21:INFO: {'type': 'metric', 'label': 'validation_dist_target', 'value': (0.013836263604403666, 0.13693200100909222), 'epoch': 7}
2022-08-19 Friday 20:31:21:INFO: {'type': 'metric', 'label': 'validation_acc', 'epoch': 7, 'value': 0.9360282574568289, 'num_correct': 2385, 'num_example': 2548}
2022-08-19 Friday 20:31:21:INFO: {'type': 'metric', 'label': 'validation_precision', 'epoch': 7, 'value': 0.98600172996521, 'positive': 1127.0, 'total': 1143.0}
2022-08-19 Friday 20:31:21:INFO: {'type': 'metric', 'label': 'validation_recall', 'epoch': 7, 'value': 0.8846153616905212, 'positive': 1127.0, 'total': 1274.0}
2022-08-19 Friday 20:34:35:INFO: Epoch: 8
2022-08-19 Friday 20:34:35:INFO: LR: 0.001
2022-08-19 Friday 20:36:19:INFO: {'type': 'metric', 'label': 'training_loss', 'epoch': 8, 'value': 0.1315439942714415, 'sum': 8997.6092081666, 'num_example': 68400}
2022-08-19 Friday 20:36:19:INFO: {'type': 'metric', 'label': 'training_dist_target', 'value': (0.07505347876520882, 0.07549645966779418), 'epoch': 8}
2022-08-19 Friday 20:36:19:INFO: {'type': 'metric', 'label': 'training_acc', 'epoch': 8, 'value': 0.9494883040935672, 'num_correct': 64945, 'num_example': 68400}
2022-08-19 Friday 20:36:19:INFO: {'type': 'metric', 'label': 'training_precision', 'epoch': 8, 'value': 0.9407632350921631, 'positive': 32811.0, 'total': 34877.0}
2022-08-19 Friday 20:36:19:INFO: {'type': 'metric', 'label': 'training_recall', 'epoch': 8, 'value': 0.9593859910964966, 'positive': 32811.0, 'total': 34200.0}
2022-08-19 Friday 20:36:20:INFO: {'type': 'metric', 'label': 'validation_loss', 'epoch': 8, 'value': 0.22362445559194735, 'sum': 569.7951128482819, 'num_example': 2548}
2022-08-19 Friday 20:36:20:INFO: {'type': 'metric', 'label': 'validation_dist_target', 'value': (0.01568867217053424, 0.1174616401947836), 'epoch': 8}
2022-08-19 Friday 20:36:20:INFO: {'type': 'metric', 'label': 'validation_acc', 'epoch': 8, 'value': 0.945839874411303, 'num_correct': 2410, 'num_example': 2548}
2022-08-19 Friday 20:36:20:INFO: {'type': 'metric', 'label': 'validation_precision', 'epoch': 8, 'value': 0.9854700565338135, 'positive': 1153.0, 'total': 1170.0}
2022-08-19 Friday 20:36:20:INFO: {'type': 'metric', 'label': 'validation_recall', 'epoch': 8, 'value': 0.9050235748291016, 'positive': 1153.0, 'total': 1274.0}
2022-08-19 Friday 20:38:26:INFO: Epoch: 9
2022-08-19 Friday 20:38:26:INFO: LR: 0.001
2022-08-19 Friday 20:40:08:INFO: {'type': 'metric', 'label': 'training_loss', 'epoch': 9, 'value': 0.08295506838818043, 'sum': 5674.126677751541, 'num_example': 68400}
2022-08-19 Friday 20:40:08:INFO: {'type': 'metric', 'label': 'training_dist_target', 'value': (0.04601954089793545, 0.04646576415377054), 'epoch': 9}
2022-08-19 Friday 20:40:08:INFO: {'type': 'metric', 'label': 'training_acc', 'epoch': 9, 'value': 0.97, 'num_correct': 66348, 'num_example': 68400}
2022-08-19 Friday 20:40:08:INFO: {'type': 'metric', 'label': 'training_precision', 'epoch': 9, 'value': 0.9611015319824219, 'positive': 33504.0, 'total': 34860.0}
2022-08-19 Friday 20:40:08:INFO: {'type': 'metric', 'label': 'training_recall', 'epoch': 9, 'value': 0.9796491265296936, 'positive': 33504.0, 'total': 34200.0}
2022-08-19 Friday 20:40:09:INFO: {'type': 'metric', 'label': 'validation_loss', 'epoch': 9, 'value': 0.35289674192620224, 'sum': 899.1808984279633, 'num_example': 2548}
2022-08-19 Friday 20:40:09:INFO: {'type': 'metric', 'label': 'validation_dist_target', 'value': (0.010142927866551903, 0.15516920703546594), 'epoch': 9}
2022-08-19 Friday 20:40:09:INFO: {'type': 'metric', 'label': 'validation_acc', 'epoch': 9, 'value': 0.9289638932496075, 'num_correct': 2367, 'num_example': 2548}
2022-08-19 Friday 20:40:09:INFO: {'type': 'metric', 'label': 'validation_precision', 'epoch': 9, 'value': 0.9892569184303284, 'positive': 1105.0, 'total': 1117.0}
2022-08-19 Friday 20:40:09:INFO: {'type': 'metric', 'label': 'validation_recall', 'epoch': 9, 'value': 0.8673469424247742, 'positive': 1105.0, 'total': 1274.0}
2022-08-19 Friday 20:44:22:INFO: Epoch: 10
2022-08-19 Friday 20:44:22:INFO: LR: 0.001
2022-08-19 Friday 20:45:42:INFO: {'type': 'metric', 'label': 'training_loss', 'epoch': 10, 'value': 0.13116832235616982, 'sum': 6991.796254873276, 'num_example': 53304}
2022-08-19 Friday 20:45:42:INFO: {'type': 'metric', 'label': 'training_dist_target', 'value': (0.07606047721090178, 0.07540876365684808), 'epoch': 10}
2022-08-19 Friday 20:45:42:INFO: {'type': 'metric', 'label': 'training_acc', 'epoch': 10, 'value': 0.9487843313822603, 'num_correct': 50574, 'num_example': 53304}
2022-08-19 Friday 20:45:42:INFO: {'type': 'metric', 'label': 'training_precision', 'epoch': 10, 'value': 0.9358965158462524, 'positive': 25681.0, 'total': 27440.0}
2022-08-19 Friday 20:45:42:INFO: {'type': 'metric', 'label': 'training_recall', 'epoch': 10, 'value': 0.9635674357414246, 'positive': 25681.0, 'total': 26652.0}
2022-08-19 Friday 20:45:43:INFO: {'type': 'metric', 'label': 'validation_loss', 'epoch': 10, 'value': 0.43367759619066065, 'sum': 1105.0105150938034, 'num_example': 2548}
2022-08-19 Friday 20:45:43:INFO: {'type': 'metric', 'label': 'validation_dist_target', 'value': (0.007419303879785107, 0.2131716026054634), 'epoch': 10}
2022-08-19 Friday 20:45:43:INFO: {'type': 'metric', 'label': 'validation_acc', 'epoch': 10, 'value': 0.9101255886970173, 'num_correct': 2319, 'num_example': 2548}
2022-08-19 Friday 20:45:43:INFO: {'type': 'metric', 'label': 'validation_precision', 'epoch': 10, 'value': 0.9906103014945984, 'positive': 1055.0, 'total': 1065.0}
2022-08-19 Friday 20:45:43:INFO: {'type': 'metric', 'label': 'validation_recall', 'epoch': 10, 'value': 0.8281004428863525, 'positive': 1055.0, 'total': 1274.0}
2022-08-19 Friday 20:49:54:INFO: Epoch: 11
2022-08-19 Friday 20:49:54:INFO: LR: 0.001
2022-08-19 Friday 20:51:25:INFO: {'type': 'metric', 'label': 'training_loss', 'epoch': 11, 'value': 0.1114459192841895, 'sum': 6698.1226408183575, 'num_example': 60102}
2022-08-19 Friday 20:51:25:INFO: {'type': 'metric', 'label': 'training_dist_target', 'value': (0.06351427942904167, 0.06361652699521582), 'epoch': 11}
2022-08-19 Friday 20:51:25:INFO: {'type': 'metric', 'label': 'training_acc', 'epoch': 11, 'value': 0.9581378323516688, 'num_correct': 57586, 'num_example': 60102}
2022-08-19 Friday 20:51:25:INFO: {'type': 'metric', 'label': 'training_precision', 'epoch': 11, 'value': 0.945103645324707, 'positive': 29233.0, 'total': 30931.0}
2022-08-19 Friday 20:51:25:INFO: {'type': 'metric', 'label': 'training_recall', 'epoch': 11, 'value': 0.9727796316146851, 'positive': 29233.0, 'total': 30051.0}
2022-08-19 Friday 20:51:26:INFO: {'type': 'metric', 'label': 'validation_loss', 'epoch': 11, 'value': 0.57503259738723, 'sum': 1465.183058142662, 'num_example': 2548}
2022-08-19 Friday 20:51:26:INFO: {'type': 'metric', 'label': 'validation_dist_target', 'value': (0.006162848675936414, 0.22100824987869622), 'epoch': 11}
2022-08-19 Friday 20:51:26:INFO: {'type': 'metric', 'label': 'validation_acc', 'epoch': 11, 'value': 0.9014913657770801, 'num_correct': 2297, 'num_example': 2548}
2022-08-19 Friday 20:51:26:INFO: {'type': 'metric', 'label': 'validation_precision', 'epoch': 11, 'value': 0.992300271987915, 'positive': 1031.0, 'total': 1039.0}
2022-08-19 Friday 20:51:26:INFO: {'type': 'metric', 'label': 'validation_recall', 'epoch': 11, 'value': 0.8092621564865112, 'positive': 1031.0, 'total': 1274.0}
2022-08-19 Friday 20:55:43:INFO: Epoch: 12
2022-08-19 Friday 20:55:43:INFO: LR: 0.001
2022-08-19 Friday 20:56:32:INFO: {'type': 'metric', 'label': 'training_loss', 'epoch': 12, 'value': 0.13915581902073887, 'sum': 4166.603533118963, 'num_example': 29942}
2022-08-19 Friday 20:56:32:INFO: {'type': 'metric', 'label': 'training_dist_target', 'value': (0.08137346459059333, 0.08077301836373707), 'epoch': 12}
2022-08-19 Friday 20:56:32:INFO: {'type': 'metric', 'label': 'training_acc', 'epoch': 12, 'value': 0.9454278271324561, 'num_correct': 28308, 'num_example': 29942}
2022-08-19 Friday 20:56:32:INFO: {'type': 'metric', 'label': 'training_precision', 'epoch': 12, 'value': 0.9292012453079224, 'positive': 14437.0, 'total': 15537.0}
2022-08-19 Friday 20:56:32:INFO: {'type': 'metric', 'label': 'training_recall', 'epoch': 12, 'value': 0.9643310308456421, 'positive': 14437.0, 'total': 14971.0}
2022-08-19 Friday 20:56:33:INFO: {'type': 'metric', 'label': 'validation_loss', 'epoch': 12, 'value': 0.7406324384912404, 'sum': 1887.1314532756805, 'num_example': 2548}
2022-08-19 Friday 20:56:33:INFO: {'type': 'metric', 'label': 'validation_dist_target', 'value': (0.0039500710598282295, 0.25574302673339844), 'epoch': 12}
2022-08-19 Friday 20:56:33:INFO: {'type': 'metric', 'label': 'validation_acc', 'epoch': 12, 'value': 0.8850078492935636, 'num_correct': 2255, 'num_example': 2548}
2022-08-19 Friday 20:56:33:INFO: {'type': 'metric', 'label': 'validation_precision', 'epoch': 12, 'value': 0.9949545860290527, 'positive': 986.0, 'total': 991.0}
2022-08-19 Friday 20:56:33:INFO: {'type': 'metric', 'label': 'validation_recall', 'epoch': 12, 'value': 0.7739403247833252, 'positive': 986.0, 'total': 1274.0}
2022-08-19 Friday 20:56:33:INFO: Calculating recall rate: sun2011
2022-08-19 Friday 23:33:16:INFO: RR calculation - 500 duplicate reports were processed
2022-08-20 Saturday 02:04:38:INFO: RR calculation - 1000 duplicate reports were processed
2022-08-20 Saturday 04:38:21:INFO: RR calculation - 1500 duplicate reports were processed
2022-08-20 Saturday 07:17:19:INFO: RR calculation - 2000 duplicate reports were processed
2022-08-20 Saturday 09:53:50:INFO: RR calculation - 2500 duplicate reports were processed
2022-08-20 Saturday 12:29:40:INFO: RR calculation - 3000 duplicate reports were processed
2022-08-20 Saturday 15:07:04:INFO: RR calculation - 3500 duplicate reports were processed
2022-08-20 Saturday 17:36:58:INFO: RR calculation - 4000 duplicate reports were processed
2022-08-20 Saturday 20:13:38:INFO: RR calculation - 4500 duplicate reports were processed
2022-08-20 Saturday 22:54:20:INFO: RR calculation - 5000 duplicate reports were processed
2022-08-21 Sunday 01:33:09:INFO: RR calculation - 5500 duplicate reports were processed
2022-08-21 Sunday 04:36:29:INFO: RR calculation - 6000 duplicate reports were processed
2022-08-21 Sunday 07:39:26:INFO: RR calculation - 6500 duplicate reports were processed
2022-08-21 Sunday 10:47:35:INFO: RR calculation - 7000 duplicate reports were processed
2022-08-21 Sunday 13:45:41:INFO: RR calculation - 7500 duplicate reports were processed
2022-08-21 Sunday 16:53:46:INFO: RR calculation - 8000 duplicate reports were processed
2022-08-21 Sunday 19:56:08:INFO: RR calculation - 8500 duplicate reports were processed
2022-08-21 Sunday 23:04:38:INFO: RR calculation - 9000 duplicate reports were processed
2022-08-22 Monday 02:20:36:INFO: RR calculation - 9500 duplicate reports were processed
2022-08-22 Monday 05:35:18:INFO: RR calculation - 10000 duplicate reports were processed
2022-08-22 Monday 08:51:16:INFO: RR calculation - 10500 duplicate reports were processed
2022-08-22 Monday 12:12:22:INFO: RR calculation - 11000 duplicate reports were processed
2022-08-22 Monday 15:36:34:INFO: RR calculation - 11500 duplicate reports were processed
2022-08-22 Monday 19:03:26:INFO: RR calculation - 12000 duplicate reports were processed
2022-08-22 Monday 22:28:57:INFO: RR calculation - 12500 duplicate reports were processed
2022-08-23 Tuesday 01:51:13:INFO: RR calculation - 13000 duplicate reports were processed
2022-08-23 Tuesday 05:27:31:INFO: RR calculation - 13500 duplicate reports were processed
2022-08-23 Tuesday 07:48:50:INFO: [] Throughput: 0.046418747058389276 bugs per second (bugs=13848 ,seconds=298327.74207758904)
2022-08-23 Tuesday 07:48:50:INFO: {'type': 'metric', 'label': 'recall_rate', 'k': 1, 'rate': 0.2759243212016176, 'hit': 3821, 'total': 13848, 'epoch': 0}
2022-08-23 Tuesday 07:48:50:INFO: {'type': 'metric', 'label': 'recall_rate', 'k': 2, 'rate': 0.3630849220103986, 'hit': 5028, 'total': 13848, 'epoch': 0}
2022-08-23 Tuesday 07:48:50:INFO: {'type': 'metric', 'label': 'recall_rate', 'k': 3, 'rate': 0.4103119584055459, 'hit': 5682, 'total': 13848, 'epoch': 0}
2022-08-23 Tuesday 07:48:50:INFO: {'type': 'metric', 'label': 'recall_rate', 'k': 4, 'rate': 0.4429520508376661, 'hit': 6134, 'total': 13848, 'epoch': 0}
2022-08-23 Tuesday 07:48:50:INFO: {'type': 'metric', 'label': 'recall_rate', 'k': 5, 'rate': 0.466421143847487, 'hit': 6459, 'total': 13848, 'epoch': 0}
2022-08-23 Tuesday 07:48:50:INFO: {'type': 'metric', 'label': 'recall_rate', 'k': 6, 'rate': 0.4857741190063547, 'hit': 6727, 'total': 13848, 'epoch': 0}
2022-08-23 Tuesday 07:48:50:INFO: {'type': 'metric', 'label': 'recall_rate', 'k': 7, 'rate': 0.5032495667244368, 'hit': 6969, 'total': 13848, 'epoch': 0}
2022-08-23 Tuesday 07:48:50:INFO: {'type': 'metric', 'label': 'recall_rate', 'k': 8, 'rate': 0.5189196995956095, 'hit': 7186, 'total': 13848, 'epoch': 0}
2022-08-23 Tuesday 07:48:50:INFO: {'type': 'metric', 'label': 'recall_rate', 'k': 9, 'rate': 0.5320623916811091, 'hit': 7368, 'total': 13848, 'epoch': 0}
2022-08-23 Tuesday 07:48:50:INFO: {'type': 'metric', 'label': 'recall_rate', 'k': 10, 'rate': 0.5432553437319468, 'hit': 7523, 'total': 13848, 'epoch': 0}
2022-08-23 Tuesday 07:48:50:INFO: {'type': 'metric', 'label': 'recall_rate', 'k': 11, 'rate': 0.5526429809358753, 'hit': 7653, 'total': 13848, 'epoch': 0}
2022-08-23 Tuesday 07:48:50:INFO: {'type': 'metric', 'label': 'recall_rate', 'k': 12, 'rate': 0.5618861929520509, 'hit': 7781, 'total': 13848, 'epoch': 0}
2022-08-23 Tuesday 07:48:50:INFO: {'type': 'metric', 'label': 'recall_rate', 'k': 13, 'rate': 0.5693963027151935, 'hit': 7885, 'total': 13848, 'epoch': 0}
2022-08-23 Tuesday 07:48:50:INFO: {'type': 'metric', 'label': 'recall_rate', 'k': 14, 'rate': 0.5762564991334489, 'hit': 7980, 'total': 13848, 'epoch': 0}
2022-08-23 Tuesday 07:48:50:INFO: {'type': 'metric', 'label': 'recall_rate', 'k': 15, 'rate': 0.5841998844598498, 'hit': 8090, 'total': 13848, 'epoch': 0}
2022-08-23 Tuesday 07:48:50:INFO: {'type': 'metric', 'label': 'recall_rate', 'k': 16, 'rate': 0.5917822068168689, 'hit': 8195, 'total': 13848, 'epoch': 0}
2022-08-23 Tuesday 07:48:50:INFO: {'type': 'metric', 'label': 'recall_rate', 'k': 17, 'rate': 0.5974147891392259, 'hit': 8273, 'total': 13848, 'epoch': 0}
2022-08-23 Tuesday 07:48:50:INFO: {'type': 'metric', 'label': 'recall_rate', 'k': 18, 'rate': 0.6025418833044482, 'hit': 8344, 'total': 13848, 'epoch': 0}
2022-08-23 Tuesday 07:48:50:INFO: {'type': 'metric', 'label': 'recall_rate', 'k': 19, 'rate': 0.6076689774696707, 'hit': 8415, 'total': 13848, 'epoch': 0}
2022-08-23 Tuesday 07:48:50:INFO: {'type': 'metric', 'label': 'recall_rate', 'k': 20, 'rate': 0.6134459849797804, 'hit': 8495, 'total': 13848, 'epoch': 0}
2022-08-23 Tuesday 07:48:50:INFO: {'type': 'metric', 'label': 'MAP', 'value': 0.36747044601094886, 'sum': 5088.73073635962, 'total': 13848, 'epoch': 0}
2022-08-23 Tuesday 07:48:50:INFO: [1, 10, 208, 20, 4, 8, 19, 64, 12, 5731, 2, 8, 106, 1, 217, 24, 1, 1, 4814, 1, 1, 1, 1, 2, 14, 1, 18, 1, inf, 733, 32, 2, 1, 4, 1, 1, 1, 1, 1, 15, 1, 1, 19, 24, 4, 36, 1734, 1, 302, 2, 1, inf, 261, 5, 1, 148, 9, 16, 1, 1, 6, 2, 162, 242, 7, inf, 1, 10, 43, 3, inf, 4, 3, 1, inf, 2, 3, 13, 1237, 853, 3, inf, inf, 33, 1, 2, 44, 1510, 333, inf, 41, 2, 1, 137, 21, 81, 1, 753, 2, 76, 913, 2, inf, 10, 2, 1, inf, 91, inf, 1, 1, 818, 60, inf, 2, 1, 21, 5, 1, 7, 51, 950, 851, 2, 58, 568, 793, 1, 1, 814, 12, 3, 1, 24201, 2, 87, 1, 27, inf, 9, 9, 1628, 1, 1207, 3, 79, 5, 10, 1, 3952, 4, 613, 1, 1, 250, 15, 3, 1, 575, 1, 1, 185, 1, 1, 8, 11, 7, 41, 3938, 5, 2, 3, 42, 5, 20, 3, 3, 9, 1650, 13, 42, inf, 1, 1, 3, 281, 16, 103, 308, 11, 395, 3, 136, 37, 6, 1, 24, 80, 1, 1, 4, inf, 1, 250, 1, 1, 1, 1, 1, 1, 1, 3200, 5, 7, 2361, 2, 6, 3, 26164, 69, 41, 1, inf, 21, 1, 65, 1, 2, 145, 344, 99, 2, 7, 36, 11, 71, 8, 2, 131, 6, 1, 73, 356, 1, 2, 1, 1375, 3, 2, 6, 1, 1, 1, 54, 39, 1, 8, 15, 2, inf, 162, 1, 2, 6, 365, 1, 8, 11, 1, inf, 20, 1, 458, 3, 2447, 6, 1107, 1, 9, 8, 4, 1328, 829, 60, 116, inf, 1, 1, 1, 7, 1, 2, 28, 2, 8, 3, 10, 8, 1, 3, 6, 2, inf, 1, 41, 27, 8, 8, 20, 6, 158, 11, 1, 76, 7, 1, inf, 5, 34, 2932, 1, inf, 6, 53, 72, 36, 3, 1, 108, 25, 7, 1, 19, 1, 3, 13, 1, 32880, 21, 4, 3, inf, 3, 42, 2, 8, 394, 2, 4, 1, 3, 8, inf, 2, 1, 10462, 1, 10, 66, 1280, inf, 4599, 6, 31782, 609, 1, 75, 23, 2, 1, 3, 1212, 1, 37, 72, 1, 1, 33, 1, 1645, 2, 1, 2, 893, 293, 102, 173, 88, 59, 1, 1, 1, 65, 1, inf, inf, 1171, 3, 111, 26, 107, 238, 240, 1, 1, 1, 12, 1, 91, 53, 26, 7, 2, 81, 9, 1, 39, 2, 45, 1, 4, 1, 1, 1, 41, 74, 33461, 106, 18, 433, 1, 110, 220, 5, 1, 1, 2, 7, 10, 3, 569, 252, 15, 1, 1, inf, 3, 2, 11, 1, 9, 16365, 12039, inf, 7, 9, 368, 16, 31, 833, 865, 6, 81, 1, 1, 1, 201, 3, 11, 4, 10, 892, 2, 1, 1, 135, 1, inf, 1, 301, 63, 1, 194, 232, 11, 18, 684, inf, 7, 1, 2, 1, 2, 1, 2, inf, 46, 63, 1, 2, 2, inf, 33, 1, 91, 17302, 1, 1, 34, 1, 1, 13, 1, 2, 90, 3, 2, 1, 10088, 1, 1, 1, 696, 105, 12, inf, 1, 1, 8, 1, 3, 2428, 620, inf, 9, 25, 42, 1, 1, 7, 3, 2, 19, 29, 1, 22, 1, 20, 892, 10, 48, 24, 1, inf, 44, 32, 1, 6382, 1, 1, 4, 1, 316, 1, 1, 80, 13, 12, 9, 13, 2, 5, 141, 1, 1, 320, 107, 285, 39, 679, 12, 2, 3, 9, 139, 57, 5, 1, inf, inf, 47, 1, 1, 13, 1, 126, 4, 1, 121, 404, 1, 1, inf, inf, 1, 226, 1, 1, 4, 1, 92, 577, 2, 1, 1, 1, 7783, 16, 4, 24, 37, inf, 4, 1, 15, 5, 6, 69, 1, 54, inf, 16, 97, 5, 8, inf, 1, 25337, inf, 5587, 1, 1, inf, 6, 1, 1, 9, inf, 2, 1, 13, 348, 20, 10, 342, 4041, 2, 3, 112, 287, 6, inf, 33, 3312, 1, 1, 7, 366, 61, 1, 5, 386, inf, 1, 1, 58, 59, 1, 1, 2, 24557, 14, 1, 2, 1, 117, 62, 1, 61, 1, 1, 50, inf, 6, 1, 1, 1, 43, 2, 4, 1, 1, 50, 17, 28, 3, 76, 1, 2, 10, 43, 76, 269, 36, 55, 1, 67, 9, 42, 15, inf, 43, 12, 4, 1, 180, 5, 5, 17, 1, 652, 15, 405, 2, 104, 74, 2, 1, 5, 3, 56, 1, 22, 3, 1, 37, 4, 1, 143, inf, inf, 48, 7, inf, 51, 58, 108, 1, 4694, 707, 1, 2, inf, inf, 32, 8, 2, 3, 1, 1, 3, 6, 196, 35, 433, 15, 1092, 7, 13, inf, 186, 25, 194, 6, 1, 163, 389, 63, 74, inf, 16, 880, 95, 2, 53, 1, 32, 4979, 7, 18, 28, 1, 7, inf, 1, 134, 300, 100, 22, 1, inf, 4, 1, 18, 150, 15, 1538, 1, 15, inf, 588, 39, 2, 1, 80, 2, 1, 13, 883, 7, 6, 2, 9, 62, 7, 7, 1, 73, 754, inf, 89, 9, 21, 1, 56, 57, 1549, 7, 663, inf, 52, 185, 1, 2, 9, 1, 1, 84, 49, 1, 1, 1, 51, inf, 37, 490, 1, 1, 9, inf, 1, 7, 4, 1, 10, 1, 1, 5, 230, 3, 1, 64, 1, inf, 35, 4, 980, 291, 15, 1, 1, 1, 2323, 2, 14185, 57, 10, 29, inf, 1, 231, 12, 125, 4, 7, 2, 7850, 36, 1, 4, 1, 2243, 1, 1, 1, 1, 1, 1, 14, 204, 6, 9, 503, 127, 399, 1, 20, 2, 2, 4, 189, 177, 6, 1, 3, 1501, 124, 50, 2, 1412, 1, 2, 1, 59, 6, 2, 3, 1, 44, 1, 6, 179, 1, 95, 4, 3, 10, 1, 13, 20, 2, 1, 3, 19, 101, 1, 590, 1, inf, inf, 1498, 8, inf, 3, 4584, 69, 1, 113, 7, 173, 2, inf, 1, 1, 146, 1474, 97, 211, inf, 6, 5, 1, 16, 1, 2, 15, 17, 1, 8, 2, 10, inf, 127, 3, inf, 40, 56, inf, 2, 30, 638, inf, 74, 1, 9, 325, 1, 12, inf, 1, 5, 107, 34, 1, 1, 4, 1, 14, 1, 309, 15, 1, 1, 41, 2, 1, 10, 91, 746, 1, 1, 79, 1, 1, 5882, 5, 421, 1, 30, inf, 1, 247, 1, 256, 1, 3, 3, 1, 1, 2, 2, 142, 2, 156, 1, 6, inf, 10, 1, 1, 2, 3, 167, 5, 16, 238, 27, 1, 1, 1, 1, 1, 1, 9, 5, 21, 1, 2288, 2, 27, 1, 29, 1, 17, 1, 1, 1, 1, 3, 1, 277, 20, 1, 2, 19, 2, 44, 297, 66, 8, 24, 8, 9, 92, inf, 578, 3, 2, 1, 2, 1, 1055, 2, 9, 30, 4, 2, 1, 1, 3, 1, 9, 1, 38, 1, 19, 1, 5265, 644, 14, 318, 1, 16, 5, 17, 13, 2643, 1, 9, 1, 3, 1, 3, 11, 2, 23, 2, 7, 36, 1, 61, 68, 110, 3, 1, 8, 1, 327, inf, 1, 1, 1, 419, 1, 11, 1, 331, 2, 1, 523, 34, 711, 36670, 342, 1, 1, 6, inf, 18, 2, 1, 1, 1, 2, 17, 2, 46, 123, 7, 2, 9, 90, 1, 2, 1, 1, 3, 3, 1, 321, 7, 34545, inf, 22, 92, 922, 14, 3, 1, 253, 1, 1, inf, 1, 18, 1, 1, 157, 5, 37, 49, 2, 96, 4, inf, 3, 42, 2, 1, 2, 2, 3, 1, 225, 44, 2, 2097, 10, 31, 314, 4, 1, 3, 1, 3943, 1, 7, 10, 1, 2, 1, inf, 128, 26, 55, inf, inf, 1, 40, 1, 16745, 3, 2, 1, 1, 3, 12, 3, 1, 278, 9, 1, 428, 29, 15, 13, 1, 1, 102, 75, 30, 1, 25, 1, 1, 5, 1, 7, 26, 1, inf, 1, 21, 672, 3, 16, 3, 1, 1, 10112, 129, 3, 5, 1, 1, 3, 14, 8, 2, 2, 6942, 24, 6, 1, 3, 2, 8, 127, 1, 12, 937, 29, 8, 1, 1186, 11, 1, 9, 1, 5, 1, 1, 1, 3, 2, 17, 1, 1, 6, 23, 3, 1, 1, 569, 29, 42812, 5, 1, 368, inf, 707, 1, 39, 1, 10, 11, 3, 3, inf, 1, 3, 8, 1, inf, 5, 1, 1, inf, 4, 250, inf, 47, 329, 24, 25, 1, 1, 2, 71, 2, 9, 3, 1, 55, 1, 4, inf, 2, 2, 16, 29005, 3, 144, 2, inf, 1, 2, 89, 1, 69, 1, inf, 1, 21, 83, 12, 1, 1, 181, 31, 5, 1, 1, 1, 2, 63, 1, 7, 1, 168, 1, 6, 2, inf, 1, 1, 507, 30, 2, 41, 6, 1, 2, inf, 1, 8, 1, 1, 1, 1, 1, 30, 1, 21, 6, 534, 4, 96, 2, 3, 15, 39, 4, 708, 2, 1, 1, 1, 403, 29, 317, 61, 2, 16, 2, 38, 1, 1, 4, 4, 1, 5, 2, 1, 1, 1, 68, 171, 164, 6, 1, 2, 1, 50, 1, 8, 2, inf, 4, 1, 1, 51, 4, 2, 71, inf, 3, 13, 2, 2, 1, 1, 764, 14, 1, 2, 1, 1, 10, 4, 363, 243, 7, 223, 8, 2806, 32, 1, 4, 294, 1, 1, 14, 1, 2, 13, 9, 72, 2, 1, 5, 2, 1, 3, 130, 7, 3, 6, 367, 5, 26, 12, 2, 2, 6, 4, 30, 3, 1099, 3, 1, 3, 1, 1, 1, 1, 4, 5, 12, 15, 16, 3, 13, 4, 2, 83, 1, 19, 2, 2, 2, 19, 1, 5, 1, 21, 1, 5, 15, 31, 953, 6, inf, 3, 1, 1, 4, 28, 323, 7, 1, 1, 1, 5, inf, 5620, 51, 12129, 8, 24, 1, inf, 50, 6, 1, 48, 740, 1, 5, 12, 22, 13, 4, 2, 12, 30, 47, 7, 1, inf, 1, 26, 5, 6, 3, 4, 61, 3, 1, 3, inf, 25, 3, 68, 2, 25, 11, 84, 1, 1, 1, 1, 3, 1, 84, 4, 38, 1, 1056, 363, 803, 226, 4, 1, 1, 2, 18, 13, 45473, 21, 10, 7, 57, 80, 24, 15, inf, 1, 65, 12, 7, 15, 125, 2, 9, 1, 5, inf, 4935, 851, 2, 1, 10, 1, 3, 7, 14, 802, 19239, 186, inf, 1, 41, 102, 2, 2, 6, 19, 22, 8, 178, 6, 254, 1, 45, 42, 409, 1, 1, 3, 1, 1, 7, 220, 1, 33, 17594, 1, 1, 1691, 68, 65, 534, 25, 1, 8, 1, 1340, 2, 3, 46, 43, inf, 1, 1, 5, inf, 1, 1, 1, 1, 27, 1, 9, 1, 54, 5, 35, 716, 1, 2, 80, 14, 24, 1, 2, 234, 38, 3, 1, 2, 1, 5, 177, 90, 72, 229, 37, 315, 1, 13, 1, 156, 1, 1, 15, 5, 1, 4, 22, 1, 1, 133, 4, inf, 1, 5, inf, 10, 1, 1, 1, 2, 91, inf, 1, 4, 56, 2546, 1, 19, inf, inf, 18, 1855, 8, 1, 6, 94, 3, 11, 10, 8, 4, 167, 290, 5, 1, 5, 2, 61, 93, 54, 1, 1593, 1, 34, 50, 1, 2, 352, 1, 1964, inf, 16, 34, 25, 390, 10128, 13, 1, 315, 1, 1, 477, 6, 1, 2, 426, 85, 56, 351, 26, 2, inf, 1, 154, 1, 15, 2, 71, 2, 9, 137, 1446, 7643, 8, 417, 13, 10, 12, 4, 637, 20, 34, 8, inf, 1, 15, 8, 9, 2591, 5, 9, 9, 375, 992, 4, 26, 6, 5, 1, 1, 1, 8, inf, 1, 124, 32, 1, 1, 2, inf, 8, 1, 1, 6, 4, 6, 1, 1, 5, 1, 43, 1, 1, 305, 37, 4, 1, 1, 1, 1, 1, 1, 1, 9, 1, 1, 26, 7, 35, inf, 1, 6, 1, 11, 20, 40, 1, 214, 125, 73, 157, 1, 6, 3, 12, 1, 1, 1, 1, 1, 1, 1, 1, 4, 1, inf, 96, 1274, 3, 13, 2, 10, 6, 111, 1, 5, 16, 1, inf, 1, 1, 33, 80, 1, 207, 540, 616, 6, 2, 3, 25, 13, 23, 1, 1, 958, 2, 5, 2, inf, 31, 1, 1, 1, 1, 1, 1, 2, 12, 20, 1, 1, 2, 29, 23, 43, 5, 4, 276, 1, 1, 1, 1, 43, 336, 2, 1118, 365, 1, 4, 1, inf, 1, inf, 82, 14, 345, 1155, 22, 18, inf, 8, 137, 147, 2, 62956, 1, 4, 2, 1, 3, inf, 23, 120, 4, 1, 361, 11, 9, 4, 2, 11, 33, 11, 3, 4, 9, 2, 3, 211, 1, 3, 39, 273, 3, 5, 5, 7, 169, 2, 57, 1, 1, 39, 24, 412, 1, 1, inf, 3, 2, 1758, 1, 8, 427, 17, 15, 96, 1492, 11, 14, 1, 61, inf, 1, 1, 140, 3, 149, 410, 17, 35, 226, 25, 1, 43, 9, 15, 26066, 1, 468, 2, 141, 1, 23, 4, 84, 11, 2289, 12, 1, 1, 1, 253, 23, 7475, 1, 35, 809, 12, 80, 1, inf, 2, 1, 12, 1, inf, 80, 61, 354, 146, inf, 5655, 81, 4, 96, inf, 1, 846, 1, 8, 1, 103, 10, 11, 3, 1, 454, 1, 5, 767, 1, 21, 1, 4, 87, 10560, 54, 42, 1, inf, 5, 5, 199, 12, 4, 442, 1, 329, 1, 2443, 2, 2, 14, 4, 137, 2, 1, 1, 23, 12, 25, 2, 2, 5, 468, 27, inf, 65, 1, 59, 2, 1, 3, 1, 38, 159, 1, 1, 4, 5, 2, inf, 1, 1, 17, 1, 1853, 46255, 2, 2, 627, 1, 118, 71, 1, 67, 4, 16, 15, 3308, 7, 122, 3, 850, 1, 74, 1, 1, 1, 1, 1, 8, 1, 441, 1, inf, 25, 2, 767, 1, 8, 31, 24304, 7, inf, 1, 1, 1, 2, inf, 135, 1, 1, 1, 1, inf, inf, 1, 165, 22, 37, 9927, inf, inf, 68, 1, 186, 5, inf, 2, 14605, 52, 10, 1, 3, 1, 43, 25, 16, 350, 1, 20268, 1029, 1024, 1, 2, 63, 2, 13, 39, 1, 1, inf, 1, inf, 5, 16, 2501, 6, 1, 1, 78, 2, 1, 12, 5, 21, 48, 177, 7, 4, 1, 3705, inf, 1, 10, 2, 16, 2, 3, 2, 3, 1, 1, 1, 1, 1, 420, 5787, 277, 7, 6, inf, 7, 2, 5, 1, 1799, 6, 1, 296, 22, 1, 7659, 70, 1, 1, 1, 1, 1, 1, 1, 1, 1, 1, 1, 1, 9, 1, 1, 1, 1, 1, 1, 1, 1, 3684, 7, 1285, 1, 1, 3, 29, 2, 35, 13, 58, 2, 8, 30, 1501, 30, inf, 6, 2, 18, 16, 3, 3, 15, 101, 678, 1, 1, 1, 18, 8, 1, 56, 1, 1, 1, 1, 16, 1, 6, 1, 1, 5, 1, 3, 4, 1, 1, 3, 1, 1, 3, 1, 4, 1, 1, 1, 1, 1, 1, 1, 1, 86427, 1, 1, 1, 1, 1, 1, 1, 1, 1, 1, 1, 1, 1, 1, 1, 1, 1, 1, 1, 1, 1, 25, 1, 4, 68, 1, 1, 1, 294, 1, 14, 6702, 1, 6, 37, 1, 143, 25, 132, 38, 6575, 309, 94, 10, 2004, 1, 164, 11, 16, 17, 195, 25, 1, 1, 1, inf, 1, 1, 156, 34, 2, 1033, 4, 92, 837, 58, 7, 3, 1, 1, 22, 1, 22, 6, 25, 1, 1, inf, 1, 10, 1, inf, 349, 3, 70, 16, 2, 1370, 164, 2, 67, 160, 27, 1, 2, 1, 13, 1, 93, 5, 22, 459, 53, 4, 1, 732, 901, 4, 1, 15, 178, 4, 2, 64, 22, 189, 21, 34, 500, 35, 1, 3, 8, 8, 19, 1, 1115, 59, 1, 32, inf, 2, 221, inf, 1, inf, 1, 5, 6, 180, 1, 126, 19, inf, 161, 1, 1, 1, 2, 12, 14, 47, 474, 1, 4, 1, 27918, 198, 1, 3, 9, 29, 5, 10, 9, 1, 252, 49, 657, 150, 1, 3, 39, 1, 24, 84, 33, 12, 7, 739, 86, 4, 2, inf, 9, 7090, 1, 1, 27527, 1, 2, inf, 54, 119, 4, 5104, 7, 1, inf, 46, 1, 22, 47, 9, 3, 230, 21, 1, 228, 72, 4, 117, 28, 3, 5, 865, 165, 2, 73, 1, 1, 13, 40, inf, 52, 4, 1, 117, 73, 15, 26, 51, 1, 5, 34, 50, 6961, 4, 20, 2, 991, 1, inf, 135, 1, 10, 2, 2, 1530, 5, 115, 24898, 1, 1, 8, 28, 9, 1, 1, 331, 1, 386, 35, 6, 2, 2, 9, 1, 95, 1, 6950, 286, 15, 1, 4, 61, 9, 40, 104, 24835, 1, 1, 2, 2, 1, 784, 4672, 1, 1, 16, 1, 1, 9, 3, 5, 146, 14310, 771, 1, 10, 12, 15, 16, 27, 1, 29, inf, 1, 1, 1, 9, 3, 6, 34, 2, 63, 2, 495, 33, 71, 1, 2, inf, 7, 1, 496, 1, 65, 22, 2, 95, 1, 44, 2, inf, 266, 12, 98, 483, 48, 3, 19, 1, 9, 26, 8, 431, 6, 84, 4, 1, 4, 5, 124, 9, 1, 5271, 4, 1, 1, 102, inf, 1, 1, 12, 122, 1409, 836, 5, 1, 2, 1, 14, 5, 120, 651, 1, 7, 16, 1, 1, 4, 1, 3, 1, 1, 1, 1, 1, 1, 5966, 9, 8048, 2, 10, 1, 1, 5, 35, 2, 396, 3, 324, 265, 3, 234, 166, 16, 23754, 3, 11, 75, 2, 159, 211, 621, inf, 1, inf, 1, 2, 2, 4156, 1, 220, 473, 7392, 102, inf, 33, 47, 3, 6, 1, 2, 1, 674, 11, 942, 10, inf, 26, 2, 6, 2, 15390, inf, 1, 12, 1, 5, 6, inf, 2, 7, 3, inf, 603, 1, 1, 143, 5, 8, 1, 1, 17, 1, 1, 3, 24, 11, 40, 1, inf, 1, 4, 74, 14, 1, 1, 3, 336, 88, 29, 3, 2, 9470, 2, 7, 9, 5, 2, 1, inf, 46, 25, 1, 5, 68, 1, 27, 1, 1, 2, 320, 4, 1, 5, 11, 42, 3, inf, 110, 1, 135, 510, 5, 7, 135, 1, 100, 101, 3, 12, 69, 4, 48, 6, 196, 1, 1, 4, 1, 30, 1, 18, 6, 18, 95, 95, 10, 8, 627, 67, 56, 1, 7, 2, 1, 62, 1, 47, 2, 316, 4, 2, 4, 1249, 1899, 55, inf, 11591, 1, 474, 23, 5, 1550, 6402, 20, 4, 78, 1, 3, 110, 1, 12, 1, 1, 1, 5, 141, 633, 6, 2, 252, 1, 1, 2, 1, 2, 2, 3, 3, 1, 2, 5, 1, 2, 84, 2, 1460, 109, 123, 11, 5, 8, 83, 1, 9, 1, 2, 1, 4, inf, 59, 24, 5, 5, 1, 2, 138, 4, 1, 1, 130, 2, 1, 20, 107, 1009, 1289, 1, 7, 4, 150, 168, 18, inf, 23, 1, 45, 33, 1, 810, 15, 8, 1, 129, 3, 61, 81, 1, 2, 5, 1, 60, 9, 19, 63, 847, 1, 1, 1, 2, 1, 1, 2, 1, 13, 1, 3, 1, 1, 1, 4, 181, 1, 20937, 1, 7, 108, 1, 490, 111, 18, 298, 19, 135, 58594, 29, 1, 6, 289, 1837, 1, 701, 3, 59, 8, 2, 1635, 39, 2, 191, 2, 365, 1, 1132, 29, 19, 1, 44, 2, 81, 20, 6, 14, 175, 1, 319, inf, 21, 466, 1, 2, 21, inf, 157, 8, 63, 21, 1, 1, 323, 5, 5, 1, 413, 27, 49, 58, 403, 329, 1, 1735, 14, 29, 1, 1, 19, 1, 4, 83, 2, 69, 1, 198, 1, 5, 109, 27, 1, 3, 26, 46, 36, 1, 1, 1, 1, 8, 1, 12, 25, 33, 5, inf, 20, 3258, 12, 4, 8, 1, 1, 16, 1, 4, 137, 4, 2, 1, 1, 45, 23807, 976, 2, 3, 37, 2, 6, 222, 6, 1, 1, 1, 46, 6854, 1, 81, 6, 518, 1, 1, 6, 1, 235, 51, 53, 18, 3, 1, 24, 86, 3, 5, 261, 11, 2, 1, 1, 1, 2, inf, 318, 27, 1313, 1, 1, 94, 1, 16, 52, 3, 9, 11, 1, 6, 7, 170, 1, 3, 187, 34, 1, 254, 1, 482, 50, 1, 1, 2, 3, 1, 26, 232, 1, 159, 1, 1, 173, 108, 3, 3457, 8, 3, 1, 464, 4, inf, 222, 4, inf, 2, 45, 3, 41, 108, 1, inf, 110, inf, 22, 1, 1661, 10, 11, 1, 177, 3, 34, 2, 28, inf, 3, 109, 1, 69, 1, 1381, inf, 1, 1, 1, 8923, 3191, inf, inf, 21, 326, 1, 281, 8, 3, 66, 1, 19, 1652, 4, 7, 1, 4, inf, 11, 14, 6139, 1, 673, 345, 8, 798, 68, 227, 20, 2, 28, 1, 1, 1, 9, 3, 148, 921, 4, 14, 1, 5, 481, 149, 1, 1, 2, 137, 317, 1, inf, 4, 1, 1, 1, 1, inf, 96, 73, 1, 2, 33, inf, inf, 2, 2, 1, 124, 36, 8, 1, 26, 79, inf, 10, 2, 113, inf, 1, 147, 67, 1, 395, 2, 1997, 54, 1, 2, 6, 9, 2, 1, 82, 1, 56, 1, 207, 4, 7, 29, 1, 2, 1, inf, 163, 7, 15, 2, 10, 246, 34, 3, 3, 2, 2, 13, 13, 1, 8, 1, 1, 10, 1, inf, 2, 1, 453, inf, 1, 23, 22, 31, 2241, 564, inf, 2969, 36, 2, 135, 40, 1, 2, 2, 2, 1, 3, inf, 1, 1, 33, 35, 2, 1, 1, inf, 61463, 1, 4, 54, 1, 4, 42, 49, 3, 2, 5, 4, 2, 55, 87, 109, 1, 139, 41, 88, 1, 6, 1, inf, 1, 26, 1, 5, 31, 3, 4, 165, 1, 1, 100, 4, 17, 1, 5, 211, 6, 1, 3, 1, 1, 31, inf, 205, 1, inf, 1, 6, 9, 56, 22, 4, 1, 73, 2, 1, 2, 8, inf, 3, 6, inf, 7, 1, 128, 1, 3266, 3, 95, 2, 508, 8, 1, inf, 6, 29, 85, 5, 8, 1, 1, 17571, inf, 1, 104, 37, 45, 1, 1, 1, 1, 1, 8, 52, 2, 216, inf, inf, 39, 15, 44, 1, 1, 9, 4, 11, inf, 7634, 66, 83, 9, 3, 1, 21, inf, 5, 9, 129, 1, 1, 1, 2, 20, 824, 1, 8104, 3, 5, 2, 159, 76, 25, 46, 1, 110, 416, 65, 13, 4, 27, 1, inf, 1, 3, inf, 45, 1, 2, 27, 1834, 55, 26, 2, 106, 1, 56, 158, 2, 21, 2, 20342, 62, 3771, 95, 29, 1, 4, 674, 334, inf, 260, 89, 15, 172, 1063, 24, 1, 1, 3, 1, 1, 256, 257, 6, 4, 1806, 307, 111, inf, 105, 37, 48, 39, 73, 2, 34, inf, 77, 1, 10, 1, 2, 652, inf, 1, 1, 2, 6, 1, 612, 1, 3, 41, 21, 3, 23, 28, 2, 33, 16, 1, 1, 3, 98, 1, 1, 1, 3, 2, 1, 1, 37286, 1, 2, 16, 5, 3917, 1, 269, 1, 1, 8, 649, 3, inf, 85, inf, 1, 8, 40, 353, 4, inf, 1, 522, 310, 19, 1, 304, 2, 2, 526, 8, 2, 2299, 1, 2, 4, 1, inf, 114, 1, inf, 73, 30, 1, 5, 6, 1, inf, 17, 2, 22, inf, 85, 2, 37, 2, inf, 1, 1, 1, 1, 5, 18, 2, 1, 1048, 20, 1, 2, 2, 1, 1, 4, 3, 1, 12, 5, 1, 8, 1, 138, 532, 1, 568, 1, 38, 85, 5, 2, 30, 213, 20, 17, 24, 71, 12, 1, inf, 1, 1, 960, inf, 23, 1, 2, 1, 100, 2, 717, 1, inf, 1242, 30, 3023, 7738, 11, 30, inf, 4, inf, 8, 17, 1, 5796, 1, 12, 6, 1, 37, inf, 4989, 1, 7, 1, 1, 1, 533, 307, 1, 1, 96, 51, 1, 7, 11, inf, 5, 3, 1, 1, 2, 5, 1, 69, 2, 3, 89, 1, 2, 2, 1, 1, 34, 1, 1, 73, 2, 779, 1, 4, 1, 10, 2, 1234, 1, 9, 1019, 1, 2, 114, 7, 2, 1, inf, 1, 1, 5, 1, 1, 151, 31, 5, 2, 6, 4, 130, 1140, 1, 1, 2, 2, 20, 1, inf, inf, 5, 2, 1, inf, 3, 4, 1, inf, 48, 2, 1, 931, 2, 1, inf, 38, 1, 9, 2, 53, 1, 3, 2, 6, 1, 5, 1, 1, 5, inf, 67, 1, 8, 2, 327, 2, 1, 402, 3, 1, 1, 2, 67, 3, 765, 1, 67, 83, 667, 41, 1, 257, 1, 3, inf, 17, 75, 106, 624, 8, 32, 194, 3, inf, 1, 1, 27, 1, 92, 1, 25, 112, 1, 23, 1, 2, 1, 2, 1, 88, inf, 6, 1, 18717, 88458, 34, 3801, 4, inf, 64, 1, 3, 1, 1, 1, 1, inf, 88, 6, 1, 1, 1, inf, 1, 12, 32, 137, 18, 20, 430, 1, 44894, 2, 598, 18, 43, 522, 26, 27, inf, 909, 355, 1525, 13, 32, 237, 15, inf, 11, 2, 6, 132, 2, 30, 2, 36, 1, 42, 28, 174, 18, 732, 14, 15, 4, 2, 16, 29, 9, 13, 3, 6441, 19, 2, 1, 3, 5, 89, 2, 21, 15, 4, 1, 1, 3, 1, 47, 1, 3, inf, 3, 15, 1, 3, 65, 10, 35, 16, 23, 8, 11, 1, 1875, 2170, 1, 1, 7, 8, 1, 1, 508, 2, inf, 20, 10, 1, inf, 2, 5, 28, 16, 10, 2, 2, 2, 25, 13, 2, 1, 1, 1, inf, 50, 5, 543, 3, 1, 1, 1, 1, 1, 189, 6, 8, 39, 4, 2, 14, 1, 2, 1, 17, 7, 1, 2300, 98, 87, 82, 159, 2, 6, 1, 3, 16, 21, 7, 7, 1, 97, 1, 6, 8, 1, 1, 1, 8, 1, 79, 1, 1, inf, 3, 1, 1, 236, inf, 31, inf, inf, 27, 4, 1, inf, 12, 8, 489, 35, 1, 5, 8, inf, 1, 1, 5, 1, 1, 19, 79, 71, 4, 39, 2, 19, 6, 1, 22, 1606, 21, 1, 3, 3, 644, 2, 3, 8002, 73, 2, 55, 321, 2, inf, 16, 2, inf, 28, 7, 1, 4, 1, 12, 1, 709, 1, 1, 2, 26, 1, 2, 1, 1, 74, 11, 27, 1, 2, 1, 3, 11, 1, inf, 1, 9, 32, 1, 3, inf, 3, 1, 69821, 1, 1, 1, 1, 2, 28, 1, 3, 1, 15, 1, inf, 2808, 139, 5, 4, 6, 100, inf, 3, 1, 30682, 2, 1482, 10, 67, 12, 1890, 3, 129, 2, 1, 473, 3, 5, 1, 17554, 3357, 1, 1, 1, 1, 1, 1, 1, 1, 1, 1, 1, 1, 1, 1, 1, 1, 1, 1, 1, 1, 1, inf, 2, 3, 73, 186, 509, 2, 5, 2, 16993, inf, 1, 98, inf, 136, 28, 5, 3, 1, 556, 329, 95, 10, 247, 1, 489, 3, 8, 2, 3, 496, 28, 10, 85, 105, 4, 1, 17, 537, 1, 31, 184, 33, 34, 12, 1, 1, 1, 3282, 173, 5, 1, 1, 1, 8, 1, 1, 7, 2, 1, 1, 1, 13, 9, 6114, 51, 1, 140, 1, 1, 1, 1, 24, 5, 1, 52, 2, 339, 1, 8, 1, 100040, 4, 12, 2, 220, 2, 126, 73, inf, 2, 1, 1, 34, 2, 27560, 516, 105, 68, 23, 1, 260, 10, 49, 557, 481, 1, 1, 1, 3, 560, inf, 2, 6, 31, 1, 7, 12, 2, 1, inf, 163, 3, 1, 9, 1, 6, 1, 1, 1, 1, 7, 3, 1, 2, 1, 642, 33, 1, 1, 1, 1, 1, 7, 1277, 12, 109, 4, 1, 388, 1, 1, 1, 88, 4, 954, 167, 1, 40, 129, 1, 1861, 3, 1, 15, 1, 11, inf, 16, 1, 19, inf, 1, 1, 2, 52, 82, 236, 93, 1, 2, 2, inf, 40, 86, 6, inf, 1, inf, 2, 5, 8, 416, 2, 2, 1, 1, 10, 998, 17, 4, 1, 1, 31, 4, 1, inf, 2, 30, 3, 461, 2, 33, 1, 1, 1, 17, 1, 1, 1, 1, 4, inf, 1, inf, 67, 1, 8, 2693, 26, 50, 1, inf, 2, 1, 26, 23, 17, 8, 19, 1, 1452, 1, 22988, 1, 1, 3, 12, 37, inf, 1, inf, 3, 4, 50, 44, 2, 23, 1, 3, 1449, 1, 1, 1241, inf, 790, 3, 2, 2, 1, 1, 2, 6, 4, 16, 4, 868, 119, 2003, 6, 3, 208, 1, 1, 5, 874, 2, 2, 87, 4, 162, 471, 55, 9, 13, 1, 1, 1, 266, 1, 5, 3, 1, 39, 6, 4, 1, 1, 1, 19, 1, 1, 2, 2, 9, 1, 73, 6, 127, 1, 4, 3, 1, 1, 1, 2, inf, inf, 17, 1, 1, 98, 1, 1, 1, 91, 12, 257, 1, 9, 2, 1, 1, inf, 2, 25, inf, 2, 360, 1822, 41, 113, 923, 92, 25, 2046, 1, 22, 22, 221, 19, 138, 79, 3, 2, 11, 2, 545, 120, inf, 170, 1, 20, 5, 16, 2, 7, 10, 1, 10, 1, 5, 10, 26, 31, 1, 37, 33, 39, 3, 276, 5, 16, 392, 10, 2683, 1, inf, inf, 1, 95, 1, 2, 8, 1, 110, inf, 630, 314, 715, 1, 14, 4, 1, 1, 61, 14, 2, 147, 24, 181, 1, 2, 1762, inf, inf, 1, 9, 14, 1, 1, 252, 874, 70, 1, 79, 12, 3, 2, 20, 1, 1, 7, 187, 1, 13, 17, 898, 522, 13, 2, 1426, 1, 1, 8, 2, 87, 5, inf, 42, 5, 33, 6, 8, 1, 46, 24, 20, 3, 9, 3, 3, inf, 224, 87, inf, 2, 25, 1, 1, 1, 91, 45, 10, 1, 60, 1, 175, 63, 18, 268, 43, 33, inf, 5, 4, 4, 1, 2, 1, 49, 3, inf, 1, 447, 1, 13, 3, 1, 45, inf, 1, 5, 2059, 49, 78, 5, 2876, 1206, 131, 4, 85, 3, 19, 2, 8, 601, 2, 55, 454, 2, 2, inf, 279, 135, 59, 19, 105, 1, 1, 1, 223, 1, 204, 85, 45, 2, 22, 112, 2, 1, 3, 1, 2, inf, 7, 715, 1, 22, 3, 13, 28, 653, inf, 1, 25, 9, inf, 2, inf, 3, 25, 2, 2, 44, 1, 17, 15068, 154, 77, 3, 944, 5, 3, 7, inf, 1, 993, 831, 85, 1657, 1, 1, 2, 19, 2, 600, 3142, 9, 6043, 14, 10, 20, 2, 76, 6, 17, 20, 4, 74, 9, 1, inf, 61, 2, 6, 146, 2, 246, 6, 5270, 134, 2, 928, 24, 1, 2, 16, inf, 13, 259, 1, 1, 10, 1, 5, 128, 1, 12, 3, 61, 476, 2, inf, inf, 10, 1, 1, 3, 11, 1, 1, 148, 8, 37, 1, 10116, 1, 27, 7, 1, 2, 1, 826, 36, 1, 3, 1, 1, 7, 153, 3, inf, 1, 4, 46, 1865, inf, 15, 1, 3, 1, 1, 1, 9, 1, inf, 1, 2, 392, 21, 1, 843, 3, 687, 2, 44, 1, 41, 1, 1, 94, inf, inf, inf, inf, 4, 1, 1, 2, 1, 1, 14, 3, 124, 1, inf, 10, inf, 38, 92, 11, 1, 3, 1, 7, 1, 1, inf, 3, 18, 392, 1, inf, 118, 1, 64219, 63, inf, 10, 13, inf, 2680, 22, 1, 42, 1, 2, 65, 60, 1, inf, 40, 557, 4, 16, 2, 1, 1, 5, 1, 1, 2, 1, 1, 9, 1, 2, 1, 13, 3, 15, 107, 1, 2, 192, 14, 2, 1, 2, 104, 1, 1, 3, 30, 4, 1, 181, 5, 1, 7, 53, 7, inf, 1, 2, 28, 2, 78, 1, 838, 1, 248, 3, 5241, 14, 4, 217, 2, 2, 45, 17, 1, 341, 9, 3309, 3, 540, inf, 5, inf, inf, inf, 14, inf, 1, 1, 5, 93, 52, 38, inf, 1, 9, 1, 1, 29, 320, 83, 34, 5, 74, 20, 1, 14, 1, 1, 1, 2, 26, 29, 3, 1, 257, 75, 601, 484, 4, 29, 20, inf, 1, 6, 49, 62, 32, 88, 1, 2, 5, 1784, 12, 10, 7, 61, 2, 1091, 362, 1, 1, 1, 4, 1, 5318, 5, inf, 20, 9, 6, 1, 21, inf, 1, 6866, inf, inf, 1, 138, 1, 539, 480, 1738, 1, 6, 1, 2, 2, 4, 1, 1, 17, 3, 1, inf, 1, 498, 4, 380, 4788, 2, 311, 1, 24, 2, 58, 8, 24, 69, 49, 5, 9, 11, 15, 45826, 1, 35, 15, 24, 1, 1, 4, 5, 2, 3, 1, 125, 42, 6, 1, 29, 2, 29, 7, 5, inf, 921, 1, 28, 1, 1, 1, 19, 6, inf, 21, 2, 1, 1, 7, 1, 15, 1139, 5, 416, 8, 6072, 11, 9, 1, 1, inf, 19, 2, 14, 138, 523, 1, 1, 45969, 163, 178, 1, 1, 104, 1, 1, 1, 1, 1, 1, 4, 3, 1, 1, 1242, 60, 1, 13, 106, 1, 263, 5, 2, 1, 1, 10, 7, 3, 44, 1, 106, 3, 2, 1, 3, 1, 34, 1, 38, 2, 6, 4, 1, 70, 177, 1, 2, 1, 1, 2, 15, 10, 2, 1, 2, inf, 2, 3, 1, 2453, 1, 4, 1, 69, inf, 113, 1, 1, 192, 11, 2, 1, 1, 2, 5, 76, inf, 44, 3, 39, 4, 72, 2, 7846, 33, 4, 8, 1, 5, 256, 1, 48, 2, 166, 20, 1, inf, 1, 292, 950, 4, 1, 4, 36140, 2, inf, 314, 177, 1, 7, 366, 1, 2, 1, 1, 1, 7, 5, 2, 3, 4, 1, 8, inf, 1, 45, 2, 2, 1, 1, 1, 7, 2, 1, 45, 2, 1, 16, 1, 3033, 889, 4, inf, 23, 1, 52, 863, inf, 10, 2, 2, 25878, 4, 471, inf, 5, 1, 1, 2, 2, 1, 35, 1295, 1, 1, 141, inf, 2, 24, 1, 1, 1, 1, 1, 1, 1, 1, 1, 1, 1, 1, 1, 1, 1, 1, 1, 1, 1, 1, 1, 1, 1, 1, 1, 1, 1, 1, 1, 1, 1, 1, 1, 1, 1, 1, 1, 133, 1, 1, 62, 3, 11, 509, 68, 1, 6, 2, 8728, 1, 7, 2, 1, 1, 6, 1, 54, 891, 981, 3, 2, 59, 295, 82, 17, 223, 1, 52, 53, 6, 148, 1, 2, 9811, 1, 1, inf, 37, 271, 324, inf, 12, 1, 59, 234, 20, 17, 2, 2, 40, 12345, 49, 2, 1, 3474, 375, 10, 37, 14, 64, 25, 1, 3, 1, 19, 1, 164, 1, 1, 2, 2, 2, 2, 4, 17, 1, 1, 548, 39022, inf, 2, 2, 1, inf, 2, 3, 23, 1349, 13, 10, 1, 2, 46, 29, 43, 204, 3910, 43, 3, 1, 1, 1, 464, 7, 1, 6, 15, 8, 2, inf, 28, inf, 20, 1, 1, 3, 8, 1, inf, 97, 8, 22, 1, 1, inf, 2, 1, 25, 27, 15, 29, 10, 14, 1, 11, 134, 1, 1, 613, 1, 556, 85, 4, 3, 39, 38, 6, 204, 2, 4, 16, 481, 55, 98, 1, 3, 1, 2, 2, 24, 1, 1, 2, 10, 187, 1, 1846, 40, 2, 1, 208, 26, 2, 233, inf, 2, 1, 3, 3, 1, 1, 8, 78, 31, 1, 55, 87, 126, 124, 40, 11329, 7, inf, 1, 1, 551, 1, 4, 2, 1, 11, 1, 10, 31, 44, 84, 28, 75, inf, 65, 4179, 1, 12, 2, 541, 4, 21, 55, 2876, 1, 2, 33, 7, 326, 33, 1, 1, 9, 61, 5, 1, 134, 1, 282, 4, 13, 94, 1, 101, 523, 15, 33, 35, 2, 1, 12, 430, 1, 2, 266, 314, 205, 1, 1, 9, 38730, 3, 2, 2, 1, 43, 2, 2, 3, 1, 93, 4, 1, 8, 46, 1, 13, 177, 1, 105, 9, 103, 1, 7, 24, 4, 7, 57, 576, 1, 1, 6, 9, 1, 4, 3696, 1, 4, 19, 1, 6, 1, 4, 1, 21, 22, 384, 1, 39, 12, inf, 251, 61708, 12, 10, 213, 1, 1, 480, inf, inf, 129, inf, 13, 2, 8, 140, 18, 2, 1, inf, 12, 70, 1, 212, 17, 76, 6915, 3, 1, 88, 4, 1, inf, 2, 50, inf, 645, 10, 33, 211, 4, 8, 26, 9, inf, 66, 6, 8, 1, 263, 28, 1629, 192, 2, 732, 450, 7, 1, 8, 2, 43, 10, 4, 1, 1, 557, 1, 140, 3, 1, 24, 57, 1, 12, 1, 16, 1, 5, 2, 26, 10, 2, inf, 39, 1, 1643, 5, 1, 1, 330, inf, 1, inf, 2, 9, 1, 3, 1, 1, 6, 12, 2, 5, 12, 1, 3, 39, 1185, 4, inf, inf, inf, 2, 1, 563, 1, 6, 30, 8, inf, 4, 1, 3, inf, inf, 2, 24, 4751, 3, 1, 1, 15, 2, 1, 47, 18, 2, 2897, 5, 18, 47, 1058, 2, 59, 1, 1, 1, 1, 17, 66, 14, 1, 124, 1, 71, 13, 16, 9, 1, 1, inf, 1, inf, 5, 6241, 1338, 1, 25, 78, 2, 276, 8, 876, 153, 1, inf, 8, 2, 512, 12, 12, 2, 1, 7, 1, 1486, 1956, 41, 141, 7, inf, 32, 1, 286, 1, 1, inf, 676, 5, 31805, 94, 658, 160, 2, 1, 75, 4, 73, inf, 121, 1, 4, 27, 242, 343, inf, 15, inf, 55, 324, 23, 37, 83, 5, 1, 2, 14, 1, 17, 133, 4, 66, 20, 1, 2, 2, 18, 1, 6, 408, 30, 453, 4, 2, 1, 3, 2, 2, 132, 489, 1, 269, 60, inf, 231, 1, inf, 3, 1, 1, 1, 1, 1, 1, 9, 60, inf, 1, 15, 1, 1, 1, 16, 85070, 2, 32, 12, 3, 11, 185, 1, 22, 1, inf, 5, 1, 36, 8, 1, 31, 9, 7, 15, 3, 1, 12, 10, 1153, 1, 356, 2382, 4, 136, 163, 2000, 3, 22, 16, inf, 2, 73, 46, 783, inf, 1, 1, 16, 69, 2, 27, 2, 581, 2, inf, 11, 20, 2, 38, 22, 87, 23, 6839, 2, 6, 1, 52, inf, 32, 22648, 1, 164, 16, 3, 7, 54, 27, 6, 121, 25, 1, inf, 87, 24, 1, 39, 4, 12, 2239, 548, 1, 1, 1, 2, 34, 4, 1, 15, 67691, 1, 1, 15, 1, 1, 6, 21, 12, 1, 19, inf, inf, inf, 285, 29, 1, 111, 2, 1, 8, 1, 2, 34, 1441, 21, 1, 18, 1, 2, 1, 10, 96, 1, 162, 15, 176, 13, 16, inf, 1, 4, 1, 2, 1, 3, 11, 1, 4, 115, 2, 385, 266, 4, 6421, 6, 1, 1, 34, 21, 7, 1, 5, 502, 44, 53, inf, 3, 1, 1, inf, inf, 14, 1, 2, 1, 3, 180, 10, 95, 14573, 5, 2, 359, 227, 1, 1, 343, 39, 1, 1, 1, 2, 315, 259, 1, 9, 1168, 1, 1, 1, 20, 24, inf, 80, 660, inf, 14, 11, 100, 339, 43, 6, 1, 1623, 511, 58, 13, 42, 210, inf, 67, 1, 20, 5, 33, 75, 31, 5, inf, inf, 2, 30, 2, 90, 1108, 6, 19, 2, 20, 384, 205, 26, 1, 1, 3, 1, 1, 2, 3, 2, 38, 44, 114, 786, inf, 1, 20, 4, 1, 1, 1, 1, 66, 1, 14, 93, 838, 67, 1624, inf, 1, 1, 3, 1, 21, 64, 8, 1, 39519, 12, 1, 19, 3, 1, 2, 199, inf, 1, 22, 3, 1, 4, 1, 61, 11, 532, 659, 101, 1, 14340, 7, 2, 1, 697, 7, 1, 953, 11, 11, 2, 3, 195, 1, 10, 2, 235, 1, 21568, 282, 33, 1, 5, inf, 24, inf, 33, 1, 1, 2, 2, 5, inf, 1, inf, inf, 15, 2, 2, 6, 20, 11, 2, 2, 16, 73, 21, 1, 19, 1, 39, 23, 158, 1, 139, 3, 19, 2, 1, 14189, 2, 5, 66, 1, inf, 2, 84319, 1, 170, 35, inf, 1, 4, 1, 1, 13, 1, 303, 50, 1712, 2, 864, 5, 4266, 5885, 3, 1, 755, 47617, 2, 1, inf, 1, 8, 1, 1, 2, 43, 36, 25, 87, 229, 211, 2, 2, 134, 1, 3, 8, 6, 91, 5, 2, 12, 6, 4, 18, 1, 1751, inf, 1, 1, 5, 55, 5, 2, 7, 2, 1, 3, 2, 4, 2, 5, 11, 1, 12, 1, 101, 1, 2, 159, 2, 1, 1, 6, 62, 89, 1, 1, 5848, 1, 63, 53, inf, 67, 11, 34, 1, 22, 1, 4, 1, 1, 15, 42, 64, 62, 76, 1, 1, 1, 1, 22, 1, 1, 2700, inf, 1, inf, 7, 1, 2619, 9, 1, 1, 71, 5944, 7824, 5304, 1, 8, inf, 1, 4, 8, 1, 31, 68, 8, 1, 6, 3656, 6, 17, 26, 3, 2, 3, 1, 1, 1, 1, 5203, 1, 118, 1, 70, 127, 365, 46, 148, 1, 1, 60, 25, 1, 1, 4, 1293, 4, 3, 5, 6, inf, 6, 1, 1, inf, 1, 1, 2, 10, 1, 37, 27, 1, 5, 2073, 2, 185, 61, 1, 1, 1, 1, 806, 1, 1, 3, 2, 35, 140, 3, 5, 324, 2, 3, 8, 108, 8, 75, 1, 1, 30, 17, 21, 1, 50, 282, 1, 2, 252, 1, 546, 2359, 4, 2, 2511, 86, 1, 12, 3685, 1, 1, 53, 9, 1, 1, 237, 1, 14, 1, 18, 606, 3, 1, 1, 1, 23, 1, 1, 1, 8548, 8, 50, 1, 5, 1, 1421, 1, 21, 126, 36, 11, 1009, 35, 123, 3, 1, 2076, 160, 11, 1, 1, 15, 36, inf, 1, 30, 105, 113, 25, 3, 1, 51, 3661, 1, 160, 6, 28, 2, 8, 2, 272, 2, 22, 1, 52, 40, 1, 2, 4, 25, 2, 16, 1, 2, 85, inf, 667, 1, 1, 1, inf, 1, 9, 1, 152, 6, 1, 840, 97, 36, 3, 1, 1, 82, 85, 1, inf, 5, 6, 39, 19, 2, 1, 1, 4, 1, 3, inf, 352, inf, 1, 1, 2, 1240, 23574, 1, 149, 797, 164, 1, 1, 4, 27, 266, 236, 1, 1, 1, 1, 1032, 7, 1, 76, 2647, 1393, 492, 2537, 34, 4, 7, 2, 1, 7, 174, 78, 2, 143, 4, 1, 8, 7, inf, 1, 2, 14, 8, inf, inf, 13, 18, inf, 43, 1, 659, 3, 2, 2, 15, 1, 1, 919, 3, inf, 1, 104, 235, 35, 12, 1, 1, 83, 101, 2, 5, 38, 1, 1, 1, 1, inf, 16, 368, 2, inf, 1, 1, 2, 1, 727, 1, 3, 1, 1, 10, 2, 1, 1, 8, 4, 310, 13, 3, 1, 1, 1, 11, 312, 15, 1, 1, inf, 11, 191, 32, 33, 15, 9, 2, 5, 2, 1, 928, 1, 8, 1, 25, 1, 4, 4, 2463, 4, 2, 128, 106, 252, 1, 5, 1, 7, 1, 23, 2138, 25, 1, 1, inf, 225, 6, 1, 1, 7, 2, inf, 31, 25, 5, 7, 56, 484, 2, 1, 1, 2, 9, 47, 1, 1, 2, 140, 3, 105, 858, 1, 60, 12296, 39, 2692, 1, 1, inf, 228, 1, 3, 46, 15, 3, 2, 86, inf, 5, 120, 35, 2, 2, 57, 5, 280, 1, 86, 4, 7, 1, 1, 269, 140, 2, 17, 1, 2376, 15, 196, 2, inf, 1, 2, 23, 103, 180, 2, 13, 1, 12, 2, 1, 241, 3, 38, 175, inf, 1, 7, 38, 3, 163, 1, 7, 266, 956, 1, 42, 17, 1, 3, 2, 4, 12, 3, 20, 471, 126, 138, 27, 154, 829, 4, inf, 2, 71, inf, 1, 1, inf, 1, 38, inf, 25, 4, 5, 97, 72637, 1, 73, 33, 12, 2, 4435, 1, 59, 75, 1639, 1, 1, 2664, 33, 20, 46, 1, 1, 5, 9, inf, 6, 2, 1644, 1, 15, 279, 23, 1, 1, 1, 1, 1, 177, inf, 14, 701, 169, 1, 4, 16, 1, 52, 31, 9, 45, 9018, 1, 43, 1, 32, 1, 1, 29, 1, 1, 6, 7, 21, 982, 22, 7, 21, 78, 1153, 1515, 3503, 35, 53, 1, 3, 1479, 1, 3, 36, 41, 265, 63, 5, 1, 2, 1, 1, 368, 1, 8, 4, 9, 151, 327, 19, 91188, 299, 1, 1, inf, 50, 1, 128, 3, 1918, 6161, 2, 1, 3, 4, 363, 1, 30, 12, 2, 733, 6, 4, 27, 14, 7, 43696, 1, 13008, 102, 216, 146, 1, 72, 3, 3, 1, 58, inf, 8, 1, 1, 132, 1, 1, 1, 9, 4, 1, 8, 10, 1, 11, 20, 1, 1, 2, 871, 18, 165, 3, 1, 9, 2088, 3, 13, 2, 2, 323, 1, 261, 2, 21, 1, 101, 3, 1, 62, 561, 4039, inf, 872, 825, inf, 1045, 588, 1, 949, 2, 452, 1, 1, 32, 289, 19, 2478, 1, 3, 9, inf, 18, 1, 1, 2, 1, inf, 2, 2, 9, 419, 1, 6, inf, 226, 410, 1, 7, 1, 3, 74, 1, 1, 5, 40, 10, 547, 202, 49, 16, inf, 18, 1, 1, 1, 11, inf, 84, inf, 1, 6, 701, inf, 139, 1, 1, 1, 15, 1, 1, 8340, 388, 3, inf, 15, inf, 19, 1, 60, 200, 6, 630, 1, 2, 401, 1, inf, 3, 330, inf, 4, inf, 1, 87, 1, inf, 10, 1, 21, 1175, 11, 9, 128, 6, 3, 5, 1, 1, 2, 1, 2, 50, 4, 1, 13627, 192, 3, 22, 35, 335, 1, 2, 455, 1081, 12, 29, 4, 3189, 1, 49, 7, 1, 6, 6, 11, 5, 3, 1, 3, 608, 684, 2, 2, 3, 32, 269, 118, 8, 279, 4, 43, 1, 389, 21, 1, 3, inf, 1, 380, 2, 3, 56, 15, 50, 3, 2176, 861, 1, 1, 14, 21, 166, 1, 2, 485, 48, 1, 57, 9225, 1, 279, 119, 1, 1, 10, 1, 2, 275, 8492, 2, 7, 96788, 41, 10, 1, 29, 37, 1, 9, 41, 80, 7, 28, 110, 1, 57, 23, 6538, 1, 39, 1, 26, 2, 129, 1, 9971, 33, 1, 168, 4997, 4, 49, 2, 81, 15, 160, 28, 2, 2, 336, 1025, 6, 21, 11, 6, 66, 8, 298, 74, 2, 223, 1, 2, 1679, 4, inf, 69, 1, 556, 8, inf, 127, 3, 16, 58, inf, 34, 1, inf, 1, inf, 73, 29904, 519, 1, 187, 1, 3, 4, inf, 46, 111, 1, 1227, inf, inf, 6, 3, 1, 5, 1, 1, 1, 3, 1, 1, 421, 5, 1, 4, 2, 13, 2, 30, 2, 5883, 5, 14, 7, 24, 3, 4, 1, 6, 492, 21, 1, 23, 1, inf, 2, 1, 5, 1958, 1, 6, 319, 2, 40, 1, 1, 4, 1, 2, 1, 1, 8, 10, 653, 693, 8, 18, 5, 109, 1, 4655, 71, 4, 1, 3, 176, 1, 29, 361, 3, 1, 1, 230, 2, 3, 33, 263, 1847, 6, 1, 44, 1, 62, 12, 1, 1, 7432, 1, 1, 55, 8, inf, 2, 3, inf, 113, 25, 237, 4, 37, 2872, 1, 14, 8, 4, 26, inf, 4, 38, 2, 2, 218, 30, 1, 40, 1, inf, 593, 211, 2, 123, inf, 1, 1, 18, 614, 94, 9, 15, 30, 1, 167, 25, 251, 1, 1, 1, 10, 9, 1, 1, 1, 36, 1, 25, 7, 4, 50, 2, 1, 1, 12, 4, inf, 4, 5, 63, 1, 1400, 2, 1, 1, inf, inf, 49, 3, 1, 56, inf, 6, 3070, 7, 3, 266, 1, 269, 271, 1636, inf, 3505, 1, 3362, 382, 804, inf, 19, inf, 1, inf, 105, 1, 4, inf, inf, 6173, 1178, 1, 2, inf, 1, 7, 25, inf, 2, 385, 10, 9, 3, 2, 170, 28, 1, 1, 190, 1, 12, 2, 1, 27, 28, 1, 297, 114, 2, 20, 4, 1527, 137, 116, 17, 7, 2, 3, 36, 2, 3, 1, 2, 2, 1, 2, 1, 54, 7, inf, 11, 133, 11, 8, 2572, 1, 1, 16, 72, 1, 1, 3, 25, 1, 322, 4285, 287, 1, 6, 48, 75, 21, inf, 59, inf, 3, 5, 300, 12, 1, 5, inf, 26, 5, 1, 10, 59, 179, 11, 48, 1, 960, 2, 2, 2, 7438, 3, 4, 3426, 1, inf, 1, 1, 74, 46, 1, 13, 1, 1, 11, 1, 83, 1, 217, 17, 8, 5, 1, 1, 779, 382, 2, 1, 233, 57, 1, inf, 1, 6, 1, 2, 1, 63, 2174, 143, 2, 49, 8, 1, 1, 1, 7, 7, 83, 8, 1, 1, 2, 1, 1, 3, 1, 744, inf, 1, 1, 27, inf, 469, 5, 17, 4, 103, 2, 125, 14, inf, 5, 2, 42, 1, 1, 1, 281, 104, 2, 3, 1, 1, 2, 2, 4373, 569, 100, inf, 26, 8, inf, 9, 19628, 1, 202, 21, 33, 5, 71, 4, 118, 29, 92, 1, 1, 1, 3239, 60, 4, 2, inf, inf, 1, 1, inf, 44, 11, 76, 10, inf, 2, 105, 1, 1, 5, 745, 9, 7, 180, 1964, 1, 3, 2, 3, 1, 2, 4, 1, 466, 1, 76, 6, 1, 67, 3, 6, 4, 16, 4, 1, 1, 542, inf, inf, 300, 1, 1, 21, 8, 6, 18, 1, 31, 20, 1, 63, 1, 3, 26, 264, 2215, 26, inf, 1, inf, 65, 83, 10, 13, 553, 3, 4, 20, 399, 45, 125, 316, 13, 29, 1, 1, 8, 4, 51, 1, 53, 4, 392, 58, inf, 14, 31, 1, 3908, 402, 1082, 3620, 97, 1, 57, 1, 17, 1, inf, 1, 3, 438, 6, 214, 1, 831, 10, inf, 30, inf, 7, 12, inf, 1, 740, 225, 1, 2, 2, 336, 1, 4, 535, 306, 8, 2, 18, 1780, 153, 3, 1, 6, 14, 1, inf, 2, 6, 2745, 1, 219, 1, 70, 2, 1, 1, 5, 1, 20534, 2, 1, 1, 1, 12, 2, 5, 10, 15, 53, 1, 976, 11, 2, 222, inf, 1, inf, 3, 1, 17, 6, 10, 364, 8, 2, 10854, 18, 1, 676, 1, inf, 1, 83, 106, 25, 1, 410, 2, 18, 2, 24, 1, 1, 263, 106, 1, 1, 1, 2, 1, 2, 21, 1, 18, 165, inf, 1, 4, 3, inf, 117, 301, 1, 7, 27, 4, 3, 2, inf, inf, 54, 1, 2, 7, 79, 39, 1, 37, 1, 24, 4, 2, 2, 2, 2, 42, 1, 4, 321, 3, 1, 2, 1, 1, 103, 1, 2080, 436, 2, 10, inf, 2, 24, inf, 2283, 1, 2, 1, 3, 5, 88, 4, 1, 3, 167, inf, 3, 30, 4, 35, 3, 1, inf, 27, 8, 1, 3, 26, 1, 3, 26, 11, 1, 183, 1, inf, 1, 11, 1, 37, 4, 1, 1, 13, 1, 1, 167, 134, 45, 1, 1, 1, 1, 23, 46, 1, 1, 7, 6, 1, 5, 15, 1, 178, 2, 104, 553, 2, 4, 3, 1, 5, 40, 83, 52, 4, 2117, 283, inf, 1, 1, 1, 56, 45, 1, 96, 283, 1, 7, 230, 656, 3, 1, 1, 138, 9, 577, 9, 2, inf, 71, 2, 1232, 4, 4, 1, 29, 3, 7, 3, 1, 7, 11, 4, 3, 1, 2, 1, inf, 20, 3, 5, 1, 164, 64, 3, 1, 1, 1, 68, 221, 1, 1, 1, 39, 38, 1, 23, inf, 11268, 21, 2226, 4, 1, 153, 60, 7143, 2, 43932, 1, 224, 193, 1, 2, 10490, 21, inf, 1, 48, 16, 5, 1, 1, 3, 1, inf, 153, 1, 27, inf, 1, 1, 1498, 3, inf, 222, 3, 1, inf, 691, 58, 7, 48, 42, 13, 3377, 4, inf, 1, inf, inf, 66, 3, 41, 192, 9, 1, 6, 82, 4, 44, 117, 66, 1, 15, 35, 1, 7, 1, 18, 1, 105, 2, 1, 4101, 1, inf, 1, 1, 1, 2, 1, 74, 4, 70, 10, 1, 1, 4, inf, 3, 1, 2, 446, 157, 1, 7, 85, 648, 1, 38, 359, 2, 14, 447, inf, 1, 4, 16, 118, 72, 1, 18, 3, 11, 1, 2, 7, 1, 2, 195, 6, 21, 1, 4, 99, 1, 13, 7, 2, 1, 1, 1, 51, 581, 1, inf, 1412, 182, 3, 1, 7565, 1, 1, 121, 2, 5, inf, 2, 14, 1, 7, 5, 22, 2, 1018, 2, 7, 104, 1, 1, 419, 1, 3, 1, 1, 2, 34, 1, 9, 12, inf, 9, 7803, 5, 1, inf, 39, 23, 110, 785, 1, 1, 1, 44, 2, 1, 16, 135, inf, 9, 12, 3, 2, 1685, 2, 1, 1, 4, 29, inf, 1, 3, 48, 5, 82, inf, 13, 97, 3, 2, 130, 11927, 3, 1, 2, 1, inf, 72, 2, 1, 6, 1, 4, 6204, 3, 49, 1, 7, 1, 7, 576, 1, 97, 1, 10, 471, 5, 1, 514, 10, 1, 2, 8, 3, 1, 16, 2310, 57, 25, 1, 4, 5544, 2, 4, inf, 3, 2595, 2, 1, 1, 1, 670, 754, 4, 668, 1, 1, 14, 1, 13, 2, 3, 8, 7, 1, 1, 1, 1, 16632, 172, 1, 9, 66, 1, 1, 7, 1323, 1, 1, inf, inf, 36, 16, 4, 28, 29, 14, inf, 95, 1, 12, 3, 89, 1126, 490, inf, 5, 86, 3, 1, 1, 3, 36, 2, 55, 2, 9, inf, 12, 20, 5, 1, 1, inf, 23, 2, 1, 2, 2, 27, 47, 1, inf, 2, 1, 1, 17, 1, 14, 2, 4, 2, 1, 51, 3, 23, 1013, 1, 176, 5, 1, 1, 119, 6, 6, 63, 1, 1, 1, 2, 26, 26, 1, inf, 1, 2, 1, 4, 226, 2, 247, 66, 38, 12, 1, 47, 1, 2, 1, 1, 728, 1, inf, 1, 1, 356, 1, 331, 25, 176, 113, 16, 181, 3, 2, 1, 315, 1, 24, 2, 4, inf, 20, 1, 17, 3, 8599, 4, 1, 106, 1, 14, 1083, 1, 1877, 15, 20, 1, 1, 1, 42, 135, 1, 1, 1, 1, 1, 1, 1, 1, 1, inf, 6530, 28, 21, 12, 1, 89, 4, 1, 204, 1, 59, 2, 1, 2, 1, 40, 1, 1, inf, 2, 1, 1, 1, 60, 1, 19, 2907, inf, 12, 5, 5115, 520, 1, 1, 1, 1, 190, 2, 1, 12, 11, 2, inf, 2, 9, 16055, 1, 1, 4786, 160, 535, inf, 4, 2, 1, 18, 1, 1, inf, 3, 43, 375, inf, 11, 3, 217, 1, 33, 8, 4, 19, 1, 2, 24, inf, 3, 1, 1, 1539, 2, 1, 14, 15, 39, 2, 1, 7, 1, 26, 424, 787, 120, 293, 1, 8, 41, 181, 85, 1, 1, 11, 2, 1, 1, 12, 1, inf, 25, 198, 543, 5, 11, 2, 10, inf, 1, 1, 1, 8, 3, 2, 10, inf, 2, 1, 1, inf, 33, 29, 101, 1760, 390, 3, 1424, 3, 75, inf, 1, 5, 2, 171, 49, 3, 3, 3484, 76, 132, 71, 66, 2, 9, 40, 1, 47, 2, inf, 124, 1, 24, 2, 1, 149, 3, 1, 3, 2, 4, 1, 7, 1, 323, 1, 20, 1, 4, 2, 3, 3, inf, 26, 7894, 1, 88, 3, 80, 9, 17, 9, 5, 54, 3, 2, 2, 1, 157, 2, 2, 305, 23, 227, 1, 699, 1, 207, 13, 19, 2, 4, inf, 1, 67, 2, 1, 35, 1, 11, 1625, 750, 26, 14, 1, 6, inf, 1, 1, 1, 14, 45, 11, 4, 7, 1, 91, 1, 58, 1, 10, 2, 606, 25, 1, 3, 1608, 24, 7114, 644, 11771, 16, 7, 187, 19, 90, 1, 1, 1, 2, 1, 1, 4, 3, 1, 26, 3, 1, 252, 50, 2, 1, 4119, 123, 38, inf, 7242, 351, 1, 556, 33, inf, 2, 1, 26, 6, 3, 1, inf, 4, 1, 2, 8363, 5, 5, 27, 12, inf, 13320, 1, 1, 6041, 4, 1, 84, 1, 2, 5, 2, 1, 5663, 1, 7, 1, 340, 506, 164, 1, 2, 1, 20, 3, 45169, 68, 7, 3, 9, 428, 1, 8, 18, 1, 1, 1, 2, 18, 1, 4, 1, 7, 4, 20, 49, 1, 2, 51, 6, 1, 1, 1, 1, 2, 20, 4, 33, 26, 166, 4, 1, 605, inf, 9, 91, 1, 1, 16, 4, 1712, 15, 241, 182, 1, 192, 6, 3, 1, 7, 1, 1, 1, inf, 673, 34, 9, 2, 5, 152, 126, 28, 249, 2, 1, 385, 1, 2, 3, 2, 2, 3, 24, 1, 3665, 68, 8760, 402, 328, 3, inf, 184, 11, 1, 1, 1, 648, 688, inf, 159, 33, 90, 67, 3, 6, 62, 4, 1, 133, 94, 1, 10, 1, 50, 14, 1, 1, 1, 116, 309, 415, 1, 1, 3865, 1, 1, 219, 46, 15, 4, 14425, 9, 161, 1, inf, 1, 670, 13, 4, 3, 92, 2, 59, 1484, 1, 1, 1, 1, 11, 10, 6, 1, 40, 66, 4, 1, 8, 1, 3674, 4, 17, 24, 8, 5, 3, 1, 1, 2, 1, 1, 1, 8, 874, 1, 3, 49, 1, 29, 1, 1, 5, 2, 3, 1, 4, 588, inf, 225, 11199, 254, 1, 27, 1, 1, 1184, 17, 1, 1, 1, 4, 16, 14, 1, 80, 1, 1, 3, 36, 352, 5, 102, 1, 100, 3, 1, 1, 1, 1, 69, inf, 458, 1, 25, 83, 8, 3, 28, 23, 4, 1, 621, 2468, 2247, 5271, 1, 1, 6, 241, 1, 23, 1, 2, 2, 1, 737, 5, 422, 3166, 12917, 20, 1, 2, 5, 1, 477, 1, 1213, 92, 1, 73, 3346, 1, 5, 1, 1684, 1, 6, 472, 228, 19, 1, 526, 2, 1, 1, 2, 2, 1, 1, 107, 987, 10, 1, 3, 1, 5, 455, 6, 3, 1, inf, 4, 70, 195, 1, 19, 109, 1, 1, 108, 33, 39, 1, 51, 1, 1, 14417, 5, 11, 3, 34, 1, 1, 1, 7, inf, 11, 4, 1, 42, 2, 1, 245, 1, 5, 1332, 1, 4, 54, 2, 1, 27, 98, 82, 59, 32, 1578, 1, 11, inf, 495, 13, 3, 1, 1, 192, 1, 170, inf, 90, 1, 1, 1, 42, 8, 15, 1, 3, 9, 1, inf, 1, 1, 8, 1, 27, inf, inf, 1, 59, 2, 1, 1, inf, 15, 2, 211, 3, 15, 2, 1, 1, 2, 20, 2, 1, 115, 2, inf, 1050, 2, 37140, 1, 15, 5, inf, 1, 2, 23, 2, 2, 1, 94, 18, 6, 18, 288, 525, 1, 1739, inf, 223, 399, 2, 4, inf, inf, 9, 1, 17, 17, 1, 2, 94, 101, 1, 1, 8435, inf, 22, 54381, 1, 44, inf, 1, 2, 1930, 175, 6, 1, 3, 1, 5, 1, 1, 70, 5, 11, 1, 38, inf, inf, 3, inf, 749, 31, 1, 20, 1, 1, 4, 9, 8, 7, 1, 4, 364, 5, 276, inf, 1, 1, 538, 2, 1, 2, 2, 10, 16, 12, inf, 11, 43, 2, 3, 3, 5, 8, inf, 1, inf, 1, 1, 2417, 112, 24543, inf, 17, 47, 57, 10, 54, 82, 30, 9, 1, 1, 2, 11, inf, 262, 1, inf, 3, 6, 42, 7, inf, 1, 2, 1, 3, 3, 11, 1, 1, 1101, 6, 1, 51, 6, 4, 2932, 1, 10, 1, 8, 3, 19, 8, 4, 1, 1, 23, 1, 7, 9, 224, 170, 1, 14, 2, 1, 4, 4, 1, 10, 6, 18, 8, 49, 7, 4, 35, 80, 3192, 32, 1, 1, 1, 76, 1, 18, 1, 1, 14, 1, 2, 383, 1, 1, inf, 7, 9, 1, 3677, 1, 6, 2, 4, 1, 2, 3, 6570, 2, 1, 5, 1097, 1, 1, 1, inf, inf, 1, 12106, 2, 10, 32, 289, 28, 69, inf, 20, 61, 78, 3, 1, 110, 1, 3, 3, 35, 145, 1, 4, 6508, 1, 2, 1, 1, 7, 2, 2, 4, 1, 2, inf, 2, 9, 1, 1, 2, 4, 2, 59, 52, 1, 1, 1, 29, 1, 1, 8, 2, 5, 1, 9, 3, 23, 5, 1130, 4, 1, 15, 3886, 144, 3, 6, 1, 4, 1, 2, 1, 1, 179, 1, 5, 254, 1, 1, 2, 31, 160, 1, 1, 4, 76, inf, 3, 1, 2, 1, 64, 1, inf, 559, 10, 22, 2, 2, 1, 1, inf, 2, 1, 1, 1, 1, 10, 509, 3919, 2, 72, 48, 444, 66, 2, 2, 3, inf, 1, 30, 3, 10, 981, 1, 1, 2, 1, inf, 323, 250, inf, 6, 69, 6, inf, 1, 26, 2, 1, inf, 7, 44, 1, 232, 1346, inf, 7, 17, 1, 1, 20857, inf, 6, 71, 1, 1, 1, 1, 2, 1, 1, 170, 1, inf, inf, 2, 213, 15, 27, 3, 1, 1, 16, 1, 1, 7, 2, 36, 3, 5, 2, inf, 36, 31, 1, inf, 12, 398, 1, 16, 17, 38, 1, 2, inf, 903, 5, 12, 1, 1, 4, 1, 3, 1, 3, 4, 1, 1, inf, 5, 2, 1, inf, 707, 2, 1, 377, 1, 25, 3, 1, 2, 1962, 1, 16, 2, 2859, 3, 8, inf, 17, 1, 2, 2, 2, inf, 1, 1, 1, 102, 1, 2, 1, 18, 2, 22, 86, 6, 41, 1, 2, 103, 1, 10, 2265, inf, 3, 3, 25, 183, 1, 1, 1, 1, 4, 2, inf, 2, 1, 3, 59, 1, inf, 1376, 5, 2, inf, 1, 1, 31, 2, 16, inf, 7, 31, 58, 1, 90, 60, 21, 7, 253, 2, 1, inf, 1, 1, 2, 2, inf, 2, inf, 1, 6, 1, 1, 1, 1, 2, 2, 1, 2, 3, 2857, 52, 9, 10, 59642, 2, 11, 19, 1, 2, 1, 1, inf, 26, 210, 1, 11, 1886, 2085, 37, 624, 30, 2, 64, 34, 31, 1, 5, 1, 1, 99, 361, 2, 5, 2, 12, 41, 9, 1, 34, 13, 6, 614, 111, 2, 143, 10, 9, 3, 1, 32, 9, 18, 13, 633, 59, 21, 958, 3, 474, 57, inf, inf, 1, 67, 49, 83, 265, 3, 135, 1, 18, 11, 31, 1, 21, 5881, 392, 3, 2, 3, 16, 7, 4, 40, 1, 2, 57, inf, 112, 1, inf, 4229, inf, 15, 2, 1, 2, 2929, 35, 2, 37, 479, 3993, 2, 1574, 111, 1, 1, 1, 6289, 577, 47, 1, 1, 17, inf, 84, 27, 7, 4, 3, 2, 22, 30, inf, 65, 1, 1, 1, 1, 32, 56, 3, 94, 23484, 2, 3, 2, 9, 18, 1, 9, 34, 1, 11, 4, 31, 53, 1, 579, 7, 1, 2, 1, 2, 104, 19, 1, 4, inf, 320, 12, 2284, 1, 353, 20, 4, 62, 7, inf, 1, 17804, 9, 863, 1, 3, 13, 90, 1, 3, 2, 2, 2, inf, 5, 17, 3, 1, 13, 2, 36, 70, 17, 2, 1, 34, 347, 284, 87, 2027, 1, 506, 4, 4, 1, 1, 3, 18, 8, 85, 1954, 2, inf, 1, 1, 2, 2, 1, 1, 435, 11, 1111, 2, 1, 1, 1, 6, 222, 218, inf, 145, 1, 1, 1, 2, 12, 6, 7, 419, 1, 14, 1, 4, 2, 1217, 5, 17, 1, 2, 2, 4, 13, 2, 1, 44, 1, 2, 8, inf, 69, 170, 2, 6, 22, 260, inf, 1, 73, 18, 842, 6, 901, 508, 16, 20, 2, 2, 1, 1, 118, 2202, 23, 1, 2, 9, 7, 1, 106, 19, 1, 193, 217, 1, 100, 1, 148, 2, 1, 9934, 96, 1, 73, 1, 233, 16, inf, 51, 5, 48, 41, 118, 1, 2, 1, 10, 87, inf, 2, 1, 1, 119, 1, 3, inf, 13, 117, 1, 39, 6, 1, 1, 1, 15, inf, 5, 2, 2014, inf, 21, 6, 2, 12679, 1, 9493, 15, 1423, 24837, 35176, 1, inf, 2093, 31, 65, 8, 22, 11, 1, 1, 4, 16, 792, 7, 67, 4, 52, 18636, 227, 23, 179, 20, 19, inf, 1, 2, 36, 8, 11, 1, 11, 6692, 565, 137, 931, 5064, 605, 8, 1, 4, 5, 1, 1, 1, 46516, 1, 1, 137, 1, 1, 4, 36, 1, 241, 550, 1, 4, 10, 58, 4, 27, 27, 2, 95, 416, 2, 4, 5, 26, 17, inf, 1, 113, 4, 29, 2, 2, 7, 2241, 9, 5, 1, 27, 16, 1, 4, 3, 4, inf, 48, 6, 277, 204, 2, 13, 4, inf, 19, 9, 1, 1, 3, 22, 13, 1, 3, 242, 1, 537, 1840, 1, 177, 8, 1, 3, 2, 97, 510, 2, 1, 3, 2, 22, 126, 1, 15, 4, 1, 325, 1, 3745, 1, 140, 1, 1, 15, 16, 2, 1, 1, 351, inf, 1, 1638, 1, 1, 3, 1, 1, 1, 1, inf, inf, 1, 7, 12, 9, 1, 34, 1, 1, 1, 1204, 1, 41, 1, 3, 30, 853, 6925, 2437, 17, 26, 3, 1, 4, 1, 126, 10, 194, 6, 162, 14, 2, 1, 192, 2, 1061, 3, 28360, 1, 1, 1, 11, 197, 3, 1860, 41240, inf, 132, inf, 2, 7, inf, 8, 5, 1, 2750, 28, 1, inf, 1, 1, inf, 850, 1, 1, 2, 2, 1, 7, 292, 231, 5, 2, 28, 2, 1, 1, 13, 188, 6965, 10552, 1, 23, inf, 1, 4, 310, 1, 35, 590, 6, 24, 7, 128, 5, 1, 1, 127, 1, 7, 13, 3, 9, 45, 17, 35, 4, 320, 14, 7, 1, 44, 33, 4, 35, 1, 2, 1, 18, 4, 15, 2, 95, 95, 1, 2, 4511, 902, 1, 7, 1, 6, inf, 20, 1, 38, 5, 7, 11, 4, 2116, 21, 44, 2, 1, 152, 30, 3, 4, 19, 1, 35, 8768, 95, inf, 2, 6, 2, 3, inf, 3, 3, 1, 1, 1, 1, 1, 153, 1, 43, inf, 2, 1, 15, 904, 4, 1, 31, 1, 641, 3, 14, 22, 5, 1, 1, 3, 2, 2, 128, 1, inf, inf, 265, 2, 14, 1, 1, 112, 1, inf, 1, 11141, 6, 90, 1, 363, 14, 1, 4, 941, 24, 1, 1, 4, 6, 1, 1, 1, 38, 12, 4, 932, 1, 882, 1, 317, 4, 4, 38, inf, 267, 3, 1, 1647, 1, 1, inf, 15, 1, 24022, 1, 1, inf, 8, 1, 1, 2, 1, 14, 2, 1, 1, 1, 53, 43, 1, 1, 1, 6, 13, 36, 4, 1, 1, 1, 1, inf, 1, 3, 1, inf, 1, 1, 1, 1, 24, 12, 17, 3, 1, 4, 1, 122, 104, 12, inf, inf, 129, 1, 1, 12, 58, 8, inf, 1, 3, 1, 3, 186, 1523, 29, 3, 2, 3, inf, 1, 2132, 9, 1, 63, 926, 1, 71, 1, 84, 223, 16180, 202, 10, 601, 45, inf, 13, 294, 2, 1, 1, 3, 1, 1, 74, 34, 1139, 3, 281, 1, 17415, 1, 3, 30, 307, 1, 3, 6, 2, 5558, 2, 13422, 138, 38, 33, 1, 29, 3, 1, 2, 169, 2, 1, 1, 3, 16, 1729, 292, 1, 10, 113, 259, 706, 16, 1, 74, 1, 37, 18, 1, 9, 8, 1, 1, 2, 1, 2, 3, 1, 1277, 2, 43, 5, 1, 409, 1, inf, 3, 16, 6, 1, 10, 1, 85, inf, 26, 1, 1, 1, 9, 56, 61, 1, 1, 30, 13, 1, 1, 1, 7, 26, 74, 1, 1, 1, 1, 1, 454, 5, 1, 60, 30, 42, 1, 1, 4, 602, 16570, 105, 16, 114, 568, 4, 1, 384, 676, 49, inf, 1, 52, 172, 69, 2, 1, 128, 19153, 248, 1, 1, 8, 1, 1252, 17, 2, inf, 3, 811, 67, 4, 68, inf, 87, 1, 1, 152, 76447, 7, 1, 2, 107, 4, 5, 2, 189, 1, 379, inf, 8, 1, 108, 33, 1, 2, 208, 11, inf, 63, 54, 2, 3, 2, 19, 291, 1, 435, 1, inf, 3, 138, 1, 68, 144, 2, 1, 1, 15, 1, 220, 3, 70, 32, 1, 8, 4, 2186, 2, 11, 1, 2, 129, 2, 1, 9, 5, 1, 18, 2, 19, 135, 1, 16, 1, 196, inf, 12, 1, 1, inf, 1, 6710, 11, 1, 1, 1, 425, 435, 1, 15, 1, 294, 4069, 18, 11, 2, 1, 52, 9, 8, 2, 1, 1, 21, 1, 1, 9, 2, 5, 14, 4, 13, 57, 419, 1, 2, inf, 1, 1, 1, 2346, 1, 178, 6148, 2, 1, 1, inf, 30, 99, 1, 4, 1, 3217, 8, 20, 281, inf, 2, 127, 4, 1, 2, 3, 1, 3, 5, 33, 1, 1, 5, 2, 1, 14, 134, 28, 1, 1, 13, 30, 57140, 1, 8, 2, 2, 20, 9, 3, 1, 18, inf, 15253, 1, 1, 82, 12, 1, 35, 7, 1, 1, 1, 1, 2, 2, 445, 7, 1, 2, 1, 1, 64, 4, 20, 2, 10, 63, 1, 2, 7218, 29, 4, 1, 1433, 3, 1, 1, 2, 2, 232, 3, 149, 9, 2, 52, 1, 27, 16, 13, 1, 406, 11, 466, 5, 5, 1, 1, 1, 1, 395, 31, 25, 1, 55, 1, 1658, 1, 13582, 5, 136, 3, 1, 1, 6, 2, 1, 1, inf, 1, 1, 1, 28, 1, 57, inf, 4, 60, 421, 22, 5, 22, 4, 2, 19, 10162, 2828, 5, inf, 4556, 3, 11, 36, 1, inf, 1, 31, 318, 6, inf, 4, 301, 1, 481, 2, 1, 1, 37, 2, 1, 3, 51, 12, 1, 1, 9, 4, 12, 3, 1, 3, 12, 20, 4, 10, 1, 4, inf, 14, 8, 11, 226, 155, 1, 3, 36, 1, 1, 2, 172, inf, 6, 3, 1, 11, 3899, 6, 1, 3, 19, 2, 58, 2, 192, 4026, 174, 10, 5, 1, 1, 6, 289, 1103, 2, 31, 5359, 1, 2, 1, 1, 13, 1, 149, inf, 1, 63, 492, 602, 34, 6, 1, 1, 1, 7, 1, 3, 1, 22, 1, 10063, inf, 235, 6, 1, 133, 1557, 223, 72, 247, 2, 11, 214, 4, inf, 32, 22, 6, 30, 2, inf, inf, 38, 157, 2, 1, 4, 1, 1, 1, 2536, 1, 1, 2, 8, 4, 74, 28, 15, 183, 20, 5, 1, 1, 1, 3, 2, 21, 6, 1, 7, 5, 12, 103, 53, 1, 416, 1281, 1, 1, 8, 1, inf, 2, inf, 4, inf, 33, 1, 30, inf, 1208, 1, 1, 5, 318, 6, 138, 1, 1, 16, 3, 1, inf, 1, 1, 1, 350, 37, 1, 52, 1, 45, 188, 2, 221, 113, 4, 1, 1, 103, 3, 1, inf, 14, 1, 8, 29, 482, 1, 2, 166, 184, 4, inf, 1, 754, 3, 2, 1, 1, 1, 12, 7, 569, 23, 3, 2, 1, inf, 2924, 3, inf, 1, 111, 14, 1, 60, 6, 3, 79, 48, inf, 1, 1, 1, 1411, 477, 2, 246, 2, 2, 5, 3, 1, 292, 1, 2, 58, 1, inf, 2, 20, 55, 66, 1, 1, 1, 2, 2, 79, 53, 1, 1, inf, 1, 61, 11, 57, 2, 136, 1010, 21, 282, 67, 123, 2, 1, 1, 1, 3, inf, 120, 3, 5, 1, 10, inf, 10, 32, 199, 2, 1, 40, 19, 1, 8, 1, 47, 92, 210, 3, 1, 61, 2, 86, 6, 19, 1, 243, 2, 7, 1, 3, 13, 56, 10, 15, 1, 51, 8, 1, 2, 1, 14, 1, 521, 157, 4, 222, 3, inf, 1, 1, 1, 34, 491, inf, inf, 1415, 6, 28, 1, inf, 621, 358, 7, 1, 2, 45, 6, 3, 1, 102, 1, 10, 9, 46, 1, inf, 1, 1, 10, 1, 10, 862, 15, 1, 153, 67, 3, 64, 3, 23, inf, 1492, 739, 1, 17, 3680, inf, 16, 173, 1, 61, 1, 20, 15784, 75, 429, 15, 655, 1, 1, 1, 4, 1, 121, 36, 17, 1, 2, 2, 10, 18, 3, 24, 111, 1, 297, 2, 89, 2, 89, 8, 151, 1, 7, 45, 3, 41, 1, 2, 1, 594, 182, inf, inf, 2, 2, 32, 2, 1, 1, 1, 1, 1, 7, 1, 7, 39, 3, 8, 63, 6, 1973, 4, inf, 5621, 20, 3287, 9, 1, 750, 47, inf, 1, 3, 127, 92, 3, 6, 2, 1, 25, 2, 1, inf, 30, 1, 1374, 3, 382, 1, 5, inf, 29, 41, 2, 2, 256, 10, 1026, 1, 24, 33, inf, 1, 188, 1, 1, 7, 220, 3, 23202, 1, 18, 21, 3, 43, inf, 58790, 1, 16, 3, 3200, 1, 417, 7, 3169, 23, 1, 1, 4, 112, 16, 284, inf, inf, 3, 2, 7, 8, 1, 2967, 2, 1, 79, 1051, 55, 81, inf, 13583, 1, 45, 8, 1, 11, 10, 2, 2, 11, inf, 1, 6, 1, inf, 903, 9, 10, 4, 1, 10, inf, 75, 2, 1, 75, 134, 1, 22, 133, 3, 5, 68, inf, 1, 6, 4, 199, 2, 4, inf, 1, 18, 1, 1, 3477, 73, inf, 1, 1, 887, 4, 1, 1, 192, 2, 1886, 64351, 1, 624, 6, 16, 11, 15, 1, inf, 160, 1, inf, 1, 1, 31, 1, 13, 1311, 1, 3, 23, 1, 360, 76, 2, 1, 865, 1, 4, 1, 1, 75, 35, 55, 1, 416, 1, 4, 5, 159, 1280, 1, 3, 90, 81, 1, inf, 560, 108, 1428, 9896, 36, inf, 1, 161, 1, 51, 6, 276, 2, 186, 6957, 968, 7, 47, 11, 25, 30, 21, 1, 1, 12, 1, 77, 5626, 1, 1, 1, 1, 7, 26, inf, 2, inf, 1, 1, 52, 1, 3, 7, inf, inf, 224, 46, 126, 3443, 3, 2, 13, 1, 14, 92, 71, 106, 404, 2, 1, 60, 1, inf, 71, 6, 4, 78, 2, 367, 1, 2677, 1, 4, 18, 1, 2, 2, 1, 1, inf, 1, 6, 6, 1, 1, 504, 1, inf, 1, 1, 176, 1, 1050, 8092, 865, 2, 1, 8, 2, 1, 1, 1, 1, 1, 6, 10, 2, 14, 1892, 93, 3, 2, 12, 1, 19, 14, 7, 6348, 1, 441, 3, 2, 509, 38, 1, 17, 4, 1, 2, 1, 8, 1, 2, inf, 11, inf, 1, 6, 1, 5, 20, 5, 1, 3, 1, 2, 221, 102, inf, 1, 1, 1, 6, 2, 1, inf, 1, 1, 2, 142, 119, 5, 1, 2, 4, 1, 2, 1, 16, 20, 158, 2, 6, 1, 2, 1, 9676, 89, 5, 10, 1, 608, 1, 1090, 5, 597, 39, 4, 43, 1, 9, inf, 19, 8, 9, 5, 37, 2, 2, inf, 2, 106, 1, 668, 3, 30, 41, 3, 2, 3, 12, 1, 2, 2, 6, 16, 35, 482, 135, 143, 3, 3, 183, 2306, 302, inf, 47, 16, 620, 1, 20, 6, 1, 63, inf, 35, 2, 5, 1, 1841, 1, 13, 200, 1, 620, 19, inf, 123, 17, 351, 1, 76, 13, 1, 1, 331, 121, 1, 1, 198, 729, 1, 1, 1, inf, 7, 4, 278, 1, 187, 5, 36, 9, 4, 575, 63, 4, 1, 516, 6, 3, 1, 16, 625, 89, 1, 1, 6, 7, 2, 7, 1, 134, 399, 1, 494, 26, 1, 1, 1, 88, 2, 5, 1745, 18, 1, 22, 24, 26, 1, 464, 11, 413, 1, 4, 142, 3, 472, 1, 3, 4, 29, 16, 15, 70, 1, 1, 5, 2, 26, 119, 1, 75, 35485, 96, 4, 1, 3, inf, 1, 416, 300, 2, 1, 2, 1, 1, 52, 4, inf, 1, 1, 1, 2, 1, 29, 46, 2, 19284, 21, 67, 5, 1, 500, 3, 15, 1, 3710, 88, 4, 2, 1, 2, 7, 2, 1, 4, 31, inf, 5, 1, 162, 17, 2, 8, 1, 194, 1, 4, 4, 3, 39, 3803, 1, 5, 397, inf, 34, 1, 48, 1, 1, 2, 9, 17447, 2, 7, 4, 59, 2, 11, 2, 5, 20, 34, 137, inf, 66, 1, 1, 2, 2, 1, 1300, 50899, 1, 1, 1181, 1, 7, 1, 2, 119, 10, 1, 1, inf, 1, 5, 1, 1, 1, 15, 4, 1, 2, 1, 4, 602, 5, 12, 50, inf, 2, 1, 4, 7, 23, 3, 17, inf, 3, 45, 2, 188, 1, 343, inf, 1, 46, 11, inf, 751, 2, 1, 43, inf, 199, 13, 1, inf, 13, 1, 3, 3, 3, 288, 5, 3, 781, 125, 5, 21, 297, 6, 3, 2, 1, 3, 5, 14, 49, 19, 328, 1, 2, 248, 2, 43, 24, 18495, 5, 4, inf, 113, 509, inf, 204, 7883, 3, 6, 1227, 474, 451, 2, 1, 1, 3, 1, 1, 8, 39, 1, inf, 41, 1, 493, 2, inf, 1, 23, 15, 1, 28, 65, 3, 1306, 9030, 9, 1, inf, 6, 1, 1, 17, 1, 5, 2, 1, 1, 4, 1, 1, 2, 3, 13, inf, 1, 5880, inf, 1, 45, 285, 11, 3, 1, 2, 12, 98, 2, inf, 1, 1, 7, 3, 23, 132, inf, 5, inf, inf, 9, 2, 1, 1, 2, 15, inf, 2, 39, 1, 1, 2, 14, 1, 1, 466, 10, 8, 1, 17, 7, 5872, 3, inf, 9, 4, 7, 25, inf, 16, inf, 7, 11, 1, 3, 140, 2, 111, 873, 74, 97, 3, inf, 1, 47, 5, inf, 1407, 4, 211, 4, 1, 324, 2332, 48, 2, 3, 1392, 1, 70, 2, 1, 1, 50, 2, 2, 30, 808, 952, 1, 220, 1, 1, 2, 2, 1, 88, 326, 2, 2, 7, 1, 273, 214, 1, 49, 30, 1, 36, 1, 3, 25, 1, 220, 190, 3, 3089, 2, 146, 1, 16, 50, 2, 6, 546, 1, 79, inf, 47285, 7, 120, 1072, 9, 2, 2, 18, 30, 1, 1, 1, 86, 3, 2, 3, 196, 40, 32, 1, 6, 1855, 1, 1, 20, 1, 127, 47, 1, 1, 1, 3, 1, 1, 1, 115, 1, 1, 1, 12, 1, 3, 1, 32, 5, 170, 1, 8, 9, inf, 76, 44, 108, 35, 16344, 1, 91, 67, 77, 1, 412, 1, 5, inf, 1, 2, 4, 1, 1, 9, 47, 1, 1, 830, 42, 1, 1, 76, 12, inf, 532, 15, 1, 1, 63, 13, 2, 1, 3, 2, 21, 1, 316, 4, 1, 1, 11, 1, 21, 1, 2018, 852, 877, 4468, 6, 1, 13, 2, 16, 45, 1, 4, 8, 1, 7, 12, inf, 16, 5, 409, 1, inf, 176, 8, 4, 709, 15, 12, 17, 7, 696, 6, 2, 8, 3, 1, 2, 2, 17, 1, 14727, 3, 233, 1, 4, 9, 1, 1, 1, 87, 4, 100, 1, 12, 1, 1, 6, 182, 1, 3, 1, 121, 1, 1, 2, 2, 1, 42, 54, inf, 1, 17, 1, 170, 4, 45, 1, 11880, 3885, 1112, 2, 7, 3, 2, 5, 1, 8, inf, inf, 49, 3, 6335, 2, 56, 7, 1, 7, 30, 30, 11, 2, 2, 2486, 1, 1, 1, 49, 1, 3, 1, 25, 47, 15, 2, 6786, 9, 496, 102, 388, 13, 58, 5, 52, 3, 1, 8, 1, 40, 1, inf, 1, 1, 4, 4, 38, 27, 22, 3, 2, 1, 89, 8, 3, 10, 1, 1, 1, 3, 1, inf, 1, 2, 1, 6, 10, 16, 1, inf, 23, inf, 25, 6, 1, 301, 2, 1, 534, inf, 6, 1, 1, 848, 1, 1, 10082, 1, 9, 1, 1, 1, 1, 40, 87, 1, 57, 56, 1, 3, inf, 499, 454, 54, 1, 294, 61, 2, 1, 7, 138, 1, 1, 32, 3, 1, 8, 1, inf, inf, 322, 1, 1, 8, 310, 3, 1, 23, 65, inf, 103, 478, 2, 32, 502, 14, 1, 106, 1, 1, inf, 73, 2, 194, 41, 179, 2, 2, 2553, 2, 3, 1, 2, 77, 1, 6, 1, 4, 11, 1, inf, 1, 144, 1, 3, 9, 124, 14, 1, 839, 1, 1, 1, 3, 1, 16, inf, 4, 35, 17, 40, 1, 1, 12, 94, 1, 448, 1, 2, 186, inf, 42, 3, 10, 25, inf, 2, 1, 2, 1, inf, 1171, 250, inf, 1, 6, 3, 14, 1, inf, 7, 1, 2, 51, 93, 12694, 11971, 150, 60, 11, 56, 126, 6, 7, 73, 2069, 123, inf, inf, 1, inf, 1, 26, inf, inf, 3, 10, inf, 1, 3171, 763, 1, 41, inf, 1, 18, 3, 3, inf, 1, 1, 2, 53, 113, 79, 27, 3, 13, 32, 989, 1, 1, 2, 1, inf, 17, 3, 1, 5, 1, 1, inf, 1, 2, 1, 2, 5, 8485, inf, 1, 2, 1, 2, 2, 1, 643, 8, 16, 848, 27, 457, 30, 147, 2687, 1, 8, 1, 1, 1, 81, 119, 8, 534, 10, 62, 74, 13, 1, 9, 1, 10, 2, 1, 8, inf, 800, 124, 872, inf, 1, 38, 1, 57434, 3, 7, 13, 3, 30, 1, 12, 118, 6, 2, 3, 14, 1, 28, 5, inf, 2, inf, 212, 4, 35, 2, 1, 369, 1, 6, 1, 1, 1, 7, 34, 1, 1, 1, 6, 28, 1, 57, 197, 1, 1, inf, 17, 8, 14, 6462, 1, 642, 1, 1, 1, 1, 5, 1, 3, 3281, 1, 24, 9, 8, 470, 1, inf, 1, 2, 2, 5, 1, 1, 38, 28, 1, inf, 7, 1564, 1, 1, 8, 1, 10, inf, 3, 3, 3, 302, 6, 2, 8, 1, 6, 1, 431, 11, 3, 116, 12, 1, 95, 1, 2, 2, 1, 1334, 1, 133, 489, 98, 38, 1, 1, 1, 7, 1, 159, 1, 1270, 391, 171, 429, 29, 1, 1, 5, 1, 9, 545, 1, 2, 2, 10, 1, 41, 1770, 208, 118, 1, 3, 98, 2, 1, 1, inf, 43, 1, 34, 189, 1, 4595, 56, 10, 1, inf, 37, 62, 11, 1, 287, 1, 1, 2, 31, 1157, 19, 1, 11, 2, 76, 9, 2, 2, 1, 1, 1, 1, 1, 8404, 1, 1, 2, 1, 10093, 11824, 27, 3, 5, 1, 1, 264, 37, 4, 153, 1, 1, 2, inf, inf, 20, 30, 4, 1, 21, 14, 45, 1, 1, 20, 1, inf, 1, 324, 31, 1320, 16, 2, 439, 22, 1, 1629, 1, 92, 1, 5, 6, 221, 2, 1, inf, 597, 8038, 6, 2, 1, 7, inf, 1, 1, 4, 80, 2, 2, 1, 98, 603, 29, 1, 4, inf, 53, 61, 42, 82, 15, 1, 3, 4, 1, 1, 5, 2809, inf, 7, 1, 6, 1, 24, 87, 239, 2, 1, 14, 2, 1, 57, 50, inf, 1, 1850, 18, 2, 1, 1, 2, 44, 1, 18, 740, 50, 5484, 1, 1, inf, 9884, 7, 82, 57, 27, 16, 1, 3, 7435, 15, 2, 6, 53, 1, 36, 22, 2, 1, 1, 75, 1, inf, 2, 909, 100, 351, 837, 4, 13, 1805, 1, 3, 1, 4, 4405, 18879, 2, 1, 1716, 5255, 15, inf, 3366, 102, inf, 13, 1, 2, 418, 1, 1, 3, inf, 107, inf, 4, 25, 1, 8, 1, 159, 3, 1, inf, 12, 1, 1311, 2, 22, 2, 1, inf, 799, 2, 1130, 124, 2, 175, inf, 4, 14, 24804, 1100, inf, 1, inf, 3, 1, 3, 1, 17, 26, 57, 75, 75, 23, 355, 9, 4256, 4, inf, 1, 45, 42, 163, 15, 3, 2, inf, 1, 3, 1, 1, inf, 12, 431, 55, 19, 139, 797, inf, 1, inf, 1, 1, 1236, 153, 4565, 64, inf, 1, 1, 1, 1011, 1, 3366, 3091, 24, 16, inf, 1, 10, 505, 36, inf, 3, 1, 69, 2, 49, 6, 161, 3, 1, 30, 1, 1, inf, 2, 123, 10, 2545, 28, 1, 1, 1, 1, 1, inf, inf, 3, 22, 2, 20, 1, 1, 38, 74, 132, 1, 1, 11, 86, 852, 1, 1, 54, 301, 1, 3, 1, 3, 1, 1, 194, 1, 1, 9, 2, 1, 263, inf, 10, 1, 1, 47, 2955, 1, 1, 3, 1, 2, 220, 1, 2, 50, 2, 14, 1, 185, 2795, 1, 4, 1, 57, 44, 8, inf, inf, 2, 7, 4548, 153, 1, 22, 576, 32, inf, 28, 14, inf, 2, 1, 1, inf, inf, 8, 1, 3166, 1, 58, 3, 39, 2, 2, inf, 1, 7, inf, 72, 14, 7, 1, 1296, 1, 199, 2, 7927, 1, 1, 10, 274, 1, 39, 4, 3, 56, 39, 4, 57, 49, 12, 108, 43, 154, 3, 109, 1, 1, 18, 502, 1, 5, 3, 4, 65, 1, 117, 1, 38, 14, 14, 22, 1, 6, 372, 71, 1, 10, 1, 1, 2, inf, 2, 1, 1, 5, 2, 37205, 1911, 26, 130, 1, 3, 6, 41, 25, 7, inf, 7, 1, 1, 2, 2, 128310, 1, 12, inf, 3, inf, inf, 7, 1, 4, 7, 2, 2, 1, inf, 1, 3, 4, 23, inf, 1, 1, 1, 1, 1491, inf, 25, 13, 1, inf, 13, 2, 1, 1, 46, 1, 8, 24, 2, 1, 1, inf, 1, 57, 64, 7, 5, 2, 6, 2, 62, inf, 1, 1, 1, 1, 1, 1, 2, 1, 1, 32, 32202, 6009, 2, 581, 3387, 8, 10, 42, 119, 1, 6, 1, 52, 52, 1, inf, inf, 1, 1, 1, 37, inf, inf, 61, 1, 13, 8, inf, 67, 81, 1, 1, 84, 6, 57, 1, 1, inf, 19, 1, inf, 3, 9, 96, 1, 1, 19, inf, 574, 135, 9]
2022-08-23 Tuesday 07:48:50:INFO: It completed at: 2022-08-23 07:48:50.609125
2022-08-23 Tuesday 07:48:50:INFO: Completed after: 3 days, 11:32:55.575989
