2022-08-19 Friday 13:02:55:INFO: {'bug_database': 'dataset/mozilla/mozilla_soft_clean.json', 'database_name': 'mozilla', 'epochs': 12, 'lr': 0.001, 'l2': 0.0, 'batch_size': 256, 'ranking_batch_size': 512, 'ranking_n_workers': 2, 'cuda': True, 'cache_folder': 'scratch/temp/', 'pairs_training': 'dataset/mozilla/training_split_mozilla_pairs_random_1.txt', 'pairs_validation': 'dataset/mozilla/validation_mozilla_pairs_random_1.txt', 'neg_pair_generator': {'type': 'non_negative', 'training': 'dataset/mozilla/training_mozilla.txt', 'rate': 1, 'pre_list_file': None, 'k': 0, 'n_tries': 15, 'preselected_length': None, 'random_anchor': True}, 'loss': 'bce', 'margin': 0, 'categorical': {'lexicons': 'dataset/mozilla/categorical_lexicons.json', 'bn_last_layer': False, 'emb_size': 20, 'hidden_sizes': [40], 'dropout': 0.0, 'activation': 'relu', 'batch_normalization': False, 'layer_norm': False}, 'compare_aggregation': {'word_embedding': 'word_embedding/mozilla/glove_42B_300d_mozilla.npy', 'norm_word_embedding': False, 'lexicon': 'word_embedding/mozilla/glove_42B_300d_mozilla.lxc', 'sent_representation': None, 'tokenizer': 'white_space', 'bow': False, 'frequency': False, 'extractor': {'update_embedding': False, 'filters': ['TransformLowerCaseFilter'], 'hidden_size': 150, 'dropout': 0.0, 'layer_norm': False, 'txt_field_emb_size': 5, 'field_word_combination': 'cat', 'emb_dropout': 0.0, 'scaled_attention': True, 'model': 'linear', 'use_categorical': False, 'bidirectional': True}, 'matching': {'type': 'full', 'scaled_attention': True, 'comparison_hidden_size': 100, 'dropout': 0.0, 'residual': True, 'layer_norm': False, 'attention_hidden_size': 200, 'attention': 'dot_product', 'comparison_func': 'submult+nn'}, 'aggregate': {'model': 'lstm', 'window': [3, 4, 5], 'nfilters': 100, 'hidden_size': 150, 'dropout': 0.0, 'bidirectional': True, 'num_layers': 1, 'self_att_hidden': 50, 'layer_norm': False, 'n_hops': 20}, 'classifier': {'hidden_size': [300], 'output_act': 'sigmoid', 'hadamard_diff_textual': True, 'hadamard_diff_categorical': True, 'textual_hidden_layer': 600, 'categorical_hidden_layer': 40, 'categorical_dropout': 0.0, 'dropout': 0.0, 'only_candidate': False, 'layer_norm': False, 'batch_normalization': False}}, 'random_switch': True, 'recall_estimation_train': None, 'recall_estimation': None, 'sample_size_rr_tr': 0, 'sample_size_rr_val': 0, 'rr_val_epoch': 100, 'rr_train_epoch': 100, 'ranking_result_file': None, 'optimizer': 'adam', 'lr_scheduler': None, 'save': None, 'save_by_epoch': None, 'load': None, 'recall_rate': {'type': 'sun2011', 'dataset': 'dataset/mozilla/test_mozilla.txt', 'result_file': None, 'group_by_master': True, 'window': 365}, 'pair_test_dataset': None, 'rep': {'model': None, 'input': None, 'training': None, 'rate': 1, 'neg_training': 10000, 'k': 1000}, 'rr_scorer': 'general', 'seed': 667602958}
2022-08-19 Friday 13:02:55:INFO: It started at: 2022-08-19 13:02:55.672938
2022-08-19 Friday 13:03:00:INFO: Turning CUDA on
2022-08-19 Friday 13:03:00:INFO: Using Categorical Information.
2022-08-19 Friday 13:03:00:INFO: Lexicon size: 96875
2022-08-19 Friday 13:03:00:INFO: Word Embedding size: 300
2022-08-19 Friday 13:03:00:INFO: Use white space tokenizer to tokenize summary information
2022-08-19 Friday 13:03:00:INFO: BoW=False and TF=False
2022-08-19 Friday 13:03:00:INFO: Using Summary and Description information.
2022-08-19 Friday 13:03:00:INFO: Using BCE Loss: margin=0
2022-08-19 Friday 13:03:03:INFO: Non Negative Pair Generator
2022-08-19 Friday 13:03:03:INFO: Using the following dataset to generate negative examples: Database: mozilla; Order by Date; Master report is the newest oneWe keep nested master reports; Database: mozilla; Order by Date; Master report is the newest oneWe keep nested master reports;. Number of bugs in the training: 137886
2022-08-19 Friday 13:03:16:INFO: Training size: 118578
2022-08-19 Friday 13:03:16:INFO: Validation size: 2418
2022-08-19 Friday 13:03:16:INFO: Adam
2022-08-19 Friday 13:03:16:INFO: Scheduler: Constant
2022-08-19 Friday 13:03:16:INFO: Epoch: 1
2022-08-19 Friday 13:03:16:INFO: LR: 0.001
2022-08-19 Friday 13:07:11:INFO: {'type': 'metric', 'label': 'training_loss', 'epoch': 1, 'value': 0.10935038699008034, 'sum': 12966.550188509747, 'num_example': 118578}
2022-08-19 Friday 13:07:11:INFO: {'type': 'metric', 'label': 'training_dist_target', 'value': (0.062014984423332205, 0.06324534655345164), 'epoch': 1}
2022-08-19 Friday 13:07:11:INFO: {'type': 'metric', 'label': 'training_acc', 'epoch': 1, 'value': 0.9578167956956603, 'num_correct': 113576, 'num_example': 118578}
2022-08-19 Friday 13:07:11:INFO: {'type': 'metric', 'label': 'training_precision', 'epoch': 1, 'value': 0.9583114981651306, 'positive': 56756.0, 'total': 59225.0}
2022-08-19 Friday 13:07:11:INFO: {'type': 'metric', 'label': 'training_recall', 'epoch': 1, 'value': 0.9572770595550537, 'positive': 56756.0, 'total': 59289.0}
2022-08-19 Friday 13:07:12:INFO: {'type': 'metric', 'label': 'validation_loss', 'epoch': 1, 'value': 0.11729048379535907, 'sum': 283.60838981717825, 'num_example': 2418}
2022-08-19 Friday 13:07:12:INFO: {'type': 'metric', 'label': 'validation_dist_target', 'value': (0.06487518701797877, 0.044829158767182735), 'epoch': 1}
2022-08-19 Friday 13:07:12:INFO: {'type': 'metric', 'label': 'validation_acc', 'epoch': 1, 'value': 0.9594706368899917, 'num_correct': 2320, 'num_example': 2418}
2022-08-19 Friday 13:07:12:INFO: {'type': 'metric', 'label': 'validation_precision', 'epoch': 1, 'value': 0.9527302384376526, 'positive': 1169.0, 'total': 1227.0}
2022-08-19 Friday 13:07:12:INFO: {'type': 'metric', 'label': 'validation_recall', 'epoch': 1, 'value': 0.9669148325920105, 'positive': 1169.0, 'total': 1209.0}
2022-08-19 Friday 13:07:47:INFO: Epoch: 2
2022-08-19 Friday 13:07:47:INFO: LR: 0.001
2022-08-19 Friday 13:11:29:INFO: {'type': 'metric', 'label': 'training_loss', 'epoch': 2, 'value': 0.05379221258048906, 'sum': 6378.572983369231, 'num_example': 118578}
2022-08-19 Friday 13:11:29:INFO: {'type': 'metric', 'label': 'training_dist_target', 'value': (0.02823983659151363, 0.0277569522254713), 'epoch': 2}
2022-08-19 Friday 13:11:29:INFO: {'type': 'metric', 'label': 'training_acc', 'epoch': 2, 'value': 0.9819190743645533, 'num_correct': 116434, 'num_example': 118578}
2022-08-19 Friday 13:11:29:INFO: {'type': 'metric', 'label': 'training_precision', 'epoch': 2, 'value': 0.9824561476707458, 'positive': 58184.0, 'total': 59223.0}
2022-08-19 Friday 13:11:29:INFO: {'type': 'metric', 'label': 'training_recall', 'epoch': 2, 'value': 0.9813624620437622, 'positive': 58184.0, 'total': 59289.0}
2022-08-19 Friday 13:11:29:INFO: {'type': 'metric', 'label': 'validation_loss', 'epoch': 2, 'value': 0.1570470974564158, 'sum': 379.7398816496134, 'num_example': 2418}
2022-08-19 Friday 13:11:29:INFO: {'type': 'metric', 'label': 'validation_dist_target', 'value': (0.025481403712106204, 0.1021672222020707), 'epoch': 2}
2022-08-19 Friday 13:11:29:INFO: {'type': 'metric', 'label': 'validation_acc', 'epoch': 2, 'value': 0.9470636889991728, 'num_correct': 2290, 'num_example': 2418}
2022-08-19 Friday 13:11:29:INFO: {'type': 'metric', 'label': 'validation_precision', 'epoch': 2, 'value': 0.9804444313049316, 'positive': 1103.0, 'total': 1125.0}
2022-08-19 Friday 13:11:29:INFO: {'type': 'metric', 'label': 'validation_recall', 'epoch': 2, 'value': 0.9123242497444153, 'positive': 1103.0, 'total': 1209.0}
2022-08-19 Friday 13:12:24:INFO: Epoch: 3
2022-08-19 Friday 13:12:24:INFO: LR: 0.001
2022-08-19 Friday 13:16:08:INFO: {'type': 'metric', 'label': 'training_loss', 'epoch': 3, 'value': 0.05503959323541148, 'sum': 6526.4848866686225, 'num_example': 118578}
2022-08-19 Friday 13:16:08:INFO: {'type': 'metric', 'label': 'training_dist_target', 'value': (0.028748049611000876, 0.028706181585988786), 'epoch': 3}
2022-08-19 Friday 13:16:08:INFO: {'type': 'metric', 'label': 'training_acc', 'epoch': 3, 'value': 0.9816998094081533, 'num_correct': 116408, 'num_example': 118578}
2022-08-19 Friday 13:16:08:INFO: {'type': 'metric', 'label': 'training_precision', 'epoch': 3, 'value': 0.9810020923614502, 'positive': 58247.0, 'total': 59375.0}
2022-08-19 Friday 13:16:08:INFO: {'type': 'metric', 'label': 'training_recall', 'epoch': 3, 'value': 0.9824250936508179, 'positive': 58247.0, 'total': 59289.0}
2022-08-19 Friday 13:16:09:INFO: {'type': 'metric', 'label': 'validation_loss', 'epoch': 3, 'value': 0.16962982460893414, 'sum': 410.16491590440273, 'num_example': 2418}
2022-08-19 Friday 13:16:09:INFO: {'type': 'metric', 'label': 'validation_dist_target', 'value': (0.018077864811576232, 0.10357909009316621), 'epoch': 3}
2022-08-19 Friday 13:16:09:INFO: {'type': 'metric', 'label': 'validation_acc', 'epoch': 3, 'value': 0.9491315136476427, 'num_correct': 2295, 'num_example': 2418}
2022-08-19 Friday 13:16:09:INFO: {'type': 'metric', 'label': 'validation_precision', 'epoch': 3, 'value': 0.9865591526031494, 'positive': 1101.0, 'total': 1116.0}
2022-08-19 Friday 13:16:09:INFO: {'type': 'metric', 'label': 'validation_recall', 'epoch': 3, 'value': 0.9106699824333191, 'positive': 1101.0, 'total': 1209.0}
2022-08-19 Friday 13:17:09:INFO: Epoch: 4
2022-08-19 Friday 13:17:09:INFO: LR: 0.001
2022-08-19 Friday 13:20:53:INFO: {'type': 'metric', 'label': 'training_loss', 'epoch': 4, 'value': 0.04791726643467245, 'sum': 5681.93361929059, 'num_example': 118578}
2022-08-19 Friday 13:20:53:INFO: {'type': 'metric', 'label': 'training_dist_target', 'value': (0.024862706621765405, 0.024822388265491966), 'epoch': 4}
2022-08-19 Friday 13:20:53:INFO: {'type': 'metric', 'label': 'training_acc', 'epoch': 4, 'value': 0.9838249928317225, 'num_correct': 116660, 'num_example': 118578}
2022-08-19 Friday 13:20:53:INFO: {'type': 'metric', 'label': 'training_precision', 'epoch': 4, 'value': 0.9827664494514465, 'positive': 58395.0, 'total': 59419.0}
2022-08-19 Friday 13:20:53:INFO: {'type': 'metric', 'label': 'training_recall', 'epoch': 4, 'value': 0.9849213361740112, 'positive': 58395.0, 'total': 59289.0}
2022-08-19 Friday 13:20:53:INFO: {'type': 'metric', 'label': 'validation_loss', 'epoch': 4, 'value': 0.23014762291393565, 'sum': 556.4969522058964, 'num_example': 2418}
2022-08-19 Friday 13:20:53:INFO: {'type': 'metric', 'label': 'validation_dist_target', 'value': (0.010991135099093908, 0.1357466048500181), 'epoch': 4}
2022-08-19 Friday 13:20:53:INFO: {'type': 'metric', 'label': 'validation_acc', 'epoch': 4, 'value': 0.935070306038048, 'num_correct': 2261, 'num_example': 2418}
2022-08-19 Friday 13:20:53:INFO: {'type': 'metric', 'label': 'validation_precision', 'epoch': 4, 'value': 0.9906716346740723, 'positive': 1062.0, 'total': 1072.0}
2022-08-19 Friday 13:20:53:INFO: {'type': 'metric', 'label': 'validation_recall', 'epoch': 4, 'value': 0.8784118890762329, 'positive': 1062.0, 'total': 1209.0}
2022-08-19 Friday 13:22:06:INFO: Epoch: 5
2022-08-19 Friday 13:22:06:INFO: LR: 0.001
2022-08-19 Friday 13:25:49:INFO: {'type': 'metric', 'label': 'training_loss', 'epoch': 5, 'value': 0.046286650509659834, 'sum': 5488.578444134444, 'num_example': 118578}
2022-08-19 Friday 13:25:49:INFO: {'type': 'metric', 'label': 'training_dist_target', 'value': (0.024058304854376614, 0.024140798731298513), 'epoch': 5}
2022-08-19 Friday 13:25:49:INFO: {'type': 'metric', 'label': 'training_acc', 'epoch': 5, 'value': 0.9846177199817842, 'num_correct': 116754, 'num_example': 118578}
2022-08-19 Friday 13:25:49:INFO: {'type': 'metric', 'label': 'training_precision', 'epoch': 5, 'value': 0.9826801419258118, 'positive': 58496.0, 'total': 59527.0}
2022-08-19 Friday 13:25:49:INFO: {'type': 'metric', 'label': 'training_recall', 'epoch': 5, 'value': 0.9866248369216919, 'positive': 58496.0, 'total': 59289.0}
2022-08-19 Friday 13:25:50:INFO: {'type': 'metric', 'label': 'validation_loss', 'epoch': 5, 'value': 0.18156462799329418, 'sum': 439.02327048778534, 'num_example': 2418}
2022-08-19 Friday 13:25:50:INFO: {'type': 'metric', 'label': 'validation_dist_target', 'value': (0.012530581826903388, 0.09505454521715592), 'epoch': 5}
2022-08-19 Friday 13:25:50:INFO: {'type': 'metric', 'label': 'validation_acc', 'epoch': 5, 'value': 0.9503722084367245, 'num_correct': 2298, 'num_example': 2418}
2022-08-19 Friday 13:25:50:INFO: {'type': 'metric', 'label': 'validation_precision', 'epoch': 5, 'value': 0.9874664545059204, 'positive': 1103.0, 'total': 1117.0}
2022-08-19 Friday 13:25:50:INFO: {'type': 'metric', 'label': 'validation_recall', 'epoch': 5, 'value': 0.9123242497444153, 'positive': 1103.0, 'total': 1209.0}
2022-08-19 Friday 13:28:08:INFO: Epoch: 6
2022-08-19 Friday 13:28:08:INFO: LR: 0.001
2022-08-19 Friday 13:31:47:INFO: {'type': 'metric', 'label': 'training_loss', 'epoch': 6, 'value': 0.054882155067492486, 'sum': 6507.816183593124, 'num_example': 118578}
2022-08-19 Friday 13:31:47:INFO: {'type': 'metric', 'label': 'training_dist_target', 'value': (0.029197143650305356, 0.029173788241768743), 'epoch': 6}
2022-08-19 Friday 13:31:47:INFO: {'type': 'metric', 'label': 'training_acc', 'epoch': 6, 'value': 0.9809070822580918, 'num_correct': 116314, 'num_example': 118578}
2022-08-19 Friday 13:31:47:INFO: {'type': 'metric', 'label': 'training_precision', 'epoch': 6, 'value': 0.9782772660255432, 'positive': 58320.0, 'total': 59615.0}
2022-08-19 Friday 13:31:47:INFO: {'type': 'metric', 'label': 'training_recall', 'epoch': 6, 'value': 0.9836563467979431, 'positive': 58320.0, 'total': 59289.0}
2022-08-19 Friday 13:31:48:INFO: {'type': 'metric', 'label': 'validation_loss', 'epoch': 6, 'value': 0.24057789522818634, 'sum': 581.7173506617546, 'num_example': 2418}
2022-08-19 Friday 13:31:48:INFO: {'type': 'metric', 'label': 'validation_dist_target', 'value': (0.007719620239571957, 0.11185354275383962), 'epoch': 6}
2022-08-19 Friday 13:31:48:INFO: {'type': 'metric', 'label': 'validation_acc', 'epoch': 6, 'value': 0.9478908188585607, 'num_correct': 2292, 'num_example': 2418}
2022-08-19 Friday 13:31:48:INFO: {'type': 'metric', 'label': 'validation_precision', 'epoch': 6, 'value': 0.9927206635475159, 'positive': 1091.0, 'total': 1099.0}
2022-08-19 Friday 13:31:48:INFO: {'type': 'metric', 'label': 'validation_recall', 'epoch': 6, 'value': 0.9023987054824829, 'positive': 1091.0, 'total': 1209.0}
2022-08-19 Friday 13:37:49:INFO: Epoch: 7
2022-08-19 Friday 13:37:49:INFO: LR: 0.001
2022-08-19 Friday 13:41:23:INFO: {'type': 'metric', 'label': 'training_loss', 'epoch': 7, 'value': 0.07675638180018947, 'sum': 8655.203124552965, 'num_example': 112762}
2022-08-19 Friday 13:41:23:INFO: {'type': 'metric', 'label': 'training_dist_target', 'value': (0.042051731196459816, 0.04195815739724938), 'epoch': 7}
2022-08-19 Friday 13:41:23:INFO: {'type': 'metric', 'label': 'training_acc', 'epoch': 7, 'value': 0.9724375232791188, 'num_correct': 109654, 'num_example': 112762}
2022-08-19 Friday 13:41:23:INFO: {'type': 'metric', 'label': 'training_precision', 'epoch': 7, 'value': 0.9696718454360962, 'positive': 54993.0, 'total': 56713.0}
2022-08-19 Friday 13:41:23:INFO: {'type': 'metric', 'label': 'training_recall', 'epoch': 7, 'value': 0.9753817915916443, 'positive': 54993.0, 'total': 56381.0}
2022-08-19 Friday 13:41:24:INFO: {'type': 'metric', 'label': 'validation_loss', 'epoch': 7, 'value': 0.29615133833155544, 'sum': 716.093936085701, 'num_example': 2418}
2022-08-19 Friday 13:41:24:INFO: {'type': 'metric', 'label': 'validation_dist_target', 'value': (0.0029871847535998886, 0.16792382160625346), 'epoch': 7}
2022-08-19 Friday 13:41:24:INFO: {'type': 'metric', 'label': 'validation_acc', 'epoch': 7, 'value': 0.9263854425144747, 'num_correct': 2240, 'num_example': 2418}
2022-08-19 Friday 13:41:24:INFO: {'type': 'metric', 'label': 'validation_precision', 'epoch': 7, 'value': 0.9971070289611816, 'positive': 1034.0, 'total': 1037.0}
2022-08-19 Friday 13:41:24:INFO: {'type': 'metric', 'label': 'validation_recall', 'epoch': 7, 'value': 0.8552522659301758, 'positive': 1034.0, 'total': 1209.0}
2022-08-19 Friday 13:45:19:INFO: Epoch: 8
2022-08-19 Friday 13:45:19:INFO: LR: 0.001
2022-08-19 Friday 13:48:59:INFO: {'type': 'metric', 'label': 'training_loss', 'epoch': 8, 'value': 0.04986724889830435, 'sum': 5913.158639863133, 'num_example': 118578}
2022-08-19 Friday 13:48:59:INFO: {'type': 'metric', 'label': 'training_dist_target', 'value': (0.026285375535239814, 0.026796859053111008), 'epoch': 8}
2022-08-19 Friday 13:48:59:INFO: {'type': 'metric', 'label': 'training_acc', 'epoch': 8, 'value': 0.9827539678523841, 'num_correct': 116533, 'num_example': 118578}
2022-08-19 Friday 13:48:59:INFO: {'type': 'metric', 'label': 'training_precision', 'epoch': 8, 'value': 0.9794144034385681, 'positive': 58473.0, 'total': 59702.0}
2022-08-19 Friday 13:48:59:INFO: {'type': 'metric', 'label': 'training_recall', 'epoch': 8, 'value': 0.9862369298934937, 'positive': 58473.0, 'total': 59289.0}
2022-08-19 Friday 13:49:00:INFO: {'type': 'metric', 'label': 'validation_loss', 'epoch': 8, 'value': 0.2285444452015204, 'sum': 552.6204684972763, 'num_example': 2418}
2022-08-19 Friday 13:49:00:INFO: {'type': 'metric', 'label': 'validation_dist_target', 'value': (0.006091233148764144, 0.11165604303453065), 'epoch': 8}
2022-08-19 Friday 13:49:00:INFO: {'type': 'metric', 'label': 'validation_acc', 'epoch': 8, 'value': 0.9503722084367245, 'num_correct': 2298, 'num_example': 2418}
2022-08-19 Friday 13:49:00:INFO: {'type': 'metric', 'label': 'validation_precision', 'epoch': 8, 'value': 0.9954504370689392, 'positive': 1094.0, 'total': 1099.0}
2022-08-19 Friday 13:49:00:INFO: {'type': 'metric', 'label': 'validation_recall', 'epoch': 8, 'value': 0.9048800468444824, 'positive': 1094.0, 'total': 1209.0}
2022-08-19 Friday 13:53:40:INFO: Epoch: 9
2022-08-19 Friday 13:53:40:INFO: LR: 0.001
2022-08-19 Friday 13:57:22:INFO: {'type': 'metric', 'label': 'training_loss', 'epoch': 9, 'value': 0.048251275065879486, 'sum': 5721.539694761857, 'num_example': 118578}
2022-08-19 Friday 13:57:22:INFO: {'type': 'metric', 'label': 'training_dist_target', 'value': (0.025649012613932678, 0.025999595762278317), 'epoch': 9}
2022-08-19 Friday 13:57:22:INFO: {'type': 'metric', 'label': 'training_acc', 'epoch': 9, 'value': 0.9832683971731687, 'num_correct': 116594, 'num_example': 118578}
2022-08-19 Friday 13:57:22:INFO: {'type': 'metric', 'label': 'training_precision', 'epoch': 9, 'value': 0.9797726273536682, 'positive': 58513.0, 'total': 59721.0}
2022-08-19 Friday 13:57:22:INFO: {'type': 'metric', 'label': 'training_recall', 'epoch': 9, 'value': 0.9869115948677063, 'positive': 58513.0, 'total': 59289.0}
2022-08-19 Friday 13:57:22:INFO: {'type': 'metric', 'label': 'validation_loss', 'epoch': 9, 'value': 0.28546584650837165, 'sum': 690.2564168572426, 'num_example': 2418}
2022-08-19 Friday 13:57:22:INFO: {'type': 'metric', 'label': 'validation_dist_target', 'value': (0.00444044766530111, 0.12370675136670285), 'epoch': 9}
2022-08-19 Friday 13:57:22:INFO: {'type': 'metric', 'label': 'validation_acc', 'epoch': 9, 'value': 0.9454094292803971, 'num_correct': 2286, 'num_example': 2418}
2022-08-19 Friday 13:57:22:INFO: {'type': 'metric', 'label': 'validation_precision', 'epoch': 9, 'value': 0.9963133931159973, 'positive': 1081.0, 'total': 1085.0}
2022-08-19 Friday 13:57:22:INFO: {'type': 'metric', 'label': 'validation_recall', 'epoch': 9, 'value': 0.894127368927002, 'positive': 1081.0, 'total': 1209.0}
2022-08-19 Friday 14:03:23:INFO: Epoch: 10
2022-08-19 Friday 14:03:23:INFO: LR: 0.001
2022-08-19 Friday 14:06:45:INFO: {'type': 'metric', 'label': 'training_loss', 'epoch': 10, 'value': 0.05455150513149964, 'sum': 5799.370510529727, 'num_example': 106310}
2022-08-19 Friday 14:06:45:INFO: {'type': 'metric', 'label': 'training_dist_target', 'value': (0.02951758714599002, 0.02949295145762672), 'epoch': 10}
2022-08-19 Friday 14:06:45:INFO: {'type': 'metric', 'label': 'training_acc', 'epoch': 10, 'value': 0.9807732104223498, 'num_correct': 104266, 'num_example': 106310}
2022-08-19 Friday 14:06:45:INFO: {'type': 'metric', 'label': 'training_precision', 'epoch': 10, 'value': 0.9759736061096191, 'positive': 52401.0, 'total': 53691.0}
2022-08-19 Friday 14:06:45:INFO: {'type': 'metric', 'label': 'training_recall', 'epoch': 10, 'value': 0.9858150482177734, 'positive': 52401.0, 'total': 53155.0}
2022-08-19 Friday 14:06:46:INFO: {'type': 'metric', 'label': 'validation_loss', 'epoch': 10, 'value': 0.511049897242815, 'sum': 1235.7186515331268, 'num_example': 2418}
2022-08-19 Friday 14:06:46:INFO: {'type': 'metric', 'label': 'validation_dist_target', 'value': (0.0014812138530127612, 0.21880469941422404), 'epoch': 10}
2022-08-19 Friday 14:06:46:INFO: {'type': 'metric', 'label': 'validation_acc', 'epoch': 10, 'value': 0.8999172870140613, 'num_correct': 2176, 'num_example': 2418}
2022-08-19 Friday 14:06:46:INFO: {'type': 'metric', 'label': 'validation_precision', 'epoch': 10, 'value': 0.9989680051803589, 'positive': 968.0, 'total': 969.0}
2022-08-19 Friday 14:06:46:INFO: {'type': 'metric', 'label': 'validation_recall', 'epoch': 10, 'value': 0.8006616830825806, 'positive': 968.0, 'total': 1209.0}
2022-08-19 Friday 14:12:47:INFO: Epoch: 11
2022-08-19 Friday 14:12:47:INFO: LR: 0.001
2022-08-19 Friday 14:13:52:INFO: {'type': 'metric', 'label': 'training_loss', 'epoch': 11, 'value': 0.08555886512343079, 'sum': 2997.127045273781, 'num_example': 35030}
2022-08-19 Friday 14:13:52:INFO: {'type': 'metric', 'label': 'training_dist_target', 'value': (0.04786213619042695, 0.04731351867798836), 'epoch': 11}
2022-08-19 Friday 14:13:52:INFO: {'type': 'metric', 'label': 'training_acc', 'epoch': 11, 'value': 0.9686554381958321, 'num_correct': 33932, 'num_example': 35030}
2022-08-19 Friday 14:13:52:INFO: {'type': 'metric', 'label': 'training_precision', 'epoch': 11, 'value': 0.9611775875091553, 'positive': 17108.0, 'total': 17799.0}
2022-08-19 Friday 14:13:52:INFO: {'type': 'metric', 'label': 'training_recall', 'epoch': 11, 'value': 0.9767627716064453, 'positive': 17108.0, 'total': 17515.0}
2022-08-19 Friday 14:13:53:INFO: {'type': 'metric', 'label': 'validation_loss', 'epoch': 11, 'value': 0.7369632220544334, 'sum': 1781.97707092762, 'num_example': 2418}
2022-08-19 Friday 14:13:53:INFO: {'type': 'metric', 'label': 'validation_dist_target', 'value': (0.0006112530234552796, 0.2825352200996393), 'epoch': 11}
2022-08-19 Friday 14:13:53:INFO: {'type': 'metric', 'label': 'validation_acc', 'epoch': 11, 'value': 0.8738626964433416, 'num_correct': 2113, 'num_example': 2418}
2022-08-19 Friday 14:13:53:INFO: {'type': 'metric', 'label': 'validation_precision', 'epoch': 11, 'value': 0.9988962411880493, 'positive': 905.0, 'total': 906.0}
2022-08-19 Friday 14:13:53:INFO: {'type': 'metric', 'label': 'validation_recall', 'epoch': 11, 'value': 0.7485525012016296, 'positive': 905.0, 'total': 1209.0}
2022-08-19 Friday 14:19:55:INFO: Epoch: 12
2022-08-19 Friday 14:19:55:INFO: LR: 0.001
2022-08-19 Friday 14:20:23:INFO: {'type': 'metric', 'label': 'training_loss', 'epoch': 12, 'value': 0.1326676769651931, 'sum': 1978.6057342588902, 'num_example': 14914}
2022-08-19 Friday 14:20:23:INFO: {'type': 'metric', 'label': 'training_dist_target', 'value': (0.07551043986698666, 0.07504501159891008), 'epoch': 12}
2022-08-19 Friday 14:20:23:INFO: {'type': 'metric', 'label': 'training_acc', 'epoch': 12, 'value': 0.9502480890438514, 'num_correct': 14172, 'num_example': 14914}
2022-08-19 Friday 14:20:23:INFO: {'type': 'metric', 'label': 'training_precision', 'epoch': 12, 'value': 0.9431173205375671, 'positive': 7146.0, 'total': 7577.0}
2022-08-19 Friday 14:20:23:INFO: {'type': 'metric', 'label': 'training_recall', 'epoch': 12, 'value': 0.9582942128181458, 'positive': 7146.0, 'total': 7457.0}
2022-08-19 Friday 14:20:24:INFO: {'type': 'metric', 'label': 'validation_loss', 'epoch': 12, 'value': 0.6910854757473033, 'sum': 1671.0446803569794, 'num_example': 2418}
2022-08-19 Friday 14:20:24:INFO: {'type': 'metric', 'label': 'validation_dist_target', 'value': (0.0002476757097421399, 0.3184918702585427), 'epoch': 12}
2022-08-19 Friday 14:20:24:INFO: {'type': 'metric', 'label': 'validation_acc', 'epoch': 12, 'value': 0.8631100082712986, 'num_correct': 2087, 'num_example': 2418}
2022-08-19 Friday 14:20:24:INFO: {'type': 'metric', 'label': 'validation_precision', 'epoch': 12, 'value': 1.0, 'positive': 878.0, 'total': 878.0}
2022-08-19 Friday 14:20:24:INFO: {'type': 'metric', 'label': 'validation_recall', 'epoch': 12, 'value': 0.7262200117111206, 'positive': 878.0, 'total': 1209.0}
2022-08-19 Friday 14:20:24:INFO: Calculating recall rate: sun2011
2022-08-19 Friday 16:13:40:INFO: RR calculation - 500 duplicate reports were processed
2022-08-19 Friday 17:58:35:INFO: RR calculation - 1000 duplicate reports were processed
2022-08-19 Friday 19:50:08:INFO: RR calculation - 1500 duplicate reports were processed
2022-08-19 Friday 21:37:05:INFO: RR calculation - 2000 duplicate reports were processed
2022-08-19 Friday 23:21:30:INFO: RR calculation - 2500 duplicate reports were processed
2022-08-20 Saturday 01:07:51:INFO: RR calculation - 3000 duplicate reports were processed
2022-08-20 Saturday 02:57:26:INFO: RR calculation - 3500 duplicate reports were processed
2022-08-20 Saturday 04:45:07:INFO: RR calculation - 4000 duplicate reports were processed
2022-08-20 Saturday 06:25:33:INFO: RR calculation - 4500 duplicate reports were processed
2022-08-20 Saturday 08:06:15:INFO: RR calculation - 5000 duplicate reports were processed
2022-08-20 Saturday 09:48:20:INFO: RR calculation - 5500 duplicate reports were processed
2022-08-20 Saturday 11:25:42:INFO: RR calculation - 6000 duplicate reports were processed
2022-08-20 Saturday 12:08:45:INFO: [] Throughput: 0.0793526134535579 bugs per second (bugs=6229 ,seconds=78497.72967648506)
2022-08-20 Saturday 12:08:45:INFO: {'type': 'metric', 'label': 'recall_rate', 'k': 1, 'rate': 0.36843795151709746, 'hit': 2295, 'total': 6229, 'epoch': 0}
2022-08-20 Saturday 12:08:45:INFO: {'type': 'metric', 'label': 'recall_rate', 'k': 2, 'rate': 0.4670091507465083, 'hit': 2909, 'total': 6229, 'epoch': 0}
2022-08-20 Saturday 12:08:45:INFO: {'type': 'metric', 'label': 'recall_rate', 'k': 3, 'rate': 0.5201476962594317, 'hit': 3240, 'total': 6229, 'epoch': 0}
2022-08-20 Saturday 12:08:45:INFO: {'type': 'metric', 'label': 'recall_rate', 'k': 4, 'rate': 0.5578744581794831, 'hit': 3475, 'total': 6229, 'epoch': 0}
2022-08-20 Saturday 12:08:45:INFO: {'type': 'metric', 'label': 'recall_rate', 'k': 5, 'rate': 0.5850056188794349, 'hit': 3644, 'total': 6229, 'epoch': 0}
2022-08-20 Saturday 12:08:45:INFO: {'type': 'metric', 'label': 'recall_rate', 'k': 6, 'rate': 0.6047519666078022, 'hit': 3767, 'total': 6229, 'epoch': 0}
2022-08-20 Saturday 12:08:45:INFO: {'type': 'metric', 'label': 'recall_rate', 'k': 7, 'rate': 0.6212875260876545, 'hit': 3870, 'total': 6229, 'epoch': 0}
2022-08-20 Saturday 12:08:45:INFO: {'type': 'metric', 'label': 'recall_rate', 'k': 8, 'rate': 0.6366993096805266, 'hit': 3966, 'total': 6229, 'epoch': 0}
2022-08-20 Saturday 12:08:45:INFO: {'type': 'metric', 'label': 'recall_rate', 'k': 9, 'rate': 0.648579226200032, 'hit': 4040, 'total': 6229, 'epoch': 0}
2022-08-20 Saturday 12:08:45:INFO: {'type': 'metric', 'label': 'recall_rate', 'k': 10, 'rate': 0.6612618397816664, 'hit': 4119, 'total': 6229, 'epoch': 0}
2022-08-20 Saturday 12:08:45:INFO: {'type': 'metric', 'label': 'recall_rate', 'k': 11, 'rate': 0.6678439556911222, 'hit': 4160, 'total': 6229, 'epoch': 0}
2022-08-20 Saturday 12:08:45:INFO: {'type': 'metric', 'label': 'recall_rate', 'k': 12, 'rate': 0.6777973992615187, 'hit': 4222, 'total': 6229, 'epoch': 0}
2022-08-20 Saturday 12:08:45:INFO: {'type': 'metric', 'label': 'recall_rate', 'k': 13, 'rate': 0.684700593995826, 'hit': 4265, 'total': 6229, 'epoch': 0}
2022-08-20 Saturday 12:08:45:INFO: {'type': 'metric', 'label': 'recall_rate', 'k': 14, 'rate': 0.6903194734307272, 'hit': 4300, 'total': 6229, 'epoch': 0}
2022-08-20 Saturday 12:08:45:INFO: {'type': 'metric', 'label': 'recall_rate', 'k': 15, 'rate': 0.694975116391074, 'hit': 4329, 'total': 6229, 'epoch': 0}
2022-08-20 Saturday 12:08:45:INFO: {'type': 'metric', 'label': 'recall_rate', 'k': 16, 'rate': 0.6993096805265693, 'hit': 4356, 'total': 6229, 'epoch': 0}
2022-08-20 Saturday 12:08:45:INFO: {'type': 'metric', 'label': 'recall_rate', 'k': 17, 'rate': 0.7047680205490447, 'hit': 4390, 'total': 6229, 'epoch': 0}
2022-08-20 Saturday 12:08:45:INFO: {'type': 'metric', 'label': 'recall_rate', 'k': 18, 'rate': 0.7105474393963718, 'hit': 4426, 'total': 6229, 'epoch': 0}
2022-08-20 Saturday 12:08:45:INFO: {'type': 'metric', 'label': 'recall_rate', 'k': 19, 'rate': 0.7144003852945898, 'hit': 4450, 'total': 6229, 'epoch': 0}
2022-08-20 Saturday 12:08:45:INFO: {'type': 'metric', 'label': 'recall_rate', 'k': 20, 'rate': 0.7184138706052335, 'hit': 4475, 'total': 6229, 'epoch': 0}
2022-08-20 Saturday 12:08:45:INFO: {'type': 'metric', 'label': 'MAP', 'value': 0.46770160261943855, 'sum': 2913.3132827164827, 'total': 6229, 'epoch': 0}
2022-08-20 Saturday 12:08:45:INFO: [4, 10, 6, 9, 5, 1, 2, 2, 1, 15, 2, 5, 1, 1, 2, 23, 1, 2, inf, 1, 1, 212, 8, 1, 82, 158, 35, 3, 231, 1270, 1, 1, 1, 2, inf, 18, 1, inf, 1, 1, 1, 1, 1, 61, 3, 1, 1, 2, 2, 2, 1, 13, 26965, 1, 2, 9, 4, 1, 3, 1, 26, 6, 17, inf, 2, 2, inf, 6, 193, 5, 1, 2, 1701, 3, 73, 12, 120, 4, 3, 1, 24, 1, 1, 1, 18, 1, 1, 1, 18, 9440, 1, 6, 2, 1, 125, 2, 1, 1, 1, 1934, 3, 69, 4111, 1885, 85, 1, 1, 1, 86, 18, 1, 60, 296, inf, 1, 1, 1, 8, 1, 1, 12, 1, 356, 1, 1, 1, 1, 1, 67, 1, 6, 1, 37, 25, 71, 2, 1, 1, 5, 14, 1, 30, 2703, 10, 2, 2, 2, 10, 1, inf, inf, 6, 17, 23, 3, 3, 1173, 1, 663, 12, 1, 62, 1, 73, 5, 1, 22, 2, 1, 2, 1, 4, 1, 2, inf, 3, 1, 1, 3, 37, 1, 1, 1, 4, 3, 1, 3, 1, 422, 1, 4, 42, 12, 3, 197, 1, 1, 3, 28, 72, 1, 4, 2, 2, 52, 1, 1, 2, 9, 3, 8, 2, 10, 3, inf, 2, 2, 2253, 1, 8, 2, 1, 360, 1, 1, 3, 1, 1, 11, 873, 1, inf, 1, 1, 1, 1, 15, 36, inf, 12, 2, 1, 2, 7, 48, 1, 12, 14, 2, 1, 1, 4821, 1, 1, 1, 1, inf, 21, inf, 1, inf, 8, 4, 1, 1, 1, 162, 1, inf, 12325, 6, 5, 1, 1, 1, 40, 39, 3, 33, 2, 7, 2, 1, 1, 1, 39, 2, 1, 1, 1, 38, 11, 1, 100, 2608, 1065, 1, 47, 1, 15708, 10, 1, 1, 1, 4, 95, 16, 1, 1, 1, 10, 109, 4, 1, 691, 1, 1, 1, 1, 1, 1, 2, 2, 1, 6, 228, 3, 1783, 20, 11, 1809, 1, 1, 4, 1, 1, 1, 2, 3, 1, 4, 1, 3, 10, 14, 1, 2, inf, 2343, 1, 675, 4, 1, 13, 1, 1, 22, 57, 3, 1, 22, 65, 22, 1, 2465, 1, 1, 7, 2, 3, 1, 1, 1, 1, 1, 52, 1, 1, 32, 4, 1, 1, 1, 1, 78, 2, 246, 1, 83, 10, 37, 8, 7, 1, 27, 1, 7, 1, inf, 3, 1, 3, 146, 1702, 1, 33, 1, 11, 1, 1, 2787, inf, 1, 283, 4, 7, 6, 1, 2, 1, 9, 7, 1, 1, 1, 1, 4, 1, 1, 31, 1, 1, 33, 2, 1, 1, 1, 37, 5, 1, 13, 1, 76, 200, 3, 89, 4, 1, 481, 5, 1, 62, 1, 14, 1, 3, 1, 1283, 1, 16, 1, 102, 2, 4, 1, 986, 3, 251, 1, 1677, 1, 11461, 2, 1, inf, 3, 1, inf, 21, 1, 1, 31, 1, 22, 2, 1, 110, 1, 1, 4, 43369, 1, 424, 1, 3, 1, 15, 3, 1, 173, 18, 1, 1, 694, 1, 21, 1, 1, 8, 1, 2, 2, 78, 5, 6, inf, 1, 1, 4, 1, 445, 4, 1, inf, 2, 1, 23, 3, 5, 1, 2, 1, 1, 1, 1, 181, 1, 3, 1, 727, 1, 1, 10, 2, 2, 6, 4, 40, 1, 1, inf, 63, 2, 1, 2, 4107, 2, 1, 1, 1, 1, 27, 1, 13, 1, 18, 24, 1, 1, 1713, 1181, 1, 1, 1, 2, 1, inf, 248, 80, 3, 1, inf, inf, 14, 543, 32, 2, 1, 6, 19, 1, inf, inf, 1, 1, 2, 1, 15, 1, 433, 1, 1, 1, 37, 5, 7, 1, 6, 1, 2074, 14, 2, 4549, 22, 1, 1, 44, 12, 29, 56, 1, 4, 1, 1, 7, 15, 231, 2, 1, inf, 1, 1, 100, 1, 58, 21, inf, 9, 1, 1, 1, 1, inf, 1, 1, inf, 1, 4, 644, 4, 2, 4, inf, inf, 72, 1, 22, 10, 1, 1, 1, 1, 1, 2, 43, 2, 8, 1, 2, 2, 157, 216, 82, 19, 7, 1, inf, 4, inf, 3, 10, 32, 64, 1, 6, 8, 48, 1, 1, 15, 1, 2, 1, 4, 1, 1, 1, 65, 58, 16, 5, 1, 11103, 2, 2, 18, 1, 1, 51, 3, 1, 845, 20, 7, 5, 81, 1, 3, 12, 41, 2, 75, 1, 1, 4, 174, 2, 156, 11, 2, 174, 1, 3, 63, 22, 32688, 1, 5, 477, 22, 1, inf, 1, 12, 419, 2, inf, 2, 36, 1, 1, 1251, 1, 1, 1, 1, 1, 18, 1, inf, inf, 13, 1, 17, 6, 15, 1, 255, 1, 4, 1, 43, 27, 238, 192, 6, 20, 1, inf, 5, 2, 67, 12589, 1, 26, 1, 3, 3, 1, 1, inf, 5, 1, 18, 27, 130, 12, 1, 3, 1, 3, 4, 1, 15, 16, 49, 23, 1299, 1, 1, 1, 1, 20, 1, 1, 4, 858, 13, 2, 7, 173, 73, 52, 15, inf, 24, 3, 1, 1, 302, 1, 55, 1, 31, 1, inf, 1, 51, 82, 139, 49, 14, 13, 4, 1, 1, 1, 2, 1, 20, 3, 18, 12, 1, 1, 33, 5, 5496, 10, 2, 1, 1, 1, 1, 28870, 1129, 1770, 200, 17, 1, 1, 1, 3, 1, 2, inf, 35, 1, 10, 13, 20, 1, 1, 1, 3, 1, 1, 12, 2533, 2209, 80, 5, 5, 1, 1, 1, 19, 4, 3, inf, 1, 1, 1, 1, inf, 32, 2, 12, 4, 5, 78, 194, 1, 1038, 24, inf, 1, 189, 21, 180, 1, 1, 2, 3, 6, 1, 1, 3, 2, 190, 4, 84, 54, 66, 4, 3, 410, 3, 1, 18, 1, 1, 20, inf, 3, 1, 2, 27, 1, 1, 1, inf, 9, 1, 6, 1217, 1, 4, inf, 16, 1, 2, 1, 110, 16, 1, 2, 17, 1, 26, 29, 2, inf, 2, 1, 2, 3, 1, 2, 4, 1286, 1, 5, 1, 5, 6, inf, 7, 2, 5, 1, 27, 1, inf, 35, 6, 1, 6, 102, 9, 33, 1, 1, 62, 432, 1, 1, 1, 3, 30, 1, 1, 4, 3, 3, 4, 1, 4, 1, 2, 20, 10449, 1, 1, 256, 10, 1, 1, inf, 40, 1, 12, inf, 1, inf, 1, 1, 1, 1, 11, 3, inf, 61, inf, 1, 1, 2, 30, 1, 25, 2, 3190, 8, 11, 1, 2, 2, 12, 77, 1, 18, 2, 2, 49, 1, 1, 1, 212, 1, 2, 1, 10, 33, 3, 2, 2, inf, inf, 1, 5, inf, 3, 2, 60, 1, 6, 1, 1, 10, inf, 1, 2, 7, 64, 3, 9, 54, 404, 1, 3, 40, 245, 5, 7, 3, inf, 1, 1, 22, 4, 1, 2, inf, 82, 1, 1, 77, inf, 15, 1, 1, 3, 8, 3155, 8, 49, 6, inf, 2, 13, inf, 87, 81, 10, 19002, 155, 1, 3, 9, 14, 1, 16, 17856, 3, 1, 1, 3, inf, 4, 1, 1, 166, 1, 5, 1, 1651, 1, 906, 4, 1, 3, 109, 31, 2, inf, 1, 108, 1, 10, inf, inf, 4, 1, 1, 1, 566, 1, 2, 5, 32, 1, 2, 20, 7, 1, 79, 9, 1, 2, 1, 3, 2, 1, 22, 294, 23, 266, 1, 1, 1, 8, 19, 1, 2, 1, 1, 5886, 19, 1, 5, 1, 110, 1, 4, 8, 4, 1, 201, 1, 10, 1, 10, 8, 1, 13, 2, 3, 2, 416, 1, 2, 1, 46, 7, 1, 2, inf, 7, 1, 1, 19483, 2, 1, 1, 4, 1, 223, 1, 10, 2, 4, 8, 17, 1, 1, 2, 1, 8314, 6, 1291, 1, 17, 1, 1, 325, 1, 4944, 2, 1, 1, 1, 1, 2, 2, 1, 2, 10, 1, 195, 12, 10, 1, 1, 1, 2, 1, 1, 1, 7, 6, 5, 226, 5, 2, 2, 280, 1, 1454, 1, 1, 1, 11, 1, 127, 1, 1, 17657, 1, 2, 5, 5441, 1, 1, 2, 1, 1, 1, 1, 29, 1, 1, 91, 1, 1, 3, 1, 1, 1, 1, 1, 2474, 1, 2, 2, inf, 214, 1, 8, 1, 4, 2, 40, 1, 3, 1, 6, 1, 21012, 1, 40219, 9, 5, 2, 1904, 70, 1, 1270, 2, 7, 16, 5, 1, 1, 540, inf, 4221, 819, 1, 1, 3, 31, 1, 1, 64, 3, 1, 1, 1, 1, 9, 1, 1, 1, inf, 10, 21, inf, 77, 1, 37, inf, 1, 1, 14, 8, 3, 21, 10, 1, inf, 2, 2, 201, 13, 1, 21, 3, 18, 1, 1, 65, 4, 1, 1, 9, 5, 1, 1, 2, 1, 6, 1, inf, inf, 1, 1, 358, 141, 67, 1, 411, 1, 3, 1, 3, 1, inf, 1, 2, 1, 5680, 2, 1, 8, 1, 1, 1, 1, 34, 10, 5, inf, 1, 6, 4, 1, 1, 1, 1, 1, 3, 20, inf, 295, 160, 730, 108, 43, 49, 2, 1, 1, 2, 1, inf, 1, 1, inf, 1, 24, 1416, 1, 5, 1, 22, 1, 131, 58, 1, 95, inf, 90, 1, 41, 5, 2, 2, 2, 1, inf, 1, 1, 21, inf, inf, 1, 1, 1, 776, 1, 1, 2, inf, 1, 8, 1, 193, 124, 1, 2, 46, 1, 1, 1, 24, 1, 2, 129, 1, 1, 1, 78, 22, 15, 1, 1369, 316, 4, 6, 2, 1508, 1, 1, 1, 1, 2, 1900, 1, 1, 1, 3, 219, 7, 4, 3, 1, 402, 1, 1, 6, 829, 1, 5, 2, 1, 4, 7, 120, 1, 5, 1, 3, 2, 1, 1, 1, 1, 5, 1, 1694, 1, inf, 1, 1, 1, inf, 34, 308, 1, 15, 39, 85, 56, 198, 10, 174, 1, 4, 22, 3682, 1, inf, 1, 4907, 4, 2, 3, 1, 1, 5, 2, 1, 5, 5, 1, 4, 4, 8, 2, 3, 2, 1, 152, 2, 1, 3, 7454, 137, 8, 145, 1, 3, 1, 9712, 1727, 1, 1, 2, 1, 3, 1, 2, 1, 2, 1, 1, 1, 19, 4, inf, 3, 11, 442, 9405, 12, 14, inf, inf, 1, 1, 10, inf, 1, 18, 1, 1, 1, 14, 36, 1, 2, 368, 2, 51, inf, 42, 63, 1, 2, 9, 1, 1, 4, 1, 3, 1, 12, 1, 1, 2, 262, 1, 9, 1, 2, 13, 7, 75, inf, 1, 7, 2, 7, 2, 10, 1, 38, 2, 114, 13, 11, 8, 2, 1, 1, inf, 3, 36, 42, 4, 3, 3145, 57, 60, 1, 1, 675, 1, 28, 9, 5, 1, 94, 2, 2, 54, 1, inf, 82, 1, 106, 3, 30, 12, 109, 188, 6, 56, 53, 1, 5, 2, 10, 4, 65, 6, 1, 1, inf, 2, 1, 1, 6, 13, 26, 1, 5152, 30, 2, 1, 9, 1, 8, 1, 2, 6, 3, 5, 2, 1, 22, 5, inf, 1, 2, 1, 8, 3, 1, 37, 2, 5, 1, 5, 15, 4, 2, 4, 3, 1, 1, 3, 1, 4, 46, 2, 2, 269, 9526, 7, 33, 1, 1, 1, 1, 55, 1, 1, 1, 14, 677, 8, 6, 100, 2, 1, 6, 98, 1, 1, 1, 107, 1, 7, 1, 1, 4529, 1, 65, 930, 41, 1, 1, 1, 1, 43, 1, 59, 1, 4, 4, 557, 1, 1, 1, 1, 45, 1, 4, 5, 7, 1, 1, 1, 43, 1, 5, inf, 6, 32, 1, 1, 13464, 18, 29, 4, 105, 5, 1, 1, 1, 30, 9, 66, 36, 9, 1, 1, 2, 1, 1, 1, 10, 2, 2, 976, 1, 1, 6, 1, 18, 2, 7, 1, 1, 8, 1, inf, 1, 2454, 34, 5, 260, 4, 3, 1, 5, 7, 1, 760, 1, 1, 10, 3, inf, 1, 1, 5, 2, 1, 9, 1, 1, 15, 1, 481, 1, 5, 2011, 51, 3, 2, 1, 4, 10, 1, 1, 2, 7, 5, 1, 5, 10, 1, 1471, 1, 2, 1, inf, 2, 6, 3, 4, 1, 4, 1, 1, 1, 3, 36, 346, 2, 1, 2, 1, 27, 135, 2, inf, 46, 3, 1, 2, 2, 1, 1, 6, 5, 1, 1, 2, 685, 2, 1, 370, 2, 2, 12, 2, 2135, 6, 3554, 1, 1, 192, 2, 25, 1, 1, 1, 1, 42, 18, inf, 9, 1, 1250, 69, 6, 1, 27, 1, 15, inf, 6, 131, 2, inf, 3, 1, 7773, 21, 20, 1, 1, 1, inf, 1, 4, 58, 263, 1, 1, 23, 3, 5232, 1, 332, 1, 4, 1, 1, 1, 5, 1, 20, 1, 537, 112, 1, 140, 3, 7, 24, 1, 2, 1, 4, 5, 1, 1, 9, 62, 1, 28, 3, 2, 8, 2, 1, 1583, inf, 1, 1, 17, inf, 1, 26, 1, 4, 1, 1, 5, inf, 28, 1, 246, 3, inf, 3, 169, 3, 1, 1, 2, 85, 2, 1, 29, 12, 1001, 347, inf, 1, 4, 10, 2, inf, 1, 3, 1, 40, 2, 13, 1, 334, 1, 529, inf, inf, 315, 1, 1, 6, 1, 12, 7, inf, 1, 1, 1, 1, 1, 6, 1, 2, 1, 103, 1, 1, 1, 1, 2, 2, 2, 62, 4, 1, inf, 1, 371, 1, 1, inf, 543, 1, 1, 45, inf, 1, 1, 1, 1, 1, 1, 1107, 1, 1, 1, 1, 10, inf, 8, 1, 1, 17846, inf, 41, 7, 1, 1, 5, inf, 1, 780, 4, 1, 1, 35, 3, 23, 1, 2, 15, 19, 1, 21, 1, 1, 2, 23, 349, inf, inf, 39, 4, 91, 3, 1, 18, inf, 1, 1, 847, 2, 1, 118, 1, 1, 5, 19, 1, 4, 1, 8, 2, 1, 1, 1, 10, 1, 4, 5, 3, 1, 18, 43, 14, 1, 69, 15343, 3, 1, 1, 4, 1, 1, 1, 118, 10, 22, 70, 1, 2, inf, 1, 8, 1, 1, inf, inf, 286, 2, 1, 1, 1, 91, 3, 356, 5, 1, 2354, 3, 4, 1, 343, 1, 9939, 36, 1, 1, 1, 1, 1, inf, 1, 1, 4, 1, 1, 9, inf, 177, 1, 19, 2, 371, 13, 9, 1, 1, 1, 1, 103, 1, 1, 1, 1, 4, 1, inf, 4271, inf, 1, 1, 1, 437, 1, 2, 1, 4, 5, 1, 2, 1, inf, 1, 12, 1, 2, inf, 1, 1, inf, 6473, 7, 1, 31, 1, 1, 1, 1, 2, 2, 1, inf, 1, 1, 1, 1, inf, 1, 1, 2562, 1, inf, 1, 46, 2, 1, 1, 85, 4, inf, 1, 2, 1, 1, 14832, inf, 12, inf, 48, 1, 108, 3, 63, 1, 7, 9, 6930, 2180, 74, 1, 1, 1, 780, 2, inf, 1, inf, 1, 9, 2, 1, 56, 696, 1, inf, 2, 8, 1, 1, 231, 315, 1, 286, 86, 6, 1, 1, 8, 6, 1, 1, 2, 1, 1, 1, 1, 1, 9, 1, 1, 1, 1, 2, 3, inf, 5, 1, inf, inf, 1, 33, 606, 70, 1, 2, 1, 12, 1, 1, 2, 1, 2, 1, 1, 1, 1, inf, 2436, 1, 6, 10, 998, 4, 41, 1, 1, inf, 2, 13, 1, 1, 94, 3, 8, 1, 1, 1, 1, 1, 1, 48, 1, 204, 121, 1, 3, 31, 6, 2, 1, 1, 498, inf, 1, 28, 1, 1, inf, 8, 13, 57, 5, 714, 1, 5, 4, 1, 1, 1, 1, 1, 1, 1, 6647, 1, 59, 252, 163, 7, 1, 105, 2648, 1, 22, 9, 1306, 4, 8, 2, 32, 3, 87, 213, 7585, inf, 7, 65, 17, 3, 2, 3, 3499, 12159, 7, 95, 5, 4, 5, 24, inf, 1, 2682, 3, 1, 3, 99, 58, 107, 21, 2, 7, 1072, 48, 2, 32, 32, 32, 30, 2, 3, 2, 3, 1603, 1398, 1, 3, 1, 3, 1, 1, 1, 5, 1, 2, 1, 1, 1, 2370, 1, 114, 4, 3, 1, 1, inf, 23, 1, 1, 1, 1, inf, 2352, 42, 1, 1, inf, inf, 3, 4, inf, 1, 1, 1, 5, 2, 310, 19, 1, 1, 22, 7, 4, 1, 3, 7, inf, 91, 1, 37, inf, 3, inf, 3, 32, 33, 24, 13, 2, 5, 3, 3, 1, 1, 1954, 1, 1, 12, 1, 1817, 1, 3, 65, 1, 2, 1, 4, 14, 49, 2157, 37, 4, 1, 664, 2, 6, 1, 1, inf, 1095, 1, 2322, 26, 62, 1, 1, 34, 44, 5, 78, 1, 181, 1, 2, 654, 31, 70, 3, 1, 1, 18, 1, 3, 2, 1, 1, 5, 1, 2, 1, 1, 2, 2, 1, 1, 1, 1, 29, 5, 6, 76, 19, 1, 1, 1, 1, 71, 1, 2, 35, 3, 2, 1, 4, 18, 89, 1, 1, 1, 2, inf, 8834, 1, 1, 1, 23, 1, 10, 1, 2, 426, 2, 1, 2, inf, 4, 2, 65, 26, 2, 30, 1, 1, 1, 29, 1, 7, 10, 1, 4, 1, 1, 1, 1, 1, 1, 64, inf, 60, inf, 2, inf, 1, 3, 3, 1, 20, 1, 1, 1, 1, 1, 1, 1, 1, 4, 1, 1, 186, 148, 388, 22, 3, 1, 2, 8, 184, inf, 1, 1, 5, inf, 1, 21, 2, 24, 1, 103, 2, 1, 180, 2, 4, 1, 1, 1, 24, 1, inf, 6, 7761, 20, 427, 2, 1, 85, inf, 1, 1, 1, 1, 12, 1, 11, 1, 8, 1, 3, 2, 12, 2, 3, 1, 2080, 23, 177, 2, 9, 1, 1, 2, 1, 3, 297, 22, 141, 25, 6, 1, 17, 4, 99, 1, 1, 18, 1, 2, inf, 2, 4, 14, 5, 15, 1, 1275, 119, 2492, 1, 2, 31, 36, 24993, 1, 261, 8, 300, inf, 1, 1, 9, 1, 30, 14015, 67, 1, 2, 1, 1, 1, 1253, 928, 3, 1, 1308, 7, 3, 13, 1, inf, 17, 22, 2, 6, 3, 1, 91, 143, inf, 1, 193, 11, 1, 1, 15, 1014, 18, 1, 1523, 1, 5, 8, 2, 1, 3, 2, 6, 2, 1, 96, 39893, 2, 3, 1291, 407, 5, 1, 1, 5, 9, 33, 1, 1, 1, 4, 223, 1, 2, 1, 1, 146, 1, 75, 659, 1, 32, 4, 35, 1, 2, inf, 1, 7, 1, 1, 111, 2, 1794, 1, 5, inf, inf, 1, 92, 73, 1, 1, 1, 2, 1, 1, inf, 1, 1, 1, 16, 1, 13, 4, 118, 2, 1162, 11, 1, 1, 1, 3, 2, 4, 12, inf, 310, 6, 1, 1, 1, 1, 3, 28, 347, 1, 7, 169, inf, 13, inf, 2, 9, 1, 2, 445, 2, 11, 57, inf, 2, 1, 2, 1, 1062, 2, 1, inf, 2, 1, 345, 1, 87, 16, 18, 137, 1, 4, 47, 3, 1, 40826, 1191, 1, 1, 1, 6, 1, 1, 1, 1, 1, 2, 1, 1, 1, 8, 4, 2, 1, 2, 5, 1, 6, 11, 2, 1, 4311, 4, 9, 3, 24, 3, 1, 1, 1, 2, inf, 1, 22, 1, 1, 1, 3, 3, 4, 1, 10, 2, inf, 342, 26, inf, 1, 5, 1, 7, 6, 9859, 1, 3423, 12, 1, 50, 1, 1, 2109, 1, 3, 2, 5, 1, 388, inf, 25, 1, 3, 4, 2256, 2, 35, 180, 1, 3, 7995, 47, 223, 3, 5, 1, 2, 1, 5, 18, 11, inf, 1, 1, 67, 1, inf, 1, 417, 108, 1, 36856, 5980, 1504, 509, 1, 1, 3, 1, 9, 1, 1, 3, 7, 21837, 2, 1, 1, 105, 1, 1, 1, 3, inf, 228, 1, 2, 1, 20, 6, 2, inf, 2, 314, 1, 1, 1, 1, 4, 40, 5, 1, 13, 5, 12, 32, 2, 21, 15, 12, 1, 1, 2, 1, 1, 2, 3, 7, 3, 1, 1, 1, 1, 6, 2, 2418, 10, 1, 2, 1, 1, 35, 1, 1, 4, 32, 130, 2, inf, inf, 25, 1, inf, 1, 116, 3, 60, 1, 10, 12, 73, 1, inf, 1, 1, 1, 10, 33, 1, 17843, 1, 1, 1, 16, 1, 36, 1, 1, 19, 1, 10, 120, inf, 2, 1, 17, 45, 1, 6, 1, 1, 1, 1, 54, 1, 62, 7, inf, 3, 1, 1, 1, inf, 64, 5, 8, 2, 1, 1, 1, 94, 21, inf, 3, 22, 1, 1, 39, 11, 2, 546, 2, 2, 1, 1, 1, 1, 8, 323, 1, 183, 11, 45, 1, 6, 1, 15, 118, 2, 3, 1, 1, 1, 2, 4, inf, 1, 48, 17, inf, 1, 4, 1, inf, 1, inf, 22, 33, 1236, 9, 2550, 1, 2, 3, 1, 1, 2, 11, 2, 2024, 1579, 1, 8, 69, 89, 220, 38, 1, 3, 5, 1, 1, 1, 1, 1, 9, 147, 1, 741, 96, 1, 27, 1, 76, inf, 1, 334, 9, 6, 3, 6, 10, 3, 1, 1, 580, 1, 5, 1, 1, 1, inf, inf, 18, 1, 59, 3, inf, 780, 4, 1, 12, 1, 5, 1, 3, 104, 6, 2, 13, 4, 2, 11, 47, 398, 1, inf, 1, 7, 3723, 2, 1, 1, 9, 7631, 3, inf, 461, 11, 2, 4, 1, 2, 1, 1, 3, 94, 5, 1, 5, 2, 1, 53, 7, 1, 16, 1, 6, 188, 8, 17, 56, 7, 8, 9, 1, 1, 1, 1, 3, 1, 1, 47, 5, 2, 1, 8, 11, 1, 1, 115, 1, 1, 2, 3, 30, 6, 316, 4, 4, 13, 5, 2, 4, 40, 1, 1, 438, 1, 1, 6132, 7, 2768, 1, 1, 1, 215, 1, 1, 2, 8979, 1, 4, 1, 9, 16, 14, 16, 4, 5, 230, 1, 1, 5, 1, 836, 10, 25, 10, 1, 3414, 40, 44, 1, 1, 1, 135, 36936, 1, 2, 5429, 1, 1, 1619, 1479, 14, 1, 597, 1, 1, 2, 1, 6, 1, 2, 2, 1, 1, 1, 1, inf, 1, 12, 1936, 1, 13, 145, 3, 21, 6, 1, 3, 1, 1, 1, 1, 22, 45, 1, 10, 1, 1, 7, 4, 2, 2, 3, 144, 2, 4, 8, 12, 1, 2, 4, 18, 8, 6, 1, 20, 3, 3, 2831, inf, 5, 1, 97, inf, 7, 19, 1, 1, 1, 235, 54, 3, 3, inf, 12, 1, 2, 1, 1, 3, 7, 6, 17, 1, 4425, 100, 1, 2, 11, 188, 1, 36, 1, 1, 77, 1, 86, 2, 47, inf, 1, 9, 1, 4, 40, 2, 32, 5, 1, 2, 1, 3, 3, 1, 1, 1, 1, 6, 14, 32, 1, 2, 50, 257, 94, 206, 16, 1309, 2920, 1, 1, 1, 1, 40, 667, 262, 1, 124, 212, 3, 19, 84, 8, 6, 12, 1, 2, 8, 1, 84, 1, 12, 1, 1, 1, inf, 1, inf, 1, 1, 8, 2, 2, 1, 5, 2, 195, 23, 1, 107, 2, 1, 474, 4, 1, 1, 5, 2, 732, 133, 82, inf, 1, 1, 1, 1, 1, 41, inf, 1, 2, 1, 1, 1, 355, 1, 1, 1, 86, 1, 1, 1, 117, 1, 6429, 1, 461, inf, 6, 9, inf, inf, 3, 5, 1, 2, 536, 21, 1, 9, 24, inf, 1, 1, 255, 21, 39, 60, 48, 2, 1, 80, 5, 7, 5, 2, 3, 3, 4, 94, inf, 2, 9, 1, 3, 1, 53, 1, 144, 17, 3, 2922, 1, 1, 1, 31, 122, 1, inf, 130, 1, 41, 3, 1, 5, 21, 1, 178, 2, 2, 1, 4, 21, 33, 2, 6, 1, 17, 12687, 1, 2331, 12, 1, 1725, 3, 1, 126, 6, 17, 1, 3, inf, 2, 6, 26, 15, 4, 14, 7, 22, 4, 8, 4, 1, 117, 2, 1, 205, 4, 1, 20, 1, 2, 1, 3, 16, 120, 3, 2, 1, 1, 2, 1, 1, 2, 9, 141, 2, 16, 1, 7, 1, 1, 3, 16, 2, 10, 1604, 10, 8, 17, 1, 4, 2, 22, 1, 3, 9, 7, 5, 8, 89, 8, 1, 6, 1, 2, 11, 18427, 1, 3, 1, 1, 1, 1, 63, 15, 77, inf, 13, 6, 30, 6, 3, 2, 8, 1, 30, 1, 3, 10, 2, 18017, 10, 2, 9, 139, 1, inf, 1, 39, 7, 1, inf, 10, 61, 36, 3, 222, 1073, 57, 5, 174, 8, 1, 18, 2, 13, 1, 43, 1, 1, 4, 1, 1390, 19, 14, 22, 5, 38, 2, 1, 1, 10, 4594, 1, 561, 1, 11, 1, 6, 2, 2, 3, 2793, 5, 21, 44, 1, 2342, 3, 3, 1, 1, 21, 103, 1, 5, 14, 26790, 8, 66, inf, 1, 1, 73, 1, 44, 1, 1, 1, 1, 1, 1384, 1, 1518, 1, 1, 2599, 8, 1, 2, 1, 1, 1, 1, 4, 1, 4, 45, 9, 1, 3, 61, 2, 7, 26, 4, 4, inf, 2, 4, 2, 1, 3, 2, 2, 4, 3, 2, 4, 3, 1, 22, 2, 27, 65, 1, 29, inf, 1, 281, 17, 1, 1, 1289, 1, 1, 2, 11, 10, 1, 3, 1, 2, 2, 2, 1, 1, 1, 28, 15, inf, 150, 2, 236, 1, 1, 1284, 37, 1, 1, inf, 432, 17, 1, 1, 6, 26, 1, 3, 1, 1, 1, 1, 7, 14, 2, 1, inf, 7, 41, 1434, 1, inf, 5, 1, 36, 2, inf, 1, 1, 5, 6, 1, 1, 1, 1, 4, inf, 1, 1, 18, 66, 1, 544, 3, 32, 83, 4, 67, 184, 2, 12, inf, 158, 2, 1, 5, 1, 1, 165, 1, 1, 58, 8, 2, inf, 12, 1, 1068, 51, 1, 1, 1, 1, 32, 3, 7, 1, 43, 14, 217, 7, 19, 1, 1, 6, 2, 3865, 16, 1, 1, 31, 10, 1, 129, 5, 5, 106, 28, 1, 40, inf, 5, 8, 1, 1, 60, 63, 2, 26, 10, 388, 2, 19, 5802, 4, 1, 44, 46, 3, 4, 2, 46, 1, 1, 2, 143, 324, 1, 1, 1, 61, 23, 36, inf, 14, 2, 1, 9234, 8, 6, 2309, 7, 130, 1634, 7, 1102, 1, 1, 1, 2, 9, 1, 1, 17, 19, 3, 1, 3, 76, 51, 793, 1, 75, 29, 1, 4, 2, 1, 3, 1, 1, inf, 1, 29, 2, 22, 21, 1, 1, 12, 1374, 5, 5, 1, 4, 1, 5, 69, 606, 39, 1, 112, 1, 1, inf, 2, 2, 1, 15, 1, 1, 1, 3, 4, 1, 1, 11, 21, 4, 7, 7, 1, 16, 2, 1, 1, 8, 1, 1, 18, 1, 7, 251, 3, inf, 1, 6, 4, 1, 35, 5, 2, 137, 4, 32, 11, 1, 93, 14, 1, 1, 1, 44, 2, 6, 3, 2, 9, 13, 303, 3, 1, 3, 1, 7, 3, 143, 1, 1, 24, 1, 1, 1, 1, 1, 1, 179, 1, 2, 14, 798, 1, 1, 1, 1, inf, 3, 10835, 1, 157, 2, 76, 7, 7, 19, 1, 2, 1, 13, 1, 44, 5, 7, 6, 28, 1, 10, 3, 1, inf, 427, 1, 970, 9, 3, 9, 2, inf, inf, 1, 1, inf, 1, 2, 139, 2, 1, 17, 38, 5, 4, 73, 1, inf, 1, 1, 19, 56, 2016, 62, 101, 198, 3, 75, 2, 38, 53, 4, 3, 4, 84, 1, 3, 2, 18, 1, 1, 33, 1, 61, 5, 36, 1, 3, 1, 24, 1, 1, 1, 1, 1, 2, 8, 2, 3, 10, 2, 1186, 1, 1, 76, 6, 1282, 1, 15, 228, 1, 1, 1, 2, 1, 3, inf, 4, 1, 3, 1, 25, 12199, 4, 1, 5, 1, 1, 4, 2, inf, 2, 1065, 17, 4, 1, 3, 1, 1, 23, 2, 1, 1, 9, 1, inf, 4, 1, 5, 1, 2, 28, 1, 1, 519, 4, 2, 27, 6, 2, 2, 9, 41, 117, 1, 53, 4601, 1, 3, 3, 1, 41, 1, 39, 11, 1, 1, 23, 1, 3, 1, 5, inf, 20, 12, 2, 1, 1, 1, 1, 1, 15, 124, 2, 1, 2, 5, 88, 78, 4, 1, 4, 3, 267, 1, 2, 1, 1, 1, 1, 6, 1, 1, 1, 1, 2, 1, 1, 1, inf, inf, 66, inf, 99, 1, 2, 2, 3, 4, 1, 1, 1, 1, inf, 76, 206, 21, 1, 2, 1, 1, inf, inf, 5, 1, 5, 1, 1, inf, 1, inf, 3, inf, 16, 6, 1, 12, 4, 2, 1, 1, 1, 33, 3, 1, 2, 1, 1, 1, 4, 51, inf, 1, inf, 4, 96, 1, 2, 1, 1, 469, 11, 1, 1, 332, 1, inf, inf, 1, 9, 10, 57, 1, 1, 1, 2, 1, 736, 5, 1, 1, 69, 1, 1, 2, 1, 11, 7, 124, 2, 37, inf, 1, 443, 2, 1, 1, 11, 1, 20, 5, 44, 1, 150, 1, inf, 160, 9, 590, 34, 21, 3, 1, 8, 326, 6, 2, 1, inf, 1, 1, 27, 180, 42, 1, 5, 2, 1, inf, 1411, 24, 1, 2, 16, 434, 8761, 145, 188, 2, 1, 67, 1, 212, 6, 1, 6, 1, 24, 27, 6, 461, inf, 10, 1, 38, 115, 3, 17, inf, 1, 20, 6, 1, 452, 2, 2, 2, 1758, 1, 3, 29, 7, 2, inf, 1, 1, 13, 2, 1, 1, 25, 1, 3, 1, 1, 461, 1, 4, 2, 71, 79, 1, 100, 37, 3, 2, 4, 3, 37, 1, 3, 6, 1, 1, 2, 1, 22, 98, 1, 1, 10, 7, 2, 6, 8, 18, 2, 2, 1, 72, 1134, 25, 1, 1, 4, 48, 1, 2, 1, 1, 1, 2, 1, 1, 3, 164, 11, 8, 1, 1, 1, 1, 1, 5, 1, 1, 53, 25, 1, 126, 124, 12, 2, 1, 2, 147, 514, 6, 35, 1, 1, 1, 4, 1, 14, 1, 27949, 1, 1, 2, 1, 1, 1, inf, 3, 142, 1, 1, 1, 1, 3, 3, 3, 3, 1, 1, 3, 1, inf, 1, 1, 178, 1, 1, 1, 1, 4, 6, 9, 28, 3, 3, 1, 1, 12, 7, 27, 102, 1, 7, 1, 8, 12, 22, inf, 217, 1, 22, 1, 3, 51, 1, 1, 1, 1, 1, 660, 40, 8, 1, 6, 112, 1, 1, 56, inf, inf, inf, 2, 2, 592, 3, 482, 4, 2, 17, 2, 24, 1, 1, 79, 7, 1, 7, 2, inf, 3, 1, 1, 3, 1, 1, 118, 1, 23, 2, 112, 11, 3, 1, 2, 11, 22, 354, 2, 2, 3, 6, 122, 6, 1, 9, 1, 1, 4, 1, 2, 10, 1, 1, 5, 2, 2, 2, 2, 1, 1, 2, 2, 62, 1, 761, 10, 1, 1, 1, 2, 1, 5, 1, 2, 12, 2, 31, 1, 1, inf, 1, 259, 44, 2, 3, 559, 1, 4, inf, 121, 4, 91, 1, 1, 27, 1, 9, 102, 1, inf, 1, 8, 1, 2, 1, inf, 16, 2, 1, 1, 1, 1, 2, 2, 2, 1, inf, 1, 2, 2, 26, 27, 17, 11437, 6, 1, 2, 4, 2, 1, 32, 49, 1, 4, 1, 1, 1, 1, 10, 1, 16, 93, 1, 1, 7, 4, 88, 65, 11406, 5, 1, 20, 1, inf, 1, inf, 1, 17, 1, 3, inf, 126, 5, 918, inf, 2, 1, 4, 1, 1, 1, 264, 1, 1, 2, 1, 1, 1, 1555, 1, 1, 2, 1, 2, 12, 60, 140, 1, 1, 1, 1, 69, 21, 3, 1, 1, 1, 2, 1, 2, 41, 3, 1, 3, 13, 94, 1, 1, 15, 1, 1, 1, 25, 4, 1, 19, 7, 1, inf, 1, 1, 4, 2, 105, inf, 1, 100, 411, 1, 1, 2, 1, 45, 14, 2, 3, 1, 41, 2, 2, 1, 1, 1, 1, 1, 315, 1, 68, 1, 1, 1, 1, 1, 3, 1, 1, 1, 16, 1, 1, 1, 3, 22, 63, 1, 1, 26, 2, 20, 1, 51, 849, inf, 1, 2, 1, 1, 2, 9, 2, 140, 1, 4, 2, 39, 1, 1, 140, 137, 2, 1, 1, 4, 1, 9209, 13, 14, 3266, 10, 16, 3, 1, 1, 17, 7, 4, 32, 1, 1, 2, inf, 1, 1, 1, 1, 1, 1, inf, 2, inf, 2, inf, 1, 9, 1, 13, 1, 1, 46, inf, 13, 4, 1, 1, 10, 1, 2, 2, 1, 26, 256, 21, 1, 1, 5, inf, inf, 1, 6, 4, inf, 4, 9, 1, 2, 20942, 2, inf, 39, 483, 4, 8, 687, 3, 35, 8, 25, 79, 1, 10, 1, 31, 71, 1, 1, 2, 1, 1, 19, 1, 1, 360, 40, 2, 2, 3, 1, inf, 1, 1, 1, 39, 1, 168, 1, 5, 10383, 1, 12, 1, 3, 5, 185, 4, 1, 7, 1, 36, 2, 11, 10, 35, 1, 34, 1, 5, 2, 1236, 1, 36, 1, inf, 4, 2, 9, 1, inf, 5, 130, 114, 94, 12, 1, 1, 1, 3, 102, inf, 38, 26, 2, 99, 1, inf, 22, 20, 35, 185, 3, 2750, 2, 1, 1, 1, 3, inf, 2, 2, 5, 10, 41, 1, 9, 1, inf, 80, 29, 3, inf, 1, 5, 2, 1, 104, 5, 35, 1, 2, inf, 1, 6, inf, 3, inf, 2, 2, 1, 3, 1, 1, 142, inf, 67, 64, 1, 1, 17, 364, inf, 2, 11, 13, 73, 6, 1, 1, 1, 3, 13, 2, 7727, 5, 247, 43, 5, 20, 3, 1, 1, 1, 3, 1, 145, 3, 65, 1, 3, 1, 1, 164, 1, 2, 51, 3, 1, 1, 1, 1, 1, 6, 1, 2, 1, inf, 1, 367, 1, 1, 9, 1, 6, 5, 1, 1, 3, 201, 28, 1, 89, 1, 830, 77, 2, 13, 1, 1, 1, 2, 1, 1, 17, 4, 1, 1, 19, 13, inf, 4, 6, 2, 3, 7, inf, 1, 5, 3, 43, 8, 1, 1, 1, inf, 1, 3242, 2, 3, 1, 1, inf, inf, inf, 4, 28, 1, 1, 4, 1, 2, 1, 126, 2, 8, 2, 1, 1, 58, 614, 2, 26, 2, 1, 60, 1, 7, inf, 4, 3, 1, 9, 8, 8, 4, 1, 1, 4, 1, 1, 1220, 34, 1, 1, 2, 121, 1, 1, 1, 200, 1, 2, 2, 1, 169, 52, 1, 4, 1, 1, 1, 12, 1, 2, 1, 3, 4, 1, 1, 1, 1, 1, 4, 3, 3, inf, 1, 1, 1, 1, 18, 1, 5, 654, 4, 33, 1, 7, 1, 9, 6, 7, 1, 5, 1, 1, 1, 5861, 2, 1, 1, inf, 1, 72, inf, 17, 1, 3095, 4, 1, 1, 2, 1, inf, 1, 9, inf, 4, 2, 24, 2, 1, inf, 1, 1, 1, inf, 1, 2, 1, 25, 63, inf, 1, 1, 1, 1, 116, 33, 65, 2, 1, 1, 1, 1, 74, 2, 1, 592, 4, 1, inf, 5, 189, 164, 2, inf, 1, 2, 1, 51, 1, 1, 1, inf, 2, 326, 1, 12, 2, 108, 1, 5, 11, 358, 1, 12, 20, 88, 173, 2, 116, 2, 1, 8, inf, 1, 3, 2, 2, 2, 1, 3, 210, 12, 6, 35, 1, 4, 1, 1, 1, 122, 123, 3, 1, 130, 14, 1, 5096, 1, 3, 234, 115, 1, 1, 1, 4, 14, 1, 2, 757, 2, 2, 1, 2, 8, inf, 1, 8090, 2, 1, 36, 63, 2, 1, 191, 374, 10, 54, 1, 6, 13, 8, 5, 7, 1, 16, 4, 1, 47, 2, 62, 12, 9, 1, 3, 1, inf, 1, 1, 508, 2, 1, 3, inf, 9, 1, 1, 1, 180, 4, 1, 651, 1, 1, 88, 7, 52, 1, 1, inf, 1, 2935, 39, 2, 4, 4, 192, 6, 74, 1, 22, 54, 14, 2, 2, 1, 10, inf, 2316, inf, 2, 18, 2, 1, 9, 11, 100, 1, 6, 7, 4, 13, 33, 4, 3, 3, 1, 1, 1, 7, 2, 312, 8, 8, 8, 1, 1, 1, 5, 1, 70, 61, 1, 1, 58, inf, inf, 12, 3, 3, 14, 1, 4, 7, 7, 1, inf, 3244, 115, 163, 1, 4, 1, 1, 1, inf, 1, 4, 1, 64, 400, 1, 6, 7, 1, 448, 8, 1, 1, 4, 1, 1, 13, 5, 1, 18, 27, 1132, 1, 31, 1, 1603, 8, inf, 689, 8, 1559, 461, 1, inf, inf, 1, 2, 107, 6405, 92, 1, 114, 1, 1, 2, inf, 173, 1, 1, 1, 2, 2, 14, 1, 1, 1, inf, 1, 6, 3, 1, 3, 12, 7, 1, 34, 1, 1, 136, 17, 1, 1, 1, 62, 1, inf, 15, 1, 3, 8, 2, 1, inf, 39, 9, inf, 5, 10, 3, 11, 1, inf, 675, 3, 3, 24, 8, 1, 1, 196, 1, 2, 7, 3, 1, 10, 1, 1, 1808, 17, 5, 1, inf, 1170, 14, 8, 2, 39, 6, 4, 3, 48, 8, 1, 2, 408, 1, 2, 4, 2, 153, 2, 1, inf, inf, 3, 1, 1715, 10, 1, 747, 1, inf, 1, 1, 11, 1, 1, 1, 4, 2, 1, 74, 2, 1, 2, 23, 1, 8, 310, 50, 3, 1, 1, 7, 30, 1, 1, 1, 204, 1378, 4, 2, 1, 6, inf, 5, 1, 1, 52, 1, 5, 462, 9, 95, 1, 1, 8, inf, 1, 1, 1, 22, 1, 28, 4598, 1, 5, 44, 1, 1, 2, 3, 1, 6, 1, 1, 1, 8, 3, inf, 2, 47681, 4, 1, 2, 1, 1, 1, 1, 1514, 2, 1, 2, 58, 1, 1, 15, 1, 528, 1, 50, 3, inf, 73, 22, 45, 127, 1, 1, 12, 1, 1, 4, 12, 2, 2, 3, 1, 1, 1, 1, 1, 25, inf, 1, 2, 9, 31, 1, 1, 1, 5, 8, 1, 1, 1, 10, 1, 2, 2, 1, 1, 1, 5, 8, 2, 2, 2, 19, 8, 1, 76, 28, 4, 18, 26, inf, 1, 10, 82, 3330, 4, 3, 3, 5, inf, 1, 7, 2, 1, 1, 2, 1, 2, 13, 3, 1, 1, 5, 1, 275, 66, 1, 2, 7, 2, 1, 1, 2, 41, 1, 1, 4, 4, 6, 22, 2, 2, 2, 3, 1, 40, 2, 12, 26, 1, 1, 17882, 4, 1, 2, 1, 1, inf, 127, 144, 4, 35, 1, 1, 2, 3, inf, 24, 1, 3, 2793, 3, 758, 1, 1, inf]
2022-08-20 Saturday 12:08:45:INFO: It completed at: 2022-08-20 12:08:45.440558
2022-08-20 Saturday 12:08:45:INFO: Completed after: 23:05:49.767620
