2022-08-21 Sunday 11:03:00:INFO: {'bug_database': 'dataset/mozilla-initial/mozilla-initial_soft_clean.json', 'database_name': 'mozilla-initial', 'epochs': 12, 'lr': 0.001, 'l2': 0.0, 'batch_size': 256, 'ranking_batch_size': 512, 'ranking_n_workers': 2, 'cuda': True, 'cache_folder': 'scratch/temp/', 'pairs_training': 'dataset/mozilla-initial/training_split_mozilla-initial_pairs_random_1.txt', 'pairs_validation': 'dataset/mozilla-initial/validation_mozilla-initial_pairs_random_1.txt', 'neg_pair_generator': {'type': 'non_negative', 'training': 'dataset/mozilla-initial/training_mozilla-initial.txt', 'rate': 1, 'pre_list_file': None, 'k': 0, 'n_tries': 15, 'preselected_length': None, 'random_anchor': True}, 'loss': 'bce', 'margin': 0, 'categorical': {'lexicons': 'dataset/mozilla-initial/categorical_lexicons.json', 'bn_last_layer': False, 'emb_size': 20, 'hidden_sizes': [40], 'dropout': 0.0, 'activation': 'relu', 'batch_normalization': False, 'layer_norm': False}, 'compare_aggregation': {'word_embedding': 'word_embedding/mozilla-initial/glove_42B_300d_mozilla-initial.npy', 'norm_word_embedding': False, 'lexicon': 'word_embedding/mozilla-initial/glove_42B_300d_mozilla-initial.lxc', 'sent_representation': None, 'tokenizer': 'white_space', 'bow': False, 'frequency': False, 'extractor': {'update_embedding': False, 'filters': ['TransformLowerCaseFilter'], 'hidden_size': 150, 'dropout': 0.0, 'layer_norm': False, 'txt_field_emb_size': 5, 'field_word_combination': 'cat', 'emb_dropout': 0.0, 'scaled_attention': True, 'model': 'linear', 'use_categorical': False, 'bidirectional': True}, 'matching': {'type': 'full', 'scaled_attention': True, 'comparison_hidden_size': 100, 'dropout': 0.0, 'residual': True, 'layer_norm': False, 'attention_hidden_size': 200, 'attention': 'dot_product', 'comparison_func': 'submult+nn'}, 'aggregate': {'model': 'lstm', 'window': [3, 4, 5], 'nfilters': 100, 'hidden_size': 150, 'dropout': 0.0, 'bidirectional': True, 'num_layers': 1, 'self_att_hidden': 50, 'layer_norm': False, 'n_hops': 20}, 'classifier': {'hidden_size': [300], 'output_act': 'sigmoid', 'hadamard_diff_textual': True, 'hadamard_diff_categorical': True, 'textual_hidden_layer': 600, 'categorical_hidden_layer': 40, 'categorical_dropout': 0.0, 'dropout': 0.0, 'only_candidate': False, 'layer_norm': False, 'batch_normalization': False}}, 'random_switch': True, 'recall_estimation_train': None, 'recall_estimation': None, 'sample_size_rr_tr': 0, 'sample_size_rr_val': 0, 'rr_val_epoch': 100, 'rr_train_epoch': 100, 'ranking_result_file': None, 'optimizer': 'adam', 'lr_scheduler': None, 'save': None, 'save_by_epoch': None, 'load': None, 'recall_rate': {'type': 'sun2011', 'dataset': 'dataset/mozilla-initial/test_mozilla-initial.txt', 'result_file': None, 'group_by_master': True, 'window': 365}, 'pair_test_dataset': None, 'rep': {'model': None, 'input': None, 'training': None, 'rate': 1, 'neg_training': 10000, 'k': 1000}, 'rr_scorer': 'general', 'seed': 788254390}
2022-08-21 Sunday 11:03:00:INFO: It started at: 2022-08-21 11:03:00.575330
2022-08-21 Sunday 11:03:04:INFO: Turning CUDA on
2022-08-21 Sunday 11:03:04:INFO: Using Categorical Information.
2022-08-21 Sunday 11:03:05:INFO: Lexicon size: 96909
2022-08-21 Sunday 11:03:05:INFO: Word Embedding size: 300
2022-08-21 Sunday 11:03:05:INFO: Use white space tokenizer to tokenize summary information
2022-08-21 Sunday 11:03:05:INFO: BoW=False and TF=False
2022-08-21 Sunday 11:03:05:INFO: Using Summary and Description information.
2022-08-21 Sunday 11:03:05:INFO: Using BCE Loss: margin=0
2022-08-21 Sunday 11:03:08:INFO: Non Negative Pair Generator
2022-08-21 Sunday 11:03:08:INFO: Using the following dataset to generate negative examples: Database: mozilla-initial; Order by Date; Master report is the newest oneWe keep nested master reports; Database: mozilla-initial; Order by Date; Master report is the newest oneWe keep nested master reports;. Number of bugs in the training: 137886
2022-08-21 Sunday 11:03:20:INFO: Training size: 118578
2022-08-21 Sunday 11:03:21:INFO: Validation size: 2418
2022-08-21 Sunday 11:03:21:INFO: Adam
2022-08-21 Sunday 11:03:21:INFO: Scheduler: Constant
2022-08-21 Sunday 11:03:21:INFO: Epoch: 1
2022-08-21 Sunday 11:03:21:INFO: LR: 0.001
2022-08-21 Sunday 11:07:15:INFO: {'type': 'metric', 'label': 'training_loss', 'epoch': 1, 'value': 0.13121423130632945, 'sum': 15559.121119841933, 'num_example': 118578}
2022-08-21 Sunday 11:07:15:INFO: {'type': 'metric', 'label': 'training_dist_target', 'value': (0.0754834058282186, 0.07691678557265404), 'epoch': 1}
2022-08-21 Sunday 11:07:15:INFO: {'type': 'metric', 'label': 'training_acc', 'epoch': 1, 'value': 0.94893656496146, 'num_correct': 112523, 'num_example': 118578}
2022-08-21 Sunday 11:07:15:INFO: {'type': 'metric', 'label': 'training_precision', 'epoch': 1, 'value': 0.9505094885826111, 'positive': 56158.0, 'total': 59082.0}
2022-08-21 Sunday 11:07:15:INFO: {'type': 'metric', 'label': 'training_recall', 'epoch': 1, 'value': 0.9471908807754517, 'positive': 56158.0, 'total': 59289.0}
2022-08-21 Sunday 11:07:16:INFO: {'type': 'metric', 'label': 'validation_loss', 'epoch': 1, 'value': 0.14490438438797903, 'sum': 350.3788014501333, 'num_example': 2418}
2022-08-21 Sunday 11:07:16:INFO: {'type': 'metric', 'label': 'validation_dist_target', 'value': (0.0648943109883071, 0.08462592626623718), 'epoch': 1}
2022-08-21 Sunday 11:07:16:INFO: {'type': 'metric', 'label': 'validation_acc', 'epoch': 1, 'value': 0.9437551695616212, 'num_correct': 2282, 'num_example': 2418}
2022-08-21 Sunday 11:07:16:INFO: {'type': 'metric', 'label': 'validation_precision', 'epoch': 1, 'value': 0.9550466537475586, 'positive': 1126.0, 'total': 1179.0}
2022-08-21 Sunday 11:07:16:INFO: {'type': 'metric', 'label': 'validation_recall', 'epoch': 1, 'value': 0.9313482046127319, 'positive': 1126.0, 'total': 1209.0}
2022-08-21 Sunday 11:07:51:INFO: Epoch: 2
2022-08-21 Sunday 11:07:51:INFO: LR: 0.001
2022-08-21 Sunday 11:11:32:INFO: {'type': 'metric', 'label': 'training_loss', 'epoch': 2, 'value': 0.06469092905505308, 'sum': 7670.920985490084, 'num_example': 118578}
2022-08-21 Sunday 11:11:32:INFO: {'type': 'metric', 'label': 'training_dist_target', 'value': (0.03449406069444451, 0.03418286609670569), 'epoch': 2}
2022-08-21 Sunday 11:11:32:INFO: {'type': 'metric', 'label': 'training_acc', 'epoch': 2, 'value': 0.9777193071227378, 'num_correct': 115936, 'num_example': 118578}
2022-08-21 Sunday 11:11:32:INFO: {'type': 'metric', 'label': 'training_precision', 'epoch': 2, 'value': 0.9786558151245117, 'positive': 57910.0, 'total': 59173.0}
2022-08-21 Sunday 11:11:32:INFO: {'type': 'metric', 'label': 'training_recall', 'epoch': 2, 'value': 0.9767410755157471, 'positive': 57910.0, 'total': 59289.0}
2022-08-21 Sunday 11:11:33:INFO: {'type': 'metric', 'label': 'validation_loss', 'epoch': 2, 'value': 0.15546223914714466, 'sum': 375.9076942577958, 'num_example': 2418}
2022-08-21 Sunday 11:11:33:INFO: {'type': 'metric', 'label': 'validation_dist_target', 'value': (0.05375417675037242, 0.09038277575553598), 'epoch': 2}
2022-08-21 Sunday 11:11:33:INFO: {'type': 'metric', 'label': 'validation_acc', 'epoch': 2, 'value': 0.9400330851943756, 'num_correct': 2273, 'num_example': 2418}
2022-08-21 Sunday 11:11:33:INFO: {'type': 'metric', 'label': 'validation_precision', 'epoch': 2, 'value': 0.9570446610450745, 'positive': 1114.0, 'total': 1164.0}
2022-08-21 Sunday 11:11:33:INFO: {'type': 'metric', 'label': 'validation_recall', 'epoch': 2, 'value': 0.9214226603507996, 'positive': 1114.0, 'total': 1209.0}
2022-08-21 Sunday 11:12:09:INFO: Epoch: 3
2022-08-21 Sunday 11:12:09:INFO: LR: 0.001
2022-08-21 Sunday 11:15:51:INFO: {'type': 'metric', 'label': 'training_loss', 'epoch': 3, 'value': 0.05507812569829793, 'sum': 6531.0539890527725, 'num_example': 118578}
2022-08-21 Sunday 11:15:51:INFO: {'type': 'metric', 'label': 'training_dist_target', 'value': (0.02945094741714387, 0.029477405843459845), 'epoch': 3}
2022-08-21 Sunday 11:15:51:INFO: {'type': 'metric', 'label': 'training_acc', 'epoch': 3, 'value': 0.9808227495825532, 'num_correct': 116304, 'num_example': 118578}
2022-08-21 Sunday 11:15:51:INFO: {'type': 'metric', 'label': 'training_precision', 'epoch': 3, 'value': 0.9813911318778992, 'positive': 58117.0, 'total': 59219.0}
2022-08-21 Sunday 11:15:51:INFO: {'type': 'metric', 'label': 'training_recall', 'epoch': 3, 'value': 0.9802324175834656, 'positive': 58117.0, 'total': 59289.0}
2022-08-21 Sunday 11:15:52:INFO: {'type': 'metric', 'label': 'validation_loss', 'epoch': 3, 'value': 0.16693970176481432, 'sum': 403.660198867321, 'num_example': 2418}
2022-08-21 Sunday 11:15:52:INFO: {'type': 'metric', 'label': 'validation_dist_target', 'value': (0.03317967113923987, 0.0964040030518083), 'epoch': 3}
2022-08-21 Sunday 11:15:52:INFO: {'type': 'metric', 'label': 'validation_acc', 'epoch': 3, 'value': 0.9454094292803971, 'num_correct': 2286, 'num_example': 2418}
2022-08-21 Sunday 11:15:52:INFO: {'type': 'metric', 'label': 'validation_precision', 'epoch': 3, 'value': 0.9744493365287781, 'positive': 1106.0, 'total': 1135.0}
2022-08-21 Sunday 11:15:52:INFO: {'type': 'metric', 'label': 'validation_recall', 'epoch': 3, 'value': 0.9148056507110596, 'positive': 1106.0, 'total': 1209.0}
2022-08-21 Sunday 11:16:37:INFO: Epoch: 4
2022-08-21 Sunday 11:16:37:INFO: LR: 0.001
2022-08-21 Sunday 11:20:18:INFO: {'type': 'metric', 'label': 'training_loss', 'epoch': 4, 'value': 0.05246253048679048, 'sum': 6220.901940062642, 'num_example': 118578}
2022-08-21 Sunday 11:20:18:INFO: {'type': 'metric', 'label': 'training_dist_target', 'value': (0.027976298281093638, 0.027955017251660674), 'epoch': 4}
2022-08-21 Sunday 11:20:18:INFO: {'type': 'metric', 'label': 'training_acc', 'epoch': 4, 'value': 0.9818600414916764, 'num_correct': 116427, 'num_example': 118578}
2022-08-21 Sunday 11:20:18:INFO: {'type': 'metric', 'label': 'training_precision', 'epoch': 4, 'value': 0.9815270304679871, 'positive': 58234.0, 'total': 59330.0}
2022-08-21 Sunday 11:20:18:INFO: {'type': 'metric', 'label': 'training_recall', 'epoch': 4, 'value': 0.9822058081626892, 'positive': 58234.0, 'total': 59289.0}
2022-08-21 Sunday 11:20:19:INFO: {'type': 'metric', 'label': 'validation_loss', 'epoch': 4, 'value': 0.2046548231351563, 'sum': 494.8553623408079, 'num_example': 2418}
2022-08-21 Sunday 11:20:19:INFO: {'type': 'metric', 'label': 'validation_dist_target', 'value': (0.020717073758837603, 0.11542266848858375), 'epoch': 4}
2022-08-21 Sunday 11:20:19:INFO: {'type': 'metric', 'label': 'validation_acc', 'epoch': 4, 'value': 0.9387923904052936, 'num_correct': 2270, 'num_example': 2418}
2022-08-21 Sunday 11:20:19:INFO: {'type': 'metric', 'label': 'validation_precision', 'epoch': 4, 'value': 0.9809610247612, 'positive': 1082.0, 'total': 1103.0}
2022-08-21 Sunday 11:20:19:INFO: {'type': 'metric', 'label': 'validation_recall', 'epoch': 4, 'value': 0.89495450258255, 'positive': 1082.0, 'total': 1209.0}
2022-08-21 Sunday 11:21:55:INFO: Epoch: 5
2022-08-21 Sunday 11:21:55:INFO: LR: 0.001
2022-08-21 Sunday 11:25:36:INFO: {'type': 'metric', 'label': 'training_loss', 'epoch': 5, 'value': 0.06195546214109421, 'sum': 7346.554789766669, 'num_example': 118578}
2022-08-21 Sunday 11:25:36:INFO: {'type': 'metric', 'label': 'training_dist_target', 'value': (0.03285582986579546, 0.03316249001974978), 'epoch': 5}
2022-08-21 Sunday 11:25:36:INFO: {'type': 'metric', 'label': 'training_acc', 'epoch': 5, 'value': 0.9787565990318609, 'num_correct': 116059, 'num_example': 118578}
2022-08-21 Sunday 11:25:36:INFO: {'type': 'metric', 'label': 'training_precision', 'epoch': 5, 'value': 0.9777976274490356, 'positive': 58089.0, 'total': 59408.0}
2022-08-21 Sunday 11:25:36:INFO: {'type': 'metric', 'label': 'training_recall', 'epoch': 5, 'value': 0.9797601699829102, 'positive': 58089.0, 'total': 59289.0}
2022-08-21 Sunday 11:25:37:INFO: {'type': 'metric', 'label': 'validation_loss', 'epoch': 5, 'value': 0.19943818774742958, 'sum': 482.2415379732847, 'num_example': 2418}
2022-08-21 Sunday 11:25:37:INFO: {'type': 'metric', 'label': 'validation_dist_target', 'value': (0.023718981825684198, 0.09832319807079432), 'epoch': 5}
2022-08-21 Sunday 11:25:37:INFO: {'type': 'metric', 'label': 'validation_acc', 'epoch': 5, 'value': 0.9466501240694789, 'num_correct': 2289, 'num_example': 2418}
2022-08-21 Sunday 11:25:37:INFO: {'type': 'metric', 'label': 'validation_precision', 'epoch': 5, 'value': 0.98128342628479, 'positive': 1101.0, 'total': 1122.0}
2022-08-21 Sunday 11:25:37:INFO: {'type': 'metric', 'label': 'validation_recall', 'epoch': 5, 'value': 0.9106699824333191, 'positive': 1101.0, 'total': 1209.0}
2022-08-21 Sunday 11:26:54:INFO: Epoch: 6
2022-08-21 Sunday 11:26:54:INFO: LR: 0.001
2022-08-21 Sunday 11:30:35:INFO: {'type': 'metric', 'label': 'training_loss', 'epoch': 6, 'value': 0.04777296517707757, 'sum': 5664.822664767504, 'num_example': 118578}
2022-08-21 Sunday 11:30:35:INFO: {'type': 'metric', 'label': 'training_dist_target', 'value': (0.025198278269851163, 0.025228172231527592), 'epoch': 6}
2022-08-21 Sunday 11:30:35:INFO: {'type': 'metric', 'label': 'training_acc', 'epoch': 6, 'value': 0.9835972946077687, 'num_correct': 116633, 'num_example': 118578}
2022-08-21 Sunday 11:30:35:INFO: {'type': 'metric', 'label': 'training_precision', 'epoch': 6, 'value': 0.9811061024665833, 'positive': 58470.0, 'total': 59596.0}
2022-08-21 Sunday 11:30:35:INFO: {'type': 'metric', 'label': 'training_recall', 'epoch': 6, 'value': 0.9861863255500793, 'positive': 58470.0, 'total': 59289.0}
2022-08-21 Sunday 11:30:36:INFO: {'type': 'metric', 'label': 'validation_loss', 'epoch': 6, 'value': 0.21956202783448525, 'sum': 530.9009833037853, 'num_example': 2418}
2022-08-21 Sunday 11:30:36:INFO: {'type': 'metric', 'label': 'validation_dist_target', 'value': (0.018670709937736948, 0.12569777407460808), 'epoch': 6}
2022-08-21 Sunday 11:30:36:INFO: {'type': 'metric', 'label': 'validation_acc', 'epoch': 6, 'value': 0.9429280397022333, 'num_correct': 2280, 'num_example': 2418}
2022-08-21 Sunday 11:30:36:INFO: {'type': 'metric', 'label': 'validation_precision', 'epoch': 6, 'value': 0.9846153855323792, 'positive': 1088.0, 'total': 1105.0}
2022-08-21 Sunday 11:30:36:INFO: {'type': 'metric', 'label': 'validation_recall', 'epoch': 6, 'value': 0.8999173045158386, 'positive': 1088.0, 'total': 1209.0}
2022-08-21 Sunday 11:32:02:INFO: Epoch: 7
2022-08-21 Sunday 11:32:02:INFO: LR: 0.001
2022-08-21 Sunday 11:35:42:INFO: {'type': 'metric', 'label': 'training_loss', 'epoch': 7, 'value': 0.04389674419976984, 'sum': 5205.1881337203085, 'num_example': 118578}
2022-08-21 Sunday 11:35:42:INFO: {'type': 'metric', 'label': 'training_dist_target', 'value': (0.023117461195269775, 0.023602883018020812), 'epoch': 7}
2022-08-21 Sunday 11:35:42:INFO: {'type': 'metric', 'label': 'training_acc', 'epoch': 7, 'value': 0.9849297508812764, 'num_correct': 116791, 'num_example': 118578}
2022-08-21 Sunday 11:35:42:INFO: {'type': 'metric', 'label': 'training_precision', 'epoch': 7, 'value': 0.982383131980896, 'positive': 58552.0, 'total': 59602.0}
2022-08-21 Sunday 11:35:42:INFO: {'type': 'metric', 'label': 'training_recall', 'epoch': 7, 'value': 0.9875693917274475, 'positive': 58552.0, 'total': 59289.0}
2022-08-21 Sunday 11:35:42:INFO: {'type': 'metric', 'label': 'validation_loss', 'epoch': 7, 'value': 0.2603427783098469, 'sum': 629.5088379532099, 'num_example': 2418}
2022-08-21 Sunday 11:35:42:INFO: {'type': 'metric', 'label': 'validation_dist_target', 'value': (0.011398743569998824, 0.1252741024847165), 'epoch': 7}
2022-08-21 Sunday 11:35:42:INFO: {'type': 'metric', 'label': 'validation_acc', 'epoch': 7, 'value': 0.9367245657568238, 'num_correct': 2265, 'num_example': 2418}
2022-08-21 Sunday 11:35:42:INFO: {'type': 'metric', 'label': 'validation_precision', 'epoch': 7, 'value': 0.9888888597488403, 'positive': 1068.0, 'total': 1080.0}
2022-08-21 Sunday 11:35:42:INFO: {'type': 'metric', 'label': 'validation_recall', 'epoch': 7, 'value': 0.8833746910095215, 'positive': 1068.0, 'total': 1209.0}
2022-08-21 Sunday 11:39:40:INFO: Epoch: 8
2022-08-21 Sunday 11:39:40:INFO: LR: 0.001
2022-08-21 Sunday 11:43:24:INFO: {'type': 'metric', 'label': 'training_loss', 'epoch': 8, 'value': 0.06615844201686445, 'sum': 7844.935737475753, 'num_example': 118578}
2022-08-21 Sunday 11:43:24:INFO: {'type': 'metric', 'label': 'training_dist_target', 'value': (0.03603521211424949, 0.03592759952182606), 'epoch': 8}
2022-08-21 Sunday 11:43:24:INFO: {'type': 'metric', 'label': 'training_acc', 'epoch': 8, 'value': 0.9764121506518916, 'num_correct': 115781, 'num_example': 118578}
2022-08-21 Sunday 11:43:24:INFO: {'type': 'metric', 'label': 'training_precision', 'epoch': 8, 'value': 0.972578227519989, 'positive': 58131.0, 'total': 59770.0}
2022-08-21 Sunday 11:43:24:INFO: {'type': 'metric', 'label': 'training_recall', 'epoch': 8, 'value': 0.9804685711860657, 'positive': 58131.0, 'total': 59289.0}
2022-08-21 Sunday 11:43:24:INFO: {'type': 'metric', 'label': 'validation_loss', 'epoch': 8, 'value': 0.33724052377038993, 'sum': 815.4475864768028, 'num_example': 2418}
2022-08-21 Sunday 11:43:24:INFO: {'type': 'metric', 'label': 'validation_dist_target', 'value': (0.007942487857773642, 0.16133838965934205), 'epoch': 8}
2022-08-21 Sunday 11:43:24:INFO: {'type': 'metric', 'label': 'validation_acc', 'epoch': 8, 'value': 0.9267990074441688, 'num_correct': 2241, 'num_example': 2418}
2022-08-21 Sunday 11:43:24:INFO: {'type': 'metric', 'label': 'validation_precision', 'epoch': 8, 'value': 0.9942528605461121, 'positive': 1038.0, 'total': 1044.0}
2022-08-21 Sunday 11:43:24:INFO: {'type': 'metric', 'label': 'validation_recall', 'epoch': 8, 'value': 0.8585608005523682, 'positive': 1038.0, 'total': 1209.0}
2022-08-21 Sunday 11:48:12:INFO: Epoch: 9
2022-08-21 Sunday 11:48:12:INFO: LR: 0.001
2022-08-21 Sunday 11:51:53:INFO: {'type': 'metric', 'label': 'training_loss', 'epoch': 9, 'value': 0.060069199446456494, 'sum': 7122.885531961918, 'num_example': 118578}
2022-08-21 Sunday 11:51:53:INFO: {'type': 'metric', 'label': 'training_dist_target', 'value': (0.032822582330800085, 0.0328804752880938), 'epoch': 9}
2022-08-21 Sunday 11:51:53:INFO: {'type': 'metric', 'label': 'training_acc', 'epoch': 9, 'value': 0.9787144326940916, 'num_correct': 116054, 'num_example': 118578}
2022-08-21 Sunday 11:51:53:INFO: {'type': 'metric', 'label': 'training_precision', 'epoch': 9, 'value': 0.9742351770401001, 'positive': 58307.0, 'total': 59849.0}
2022-08-21 Sunday 11:51:53:INFO: {'type': 'metric', 'label': 'training_recall', 'epoch': 9, 'value': 0.9834370613098145, 'positive': 58307.0, 'total': 59289.0}
2022-08-21 Sunday 11:51:54:INFO: {'type': 'metric', 'label': 'validation_loss', 'epoch': 9, 'value': 0.3556088028341606, 'sum': 859.8620852530003, 'num_example': 2418}
2022-08-21 Sunday 11:51:54:INFO: {'type': 'metric', 'label': 'validation_dist_target', 'value': (0.007931574695336119, 0.16768016452331796), 'epoch': 9}
2022-08-21 Sunday 11:51:54:INFO: {'type': 'metric', 'label': 'validation_acc', 'epoch': 9, 'value': 0.9255583126550868, 'num_correct': 2238, 'num_example': 2418}
2022-08-21 Sunday 11:51:54:INFO: {'type': 'metric', 'label': 'validation_precision', 'epoch': 9, 'value': 0.9942362904548645, 'positive': 1035.0, 'total': 1041.0}
2022-08-21 Sunday 11:51:54:INFO: {'type': 'metric', 'label': 'validation_recall', 'epoch': 9, 'value': 0.8560793995857239, 'positive': 1035.0, 'total': 1209.0}
2022-08-21 Sunday 11:56:48:INFO: Epoch: 10
2022-08-21 Sunday 11:56:48:INFO: LR: 0.001
2022-08-21 Sunday 12:00:31:INFO: {'type': 'metric', 'label': 'training_loss', 'epoch': 10, 'value': 0.05343040897168021, 'sum': 6335.671035043895, 'num_example': 118578}
2022-08-21 Sunday 12:00:31:INFO: {'type': 'metric', 'label': 'training_dist_target', 'value': (0.028480910467362387, 0.028958655495066078), 'epoch': 10}
2022-08-21 Sunday 12:00:31:INFO: {'type': 'metric', 'label': 'training_acc', 'epoch': 10, 'value': 0.9818684747592302, 'num_correct': 116428, 'num_example': 118578}
2022-08-21 Sunday 12:00:31:INFO: {'type': 'metric', 'label': 'training_precision', 'epoch': 10, 'value': 0.9772002100944519, 'positive': 58504.0, 'total': 59869.0}
2022-08-21 Sunday 12:00:31:INFO: {'type': 'metric', 'label': 'training_recall', 'epoch': 10, 'value': 0.9867597818374634, 'positive': 58504.0, 'total': 59289.0}
2022-08-21 Sunday 12:00:32:INFO: {'type': 'metric', 'label': 'validation_loss', 'epoch': 10, 'value': 0.5814365370644332, 'sum': 1405.9135466217995, 'num_example': 2418}
2022-08-21 Sunday 12:00:32:INFO: {'type': 'metric', 'label': 'validation_dist_target', 'value': (0.0038340911623537294, 0.21984173070309673), 'epoch': 10}
2022-08-21 Sunday 12:00:32:INFO: {'type': 'metric', 'label': 'validation_acc', 'epoch': 10, 'value': 0.902398676592225, 'num_correct': 2182, 'num_example': 2418}
2022-08-21 Sunday 12:00:32:INFO: {'type': 'metric', 'label': 'validation_precision', 'epoch': 10, 'value': 0.9959225058555603, 'positive': 977.0, 'total': 981.0}
2022-08-21 Sunday 12:00:32:INFO: {'type': 'metric', 'label': 'validation_recall', 'epoch': 10, 'value': 0.8081058859825134, 'positive': 977.0, 'total': 1209.0}
2022-08-21 Sunday 12:06:39:INFO: Epoch: 11
2022-08-21 Sunday 12:06:39:INFO: LR: 0.001
2022-08-21 Sunday 12:08:19:INFO: {'type': 'metric', 'label': 'training_loss', 'epoch': 11, 'value': 0.08540037965375488, 'sum': 4570.799119828269, 'num_example': 53522}
2022-08-21 Sunday 12:08:19:INFO: {'type': 'metric', 'label': 'training_dist_target', 'value': (0.04765114152139935, 0.04688765208535226), 'epoch': 11}
2022-08-21 Sunday 12:08:19:INFO: {'type': 'metric', 'label': 'training_acc', 'epoch': 11, 'value': 0.9687231418855797, 'num_correct': 51848, 'num_example': 53522}
2022-08-21 Sunday 12:08:19:INFO: {'type': 'metric', 'label': 'training_precision', 'epoch': 11, 'value': 0.9612089395523071, 'positive': 26142.0, 'total': 27197.0}
2022-08-21 Sunday 12:08:19:INFO: {'type': 'metric', 'label': 'training_recall', 'epoch': 11, 'value': 0.9768693447113037, 'positive': 26142.0, 'total': 26761.0}
2022-08-21 Sunday 12:08:20:INFO: {'type': 'metric', 'label': 'validation_loss', 'epoch': 11, 'value': 1.080034829941143, 'sum': 2611.5242187976837, 'num_example': 2418}
2022-08-21 Sunday 12:08:20:INFO: {'type': 'metric', 'label': 'validation_dist_target', 'value': (0.00059471982686157, 0.35943538832999733), 'epoch': 11}
2022-08-21 Sunday 12:08:20:INFO: {'type': 'metric', 'label': 'validation_acc', 'epoch': 11, 'value': 0.8428453267162944, 'num_correct': 2038, 'num_example': 2418}
2022-08-21 Sunday 12:08:20:INFO: {'type': 'metric', 'label': 'validation_precision', 'epoch': 11, 'value': 0.9987966418266296, 'positive': 830.0, 'total': 831.0}
2022-08-21 Sunday 12:08:20:INFO: {'type': 'metric', 'label': 'validation_recall', 'epoch': 11, 'value': 0.6865177750587463, 'positive': 830.0, 'total': 1209.0}
2022-08-21 Sunday 12:14:26:INFO: Epoch: 12
2022-08-21 Sunday 12:14:26:INFO: LR: 0.001
2022-08-21 Sunday 12:14:45:INFO: {'type': 'metric', 'label': 'training_loss', 'epoch': 12, 'value': 0.18897448916432427, 'sum': 1920.7367078661919, 'num_example': 10164}
2022-08-21 Sunday 12:14:45:INFO: {'type': 'metric', 'label': 'training_dist_target', 'value': (0.10719399009338283, 0.10717657061835435), 'epoch': 12}
2022-08-21 Sunday 12:14:45:INFO: {'type': 'metric', 'label': 'training_acc', 'epoch': 12, 'value': 0.9254230617866982, 'num_correct': 9406, 'num_example': 10164}
2022-08-21 Sunday 12:14:45:INFO: {'type': 'metric', 'label': 'training_precision', 'epoch': 12, 'value': 0.9230919480323792, 'positive': 4717.0, 'total': 5110.0}
2022-08-21 Sunday 12:14:45:INFO: {'type': 'metric', 'label': 'training_recall', 'epoch': 12, 'value': 0.9281778931617737, 'positive': 4717.0, 'total': 5082.0}
2022-08-21 Sunday 12:14:46:INFO: {'type': 'metric', 'label': 'validation_loss', 'epoch': 12, 'value': 0.7078666141252068, 'sum': 1711.62147295475, 'num_example': 2418}
2022-08-21 Sunday 12:14:46:INFO: {'type': 'metric', 'label': 'validation_dist_target', 'value': (0.0014080582398419, 0.37012975486080146), 'epoch': 12}
2022-08-21 Sunday 12:14:46:INFO: {'type': 'metric', 'label': 'validation_acc', 'epoch': 12, 'value': 0.8325062034739454, 'num_correct': 2013, 'num_example': 2418}
2022-08-21 Sunday 12:14:46:INFO: {'type': 'metric', 'label': 'validation_precision', 'epoch': 12, 'value': 1.0, 'positive': 804.0, 'total': 804.0}
2022-08-21 Sunday 12:14:46:INFO: {'type': 'metric', 'label': 'validation_recall', 'epoch': 12, 'value': 0.6650124192237854, 'positive': 804.0, 'total': 1209.0}
2022-08-21 Sunday 12:14:46:INFO: Calculating recall rate: sun2011
2022-08-21 Sunday 14:07:54:INFO: RR calculation - 500 duplicate reports were processed
2022-08-21 Sunday 15:52:27:INFO: RR calculation - 1000 duplicate reports were processed
2022-08-21 Sunday 17:42:56:INFO: RR calculation - 1500 duplicate reports were processed
2022-08-21 Sunday 19:29:24:INFO: RR calculation - 2000 duplicate reports were processed
2022-08-21 Sunday 21:15:17:INFO: RR calculation - 2500 duplicate reports were processed
2022-08-21 Sunday 23:03:18:INFO: RR calculation - 3000 duplicate reports were processed
2022-08-22 Monday 00:53:48:INFO: RR calculation - 3500 duplicate reports were processed
2022-08-22 Monday 02:39:43:INFO: RR calculation - 4000 duplicate reports were processed
2022-08-22 Monday 04:20:04:INFO: RR calculation - 4500 duplicate reports were processed
2022-08-22 Monday 06:00:39:INFO: RR calculation - 5000 duplicate reports were processed
2022-08-22 Monday 07:46:10:INFO: RR calculation - 5500 duplicate reports were processed
2022-08-22 Monday 09:19:13:INFO: RR calculation - 6000 duplicate reports were processed
2022-08-22 Monday 10:02:12:INFO: [] Throughput: 0.07940829484098297 bugs per second (bugs=6229 ,seconds=78442.68678069115)
2022-08-22 Monday 10:02:12:INFO: {'type': 'metric', 'label': 'recall_rate', 'k': 1, 'rate': 0.3583239685342752, 'hit': 2232, 'total': 6229, 'epoch': 0}
2022-08-22 Monday 10:02:12:INFO: {'type': 'metric', 'label': 'recall_rate', 'k': 2, 'rate': 0.44758388184299247, 'hit': 2788, 'total': 6229, 'epoch': 0}
2022-08-22 Monday 10:02:12:INFO: {'type': 'metric', 'label': 'recall_rate', 'k': 3, 'rate': 0.4999197302937871, 'hit': 3114, 'total': 6229, 'epoch': 0}
2022-08-22 Monday 10:02:12:INFO: {'type': 'metric', 'label': 'recall_rate', 'k': 4, 'rate': 0.5304222186546798, 'hit': 3304, 'total': 6229, 'epoch': 0}
2022-08-22 Monday 10:02:12:INFO: {'type': 'metric', 'label': 'recall_rate', 'k': 5, 'rate': 0.5533793546315621, 'hit': 3447, 'total': 6229, 'epoch': 0}
2022-08-22 Monday 10:02:12:INFO: {'type': 'metric', 'label': 'recall_rate', 'k': 6, 'rate': 0.5742494782469096, 'hit': 3577, 'total': 6229, 'epoch': 0}
2022-08-22 Monday 10:02:12:INFO: {'type': 'metric', 'label': 'recall_rate', 'k': 7, 'rate': 0.5909455771391877, 'hit': 3681, 'total': 6229, 'epoch': 0}
2022-08-22 Monday 10:02:12:INFO: {'type': 'metric', 'label': 'recall_rate', 'k': 8, 'rate': 0.6061968213196339, 'hit': 3776, 'total': 6229, 'epoch': 0}
2022-08-22 Monday 10:02:12:INFO: {'type': 'metric', 'label': 'recall_rate', 'k': 9, 'rate': 0.6163108043024562, 'hit': 3839, 'total': 6229, 'epoch': 0}
2022-08-22 Monday 10:02:12:INFO: {'type': 'metric', 'label': 'recall_rate', 'k': 10, 'rate': 0.6272274843474073, 'hit': 3907, 'total': 6229, 'epoch': 0}
2022-08-22 Monday 10:02:12:INFO: {'type': 'metric', 'label': 'recall_rate', 'k': 11, 'rate': 0.636378230855675, 'hit': 3964, 'total': 6229, 'epoch': 0}
2022-08-22 Monday 10:02:12:INFO: {'type': 'metric', 'label': 'recall_rate', 'k': 12, 'rate': 0.6455289773639429, 'hit': 4021, 'total': 6229, 'epoch': 0}
2022-08-22 Monday 10:02:12:INFO: {'type': 'metric', 'label': 'recall_rate', 'k': 13, 'rate': 0.6527532509231017, 'hit': 4066, 'total': 6229, 'epoch': 0}
2022-08-22 Monday 10:02:12:INFO: {'type': 'metric', 'label': 'recall_rate', 'k': 14, 'rate': 0.6582115909455771, 'hit': 4100, 'total': 6229, 'epoch': 0}
2022-08-22 Monday 10:02:12:INFO: {'type': 'metric', 'label': 'recall_rate', 'k': 15, 'rate': 0.6643120886177557, 'hit': 4138, 'total': 6229, 'epoch': 0}
2022-08-22 Monday 10:02:12:INFO: {'type': 'metric', 'label': 'recall_rate', 'k': 16, 'rate': 0.669930968052657, 'hit': 4173, 'total': 6229, 'epoch': 0}
2022-08-22 Monday 10:02:12:INFO: {'type': 'metric', 'label': 'recall_rate', 'k': 17, 'rate': 0.6747471504254294, 'hit': 4203, 'total': 6229, 'epoch': 0}
2022-08-22 Monday 10:02:12:INFO: {'type': 'metric', 'label': 'recall_rate', 'k': 18, 'rate': 0.6787606357360733, 'hit': 4228, 'total': 6229, 'epoch': 0}
2022-08-22 Monday 10:02:12:INFO: {'type': 'metric', 'label': 'recall_rate', 'k': 19, 'rate': 0.6829346604591428, 'hit': 4254, 'total': 6229, 'epoch': 0}
2022-08-22 Monday 10:02:12:INFO: {'type': 'metric', 'label': 'recall_rate', 'k': 20, 'rate': 0.686627066944935, 'hit': 4277, 'total': 6229, 'epoch': 0}
2022-08-22 Monday 10:02:12:INFO: {'type': 'metric', 'label': 'MAP', 'value': 0.4501249899916227, 'sum': 2803.8285626578177, 'total': 6229, 'epoch': 0}
2022-08-22 Monday 10:02:12:INFO: [3, 20, 4, 2, 1, 1, 3, 1, 1, 5, 1, 1, 1577, 2, 3, 6, 1, 2, inf, 3, 1, 3320, 13, 1, 76, 19, 1244, 1, 101, 44, 8, 3, 1, 5, inf, 21, 1, inf, 1, 1, 1, 1, 1, 6, 3, 1, 1, 1, 3, 1, 1, 4, 15267, 2, 1, 3, 3, 1, 19, 1, 58, 1, 53, inf, 1, 1, inf, 118, 188, 8, 2, 9, 7767, 4, 14, 12, 146, 4, 3, 1, 16, 16, 31, 1, 20, 1, 1, 2, 55, 6336, 2, 12, 8, 2, 76, 1, 3, 1, 1, 3566, 6, 131, 1831, 498, 221, 3, 1, 1, 210, 38, 1, 2073, 147, inf, 1, 11, 1, 1, 1, 1, 7, 2, 47, 1, 1, 1, 1, 1, 43, 1, 15, 1, 290, 36, 67, 20, 2, 1, 3, 1, 1, 294, 72, 14, 11, 2, 1, 21, 1, inf, inf, 867, 3, 92, 387, 5, 179, 1, 746, 230, 1, 173, 1, 135, 14, 1, 12, 23, 6, 3, 1, 32, 1, 1, inf, 1, 3, 1, 33, 20, 1, 1, 2, 26, 2, 2647, 13, 1, 1, 1, 9, 11, 22, 1, 200, 6, 3, 11, 8, 3535, 1, 1, 10, 50, 125, 1, 2, 8, 2, 16, 9, 1, 1, 1, inf, 6, 4, 7733, 2, 8, 1, 3, 259, 2, 1, 2, 2, 2, 1, 245, 1, inf, 1, 1, 1, 1, 10, 645, inf, 2, 2, 2, 1, 200, 129, 1, 4, 16, 4, 1, 1, 1193, 1, 1, 1, 1, inf, 41, inf, 1, inf, 8, 22, 1, 1, 1, 78, 1, inf, 527, 10, 4, 1, 1, 1, 155, 1, 1, 33, 1, 11, 1, 1, 1, 2, 4, 1, 1, 2, 1, 3, 6, 16, 12, 3272, 1003, 1, 53, 1, 15469, 12, 1, 1, 4, 2, 14, 326, 1, 1, 1, 52, 99, 1, 1, 25893, 2, 1, 1, 1, 1, 1, 3, 150, 1, 2, 51, 12, 520, 80, 11, 186, 1, 3, 3, 1591, 5, 1, 16, 3, 30, 1, 3, 2, 2, 39, 1, 3, inf, 3163, 1, 4330, 5, 1, 3, 1, 1, 127, 56, 2, 1, 4, 65, 7, 1, 617, 7, 1, 21, 13, 3, 1, 1, 1, 1, 1, 21, 8, 1, 1, 327, 2, 2, 1, 1, 120, 3, 4878, 1, 233, 4, 2709, 2, 8, 1, 21, 36, 12, 1, inf, 7, 2, 2, 18, 337, 1, 59, 1, 7, 1, 1, 239, inf, 1, 949, 2, 6, 83, 1, 50, 1, 1043, 30, 1, 1, 1, 1, 5, 1, 1, 4, 2, 1, 10, 6, 14, 1, 1, 4, 18, 1, 404, 1, 23, 6, 6, 29, 17, 1, 927, 1, 1, 167, 1, 1, 1, 5, 4, 1264, 1, 2, 1, 36, 5, 2, 1, 328, 1, 48, 1, 1683, 1, 47795, 7, 2, inf, 1, 1, inf, 11, 1, 1, 128, 1, 7, 2, 20, 15, 1, 1, 3, 40141, 1, 172, 1, 5, 1, 18, 3, 1, 965, 822, 1, 1, 3171, 1, 157, 9, 1, 6, 1, 6, 5, 244, 1, 3, inf, 17, 1, 6, 1, 82, 2, 3, inf, 2, 1, 9, 2, 2, 2, 1, 1, 12, 1, 2, 432, 5, 1, 87, 636, 1, 1, 19, 79, 13, 8, 1, 1877, 1, 1, inf, 494, 1, 1, 2, 6776, 3, 2, 1, 937, 1, 5, 1, 179, 1, 5, 286, 1, 1, 2, 299, 1, 1, 13, 13, 1, inf, 1124, 2, 4, 2, inf, inf, 9, 382, 4, 4, 1, 2, 55, 1, inf, inf, 1, 1, 1, 1, 17, 3, 2077, 1, 1, 1, 46, 10, 9, 2, 4, 1, 12601, 48, 1, 3658, 4, 1, 3, 29, 4, 4, 15, 1, 37, 1, 1, 5, 1138, 379, 1, 18, inf, 1, 1, 42, 1, 43, 10, inf, 53, 1, 1, 4, 1, inf, 1, 20, inf, 1, 54, 1063, 2, 2, 39, inf, inf, 1040, 1, 142, 8, 1, 1, 1, 4, 1, 3, 113, 3, 61, 1, 3, 1, 10, 246, 116, 30, 1, 1, inf, 2, inf, 1, 856, 58, 2666, 2, 30, 4, 4244, 1, 1, 12, 1, 3, 46, 4, 1, 1, 1, 15, 53, 11, 1, 1, 12036, 2, 12, 4, 1, 21, 13191, 3, 1, 666, 99, 3, 3, 644, 1, 15, 5, 16, 2, 5, 1, 1, 1, 110, 1, 134, 3, 12, 237, 4, 2189, 594, 52, 6924, 1, 1, 521, 27, 63, inf, 2, 61, 94, 1, inf, 1, 74, 2, 5, 1253, 1, 1, 1, 2, 3, 10, 41, inf, inf, 4, 33, 4, 2, 2, 1, 2472, 2, 73, 1, 58, 404, 154, 16, 63, 34, 1, inf, 1, 1, 209, 9241, 6, 3, 8, 7, 2, 4, 1, inf, 22, 3, 796, 191, 204, 2, 2, 41, 1, 7, 2, 2, 1, 21, 68, 13, 2539, 1, 1, 1, 3, 44, 3, 1, 1, 12768, 39, 14, 4, 108, 1, 1771, 13, inf, 7168, 5, 1, 1, 2405, 1, 525, 1, 526, 1, inf, 1, 8, 727, 134, 23, 566, 294, 133, 4, 1, 1, 7, 2, 104, 49, 16, 18, 1, 1, 16, 75, 1950, 3, 15, 13, 7, 1, 1, 8619, 1616, 2065, 2717, 82, 99, 1, 1, 2, 1, 1, inf, 3, 1, 76, 1, 7, 1, 2, 1, 10, 1, 1, 12, 1739, 468, 3, 226, 18, 11, 1, 3, 23, 40, 3, inf, 1, 2, 1, 1, inf, 340, 2, 641, 1, 5, 1, 96, 1, 255, 309, inf, 1, 1679, 61, 2063, 1, 1, 1, 7, 4, 1, 2, 5, 2, 354, 4, 1078, 157, 130, 3, 15, 224, 10, 13, 2, 1, 1, 44, inf, 3, 1, 1, 42, 8, 43, 9, inf, 27, 1, 11, 3339, 1, 3, inf, 19, 6, 1, 1, 26, 1, 1, 13, 320, 1, 73, 35, 1, inf, 1, 1, 17, 3, 2, 1, 5, 7563, 1, 9, 1, 3, 13, inf, 31, 34, 75, 1, 96, 1, inf, 4, 9, 1, 14, 9, 23, 45, 1, 1, 39, 2099, 1, 1, 1, 1, 147, 2, 1, 5, 4, 3, 2, 1, 3, 2, 372, 18, 5509, 1, 1, 1598, 2, 1, 1, inf, 189, 25, 1, inf, 1, inf, 1, 1, 1, 2, 1, 1, inf, 31, inf, 2, 1, 1, 1093, 1, 37, 1, 1077, 8, 9, 1, 2, 8, 2, 27, 1, 442, 1, 2, 1, 1, 1, 1, 1561, 1, 1, 1, 19, 211, 1, 961, 3, inf, inf, 2, 7, inf, 3, 1, 9, 1, 1, 2, 1, 9, inf, 1, 1, 2, 21, 2, 11, 1124, 78, 2, 2, 13, 144, 2, 8, 421, inf, 1, 12, 23, 2, 1, 1, inf, 306, 1, 1, 570, inf, 27, 1, 2, 1, 83, 3703, 48, 2124, 13, inf, 2, 1, inf, 868, 74, 44, 4697, 35, 2, 10, 60, 89, 1, 2, 3547, 3, 1, 1, 4, inf, 11, 1, 1, 35, 1, 2, 2, 4967, 1, 145, 3, 2, 3, 720, 1, 15, inf, 1, 738, 1, 26, inf, inf, 11, 1, 1, 1, 1489, 1, 6, 24, 892, 1, 6, 18, 1, 1, 795, 2, 1, 1, 1, 1, 1, 7, 169, 544, 133, 6, 1, 1, 1, 40, 1, 1, 1, 1, 1, 960, 12, 2, 7, 2, 257, 1, 61, 99, 1, 2, 187, 7, 3, 1, 4, 1, 1, 8, 2, 1, 10, 66, 1, 3, 1, 81, 35, 1, 3, inf, 21, 117, 1, 12357, 2, 55, 1, 1, 1, 1196, 3, 7, 1, 6, 68, 2, 4, 1, 1, 1, 12956, 37, 200, 1, 672, 3, 1, 969, 1, 2567, 1, 1, 1, 1, 1, 1, 1, 1, 2, 8, 22, 250, 7, 1, 1, 1, 1, 1, 1, 1, 1, 8, 3, 3, 36, 56, 1, 5, 175, 3, 268, 1, 1, 1, 3, 1, 93, 1, 1, 1902, 1, 2, 1, 2221, 1, 7, 12, 1, 1, 1, 1, 32, 1, 1, 2, 2, 1, 2, 2, 1, 1, 3, 1, 2390, 1, 5, 3, inf, 941, 2, 5, 2, 29, 2, 30, 292, 1, 1, 67, 1, 87, 1, 934, 37, 47, 3, 262, 35, 1, 119, 1, 1, 1, 20, 1, 1, 334, inf, 11963, 1813, 1, 2, 102, 26, 1, 1, 61, 2, 1, 1, 1, 1, 6, 1, 1, 1, inf, 2, 1, inf, 101, 2, 1, inf, 1, 1, 27, 140, 13, 30, 162, 1, inf, 3, 1, 5278, 25, 1, 31, 2, 5, 2, 1, 11, 5, 1, 8, 3, 4, 3, 1, 1, 1, 51, 4, inf, inf, 2, 1, 74, 209, 1002, 1, 480, 2, 2, 1, 1, 1, inf, 1, 1, 1, 21410, 3, 10, 6, 1, 1, 1, 1, 19, 12, 1, inf, 1, 7, 1, 2, 1, 1, 1, 1, 10, 13, inf, 47, 137, 28998, 50, 155, 13, 1, 3, 1, 2, 2, inf, 6, 1, inf, 1, 30, 134, 1, 17, 1, 10, 8, 52, 335, 1, 506, inf, 397, 1, 183, 3, 1, 2, 5, 2, inf, 1, 1, 7, inf, inf, 1, 3, 1, 222, 1, 1, 1, inf, 8, 14, 1, 153, 2479, 5, 1, 34, 1, 1, 1, 1236, 1, 6, 234, 1, 1, 1, 62, 120, 15, 1, 235, 389, 25, 4, 1, 610, 2, 1, 1, 1, 1, 24410, 1, 1, 1, 1, 120, 2, 2, 7, 8, 140, 1, 1, 8, 50, 1, 1, 1, 1, 1, 3, 11409, 1, 1, 1, 3, 5, 1, 7, 1, 1, 1, 1, 2326, 1, inf, 1, 1, 335, inf, 598, 2302, 1, 32, 30, 2, 12, 4093, 20, 1285, 1, 26, 15, 646, 1, inf, 1, 393, 1, 2, 7, 1, 1, 1, 1, 1, 1, 3, 5, 1, 2, 2, 1, 12, 4, 1, 97, 1, 1, 2, 2522, 26, 31, 88, 1, 8, 1, 9416, 122, 1, 1, 6, 1, 1, 2, 2, 1, 36, 4, 1, 15, 92, 21, inf, 6, 1, 2178, 993, 142, 2, inf, inf, 206, 1, 1, inf, 1, 6, 1, 1, 80, 167, 9, 1, 808, 380, 1, 8, inf, 29, 4, 7, 2, 31, 1, 1, 98, 1, 1, 3, 10, 1, 2, 3, 122, 1, 3, 2, 1, 6, 15, 48, inf, 2, 40, 16, 14, 1, 23, 3, 92, 1, 14, 19, 8, 6, 23, 11, 1, inf, 2, 103, 11, 5, 2, 365, 30, 84, 1, 2, 1215, 1, 12, 1, 28, 2, 131, 1, 1, 146, 1, inf, 99, 5, 430, 1, 15, 35, 192, 269, 3, 32, 34, 1, 22, 4, 5, 2, 1, 10, 2, 1, inf, 4, 1, 1, 274, 7, 4, 11, 6758, 7, 1, 1, 4, 1, 6, 2, 1, 1, 16, 6, 2, 1, 11, 2, inf, 1, 18, 2, 3, 1, 5, 24, 16, 4, 1, 9, 4, 61, 8, 15, 9, 1, 1, 3, 3, 1, 247, 33, 1, 156, 7020, 12, 8, 1, 1, 1, 3, 242, 1, 1, 1, 50, 3318, 59, 3, 17, 1, 2, 2, 67, 1, 1, 12, 71, 1, 6, 1, 1, 9103, 1, 858, 145, 45, 1, 1, 2, 3, 88, 5, 1467, 1, 16, 5, 6097, 2, 1, 2, 2, 66, 47, 2, 1, 2, 35, 68, 1, 51, 1, 3, inf, 1168, 90, 1, 1, 15501, 98, 13, 4, 10070, 1, 1, 24, 1, 1008, 37, 39, 73, 3, 1, 1, 1, 3, 1, 1, 5, 18, 1, 840, 13, 1, 1, 1, 15, 1, 1, 2, 4, 3, 6, inf, 1, 9551, 15, 4, 162, 1, 41, 1, 10, 9, 1, 1733, 1, 1, 55, 2, inf, 1, 1, 11, 2, 1, 1, 1, 1, 10, 3, 2170, 1, 33, 494, 9, 1, 4, 1, 38, 4, 1, 1, 1, 18, 2, 9, 2, 9, 1, 18494, 1, 5, 9, inf, 1, 57, 20, 2, 1, 4, 1, 1, 255, 41, 145, 247, 1, 3, 4, 2, 8, 239, 2, inf, 48, 1, 1, 1, 1, 1, 1, 3, 5, 1, 1, 6, 958, 2, 1, 20, 1, 1, 15, 1, 3123, 3, 15212, 1, 1, 118, 2, 1, 2, 1, 1, 1, 34, 15, inf, 213, 1, 166, 79, 8, 3, 10, 2, 33, inf, 1, 6, 11, inf, 1, 60, 502, 6, 41, 1, 1, 1, inf, 1, 15, 459, 9877, 1, 1, 19, 2, 699, 1, 1707, 1, 1, 2, 1, 2, 8, 1, 24, 1, 1006, 7, 1, 3118, 1, 9, 11, 1, 1, 12, 8, 19, 1, 1, 1, 9, 1, 118, 2, 2, 75, 7, 1, 6758, inf, 1, 1, 493, inf, 1, 27, 14, 3, 1, 1, 9, inf, 39, 1, 2134, 2, inf, 2, 146, 23, 1, 1, 2, 5, 1, 3, 300, 22, 1, 59, inf, 5, 13, 1, 2, inf, 1, 13, 1, 36, 164, 30, 10, 1278, 31, 204, inf, inf, 228, 1, 3, 12, 1, 565, 25, inf, 2, 6, 1, 2, 1, 1, 1, 17, 1, 20, 1, 2, 1, 1, 3, 1, 1, 1079, 552, 1, inf, 1, 5, 1, 4, inf, 10442, 2, 1, 50, inf, 1, 1, 1, 1, 1, 1, 1309, 1, 1, 1, 1, 23, inf, 6, 1, 1, 39525, inf, 8, 3, 1, 2, 1, inf, 21, 985, 3, 1, 1, 33, 4, 16, 1, 2, 40, 46, 1, 28, 1, 2, 2, 29, 86, inf, inf, 48, 1, 252, 2, 1, 1, inf, 1, 1, 7748, 1, 1, 12, 1, 1, 129, 232, 1, 17, 1, 2, 2, 1, 15, 1, 12, 1, 12, 43, 1, 1, 1, 14, 6, 1, 107, 2304, 2, 2, 1, 12, 3, 1, 17, 4733, 1, 4, 4, 2, 7, inf, 1, 8, 1, 2, inf, inf, 1004, 11, 1, 1, 1, 40, 2, 51, 6, 1, 2285, 3, 5, 1, 1576, 2, 44242, 28, 1, 1, 1, 1, 1, inf, 1, 1, 1, 1, 1, 2, inf, 17, 1, 87, 7, 112, 14, 10, 1, 1, 1, 1, 36, 1, 1, 1, 1, 4, 1, inf, 2796, inf, 1, 1, 2, 234, 1, 1, 1, 28, 1, 1, 5, 4, inf, 1, 6, 3, 12, inf, 4, 6, inf, 57405, 2, 1, 32, 1, 1, 2, 1, 1, 12, 1, inf, 1, 1, 19, 1, inf, 2, 4, 806, 1, inf, 3, 27, 3, 3, 1, 220, 1, inf, 2, 2, 1, 1, 3451, inf, 3, inf, 416, 3, 131, 3, 193, 1, 5, 1, 3826, 6037, 495, 2, 1, 1, 2094, 1, inf, 1, inf, 1, 6, 3, 1, 792, 6558, 1, inf, 39, 27, 1, 1, 964, 383, 1, 1680, 34, 14, 2, 1, 4, 8, 1, 1, 2, 1, 1, 1, 1, 1, 7, 1, 1, 1, 1, 162, 3, inf, 110, 1, inf, inf, 2, 1, 1819, 66, 1, 1, 1, 37, 2, 1, 1, 21, 3, 2, 1, 1, 1, inf, 732, 1, 4, 8, 18857, 2, 82, 1, 2, inf, 3, 8, 1, 1, 1, 5, 4, 1, 1, 1, 1, 1, 1, 11543, 1, 103, 455, 1, 2, 77, 11, 1, 1, 40, 93, inf, 1, 11963, 3, 1, inf, 10, 59, 155, 1, 5764, 1, 4, 45, 1, 1, 3, 1, 20, 1, 1, 6465, 1, 10, 26, 321, 3, 1, 67, 2518, 3, 6, 15, 3313, 10, 2, 2, 66, 3, 1812, 189, 669, inf, 6, 25, 12, 8, 2, 2, 32775, 6562, 1325, 85, 1, 8, 2, 3, inf, 1, 108, 8, 4, 2, 39, 118, 33, 219, 9, 7, 5075, 96, 3, 24, 2, 2, 25, 1, 11, 2, 31, 779, 2027, 1, 301, 1, 1, 1, 1, 1, 7, 91, 16, 1, 2, 1, 154, 3, 237, 12, 1, 1, 3, inf, 11, 1, 1, 1, 1, inf, 873, 52, 1, 1, inf, inf, 12, 24, inf, 1, 1, 1, 1, 3, 377, 84, 2, 1, 30, 3, 149, 1, 57, 3, inf, 3, 5, 27, inf, 1, inf, 3, 2, 6, 4, 13, 5, 25, 11, 82, 1, 3, 1770, 1, 1, 1118, 1, 4822, 2, 4, 20, 1, 7, 1, 26, 65, 229, 1853, 96, 4, 3, 3970, 11, 58, 3, 1, inf, 11, 1, 3453, 337, 3, 1, 1, 1755, 10, 3, 10949, 1, 1375, 1, 1, 462, 11, 78, 15, 1, 1, 107, 1, 2, 45, 25, 1, 4, 5, 2, 1, 1, 1, 8, 1, 1, 1, 1, 5, 15, 1, 22, 31, 2, 1, 1, 1, 35, 1, 2, 45, 2, 4, 8, 12, 38, 341, 24, 1, 1, 1, inf, 39673, 1, 1, 1, 17, 1, 1, 1, 2, 379, 2, 1, 1, inf, 1, 23, 209, 71, 3, 2, 1, 2, 1, 18, 1, 4, 10, 1, 2, 1, 1, 1, 1, 1, 1, 49, inf, 193, inf, 1, inf, 1, 6, 2, 2, 6, 3, 1, 1, 3, 1, 1, 1, 1, 52, 1, 4, 342, 561, 101, 7, 2, 1, 2, 7, 66, inf, 24, 4, 177, inf, 1, 28, 1, 1, 1, 136, 22, 1, 279, 1, 1, 1, 1, 1, 1, 1, inf, 30, 986, 29, 15130, 1, 1, 1, inf, 1, 5, 1, 1, 30, 1, 6, 1, 1, 1, 2, 1, 184, 1, 2, 1, 328, 44, 203, 2, 3, 29, 1, 2, 1, 813, 485, 16, 12, 18, 5, 1, 8, 1, 6304, 5, 1, 20, 1, 2, inf, 1, 2, 45, 3, 247, 3, 3559, 335, 4613, 3, 10, 9, 168, 22453, 3, 3145, 6, 2, inf, 1, 1, 295, 1, 27, 8192, 87, 1, 1, 1, 1, 1, 747, 3, 1, 1, 2147, 65, 2, 89, 1, inf, 19, 5, 1, 3, 5, 1, 16, 196, inf, 78, 157, 1, 1, 5, 16, 114, 228, 1, 72, 2, 418, 4, 4, 1, 3, 2, 2, 1, 96, 215, 29226, 2, 48, 3613, 130, 3, 1, 1, 1, 21, 115, 7, 1, 1, 8, 191, 1, 2, 2, 1, 101, 1, 2, 65, 2, 94, 10, 9, 1, 1, inf, 1, 9, 2, 1, 75, 1, 585, 1, 2, inf, inf, 1, 2076, 14, 1, 1, 2, 3, 5, 1, inf, 2, 1, 1, 5, 1, 7, 1, 91, 2, 1126, 61, 1, 1, 1, 1, 4, 4, 8, inf, 1291, 1, 1, 1, 146, 7, 6, 3, 17, 1, 10, 124, inf, 2, inf, 631, 1, 2, 4, 3676, 14, 2, 38, inf, 1, 1, 1, 1, 834, 1, 1, inf, 1, 7, 253, 6, 181, 33, 17, 1082, 1, 4, 14, 2, 1, 44123, 2060, 3, 1, 1, 2, 1, 1, 3, 2, 1, 2, 1, 2, 1, 7, 103, 414, 10, 2, 1, 1, 2, 18, 1, 1, 25968, 1, 9, 6, 34, 2, 1, 1, 1, 72, inf, 25, 17, 1, 1, 1, 2, 1, 1, 1, 131, 1, inf, 88, 430, inf, 1, 66, 1, 109, 55, 12333, 1, 5165, 101, 1, 48, 4, 1, 143, 1, 7, 1, 4, 1, 1280, inf, 37, 10, 11, 1, 1020, 2, 13, 346, 1, 2, 358, 6216, 2698, 4, 129, 1, 3, 1, 3, 49, 37, inf, 8, 1, 345, 1, inf, 1, 8, 121, 1, 5071, 141, 1250, 1997, 1, 1, 2, 2, 7, 21, 38, 3, 2, 9904, 2, 1, 2, 887, 1, 1, 1, 7, inf, 111, 1, 2, 1, 175, 17, 4, inf, 98, 963, 1, 1, 4, 1, 7, 94, 10, 1, 10, 2, 19, 86, 1, 33, 4, 2, 1, 1, 4, 1, 1, 2, 7, 1, 2, 1, 1, 1, 1, 1, 9, 5304, 47, 4, 1, 1, 1, 430, 8, 2, 3, 97, 168, 1, inf, inf, 8, 1, inf, 1, 15, 5, 31, 3, 13, 171, 45, 5, inf, 1, 2, 1, 5, 2222, 1, 3152, 1, 2, 1, 10, 1, 156, 1, 6, 10, 2, 7, 10, inf, 1, 3, 1576, 1, 1, 3, 1, 1, 1, 1, 107, 16, 1, 69, inf, 2, 1, 1, 1, inf, 3, 2879, 3, 1, 41, 1, 1, 34, 14, inf, 16, 4, 3, 1, 20, 724, 3, 5235, 23, 2, 1, 1, 1, 1, 2, 369, 1, 951, 1, 15, 1, 7, 6, 147, 37, 1, 1, 2, 1, 1, 1, 86, inf, 1, 37, 13, inf, 1, 1, 8, inf, 1, inf, 144, 35, 120, 21, 76, 1, 1, 6, 1, 1, 12, 10, 1, 237, 1630, 1, 1, 3, 39, 121, 16108, 3, 5, 6, 1, 1, 1, 2, 1, 389, 2, 2, 338, 62, 1, 20, 1, 12, inf, 1, 515, 9, 1, 2, 1, 1, 9, 1, 2, 34, 1, 3, 1, 1, 1, inf, inf, 20, 1, 374, 1, inf, 215, 23, 2, 14, 32, 2, 1, 1, 82, 4, 1, 14, 2, 16, 3, 125, 125, 1, inf, 2, 1, 4213, 1, 1, 7, 1, 21623, 1, inf, 68, 7, 337, 5, 2, 2, 5, 1, 27, 189, 5, 1, 26, 1, 1, 8, 5, 10, 13, 2, 2, 3, 1, 22, 219, 7, 11, 4, 1, 1, 1, 1, 1, 1, 1, 2078, 27, 10, 1, 27, 6, 1, 1, 133, 1, 1, 1, 172, 27, 4, 72, 3, 6, 2, 5, 1, 25, 310, 1, 1, 3045, 1, 1, 1191, 22, 2096, 1, 1, 1, 42, 1, 1, 8, 5916, 1, 3, 1, 34, 73, 77, 5, 1, 2, 135, 1, 1, 8, 1, 1652, 93, 16, 5, 5, 27, 40, 4, 1, 1, 1, 57, 27750, 1, 1, 19764, 1, 1, 1649, 344, 1, 1, 7321, 1, 1, 3, 1, 1, 1, 3, 2, 1, 9, 1, 1, inf, 1, 7, 100, 3, 35, 235, 1, 6, 14, 1, 2, 1, 1, 1, 1, 10, 6, 1, 18, 1, 2, 15, 12, 2, 1, 1, 21, 2, 1, 6, 58, 1, 1, 2, 19, 3, 1, 1, 3, 3, 1, 884, inf, 67, 1, 178, inf, 2, 1, 1, 1, 1, 268, 1, 19, 1160, inf, 1, 1, 2, 1, 1, 6, 1, 2, 38, 1, 23805, 84, 2, 7, 9, 35, 1, 89, 1, 1, 22, 2, 121, 2, 37, inf, 1, 41, 1, 2, 30, 1, 9, 7, 2, 2, 2, 3, 2, 1, 1, 1, 1, 30, 26, 55, 1, 2, 48, 21, 476, 3045, 9, 2489, 1510, 1, 1, 1, 1, 1, 528, 343, 1, 481, 627, 15, 531, 660, 11, 35, 4, 1, 2, 2, 1, 78, 1, 70, 1, 1, 2, inf, 1, inf, 4, 1, 8, 1, 2, 1, 6, 2, 19, 4, 4, 23, 24, 1, 1074, 5, 1, 2, 5, 1, 323, 4, 1, inf, 1, 2, 1, 1, 1, 13, inf, 1, 3, 3, 4, 1, 27, 17, 2, 5, 229, 1, 1, 1, 14, 1, 2585, 1, 177, inf, 2, 3, inf, inf, 3, 74, 1, 2, 79, 2, 1, 10, 10, inf, 1, 1, 346, 2, 12, 18, 105, 2, 3, 1, 6, 4, 6, 2, 2, 4, 3, 120, inf, 2, 65, 1, 3, 74, 13, 1, 216, 5235, 2, 697, 3, 1, 2, 52, 12, 9, inf, 2, 2, 79, 1, 1, 25, 115, 1, 23, 1, 3, 20, 3, 22, 51, 1, 2, 1, 12, 15274, 1, 385, 1, 1, 6802, 31, 3, 723, 3, 5, 1, 6, inf, 4, 2, 19, 10, 14, 23, 5, 10, 1, 15, 6, 1, 116, 2, 4, 371, 84, 1, 1, 1, 7, 1, 6, 9, 73, 17, 4, 1, 4, 1, 1, 2, 2, 1, 421, 3, 568, 1, 1, 1, 1, 1, 7, 2, 85, 2540, 1343, 112, 38, 86, 5, 1, 228, 1, 34, 5, 1, 5, 2, 51, 2, 1, 246, 2, 2, 6, 15285, 2, 24, 1, 1, 2, 1, 568, 51, 84, inf, 2, 8, 77, 2, 6, 1, 1, 1, 33, 2, 1, 5, 1, 5229, 11, 4, 207, 214, 1, inf, 1, 28761, 3, 1, inf, 14, 3, 4, 25, 4871, 137, 130, 4, 2741, 6, 1, 432, 1, 33, 1, 129, 1, 1, 9, 1, 265, 27, 2, 416, 3, 94, 1, 29, 1, 3, 2790, 1, 9802, 1, 6, 5, 5, 2, 3, 1, 6408, 7, 26, 72, 1, 2150, 34, 6, 4, 5, 32, 1725, 1, 4, 6, 18882, 9, 147, inf, 1, 1, 113, 1, 41, 1, 1, 1, 1, 1, 527, 1, 2706, 3, 1, 256, 1, 1, 2, 1, 19, 1, 1, 3, 1, 158, 39, 8, 2, 2, 48, 1, 74, 218, 1, 2, inf, 1, 8, 4, 49, 6, 2, 1, 3, 50, 3, 2, 6, 2, 10, 5, 2, 8, 1, 6, inf, 1, 27, 6, 2, 5, 271, 1, 1, 1, 157, 19, 14, 3, 4, 2, 1, 16, 3, 1, 1, 450, 13, inf, 7442, 2, 137, 1, 1, 203, 165, 30, 1, inf, 306, 2, 1, 2, 4, 994, 1, 10, 1, 1, 1, 1, 1, 23, 3, 1, inf, 458, 598, 8354, 1, inf, 4, 1, 18, 1, inf, 2, 1, 18, 1, 1, 6, 3, 12, 2, inf, 1, 1, 215, 47, 2, 94, 2, 1, 39, 8, 53, 34, 1, 6, inf, 7, 36, 1, 9, 1, 1, 58, 1, 1, 70, 1, 30, inf, 2, 1, 1442, 3, 1, 1, 1, 4, 2, 1, 23, 2, 7, 33, 115, 5, 52, 1, 1, 1, 7, 2409, 14, 1, 1, 6, 20, 1, 74, 5, 288, 5, 28, 1, 97, inf, 2, 1, 1, 1, 230, 213, 4, 6, 3, 182, 16, 33, 11887, 3, 2, 7, 8, 7, 26, 7, 29, 3, 1, 1, 1734, 90, 125, 1, 5, 201, 5, 22, inf, 10, 1, 2, 8596, 1, 6, 1888, 8, 5, 76, 4, 495, 8, 1, 3, 4, 8, 1, 1, 41, 359, 22, 1, 5, 374, 213, 540, 1, 144, 2, 1, 2, 3, 1, 4, 3, 1, inf, 1, 6, 2, 23, 32, 2, 1, 5, 96, 45, 1, 6, 6, 1, 2, 8, 146, 289, 1, 22, 1, 1, inf, 2, 1, 1, 199, 2, 1, 1, 9, 1, 2, 1, 1, 98, 12, 66, 9, 1, 50, 10, 1, 1, 7, 2, 3, 35, 1, 11, 5830, 3, inf, 10, 2, 1, 1, 125, 5, 1, 155, 3, 3, 12, 1, 5, 1, 3, 1, 2, 66, 1, 15, 268, 1, 1, 18, 842, 3, 1, 1, 19, 6, 22, 14, 1, 1, 31, 1, 5, 2, 3, 3, 2, 171, 1, 3, 15, 2130, 1, 1, 2, 1, inf, 17, 6888, 1, 1303, 4, 7027, 10, 6, 8, 1, 9, 17, 42, 31, 82, 1, 5, 21, 22, 1, 5, 1, 3, inf, 6558, 1, 1402, 3, 39, 26, 4, inf, inf, 1, 1, inf, 2, 1, 1, 2, 1, 9, 6, 2, 9, 56, 1, inf, 1, 1, 20, 50, 893, 61, 192, 416, 2, 143, 3, 47, 172, 11, 13, 11, 36, 1, 16, 89, 3, 3, 1, 38, 1, 43, 7, 152, 2, 2, 1, 36, 1, 1, 2, 16, 2, 1, 5, 1, 6, 30, 3, 202, 1, 1, 136, 52, 2384, 1, 82, 125, 1, 1, 3, 1, 1, 16, inf, 2, 1, 1, 2, 13, 23557, 1, 1, 5, 1, 7, 2, 7, inf, 23, 27599, 4, 6, 4, 1, 1, 6, 17, 1, 1, 1, 1, 1, inf, 6, 1, 10, 1, 3, 21, 1, 1, 57, 1, 3, 752, 15, 1, 2, 42, 31, 3, 25, 53, 4461, 1, 3, 1, 7, 167, 8, 13, 21, 1, 1, 24, 1, 8, 1, 2, inf, 56, 28, 8, 1, 4, 1, 1, 1, 6, 279, 1, 8, 1, 2, 16, 28, 78, 1, 6, 3, 217, 1, 1, 1, 1, 1, 1, 25, 1, 1, 1, 1, 2, 3, 1, 1, inf, inf, 10, inf, 1, 1, 1, 5, 4, 1, 1, 1, 1, 1, inf, 18, 267, 8, 3, 7, 2, 1, inf, inf, 5, 1, 2, 1, 1, inf, 1, inf, 13825, inf, 49, 1, 1, 16, 1, 2, 1, 1, 1, 57, 149, 1, 5, 3, 7, 2, 5, 1, inf, 1, inf, 3, 11, 1, 7, 5, 1, 46, 3, 1, 1, 445, 1, inf, inf, 1, 669, 1, 61, 1, 1, 2, 1, 2, 68, 3, 1, 4, 509, 1, 3, 5, 1, 11, 5, 332, 2, 2, inf, 1, 240, 11, 1, 1, 17, 1, 51, 3, 1, 1, 6408, 4, inf, 140, 7, 4, 26, 4, 1, 1, 8, 4558, 10, 3, 1, inf, 5, 1, 51, 17023, 3, 2, 1, 1, 1, inf, 77, 2, 3, 12, 28, 615, 5393, 18, 11, 8, 6, 1875, 2, 29, 5, 11, 1, 1, 69, 20, 2, 97, inf, 70, 1, 68, 93, 2, 7, inf, 1, 23, 2, 2, 195, 1, 2, 1, 9923, 1, 1, 59, 3, 1, inf, 1, 2, 26, 1, 1, 1, 23, 5, 12, 1, 1, 2464, 1, 3, 2, 9, 202, 2, 5075, 4, 23, 2, 16, 2, 316, 1, 6, 6, 4, 4, 2, 1, 12, 86, 4, 1, 17, 4, 1, 9, 24, 8, 1, 1, 1, 74, 2831, 16, 1, 1, 21, 6, 1, 2, 2, 1, 1, 79, 7, 2, 5, 29, 4, 15, 1, 21, 2, 2, 1, 14, 1, 1, 36, 3, 1, 116, 797, 35, 1, 1, 2, 1056, 4624, 4, 29, 1, 1, 2, 2, 1, 10, 2, 28731, 1, 3, 6, 1, 1, 1, inf, 1, 76, 6, 1, 1, 1, 1, 3, 1, 3, 1, 1, 23, 1, inf, 2, 1, 78, 1, 1, 1, 1, 5, 14, 15, 13, 13, 2, 1, 1, 12, 1, 77, 2, 1, 2, 1, 7, 1032, 23, inf, 165, 1, 47, 21, 4, 46, 1, 1, 1, 1, 1, 739, 15, 2, 4, 4, 16, 1, 1, 25, inf, inf, inf, 13, 3, 2939, 1, 350, 2224, 3, 2, 102, 1210, 4, 1, 12802, 8, 1, 1, 2, inf, 1, 2, 1, 4, 3, 1, 210, 1, 245, 1, 510, 1, 1, 1, 79, 24, 20, 1415, 2, 1, 2, 1, 373, 47, 2, 36, 5, 1, 6, 1, 1, 306, 1209, 1, 1, 1, 3, 28, 101, 1, 1, 1, 1, 14128, 8, 2465, 10, 1, 1, 1, 2, 1, 1, 1, 1, 11, 10, 12, 1, 1, inf, 1, 47, 4, 2, 6, 33, 12, 8, inf, 103, 3, 563, 6, 1, 60, 1, 54, 32, 1, inf, 3, 1, 1, 12, 1, inf, 25, 1, 1, 1, 1, 79, 8, 1, 13, 19, inf, 1, 6, 1, 81, 11, 13, 27911, 23, 2, 6, 4, 201, 1, 46, 270, 1, 23, 1, 1, 1, 1, 21, 1, 26, 25, 1, 1, 1, 1, 634, 416, 7816, 8, 1, 17, 1, inf, 3, inf, 4, 112, 1, 1, inf, 141, 19, 3720, inf, 1, 1, 4, 1, 1, 1, 67, 1, 1, 2, 36, 29, 1, 1978, 51, 1, 6, 1, 1, 11, 90, 338, 1, 1, 1, 2, 69, 121, 23, 3, 1, 1, 7, 7, 26, 60, 4, 1, 3, 8, 2914, 1, 1, 1, 1, 1, 7, 127, 12, 4, 1936, 3, 3, inf, 2, 1, 12, 4, 247, inf, 1, 4534, 4453, 1, 1, 1, 1, 61, 7, 3, 1, 1, 643, 13, 1, 1, 1, 1, 1, 1, 7, 1, 176, 1, 2, 1, 1, 1, 6, 1, 1, 1, 215, 1, 1, 1, 1, 188, 2, 2, 6, 22, 3, 39, 7, 61, 2168, inf, 1, 15, 1, 1, 2, 8, 10, 5, 1, 17, 1, 194, 1, 5, 250, 55, 1, 1, 35, 1, 1, 15019, 5, 128, 14602, 21, 23, 4, 1, 2, 11, 251, 45, 24, 1, 1, 1, inf, 1, 1, 1, 282, 1, 1, inf, 1, inf, 1, inf, 1, 2, 1, 18351, 1, 1, 52, inf, 4, 7, 1, 3, 8, 1, 1, 2, 1, 1461, 2, 24, 1, 1, 7, inf, inf, 1, 2, 386, inf, 4, 1, 1, 3, 1402, 1, inf, 55, 75, 46, 27, 364, 22, 26, 378, 19, 1, 1, 6, 5, 1, 357, 1, 1, 2, 1, 1, 11127, 1, 1, 1053, 11, 1, 1, 1, 1, inf, 1, 4, 1, 177, 1, 9, 1, 3, 31807, 2, 14, 1, 5, 2, 116, 1, 1, 4, 1, 31, 1, 64, 4, 37, 1, 229, 1, 74, 1, 296, 1, 41, 7, inf, 18, 2, 30, 1, inf, 259, 830, 1609, 1154, 15, 1, 1, 1, 12, 79, inf, 27, 134, 1, 54, 1, inf, 124, 19, 16, 28, 4, 19263, 1, 1, 1, 1, 1, inf, 1, 1, 22, 50, 1, 12, 107, 1, inf, 435, 66, 6, inf, 1, 9, 5, 9, 76, 3, 5, 1, 2, inf, 2, 94, inf, 1, inf, 1, 8, 1, 1, 2, 1, 120, inf, 321, 28, 1, 1, 6, 8279, inf, 1, 6, 27, 60, 7, 11, 1, 2, 859, 1, 3, 12363, 3, 256, 4, 6, 10, 102, 1, 1, 3, 7, 6, 224, 1, 93, 1, 1, 1, 1, 6, 1, 5, 1, 2, 1, 1, 1, 2, 1, 7, 265, 1, 1, inf, 1, 66, 1, 1, 17, 3, 104, 4, 1, 1, 1, 134, 9, 1, 7, 1, 427, 7, 3, 168, 1, 1, 1, 2, 1, 1, 188, 6, 1, 1, 3, 3, inf, 1, 4, 2, 5, 4, inf, 1, 24, 6, 547, 371, 3, 1, 1, inf, 1, 28055, 1, 2, 1, 1, inf, inf, inf, 3, 56, 3, 2, 26, 1, 6, 1, 152, 6, 205, 1, 2, 4, 35, 182, 7, 18, 1, 1, 121, 1, 1, inf, 8, 5, 1, 2, 9, 2, 1, 1, 2, 2, 1, 1, 283, 72, 1, 1, 1, 40, 1, 3, 13, 11035, 2, 10, 1, 1, 88, 11, 1, 2, 1, 1, 1, 7, 1, 2, 3, 1, 1, 1, 1, 1, 1, 3, 9, 4, 1, inf, 1, 3, 1, 1, 21, 1, 1, 2089, 9, 26, 1, 22, 66, 16, 17, 11, 1, 6, 2, 2, 1, 18327, 2, 2, 1, inf, 1, 68, inf, 4, 1, 1482, 5, 20, 1, 3, 1, inf, 1, 1, inf, 2, 1, 2, 3, 1, inf, 2, 1, 5, inf, 61, 8, 10, 34, 2771, inf, 1, 1, 4, 1, 42, 393, 9, 10, 5, 2, 1, 1, 1238, 1, 4, 32907, 18, 1, inf, 8, 36, 219, 5, inf, 1, 1, 1, 94, 5, 1, 1, inf, 3, 114, 1, 6, 1, 460, 1, 1, 30, 101, 23, 31, 19, 65, 4, 1, 530, 2, 1, 25, inf, 1, 40, 3, 3, 9, 4, 3, 115, 2, 5, 13, 1, 7, 1, 2, 1, 2, 1, 1, 1, 97, 79, 1, 134, 1, 1, 365, 705, 343, 1, 1, 8, 3, 1, 1, 96, 4, 1, 1, 2, 8, inf, 2, 11125, 2, 1, 1, 12, 2, 1, 2215, 1301, 49, 11, 5, 4, 7, 22, 1, 3, 1, 5, 5, 1, 135, 2, 24, 21, 19, 1, 160, 1, inf, 1, 1, 724, 58, 1, 1, inf, 4, 2, 1, 13, 106, 1, 1, 3601, 1, 1, 5, 1, 3, 3, 11, inf, 2, 2513, 11, 8, 7, 7, 26, 5, 80, 1, 14, 10, 11, 5, 1, 3, 13, inf, 4274, inf, 1, 12, 4, 1, 1, 86, 3, 1, 31, 531, 3, 3, 13, 55, 7, 4, 1, 1, 1, 1, 4, 12403, 8, 2, 13, 207, 1, 1, 1, 1, 3338, 49, 1, 1, 200, inf, inf, 1, 33, 3, 58, 2, 2, 2, 11, 1, inf, 5223, 179, 249, 1, 1, 1, 1, 1, inf, 1, 2, 1, 39, 259, 1, 247, 14, 1, 182, 56, 1, 1, 98, 1, 2, 1, 5, 2, 27, 43, 207, 1, 9, 1, 2128, 3, inf, 29, 1, 3179, 46, 1, inf, inf, 2, 30, 2, 8473, 464, 10, 14, 1, 1, 1, inf, 160, 1, 1, 1, 2, 1, 32, 1, 1, 1, inf, 1, 2, 1, 1, 1, 1, 1, 7, 3, 1, 1, 567, 51, 1, 1, 3, 1711, 1, inf, 19, 1, 2, 6, 3, 1, inf, 10, 1, inf, 5, 6, 2, 17, 1, inf, 1025, 3, 4, 289, 43, 2, 6, 11, 3, 1, 73, 1, 1, 1, 1, 7, 952, 13, 53, 1, inf, 3644, 3, 670, 2, 24, 4, 10, 2, 284, 9, 1, 1, 6, 1, 12, 2, 6, 26, 3, 8, inf, inf, 2, 1, 183, 2, 1, 608, 1, inf, 1, 1, 2, 1, 2, 1, 1, 1, 1, 105, 4, 1, 2, 35, 1, 2, 285, 18, 249, 5, 1, 1, 28, 1, 3, 1, 534, 161, 4, 2, 1, 8, inf, 40, 1, 1, 3880, 2, 294, 45, 5, 814, 2, 1, 3, inf, 1, 1, 1, 23, 4, 7, 3866, 3, 7, 11, 1, 17, 4, 8, 6, 1, 1, 1, 1, 74, 7, inf, 4599, 18324, 7, 1, 2, 1, 1, 1, 1, 4923, 1, 1, 1, 67, 1, 1, 908, 1, 258, 3, 43, 15, inf, 47, 4, 218, 70, 1, 1, 1, 1, 1, 1, 48, 1, 3, 1, 1, 11, 1, 2, 1, 9, inf, 1, 59, 1, 108, 1, 2, 1, 4, 3, 1, 1, 1, 8, 1, 2, 15, 1, 1, 1, 2, 5, 4, 3, 9, 37, 1, 1, 17, 4, 9, 177, 14, inf, 3, 75, 2376, 2108, 1, 1, 22, 3, inf, 3, 226, 4, 1, 1, 3, 1, 4, 299, 1, 1, 1, 1, 2, 115, 5, 1, 5, 3, 10, 1, 1, 1, 40, 1, 1, 3, 1, 85, 69, 1, 3, 1, 2, 2, 253, 1, 6, 121, 1, 1, 14312, 10, 1, 1, 1, 1, inf, 1186, 337, 5, 17, 1, 1, 1, 3, inf, 265, 1, 1, 367, 65, 762, 39, 1, inf]
2022-08-22 Monday 10:02:12:INFO: It completed at: 2022-08-22 10:02:12.104902
2022-08-22 Monday 10:02:12:INFO: Completed after: 22:59:11.529572
