2022-08-18 Thursday 14:05:04:INFO: {'bug_database': 'dataset/mozilla-initial/mozilla-initial_soft_clean.json', 'database_name': 'mozilla-initial', 'epochs': 12, 'lr': 0.001, 'l2': 0.0, 'batch_size': 256, 'ranking_batch_size': 512, 'ranking_n_workers': 2, 'cuda': True, 'cache_folder': 'scratch/temp/', 'pairs_training': 'dataset/mozilla-initial/training_split_mozilla-initial_pairs_random_1.txt', 'pairs_validation': 'dataset/mozilla-initial/validation_mozilla-initial_pairs_random_1.txt', 'neg_pair_generator': {'type': 'non_negative', 'training': 'dataset/mozilla-initial/training_mozilla-initial.txt', 'rate': 1, 'pre_list_file': None, 'k': 0, 'n_tries': 15, 'preselected_length': None, 'random_anchor': True}, 'loss': 'bce', 'margin': 0, 'categorical': {'lexicons': 'dataset/mozilla-initial/categorical_lexicons.json', 'bn_last_layer': False, 'emb_size': 20, 'hidden_sizes': [40], 'dropout': 0.0, 'activation': 'relu', 'batch_normalization': False, 'layer_norm': False}, 'compare_aggregation': {'word_embedding': 'word_embedding/mozilla-initial/glove_42B_300d_mozilla-initial.npy', 'norm_word_embedding': False, 'lexicon': 'word_embedding/mozilla-initial/glove_42B_300d_mozilla-initial.lxc', 'sent_representation': None, 'tokenizer': 'white_space', 'bow': False, 'frequency': False, 'extractor': {'update_embedding': False, 'filters': ['TransformLowerCaseFilter'], 'hidden_size': 150, 'dropout': 0.0, 'layer_norm': False, 'txt_field_emb_size': 5, 'field_word_combination': 'cat', 'emb_dropout': 0.0, 'scaled_attention': True, 'model': 'linear', 'use_categorical': False, 'bidirectional': True}, 'matching': {'type': 'full', 'scaled_attention': True, 'comparison_hidden_size': 100, 'dropout': 0.0, 'residual': True, 'layer_norm': False, 'attention_hidden_size': 200, 'attention': 'dot_product', 'comparison_func': 'submult+nn'}, 'aggregate': {'model': 'lstm', 'window': [3, 4, 5], 'nfilters': 100, 'hidden_size': 150, 'dropout': 0.0, 'bidirectional': True, 'num_layers': 1, 'self_att_hidden': 50, 'layer_norm': False, 'n_hops': 20}, 'classifier': {'hidden_size': [300], 'output_act': 'sigmoid', 'hadamard_diff_textual': True, 'hadamard_diff_categorical': True, 'textual_hidden_layer': 600, 'categorical_hidden_layer': 40, 'categorical_dropout': 0.0, 'dropout': 0.0, 'only_candidate': False, 'layer_norm': False, 'batch_normalization': False}}, 'random_switch': True, 'recall_estimation_train': None, 'recall_estimation': None, 'sample_size_rr_tr': 0, 'sample_size_rr_val': 0, 'rr_val_epoch': 100, 'rr_train_epoch': 100, 'ranking_result_file': None, 'optimizer': 'adam', 'lr_scheduler': None, 'save': None, 'save_by_epoch': None, 'load': None, 'recall_rate': {'type': 'sun2011', 'dataset': 'dataset/mozilla-initial/test_mozilla-initial.txt', 'result_file': None, 'group_by_master': True, 'window': 365}, 'pair_test_dataset': None, 'rep': {'model': None, 'input': None, 'training': None, 'rate': 1, 'neg_training': 10000, 'k': 1000}, 'rr_scorer': 'general', 'seed': 725459924}
2022-08-18 Thursday 14:05:04:INFO: It started at: 2022-08-18 14:05:04.700149
2022-08-18 Thursday 14:05:09:INFO: Turning CUDA on
2022-08-18 Thursday 14:05:09:INFO: Using Categorical Information.
2022-08-18 Thursday 14:05:09:INFO: Lexicon size: 96909
2022-08-18 Thursday 14:05:09:INFO: Word Embedding size: 300
2022-08-18 Thursday 14:05:09:INFO: Use white space tokenizer to tokenize summary information
2022-08-18 Thursday 14:05:09:INFO: BoW=False and TF=False
2022-08-18 Thursday 14:05:09:INFO: Using Summary and Description information.
2022-08-18 Thursday 14:05:09:INFO: Using BCE Loss: margin=0
2022-08-18 Thursday 14:05:12:INFO: Non Negative Pair Generator
2022-08-18 Thursday 14:05:12:INFO: Using the following dataset to generate negative examples: Database: mozilla-initial; Order by Date; Master report is the newest oneWe keep nested master reports; Database: mozilla-initial; Order by Date; Master report is the newest oneWe keep nested master reports;. Number of bugs in the training: 137886
2022-08-18 Thursday 14:05:24:INFO: Training size: 118578
2022-08-18 Thursday 14:05:24:INFO: Validation size: 2418
2022-08-18 Thursday 14:05:24:INFO: Adam
2022-08-18 Thursday 14:05:24:INFO: Scheduler: Constant
2022-08-18 Thursday 14:05:24:INFO: Epoch: 1
2022-08-18 Thursday 14:05:24:INFO: LR: 0.001
2022-08-18 Thursday 14:09:19:INFO: {'type': 'metric', 'label': 'training_loss', 'epoch': 1, 'value': 0.12115131181279647, 'sum': 14365.88025213778, 'num_example': 118578}
2022-08-18 Thursday 14:09:19:INFO: {'type': 'metric', 'label': 'training_dist_target', 'value': (0.06959908399714271, 0.06974703057919067), 'epoch': 1}
2022-08-18 Thursday 14:09:19:INFO: {'type': 'metric', 'label': 'training_acc', 'epoch': 1, 'value': 0.953001399922414, 'num_correct': 113005, 'num_example': 118578}
2022-08-18 Thursday 14:09:19:INFO: {'type': 'metric', 'label': 'training_precision', 'epoch': 1, 'value': 0.9541580677032471, 'positive': 56427.0, 'total': 59138.0}
2022-08-18 Thursday 14:09:19:INFO: {'type': 'metric', 'label': 'training_recall', 'epoch': 1, 'value': 0.9517279863357544, 'positive': 56427.0, 'total': 59289.0}
2022-08-18 Thursday 14:09:20:INFO: {'type': 'metric', 'label': 'validation_loss', 'epoch': 1, 'value': 0.16185775432486096, 'sum': 391.3720499575138, 'num_example': 2418}
2022-08-18 Thursday 14:09:20:INFO: {'type': 'metric', 'label': 'validation_dist_target', 'value': (0.0555166125396148, 0.09710201810863611), 'epoch': 1}
2022-08-18 Thursday 14:09:20:INFO: {'type': 'metric', 'label': 'validation_acc', 'epoch': 1, 'value': 0.9433416046319272, 'num_correct': 2281, 'num_example': 2418}
2022-08-18 Thursday 14:09:20:INFO: {'type': 'metric', 'label': 'validation_precision', 'epoch': 1, 'value': 0.9660869836807251, 'positive': 1111.0, 'total': 1150.0}
2022-08-18 Thursday 14:09:20:INFO: {'type': 'metric', 'label': 'validation_recall', 'epoch': 1, 'value': 0.9189412593841553, 'positive': 1111.0, 'total': 1209.0}
2022-08-18 Thursday 14:09:53:INFO: Epoch: 2
2022-08-18 Thursday 14:09:53:INFO: LR: 0.001
2022-08-18 Thursday 14:13:35:INFO: {'type': 'metric', 'label': 'training_loss', 'epoch': 2, 'value': 0.062454117339295234, 'sum': 7405.684325858951, 'num_example': 118578}
2022-08-18 Thursday 14:13:35:INFO: {'type': 'metric', 'label': 'training_dist_target', 'value': (0.03355589917523655, 0.03315191722804503), 'epoch': 2}
2022-08-18 Thursday 14:13:35:INFO: {'type': 'metric', 'label': 'training_acc', 'epoch': 2, 'value': 0.9785036010052455, 'num_correct': 116029, 'num_example': 118578}
2022-08-18 Thursday 14:13:35:INFO: {'type': 'metric', 'label': 'training_precision', 'epoch': 2, 'value': 0.9804565906524658, 'positive': 57894.0, 'total': 59048.0}
2022-08-18 Thursday 14:13:35:INFO: {'type': 'metric', 'label': 'training_recall', 'epoch': 2, 'value': 0.9764711856842041, 'positive': 57894.0, 'total': 59289.0}
2022-08-18 Thursday 14:13:36:INFO: {'type': 'metric', 'label': 'validation_loss', 'epoch': 2, 'value': 0.15012250237345598, 'sum': 362.99621073901653, 'num_example': 2418}
2022-08-18 Thursday 14:13:36:INFO: {'type': 'metric', 'label': 'validation_dist_target', 'value': (0.05489774121047052, 0.06564054161778553), 'epoch': 2}
2022-08-18 Thursday 14:13:36:INFO: {'type': 'metric', 'label': 'validation_acc', 'epoch': 2, 'value': 0.9528535980148883, 'num_correct': 2304, 'num_example': 2418}
2022-08-18 Thursday 14:13:36:INFO: {'type': 'metric', 'label': 'validation_precision', 'epoch': 2, 'value': 0.9581589698791504, 'positive': 1145.0, 'total': 1195.0}
2022-08-18 Thursday 14:13:36:INFO: {'type': 'metric', 'label': 'validation_recall', 'epoch': 2, 'value': 0.947063684463501, 'positive': 1145.0, 'total': 1209.0}
2022-08-18 Thursday 14:14:14:INFO: Epoch: 3
2022-08-18 Thursday 14:14:14:INFO: LR: 0.001
2022-08-18 Thursday 14:17:55:INFO: {'type': 'metric', 'label': 'training_loss', 'epoch': 3, 'value': 0.05554435177565578, 'sum': 6586.338144853711, 'num_example': 118578}
2022-08-18 Thursday 14:17:55:INFO: {'type': 'metric', 'label': 'training_dist_target', 'value': (0.0293764959112282, 0.029295218713904145), 'epoch': 3}
2022-08-18 Thursday 14:17:55:INFO: {'type': 'metric', 'label': 'training_acc', 'epoch': 3, 'value': 0.9810420145389532, 'num_correct': 116330, 'num_example': 118578}
2022-08-18 Thursday 14:17:55:INFO: {'type': 'metric', 'label': 'training_precision', 'epoch': 3, 'value': 0.9815130829811096, 'positive': 58136.0, 'total': 59231.0}
2022-08-18 Thursday 14:17:55:INFO: {'type': 'metric', 'label': 'training_recall', 'epoch': 3, 'value': 0.9805529117584229, 'positive': 58136.0, 'total': 59289.0}
2022-08-18 Thursday 14:17:56:INFO: {'type': 'metric', 'label': 'validation_loss', 'epoch': 3, 'value': 0.19125418615203144, 'sum': 462.45262211561203, 'num_example': 2418}
2022-08-18 Thursday 14:17:56:INFO: {'type': 'metric', 'label': 'validation_dist_target', 'value': (0.024093261772783658, 0.11128235060484376), 'epoch': 3}
2022-08-18 Thursday 14:17:56:INFO: {'type': 'metric', 'label': 'validation_acc', 'epoch': 3, 'value': 0.9421009098428453, 'num_correct': 2278, 'num_example': 2418}
2022-08-18 Thursday 14:17:56:INFO: {'type': 'metric', 'label': 'validation_precision', 'epoch': 3, 'value': 0.9837104082107544, 'positive': 1087.0, 'total': 1105.0}
2022-08-18 Thursday 14:17:56:INFO: {'type': 'metric', 'label': 'validation_recall', 'epoch': 3, 'value': 0.8990901708602905, 'positive': 1087.0, 'total': 1209.0}
2022-08-18 Thursday 14:18:49:INFO: Epoch: 4
2022-08-18 Thursday 14:18:49:INFO: LR: 0.001
2022-08-18 Thursday 14:22:30:INFO: {'type': 'metric', 'label': 'training_loss', 'epoch': 4, 'value': 0.05673723056510041, 'sum': 6727.787325948477, 'num_example': 118578}
2022-08-18 Thursday 14:22:30:INFO: {'type': 'metric', 'label': 'training_dist_target', 'value': (0.029601825218877748, 0.029845105663546888), 'epoch': 4}
2022-08-18 Thursday 14:22:30:INFO: {'type': 'metric', 'label': 'training_acc', 'epoch': 4, 'value': 0.9809829816660763, 'num_correct': 116323, 'num_example': 118578}
2022-08-18 Thursday 14:22:30:INFO: {'type': 'metric', 'label': 'training_precision', 'epoch': 4, 'value': 0.9807153940200806, 'positive': 58178.0, 'total': 59322.0}
2022-08-18 Thursday 14:22:30:INFO: {'type': 'metric', 'label': 'training_recall', 'epoch': 4, 'value': 0.9812612533569336, 'positive': 58178.0, 'total': 59289.0}
2022-08-18 Thursday 14:22:31:INFO: {'type': 'metric', 'label': 'validation_loss', 'epoch': 4, 'value': 0.1467640305275361, 'sum': 354.8754258155823, 'num_example': 2418}
2022-08-18 Thursday 14:22:31:INFO: {'type': 'metric', 'label': 'validation_dist_target', 'value': (0.043739772217642484, 0.07422181986105945), 'epoch': 4}
2022-08-18 Thursday 14:22:31:INFO: {'type': 'metric', 'label': 'validation_acc', 'epoch': 4, 'value': 0.9524400330851944, 'num_correct': 2303, 'num_example': 2418}
2022-08-18 Thursday 14:22:31:INFO: {'type': 'metric', 'label': 'validation_precision', 'epoch': 4, 'value': 0.962774932384491, 'positive': 1138.0, 'total': 1182.0}
2022-08-18 Thursday 14:22:31:INFO: {'type': 'metric', 'label': 'validation_recall', 'epoch': 4, 'value': 0.9412738084793091, 'positive': 1138.0, 'total': 1209.0}
2022-08-18 Thursday 14:23:14:INFO: Epoch: 5
2022-08-18 Thursday 14:23:14:INFO: LR: 0.001
2022-08-18 Thursday 14:26:53:INFO: {'type': 'metric', 'label': 'training_loss', 'epoch': 5, 'value': 0.04246605739495597, 'sum': 5035.540153779089, 'num_example': 118578}
2022-08-18 Thursday 14:26:53:INFO: {'type': 'metric', 'label': 'training_dist_target', 'value': (0.02194376299596154, 0.022019512124872197), 'epoch': 5}
2022-08-18 Thursday 14:26:53:INFO: {'type': 'metric', 'label': 'training_acc', 'epoch': 5, 'value': 0.9860935418037072, 'num_correct': 116929, 'num_example': 118578}
2022-08-18 Thursday 14:26:53:INFO: {'type': 'metric', 'label': 'training_precision', 'epoch': 5, 'value': 0.9848912954330444, 'positive': 58538.0, 'total': 59436.0}
2022-08-18 Thursday 14:26:53:INFO: {'type': 'metric', 'label': 'training_recall', 'epoch': 5, 'value': 0.9873332381248474, 'positive': 58538.0, 'total': 59289.0}
2022-08-18 Thursday 14:26:53:INFO: {'type': 'metric', 'label': 'validation_loss', 'epoch': 5, 'value': 0.16140836999251687, 'sum': 390.2854386419058, 'num_example': 2418}
2022-08-18 Thursday 14:26:53:INFO: {'type': 'metric', 'label': 'validation_dist_target', 'value': (0.036948007429010915, 0.08738329432245322), 'epoch': 5}
2022-08-18 Thursday 14:26:53:INFO: {'type': 'metric', 'label': 'validation_acc', 'epoch': 5, 'value': 0.9499586435070306, 'num_correct': 2297, 'num_example': 2418}
2022-08-18 Thursday 14:26:53:INFO: {'type': 'metric', 'label': 'validation_precision', 'epoch': 5, 'value': 0.9673539400100708, 'positive': 1126.0, 'total': 1164.0}
2022-08-18 Thursday 14:26:53:INFO: {'type': 'metric', 'label': 'validation_recall', 'epoch': 5, 'value': 0.9313482046127319, 'positive': 1126.0, 'total': 1209.0}
2022-08-18 Thursday 14:27:49:INFO: Epoch: 6
2022-08-18 Thursday 14:27:49:INFO: LR: 0.001
2022-08-18 Thursday 14:31:32:INFO: {'type': 'metric', 'label': 'training_loss', 'epoch': 6, 'value': 0.04250392968612278, 'sum': 5040.030974321067, 'num_example': 118578}
2022-08-18 Thursday 14:31:32:INFO: {'type': 'metric', 'label': 'training_dist_target', 'value': (0.0224539535286008, 0.02250327217120259), 'epoch': 6}
2022-08-18 Thursday 14:31:32:INFO: {'type': 'metric', 'label': 'training_acc', 'epoch': 6, 'value': 0.9854188803993995, 'num_correct': 116849, 'num_example': 118578}
2022-08-18 Thursday 14:31:32:INFO: {'type': 'metric', 'label': 'training_precision', 'epoch': 6, 'value': 0.9828858971595764, 'positive': 58580.0, 'total': 59600.0}
2022-08-18 Thursday 14:31:32:INFO: {'type': 'metric', 'label': 'training_recall', 'epoch': 6, 'value': 0.9880416393280029, 'positive': 58580.0, 'total': 59289.0}
2022-08-18 Thursday 14:31:32:INFO: {'type': 'metric', 'label': 'validation_loss', 'epoch': 6, 'value': 0.25102145356072975, 'sum': 606.9698747098446, 'num_example': 2418}
2022-08-18 Thursday 14:31:32:INFO: {'type': 'metric', 'label': 'validation_dist_target', 'value': (0.014219022862077055, 0.12182651145878264), 'epoch': 6}
2022-08-18 Thursday 14:31:32:INFO: {'type': 'metric', 'label': 'validation_acc', 'epoch': 6, 'value': 0.9425144747725392, 'num_correct': 2279, 'num_example': 2418}
2022-08-18 Thursday 14:31:32:INFO: {'type': 'metric', 'label': 'validation_precision', 'epoch': 6, 'value': 0.9890310764312744, 'positive': 1082.0, 'total': 1094.0}
2022-08-18 Thursday 14:31:32:INFO: {'type': 'metric', 'label': 'validation_recall', 'epoch': 6, 'value': 0.89495450258255, 'positive': 1082.0, 'total': 1209.0}
2022-08-18 Thursday 14:33:50:INFO: Epoch: 7
2022-08-18 Thursday 14:33:50:INFO: LR: 0.001
2022-08-18 Thursday 14:37:27:INFO: {'type': 'metric', 'label': 'training_loss', 'epoch': 7, 'value': 0.059912918728444946, 'sum': 7104.3540769815445, 'num_example': 118578}
2022-08-18 Thursday 14:37:27:INFO: {'type': 'metric', 'label': 'training_dist_target', 'value': (0.03257537848005755, 0.032469110469870874), 'epoch': 7}
2022-08-18 Thursday 14:37:27:INFO: {'type': 'metric', 'label': 'training_acc', 'epoch': 7, 'value': 0.9785795004132302, 'num_correct': 116038, 'num_example': 118578}
2022-08-18 Thursday 14:37:27:INFO: {'type': 'metric', 'label': 'training_precision', 'epoch': 7, 'value': 0.9757230281829834, 'positive': 58197.0, 'total': 59645.0}
2022-08-18 Thursday 14:37:27:INFO: {'type': 'metric', 'label': 'training_recall', 'epoch': 7, 'value': 0.9815817475318909, 'positive': 58197.0, 'total': 59289.0}
2022-08-18 Thursday 14:37:28:INFO: {'type': 'metric', 'label': 'validation_loss', 'epoch': 7, 'value': 0.3300103679780037, 'sum': 797.965069770813, 'num_example': 2418}
2022-08-18 Thursday 14:37:28:INFO: {'type': 'metric', 'label': 'validation_dist_target', 'value': (0.00871543774829609, 0.15085442742599348), 'epoch': 7}
2022-08-18 Thursday 14:37:28:INFO: {'type': 'metric', 'label': 'validation_acc', 'epoch': 7, 'value': 0.9267990074441688, 'num_correct': 2241, 'num_example': 2418}
2022-08-18 Thursday 14:37:28:INFO: {'type': 'metric', 'label': 'validation_precision', 'epoch': 7, 'value': 0.9933078289031982, 'positive': 1039.0, 'total': 1046.0}
2022-08-18 Thursday 14:37:28:INFO: {'type': 'metric', 'label': 'validation_recall', 'epoch': 7, 'value': 0.8593879342079163, 'positive': 1039.0, 'total': 1209.0}
2022-08-18 Thursday 14:42:48:INFO: Epoch: 8
2022-08-18 Thursday 14:42:48:INFO: LR: 0.001
2022-08-18 Thursday 14:46:32:INFO: {'type': 'metric', 'label': 'training_loss', 'epoch': 8, 'value': 0.0778992706697244, 'sum': 9237.13971747458, 'num_example': 118578}
2022-08-18 Thursday 14:46:32:INFO: {'type': 'metric', 'label': 'training_dist_target', 'value': (0.04281329392449879, 0.04259531440531225), 'epoch': 8}
2022-08-18 Thursday 14:46:32:INFO: {'type': 'metric', 'label': 'training_acc', 'epoch': 8, 'value': 0.972102750931876, 'num_correct': 115270, 'num_example': 118578}
2022-08-18 Thursday 14:46:32:INFO: {'type': 'metric', 'label': 'training_precision', 'epoch': 8, 'value': 0.9682956337928772, 'positive': 57876.0, 'total': 59771.0}
2022-08-18 Thursday 14:46:32:INFO: {'type': 'metric', 'label': 'training_recall', 'epoch': 8, 'value': 0.9761675596237183, 'positive': 57876.0, 'total': 59289.0}
2022-08-18 Thursday 14:46:33:INFO: {'type': 'metric', 'label': 'validation_loss', 'epoch': 8, 'value': 0.7142812914844383, 'sum': 1727.132162809372, 'num_example': 2418}
2022-08-18 Thursday 14:46:33:INFO: {'type': 'metric', 'label': 'validation_dist_target', 'value': (0.0014141827291748166, 0.29737749328487073), 'epoch': 8}
2022-08-18 Thursday 14:46:33:INFO: {'type': 'metric', 'label': 'validation_acc', 'epoch': 8, 'value': 0.869727047146402, 'num_correct': 2103, 'num_example': 2418}
2022-08-18 Thursday 14:46:33:INFO: {'type': 'metric', 'label': 'validation_precision', 'epoch': 8, 'value': 0.9977728128433228, 'positive': 896.0, 'total': 898.0}
2022-08-18 Thursday 14:46:33:INFO: {'type': 'metric', 'label': 'validation_recall', 'epoch': 8, 'value': 0.7411083579063416, 'positive': 896.0, 'total': 1209.0}
2022-08-18 Thursday 14:52:26:INFO: Epoch: 9
2022-08-18 Thursday 14:52:26:INFO: LR: 0.001
2022-08-18 Thursday 14:53:27:INFO: {'type': 'metric', 'label': 'training_loss', 'epoch': 9, 'value': 0.13414056003384953, 'sum': 4392.566778868437, 'num_example': 32746}
2022-08-18 Thursday 14:53:27:INFO: {'type': 'metric', 'label': 'training_dist_target', 'value': (0.07637929253824861, 0.07584489030406404), 'epoch': 9}
2022-08-18 Thursday 14:53:27:INFO: {'type': 'metric', 'label': 'training_acc', 'epoch': 9, 'value': 0.9493983998045563, 'num_correct': 31089, 'num_example': 32746}
2022-08-18 Thursday 14:53:27:INFO: {'type': 'metric', 'label': 'training_precision', 'epoch': 9, 'value': 0.9448071718215942, 'positive': 15629.0, 'total': 16542.0}
2022-08-18 Thursday 14:53:27:INFO: {'type': 'metric', 'label': 'training_recall', 'epoch': 9, 'value': 0.954559326171875, 'positive': 15629.0, 'total': 16373.0}
2022-08-18 Thursday 14:53:27:INFO: {'type': 'metric', 'label': 'validation_loss', 'epoch': 9, 'value': 0.6875232033388392, 'sum': 1662.4311056733131, 'num_example': 2418}
2022-08-18 Thursday 14:53:27:INFO: {'type': 'metric', 'label': 'validation_dist_target', 'value': (0.0019166189322141797, 0.2841102783102157), 'epoch': 9}
2022-08-18 Thursday 14:53:27:INFO: {'type': 'metric', 'label': 'validation_acc', 'epoch': 9, 'value': 0.8717948717948718, 'num_correct': 2108, 'num_example': 2418}
2022-08-18 Thursday 14:53:27:INFO: {'type': 'metric', 'label': 'validation_precision', 'epoch': 9, 'value': 0.9977851510047913, 'positive': 901.0, 'total': 903.0}
2022-08-18 Thursday 14:53:27:INFO: {'type': 'metric', 'label': 'validation_recall', 'epoch': 9, 'value': 0.745244026184082, 'positive': 901.0, 'total': 1209.0}
2022-08-18 Thursday 14:59:19:INFO: Epoch: 10
2022-08-18 Thursday 14:59:19:INFO: LR: 0.001
2022-08-18 Thursday 15:00:22:INFO: {'type': 'metric', 'label': 'training_loss', 'epoch': 10, 'value': 0.11698715971689891, 'sum': 3879.060241892934, 'num_example': 33158}
2022-08-18 Thursday 15:00:22:INFO: {'type': 'metric', 'label': 'training_dist_target', 'value': (0.06574841225576512, 0.06609416220830817), 'epoch': 10}
2022-08-18 Thursday 15:00:22:INFO: {'type': 'metric', 'label': 'training_acc', 'epoch': 10, 'value': 0.9570842632245612, 'num_correct': 31735, 'num_example': 33158}
2022-08-18 Thursday 15:00:22:INFO: {'type': 'metric', 'label': 'training_precision', 'epoch': 10, 'value': 0.952471911907196, 'positive': 15952.0, 'total': 16748.0}
2022-08-18 Thursday 15:00:22:INFO: {'type': 'metric', 'label': 'training_recall', 'epoch': 10, 'value': 0.9621810913085938, 'positive': 15952.0, 'total': 16579.0}
2022-08-18 Thursday 15:00:23:INFO: {'type': 'metric', 'label': 'validation_loss', 'epoch': 10, 'value': 0.6326250166218571, 'sum': 1529.6872901916504, 'num_example': 2418}
2022-08-18 Thursday 15:00:23:INFO: {'type': 'metric', 'label': 'validation_dist_target', 'value': (0.0027842110048323203, 0.26546812649104495), 'epoch': 10}
2022-08-18 Thursday 15:00:23:INFO: {'type': 'metric', 'label': 'validation_acc', 'epoch': 10, 'value': 0.8808933002481389, 'num_correct': 2130, 'num_example': 2418}
2022-08-18 Thursday 15:00:23:INFO: {'type': 'metric', 'label': 'validation_precision', 'epoch': 10, 'value': 0.9978378415107727, 'positive': 923.0, 'total': 925.0}
2022-08-18 Thursday 15:00:23:INFO: {'type': 'metric', 'label': 'validation_recall', 'epoch': 10, 'value': 0.7634408473968506, 'positive': 923.0, 'total': 1209.0}
2022-08-18 Thursday 15:06:38:INFO: Epoch: 11
2022-08-18 Thursday 15:06:38:INFO: LR: 0.001
2022-08-18 Thursday 15:07:55:INFO: {'type': 'metric', 'label': 'training_loss', 'epoch': 11, 'value': 0.10310329702310711, 'sum': 4210.120030641556, 'num_example': 40834}
2022-08-18 Thursday 15:07:55:INFO: {'type': 'metric', 'label': 'training_dist_target', 'value': (0.057308755011109415, 0.05781803662661224), 'epoch': 11}
2022-08-18 Thursday 15:07:55:INFO: {'type': 'metric', 'label': 'training_acc', 'epoch': 11, 'value': 0.9625312239800167, 'num_correct': 39304, 'num_example': 40834}
2022-08-18 Thursday 15:07:55:INFO: {'type': 'metric', 'label': 'training_precision', 'epoch': 11, 'value': 0.958088755607605, 'positive': 19751.0, 'total': 20615.0}
2022-08-18 Thursday 15:07:55:INFO: {'type': 'metric', 'label': 'training_recall', 'epoch': 11, 'value': 0.9673801064491272, 'positive': 19751.0, 'total': 20417.0}
2022-08-18 Thursday 15:07:56:INFO: {'type': 'metric', 'label': 'validation_loss', 'epoch': 11, 'value': 0.5109258398623187, 'sum': 1235.4186807870865, 'num_example': 2418}
2022-08-18 Thursday 15:07:56:INFO: {'type': 'metric', 'label': 'validation_dist_target', 'value': (0.0038337014535421965, 0.24471612682610724), 'epoch': 11}
2022-08-18 Thursday 15:07:56:INFO: {'type': 'metric', 'label': 'validation_acc', 'epoch': 11, 'value': 0.8957816377171216, 'num_correct': 2166, 'num_example': 2418}
2022-08-18 Thursday 15:07:56:INFO: {'type': 'metric', 'label': 'validation_precision', 'epoch': 11, 'value': 0.9968847632408142, 'positive': 960.0, 'total': 963.0}
2022-08-18 Thursday 15:07:56:INFO: {'type': 'metric', 'label': 'validation_recall', 'epoch': 11, 'value': 0.7940446734428406, 'positive': 960.0, 'total': 1209.0}
2022-08-18 Thursday 15:14:24:INFO: Epoch: 12
2022-08-18 Thursday 15:14:24:INFO: LR: 0.001
2022-08-18 Thursday 15:16:46:INFO: {'type': 'metric', 'label': 'training_loss', 'epoch': 12, 'value': 0.06984087812272098, 'sum': 5332.351044669747, 'num_example': 76350}
2022-08-18 Thursday 15:16:46:INFO: {'type': 'metric', 'label': 'training_dist_target', 'value': (0.037929268183080525, 0.038323578281814784), 'epoch': 12}
2022-08-18 Thursday 15:16:46:INFO: {'type': 'metric', 'label': 'training_acc', 'epoch': 12, 'value': 0.9751407989521939, 'num_correct': 74452, 'num_example': 76350}
2022-08-18 Thursday 15:16:46:INFO: {'type': 'metric', 'label': 'training_precision', 'epoch': 12, 'value': 0.9711421132087708, 'positive': 37388.0, 'total': 38499.0}
2022-08-18 Thursday 15:16:46:INFO: {'type': 'metric', 'label': 'training_recall', 'epoch': 12, 'value': 0.9793844223022461, 'positive': 37388.0, 'total': 38175.0}
2022-08-18 Thursday 15:16:47:INFO: {'type': 'metric', 'label': 'validation_loss', 'epoch': 12, 'value': 0.6300198725671982, 'sum': 1523.388051867485, 'num_example': 2418}
2022-08-18 Thursday 15:16:47:INFO: {'type': 'metric', 'label': 'validation_dist_target', 'value': (0.0037854411808744604, 0.23166006749281715), 'epoch': 12}
2022-08-18 Thursday 15:16:47:INFO: {'type': 'metric', 'label': 'validation_acc', 'epoch': 12, 'value': 0.8883374689826302, 'num_correct': 2148, 'num_example': 2418}
2022-08-18 Thursday 15:16:47:INFO: {'type': 'metric', 'label': 'validation_precision', 'epoch': 12, 'value': 0.9947313070297241, 'positive': 944.0, 'total': 949.0}
2022-08-18 Thursday 15:16:47:INFO: {'type': 'metric', 'label': 'validation_recall', 'epoch': 12, 'value': 0.7808105945587158, 'positive': 944.0, 'total': 1209.0}
2022-08-18 Thursday 15:16:47:INFO: Calculating recall rate: sun2011
2022-08-18 Thursday 17:10:21:INFO: RR calculation - 500 duplicate reports were processed
2022-08-18 Thursday 18:55:21:INFO: RR calculation - 1000 duplicate reports were processed
2022-08-18 Thursday 20:45:25:INFO: RR calculation - 1500 duplicate reports were processed
2022-08-18 Thursday 22:33:30:INFO: RR calculation - 2000 duplicate reports were processed
2022-08-19 Friday 00:20:40:INFO: RR calculation - 2500 duplicate reports were processed
2022-08-19 Friday 02:07:05:INFO: RR calculation - 3000 duplicate reports were processed
2022-08-19 Friday 03:53:15:INFO: RR calculation - 3500 duplicate reports were processed
2022-08-19 Friday 05:38:58:INFO: RR calculation - 4000 duplicate reports were processed
2022-08-19 Friday 07:28:10:INFO: RR calculation - 4500 duplicate reports were processed
2022-08-19 Friday 09:08:45:INFO: RR calculation - 5000 duplicate reports were processed
2022-08-19 Friday 10:45:12:INFO: RR calculation - 5500 duplicate reports were processed
2022-08-19 Friday 12:17:28:INFO: RR calculation - 6000 duplicate reports were processed
2022-08-19 Friday 13:02:10:INFO: [] Throughput: 0.07953322067994895 bugs per second (bugs=6229 ,seconds=78319.47388458252)
2022-08-19 Friday 13:02:10:INFO: {'type': 'metric', 'label': 'recall_rate', 'k': 1, 'rate': 0.3767860009632365, 'hit': 2347, 'total': 6229, 'epoch': 0}
2022-08-19 Friday 13:02:10:INFO: {'type': 'metric', 'label': 'recall_rate', 'k': 2, 'rate': 0.467811847808637, 'hit': 2914, 'total': 6229, 'epoch': 0}
2022-08-19 Friday 13:02:10:INFO: {'type': 'metric', 'label': 'recall_rate', 'k': 3, 'rate': 0.5140471985872531, 'hit': 3202, 'total': 6229, 'epoch': 0}
2022-08-19 Friday 13:02:10:INFO: {'type': 'metric', 'label': 'recall_rate', 'k': 4, 'rate': 0.5484026328463638, 'hit': 3416, 'total': 6229, 'epoch': 0}
2022-08-19 Friday 13:02:10:INFO: {'type': 'metric', 'label': 'recall_rate', 'k': 5, 'rate': 0.5710386899983946, 'hit': 3557, 'total': 6229, 'epoch': 0}
2022-08-19 Friday 13:02:10:INFO: {'type': 'metric', 'label': 'recall_rate', 'k': 6, 'rate': 0.5885374859528014, 'hit': 3666, 'total': 6229, 'epoch': 0}
2022-08-19 Friday 13:02:10:INFO: {'type': 'metric', 'label': 'recall_rate', 'k': 7, 'rate': 0.6060362819072083, 'hit': 3775, 'total': 6229, 'epoch': 0}
2022-08-19 Friday 13:02:10:INFO: {'type': 'metric', 'label': 'recall_rate', 'k': 8, 'rate': 0.6195215925509713, 'hit': 3859, 'total': 6229, 'epoch': 0}
2022-08-19 Friday 13:02:10:INFO: {'type': 'metric', 'label': 'recall_rate', 'k': 9, 'rate': 0.6309198908331995, 'hit': 3930, 'total': 6229, 'epoch': 0}
2022-08-19 Friday 13:02:10:INFO: {'type': 'metric', 'label': 'recall_rate', 'k': 10, 'rate': 0.6407127949911703, 'hit': 3991, 'total': 6229, 'epoch': 0}
2022-08-19 Friday 13:02:10:INFO: {'type': 'metric', 'label': 'recall_rate', 'k': 11, 'rate': 0.6513083962112699, 'hit': 4057, 'total': 6229, 'epoch': 0}
2022-08-19 Friday 13:02:10:INFO: {'type': 'metric', 'label': 'recall_rate', 'k': 12, 'rate': 0.6599775244822604, 'hit': 4111, 'total': 6229, 'epoch': 0}
2022-08-19 Friday 13:02:10:INFO: {'type': 'metric', 'label': 'recall_rate', 'k': 13, 'rate': 0.6654358645047359, 'hit': 4145, 'total': 6229, 'epoch': 0}
2022-08-19 Friday 13:02:10:INFO: {'type': 'metric', 'label': 'recall_rate', 'k': 14, 'rate': 0.6707336651147857, 'hit': 4178, 'total': 6229, 'epoch': 0}
2022-08-19 Friday 13:02:10:INFO: {'type': 'metric', 'label': 'recall_rate', 'k': 15, 'rate': 0.6755498474875582, 'hit': 4208, 'total': 6229, 'epoch': 0}
2022-08-19 Friday 13:02:10:INFO: {'type': 'metric', 'label': 'recall_rate', 'k': 16, 'rate': 0.681489805747311, 'hit': 4245, 'total': 6229, 'epoch': 0}
2022-08-19 Friday 13:02:10:INFO: {'type': 'metric', 'label': 'recall_rate', 'k': 17, 'rate': 0.6871086851822122, 'hit': 4280, 'total': 6229, 'epoch': 0}
2022-08-19 Friday 13:02:10:INFO: {'type': 'metric', 'label': 'recall_rate', 'k': 18, 'rate': 0.6903194734307272, 'hit': 4300, 'total': 6229, 'epoch': 0}
2022-08-19 Friday 13:02:10:INFO: {'type': 'metric', 'label': 'recall_rate', 'k': 19, 'rate': 0.693690801091668, 'hit': 4321, 'total': 6229, 'epoch': 0}
2022-08-19 Friday 13:02:10:INFO: {'type': 'metric', 'label': 'recall_rate', 'k': 20, 'rate': 0.6981859046395891, 'hit': 4349, 'total': 6229, 'epoch': 0}
2022-08-19 Friday 13:02:10:INFO: {'type': 'metric', 'label': 'MAP', 'value': 0.4674908592847493, 'sum': 2912.0005624847036, 'total': 6229, 'epoch': 0}
2022-08-19 Friday 13:02:10:INFO: [2, 28, 3, 3, 1, 1, 3, 1, 1, 45, 2, 1, 142, 1, 2, 3, 1, 11, inf, 1, 1, 5522, 1, 3, 49, 4, 210, 2, 78, 200, 1, 4, 1, 4, inf, 17, 1, inf, 1, 1, 1, 1, 1, 19, 3, 1, 11, 1, 3, 2, 1, 1, 24788, 1, 1, 4, 2, 1, 21, 1, 82, 1, 20, inf, 2, 1, inf, 88, 70, 14, 2, 42, 1521, 3, 46, 2, 134, 4, 2, 1, 15, 17, 32, 1, 38, 1, 1, 2, 29, 2719, 2, 6, 7, 1, 54, 1, 1, 1, 1, 2573, 4, 42, 375, 866, 341, 2, 1, 1, 180, 84, 1, 295, 293, inf, 1, 2, 1, 4, 1, 1, 1, 1, 282, 1, 1, 1, 1, 1, 98, 1, 23, 1, 61, 11, 26, 120, 1, 1, 5, 1, 3, 247, 3796, 3, 1, 2, 1, 16, 1, inf, inf, 314, 98, 25, 333, 12, 15, 1, 6106, 10, 1, 12, 1, 99, 3, 1, 13, 522, 2, 1, 1, 5, 1, 1, inf, 1, 1, 1, 9, 10, 1, 1, 1, 8, 1, 226, 5, 1, 3, 1, 5, 43, 49, 1, 135, 7, 1, 4, 4, 1575, 1, 1, 1, 5, 30, 1, 1, 60, 6, 13, 8, 1, 1, 4, inf, 7, 7, 22768, 6, 9, 1, 3, 104, 1, 1, 2, 1, 1, 1, 367, 1, inf, 1, 2, 11, 1, 10, 271, inf, 2, 2, 1, 1, 1474, 12, 1, 1, 13, 6, 1, 1, 167, 1, 1, 1, 1, inf, 52, inf, 1, inf, 2, 39, 1, 1, 1, 110, 1, inf, 182, 4, 3, 3, 1, 1, 90, 1, 4, 151, 1, 13, 1, 1, 1, 2, 27, 1, 2, 1, 1, 42, 1, 22, 40, 12783, 433, 1, 29, 1, 27733, 7, 1, 1, 1, 3, 4, 285, 1, 1, 2, 49, 144, 5, 1, 1059, 1, 1, 1, 1, 1, 1, 1, 106, 1, 1, 10, 1, 348, 22, 13, 73, 1, 3, 4, 3639, 1, 1, 1, 2, 15, 3, 2, 2, 6, 28, 1, 1, inf, 2061, 1, 2412, 1, 1, 3, 1, 1, 103, 3, 1, 1, 29, 28, 14, 1, 603, 1, 1, 9, 2, 2, 1, 1, 1, 1, 1, 11, 1, 20, 1, 5, 2, 1, 1, 1, 296, 8, 2135, 1, 333, 5, 3577, 36, 11, 1, 80, 12, 21, 1, inf, 3, 1, 2, 24, 293, 9, 65, 1, 20, 1, 1, 587, inf, 1, 2183, 1, 4, 6, 2, 9, 1, 847, 50, 1, 1, 1, 1, 18, 1, 1, 1, 3, 1, 20, 5, 4, 1, 1, 8, 34, 1, 130, 1, 14, 51, 14, 36, 109, 1, 213, 12, 2, 76, 1, 1, 1, 8, 13, 382, 1, 4, 1, 36, 7, 4, 1, 810, 2, 121, 1, 6114, 1, 55679, 4, 2, inf, 1, 1, inf, 14, 1, 1, 323, 1, 2, 2, 2, 5, 1, 1, 4, 42545, 1, 182, 1, 5, 1, 37, 4, 1, 1895, 1048, 3, 1, 21, 8, 97, 1, 1, 1, 1, 3, 7, 547, 4, 3, inf, 5, 1, 7, 1, 125, 3, 1, inf, 2, 1, 14, 4, 1, 1, 1, 1, 6, 2, 1, 290, 1, 3, 3, 1766, 1, 2, 6, 33, 20, 1, 14, 713, 1, 3, inf, 381, 1, 1, 1, 12486, 5, 1, 1, 328, 1, 1, 1, 583, 4, 6, 78, 1, 3, 2, 204, 1, 1, 36, 1, 1, inf, 161, 21, 4, 1, inf, inf, 7, 204, 73, 6, 1, 2, 373, 1, inf, inf, 1, 1, 2, 1, 12, 1, 6226, 1, 1, 1, 32, 8, 2, 3, 6, 1, 2945, 91, 2, 123, 4, 1, 1, 2, 9, 5, 1, 1, 27, 1, 1, 2, 43, 247, 1, 2, inf, 1, 1, 26, 1, 47, 10, inf, 16, 1, 1, 1, 1, inf, 1, 18, inf, 1, 31, 448, 2, 1, 15, inf, inf, 123, 1, 252, 3, 1, 1, 2, 2, 1, 2, 128, 3, 8, 1, 2, 1, 8, 361, 83, 3, 6, 1, inf, 4, inf, 1, 53, 54, 423, 1, 9, 202, 371, 1, 1, 17, 1, 2, 17, 8, 1, 1, 1, 23, 43, 19, 2, 1, 4255, 2, 37, 11, 1, 2, 6852, 11, 1, 292, 216, 13, 1, 145, 1, 11, 8, 36, 2, 14, 2, 1, 1, 440, 1, 24, 2, 4, 274, 1, 444, 152, 37, 7003, 1, 1, 522, 48, 115, inf, 2, 17, 101, 1, inf, 1, 10, 1, 1, 464, 1, 2, 1, 2, 3, 71, 1, inf, inf, 33, 7, 2, 1, 5, 1, 484, 2, 25, 1, 91, 730, 205, 17, 15, 16, 1, inf, 2, 2, 23, 14979, 1, 4, 7, 2, 1, 18, 1, inf, 3, 1, 2211, 604, 75, 2, 2, 9, 1, 10, 2, 2, 1, 8, 418, 4, 4564, 1, 1, 1, 1, 38, 2, 1, 1, 364, 12, 17, 2, 128, 4, 5760, 7, inf, 10254, 3, 1, 1, 10213, 1, 104, 1, 292, 1, inf, 1, 17, 469, 2780, 151, 305, 55, 155, 1, 1, 1, 1, 1, 33, 2, 12, 18, 1, 3, 21, 9, 8887, 2, 17, 19, 1, 1, 2, 1759, 651, 285, 1142, 115, 842, 1, 5, 2, 1, 1, inf, 2, 1, 16, 2, 69, 1, 1, 2, 30, 1, 2, 5, 3814, 269, 1, 926, 1, 1, 3, 1, 29, 52, 3, inf, 1, 2, 1, 1, inf, 172, 2, 1538, 3, 1, 2, 173, 1, 243, 170, inf, 1, 3192, 39, 834, 1, 1, 1, 2, 4, 1, 2, 3, 1, 368, 1, 1781, 25, 56, 3, 14, 604, 2, 4, 16, 1, 1, 37, inf, 3, 1, 2, 22, 3, 1, 7, inf, 15, 1, 2, 1535, 1, 3, inf, 32, 1, 1, 1, 15, 2, 1, 3, 167, 1, 9, 86, 1, inf, 1, 1, 24, 5, 2, 2, 5, 24445, 45, 12, 1, 1, 12, inf, 21, 26, 21, 1, 41, 1, inf, 2, 9, 1, 6, 16, 24, 41, 1, 1, 38, 7323, 1, 1, 1, 1, 76, 3, 1, 16, 4, 4, 1, 1, 1, 1, 24, 24, 27031, 1, 1, 4334, 3, 1, 1, inf, 297, 3, 1, inf, 1, inf, 1, 1, 1, 1, 1, 2, inf, 42, inf, 2, 1, 1, 230, 1, 4, 1, 420, 4, 4, 1, 2, 27, 2, 30, 1, 1325, 1, 3, 7, 1, 1, 1, 513, 1, 2, 1, 1138, 84, 2, 1819, 2, inf, inf, 1, 1, inf, 3, 1, 65, 1, 1, 1, 1, 22, inf, 1, 1, 1, 25, 2, 14, 1722, 19, 1, 2, 20, 116, 3, 7, 2115, inf, 1, 9, 31, 4, 1, 1, inf, 44, 1, 1, 3260, inf, 128, 1, 1, 2, 11, 2424, 28, 3531, 22, inf, 2, 5, inf, 527, 189, 37, 33873, 38, 1, 3, 122, 23, 1, 2, 3232, 3, 2, 1, 2, inf, 4, 1, 1, 43, 1, 3, 2, 3014, 1, 617, 1, 1, 2, 1841, 1, 7, inf, 1, 2361, 1, 18, inf, inf, 5, 1, 4, 1, 911, 1, 2, 25, 116, 1, 13, 11, 1, 1, 126, 1, 1, 1, 1, 1, 1, 3, 25, 215, 61, 46, 1, 1, 1, 31, 1, 1, 1, 1, 1, 71, 4, 1, 3, 1, 2024, 1, 6, 13, 1, 1, 2161, 58, 5, 1, 3, 2, 1, 13, 2, 1, 6, 180, 1, 2, 1, 219, 2, 2, 3, inf, 2, 127, 1, 4372, 1, 10, 1, 2, 1, 466, 5, 10, 3, 8, 4, 16, 2, 1, 1, 1, 259, 16, 427, 1, 490, 2, 1, 695, 1, 4536, 1, 1, 1, 1, 1, 31, 1, 1, 3, 6, 2, 392, 11, 1, 1, 1, 1, 1, 1, 1, 1, 14, 3, 4, 68, 20, 1, 3, 788, 1, 271, 3, 1, 1, 1, 1, 165, 1, 1, 21807, 1, 5, 1, 1580, 1, 7, 9, 1, 1, 1, 1, 9, 1, 1, 10, 1, 2, 2, 1, 1, 1, 1, 1, 1428, 1, 3, 2, inf, 196, 1, 7, 1, 68, 6, 504, 3, 3, 1, 43, 1, 184, 1, 5506, 17, 4, 7, 2400, 155, 1, 13, 1, 1, 2, 14, 1, 1, 108, inf, 18917, 2858, 1, 9, 54, 27, 1, 1, 33, 2, 1, 1, 1, 1, 18, 1, 1, 1, inf, 2, 1, inf, 31, 1, 1, inf, 1, 1, 21, 940, 1, 9, 17, 1, inf, 1, 1, 5675, 91, 1, 3, 1, 4, 3, 1, 90, 2, 1, 2, 4, 2, 3, 2, 1, 1, 228, 1, inf, inf, 3, 1, 173, 602, 1642, 1, 891, 1, 1, 1, 2, 1, inf, 1, 2, 1, 1208, 1, 1, 10, 1, 1, 1, 1, 43, 10, 1, inf, 1, 12, 1, 1, 1, 1, 1, 1, 10, 6, inf, 54, 97, 10158, 65, 25, 12, 1, 2, 1, 2, 1, inf, 1, 1, inf, 1, 14, 392, 1, 5, 1, 19, 5, 28, 209, 2, 34, inf, 81, 1, 32, 2, 1, 3, 9, 1, inf, 1, 1, 140, inf, inf, 1, 1, 1, 623, 1, 1, 1, inf, 3, 11, 1, 134, 169, 5, 1, 53, 1, 2, 1, 4329, 1, 3, 105, 1, 1, 1, 197, 1, 100, 1, 257, 9, 41, 8, 1, 340, 1, 1, 1, 1, 1, 5359, 1, 1, 1, 1, 241, 1, 3, 8, 9, 28, 1, 1, 20, 44, 1, 1, 1, 1, 1, 1, 1535, 1, 1, 1, 1, 1, 3, 3, 1, 1, 5, 1, 809, 3, inf, 1, 2, 382, inf, 129, 1496, 1, 30, 106, 12, 29, 7555, 27, 7691, 1, 382, 7, 6380, 1, inf, 1, 494, 1, 1, 3, 1, 1, 1, 1, 1, 1, 1, 1, 1, 2, 2, 1, 5, 27, 1, 86, 23, 1, 1, 7867, 5, 10, 30, 2, 2, 1, 6048, 345, 1, 1, 1, 1, 1, 2, 2, 1, 4, 1, 1, 79, 12, 6, inf, 5, 1, 1102, 1451, 222, 2, inf, inf, 57, 1, 7, inf, 1, 1, 1, 1, 66, 11, 2, 1, 64, 412, 6, 4, inf, 24, 26, 5, 1, 9, 1, 1, 177, 1, 1, 1, 10, 3, 3, 4, 442, 1, 7, 1, 1, 12, 2, 36, inf, 1, 65, 1, 5, 1, 11, 11, 133, 4, 37, 20, 10, 10, 21, 6, 1, inf, 3, 8, 22, 5, 5, 628, 36, 92, 1, 1, 105, 2, 11, 15, 3, 1, 29, 1, 4, 106, 1, inf, 126, 1, 2, 1, 409, 8, 415, 485, 2, 525, 33, 1, 38, 31, 14, 2, 1, 23, 2, 1, inf, 1, 1, 1, 5, 53, 78, 5, 11814, 8, 1, 1, 28, 1, 11, 2, 1, 2, 1, 13, 1, 1, 16, 2, inf, 1, 5, 2, 7, 1, 1, 351, 16, 2, 1, 6, 31, 75, 3, 5, 4, 1, 1, 2, 1, 1, 68, 99, 4, 240, 5393, 2, 10, 1, 1, 1, 1, 223, 1, 1, 1, 592, 1481, 107, 7, 34, 1, 1, 3, 1, 1, 1, 187, 73, 1, 6, 1, 1, 11415, 1, 1288, 124, 58, 1, 1, 1, 2, 53, 11, 239, 1, 13, 2, 882, 2, 1, 1, 1, 189, 7, 2, 2, 3, 4, 1, 1, 81, 1, 2, inf, 271, 18, 1, 1, 21678, 15, 46, 3, 1896, 2, 1, 22, 1, 32, 4, 2, 99, 5, 1, 1, 2, 1, 1, 1, 10, 3, 1, 700, 12, 1, 7, 1, 10, 1, 2, 4, 1, 6, 5, inf, 1, 14595, 78, 4, 3642, 2, 4, 1, 8, 10, 1, 1812, 1, 2, 83, 2, inf, 1, 1, 17, 1, 1, 1, 1, 1, 5, 5, 441, 4, 7, 163, 47, 1, 1, 1, 8, 8, 1, 1, 1, 1, 3, 12, 2, 15, 1, 31372, 1, 5, 8, inf, 1, 16, 2, 1, 1, 9, 1, 2, 48, 10, 29, 2136, 1, 1, 1, 1, 12, 28, 2, inf, 38, 3, 1, 1, 1, 1, 9, 6, 10, 1, 1, 5, 235, 1, 1, 9, 2, 1, 30, 2, 6418, 3, 2154, 1, 1, 31, 2, 1, 1, 1, 1, 1, 68, 66, inf, 79, 1, 659, 25, 8, 4, 16, 1, 25, inf, 8, 2, 1, inf, 1, 25, 921, 2, 9, 1, 1, 1, inf, 1, 12, 428, 188, 1, 1, 21, 1, 644, 1, 567, 1, 2, 1, 2, 1, 2, 1, 18, 1, 427, 31, 1, 1213, 1, 2, 17, 1, 1, 4, 19, 35, 2, 1, 1, 56, 1, 59, 3, 3, 57, 1, 1, 669, inf, 1, 2, 159, inf, 1, 26, 9, 1, 1, 1, 28, inf, 9, 1, 2416, 1, inf, 1, 50, 6, 1, 1, 2, 49, 1, 1, 312, 30, 12, 333, inf, 1, 1, 1, 1, inf, 1, 3, 1, 10, 2323, 2, 1, 1195, 11, 3, inf, inf, 700, 1, 4, 4, 1, 263, 24, inf, 1, 5, 1, 2, 1, 9, 1, 24, 1, 29, 1, 1, 1, 1, 4, 1, 2, 2047, 119, 2, inf, 1, 4, 1, 1, inf, 4925, 2, 1, 42, inf, 1, 1, 1, 1, 1, 1, 1991, 1, 1, 1, 1, 45, inf, 8, 1, 1, 14331, inf, 1, 3, 1, 4, 6, inf, 4, 1490, 2, 1, 1, 36, 4, 24, 1, 2, 23, 22, 1, 19, 1, 2, 2, 56, 119, inf, inf, 64, 17, 45, 2, 1, 1, inf, 2, 1, 5128, 1, 1, 38, 1, 1, 314, 334, 1, 53, 2, 5, 2, 1, 3, 2, 12, 1, 62, 358, 5, 1, 2, 33, 8, 1, 13, 2000, 1, 1, 1, 9, 4, 1, 5, 529, 1, 13, 60, 1, 1, inf, 1, 5, 3, 2, inf, inf, 1376, 6, 1, 2, 1, 486, 11, 163, 6, 1, 1194, 1, 7, 1, 120, 1, 4793, 18, 1, 1, 1, 1, 1, inf, 1, 1, 1, 1, 1, 2, inf, 16, 1, 23, 10, 174, 5, 6, 1, 1, 1, 1, 92, 1, 1, 1, 1, 2, 1, inf, 5465, inf, 1, 1, 1, 195, 1, 1, 1, 4, 9, 1, 8, 1, inf, 1, 38, 1, 2, inf, 2, 1, inf, 52216, 3, 1, 49, 1, 1, 4, 1, 2, 5, 2, inf, 1, 1, 3, 1, inf, 1, 5, 1721, 1, inf, 1, 73, 1, 1, 1, 28, 1, inf, 1, 2, 2, 1, 601, inf, 2, inf, 133, 1, 2575, 54, 36, 1, 6, 1, 2805, 2358, 179, 1, 1, 1, 113, 1, inf, 1, inf, 2, 5, 1, 3, 4131, 1235, 1, inf, 52, 16, 1, 1, 607, 92, 1, 536, 79, 14, 2, 1, 1, 2, 1, 1, 1, 1, 1, 1, 1, 1, 2, 1, 1, 1, 1, 21, 7, inf, 37, 1, inf, inf, 4, 1, 1753, 72, 1, 2, 1, 30, 1, 1, 1, 8, 9, 1, 1, 1, 1, inf, 754, 1, 5, 6, 12299, 4, 80, 1, 3, inf, 2, 21, 1, 1, 1, 3, 7, 1, 1, 1, 8, 1, 1, 15915, 1, 548, 91, 1, 8, 15, 4, 1, 1, 5, 71, inf, 1, 27172, 1, 1, inf, 2, 12, 65, 1, 462, 1, 3, 4, 1, 1, 26, 1, 2, 1, 1, 1163, 1, 4, 307, 146, 9, 1, 14, 454, 3, 2, 28, 14553, 6, 3, 9, 20, 5, 9, 50, 12590, inf, 1, 3, 3, 6, 2, 3, 7304, 19745, 246, 52, 1, 61, 4, 3, inf, 1, 473, 2, 1, 3, 44, 25, 289, 617, 3, 1, 4941, 96, 5, 37, 37, 37, 15, 1, 2, 1, 7, 341, 975, 1, 101, 1, 1, 3, 1, 1, 12, 8, 6, 1, 1, 1, 8, 3, 23, 14, 2, 1, 4, inf, 26, 1, 1, 1, 1, inf, 399, 16, 2, 1, inf, inf, 4, 1, inf, 2, 1, 1, 4, 2, 362, 130, 1, 1, 8, 6, 36, 2, 220, 9, inf, 48, 7, 47, inf, 1, inf, 1, 11, 34, 21, 10, 6, 11, 42, 77, 1, 1, 11354, 1, 1, 927, 1, 2241, 1, 1, 4, 1, 6, 1, 16, 23, 112, 66, 8, 11, 1, 264, 2, 4, 1, 2, inf, 44, 1, 2328, 106, 2, 1, 1, 1449, 47, 3, 1204, 1, 1880, 1, 1, 412, 7, 88, 2, 1, 1, 14, 1, 3, 30, 7, 1, 2, 3, 2, 1, 1, 1, 3, 1, 1, 1, 1, 191, 22, 2, 7, 20, 1, 1, 1, 2, 39, 1, 5, 40, 2, 2, 8, 14, 146, 279, 15, 1, 1, 1, inf, 5910, 1, 1, 1, 30, 1, 1, 1, 2, 235, 1, 1, 1, inf, 1, 16, 537, 34, 3, 5, 1, 2, 1, 21, 1, 4, 5, 1, 8, 1, 1, 1, 1, 1, 1, 151, inf, 25, inf, 7, inf, 1, 5, 2, 3, 33, 9, 1, 1, 1, 1, 2, 1, 1, 16, 1, 5, 216, 373, 667, 7, 3, 1, 1, 15, 387, inf, 2, 3, 30, inf, 1, 36, 2, 3, 1, 139, 1, 1, 383, 1, 4, 1, 1, 2, 1, 1, inf, 70, 126, 143, 5599, 3, 2, 1, inf, 1, 1, 1, 3, 54, 1, 8, 4, 11, 1, 1, 1, 87, 1, 3, 1, 638, 15, 99, 2, 2, 1, 1, 1, 1, 212, 317, 8, 112, 17, 5, 1, 30, 6, 4719, 1, 1, 38, 1, 2, inf, 2, 2, 1, 9, 124, 5, 5752, 140, 2363, 8, 3, 29, 47, 335, 1, 6543, 36, 2, inf, 1, 1, 52, 1, 7, 998, 33, 2, 1, 1, 1, 1, 515, 5, 1, 1, 4626, 17, 3, 167, 1, inf, 2, 12, 4, 1, 3, 1, 7, 163, inf, 157, 285, 2, 1, 6, 29, 112, 49, 1, 182, 1, 145, 6, 3, 1, 6, 6, 2, 4, 190, 67, 39681, 1, 50, 900, 178, 2, 1, 1, 2, 11, 204, 1, 1, 8, 2, 75, 1, 1, 2, 1, 54, 1, 2, 99, 1, 56, 18, 2, 1, 1, inf, 1, 7, 1, 1, 94, 4, 371, 1, 3, inf, inf, 2, 989, 47, 1, 1, 1, 1, 1, 1, inf, 1, 1, 1, 3, 1, 46, 1, 139, 2, 62, 37, 1, 1, 1, 1, 9, 3, 9, inf, 4302, 6, 1, 2, 733, 1, 4, 2, 20, 1, 8, 241, inf, 2, inf, 2800, 2, 5, 4, 5102, 1, 1, 2, inf, 1, 1, 1, 1, 5340, 1, 1, inf, 1, 4, 217, 7, 168, 16, 19, 3317, 1, 4, 11, 1, 1, 44349, 4405, 1, 1, 1, 2, 1, 1, 2, 1, 1, 2, 1, 1, 1, 10, 61, 33, 12, 2, 1, 1, 3, 20, 1, 1, 18371, 1, 1, 8, 18, 7, 1, 1, 1, 19, inf, 20, 86, 5, 1, 3, 2, 2, 3, 1, 16, 1, inf, 24, 1110, inf, 1, 30, 1, 193, 61, 5838, 1, 6937, 14, 1, 62, 1, 1, 79, 1, 6, 1, 3, 1, 6027, inf, 24, 5, 4, 7, 238, 2, 5, 401, 1, 2, 1494, 20285, 1915, 2, 24, 1, 21, 2, 3, 88, 100, inf, 7, 1, 306, 1, inf, 1, 258, 16, 1, 9113, 1488, 463, 470, 1, 3, 1, 3, 6, 1, 2, 3, 2, 12842, 1, 2, 1, 36, 1, 1, 1, 6, inf, 46, 1, 1, 1, 103, 20, 2, inf, 123, 766, 1, 1, 2, 1, 3, 36, 5, 1, 10, 3, 31, 6, 2, 24, 1, 32, 1, 1, 2, 1, 1, 1, 4, 1, 3, 1, 1, 1, 1, 4, 40, 4050, 31, 2, 12, 1, 1, 10, 21, 1, 2, 218, 120, 1, inf, inf, 12, 1, inf, 1, 10, 2, 11, 27, 5, 2, 279, 4, inf, 1, 2, 1, 3, 268, 1, 21714, 1, 2, 1, 1, 1, 110, 1, 13, 14, 1, 7, 365, inf, 1, 1, 301, 3, 1, 2, 1, 1, 1, 1, 203, 2, 1, 115, inf, 6, 1, 1, 1, inf, 5, 1067, 5, 2, 11, 1, 1, 68, 43, inf, 16, 74, 1, 1, 21, 592, 1, 7726, 11, 2, 1, 2, 1, 1, 2, 471, 1, 45, 2, 8, 1, 11, 2, 38, 22, 5, 2, 1, 1, 1, 1, 6, inf, 1, 46, 4, inf, 1, 1, 15, inf, 4, inf, 142, 65, 142, 4, 73, 1, 1, 3, 1, 1, 5, 14, 2, 12, 550, 1, 2, 167, 98, 166, 1054, 1, 6, 7, 1, 1, 1, 2, 1, 147, 17, 4, 69, 57, 1, 7, 1, 25, inf, 1, 12, 9, 3, 4, 12, 1, 3, 1, 2, 17, 1, 3, 1, 1, 1, inf, inf, 48, 3, 838, 3, inf, 53, 7, 3, 18, 2, 1, 1, 1, 317, 4, 1, 7, 1, 3, 7, 453, 404, 1, inf, 2, 1, 3213, 1, 1, 4, 1, 14605, 3, inf, 28, 4, 183, 3, 2, 1, 1, 1, 9, 53, 6, 1, 26, 1, 1, 12, 5, 2, 18, 3, 3, 63, 1, 37, 175, 7, 3, 1, 1, 2, 1, 1, 1, 1, 1, 261, 11, 8, 1, 3, 8, 1, 1, 142, 1, 1, 1, 108, 8, 1, 6732, 2, 3, 1, 1, 1, 26, 501, 1, 1, 11536, 1, 1, 219, 70, 1159, 1, 1, 1, 286, 1, 1, 1, 2204, 1, 5, 1, 300, 85, 46, 5, 4, 5, 103, 1, 1, 5, 1, 1052, 17, 9, 4, 1, 66, 143, 4, 1, 1, 1, 46, 38729, 1, 1, 36428, 1, 1, 4720, 340, 1, 4, 6901, 1, 1, 3, 1, 2, 2, 3, 1, 1, 3, 1, 1, inf, 1, 10, 55, 1, 1, 1424, 5, 18, 3, 2, 2, 12, 1, 1, 1, 69, 7, 5, 39, 2, 1, 10, 4, 2, 1, 2, 4, 1, 2, 6, 37, 1, 1, 1, 10, 2, 1, 1, 10, 8, 2, 818, inf, 139, 1, 145, inf, 2, 3, 1, 3, 1, 156, 2, 42, 20, inf, 2, 1, 1, 1, 1, 8, 1, 11, 101, 1, 15935, 271, 1, 7, 5, 35, 1, 26, 2, 1, 102, 1, 121, 1, 151, inf, 1, 21, 1, 33, 38, 8, 11, 2, 1, 2, 1, 3, 1, 1, 1, 1, 1, 22, 16, 204, 1, 1, 34, 500, 76, 363, 12, 211, 983, 1, 1, 1, 2, 48, 3811, 1445, 1, 1560, 984, 1, 1663, 1074, 16, 13, 1, 1, 2, 3, 2, 39, 1, 9, 1, 1, 1, inf, 1, inf, 3, 1, 3, 1, 1, 1, 4, 6, 7, 60, 2, 23, 40, 1, 482, 6, 1, 1, 3, 2, 245, 4, 1, inf, 1, 2, 1, 1, 1, 47, inf, 1, 10, 5, 1, 1, 34, 1, 1, 20, 94, 1, 1, 1, 62, 1, 3701, 1, 651, inf, 3, 9, inf, inf, 3, 4, 1, 5, 273, 17, 1, 7, 20, inf, 1, 1, 287, 5, 9, 37, 73, 1, 4, 1, 5, 3, 4, 2, 6, 2, 4, 47, inf, 1, 27, 1, 1, 150, 4, 1, 153, 5212, 16, 777, 3, 1, 4, 22, 103, 11, inf, 3, 1, 9, 1, 1, 4, 277, 1, 158, 1, 8, 1, 5, 11, 86, 2, 1, 1, 4, 8482, 1, 449, 1, 1, 4851, 6, 3, 566, 7, 3, 2, 22, inf, 4, 2, 4, 23, 23, 32, 1, 3, 1, 4, 3, 1, 94, 53, 3, 188, 21, 1, 1, 1, 2, 1, 2, 11, 21, 3, 2, 1, 5, 1, 1, 2, 1, 1, 218, 2, 1239, 1, 1, 1, 1, 1, 12, 2, 21, 2318, 1723, 2, 258, 4, 9, 1, 573, 1, 2, 21, 1, 13, 1, 554, 2, 1, 16, 4, 3, 11, 7812, 1, 6, 1, 1, 1, 1, 2629, 43, 89, inf, 24, 1, 68, 2, 5, 1, 3, 1, 12, 1, 1, 22, 1, 14206, 4, 4, 377, 228, 1, inf, 1, 3050, 6, 1, inf, 8, 4, 7, 10, 5010, 184, 259, 10, 1277, 5, 1, 252, 1, 178, 1, 85, 1, 1, 350, 1, 125, 8, 12, 393, 2, 133, 2, 15, 3, 1, 168, 1, 1789, 1, 10, 2, 8, 2, 7, 1, 1499, 7, 42, 293, 2, 518, 7, 4, 1, 2, 144, 3201, 1, 4, 17, 10543, 11, 58, inf, 1, 1, 182, 1, 87, 1, 1, 1, 1, 1, 1584, 1, 19448, 2, 1, 205, 1, 1, 2, 1, 4, 1, 1, 14, 1, 126, 246, 30, 1, 2, 67, 1, 3, 76, 6, 4, inf, 3, 5, 2, 34, 2, 2, 2, 3, 68, 1, 1, 10, 1, 100, 17, 7, 60, 1, 7, inf, 1, 37, 7, 1, 5, 482, 1, 1, 2, 62, 22, 1, 2, 2, 2, 1, 9, 1, 1, 1, 520, 17, inf, 255, 1, 38, 1, 4, 431, 115, 30, 1, inf, 284, 1, 6, 1, 6, 241, 1, 12, 2, 1, 1, 1, 2, 4, 1, 1, inf, 1119, 312, 12840, 1, inf, 9, 1, 32, 2, inf, 1, 1, 13, 22, 1, 3, 10, 6, 2, inf, 2, 1, 12, 49, 2, 149, 2, 1, 19, 8, 72, 55, 1, 1, inf, 2, 3, 1, 1, 1, 1, 96, 1, 1, 66, 9, 236, inf, 3, 2, 3891, 4, 1, 1, 1, 6, 33, 1, 48, 1, 4, 100, 122, 1, 71, 1, 1, 1, 1, 3371, 3, 1, 1, 3, 1, 1, 162, 5, 278, 54, 17, 1, 11, inf, 1, 1, 1, 1, 145, 263, 1, 10, 1, 437, 28, 20, 1226, 4, 1, 11, 19, 1, 8, 1, 15, 4, 1, 2, 1173, 27, 1, 1, 3, 39, 2, 1, inf, 15, 1, 1, 14748, 2, 1, 1499, 8, 15, 122, 5, 408, 1, 1, 1, 55, 24, 1, 1, 18, 117, 77, 1, 3, 170, 205, 9145, 1, 82, 5, 1, 9, 2, 1, 2, 5, 1, inf, 1, 82, 2, 1, 11, 3, 1, 4, 3297, 4, 1, 1, 6, 1, 18, 61, 117, 117, 8, 15, 2, 2, inf, 2, 1, 1, 88, 3, 1, 1, 20, 1, 2, 1, 12, 170, 6, 62, 11, 1, 11, 113, 1, 1, 10, 1, 3, 45, 1, 19, 870, 3, inf, 3, 2, 1, 1, 57, 25, 1, 1034, 4, 22, 16, 1, 4, 1, 1, 1, 2, 20, 1, 8, 5, 1, 1, 12, 626, 2, 1, 3, 21, 3, 33, 721, 15, 1, 23, 1, 39, 3, 1, 4, 1, 112, 1, 4, 47, 3870, 1, 1, 7, 1, inf, 1, 19292, 2, 303, 1, 2061, 13, 2, 12, 1, 3, 6, 19, 9, 63, 2, 5, 19, 9, 1, 11, 1, 7, inf, 3503, 1, 1751, 7, 7, 3, 1, inf, inf, 1, 1, inf, 3, 1, 1, 1, 1, 7, 6, 3, 7, 78, 2, inf, 1, 1, 2, 13, 11883, 74, 346, 225, 1, 83, 9, 197, 227, 4, 7, 33, 35, 1, 5, 10, 1, 1, 1, 37, 1, 34, 4, 128, 1, 5, 1, 32, 1, 1, 1, 1, 1, 1, 4, 1, 3, 26, 15, 139, 1, 2, 38, 12, 4312, 1, 38, 403, 1, 2, 14, 2, 1, 16, inf, 1, 1, 2, 1, 8, 4049, 6, 1, 13, 2, 2, 1, 11, inf, 11, 16720, 30, 15, 31, 1, 1, 1, 45, 1, 1, 2, 1, 1, inf, 1, 1, 2, 1, 4, 21, 1, 1, 64, 14, 11, 335, 60, 1, 19, 237, 60, 87, 12, 64, 32134, 2, 5, 1, 1, 107, 1, 9, 11, 1, 1, 5, 1, 7, 1, 3, inf, 262, 23, 3, 1, 3, 1, 1, 1, 4, 149, 2, 8, 1, 1, 11, 39, 6, 1, 7, 4, 219, 1, 1, 1, 1, 1, 1, 55, 3, 1, 1, 1, 4, 1, 1, 1, inf, inf, 113, inf, 1, 1, 3, 6, 39, 7, 1, 1, 1, 1, inf, 3, 151, 6, 1, 6, 1, 1, inf, inf, 4, 1, 4, 1, 1, inf, 1, inf, 2557, inf, 9, 6, 1, 46, 1, 1, 1, 1, 1, 20, 365, 1, 3, 1, 5, 3, 5, 11, inf, 1, inf, 25, 11, 1, 6, 2, 1, 39, 4, 1, 1, 83, 1, inf, inf, 1, 370, 1, 30, 1, 1, 2, 3, 27, 1871, 1, 1, 2, 91, 1, 2, 5, 2, 3, 8, 478, 3, 4, inf, 1, 53, 5, 1, 1, 24, 1, 6, 1, 27, 1, 6316, 4, inf, 3, 9, 15, 3, 27, 2, 1, 11, 4187, 27, 4, 1, inf, 2, 1, 122, 28527, 1, 1, 17, 1, 4, inf, 5, 2, 7, 11, 8, 51, 6222, 37, 31, 7, 2, 410, 1, 90, 7, 2, 1, 1, 24, 143, 4, 240, inf, 16, 1, 74, 17, 1, 9, inf, 1, 26, 4, 1, 52, 2, 2, 1, 2259, 1, 2, 3, 9, 1, inf, 1, 1, 7, 1, 1, 1, 1, 2, 3, 4, 1, 2597, 1, 2, 2, 9, 354, 1, 913, 52, 10, 3, 6, 2, 472, 1, 2, 4, 1, 3, 1, 1, 14, 101, 1, 1, 26, 2, 1, 8, 16, 9, 1, 2, 1, 49, 2400, 39, 7, 1, 9, 101, 1, 1, 1, 1, 1, 10, 10, 2, 2, 1080, 3, 1, 4, 24, 1, 3, 1, 4, 1, 1, 4, 6, 1, 120, 502, 18, 1, 1, 1, 523, 5034, 1, 61, 1, 1, 1, 3, 1, 2, 5, 22719, 1, 1, 9, 1, 1, 1, inf, 6, 27, 1, 1, 1, 1, 1, 2, 1, 2, 1, 1, 5, 1, inf, 2, 1, 825, 1, 1, 1, 1, 3, 3, 17, 5, 14, 1, 2, 4, 6, 2, 36, 1, 3, 4, 2, 4, 49, 26, inf, 5378, 1, 50, 7, 5, 21, 2, 1, 1, 1, 1, 339, 39, 1, 3, 6, 2, 1, 1, 21, inf, inf, inf, 1, 2, 3392, 1, 151, 831, 1, 7, 65, 100, 1, 1, 1486, 2, 1, 1, 1, inf, 2, 2, 1, 7, 1, 2, 422, 1, 49, 1, 1611, 7, 1, 1, 3, 17, 20, 347, 2, 1, 3, 2, 334, 10, 1, 13, 11, 1, 119, 2, 1, 3, 38, 6, 1, 1, 4, 29, 16, 1, 1, 1, 1, 12402, 5, 209, 3, 1, 1, 1, 2, 1, 3, 1, 1, 10, 19, 3, 1, 2, inf, 1, 65, 86, 2, 3, 69, 2, 8, inf, 169, 1, 208, 1, 1, 26, 1, 32, 41, 1, inf, 2, 6, 1, 4, 1, inf, 33, 1, 1, 1, 1, 12, 17, 1, 2, 7, inf, 1, 1, 1, 110, 3, 29, 15038, 33, 2, 3, 4, 44, 1, 5, 578, 1, 13, 1, 1, 1, 2, 40, 1, 64, 75, 1, 1, 7, 2, 384, 14, 10485, 4, 1, 6, 1, inf, 52, inf, 1, 790, 1, 1, inf, 70, 28, 1097, inf, 1, 1, 4, 1, 1, 1, 35, 1, 1, 1, 29, 34, 1, 642, 1103, 1, 4, 1, 1, 7, 125, 104, 1, 2, 1, 4, 129, 23, 27, 7, 1, 1, 1, 43, 4, 22, 1, 1, 6, 7, 431, 1, 1, 2, 1, 1, 12, 769, 53, 1, 3398, 15, 5, inf, 2, 3, 2, 2, 1418, inf, 40, 2124, 553, 1, 1, 1, 1, 38, 4, 5, 10, 1, 125, 26, 1, 1, 1, 1, 1, 1, 4, 1, 47, 1, 4, 1, 1, 1, 2, 1, 1, 1, 45, 1, 1, 1, 4, 133, 4, 1, 8, 2, 2, 27, 2, 14, 2937, inf, 1, 6, 1, 1, 1, 16, 4, 9, 1, 17, 1, 239, 1, 2, 278, 7, 2, 1, 27, 3, 1, 44706, 13, 501, 8718, 28, 27, 8, 1, 1, 33, 28, 2, 12, 1, 1, 1, inf, 1, 1, 1, 16, 1, 1, inf, 1, inf, 1, inf, 1, 2, 1, 8085, 2, 1, 71, inf, 6, 3, 1, 2, 8, 1, 2, 2, 1, 955, 155, 2, 2, 1, 1, inf, inf, 1, 10, 667, inf, 4, 2, 1, 2, 10933, 3, inf, 27, 278, 8, 26, 50, 67, 78, 96, 71, 1, 32, 2, 28, 2, 393, 1, 2, 2, 1, 1, 5008, 1, 1, 14064, 29, 1, 1, 1, 1, inf, 1, 1, 2, 172, 1, 6, 1, 6, 25652, 1, 19, 2, 8, 10, 91, 3, 5, 1, 4, 6, 1, 5, 6, 20, 1, 25, 1, 11, 1, 57, 1, 37, 28, inf, 19, 2, 28, 1, inf, 335, 17498, 6856, 820, 10, 2, 1, 1, 13, 218, inf, 7, 77, 1, 12, 1, inf, 39, 19, 16, 23, 4, 19636, 1, 4, 1, 1, 1, inf, 1, 1, 7, 19, 9, 11, 69, 1, inf, 795, 2, 13, inf, 2, 20, 15, 8, 118, 5, 6, 1, 1, inf, 3, 5, inf, 1, inf, 1, 8, 1, 1, 2, 2, 41, inf, 454, 10, 1, 1, 8, 1500, inf, 1, 3, 71, 113, 6, 1, 1, 2, 85, 7, 9, 32724, 3, 411, 7, 8, 11, 28, 6, 1, 1, 7, 6, 240, 3, 159, 1, 1, 1, 3, 271, 1, 2, 2, 2, 1, 1, 1, 1, 1, 6, 26, 1, 1, inf, 1, 69, 1, 1, 14, 1, 121, 3, 1, 1, 2, 1344, 3, 1, 8, 1, 21, 1, 2, 2, 1, 1, 1, 1, 1, 1, 27, 4, 1, 1, 1, 2, inf, 1, 6, 10, 5, 5, inf, 1, 7, 1, 1060, 113, 1, 1, 1, inf, 1, 14679, 15, 3, 1, 1, inf, inf, inf, 2, 50, 1, 1, 12, 2, 4, 1, 328, 1, 356, 1, 4, 13, 35, 122, 2, 84, 1, 1, 47, 2, 4, inf, 3, 1, 1, 2, 2, 1, 2, 1, 2, 1, 1, 1, 123, 121, 1, 1, 1, 74, 1, 13, 6, 2805, 1, 1, 2, 1, 101, 5, 1, 2, 1, 1, 1, 3, 1, 2, 1, 1, 1, 1, 2, 1, 1, 2, 11, 4, 1, inf, 1, 2, 1, 1, 10, 1, 1, 711, 13, 1, 1, 2, 9, 3, 2, 8, 1, 35, 1, 4, 2, 3992, 2, 2, 1, inf, 2, 77, inf, 36, 1, 473, 1, 3, 1, 1, 1, inf, 1, 1, inf, 5, 2, 3, 5, 1, inf, 1, 1, 1, inf, 231, 3, 8, 13, 976, inf, 1, 1, 2, 3, 26, 6284, 4, 22, 9, 61, 1, 1, 826, 1, 2, 47297, 7, 1, inf, 4, 28, 368, 3, inf, 1, 1, 1, 202, 1, 1, 1, inf, 3, 7014, 3, 5, 1, 204, 1, 1, 20, 126, 5, 30, 4, 12, 40, 3, 281, 2, 1, 6, inf, 1, 17, 3, 10, 7, 9, 4, 188, 1, 6, 21, 1, 1, 1, 6, 1, 2, 1, 2, 2, 146, 107, 1, 5801, 1, 1, 626, 342, 163, 1, 1, 8, 7, 1, 1, 143, 5, 6, 1, 2, 23, inf, 3, 9644, 5, 2, 4, 13, 2, 1, 1222, 6285, 10, 128, 4, 4, 296, 25, 2, 1, 1, 11, 18, 1, 179, 2, 77, 36, 60, 1, 27, 1, inf, 1, 3, 750, 35, 1, 1, inf, 19, 1, 1, 12, 159, 2, 2, 979, 3, 1, 57, 1, 4, 11, 1, inf, 1, 202, 3, 1, 41, 20, 112, 2, 23, 1, 4, 12, 15, 11, 1, 6, 5, inf, 9360, inf, 24, 91, 2, 1, 5, 7, 39, 1, 2, 256, 11, 4, 7, 7, 12, 5, 1, 1, 1, 1, 8, 14843, 2, 1, 11, 17, 1, 1, 1, 1, 3110, 20, 1, 1, 231, inf, inf, 2, 16, 14, 8, 7, 1, 3, 13, 1, inf, 4922, 28, 158, 1, 4, 1, 1, 1, inf, 1, 3, 1, 35, 131, 1, 429, 23, 1, 272, 96, 1, 1, 482, 1, 2, 37, 34, 1, 7, 82, 339, 1, 7, 1, 2352, 5, inf, 1, 1, 150, 362, 1, inf, inf, 1, 8, 21, 1657, 84, 9, 16, 2, 1, 1, inf, 22, 1, 2, 2, 8, 1, 25, 1, 1, 1, inf, 1, 6, 1, 1, 1, 1, 1, 2, 3, 3, 1, 91, 192, 1, 1, 2, 336, 1, inf, 5, 1, 2, 4, 3, 1, inf, 9, 3, inf, 5, 29, 4, 1, 1, inf, 273, 3, 1, 163, 53, 2, 1, 21, 7, 1, 150, 1, 1, 2, 1, 4, 222, 10, 8, 1, inf, 1409, 12, 307, 2, 103, 7, 5, 10, 53, 17, 1, 1, 4, 1, 5, 12, 2, 3, 3, 1, inf, inf, 1, 3, 217, 1, 1, 610, 1, inf, 1, 1, 14, 1, 1, 1, 1, 1, 1, 242, 2, 1, 1, 30, 1, 2, 53, 6, 997, 2, 1, 2, 177, 1, 1, 1, 214, 530, 1, 2, 1, 6, inf, 18, 1, 1, 704, 1, 48, 193, 18, 1280, 1, 4, 5, inf, 2, 1, 1, 40, 1, 104, 1970, 1, 1, 25, 1, 25, 6, 37, 4, 4, 1, 1, 2, 26, 7, inf, 70, 3676, 17, 1, 3, 1, 2, 1, 1, 7349, 1, 1, 1, 79, 1, 1, 1489, 1, 723, 5, 10, 66, inf, 61, 9, 201, 85, 1, 1, 1, 1, 1, 4, 63, 1, 1, 1, 1, 3, 1, 1, 1, 11, inf, 1, 26, 1, 7, 1, 2, 2, 7, 1, 1, 1, 1, 14, 1, 7, 2, 1, 1, 1, 8, 6, 3, 1, 2, 49, 1, 1, 35, 23, 2, 1249, 1, inf, 4, 111, 284, 2467, 1, 1, 1, 49, inf, 1, 105, 2, 1, 1, 6, 3, 1, 25, 1, 1, 2, 4, 1, 15, 3, 1, 5, 13, 10, 1, 1, 2, 11, 1, 2, 2, 2, 87, 135, 1, 22, 1, 1, 1, 2614, 1, 28, 568, 1, 1, 23956, 8, 1, 2, 1, 1, inf, 643, 797, 1, 22, 1, 1, 2, 3, inf, 36, 1, 1, 766, 58, 64, 17, 1, inf]
2022-08-19 Friday 13:02:10:INFO: It completed at: 2022-08-19 13:02:10.362815
2022-08-19 Friday 13:02:10:INFO: Completed after: 22:57:05.662666
