2022-08-19 Friday 13:02:13:INFO: {'bug_database': 'dataset/mozilla-initial/mozilla-initial_soft_clean.json', 'database_name': 'mozilla-initial', 'epochs': 12, 'lr': 0.001, 'l2': 0.0, 'batch_size': 256, 'ranking_batch_size': 512, 'ranking_n_workers': 2, 'cuda': True, 'cache_folder': 'scratch/temp/', 'pairs_training': 'dataset/mozilla-initial/training_split_mozilla-initial_pairs_random_1.txt', 'pairs_validation': 'dataset/mozilla-initial/validation_mozilla-initial_pairs_random_1.txt', 'neg_pair_generator': {'type': 'non_negative', 'training': 'dataset/mozilla-initial/training_mozilla-initial.txt', 'rate': 1, 'pre_list_file': None, 'k': 0, 'n_tries': 15, 'preselected_length': None, 'random_anchor': True}, 'loss': 'bce', 'margin': 0, 'categorical': {'lexicons': 'dataset/mozilla-initial/categorical_lexicons.json', 'bn_last_layer': False, 'emb_size': 20, 'hidden_sizes': [40], 'dropout': 0.0, 'activation': 'relu', 'batch_normalization': False, 'layer_norm': False}, 'compare_aggregation': {'word_embedding': 'word_embedding/mozilla-initial/glove_42B_300d_mozilla-initial.npy', 'norm_word_embedding': False, 'lexicon': 'word_embedding/mozilla-initial/glove_42B_300d_mozilla-initial.lxc', 'sent_representation': None, 'tokenizer': 'white_space', 'bow': False, 'frequency': False, 'extractor': {'update_embedding': False, 'filters': ['TransformLowerCaseFilter'], 'hidden_size': 150, 'dropout': 0.0, 'layer_norm': False, 'txt_field_emb_size': 5, 'field_word_combination': 'cat', 'emb_dropout': 0.0, 'scaled_attention': True, 'model': 'linear', 'use_categorical': False, 'bidirectional': True}, 'matching': {'type': 'full', 'scaled_attention': True, 'comparison_hidden_size': 100, 'dropout': 0.0, 'residual': True, 'layer_norm': False, 'attention_hidden_size': 200, 'attention': 'dot_product', 'comparison_func': 'submult+nn'}, 'aggregate': {'model': 'lstm', 'window': [3, 4, 5], 'nfilters': 100, 'hidden_size': 150, 'dropout': 0.0, 'bidirectional': True, 'num_layers': 1, 'self_att_hidden': 50, 'layer_norm': False, 'n_hops': 20}, 'classifier': {'hidden_size': [300], 'output_act': 'sigmoid', 'hadamard_diff_textual': True, 'hadamard_diff_categorical': True, 'textual_hidden_layer': 600, 'categorical_hidden_layer': 40, 'categorical_dropout': 0.0, 'dropout': 0.0, 'only_candidate': False, 'layer_norm': False, 'batch_normalization': False}}, 'random_switch': True, 'recall_estimation_train': None, 'recall_estimation': None, 'sample_size_rr_tr': 0, 'sample_size_rr_val': 0, 'rr_val_epoch': 100, 'rr_train_epoch': 100, 'ranking_result_file': None, 'optimizer': 'adam', 'lr_scheduler': None, 'save': None, 'save_by_epoch': None, 'load': None, 'recall_rate': {'type': 'sun2011', 'dataset': 'dataset/mozilla-initial/test_mozilla-initial.txt', 'result_file': None, 'group_by_master': True, 'window': 365}, 'pair_test_dataset': None, 'rep': {'model': None, 'input': None, 'training': None, 'rate': 1, 'neg_training': 10000, 'k': 1000}, 'rr_scorer': 'general', 'seed': 543210080}
2022-08-19 Friday 13:02:13:INFO: It started at: 2022-08-19 13:02:13.820117
2022-08-19 Friday 13:02:18:INFO: Turning CUDA on
2022-08-19 Friday 13:02:18:INFO: Using Categorical Information.
2022-08-19 Friday 13:02:18:INFO: Lexicon size: 96909
2022-08-19 Friday 13:02:18:INFO: Word Embedding size: 300
2022-08-19 Friday 13:02:18:INFO: Use white space tokenizer to tokenize summary information
2022-08-19 Friday 13:02:18:INFO: BoW=False and TF=False
2022-08-19 Friday 13:02:18:INFO: Using Summary and Description information.
2022-08-19 Friday 13:02:18:INFO: Using BCE Loss: margin=0
2022-08-19 Friday 13:02:21:INFO: Non Negative Pair Generator
2022-08-19 Friday 13:02:21:INFO: Using the following dataset to generate negative examples: Database: mozilla-initial; Order by Date; Master report is the newest oneWe keep nested master reports; Database: mozilla-initial; Order by Date; Master report is the newest oneWe keep nested master reports;. Number of bugs in the training: 137886
2022-08-19 Friday 13:02:34:INFO: Training size: 118578
2022-08-19 Friday 13:02:35:INFO: Validation size: 2418
2022-08-19 Friday 13:02:35:INFO: Adam
2022-08-19 Friday 13:02:35:INFO: Scheduler: Constant
2022-08-19 Friday 13:02:35:INFO: Epoch: 1
2022-08-19 Friday 13:02:35:INFO: LR: 0.001
2022-08-19 Friday 13:06:28:INFO: {'type': 'metric', 'label': 'training_loss', 'epoch': 1, 'value': 0.12386490203340034, 'sum': 14687.652353316545, 'num_example': 118578}
2022-08-19 Friday 13:06:28:INFO: {'type': 'metric', 'label': 'training_dist_target', 'value': (0.07062061287202709, 0.07162247236279787), 'epoch': 1}
2022-08-19 Friday 13:06:28:INFO: {'type': 'metric', 'label': 'training_acc', 'epoch': 1, 'value': 0.9527568351633524, 'num_correct': 112976, 'num_example': 118578}
2022-08-19 Friday 13:06:28:INFO: {'type': 'metric', 'label': 'training_precision', 'epoch': 1, 'value': 0.9558786153793335, 'positive': 56285.0, 'total': 58883.0}
2022-08-19 Friday 13:06:28:INFO: {'type': 'metric', 'label': 'training_recall', 'epoch': 1, 'value': 0.9493329524993896, 'positive': 56285.0, 'total': 59289.0}
2022-08-19 Friday 13:06:29:INFO: {'type': 'metric', 'label': 'validation_loss', 'epoch': 1, 'value': 0.17989871954134026, 'sum': 434.99510385096073, 'num_example': 2418}
2022-08-19 Friday 13:06:29:INFO: {'type': 'metric', 'label': 'validation_dist_target', 'value': (0.13862599372074957, 0.047265824451241445), 'epoch': 1}
2022-08-19 Friday 13:06:29:INFO: {'type': 'metric', 'label': 'validation_acc', 'epoch': 1, 'value': 0.9272125723738627, 'num_correct': 2242, 'num_example': 2418}
2022-08-19 Friday 13:06:29:INFO: {'type': 'metric', 'label': 'validation_precision', 'epoch': 1, 'value': 0.8939740657806396, 'positive': 1172.0, 'total': 1311.0}
2022-08-19 Friday 13:06:29:INFO: {'type': 'metric', 'label': 'validation_recall', 'epoch': 1, 'value': 0.96939617395401, 'positive': 1172.0, 'total': 1209.0}
2022-08-19 Friday 13:07:05:INFO: Epoch: 2
2022-08-19 Friday 13:07:05:INFO: LR: 0.001
2022-08-19 Friday 13:10:46:INFO: {'type': 'metric', 'label': 'training_loss', 'epoch': 2, 'value': 0.06414468670653292, 'sum': 7606.148660287261, 'num_example': 118578}
2022-08-19 Friday 13:10:46:INFO: {'type': 'metric', 'label': 'training_dist_target', 'value': (0.03419019195481716, 0.03416661680730943), 'epoch': 2}
2022-08-19 Friday 13:10:46:INFO: {'type': 'metric', 'label': 'training_acc', 'epoch': 2, 'value': 0.9778964057413686, 'num_correct': 115957, 'num_example': 118578}
2022-08-19 Friday 13:10:46:INFO: {'type': 'metric', 'label': 'training_precision', 'epoch': 2, 'value': 0.9797168970108032, 'positive': 57866.0, 'total': 59064.0}
2022-08-19 Friday 13:10:46:INFO: {'type': 'metric', 'label': 'training_recall', 'epoch': 2, 'value': 0.9759989380836487, 'positive': 57866.0, 'total': 59289.0}
2022-08-19 Friday 13:10:46:INFO: {'type': 'metric', 'label': 'validation_loss', 'epoch': 2, 'value': 0.15934135053673493, 'sum': 385.28738559782505, 'num_example': 2418}
2022-08-19 Friday 13:10:46:INFO: {'type': 'metric', 'label': 'validation_dist_target', 'value': (0.03204674401295096, 0.09702164698869754), 'epoch': 2}
2022-08-19 Friday 13:10:46:INFO: {'type': 'metric', 'label': 'validation_acc', 'epoch': 2, 'value': 0.9495450785773366, 'num_correct': 2296, 'num_example': 2418}
2022-08-19 Friday 13:10:46:INFO: {'type': 'metric', 'label': 'validation_precision', 'epoch': 2, 'value': 0.9763365387916565, 'positive': 1114.0, 'total': 1141.0}
2022-08-19 Friday 13:10:46:INFO: {'type': 'metric', 'label': 'validation_recall', 'epoch': 2, 'value': 0.9214226603507996, 'positive': 1114.0, 'total': 1209.0}
2022-08-19 Friday 13:11:35:INFO: Epoch: 3
2022-08-19 Friday 13:11:35:INFO: LR: 0.001
2022-08-19 Friday 13:15:16:INFO: {'type': 'metric', 'label': 'training_loss', 'epoch': 3, 'value': 0.06072328249016282, 'sum': 7200.4453911185265, 'num_example': 118578}
2022-08-19 Friday 13:15:16:INFO: {'type': 'metric', 'label': 'training_dist_target', 'value': (0.03203210173304708, 0.03208819220565475), 'epoch': 3}
2022-08-19 Friday 13:15:16:INFO: {'type': 'metric', 'label': 'training_acc', 'epoch': 3, 'value': 0.9792541618175378, 'num_correct': 116118, 'num_example': 118578}
2022-08-19 Friday 13:15:16:INFO: {'type': 'metric', 'label': 'training_precision', 'epoch': 3, 'value': 0.9802098870277405, 'positive': 58000.0, 'total': 59171.0}
2022-08-19 Friday 13:15:16:INFO: {'type': 'metric', 'label': 'training_recall', 'epoch': 3, 'value': 0.9782590270042419, 'positive': 58000.0, 'total': 59289.0}
2022-08-19 Friday 13:15:17:INFO: {'type': 'metric', 'label': 'validation_loss', 'epoch': 3, 'value': 0.14126665288439164, 'sum': 341.582766674459, 'num_example': 2418}
2022-08-19 Friday 13:15:17:INFO: {'type': 'metric', 'label': 'validation_dist_target', 'value': (0.042457877455712154, 0.07117437448651462), 'epoch': 3}
2022-08-19 Friday 13:15:17:INFO: {'type': 'metric', 'label': 'validation_acc', 'epoch': 3, 'value': 0.9549214226633581, 'num_correct': 2309, 'num_example': 2418}
2022-08-19 Friday 13:15:17:INFO: {'type': 'metric', 'label': 'validation_precision', 'epoch': 3, 'value': 0.9684838056564331, 'positive': 1137.0, 'total': 1174.0}
2022-08-19 Friday 13:15:17:INFO: {'type': 'metric', 'label': 'validation_recall', 'epoch': 3, 'value': 0.940446674823761, 'positive': 1137.0, 'total': 1209.0}
2022-08-19 Friday 13:16:09:INFO: Epoch: 4
2022-08-19 Friday 13:16:09:INFO: LR: 0.001
2022-08-19 Friday 13:19:50:INFO: {'type': 'metric', 'label': 'training_loss', 'epoch': 4, 'value': 0.051720485357368895, 'sum': 6132.911712706089, 'num_example': 118578}
2022-08-19 Friday 13:19:50:INFO: {'type': 'metric', 'label': 'training_dist_target', 'value': (0.027437879672412634, 0.027188045681895187), 'epoch': 4}
2022-08-19 Friday 13:19:50:INFO: {'type': 'metric', 'label': 'training_acc', 'epoch': 4, 'value': 0.9827033682470611, 'num_correct': 116527, 'num_example': 118578}
2022-08-19 Friday 13:19:50:INFO: {'type': 'metric', 'label': 'training_precision', 'epoch': 4, 'value': 0.9822722673416138, 'positive': 58290.0, 'total': 59342.0}
2022-08-19 Friday 13:19:50:INFO: {'type': 'metric', 'label': 'training_recall', 'epoch': 4, 'value': 0.9831503033638, 'positive': 58290.0, 'total': 59289.0}
2022-08-19 Friday 13:19:51:INFO: {'type': 'metric', 'label': 'validation_loss', 'epoch': 4, 'value': 0.20991332427197196, 'sum': 507.5704180896282, 'num_example': 2418}
2022-08-19 Friday 13:19:51:INFO: {'type': 'metric', 'label': 'validation_dist_target', 'value': (0.01745528490509841, 0.13887943365635017), 'epoch': 4}
2022-08-19 Friday 13:19:51:INFO: {'type': 'metric', 'label': 'validation_acc', 'epoch': 4, 'value': 0.9346567411083541, 'num_correct': 2260, 'num_example': 2418}
2022-08-19 Friday 13:19:51:INFO: {'type': 'metric', 'label': 'validation_precision', 'epoch': 4, 'value': 0.9915809035301208, 'positive': 1060.0, 'total': 1069.0}
2022-08-19 Friday 13:19:51:INFO: {'type': 'metric', 'label': 'validation_recall', 'epoch': 4, 'value': 0.8767576217651367, 'positive': 1060.0, 'total': 1209.0}
2022-08-19 Friday 13:20:39:INFO: Epoch: 5
2022-08-19 Friday 13:20:39:INFO: LR: 0.001
2022-08-19 Friday 13:24:19:INFO: {'type': 'metric', 'label': 'training_loss', 'epoch': 5, 'value': 0.04199350846983065, 'sum': 4979.506247335579, 'num_example': 118578}
2022-08-19 Friday 13:24:19:INFO: {'type': 'metric', 'label': 'training_dist_target', 'value': (0.02214040534026399, 0.022410999134364642), 'epoch': 5}
2022-08-19 Friday 13:24:19:INFO: {'type': 'metric', 'label': 'training_acc', 'epoch': 5, 'value': 0.9856465786233534, 'num_correct': 116876, 'num_example': 118578}
2022-08-19 Friday 13:24:19:INFO: {'type': 'metric', 'label': 'training_precision', 'epoch': 5, 'value': 0.9848941564559937, 'positive': 58484.0, 'total': 59381.0}
2022-08-19 Friday 13:24:19:INFO: {'type': 'metric', 'label': 'training_recall', 'epoch': 5, 'value': 0.9864224195480347, 'positive': 58484.0, 'total': 59289.0}
2022-08-19 Friday 13:24:19:INFO: {'type': 'metric', 'label': 'validation_loss', 'epoch': 5, 'value': 0.24506497708502833, 'sum': 592.5671145915985, 'num_example': 2418}
2022-08-19 Friday 13:24:19:INFO: {'type': 'metric', 'label': 'validation_dist_target', 'value': (0.018402783854920772, 0.1161865221754), 'epoch': 5}
2022-08-19 Friday 13:24:19:INFO: {'type': 'metric', 'label': 'validation_acc', 'epoch': 5, 'value': 0.9387923904052936, 'num_correct': 2270, 'num_example': 2418}
2022-08-19 Friday 13:24:19:INFO: {'type': 'metric', 'label': 'validation_precision', 'epoch': 5, 'value': 0.986251175403595, 'positive': 1076.0, 'total': 1091.0}
2022-08-19 Friday 13:24:19:INFO: {'type': 'metric', 'label': 'validation_recall', 'epoch': 5, 'value': 0.8899917006492615, 'positive': 1076.0, 'total': 1209.0}
2022-08-19 Friday 13:26:24:INFO: Epoch: 6
2022-08-19 Friday 13:26:24:INFO: LR: 0.001
2022-08-19 Friday 13:30:07:INFO: {'type': 'metric', 'label': 'training_loss', 'epoch': 6, 'value': 0.05916675508375303, 'sum': 7015.875484321266, 'num_example': 118578}
2022-08-19 Friday 13:30:07:INFO: {'type': 'metric', 'label': 'training_dist_target', 'value': (0.03159231884757917, 0.03160529014189165), 'epoch': 6}
2022-08-19 Friday 13:30:07:INFO: {'type': 'metric', 'label': 'training_acc', 'epoch': 6, 'value': 0.9795155931117071, 'num_correct': 116149, 'num_example': 118578}
2022-08-19 Friday 13:30:07:INFO: {'type': 'metric', 'label': 'training_precision', 'epoch': 6, 'value': 0.9775261878967285, 'positive': 58198.0, 'total': 59536.0}
2022-08-19 Friday 13:30:07:INFO: {'type': 'metric', 'label': 'training_recall', 'epoch': 6, 'value': 0.9815986156463623, 'positive': 58198.0, 'total': 59289.0}
2022-08-19 Friday 13:30:08:INFO: {'type': 'metric', 'label': 'validation_loss', 'epoch': 6, 'value': 0.4159338505333174, 'sum': 1005.7280505895615, 'num_example': 2418}
2022-08-19 Friday 13:30:08:INFO: {'type': 'metric', 'label': 'validation_dist_target', 'value': (0.004221434027843972, 0.20451468017300464), 'epoch': 6}
2022-08-19 Friday 13:30:08:INFO: {'type': 'metric', 'label': 'validation_acc', 'epoch': 6, 'value': 0.9048800661703887, 'num_correct': 2188, 'num_example': 2418}
2022-08-19 Friday 13:30:08:INFO: {'type': 'metric', 'label': 'validation_precision', 'epoch': 6, 'value': 0.9969543218612671, 'positive': 982.0, 'total': 985.0}
2022-08-19 Friday 13:30:08:INFO: {'type': 'metric', 'label': 'validation_recall', 'epoch': 6, 'value': 0.8122414946556091, 'positive': 982.0, 'total': 1209.0}
2022-08-19 Friday 13:33:38:INFO: Epoch: 7
2022-08-19 Friday 13:33:38:INFO: LR: 0.001
2022-08-19 Friday 13:37:13:INFO: {'type': 'metric', 'label': 'training_loss', 'epoch': 7, 'value': 0.06769695595187292, 'sum': 8027.3696428611875, 'num_example': 118578}
2022-08-19 Friday 13:37:13:INFO: {'type': 'metric', 'label': 'training_dist_target', 'value': (0.036794726523762054, 0.0371427566964663), 'epoch': 7}
2022-08-19 Friday 13:37:13:INFO: {'type': 'metric', 'label': 'training_acc', 'epoch': 7, 'value': 0.9759145878662147, 'num_correct': 115722, 'num_example': 118578}
2022-08-19 Friday 13:37:13:INFO: {'type': 'metric', 'label': 'training_precision', 'epoch': 7, 'value': 0.9727886319160461, 'positive': 58057.0, 'total': 59681.0}
2022-08-19 Friday 13:37:13:INFO: {'type': 'metric', 'label': 'training_recall', 'epoch': 7, 'value': 0.979220449924469, 'positive': 58057.0, 'total': 59289.0}
2022-08-19 Friday 13:37:14:INFO: {'type': 'metric', 'label': 'validation_loss', 'epoch': 7, 'value': 0.37724573470226885, 'sum': 912.1801865100861, 'num_example': 2418}
2022-08-19 Friday 13:37:14:INFO: {'type': 'metric', 'label': 'validation_dist_target', 'value': (0.007379106092640346, 0.1825787833744677), 'epoch': 7}
2022-08-19 Friday 13:37:14:INFO: {'type': 'metric', 'label': 'validation_acc', 'epoch': 7, 'value': 0.9160463192721258, 'num_correct': 2215, 'num_example': 2418}
2022-08-19 Friday 13:37:14:INFO: {'type': 'metric', 'label': 'validation_precision', 'epoch': 7, 'value': 0.9921721816062927, 'positive': 1014.0, 'total': 1022.0}
2022-08-19 Friday 13:37:14:INFO: {'type': 'metric', 'label': 'validation_recall', 'epoch': 7, 'value': 0.8387096524238586, 'positive': 1014.0, 'total': 1209.0}
2022-08-19 Friday 13:40:51:INFO: Epoch: 8
2022-08-19 Friday 13:40:51:INFO: LR: 0.001
2022-08-19 Friday 13:44:28:INFO: {'type': 'metric', 'label': 'training_loss', 'epoch': 8, 'value': 0.05566418518394005, 'sum': 6600.547750741243, 'num_example': 118578}
2022-08-19 Friday 13:44:28:INFO: {'type': 'metric', 'label': 'training_dist_target', 'value': (0.029925298560304864, 0.03024295840265538), 'epoch': 8}
2022-08-19 Friday 13:44:28:INFO: {'type': 'metric', 'label': 'training_acc', 'epoch': 8, 'value': 0.9805191519506148, 'num_correct': 116268, 'num_example': 118578}
2022-08-19 Friday 13:44:28:INFO: {'type': 'metric', 'label': 'training_precision', 'epoch': 8, 'value': 0.9772830009460449, 'positive': 58335.0, 'total': 59691.0}
2022-08-19 Friday 13:44:28:INFO: {'type': 'metric', 'label': 'training_recall', 'epoch': 8, 'value': 0.9839093089103699, 'positive': 58335.0, 'total': 59289.0}
2022-08-19 Friday 13:44:29:INFO: {'type': 'metric', 'label': 'validation_loss', 'epoch': 8, 'value': 0.5291984264667218, 'sum': 1279.6017951965332, 'num_example': 2418}
2022-08-19 Friday 13:44:29:INFO: {'type': 'metric', 'label': 'validation_dist_target', 'value': (0.0029067887044130426, 0.2138447047660329), 'epoch': 8}
2022-08-19 Friday 13:44:29:INFO: {'type': 'metric', 'label': 'validation_acc', 'epoch': 8, 'value': 0.902812241521919, 'num_correct': 2183, 'num_example': 2418}
2022-08-19 Friday 13:44:29:INFO: {'type': 'metric', 'label': 'validation_precision', 'epoch': 8, 'value': 0.9969387650489807, 'positive': 977.0, 'total': 980.0}
2022-08-19 Friday 13:44:29:INFO: {'type': 'metric', 'label': 'validation_recall', 'epoch': 8, 'value': 0.8081058859825134, 'positive': 977.0, 'total': 1209.0}
2022-08-19 Friday 13:50:35:INFO: Epoch: 9
2022-08-19 Friday 13:50:35:INFO: LR: 0.001
2022-08-19 Friday 13:52:33:INFO: {'type': 'metric', 'label': 'training_loss', 'epoch': 9, 'value': 0.09275517771010845, 'sum': 5886.058067128062, 'num_example': 63458}
2022-08-19 Friday 13:52:33:INFO: {'type': 'metric', 'label': 'training_dist_target', 'value': (0.05210868319620791, 0.05250329563516941), 'epoch': 9}
2022-08-19 Friday 13:52:33:INFO: {'type': 'metric', 'label': 'training_acc', 'epoch': 9, 'value': 0.9653786756594913, 'num_correct': 61261, 'num_example': 63458}
2022-08-19 Friday 13:52:33:INFO: {'type': 'metric', 'label': 'training_precision', 'epoch': 9, 'value': 0.9596276879310608, 'positive': 30829.0, 'total': 32126.0}
2022-08-19 Friday 13:52:33:INFO: {'type': 'metric', 'label': 'training_recall', 'epoch': 9, 'value': 0.9716348052024841, 'positive': 30829.0, 'total': 31729.0}
2022-08-19 Friday 13:52:34:INFO: {'type': 'metric', 'label': 'validation_loss', 'epoch': 9, 'value': 0.6117805645818845, 'sum': 1479.2854051589966, 'num_example': 2418}
2022-08-19 Friday 13:52:34:INFO: {'type': 'metric', 'label': 'validation_dist_target', 'value': (0.003150388438984863, 0.22030023270347476), 'epoch': 9}
2022-08-19 Friday 13:52:34:INFO: {'type': 'metric', 'label': 'validation_acc', 'epoch': 9, 'value': 0.8999172870140613, 'num_correct': 2176, 'num_example': 2418}
2022-08-19 Friday 13:52:34:INFO: {'type': 'metric', 'label': 'validation_precision', 'epoch': 9, 'value': 0.9958974123001099, 'positive': 971.0, 'total': 975.0}
2022-08-19 Friday 13:52:34:INFO: {'type': 'metric', 'label': 'validation_recall', 'epoch': 9, 'value': 0.8031430840492249, 'positive': 971.0, 'total': 1209.0}
2022-08-19 Friday 13:58:47:INFO: Epoch: 10
2022-08-19 Friday 13:58:47:INFO: LR: 0.001
2022-08-19 Friday 14:00:08:INFO: {'type': 'metric', 'label': 'training_loss', 'epoch': 10, 'value': 0.10029678990854429, 'sum': 4316.372650504112, 'num_example': 43036}
2022-08-19 Friday 14:00:08:INFO: {'type': 'metric', 'label': 'training_dist_target', 'value': (0.056092677085148555, 0.05616863155987684), 'epoch': 10}
2022-08-19 Friday 14:00:08:INFO: {'type': 'metric', 'label': 'training_acc', 'epoch': 10, 'value': 0.9626591690677573, 'num_correct': 41429, 'num_example': 43036}
2022-08-19 Friday 14:00:08:INFO: {'type': 'metric', 'label': 'training_precision', 'epoch': 10, 'value': 0.9565696120262146, 'positive': 20858.0, 'total': 21805.0}
2022-08-19 Friday 14:00:08:INFO: {'type': 'metric', 'label': 'training_recall', 'epoch': 10, 'value': 0.969327986240387, 'positive': 20858.0, 'total': 21518.0}
2022-08-19 Friday 14:00:09:INFO: {'type': 'metric', 'label': 'validation_loss', 'epoch': 10, 'value': 0.6483089793211572, 'sum': 1567.611111998558, 'num_example': 2418}
2022-08-19 Friday 14:00:09:INFO: {'type': 'metric', 'label': 'validation_dist_target', 'value': (0.0027642894899850053, 0.23333766107425105), 'epoch': 10}
2022-08-19 Friday 14:00:09:INFO: {'type': 'metric', 'label': 'validation_acc', 'epoch': 10, 'value': 0.8928866832092639, 'num_correct': 2159, 'num_example': 2418}
2022-08-19 Friday 14:00:09:INFO: {'type': 'metric', 'label': 'validation_precision', 'epoch': 10, 'value': 0.9968619346618652, 'positive': 953.0, 'total': 956.0}
2022-08-19 Friday 14:00:09:INFO: {'type': 'metric', 'label': 'validation_recall', 'epoch': 10, 'value': 0.7882547378540039, 'positive': 953.0, 'total': 1209.0}
2022-08-19 Friday 14:06:20:INFO: Epoch: 11
2022-08-19 Friday 14:06:20:INFO: LR: 0.001
2022-08-19 Friday 14:07:27:INFO: {'type': 'metric', 'label': 'training_loss', 'epoch': 11, 'value': 0.1032282469547803, 'sum': 3740.1658436656, 'num_example': 36232}
2022-08-19 Friday 14:07:27:INFO: {'type': 'metric', 'label': 'training_dist_target', 'value': (0.05758100941523887, 0.05740490149756777), 'epoch': 11}
2022-08-19 Friday 14:07:27:INFO: {'type': 'metric', 'label': 'training_acc', 'epoch': 11, 'value': 0.9621329211746522, 'num_correct': 34860, 'num_example': 36232}
2022-08-19 Friday 14:07:27:INFO: {'type': 'metric', 'label': 'training_precision', 'epoch': 11, 'value': 0.9561403393745422, 'positive': 17549.0, 'total': 18354.0}
2022-08-19 Friday 14:07:27:INFO: {'type': 'metric', 'label': 'training_recall', 'epoch': 11, 'value': 0.9687017202377319, 'positive': 17549.0, 'total': 18116.0}
2022-08-19 Friday 14:07:28:INFO: {'type': 'metric', 'label': 'validation_loss', 'epoch': 11, 'value': 0.7468199047596619, 'sum': 1805.8105297088623, 'num_example': 2418}
2022-08-19 Friday 14:07:28:INFO: {'type': 'metric', 'label': 'validation_dist_target', 'value': (0.0018803113568851507, 0.29324999242108946), 'epoch': 11}
2022-08-19 Friday 14:07:28:INFO: {'type': 'metric', 'label': 'validation_acc', 'epoch': 11, 'value': 0.8614557485525227, 'num_correct': 2083, 'num_example': 2418}
2022-08-19 Friday 14:07:28:INFO: {'type': 'metric', 'label': 'validation_precision', 'epoch': 11, 'value': 0.9977220892906189, 'positive': 876.0, 'total': 878.0}
2022-08-19 Friday 14:07:28:INFO: {'type': 'metric', 'label': 'validation_recall', 'epoch': 11, 'value': 0.7245657444000244, 'positive': 876.0, 'total': 1209.0}
2022-08-19 Friday 14:13:46:INFO: Epoch: 12
2022-08-19 Friday 14:13:46:INFO: LR: 0.001
2022-08-19 Friday 14:14:53:INFO: {'type': 'metric', 'label': 'training_loss', 'epoch': 12, 'value': 0.10082162971563899, 'sum': 3629.7803130224347, 'num_example': 36002}
2022-08-19 Friday 14:14:53:INFO: {'type': 'metric', 'label': 'training_dist_target', 'value': (0.05673915334863336, 0.05649355153071669), 'epoch': 12}
2022-08-19 Friday 14:14:53:INFO: {'type': 'metric', 'label': 'training_acc', 'epoch': 12, 'value': 0.9618632298205655, 'num_correct': 34629, 'num_example': 36002}
2022-08-19 Friday 14:14:53:INFO: {'type': 'metric', 'label': 'training_precision', 'epoch': 12, 'value': 0.9576681852340698, 'positive': 17397.0, 'total': 18166.0}
2022-08-19 Friday 14:14:53:INFO: {'type': 'metric', 'label': 'training_recall', 'epoch': 12, 'value': 0.9664462804794312, 'positive': 17397.0, 'total': 18001.0}
2022-08-19 Friday 14:14:54:INFO: {'type': 'metric', 'label': 'validation_loss', 'epoch': 12, 'value': 0.7610717528215413, 'sum': 1840.2714983224869, 'num_example': 2418}
2022-08-19 Friday 14:14:54:INFO: {'type': 'metric', 'label': 'validation_dist_target', 'value': (0.0011972615439860756, 0.3139334450683089), 'epoch': 12}
2022-08-19 Friday 14:14:54:INFO: {'type': 'metric', 'label': 'validation_acc', 'epoch': 12, 'value': 0.8564929693961952, 'num_correct': 2071, 'num_example': 2418}
2022-08-19 Friday 14:14:54:INFO: {'type': 'metric', 'label': 'validation_precision', 'epoch': 12, 'value': 1.0, 'positive': 862.0, 'total': 862.0}
2022-08-19 Friday 14:14:54:INFO: {'type': 'metric', 'label': 'validation_recall', 'epoch': 12, 'value': 0.7129859328269958, 'positive': 862.0, 'total': 1209.0}
2022-08-19 Friday 14:14:54:INFO: Calculating recall rate: sun2011
2022-08-19 Friday 16:08:23:INFO: RR calculation - 500 duplicate reports were processed
2022-08-19 Friday 17:54:06:INFO: RR calculation - 1000 duplicate reports were processed
2022-08-19 Friday 19:43:35:INFO: RR calculation - 1500 duplicate reports were processed
2022-08-19 Friday 21:33:21:INFO: RR calculation - 2000 duplicate reports were processed
2022-08-19 Friday 23:18:13:INFO: RR calculation - 2500 duplicate reports were processed
2022-08-20 Saturday 01:04:34:INFO: RR calculation - 3000 duplicate reports were processed
2022-08-20 Saturday 02:49:31:INFO: RR calculation - 3500 duplicate reports were processed
2022-08-20 Saturday 04:38:42:INFO: RR calculation - 4000 duplicate reports were processed
2022-08-20 Saturday 06:23:19:INFO: RR calculation - 4500 duplicate reports were processed
2022-08-20 Saturday 08:03:52:INFO: RR calculation - 5000 duplicate reports were processed
2022-08-20 Saturday 09:40:18:INFO: RR calculation - 5500 duplicate reports were processed
2022-08-20 Saturday 11:14:51:INFO: RR calculation - 6000 duplicate reports were processed
2022-08-20 Saturday 12:03:13:INFO: [] Throughput: 0.07935437015020795 bugs per second (bugs=6229 ,seconds=78495.9919435978)
2022-08-20 Saturday 12:03:13:INFO: {'type': 'metric', 'label': 'recall_rate', 'k': 1, 'rate': 0.3612136779579387, 'hit': 2250, 'total': 6229, 'epoch': 0}
2022-08-20 Saturday 12:03:13:INFO: {'type': 'metric', 'label': 'recall_rate', 'k': 2, 'rate': 0.44758388184299247, 'hit': 2788, 'total': 6229, 'epoch': 0}
2022-08-20 Saturday 12:03:13:INFO: {'type': 'metric', 'label': 'recall_rate', 'k': 3, 'rate': 0.49783271793225237, 'hit': 3101, 'total': 6229, 'epoch': 0}
2022-08-20 Saturday 12:03:13:INFO: {'type': 'metric', 'label': 'recall_rate', 'k': 4, 'rate': 0.5320276127789372, 'hit': 3314, 'total': 6229, 'epoch': 0}
2022-08-20 Saturday 12:03:13:INFO: {'type': 'metric', 'label': 'recall_rate', 'k': 5, 'rate': 0.5543425911061165, 'hit': 3453, 'total': 6229, 'epoch': 0}
2022-08-20 Saturday 12:03:13:INFO: {'type': 'metric', 'label': 'recall_rate', 'k': 6, 'rate': 0.5708781505859688, 'hit': 3556, 'total': 6229, 'epoch': 0}
2022-08-20 Saturday 12:03:13:INFO: {'type': 'metric', 'label': 'recall_rate', 'k': 7, 'rate': 0.5850056188794349, 'hit': 3644, 'total': 6229, 'epoch': 0}
2022-08-20 Saturday 12:03:13:INFO: {'type': 'metric', 'label': 'recall_rate', 'k': 8, 'rate': 0.6000963236474555, 'hit': 3738, 'total': 6229, 'epoch': 0}
2022-08-20 Saturday 12:03:13:INFO: {'type': 'metric', 'label': 'recall_rate', 'k': 9, 'rate': 0.6148659495906245, 'hit': 3830, 'total': 6229, 'epoch': 0}
2022-08-20 Saturday 12:03:13:INFO: {'type': 'metric', 'label': 'recall_rate', 'k': 10, 'rate': 0.6253010113982983, 'hit': 3895, 'total': 6229, 'epoch': 0}
2022-08-20 Saturday 12:03:13:INFO: {'type': 'metric', 'label': 'recall_rate', 'k': 11, 'rate': 0.635093915556269, 'hit': 3956, 'total': 6229, 'epoch': 0}
2022-08-20 Saturday 12:03:13:INFO: {'type': 'metric', 'label': 'recall_rate', 'k': 12, 'rate': 0.6452078985390913, 'hit': 4019, 'total': 6229, 'epoch': 0}
2022-08-20 Saturday 12:03:13:INFO: {'type': 'metric', 'label': 'recall_rate', 'k': 13, 'rate': 0.6537164873976561, 'hit': 4072, 'total': 6229, 'epoch': 0}
2022-08-20 Saturday 12:03:13:INFO: {'type': 'metric', 'label': 'recall_rate', 'k': 14, 'rate': 0.6602986033071119, 'hit': 4113, 'total': 6229, 'epoch': 0}
2022-08-20 Saturday 12:03:13:INFO: {'type': 'metric', 'label': 'recall_rate', 'k': 15, 'rate': 0.6681650345159736, 'hit': 4162, 'total': 6229, 'epoch': 0}
2022-08-20 Saturday 12:03:13:INFO: {'type': 'metric', 'label': 'recall_rate', 'k': 16, 'rate': 0.6736233745384492, 'hit': 4196, 'total': 6229, 'epoch': 0}
2022-08-20 Saturday 12:03:13:INFO: {'type': 'metric', 'label': 'recall_rate', 'k': 17, 'rate': 0.6787606357360733, 'hit': 4228, 'total': 6229, 'epoch': 0}
2022-08-20 Saturday 12:03:13:INFO: {'type': 'metric', 'label': 'recall_rate', 'k': 18, 'rate': 0.6835768181088457, 'hit': 4258, 'total': 6229, 'epoch': 0}
2022-08-20 Saturday 12:03:13:INFO: {'type': 'metric', 'label': 'recall_rate', 'k': 19, 'rate': 0.6880719216567668, 'hit': 4286, 'total': 6229, 'epoch': 0}
2022-08-20 Saturday 12:03:13:INFO: {'type': 'metric', 'label': 'recall_rate', 'k': 20, 'rate': 0.6914432493177075, 'hit': 4307, 'total': 6229, 'epoch': 0}
2022-08-20 Saturday 12:03:13:INFO: {'type': 'metric', 'label': 'MAP', 'value': 0.4513277542123146, 'sum': 2811.3205809885076, 'total': 6229, 'epoch': 0}
2022-08-20 Saturday 12:03:13:INFO: [3, 60, 2, 54, 2, 1, 2, 1, 1, 8, 3, 1, 25, 1, 2, 2, 1, 7, inf, 1, 1, 13578, 1, 3, 53, 3, 167, 1, 262, 187, 1, 8, 1, 3, inf, 12, 1, inf, 1, 1, 1, 1, 1, 18, 3, 1, 5, 1, 4, 2, 1, 11, 1597, 1, 2, 5, 1, 1, 23, 1, 100, 1, 169, inf, 1, 1, inf, 11, 123, 20, 1, 32, 5148, 5, 89, 7, 53, 4, 3, 1, 5, 3, 10, 1, 23, 1, 1, 3, 90, 1212, 3, 1, 15, 5, 273, 2, 4, 1, 1, 1065, 1, 82, 1017, 339, 92, 1, 3, 1, 1535, 55, 1, 460, 188, inf, 1, 1, 4, 3, 1, 1, 1, 1, 135, 1, 1, 1, 1, 1, 32, 1, 3, 1, 17, 54, 87, 1, 10, 1, 3, 1, 2, 4, 2052, 23, 24, 2, 3, 33, 1, inf, inf, 536, 4, 9, 432, 13, 667, 1, 7077, 16, 1, 8, 1, 47, 3, 1, 39, 132, 9, 3, 1, 8, 1, 1, inf, 1, 8, 1, 10, 143, 1, 1, 2, 10, 2, 1071, 56, 1, 1, 1, 16, 68, 15, 1, 99, 4, 2, 4, 5, 1903, 1, 4, 3, 35, 97, 1, 4, 3, 1, 8, 4, 1, 1, 4, inf, 4, 8, 41460, 3, 7, 1, 4, 487, 1, 1, 2, 1, 1, 2, 359, 1, inf, 1, 4, 1, 1, 6, 356, inf, 2, 1, 1, 1, 1189, 126, 1, 2, 57, 2, 1, 1, 265, 1, 1, 1, 1, inf, 9, inf, 1, inf, 9, 59, 1, 1, 1, 150, 1, inf, 134, 12, 5, 5, 1, 1, 141, 8, 3, 124, 1, 28, 1, 1, 3, 3, 5, 1, 2, 2, 1, 19, 4, 24, 99, 2338, 205, 1, 77, 1, 10830, 13, 1, 2, 1, 3, 11, 109, 1, 1, 5, 46, 119, 6, 1, 585, 1, 1, 1, 1, 1, 1, 1, 12, 1, 1, 55, 13, 542, 12, 13, 58, 1, 2, 4, 2460, 2, 1, 19, 1, 8, 4, 4, 3, 11, 11, 2, 1, inf, 6189, 1, 5083, 1, 1, 19, 1, 1, 63, 88, 1, 1, 7, 17, 13, 1, 6649, 12, 2, 33, 15, 8, 1, 1, 1, 1, 1, 9, 1, 2, 9, 110, 1, 1, 1, 1, 67, 2, 13962, 1, 493, 3, 5472, 37, 3, 1, 107, 10, 12, 1, inf, 4, 1, 2, 1, 175, 6, 584, 1, 2, 1, 1, 385, inf, 3, 1369, 2, 6, 74, 1, 39, 1, 975, 50, 1, 1, 1, 1, 1, 1, 1, 8, 4, 1, 29, 14, 55, 1, 1, 2, 15, 1, 388, 1, 115, 26, 36, 132, 9, 1, 749, 1, 2, 555, 1, 2, 1, 6, 1, 1773, 1, 4, 1, 11, 15, 42, 1, 2293, 1, 186, 1, 3199, 1, 52142, 1, 2, inf, 1, 1, inf, 11, 1, 1, 116, 1, 4, 3, 18, 25, 1, 1, 3, 11691, 1, 180, 1, 3, 1, 29, 6, 1, 716, 689, 2, 1, 278, 4, 188, 1, 1, 4, 1, 4, 4, 82, 2, 3, inf, 9, 1, 6, 1, 99, 9, 3, inf, 1, 1, 21, 2, 1, 1, 1, 1, 10, 2, 9, 245, 9, 4, 3, 787, 1, 1, 56, 15, 12, 6, 180, 339, 1, 1, inf, 30, 1, 1, 2, 44585, 3, 2, 1, 4657, 1, 4, 1, 790, 1, 5, 261, 1, 4, 2, 217, 1, 1, 5, 3, 1, inf, 922, 20, 4, 1, inf, inf, 22, 347, 21, 7, 1, 5, 34, 1, inf, inf, 1, 1, 1, 1, 73, 1, 1695, 1, 1, 2, 54, 4, 9, 1, 8, 1, 1423, 23, 1, 1587, 3, 1, 2, 21, 20, 9, 1, 2, 9, 1, 1, 1, 36, 82, 1, 71, inf, 1, 1, 70, 1, 40, 9, inf, 11, 1, 1, 1, 1, inf, 1, 20, inf, 1, 127, 2730, 10, 1, 15, inf, inf, 738, 1, 37, 14, 1, 1, 1, 5, 1, 3, 410, 3, 8, 1, 2, 2, 12, 845, 82, 58, 5, 1, inf, 1, inf, 1, 462, 71, 1881, 1, 3, 7, 165, 1, 1, 20, 1, 436, 7, 14, 1, 1, 1, 27, 57, 76, 1, 1, 13906, 2, 26, 42, 1, 2, 14783, 6, 1, 2367, 137, 6, 6, 153, 1, 37, 3, 79, 2, 21, 2, 1, 2, 309, 1, 29, 2, 13, 154, 1, 1557, 3945, 54, 44927, 1, 1, 228, 70, 438, inf, 16, 23, 131, 1, inf, 1, 23, 1, 1, 907, 1, 1, 1, 2, 14, 12, 1, inf, inf, 90, 6, 2, 9, 3, 1, 558, 3, 21, 1, 39, 133, 545, 12, 49, 34, 1, inf, 2, 1, 15, 5841, 1, 3, 5, 1, 2, 7, 1, inf, 7, 1, 26, 1349, 162, 7, 2, 10, 1, 4, 3, 3, 1, 7, 695, 3, 1246, 1, 1, 1, 1, 75, 2, 1, 12, 912, 33, 3, 4, 120, 1, 20019, 4, inf, 1387, 6, 1, 5, 6336, 1, 351, 1, 138, 1, inf, 1, 22, 617, 189, 93, 957, 23, 926, 3, 1, 1, 2, 1, 25, 33, 7, 134, 1, 4, 11, 36, 8081, 5, 25, 4, 1, 1, 1, 2562, 636, 477, 447, 166, 20, 1, 2, 2, 2, 1, inf, 1, 1, 31, 1, 12, 1, 2, 2, 2, 1, 1, 29, 1448, 467, 1, 573, 19, 2, 1, 1, 98, 13, 2, inf, 1, 2, 1, 1, inf, 3271, 6, 3408, 3, 19, 4, 256, 2, 726, 21, inf, 1, 1177, 44, 1226, 1, 1, 2, 9, 2, 1, 1, 4, 1, 468, 6, 1603, 86, 79, 3, 189, 1617, 7, 15, 8, 1, 1, 19, inf, 3, 1, 1, 17, 9, 3, 8, inf, 9, 1, 19, 1253, 1, 1, inf, 35, 1, 1, 1, 74, 3, 1, 7, 389, 1, 106, 52, 1, inf, 2, 1, 16, 2, 6, 2, 4, 9991, 7, 2, 1, 2, 2, inf, 29, 14, 400, 1, 71, 1, inf, 17, 8, 1, 5, 40, 13, 3, 1, 1, 44, 2658, 1, 1, 1, 1, 56, 1, 1, 3, 4, 3, 1, 1, 2, 1, 48, 24, 17143, 1, 1, 1664, 9, 1, 2, inf, 295, 21, 1, inf, 1, inf, 1, 1, 1, 1, 2, 2, inf, 58, inf, 3, 1, 1, 28, 1, 10, 1, 610, 6, 8, 1, 2, 42, 2, 68, 1, 376, 1, 1, 7, 2, 2, 1, 559, 1, 1, 1, 616, 76, 2, 2098, 1, inf, inf, 2, 2, inf, 3, 1, 25, 1, 5, 1, 1, 54, inf, 1, 1, 6, 17, 1, 4, 812, 18, 1, 2, 23, 280, 2, 18, 94, inf, 1, 4, 26, 5, 1, 1, inf, 135, 1, 1, 1236, inf, 96, 1, 1, 2, 68, 2040, 11, 204, 7, inf, 2, 8, inf, 616, 115, 69, 43187, 40, 1, 6, 35, 73, 1, 10, 1855, 1, 1, 1, 2, inf, 6, 1, 2, 14, 1, 3, 2, 3455, 1, 283, 3, 1, 2, 6708, 12, 1, inf, 5, 1066, 2, 2, inf, inf, 5, 1, 1, 1, 1579, 1, 2, 28, 162, 1, 3, 7, 1, 1, 132, 1, 1, 1, 1, 1, 1, 3, 136, 191, 67, 62, 2, 1, 1, 70, 1, 1, 1, 1, 1, 45, 3, 11, 1, 1, 398, 1, 1, 12, 1, 2, 175, 5, 9, 1, 8, 4, 1, 7, 3, 1, 11, 121, 1, 3, 1, 91, 21, 1, 2, inf, 1, 251, 1, 4539, 1, 4, 1, 1, 1, 291, 2, 11, 2, 10, 50, 9, 3, 2, 1, 1, 2008, 8, 516, 1, 8, 1, 1, 2094, 1, 1481, 3, 1, 1, 1, 1, 14, 2, 1, 4, 13, 3, 208, 3, 1, 1, 1, 1, 1, 1, 1, 1, 10, 8, 2, 64, 9, 1, 2, 334, 3, 150, 3, 1, 1, 2, 1, 91, 1, 1, 5929, 1, 3, 1, 5268, 13, 1, 2, 1, 1, 1, 1, 2, 1, 1, 4, 1, 1, 2, 1, 2, 1, 3, 1, 1125, 1, 15, 3, inf, 244, 1, 3, 1, 16, 6, 63, 2, 8, 2, 73, 1, 96, 1, 7975, 1, 2, 2, 173, 88, 1, 40, 1, 1, 10, 2, 1, 1, 167, inf, 19103, 600, 1, 3, 5, 56, 1, 2, 91, 2, 1, 1, 1, 1, 30, 1, 3, 1, inf, 7, 5, inf, 173, 2, 4, inf, 1, 1, 58, 1114, 9, 7, 142, 1, inf, 2, 5, 10544, 11, 1, 2, 8, 21, 2, 1, 70, 5, 1, 5, 4, 3, 2, 1, 1, 1, 52, 1, inf, inf, 5, 3, 655, 66, 1032, 1, 2547, 1, 1, 1, 2, 1, inf, 1, 2, 1, 11287, 1, 1, 27, 1, 1, 1, 1, 23, 17, 1, inf, 1, 9, 1, 2, 1, 1, 1, 1, 6, 5, inf, 174, 184, 48311, 97, 63, 4, 1, 1, 1, 1, 2, inf, 6, 1, inf, 1, 16, 255, 1, 16, 1, 29, 18, 71, 116, 1, 131, inf, 23, 2, 59, 2, 1, 3, 3, 1, inf, 1, 1, 42, inf, inf, 1, 1, 1, 79, 1, 1, 1, inf, 4, 5, 1, 150, 27033, 13, 1, 49, 1, 1, 1, 950, 1, 10, 232, 1, 1, 2, 202, 1, 39, 1, 264, 28, 30, 11, 1, 502, 3, 1, 1, 1, 1, 23883, 1, 1, 1, 1, 155, 1, 7, 8, 9, 66, 1, 1, 10, 33, 1, 1, 1, 1, 1, 1, 642, 1, 1, 1, 1, 1, 1, 1, 1, 1, 5, 1, 1463, 1, inf, 1, 1, 29, inf, 98, 685, 1, 76, 194, 99, 74, 1976, 19, 659, 1, 462, 5, 4501, 1, inf, 1, 334, 1, 1, 4, 1, 1, 1, 1, 1, 1, 1, 2, 1, 1, 3, 1, 15, 1, 1, 12, 10, 1, 1, 3399, 96, 4, 16, 1, 1, 1, 6525, 211, 1, 1, 2, 1, 1, 1, 3, 1, 9, 30, 1, 12, 25, 7, inf, 3, 4, 326, 2055, 17, 1, inf, inf, 27, 1, 13, inf, 1, 3, 1, 1, 27, 31, 10, 1, 167, 4181, 3, 4, inf, 11, 3, 11, 4, 49, 1, 1, 1145, 1, 1, 26, 12, 2, 3, 1, 146, 1, 12, 2, 1, 10, 23, 496, inf, 1, 21, 12, 1, 1, 9, 1, 321, 1, 61, 33, 8, 6, 36, 5, 1, inf, 1, 15, 37, 4, 7, 478, 58, 248, 1, 1, 1325, 8, 8, 10, 3, 1, 122, 1, 5, 161, 1, inf, 143, 1, 14, 1, 256, 21, 302, 378, 25, 1245, 35, 1, 12, 5, 9, 1, 1, 3, 1, 1, inf, 5, 1, 9, 1, 345, 111, 12, 4937, 5, 1, 1, 35, 1, 7, 3, 1, 12, 7, 7, 2, 1, 9, 2, inf, 1, 10, 1, 5, 1, 2, 393, 15, 3, 1, 7, 27, 63, 3, 3, 5, 1, 2, 1, 1, 1, 78, 3, 1, 80, 9683, 2, 26, 1, 1, 1, 2, 18, 1, 1, 1, 105, 2310, 71, 1, 4, 1, 2, 2, 114, 1, 1, 636, 11, 1, 26, 1, 2, 8727, 1, 1462, 74, 45, 1, 1, 1, 1, 31, 1, 703, 1, 10, 4, 5142, 2, 1, 1, 5, 474, 52, 1, 1, 5, 13, 1, 9, 32, 1, 2, inf, 1016, 16, 1, 1, 25636, 22, 1450, 5, 1129, 1, 1, 11, 1, 175, 11, 18, 67, 1, 1, 1, 2, 4, 1, 1, 5, 5, 1, 2730, 1, 1, 3, 1, 22, 1, 9, 1, 1, 1, 7, inf, 1, 8697, 45, 39, 177, 3, 5, 1, 19, 8, 2, 1022, 2, 1, 16, 5, inf, 1, 1, 34, 2, 2, 15, 1, 1, 2, 9, 1602, 1, 25, 1074, 31, 1, 1, 1, 8, 13, 1, 1, 3, 3, 21, 27, 2, 9, 1, 7274, 1, 2, 3, inf, 1, 28, 5, 6, 1, 3, 1, 1, 18, 2, 9, 643, 3, 1, 1, 1, 10, 42, 2, inf, 186, 9, 1, 1, 2, 1, 17, 3, 5, 1, 1, 2, 320, 18, 1, 8, 1, 1, 12, 2, 674, 5, 1376, 1, 1, 1606, 1, 1, 1, 3, 4, 1, 26, 12, inf, 341, 1, 218, 63, 7, 6, 12, 2, 4, inf, 8, 20, 2, inf, 2, 45, 585, 8, 8, 2, 1, 1, inf, 1, 4, 203, 314, 1, 1, 26, 4, 555, 1, 621, 1, 1, 2, 4, 2, 1, 2, 23, 1, 319, 85, 1, 15626, 1, 23, 131, 1, 2, 4, 17, 63, 1, 1, 1, 20, 1, 21, 2, 2, 119, 19, 1, 918, inf, 1, 1, 289, inf, 1, 10, 7, 4, 1, 2, 15, inf, 4, 1, 276, 1, inf, 2, 133, 16, 1, 2, 1, 123, 5, 3, 385, 43, 77, 44, inf, 3, 4, 2, 2, inf, 1, 9, 1, 20, 2269, 20, 1, 581, 23, 45, inf, inf, 651, 1, 11, 3, 1, 2340, 21, inf, 1, 11, 1, 1, 1, 2, 1, 24, 1, 72, 1, 1, 1, 1, 1, 2, 1, 1111, 39, 4, inf, 1, 1, 1, 7, inf, 1070, 1, 1, 93, inf, 1, 1, 1, 2, 1, 1, 651, 1, 1, 1, 1, 107, inf, 12, 1, 1, 22356, inf, 19, 6, 1, 37, 6, inf, 1, 699, 2, 1, 1, 37, 3, 17, 1, 1, 21, 145, 1, 23, 1, 1, 3, 45, 29, inf, inf, 69, 10, 64, 3, 1, 1, inf, 1, 1, 5044, 7, 1, 9, 2, 1, 822, 574, 1, 93, 1, 1, 1, 1, 2, 2, 7, 1, 9, 2893, 7, 1, 6, 16, 6, 1, 162, 2177, 1, 1, 2, 6, 12, 1, 2, 692, 1, 46, 136, 1, 2, inf, 2, 1, 2, 3, inf, inf, 1535, 21, 10, 2, 1, 831, 2, 99, 4, 1, 15, 3, 8, 1, 499, 3, 16748, 1, 1, 1, 1, 1, 1, inf, 1, 1, 2, 1, 1, 7, inf, 16, 1, 98, 40, 267, 11, 46, 1, 1, 1, 1, 19, 1, 2, 1, 2, 5, 1, inf, 1115, inf, 1, 1, 2, 5, 1, 1, 1, 8, 1, 1, 12, 1, inf, 1, 168, 4, 5, inf, 3, 12, inf, 48440, 1, 1, 51, 1, 1, 1, 1, 2, 10, 1, inf, 1, 2, 3, 1, inf, 2, 2, 33836, 1, inf, 1, 63, 1, 1, 1, 78, 2, inf, 1, 1, 1, 1, 193, inf, 2, inf, 48, 1, 143, 2, 174, 1, 1, 3, 5757, 3550, 732, 1, 1, 1, 404, 1, inf, 1, inf, 2, 7, 1, 1, 443, 1610, 1, inf, 17, 17, 1, 2, 308, 263, 1, 180, 6, 4, 2, 1, 1, 13, 1, 1, 1, 1, 1, 1, 1, 1, 29, 1, 1, 1, 1, 29, 4, inf, 2, 1, inf, inf, 2, 38, 35, 127, 1, 1, 1, 74, 1, 1, 1, 2, 4, 2, 1, 1, 1, inf, 896, 5, 11, 8, 7208, 3, 66, 1, 2, inf, 9, 26, 1, 1, 19, 4, 14, 1, 1, 1, 1, 1, 1, 28704, 1, 515, 744, 1, 7, 137, 2, 1, 1, 4, 37, inf, 2, 26967, 1, 1, inf, 9, 11, 329, 1, 1269, 1, 7, 7, 1, 1, 4, 2, 2, 2, 1, 3527, 1, 16, 372, 87, 10, 1, 778, 1967, 76, 31, 15, 1929, 3, 7, 1, 57, 3, 129, 74, 1021, inf, 5, 3, 3, 12, 2, 3, 1580, 1968, 1263, 80, 15, 44, 2, 13, inf, 1, 653, 2, 4, 2, 91, 306, 664, 1690, 3, 2, 1418, 118, 2, 27, 2, 2, 5, 2, 8, 2, 4, 327, 1569, 2, 79, 1, 3, 1, 1, 1, 9, 32, 5, 2, 1, 1, 8, 1, 2480, 13, 1, 1, 3, inf, 85, 1, 1, 1, 1, inf, 309, 50, 2, 1, inf, inf, 4, 2, inf, 1, 1, 1, 1, 3, 387, 55, 1, 1, 8, 15, 99, 2, 104, 9, inf, 577, 3, 23, inf, 1, inf, 4, 10, 8, 4, 20, 1, 7, 25, 33, 2, 12, 1017, 2, 1, 533, 1, 2836, 1, 3, 47, 1, 1, 1, 32, 26, 61, 109, 18, 12, 3, 4054, 4, 6, 3, 7, inf, 138, 1, 3391, 42, 2, 1, 1, 1238, 87, 10, 4481, 1, 94, 1, 2, 208, 8, 76, 1, 1, 1, 10, 1, 1, 25, 2, 1, 1, 1, 3, 1, 1, 1, 27, 1, 1, 1, 1, 25, 34, 2, 231, 59, 2, 1, 1, 1, 14, 1, 12, 42, 2, 45, 1, 7, 101, 15, 75, 1, 1, 2, inf, 27269, 1, 1, 1, 28, 1, 2, 1, 4, 1497, 2, 1, 1, inf, 1, 5, 845, 58, 1, 2, 1, 2, 3, 14, 1, 4, 6, 1, 4, 1, 1, 1, 1, 1, 1, 777, inf, 45, inf, 2, inf, 1, 4, 2, 3, 10, 1, 1, 1, 1, 1, 1, 1, 1, 53, 1, 3, 240, 7138, 54, 1, 5, 1, 1, 6, 289, inf, 1, 4, 16, inf, 1, 74, 1, 7, 1, 128, 14, 1, 362, 1, 1, 1, 4, 1, 1, 1, inf, 3, 703, 51, 15567, 2, 1, 1, inf, 1, 1, 1, 2, 41, 1, 3, 6, 41, 1, 1, 1, 71, 2, 2, 1, 97, 9, 62, 2, 2, 5, 1, 2, 1, 1131, 402, 24, 14, 104, 4, 1, 81, 3, 2609, 1, 1, 1, 1, 3, inf, 2, 19, 3, 8, 40, 1, 6873, 179, 715, 3, 33, 7, 17, 2006, 1, 5924, 99, 7, inf, 1, 1, 68, 1, 16, 3060, 41, 1, 1, 1, 1, 4, 3647, 603, 1, 1, 4785, 3, 1, 33, 1, inf, 1, 5, 1, 13, 13, 1, 7, 157, inf, 189, 45, 2, 1, 5, 8, 175, 29, 1, 441, 1, 1166, 5, 2, 1, 1, 2, 2, 1, 53, 319, 47487, 2, 56, 771, 223, 3, 1, 1, 2, 21, 89, 1, 1, 1, 50, 114, 1, 2, 1, 1, 142, 1, 1, 31, 1, 98, 17, 6, 1, 1, inf, 1, 4, 1, 1, 149, 1, 1400, 1, 2, inf, inf, 1, 1290, 16, 1, 1, 4, 1, 1, 1, inf, 1, 1, 1, 2, 1, 22, 1, 101, 1, 193, 73, 1, 1, 1, 1, 6, 4, 9, inf, 413, 1, 1, 1, 355, 4, 4, 5, 15, 1, 8, 68, inf, 1, inf, 801, 2, 2, 2, 20869, 59, 1, 1, inf, 1, 1, 1, 1, 2088, 1, 1, inf, 1, 7, 180, 6, 164, 17, 19, 732, 1, 6, 11, 13, 1, 54839, 4982, 1, 1, 1, 2, 2, 1, 1, 1, 1, 2, 1, 1, 1, 18, 32, 36, 14, 2, 1, 2, 15, 12, 1, 1, 56915, 1, 7, 2, 112, 10, 1, 10, 1, 37, inf, 23, 204, 1, 1, 2, 3, 2, 2, 1, 60, 2, inf, 189, 1168, inf, 1, 928, 1, 471, 166, 14589, 3, 34202, 55, 1, 145, 1, 1, 56, 1, 6, 1, 4, 1, 7013, inf, 17, 3, 9, 249, 978, 1, 6, 1772, 1, 3, 1112, 6651, 653, 34, 2, 1, 26, 1, 3, 83, 493, inf, 15, 1, 1910, 1, inf, 1, 478, 106, 2, 23305, 2156, 3673, 6018, 1, 1, 4, 5, 8, 6, 16, 2, 5, 3237, 2, 1, 1, 78, 1, 1, 1, 3, inf, 120, 1, 1, 1, 110, 14, 1, inf, 62, 4462, 1, 1, 2, 1, 3, 27, 5, 1, 13, 3, 11, 52, 2, 12, 14, 4, 1, 1, 3, 1, 1, 2, 3, 1, 1, 1, 1, 1, 1, 15, 24, 4165, 61, 1, 13, 2, 1, 457, 4, 1, 2, 144, 369, 2, inf, inf, 154, 5, inf, 1, 9, 4, 52, 4, 14, 342, 92, 5, inf, 1, 1, 1, 4, 417, 1, 19995, 1, 1, 2, 1, 1, 9, 1, 48, 9, 1, 22, 3, inf, 1, 1, 618, 5, 1, 5, 1, 1, 1, 1, 60, 5, 2, 2342, inf, 9, 1, 1, 1, inf, 15, 676, 9, 1, 29, 1, 1, 183, 30, inf, 4, 583, 5, 1, 4, 309, 2, 2705, 30, 3, 1, 1, 1, 2, 7, 374, 1, 23, 4, 21, 1, 4, 6, 24, 87, 1, 2, 2, 1, 1, 1, 49, inf, 1, 37, 6, inf, 1, 1, 9, inf, 4, inf, 185, 40, 248, 10, 158, 1, 1, 1, 1, 3, 2, 8, 2, 89, 8199, 1, 1, 50, 177, 557, 6179, 1, 9, 18, 1, 1, 1, 2, 2, 890, 14, 1, 512, 181, 1, 6, 1, 2, inf, 1, 161, 6, 18, 2, 1, 3, 4, 1, 1, 16, 3, 22, 1, 1, 1, inf, inf, 14, 1, 132, 1, inf, 115, 13, 1, 9, 1, 5, 1, 1, 208, 9, 8, 8, 1, 1, 5, 333, 122, 1, inf, 3, 6, 12669, 1, 1, 5, 1, 4634, 3, inf, 219, 99, 1128, 5, 1, 2, 1, 1, 9, 225, 4, 2, 6, 1, 1, 20, 3, 6, 16, 2, 9, 14, 3, 72, 184, 17, 3, 2, 1, 3, 1, 1, 2, 1, 1, 487, 50, 3, 1, 44, 29, 1, 1, 175, 1, 1, 1, 8, 7, 1, 902, 3, 4, 4, 2, 2, 25, 371, 1, 1, 3199, 1, 1, 560, 7, 989, 1, 1, 1, 162, 1, 1, 3, 2250, 1, 5, 1, 60, 63, 18, 2, 1, 2, 86, 1, 1, 1, 1, 6559, 42, 38, 72, 1, 40, 18, 3, 1, 1, 3, 21, 25707, 1, 1, 3604, 1, 1, 2316, 551, 1, 1, 4283, 10, 1, 2, 1, 1, 2, 5, 4, 1, 1, 1, 1, inf, 1, 50, 935, 4, 32, 664, 4, 15, 10, 4, 4, 13, 2, 1, 2, 51, 15, 2, 26, 1, 1, 25, 14, 2, 1, 1, 147, 4, 1, 6, 165, 1, 1, 2, 14, 9, 5, 1, 4, 3, 4, 3301, inf, 208, 1, 145, inf, 2, 2, 1, 1, 1, 79, 2, 21, 6, inf, 1, 1, 22, 1, 5, 15, 3, 12, 34, 1, 15137, 16, 1, 13, 3, 43, 1, 45, 2, 1, 148, 1, 326, 3, 34, inf, 1, 43, 1, 59, 133, 4, 10, 4, 1, 2, 2, 3, 2, 1, 1, 1, 3, 4, 13, 392, 1, 2, 39, 82, 50, 2033, 16, 46, 201, 1, 1, 1, 1, 45, 2449, 2210, 1, 1333, 614, 12, 1249, 808, 21, 78, 8, 1, 2, 8, 1, 257, 1, 13, 1, 1, 3, inf, 1, inf, 1, 1, 2, 1, 1, 1, 4, 3, 15, 15, 2, 48, 15, 1, 1144, 8, 1, 1, 1, 29, 3230, 80, 1, inf, 1, 2, 1, 1, 1, 14, inf, 1, 7, 1, 11, 1, 36, 88, 3, 4, 228, 1, 1, 1, 44, 1, 1786, 1, 1020, inf, 10, 1, inf, inf, 3, 5, 1, 3, 163, 99, 1, 12, 15, inf, 1, 1, 141, 12, 16, 54, 18, 6, 3, 1, 17, 1, 3, 2, 20, 2, 10, 1791, inf, 4, 75, 1, 1, 18, 8, 1, 117, 4496, 146, 1858, 1, 1, 3, 56, 72, 46, inf, 1, 1, 3, 1, 1, 7, 450, 1, 264, 1, 5, 4, 19, 26, 619, 1, 3, 1, 6, 3127, 1, 321, 2, 1, 350, 1, 5, 370, 3, 11, 1, 10, inf, 3, 2, 14, 9, 13, 44, 2, 3, 2, 4, 2, 1, 40, 4, 3, 259, 15, 1, 1, 1, 4, 1, 4, 5, 41, 5, 2, 1, 17, 1, 1, 1, 2, 2, 221, 2, 1201, 1, 1, 1, 1, 5, 5, 1, 19, 16653, 3232, 425, 153, 68, 10, 1, 466, 1, 2, 10, 1, 8, 3, 504, 8, 1, 66, 1, 2, 10, 4335, 1, 3, 1, 1, 2, 1, 4544, 19, 86, inf, 40, 1, 74, 7, 3, 1, 2, 1, 21, 2, 1, 13, 1, 8931, 4, 17, 195, 37, 2, inf, 1, 208, 8, 1, inf, 10, 6, 4, 3, 3245, 98, 170, 6, 3290, 2, 1, 1081, 1, 69, 1, 48, 1, 1, 47, 1, 43, 22, 5, 278, 114, 152, 2, 20, 11, 5, 9246, 1, 3179, 1, 5, 1, 10, 2, 7, 1, 2204, 104, 468, 86, 1, 823, 13, 6, 1, 80, 97, 1989, 1, 6, 33, 29758, 11, 268, inf, 1, 1, 182, 1, 36, 1, 1, 1, 1, 1, 371, 1, 6299, 1, 1, 53, 4, 1, 3, 1, 2, 1, 1, 1, 1, 22, 46, 41, 3, 2, 54, 1, 72, 738, 4, 4, inf, 3, 1, 2, 24, 33, 1, 4, 5, 39, 1, 1, 2, 2, 6, 17, 1, 16, 1, 10, inf, 1, 76, 6, 1, 8, 538, 1, 2, 1, 40, 10, 4, 3, 2, 2, 2, 57, 1, 1, 3, 516, 42, inf, 411, 1, 50, 1, 2, 1899, 69, 3, 1, inf, 1142, 8, 1, 1, 5, 553, 1, 8, 2, 1, 1, 1, 1, 1, 1, 1, inf, 1166, 16, 11521, 1, inf, 4, 1, 86, 3, inf, 2, 1, 8, 41, 1, 14, 4, 34, 2, inf, 1, 1, 24, 155, 1, 277, 2, 1, 51, 7, 60, 188, 2, 9, inf, 1, 1, 1, 2, 1, 1, 147, 1, 1, 60, 12, 17, inf, 23, 1, 7397, 3, 1, 1, 1, 16, 36, 1, 47, 1, 10, 44, 82, 4, 59, 1, 1, 2, 2, 1532, 8, 1, 2, 7, 5, 1, 905, 8, 416, 14, 7, 1, 28, inf, 2, 1, 1, 1, 95, 157, 1, 5, 1, 310, 43, 12, 1932, 6, 1, 6, 12, 5, 111, 3, 16, 15, 1, 1, 617, 3, 1, 1, 18, 65, 3, 11, inf, 12, 2, 1, 33239, 9, 1, 476, 18, 13, 30, 5, 133, 3, 1, 1, 5, 8, 1, 2, 12, 1219, 457, 1, 3, 72, 132, 1326, 1, 158, 10, 1, 4, 1, 1, 3, 7, 1, inf, 1, 59, 3, 8, 15, 2, 1, 3, 2368, 72, 1, 12, 4, 1, 6, 345, 81, 41, 1, 39, 4, 2, inf, 1, 1, 1, 114, 3, 1, 9, 3, 1, 1, 1, 11, 127, 15, 140, 8, 1, 1, 28, 1, 2, 43, 3, 2, 51, 1, 9, 206, 3, inf, 4, 1, 7, 2, 7, 12, 1, 313, 5, 55, 5, 1, 2, 1, 2, 1, 1, 11, 1, 13, 3, 3, 1, 9, 81, 1, 1, 3, 13, 5, 17, 144, 1, 1, 27, 1, 40, 2, 1, 2, 1, 100, 1, 7, 11, 3688, 1, 1, 42, 1, inf, 1, 5498, 3, 2798, 1, 8636, 12, 11, 1, 1, 2, 27, 79, 3, 185, 7, 10, 3, 69, 1, 11, 1, 4, inf, 789, 1, 1557, 5, 14, 144, 5, inf, inf, 1, 4, inf, 11, 2, 1, 3, 1, 20, 6, 2, 7, 65, 1, inf, 1, 1, 2, 13, 5162, 90, 3263, 18378, 1, 194, 144, 170, 57, 5, 3, 2, 49, 1, 4, 13, 1, 1, 1, 79, 1, 6, 4, 30, 1, 20, 2, 6, 1, 1, 1, 2, 1, 1, 3, 2, 1, 36, 9, 255, 1, 15, 42, 3, 3567, 1, 14, 360, 1, 2, 1, 7, 1, 36, inf, 3, 1, 4, 2, 8, 3784, 3, 1, 18, 1, 1, 2, 13, inf, 4, 46764, 8, 6, 3, 3, 1, 1, 93, 1, 1, 1, 1, 1, inf, 7, 1, 4, 2, 4, 36, 1, 1, 18, 1, 6, 773, 2, 3, 1, 29, 89, 2, 26, 9, 18537, 1, 4, 3, 6, 75, 1, 9, 6, 1, 1, 36, 1, 7, 1, 3, inf, 76, 28, 3, 1, 7, 1, 1, 1, 7, 200, 1, 8, 1, 1, 23, 78, 18, 1, 5, 2, 622, 4, 1, 2, 1, 1, 1, 45, 1, 1, 1, 1, 2, 2, 1, 1, inf, inf, 69, inf, 1, 1, 1, 5, 5, 15, 1, 1, 1, 1, inf, 20, 176, 3, 3, 1, 1, 1, inf, inf, 9, 1, 6, 1, 1, inf, 1, inf, 1692, inf, 1, 1, 1, 44, 4, 2, 1, 1, 1, 14, 236, 1, 2, 1, 4, 9, 1, 1, inf, 1, inf, 19, 9, 1, 6, 1, 1, 39, 3, 1, 2, 153, 1, inf, inf, 1, 179, 1, 83, 1, 1, 2, 2, 29, 3688, 4, 1, 3, 28, 1, 2, 10, 1, 24, 28, 715, 19, 20, inf, 1, 213, 4, 2, 1, 10, 1, 42, 1, 1, 1, 1460, 17, inf, 639, 5, 11, 6, 12, 3, 1, 7, 1981, 92, 2, 1, inf, 3, 1, 42, 4296, 2, 2, 10, 1, 1, inf, 31, 1, 1, 8, 26, 62, 6829, 50, 56, 6, 1, 309, 10, 94, 6, 1, 1, 1, 6, 9, 158, 116, inf, 26, 1, 133, 61, 2, 13, inf, 1, 1, 3, 1, 59, 1, 2, 1, 2014, 1, 2, 31, 1, 1, inf, 1, 2, 8, 4, 1, 1, 21, 4, 36, 1, 1, 1763, 1, 11, 2, 7, 11, 1, 1639, 44, 26, 1, 11, 1, 254, 1, 1, 3, 1, 3, 2, 1, 5, 133, 1, 2, 4, 4, 1, 8, 1, 14, 1, 1, 1, 115, 2336, 23, 1, 1, 5, 1462, 1, 1, 1, 1, 1, 5, 3, 2, 3, 314, 26, 2, 1, 16, 2, 2, 1, 1, 1, 1, 11, 9, 2, 316, 220, 41, 1, 1, 1, 1330, 24018, 2, 47, 1, 1, 1, 2, 1, 13, 3, 69, 1, 3, 3, 1, 1, 1, inf, 4, 53, 43, 1, 1, 1, 1, 1, 1, 6, 1, 1, 200, 1, inf, 4, 1, 244, 1, 1, 1, 1, 1, 7, 33, 24, 13, 1, 1, 1, 12, 1, 16, 1, 3, 2, 1, 47, 9, 28, inf, 23, 1, 55, 11, 2, 96, 19, 1, 1, 1, 1, 514, 41, 2, 12, 1, 13, 1, 1, 6, inf, inf, inf, 3, 1, 15046, 1, 463, 426, 2, 17, 54, 3532, 2, 1, 6743, 2, 1, 2, 3, inf, 1, 2, 1, 5, 1, 3, 309, 1, 261, 1, 319, 8, 2, 2, 12, 44, 23, 168, 4, 1, 4, 1, 136, 18, 1, 8, 9, 1, 54, 10, 1, 41, 9, 25, 1, 1, 2, 15, 40, 1, 1, 1, 1, 31635, 20, 1427, 7, 1, 1, 2, 2, 1, 3, 1, 1, 3, 17, 37, 1, 2, inf, 1, 671, 25, 2, 4, 23, 18, 9, inf, 158, 2, 655, 1, 1, 153, 1, 59, 86, 1, inf, 4, 1, 1, 1, 1, inf, 19, 1, 1, 1, 1, 2, 11, 1, 35, 28, inf, 1, 2, 12, 58, 12, 39, 19730, 12, 11, 5, 4, 135, 1, 9, 765, 2, 110, 1, 1, 1, 1, 23, 1, 25, 9, 1, 1, 6, 1, 61, 112, 10110, 2, 1, 3, 1, inf, 14, inf, 2, 123, 1, 1, inf, 138, 13, 290, inf, 1, 1, 4, 1, 1, 1, 97, 1, 1, 2, 13, 12, 1, 698, 365, 1, 3, 1, 1, 2, 73, 166, 1, 2, 1, 5, 67, 16, 8, 11, 1, 1, 7, 57, 1, 28, 1, 1, 3, 6, 2883, 1, 1, 3, 1, 1, 24, 193, 13, 2, 991, 1, 4, inf, 2, 1, 56, 1, 554, inf, 30, 1805, 1547, 1, 1, 1, 1, 103, 7, 4, 141, 1, 1274, 27, 2, 1, 1, 1, 1, 1, 9, 1, 14, 1, 1, 1, 1, 1, 2, 1, 1, 1, 125, 1, 1, 1, 3, 253, 4, 1, 8, 8, 1, 7, 3, 10, 6820, inf, 1, 1, 1, 1, 1, 22, 2, 76, 1, 11, 2, 154, 1, 1, 112, 1, 1, 1, 27, 1, 1, 24169, 11, 66, 4827, 6, 40, 4, 1, 1, 2, 28, 201, 26, 1, 1, 1, inf, 1, 1, 1, 15, 1, 2, inf, 2, inf, 2, inf, 1, 9, 1, 873, 15, 1, 46, inf, 3, 13, 1, 2, 14, 1, 26, 2, 1, 161, 132, 5, 1, 1, 2, inf, inf, 1, 8, 1853, inf, 4, 1, 1, 4, 465, 4, inf, 22, 527, 14, 19, 155, 17, 398, 175, 82, 4, 174, 4, 6, 1, 47, 1, 1, 2, 1, 1, 8015, 1, 1, 259, 3, 1, 1, 1, 1, inf, 1, 1, 1, 109, 5, 17, 1, 8, 6724, 1, 205, 2, 5, 1, 15, 1, 7, 8, 5, 12, 2, 32, 4, 79, 1, 54, 1, 99, 1, 59, 1, 5, 13, inf, 2, 2, 3, 1, inf, 595, 2969, 1373, 821, 11, 1, 1, 1, 9, 200, inf, 19, 300, 1, 74, 1, inf, 478, 20, 16, 139, 3, 23241, 1, 1, 1, 1, 1, inf, 1, 2, 19, 36, 11, 5, 19, 1, inf, 296, 3, 8, inf, 1, 8, 32, 24, 75, 4, 4, 1, 2, inf, 2, 10, inf, 85, inf, 3, 9, 1, 1, 1, 1, 68, inf, 1201, 5, 1, 2, 51, 1907, inf, 1, 2, 39, 110, 7, 8, 1, 2, 83, 3, 8, 10275, 3, 420, 9, 12, 53, 61, 1, 1, 1, 3, 2, 134, 3, 105, 1, 2, 1, 3, 26, 3, 9, 2, 2, 1, 1, 1, 1, 1, 1, 749, 1, 1, inf, 4, 227, 1, 1, 21, 1, 76, 6, 1, 1, 1, 7, 11, 1, 2, 1, 37, 2, 1, 322, 1, 1, 1, 1, 1, 1, 30, 3, 1, 1, 2, 7, inf, 1, 4, 4, 23, 3, inf, 1, 9, 4, 192, 832, 3, 1, 1, inf, 1, 4588, 2, 1, 1, 1, inf, inf, inf, 4, 36, 3, 1, 46, 2, 8, 1, 422, 13, 22, 1, 2, 13, 44, 1216, 1, 131, 1, 1, 33, 1, 1, inf, 33, 6, 1, 1, 13, 2, 1, 2, 2, 1, 1, 1, 741, 191, 1, 1, 2, 80, 1, 7, 4, 5790, 2, 2, 2, 2, 237, 203, 6, 2, 2, 1, 1, 3, 1, 1, 58, 1, 1, 1, 1, 1, 2, 3, 11, 4, 1, inf, 1, 2, 1, 1, 39, 1, 1, 118, 6, 17, 1, 2, 27, 13, 1, 2, 2, 6, 1, 3, 2, 6948, 1, 2, 1, inf, 1, 67, inf, 6, 1, 853, 1, 10, 1, 3, 1, inf, 1, 1, inf, 4, 1, 4, 2, 1, inf, 1, 1, 7, inf, 45, 2, 3, 14, 540, inf, 1, 1, 2, 1, 19, 483, 2, 13, 16, 1, 1, 1, 9117, 1, 5, 2021, 14, 1, inf, 12, 100, 198, 4, inf, 1, 1, 1, 257, 4, 1, 4, inf, 3, 157, 13, 15, 1, 147, 1, 5, 18, 80, 12, 187, 28, 8, 13, 1, 98, 37, 1, 2, inf, 1, 15, 3, 3, 10, 11, 1, 41, 3, 1, 8, 1, 8, 1, 1, 1, 2, 1, 2, 1, 21, 69, 1, 375, 1, 1, 284, 18, 156, 1, 1, 5, 1, 1, 1, 212, 3, 1, 1, 1, 2, inf, 2, 1837, 1, 8, 2, 36, 2, 1, 1348, 1808, 15, 30, 6, 5, 575, 57, 1, 2, 1, 9, 9, 1, 373, 4, 20, 12, 22, 1, 330, 1, inf, 1, 4, 1017, 10, 1, 1, inf, 2, 1, 1, 11, 162, 1, 11, 1373, 3, 1, 24, 2, 3, 6, 17, inf, 1, 529, 42, 7, 58, 32, 206, 6, 67, 1, 7, 31, 8, 1, 3, 3, 15, inf, 3475, inf, 1, 14, 4, 1, 1, 2, 62, 1, 6, 428, 1, 3, 11, 30, 5, 3, 1, 1, 1, 2, 4, 11881, 2, 14, 18, 10, 1, 1, 15, 1, 1191, 263, 1, 1, 242, inf, inf, 1, 68, 10, 22, 4, 1, 2, 6, 1, inf, 5232, 75, 151, 1, 5, 1, 1, 1, inf, 1, 1, 1, 120, 436, 1, 1774, 48, 1, 629, 4, 1, 1, 51, 1, 1, 61, 6, 1, 5, 91, 246, 1, 5, 1, 1951, 7, inf, 4, 1, 1283, 69, 1, inf, inf, 4, 9, 12, 4674, 100, 14, 22, 1, 1, 1, inf, 88, 1, 1, 1, 5, 2, 5, 1, 2, 1, inf, 1, 1, 3, 2, 1, 3, 4, 2, 4, 1, 1, 392, 6, 4, 1, 3, 7333, 1, inf, 6, 3, 2, 1, 5, 1, inf, 16, 5, inf, 4, 15, 3, 1, 1, inf, 86, 3, 4, 56, 34, 1, 1, 10, 6, 1, 149, 1, 1, 1, 2, 14, 3215, 14, 12, 1, inf, 1691, 3, 38, 1, 59, 8, 19, 26, 368, 6, 1, 1, 25, 1, 27, 5, 1, 11, 1, 9, inf, inf, 1, 2, 106, 3, 1, 330, 1, inf, 3, 1, 3, 1, 2, 1, 1, 1, 1, 123, 3, 1, 3, 9, 1, 3, 62, 16, 313, 1, 1, 1, 182, 1, 2, 2, 312, 384, 3, 2, 1, 4, inf, 44, 1, 1, 727, 1, 51, 154, 8, 7021, 1, 3, 2, inf, 2, 1, 1, 28, 1, 1, 480, 1, 1, 26, 1, 15, 10, 1, 3, 1, 1, 1, 1, 17, 2, inf, 575, 17634, 18, 1, 2, 1, 1, 1, 2, 872, 1, 1, 1, 77, 1, 1, 815, 1, 121, 25, 21, 482, inf, 45, 3, 173, 62, 1, 1, 6, 1, 3, 11, 71, 1, 1, 5, 2, 1, 2, 1, 1, 8, inf, 1, 56, 2, 17, 1, 2, 7, 4, 1, 1, 1, 1, 6, 1, 2, 1, 1, 1, 1, 2, 9, 3, 3, 2, 46, 1, 1, 2, 83, 1, 114, 49, inf, 3, 289, 390, 837, 1, 1, 8, 1, inf, 1, 66, 11, 1, 1, 1, 2, 2, 31, 1, 2, 2, 1, 1, 4, 12, 1, 3, 5, 6, 18, 1, 1, 21, 1, 1, 1, 4, 10, 65, 1, 6, 1, 26, 1, 388, 1, 2, 220, 1, 1, 11426, 11, 1, 1, 1, 1, inf, 477, 281, 1, 13, 1, 1, 70, 3, inf, 131, 1, 1, 18, 6, 90, 5, 1, inf]
2022-08-20 Saturday 12:03:13:INFO: It completed at: 2022-08-20 12:03:13.516413
2022-08-20 Saturday 12:03:13:INFO: Completed after: 23:00:59.696296
