2022-08-30 Tuesday 14:19:12:INFO: {'bug_database': 'dataset/eclipse/eclipse_soft_clean.json', 'database_name': 'eclipse-sampled', 'epochs': 8, 'lr': 0.001, 'l2': 0.0, 'dropout': None, 'batch_size': 128, 'ranking_batch_size': 256, 'cuda': True, 'cache_folder': None, 'pairs_training': 'dataset/eclipse/training_split_eclipse_pairs_random_1.txt', 'pairs_validation': 'dataset/eclipse/validation_eclipse_pairs_random_1.txt', 'neg_pair_generator': {'type': 'none', 'training': None, 'rate': 1, 'pre_list_file': None, 'k': 0, 'n_tries': 0, 'preselected_length': None, 'random_anchor': True}, 'sum_desc': None, 'summary': {'word_embedding': 'word_embedding/eclipse/glove_42B_300d_eclipse.txt', 'lexicon': None, 'encoder_type': 'rnn', 'tokenizer': 'white_space', 'filters': ['TransformLowerCaseFilter'], 'rnn_type': 'lstm', 'hidden_size': 300, 'nfilters': 100, 'bidirectional': True, 'num_layers': 1, 'dropout': 0.15, 'update_embedding': False, 'fixed_opt': 'mean+max', 'activation': 'relu', 'batch_normalization': False, 'hidden_sizes': None, 'hidden_act': None, 'hidden_dropout': 0.0, 'bn_last_layer': False, 'self_att_hidden': 100, 'n_hops': 20, 'standardization': False}, 'description': {'word_embedding': 'word_embedding/eclipse/glove_42B_300d_eclipse.txt', 'lexicon': None, 'encoder_type': 'rnn', 'tokenizer': 'white_space', 'filters': ['TransformLowerCaseFilter'], 'rnn_type': 'lstm', 'hidden_size': 300, 'nfilters': 100, 'bidirectional': True, 'num_layers': 1, 'dropout': 0.15, 'update_embedding': False, 'fixed_opt': 'mean+max', 'activation': 'relu', 'batch_normalization': True, 'hidden_sizes': None, 'hidden_act': None, 'hidden_dropout': 0.0, 'bn_last_layer': False, 'window_sizes': [3], 'self_att_hidden': 100, 'n_hops': 20, 'standardization': False}, 'categorical': {'lexicons': 'dataset/eclipse/categorical_lexicons.json', 'bn_last_layer': True, 'emb_size': 20, 'hidden_sizes': [40], 'dropout': 0.0, 'activation': 'relu', 'batch_normalization': True}, 'classifier': {'type': 'binary', 'without_embedding': False, 'batch_normalization': True, 'dropout': 0, 'hidden_sizes': [300, 50], 'margin': 0, 'loss': None}, 'recall_estimation_train': None, 'recall_estimation': None, 'rr_val_epoch': 100, 'rr_train_epoch': 100, 'random_switch': False, 'ranking_result_file': None, 'optimizer': 'adam', 'momentum': 0.9, 'lr_scheduler': None, 'save': None, 'load': None, 'pair_test_dataset': None, 'recall_rate': {'type': 'sun2011', 'dataset': 'dataset/eclipse/test_eclipse.txt', 'result_file': None, 'group_by_master': True, 'window': 365}, 'seed': 347034713}
2022-08-30 Tuesday 14:19:12:INFO: It started at: 2022-08-30 14:19:12.224182
2022-08-30 Tuesday 14:19:12:INFO: Turning CUDA on
2022-08-30 Tuesday 14:19:12:INFO: Using Summary information.
2022-08-30 Tuesday 14:22:58:INFO: Lexicon size: 1924244
2022-08-30 Tuesday 14:22:58:INFO: Word Embedding size: 300
2022-08-30 Tuesday 14:22:58:INFO: Use white space tokenizer to tokenize summary information
2022-08-30 Tuesday 14:23:02:INFO: Using Description information.
2022-08-30 Tuesday 14:26:38:INFO: Lexicon size: 1924244
2022-08-30 Tuesday 14:26:38:INFO: Word Embedding size: 300
2022-08-30 Tuesday 14:26:38:INFO: Use white space tokenizer to tokenize summary information
2022-08-30 Tuesday 14:26:43:INFO: Using Categorical Information.
2022-08-30 Tuesday 14:26:43:INFO: Using NLLLoss
2022-08-30 Tuesday 14:26:46:INFO: Not generate dynamically the negative examples.
2022-08-30 Tuesday 14:26:46:INFO: Training size: 3342
2022-08-30 Tuesday 14:26:46:INFO: Validation size: 108
2022-08-30 Tuesday 14:26:46:INFO: Adam
2022-08-30 Tuesday 14:26:46:INFO: Scheduler: Constant
2022-08-30 Tuesday 14:26:46:INFO: Epoch: 1
2022-08-30 Tuesday 14:26:46:INFO: LR: 0.001
2022-08-30 Tuesday 14:26:51:INFO: {'type': 'metric', 'label': 'training_confusion_matrix', 'accuracy': 0.8524835427887493, 'precision': [0.8969002695417789, 0.8170075349838536], 'recall': [0.7965290245362059, 0.9084380610412927], 'f1': [0.8437400950871627, 0.8603003683763101], 'confusion_matrix': [[1331, 340], [153, 1518]], 'epoch': None}
2022-08-30 Tuesday 14:26:51:INFO: {'type': 'metric', 'label': 'training_loss', 'epoch': 1, 'value': 0.35540267409570625, 'sum': 1187.7557368278503, 'num_example': 3342}
2022-08-30 Tuesday 14:26:51:INFO: {'type': 'metric', 'label': 'training_dist_target', 'value': (0.3073046442850274, 0.18864464349621146), 'epoch': 1}
2022-08-30 Tuesday 14:26:51:INFO: {'type': 'metric', 'label': 'validation_confusion_matrix', 'accuracy': 0.9074074074074074, 'precision': [0.8548387096774194, 0.9782608695652174], 'recall': [0.9814814814814815, 0.8333333333333334], 'f1': [0.9137931034482754, 0.8999999999999995], 'confusion_matrix': [[53, 1], [9, 45]], 'epoch': None}
2022-08-30 Tuesday 14:26:51:INFO: {'type': 'metric', 'label': 'validation_loss', 'epoch': 1, 'value': 0.2825976312160492, 'sum': 30.520544171333313, 'num_example': 108}
2022-08-30 Tuesday 14:26:51:INFO: {'type': 'metric', 'label': 'validation_dist_target', 'value': (0.16092469957139757, 0.26823163915563514), 'epoch': 1}
2022-08-30 Tuesday 14:26:51:INFO: Epoch: 2
2022-08-30 Tuesday 14:26:51:INFO: LR: 0.001
2022-08-30 Tuesday 14:26:56:INFO: {'type': 'metric', 'label': 'training_confusion_matrix', 'accuracy': 0.9554159186116098, 'precision': [0.9519002375296912, 0.9589867310012062], 'recall': [0.9593058049072412, 0.9515260323159784], 'f1': [0.9555886736214599, 0.9552418143586656], 'confusion_matrix': [[1603, 68], [81, 1590]], 'epoch': None}
2022-08-30 Tuesday 14:26:56:INFO: {'type': 'metric', 'label': 'training_loss', 'epoch': 2, 'value': 0.15337638218537694, 'sum': 512.5838692635298, 'num_example': 3342}
2022-08-30 Tuesday 14:26:56:INFO: {'type': 'metric', 'label': 'training_dist_target', 'value': (0.12650409940115212, 0.11092232437921383), 'epoch': 2}
2022-08-30 Tuesday 14:26:56:INFO: {'type': 'metric', 'label': 'validation_confusion_matrix', 'accuracy': 0.8796296296296297, 'precision': [0.8153846153846154, 0.9767441860465116], 'recall': [0.9814814814814815, 0.7777777777777778], 'f1': [0.8907563025210078, 0.8659793814432986], 'confusion_matrix': [[53, 1], [12, 42]], 'epoch': None}
2022-08-30 Tuesday 14:26:56:INFO: {'type': 'metric', 'label': 'validation_loss', 'epoch': 2, 'value': 0.2512311637401581, 'sum': 27.132965683937073, 'num_example': 108}
2022-08-30 Tuesday 14:26:56:INFO: {'type': 'metric', 'label': 'validation_dist_target', 'value': (0.06957742902967665, 0.26331343474211516), 'epoch': 2}
2022-08-30 Tuesday 14:26:56:INFO: Epoch: 3
2022-08-30 Tuesday 14:26:56:INFO: LR: 0.001
2022-08-30 Tuesday 14:27:00:INFO: {'type': 'metric', 'label': 'training_confusion_matrix', 'accuracy': 0.9856373429084381, 'precision': [0.9885611077664058, 0.9827483640690066], 'recall': [0.9826451226810293, 0.9886295631358468], 'f1': [0.9855942376950775, 0.9856801909307871], 'confusion_matrix': [[1642, 29], [19, 1652]], 'epoch': None}
2022-08-30 Tuesday 14:27:00:INFO: {'type': 'metric', 'label': 'training_loss', 'epoch': 3, 'value': 0.06545283180343256, 'sum': 218.7433638870716, 'num_example': 3342}
2022-08-30 Tuesday 14:27:00:INFO: {'type': 'metric', 'label': 'training_dist_target', 'value': (0.062497158604492904, 0.04560834576026328), 'epoch': 3}
2022-08-30 Tuesday 14:27:00:INFO: {'type': 'metric', 'label': 'validation_confusion_matrix', 'accuracy': 0.9537037037037037, 'precision': [0.9454545454545454, 0.9622641509433962], 'recall': [0.9629629629629629, 0.9444444444444444], 'f1': [0.9541284403669719, 0.9532710280373826], 'confusion_matrix': [[52, 2], [3, 51]], 'epoch': None}
2022-08-30 Tuesday 14:27:00:INFO: {'type': 'metric', 'label': 'validation_loss', 'epoch': 3, 'value': 0.14793263375759125, 'sum': 15.976724445819855, 'num_example': 108}
2022-08-30 Tuesday 14:27:00:INFO: {'type': 'metric', 'label': 'validation_dist_target', 'value': (0.07934730141251176, 0.10694168232105396), 'epoch': 3}
2022-08-30 Tuesday 14:27:00:INFO: Epoch: 4
2022-08-30 Tuesday 14:27:00:INFO: LR: 0.001
2022-08-30 Tuesday 14:27:05:INFO: {'type': 'metric', 'label': 'training_confusion_matrix', 'accuracy': 0.9997007779772591, 'precision': [1.0, 0.9994019138755981], 'recall': [0.9994015559545183, 1.0], 'f1': [0.9997006884166413, 0.999700867484295], 'confusion_matrix': [[1670, 1], [0, 1671]], 'epoch': None}
2022-08-30 Tuesday 14:27:05:INFO: {'type': 'metric', 'label': 'training_loss', 'epoch': 4, 'value': 0.024267824847119642, 'sum': 81.10307063907385, 'num_example': 3342}
2022-08-30 Tuesday 14:27:05:INFO: {'type': 'metric', 'label': 'training_dist_target', 'value': (0.028085713353362504, 0.017860605536928295), 'epoch': 4}
2022-08-30 Tuesday 14:27:05:INFO: {'type': 'metric', 'label': 'validation_confusion_matrix', 'accuracy': 0.9166666666666666, 'precision': [0.8813559322033898, 0.9591836734693877], 'recall': [0.9629629629629629, 0.8703703703703703], 'f1': [0.9203539823008844, 0.9126213592233005], 'confusion_matrix': [[52, 2], [7, 47]], 'epoch': None}
2022-08-30 Tuesday 14:27:05:INFO: {'type': 'metric', 'label': 'validation_loss', 'epoch': 4, 'value': 0.22658760845661163, 'sum': 24.471461713314056, 'num_example': 108}
2022-08-30 Tuesday 14:27:05:INFO: {'type': 'metric', 'label': 'validation_dist_target', 'value': (0.05875140649301035, 0.1597980746516475), 'epoch': 4}
2022-08-30 Tuesday 14:27:05:INFO: Epoch: 5
2022-08-30 Tuesday 14:27:05:INFO: LR: 0.001
2022-08-30 Tuesday 14:27:09:INFO: {'type': 'metric', 'label': 'training_confusion_matrix', 'accuracy': 0.9994015559545183, 'precision': [0.9994015559545183, 0.9994015559545183], 'recall': [0.9994015559545183, 0.9994015559545183], 'f1': [0.9994015559545177, 0.9994015559545177], 'confusion_matrix': [[1670, 1], [1, 1670]], 'epoch': None}
2022-08-30 Tuesday 14:27:09:INFO: {'type': 'metric', 'label': 'training_loss', 'epoch': 5, 'value': 0.012906752167830276, 'sum': 43.13436574488878, 'num_example': 3342}
2022-08-30 Tuesday 14:27:09:INFO: {'type': 'metric', 'label': 'training_dist_target', 'value': (0.015685009392773158, 0.008846279713010302), 'epoch': 5}
2022-08-30 Tuesday 14:27:09:INFO: {'type': 'metric', 'label': 'validation_confusion_matrix', 'accuracy': 0.9537037037037037, 'precision': [0.9298245614035088, 0.9803921568627451], 'recall': [0.9814814814814815, 0.9259259259259259], 'f1': [0.9549549549549544, 0.9523809523809518], 'confusion_matrix': [[53, 1], [4, 50]], 'epoch': None}
2022-08-30 Tuesday 14:27:09:INFO: {'type': 'metric', 'label': 'validation_loss', 'epoch': 5, 'value': 0.14448609948158264, 'sum': 15.604498744010925, 'num_example': 108}
2022-08-30 Tuesday 14:27:09:INFO: {'type': 'metric', 'label': 'validation_dist_target', 'value': (0.05816393428378635, 0.08013864799782082), 'epoch': 5}
2022-08-30 Tuesday 14:27:09:INFO: Epoch: 6
2022-08-30 Tuesday 14:27:09:INFO: LR: 0.001
2022-08-30 Tuesday 14:27:14:INFO: {'type': 'metric', 'label': 'training_confusion_matrix', 'accuracy': 1.0, 'precision': [1.0, 1.0], 'recall': [1.0, 1.0], 'f1': [0.9999999999999996, 0.9999999999999996], 'confusion_matrix': [[1671, 0], [0, 1671]], 'epoch': None}
2022-08-30 Tuesday 14:27:14:INFO: {'type': 'metric', 'label': 'training_loss', 'epoch': 6, 'value': 0.0076803461688095265, 'sum': 25.667716896161437, 'num_example': 3342}
2022-08-30 Tuesday 14:27:14:INFO: {'type': 'metric', 'label': 'training_dist_target', 'value': (0.00990096527362997, 0.005139222407612096), 'epoch': 6}
2022-08-30 Tuesday 14:27:14:INFO: {'type': 'metric', 'label': 'validation_confusion_matrix', 'accuracy': 0.9259259259259259, 'precision': [0.896551724137931, 0.96], 'recall': [0.9629629629629629, 0.8888888888888888], 'f1': [0.928571428571428, 0.9230769230769225], 'confusion_matrix': [[52, 2], [6, 48]], 'epoch': None}
2022-08-30 Tuesday 14:27:14:INFO: {'type': 'metric', 'label': 'validation_loss', 'epoch': 6, 'value': 0.2112368494272232, 'sum': 22.813579738140106, 'num_example': 108}
2022-08-30 Tuesday 14:27:14:INFO: {'type': 'metric', 'label': 'validation_dist_target', 'value': (0.04860793219672309, 0.12706712440208154), 'epoch': 6}
2022-08-30 Tuesday 14:27:14:INFO: Epoch: 7
2022-08-30 Tuesday 14:27:14:INFO: LR: 0.001
2022-08-30 Tuesday 14:27:19:INFO: {'type': 'metric', 'label': 'training_confusion_matrix', 'accuracy': 0.9991023339317774, 'precision': [1.0, 0.9982078853046595], 'recall': [0.9982046678635548, 1.0], 'f1': [0.9991015274034136, 0.9991031390134523], 'confusion_matrix': [[1668, 3], [0, 1671]], 'epoch': None}
2022-08-30 Tuesday 14:27:19:INFO: {'type': 'metric', 'label': 'training_loss', 'epoch': 7, 'value': 0.009285094992846767, 'sum': 31.030787466093898, 'num_example': 3342}
2022-08-30 Tuesday 14:27:19:INFO: {'type': 'metric', 'label': 'training_dist_target', 'value': (0.010464624868497422, 0.005858022427573167), 'epoch': 7}
2022-08-30 Tuesday 14:27:19:INFO: {'type': 'metric', 'label': 'validation_confusion_matrix', 'accuracy': 0.9259259259259259, 'precision': [0.8833333333333333, 0.9791666666666666], 'recall': [0.9814814814814815, 0.8703703703703703], 'f1': [0.9298245614035082, 0.9215686274509799], 'confusion_matrix': [[53, 1], [7, 47]], 'epoch': None}
2022-08-30 Tuesday 14:27:19:INFO: {'type': 'metric', 'label': 'validation_loss', 'epoch': 7, 'value': 0.2452128529548645, 'sum': 26.482988119125366, 'num_example': 108}
2022-08-30 Tuesday 14:27:19:INFO: {'type': 'metric', 'label': 'validation_dist_target', 'value': (0.03319571636341236, 0.13664196155689382), 'epoch': 7}
2022-08-30 Tuesday 14:27:19:INFO: Epoch: 8
2022-08-30 Tuesday 14:27:19:INFO: LR: 0.001
2022-08-30 Tuesday 14:27:23:INFO: {'type': 'metric', 'label': 'training_confusion_matrix', 'accuracy': 0.9988031119090365, 'precision': [0.9994008388256441, 0.9982068141063957], 'recall': [0.9982046678635548, 0.9994015559545183], 'f1': [0.9988023952095803, 0.9988038277511957], 'confusion_matrix': [[1668, 3], [1, 1670]], 'epoch': None}
2022-08-30 Tuesday 14:27:23:INFO: {'type': 'metric', 'label': 'training_loss', 'epoch': 8, 'value': 0.007370282800557155, 'sum': 24.631485119462013, 'num_example': 3342}
2022-08-30 Tuesday 14:27:23:INFO: {'type': 'metric', 'label': 'training_dist_target', 'value': (0.008204164769319915, 0.005034599455440209), 'epoch': 8}
2022-08-30 Tuesday 14:27:23:INFO: {'type': 'metric', 'label': 'validation_confusion_matrix', 'accuracy': 0.9351851851851852, 'precision': [0.9795918367346939, 0.8983050847457628], 'recall': [0.8888888888888888, 0.9814814814814815], 'f1': [0.9320388349514558, 0.9380530973451322], 'confusion_matrix': [[48, 6], [1, 53]], 'epoch': None}
2022-08-30 Tuesday 14:27:23:INFO: {'type': 'metric', 'label': 'validation_loss', 'epoch': 8, 'value': 0.2675020396709442, 'sum': 28.890220284461975, 'num_example': 108}
2022-08-30 Tuesday 14:27:23:INFO: {'type': 'metric', 'label': 'validation_dist_target', 'value': (0.1452639897664388, 0.02203668929912426), 'epoch': 8}
2022-08-30 Tuesday 14:27:23:INFO: Calculating recall rate: sun2011
2022-08-30 Tuesday 14:28:29:INFO: RR calculation - 500 duplicate reports were processed
2022-08-30 Tuesday 14:28:31:INFO: [] Throughput: 7.734097889047995 bugs per second (bugs=520 ,seconds=67.2347321510315)
2022-08-30 Tuesday 14:28:31:INFO: {'type': 'metric', 'label': 'recall_rate', 'k': 1, 'rate': 0.18653846153846154, 'hit': 97, 'total': 520, 'epoch': 0}
2022-08-30 Tuesday 14:28:31:INFO: {'type': 'metric', 'label': 'recall_rate', 'k': 2, 'rate': 0.2326923076923077, 'hit': 121, 'total': 520, 'epoch': 0}
2022-08-30 Tuesday 14:28:31:INFO: {'type': 'metric', 'label': 'recall_rate', 'k': 3, 'rate': 0.27692307692307694, 'hit': 144, 'total': 520, 'epoch': 0}
2022-08-30 Tuesday 14:28:31:INFO: {'type': 'metric', 'label': 'recall_rate', 'k': 4, 'rate': 0.3, 'hit': 156, 'total': 520, 'epoch': 0}
2022-08-30 Tuesday 14:28:31:INFO: {'type': 'metric', 'label': 'recall_rate', 'k': 5, 'rate': 0.32884615384615384, 'hit': 171, 'total': 520, 'epoch': 0}
2022-08-30 Tuesday 14:28:31:INFO: {'type': 'metric', 'label': 'recall_rate', 'k': 6, 'rate': 0.35, 'hit': 182, 'total': 520, 'epoch': 0}
2022-08-30 Tuesday 14:28:31:INFO: {'type': 'metric', 'label': 'recall_rate', 'k': 7, 'rate': 0.36346153846153845, 'hit': 189, 'total': 520, 'epoch': 0}
2022-08-30 Tuesday 14:28:31:INFO: {'type': 'metric', 'label': 'recall_rate', 'k': 8, 'rate': 0.3769230769230769, 'hit': 196, 'total': 520, 'epoch': 0}
2022-08-30 Tuesday 14:28:31:INFO: {'type': 'metric', 'label': 'recall_rate', 'k': 9, 'rate': 0.3942307692307692, 'hit': 205, 'total': 520, 'epoch': 0}
2022-08-30 Tuesday 14:28:31:INFO: {'type': 'metric', 'label': 'recall_rate', 'k': 10, 'rate': 0.40384615384615385, 'hit': 210, 'total': 520, 'epoch': 0}
2022-08-30 Tuesday 14:28:31:INFO: {'type': 'metric', 'label': 'recall_rate', 'k': 11, 'rate': 0.4096153846153846, 'hit': 213, 'total': 520, 'epoch': 0}
2022-08-30 Tuesday 14:28:31:INFO: {'type': 'metric', 'label': 'recall_rate', 'k': 12, 'rate': 0.42115384615384616, 'hit': 219, 'total': 520, 'epoch': 0}
2022-08-30 Tuesday 14:28:31:INFO: {'type': 'metric', 'label': 'recall_rate', 'k': 13, 'rate': 0.4346153846153846, 'hit': 226, 'total': 520, 'epoch': 0}
2022-08-30 Tuesday 14:28:31:INFO: {'type': 'metric', 'label': 'recall_rate', 'k': 14, 'rate': 0.43846153846153846, 'hit': 228, 'total': 520, 'epoch': 0}
2022-08-30 Tuesday 14:28:31:INFO: {'type': 'metric', 'label': 'recall_rate', 'k': 15, 'rate': 0.4442307692307692, 'hit': 231, 'total': 520, 'epoch': 0}
2022-08-30 Tuesday 14:28:31:INFO: {'type': 'metric', 'label': 'recall_rate', 'k': 16, 'rate': 0.4519230769230769, 'hit': 235, 'total': 520, 'epoch': 0}
2022-08-30 Tuesday 14:28:31:INFO: {'type': 'metric', 'label': 'recall_rate', 'k': 17, 'rate': 0.46153846153846156, 'hit': 240, 'total': 520, 'epoch': 0}
2022-08-30 Tuesday 14:28:31:INFO: {'type': 'metric', 'label': 'recall_rate', 'k': 18, 'rate': 0.46923076923076923, 'hit': 244, 'total': 520, 'epoch': 0}
2022-08-30 Tuesday 14:28:31:INFO: {'type': 'metric', 'label': 'recall_rate', 'k': 19, 'rate': 0.4807692307692308, 'hit': 250, 'total': 520, 'epoch': 0}
2022-08-30 Tuesday 14:28:31:INFO: {'type': 'metric', 'label': 'recall_rate', 'k': 20, 'rate': 0.4846153846153846, 'hit': 252, 'total': 520, 'epoch': 0}
2022-08-30 Tuesday 14:28:31:INFO: {'type': 'metric', 'label': 'MAP', 'value': 0.2570952877610612, 'sum': 133.68954963575183, 'total': 520, 'epoch': 0}
2022-08-30 Tuesday 14:28:31:INFO: [7, inf, 4, inf, 8, 1, 6, inf, 10, 308, 33, 1, 1, 17, 225, 11, 2013, 22, 2, 1316, 2, 1, 1, 16, 30, inf, 1, 1, inf, 1399, 1, 2, inf, 27, 3, 9, inf, inf, 1, 1, 1, 34, 1971, 11, 2, 44, 1, 902, 34, 288, 145, 61, 3, 125, 796, 1307, 77, 4, 35, 2618, 502, 1, 317, 8, 398, 5, 37, 458, 1, 1, 2, 13, 6, 1, 3, 1648, inf, 5, 1, 33, 13, 14, 5035, 17, 66, 1, 7, 1, 1, inf, 1, 79, 94, 4, 1744, 5, 186, 7, 3, 15, 543, inf, 5, 6, 66, 2062, 1, inf, 34, 59, 461, 161, 351, 458, 55, 139, 1, 1234, 1, 112, 14, 6, 1, 37, 3, inf, 19, 28, 1, 225, 42, 38, 79, inf, inf, 21, inf, 380, 74, 27, 2, 2, 145, 6, 5, 1, 71, inf, 20, 786, 12, 6, 10, 4, 2, 1, 206, 142, 2, 13, 5337, 185, 208, 1, 1532, 225, 23, 234, 1, 5, 277, 590, 1, inf, 1, 3035, 1, 9, 204, inf, 1, 5, 1, 58, 1192, 2, 16, inf, 93, 25, 10, 6, 2, 12, 3258, 94, 18, 72, 4, 4, 1, inf, 3705, 13, 26, 8, 99, 2, 1, inf, 77, 654, 1, 6, 1898, 89, 279, 41, 67, 24, 3, 3, 103, 258, inf, 268, 136, 279, 301, 19, 593, 25, 234, 1, 7, 9, 7, inf, 1546, 36, 8, 9, 797, 1, 22, 1, inf, 333, 74, inf, 87, inf, 3, 1, 3, 9, 3, 647, 1, 320, 1, 198, 18, inf, 46, 1, 21, 8, 5, 5, 1, 1, 15, 6158, 34, 813, 298, 643, 111, 12, 23, 5, 892, inf, 1, 1, 28, 1, 2313, 19, 4, 250, 44, 1089, 1372, 4, 25, 3, 1073, 1, 24, 627, 3, 3, 5, inf, 19, 2, 236, 1, 1, 1, 1, 69, 486, 47, 106, 43, 8, 13, 1207, 18, 7, 106, 6, 2, 67, 100, inf, 424, 2, 4, 144, 4, 851, 1, 1955, 35, 1, 96, 1, 120, 1, 273, 26, 3, 19, 22, 543, 980, 6, 98, 1, 3, 93, 767, 184, 24, 44, 320, 785, 53, 2, 1, 359, 55, 4, 21, 264, 5, 1, inf, 1, 12, 3, 1, 102, 5708, inf, 563, 1, 1, 1, 1, 1, 12, 1, inf, 151, inf, 225, 23, 29, 202, 25, 9, 2334, 69, 3, 1, 44, 2, 17, 80, 9, 1, 409, 1, 785, 26, 101, 61, 3, 816, 97, 1, 123, 72, 31, 1273, 27, 1, 3049, 3, 126, 31, inf, 1, 1, 1, 1, 1, 10, 13, 2, 18, 4206, 1, inf, 8, 1, 337, 16, 13, 2, 2, 2, 3, inf, 15, 27, 1594, 1, 23, 5, inf, 1, 198, 2, 12, 2, 1, 30, 1, 80, 4, 84, 1, 116, 1, 5, 1, 174, 81, 96, 47, 33, 10, 1, 133, 272, 1, 243, 20, 16, 1, 9, 37, 19, 3, 615, 86, 9, 17, 118, inf, 17, 3, 11, 30, 1, 1604, 27, 1016, 29, 3, 110, 687, 22, 5, 1204, 6, 1, 110, 53, 1, 2, 7, 1, 1]
2022-08-30 Tuesday 14:28:31:INFO: It completed at: 2022-08-30 14:28:31.437651
2022-08-30 Tuesday 14:28:31:INFO: Completed after: 0:09:19.213469
