2022-08-26 Friday 23:38:50:INFO: {'bug_database': 'dataset/eclipse-old/eclipse-old_soft_clean.json', 'database_name': 'eclipse-old-sampled', 'epochs': 8, 'lr': 0.001, 'l2': 0.0, 'dropout': None, 'batch_size': 128, 'ranking_batch_size': 256, 'cuda': True, 'cache_folder': None, 'pairs_training': 'dataset/eclipse-old/sampled_training_split_eclipse-old_pairs_random_1.txt', 'pairs_validation': 'dataset/eclipse-old/sampled_validation_eclipse-old_pairs_random_1.txt', 'neg_pair_generator': {'type': 'none', 'training': None, 'rate': 1, 'pre_list_file': None, 'k': 0, 'n_tries': 0, 'preselected_length': None, 'random_anchor': True}, 'sum_desc': None, 'summary': {'word_embedding': 'word_embedding/eclipse-old/glove_42B_300d_eclipse-old.txt', 'lexicon': None, 'encoder_type': 'rnn', 'tokenizer': 'white_space', 'filters': ['TransformLowerCaseFilter'], 'rnn_type': 'lstm', 'hidden_size': 300, 'nfilters': 100, 'bidirectional': True, 'num_layers': 1, 'dropout': 0.15, 'update_embedding': False, 'fixed_opt': 'mean+max', 'activation': 'relu', 'batch_normalization': False, 'hidden_sizes': None, 'hidden_act': None, 'hidden_dropout': 0.0, 'bn_last_layer': False, 'self_att_hidden': 100, 'n_hops': 20, 'standardization': False}, 'description': {'word_embedding': 'word_embedding/eclipse-old/glove_42B_300d_eclipse-old.txt', 'lexicon': None, 'encoder_type': 'rnn', 'tokenizer': 'white_space', 'filters': ['TransformLowerCaseFilter'], 'rnn_type': 'lstm', 'hidden_size': 300, 'nfilters': 100, 'bidirectional': True, 'num_layers': 1, 'dropout': 0.15, 'update_embedding': False, 'fixed_opt': 'mean+max', 'activation': 'relu', 'batch_normalization': True, 'hidden_sizes': None, 'hidden_act': None, 'hidden_dropout': 0.0, 'bn_last_layer': False, 'window_sizes': [3], 'self_att_hidden': 100, 'n_hops': 20, 'standardization': False}, 'categorical': {'lexicons': 'dataset/eclipse-old/categorical_lexicons.json', 'bn_last_layer': True, 'emb_size': 20, 'hidden_sizes': [40], 'dropout': 0.0, 'activation': 'relu', 'batch_normalization': True}, 'classifier': {'type': 'binary', 'without_embedding': False, 'batch_normalization': True, 'dropout': 0, 'hidden_sizes': [300, 50], 'margin': 0, 'loss': None}, 'recall_estimation_train': None, 'recall_estimation': None, 'rr_val_epoch': 100, 'rr_train_epoch': 100, 'random_switch': False, 'ranking_result_file': None, 'optimizer': 'adam', 'momentum': 0.9, 'lr_scheduler': None, 'save': None, 'load': None, 'pair_test_dataset': None, 'recall_rate': {'type': 'sun2011', 'dataset': 'dataset/eclipse-old/test_eclipse-old.txt', 'result_file': None, 'group_by_master': True, 'window': 365}, 'seed': 555483521}
2022-08-26 Friday 23:38:50:INFO: It started at: 2022-08-26 23:38:50.261401
2022-08-26 Friday 23:38:51:INFO: Turning CUDA on
2022-08-26 Friday 23:38:51:INFO: Using Summary information.
2022-08-26 Friday 23:43:02:INFO: Lexicon size: 1934888
2022-08-26 Friday 23:43:02:INFO: Word Embedding size: 300
2022-08-26 Friday 23:43:02:INFO: Use white space tokenizer to tokenize summary information
2022-08-26 Friday 23:43:06:INFO: Using Description information.
2022-08-26 Friday 23:46:40:INFO: Lexicon size: 1934888
2022-08-26 Friday 23:46:40:INFO: Word Embedding size: 300
2022-08-26 Friday 23:46:40:INFO: Use white space tokenizer to tokenize summary information
2022-08-26 Friday 23:46:43:INFO: Using Categorical Information.
2022-08-26 Friday 23:46:44:INFO: Using NLLLoss
2022-08-26 Friday 23:46:47:INFO: Not generate dynamically the negative examples.
2022-08-26 Friday 23:46:47:INFO: Training size: 3342
2022-08-26 Friday 23:46:48:INFO: Validation size: 108
2022-08-26 Friday 23:46:48:INFO: Adam
2022-08-26 Friday 23:46:48:INFO: Scheduler: Constant
2022-08-26 Friday 23:46:48:INFO: Epoch: 1
2022-08-26 Friday 23:46:48:INFO: LR: 0.001
2022-08-26 Friday 23:46:52:INFO: {'type': 'metric', 'label': 'training_confusion_matrix', 'accuracy': 0.8644524236983842, 'precision': [0.8569753810082064, 0.8722493887530562], 'recall': [0.8749251944943148, 0.8539796529024536], 'f1': [0.865857269766064, 0.8630178409434528], 'confusion_matrix': [[1462, 209], [244, 1427]], 'epoch': None}
2022-08-26 Friday 23:46:52:INFO: {'type': 'metric', 'label': 'training_loss', 'epoch': 1, 'value': 0.3321144994970284, 'sum': 1109.926657319069, 'num_example': 3342}
2022-08-26 Friday 23:46:52:INFO: {'type': 'metric', 'label': 'training_dist_target', 'value': (0.2313619901290702, 0.23348687602544815), 'epoch': 1}
2022-08-26 Friday 23:46:52:INFO: {'type': 'metric', 'label': 'validation_confusion_matrix', 'accuracy': 0.9074074074074074, 'precision': [0.8666666666666667, 0.9583333333333334], 'recall': [0.9629629629629629, 0.8518518518518519], 'f1': [0.9122807017543855, 0.9019607843137251], 'confusion_matrix': [[52, 2], [8, 46]], 'epoch': None}
2022-08-26 Friday 23:46:52:INFO: {'type': 'metric', 'label': 'validation_loss', 'epoch': 1, 'value': 0.30110859870910645, 'sum': 32.519728660583496, 'num_example': 108}
2022-08-26 Friday 23:46:52:INFO: {'type': 'metric', 'label': 'validation_dist_target', 'value': (0.1676324031971119, 0.2761768764919705), 'epoch': 1}
2022-08-26 Friday 23:46:52:INFO: Epoch: 2
2022-08-26 Friday 23:46:52:INFO: LR: 0.001
2022-08-26 Friday 23:46:57:INFO: {'type': 'metric', 'label': 'training_confusion_matrix', 'accuracy': 0.9578096947935368, 'precision': [0.9526627218934911, 0.9630750605326877], 'recall': [0.9634949132256134, 0.9521244763614602], 'f1': [0.9580481999404933, 0.9575684622329216], 'confusion_matrix': [[1610, 61], [80, 1591]], 'epoch': None}
2022-08-26 Friday 23:46:57:INFO: {'type': 'metric', 'label': 'training_loss', 'epoch': 2, 'value': 0.1434719160439938, 'sum': 479.48314341902733, 'num_example': 3342}
2022-08-26 Friday 23:46:57:INFO: {'type': 'metric', 'label': 'training_dist_target', 'value': (0.10070263533304011, 0.11693893693151194), 'epoch': 2}
2022-08-26 Friday 23:46:57:INFO: {'type': 'metric', 'label': 'validation_confusion_matrix', 'accuracy': 0.8888888888888888, 'precision': [0.8387096774193549, 0.9565217391304348], 'recall': [0.9629629629629629, 0.8148148148148148], 'f1': [0.8965517241379305, 0.8799999999999996], 'confusion_matrix': [[52, 2], [10, 44]], 'epoch': None}
2022-08-26 Friday 23:46:57:INFO: {'type': 'metric', 'label': 'validation_loss', 'epoch': 2, 'value': 0.2755117118358612, 'sum': 29.75526487827301, 'num_example': 108}
2022-08-26 Friday 23:46:57:INFO: {'type': 'metric', 'label': 'validation_dist_target', 'value': (0.05615146513338442, 0.20941328119348596), 'epoch': 2}
2022-08-26 Friday 23:46:57:INFO: Epoch: 3
2022-08-26 Friday 23:46:57:INFO: LR: 0.001
2022-08-26 Friday 23:47:02:INFO: {'type': 'metric', 'label': 'training_confusion_matrix', 'accuracy': 0.9862357869539198, 'precision': [0.987987987987988, 0.9844961240310077], 'recall': [0.9844404548174746, 0.988031119090365], 'f1': [0.9862110311750595, 0.9862604540023889], 'confusion_matrix': [[1645, 26], [20, 1651]], 'epoch': None}
2022-08-26 Friday 23:47:02:INFO: {'type': 'metric', 'label': 'training_loss', 'epoch': 3, 'value': 0.06644329924486413, 'sum': 222.0535060763359, 'num_example': 3342}
2022-08-26 Friday 23:47:02:INFO: {'type': 'metric', 'label': 'training_dist_target', 'value': (0.045998849387139634, 0.06113264804682569), 'epoch': 3}
2022-08-26 Friday 23:47:02:INFO: {'type': 'metric', 'label': 'validation_confusion_matrix', 'accuracy': 0.9166666666666666, 'precision': [0.8688524590163934, 0.9787234042553191], 'recall': [0.9814814814814815, 0.8518518518518519], 'f1': [0.9217391304347821, 0.9108910891089103], 'confusion_matrix': [[53, 1], [8, 46]], 'epoch': None}
2022-08-26 Friday 23:47:02:INFO: {'type': 'metric', 'label': 'validation_loss', 'epoch': 3, 'value': 0.2548099756240845, 'sum': 27.519477367401123, 'num_example': 108}
2022-08-26 Friday 23:47:02:INFO: {'type': 'metric', 'label': 'validation_dist_target', 'value': (0.06148646937476264, 0.16931374867757162), 'epoch': 3}
2022-08-26 Friday 23:47:02:INFO: Epoch: 4
2022-08-26 Friday 23:47:02:INFO: LR: 0.001
2022-08-26 Friday 23:47:06:INFO: {'type': 'metric', 'label': 'training_confusion_matrix', 'accuracy': 0.9892280071813285, 'precision': [0.9921733895243829, 0.9863176680547293], 'recall': [0.9862357869539198, 0.9922202274087373], 'f1': [0.9891956782713079, 0.9892601431980901], 'confusion_matrix': [[1648, 23], [13, 1658]], 'epoch': None}
2022-08-26 Friday 23:47:06:INFO: {'type': 'metric', 'label': 'training_loss', 'epoch': 4, 'value': 0.04530066955569331, 'sum': 151.39483765512705, 'num_example': 3342}
2022-08-26 Friday 23:47:06:INFO: {'type': 'metric', 'label': 'training_dist_target', 'value': (0.03586929094855618, 0.03552059742735218), 'epoch': 4}
2022-08-26 Friday 23:47:06:INFO: {'type': 'metric', 'label': 'validation_confusion_matrix', 'accuracy': 0.8888888888888888, 'precision': [0.8888888888888888, 0.8888888888888888], 'recall': [0.8888888888888888, 0.8888888888888888], 'f1': [0.8888888888888883, 0.8888888888888883], 'confusion_matrix': [[48, 6], [6, 48]], 'epoch': None}
2022-08-26 Friday 23:47:06:INFO: {'type': 'metric', 'label': 'validation_loss', 'epoch': 4, 'value': 0.25269484519958496, 'sum': 27.291043281555176, 'num_example': 108}
2022-08-26 Friday 23:47:06:INFO: {'type': 'metric', 'label': 'validation_dist_target', 'value': (0.14878469043307835, 0.09847306322168421), 'epoch': 4}
2022-08-26 Friday 23:47:06:INFO: Epoch: 5
2022-08-26 Friday 23:47:06:INFO: LR: 0.001
2022-08-26 Friday 23:47:11:INFO: {'type': 'metric', 'label': 'training_confusion_matrix', 'accuracy': 0.9979054458408139, 'precision': [0.9970131421744325, 0.9988009592326139], 'recall': [0.9988031119090365, 0.9970077797725913], 'f1': [0.9979073243647228, 0.9979035639412992], 'confusion_matrix': [[1669, 2], [5, 1666]], 'epoch': None}
2022-08-26 Friday 23:47:11:INFO: {'type': 'metric', 'label': 'training_loss', 'epoch': 5, 'value': 0.017280254489616818, 'sum': 57.7506105042994, 'num_example': 3342}
2022-08-26 Friday 23:47:11:INFO: {'type': 'metric', 'label': 'training_dist_target', 'value': (0.012933764056057933, 0.01854824310002535), 'epoch': 5}
2022-08-26 Friday 23:47:11:INFO: {'type': 'metric', 'label': 'validation_confusion_matrix', 'accuracy': 0.9166666666666666, 'precision': [0.8688524590163934, 0.9787234042553191], 'recall': [0.9814814814814815, 0.8518518518518519], 'f1': [0.9217391304347821, 0.9108910891089103], 'confusion_matrix': [[53, 1], [8, 46]], 'epoch': None}
2022-08-26 Friday 23:47:11:INFO: {'type': 'metric', 'label': 'validation_loss', 'epoch': 5, 'value': 0.25385528802871704, 'sum': 27.41637110710144, 'num_example': 108}
2022-08-26 Friday 23:47:11:INFO: {'type': 'metric', 'label': 'validation_dist_target', 'value': (0.027844861701682763, 0.15479423381664134), 'epoch': 5}
2022-08-26 Friday 23:47:11:INFO: Epoch: 6
2022-08-26 Friday 23:47:11:INFO: LR: 0.001
2022-08-26 Friday 23:47:15:INFO: {'type': 'metric', 'label': 'training_confusion_matrix', 'accuracy': 0.9988031119090365, 'precision': [0.9988031119090365, 0.9988031119090365], 'recall': [0.9988031119090365, 0.9988031119090365], 'f1': [0.9988031119090359, 0.9988031119090359], 'confusion_matrix': [[1669, 2], [2, 1669]], 'epoch': None}
2022-08-26 Friday 23:47:15:INFO: {'type': 'metric', 'label': 'training_loss', 'epoch': 6, 'value': 0.009645749576822288, 'sum': 32.23609508574009, 'num_example': 3342}
2022-08-26 Friday 23:47:15:INFO: {'type': 'metric', 'label': 'training_dist_target', 'value': (0.007850375661837135, 0.010090724463094714), 'epoch': 6}
2022-08-26 Friday 23:47:15:INFO: {'type': 'metric', 'label': 'validation_confusion_matrix', 'accuracy': 0.9259259259259259, 'precision': [0.9107142857142857, 0.9423076923076923], 'recall': [0.9444444444444444, 0.9074074074074074], 'f1': [0.9272727272727266, 0.9245283018867919], 'confusion_matrix': [[51, 3], [5, 49]], 'epoch': None}
2022-08-26 Friday 23:47:15:INFO: {'type': 'metric', 'label': 'validation_loss', 'epoch': 6, 'value': 0.24593402445316315, 'sum': 26.56087464094162, 'num_example': 108}
2022-08-26 Friday 23:47:15:INFO: {'type': 'metric', 'label': 'validation_dist_target', 'value': (0.09485605027940539, 0.1173637001602738), 'epoch': 6}
2022-08-26 Friday 23:47:15:INFO: Epoch: 7
2022-08-26 Friday 23:47:15:INFO: LR: 0.001
2022-08-26 Friday 23:47:20:INFO: {'type': 'metric', 'label': 'training_confusion_matrix', 'accuracy': 0.9940155595451825, 'precision': [0.9934249850567842, 0.9946075494307969], 'recall': [0.9946140035906643, 0.9934171154997008], 'f1': [0.9940191387559804, 0.9940119760479037], 'confusion_matrix': [[1662, 9], [11, 1660]], 'epoch': None}
2022-08-26 Friday 23:47:20:INFO: {'type': 'metric', 'label': 'training_loss', 'epoch': 7, 'value': 0.021490826476019773, 'sum': 71.82234208285809, 'num_example': 3342}
2022-08-26 Friday 23:47:20:INFO: {'type': 'metric', 'label': 'training_dist_target', 'value': (0.011470044650391574, 0.019066584887866986), 'epoch': 7}
2022-08-26 Friday 23:47:20:INFO: {'type': 'metric', 'label': 'validation_confusion_matrix', 'accuracy': 0.8703703703703703, 'precision': [0.7941176470588235, 1.0], 'recall': [1.0, 0.7407407407407407], 'f1': [0.8852459016393437, 0.8510638297872335], 'confusion_matrix': [[54, 0], [14, 40]], 'epoch': None}
2022-08-26 Friday 23:47:20:INFO: {'type': 'metric', 'label': 'validation_loss', 'epoch': 7, 'value': 0.635303795337677, 'sum': 68.61280989646912, 'num_example': 108}
2022-08-26 Friday 23:47:20:INFO: {'type': 'metric', 'label': 'validation_dist_target', 'value': (0.002447521520985497, 0.3005808017871998), 'epoch': 7}
2022-08-26 Friday 23:47:20:INFO: Epoch: 8
2022-08-26 Friday 23:47:20:INFO: LR: 0.001
2022-08-26 Friday 23:47:25:INFO: {'type': 'metric', 'label': 'training_confusion_matrix', 'accuracy': 0.9934171154997008, 'precision': [0.9951951951951952, 0.9916517590936196], 'recall': [0.9916217833632556, 0.995212447636146], 'f1': [0.9934052757793759, 0.993428912783751], 'confusion_matrix': [[1657, 14], [8, 1663]], 'epoch': None}
2022-08-26 Friday 23:47:25:INFO: {'type': 'metric', 'label': 'training_loss', 'epoch': 8, 'value': 0.022404937161648795, 'sum': 74.87729999423027, 'num_example': 3342}
2022-08-26 Friday 23:47:25:INFO: {'type': 'metric', 'label': 'training_dist_target', 'value': (0.018160591560194658, 0.014848247464726173), 'epoch': 8}
2022-08-26 Friday 23:47:25:INFO: {'type': 'metric', 'label': 'validation_confusion_matrix', 'accuracy': 0.9166666666666666, 'precision': [0.8571428571428571, 1.0], 'recall': [1.0, 0.8333333333333334], 'f1': [0.9230769230769225, 0.9090909090909085], 'confusion_matrix': [[54, 0], [9, 45]], 'epoch': None}
2022-08-26 Friday 23:47:25:INFO: {'type': 'metric', 'label': 'validation_loss', 'epoch': 8, 'value': 0.3894258737564087, 'sum': 42.05799436569214, 'num_example': 108}
2022-08-26 Friday 23:47:25:INFO: {'type': 'metric', 'label': 'validation_dist_target', 'value': (0.02507825250978823, 0.18222411473592123), 'epoch': 8}
2022-08-26 Friday 23:47:25:INFO: Calculating recall rate: sun2011
2022-08-26 Friday 23:50:01:INFO: RR calculation - 500 duplicate reports were processed
2022-08-26 Friday 23:52:22:INFO: RR calculation - 1000 duplicate reports were processed
2022-08-26 Friday 23:54:49:INFO: RR calculation - 1500 duplicate reports were processed
2022-08-26 Friday 23:57:22:INFO: RR calculation - 2000 duplicate reports were processed
2022-08-26 Friday 23:59:56:INFO: RR calculation - 2500 duplicate reports were processed
2022-08-27 Saturday 00:02:31:INFO: RR calculation - 3000 duplicate reports were processed
2022-08-27 Saturday 00:02:40:INFO: [] Throughput: 3.3121589023350473 bugs per second (bugs=3029 ,seconds=914.5092639923096)
2022-08-27 Saturday 00:02:40:INFO: {'type': 'metric', 'label': 'recall_rate', 'k': 1, 'rate': 0.3301419610432486, 'hit': 1000, 'total': 3029, 'epoch': 0}
2022-08-27 Saturday 00:02:40:INFO: {'type': 'metric', 'label': 'recall_rate', 'k': 2, 'rate': 0.4199405744470122, 'hit': 1272, 'total': 3029, 'epoch': 0}
2022-08-27 Saturday 00:02:40:INFO: {'type': 'metric', 'label': 'recall_rate', 'k': 3, 'rate': 0.45625619016176955, 'hit': 1382, 'total': 3029, 'epoch': 0}
2022-08-27 Saturday 00:02:40:INFO: {'type': 'metric', 'label': 'recall_rate', 'k': 4, 'rate': 0.48134697920105646, 'hit': 1458, 'total': 3029, 'epoch': 0}
2022-08-27 Saturday 00:02:40:INFO: {'type': 'metric', 'label': 'recall_rate', 'k': 5, 'rate': 0.5130406074612083, 'hit': 1554, 'total': 3029, 'epoch': 0}
2022-08-27 Saturday 00:02:40:INFO: {'type': 'metric', 'label': 'recall_rate', 'k': 6, 'rate': 0.5282271376691977, 'hit': 1600, 'total': 3029, 'epoch': 0}
2022-08-27 Saturday 00:02:40:INFO: {'type': 'metric', 'label': 'recall_rate', 'k': 7, 'rate': 0.5404423902277979, 'hit': 1637, 'total': 3029, 'epoch': 0}
2022-08-27 Saturday 00:02:40:INFO: {'type': 'metric', 'label': 'recall_rate', 'k': 8, 'rate': 0.5510069329811819, 'hit': 1669, 'total': 3029, 'epoch': 0}
2022-08-27 Saturday 00:02:40:INFO: {'type': 'metric', 'label': 'recall_rate', 'k': 9, 'rate': 0.5592604820072631, 'hit': 1694, 'total': 3029, 'epoch': 0}
2022-08-27 Saturday 00:02:40:INFO: {'type': 'metric', 'label': 'recall_rate', 'k': 10, 'rate': 0.5708154506437768, 'hit': 1729, 'total': 3029, 'epoch': 0}
2022-08-27 Saturday 00:02:40:INFO: {'type': 'metric', 'label': 'recall_rate', 'k': 11, 'rate': 0.5827005612413337, 'hit': 1765, 'total': 3029, 'epoch': 0}
2022-08-27 Saturday 00:02:40:INFO: {'type': 'metric', 'label': 'recall_rate', 'k': 12, 'rate': 0.5899636843842853, 'hit': 1787, 'total': 3029, 'epoch': 0}
2022-08-27 Saturday 00:02:40:INFO: {'type': 'metric', 'label': 'recall_rate', 'k': 13, 'rate': 0.5985473753714097, 'hit': 1813, 'total': 3029, 'epoch': 0}
2022-08-27 Saturday 00:02:40:INFO: {'type': 'metric', 'label': 'recall_rate', 'k': 14, 'rate': 0.6021789369428855, 'hit': 1824, 'total': 3029, 'epoch': 0}
2022-08-27 Saturday 00:02:40:INFO: {'type': 'metric', 'label': 'recall_rate', 'k': 15, 'rate': 0.6104324859689667, 'hit': 1849, 'total': 3029, 'epoch': 0}
2022-08-27 Saturday 00:02:40:INFO: {'type': 'metric', 'label': 'recall_rate', 'k': 16, 'rate': 0.6150544734235721, 'hit': 1863, 'total': 3029, 'epoch': 0}
2022-08-27 Saturday 00:02:40:INFO: {'type': 'metric', 'label': 'recall_rate', 'k': 17, 'rate': 0.6206668867613073, 'hit': 1880, 'total': 3029, 'epoch': 0}
2022-08-27 Saturday 00:02:40:INFO: {'type': 'metric', 'label': 'recall_rate', 'k': 18, 'rate': 0.6256190161769561, 'hit': 1895, 'total': 3029, 'epoch': 0}
2022-08-27 Saturday 00:02:40:INFO: {'type': 'metric', 'label': 'recall_rate', 'k': 19, 'rate': 0.6292505777484318, 'hit': 1906, 'total': 3029, 'epoch': 0}
2022-08-27 Saturday 00:02:40:INFO: {'type': 'metric', 'label': 'recall_rate', 'k': 20, 'rate': 0.632221855397821, 'hit': 1915, 'total': 3029, 'epoch': 0}
2022-08-27 Saturday 00:02:40:INFO: {'type': 'metric', 'label': 'MAP', 'value': 0.41541573708204343, 'sum': 1258.2942676215096, 'total': 3029, 'epoch': 0}
2022-08-27 Saturday 00:02:40:INFO: [3, 20, 1, 13, 83, 15, 10, 511, inf, 366, 86, 11, 1, 3, 1, 273, 259, inf, 91, 1, 1581, 843, 13, 702, 717, 113, 53, 4, 8, 40, 1, 1, 7, 1, 72, 1, 22, 11, 8, 17, 12, 73, 489, 1, 367, 29, 20, 15, 51, 32, 1634, 1302, 4, 144, 127, 14, 32, 385, 134, 1018, 31, 15, 1, 16, 1, 21, 41, 36, inf, 8, 46, 51, 11, inf, 422, 780, inf, 142, inf, 160, 698, 2333, 574, 1634, 161, 2, 427, 2, 5, 53, 266, 132, 48, 253, 1, 1, 3, 169, 22, 166, 1, 325, inf, 4, 19, 106, 924, 15, inf, 1, 9, 108, 4, 5, inf, 4, 51, 18, 1, 78, 9, 7083, 10, 21, 3, 7, inf, inf, 1, 32, 141, inf, 944, 1, 36, 531, 1, 33, 144, inf, 160, 577, inf, inf, 5, 297, 1, 1, inf, 473, 166, 86, inf, 3, 21, 3, 5, 282, inf, 837, 295, 11, inf, 4947, 51, 3, 64, 1, 37, 965, 814, 105, 15, inf, 5, 5, 451, 40, 41, 1, 1098, 5, 15, 15, inf, 8, 321, 1, 29, 593, inf, 10, 50, 164, 1, 1160, inf, 1169, 4, 2, 7, 330, 1, 600, 5, 1, 437, 1, 6, 5743, 51, 5650, 460, 164, 2, 43, 92, 136, 3, 31, 4, 103, 5, inf, inf, 1, 101, 11, 18, 39, 16, 14456, inf, 434, 2, 48, 1, inf, 1, 9, 1, 1, 5, 1, 1, 4, 1, 5, 432, 5060, 28, 1, 71, 22, 2, 1218, 1544, 1765, 3, 140, inf, 3, 1, 484, 393, 39, 3, 7, inf, 3, 862, 6, 6, 17, 25, 84, 1, 147, 119, 226, 268, 276, 876, 2, 1486, 50, 100, 12505, 4329, 6, 188, 43, 107, 127, inf, 482, inf, 749, 3, 23, 6992, 11, 748, 23, 552, inf, 655, 660, 7, 142, 1, 4, 1679, 1008, inf, 1, 98, 9, 1, 11, inf, 8, 2, 14, 403, 33, 13, 690, 45, 234, 610, 98, 127, 1, 1, 5, 225, 685, 2, 3, 24, 98, 665, 1, inf, 251, 773, inf, 26, 6, 144, 82, 6, 543, 2398, 26, inf, 95, 1, 46, inf, 84, inf, 22, 2, 1611, 10, 54, 3, 3, 1, 1, 116, inf, 6, 5, 9, 79, 5, 7, 43, 11, inf, 619, inf, inf, 69, 12, 277, 784, 155, 1, 2, 1489, inf, inf, 427, 135, 21, 2746, 3, 1, 189, 2205, inf, 103, 275, 124, 256, 130, 6, inf, 19, 8, 13, inf, inf, 11, 220, 82, 181, inf, 72, 18819, inf, inf, 6, 5, 5, 2, 12, inf, 1290, 1089, 1, 33, inf, 1, 5647, 125, inf, 21, 31, 363, 4, 2, 44, 1580, 389, 1, 20, 3, 42, inf, 1, 1, 1, 1, inf, 40, 2, 4, 293, 5, 197, 230, 17, 122, 61, inf, 11, 7, 1, 1056, 17, 790, 47, 8, 5, 7, 17, 1, 6, 130, inf, inf, 10, 3, 5, 5, 2, 149, 120, 43, 3, 4, 62, 4, 40, 78, inf, 4, 1, 16, 187, 1, 198, 18, 3, 1311, 430, 1, 697, 27, inf, 138, 72, 180, 138, inf, 12, 117, 120, 57, inf, inf, 7, 704, 10, 36, inf, 2, 6, inf, 700, 5, inf, 21, 19, 31, 6, 101, 2827, 5653, 23, 1, inf, 1, 1, 18155, 1, 16, 84, 5, 1, 1, 78, 249, 1, 8, 63, 3199, 94, 670, 5, 287, 25, 85, 1, 11, 2, 14, 4, 39, 3, 32, 150, 644, 374, 153, 2, 75, 8, 1, 2, 208, 3, 10, 218, 1, 395, 5, 17, 1, 1, inf, 89, 35, 907, 55, 16, 7, 144, 54, 2104, 217, 47, 79, 450, 450, 1, 3, 35, 11, 18, 1682, 67, 441, 118, 92, 59, 467, 2880, 6, 2, 58, 3281, 168, 243, 257, 2, 1998, 1, 77, 43, 125, 19, 25, 18, 13, 2, 137, 54, inf, 841, 361, 44, 4, 4059, 1, 24, 420, 87, inf, 989, 961, 68, 1, 72, 82, 1730, 4, 7, 6, 1, inf, inf, 4, 62, inf, 2, inf, 52, 63, 11, 31, 1, 1, 236, 42, 1, 1, 4380, inf, 30, 5, 12, 478, 110, 820, 175, 127, 885, 33, 13, 19, 6, 82, 13, 138, 36, 1336, 42, 50, 1, 294, 90, 20, 17, 1234, 29, 361, 1, 5, 43, 111, 23, 136, 623, 6, 15, 29, 2, 13, 196, 6457, 1518, inf, 77, 17, 3530, inf, 316, 1, 26, 9, 194, 1, 44, 3, 549, 28, 9, 699, 813, 11, 21, 1, 11, 22, 25, 1148, inf, 43, 5, 1, 179, 2, 72, 53, 24, 1, 237, inf, 8, inf, 92, 2444, 8, 399, 91, inf, 28, 25, inf, 47, 27, 369, 222, 40, 1, 3466, 5036, inf, 745, 19, 3, 25, 101, 1, 358, 29, inf, 392, 1, 364, inf, 68, 90, inf, 469, 3, 19776, 1, 64, inf, 2, 4553, 551, inf, 12, 113, 67, 90, 125, 10415, 11, 8, 1, 57, 350, 16, 14, 402, 3, 20, 464, 342, 17, 49, 296, 69, 45, 1, 2, 22, inf, 51, 27, 1, 36, 141, 15, 195, 1, 169, 5, 7, 5, 768, 94, 11978, 85, 3, 36, 14, 1, 57, 3936, 356, 1, 19, 1, 989, 83, inf, 7, 8, 368, 1, 11832, inf, 8, 945, 142, 47, 88, 482, 2, 62, inf, inf, 1103, 3, 884, 68, 1, 318, 134, 1188, 176, 4, 1754, 415, 5, 750, 7, 20, 1, 21, 506, 113, 3, 201, 104, 7, 1, inf, 51, 68, 1, 4881, inf, 1, 3, 101, 619, 1338, 122, 12, 2, 43, 29, 1, inf, inf, 1, 1, inf, 143, inf, inf, 5, 1, 4, 805, 1, 3, 11, inf, 1, 4, 1, 243, inf, 109, 81, inf, 18, 2020, 433, 9, 79, 1, 2, 4, 423, 94, inf, 7, 1, 28, 2, 2, 2237, 51, 262, 8, 1, 62, 2616, 1, 2, 4, 11, 522, 5, inf, 44, 25, 9, 1, 1, inf, 490, 84, 158, 72, 1, inf, 2, inf, 12, 204, 277, inf, inf, inf, 11, 120, 11, 623, 609, 7, 11, 5, 2, 34, 11, 3, 15, 2, 17, 59, 10, inf, 89, 1076, 9, 1, 15, inf, 1059, 10, 71, 19, 1, 1, inf, 4933, 408, 4, 1519, 1, 2, inf, 2, 49, 119, 76, inf, 590, 1, inf, 37, 1, 730, 1180, 434, 22, 797, 9, inf, 89, 2, 475, 29, 13583, 24, 6, 230, 91, 124, inf, 311, 203, 8, 251, inf, 1, 8135, 1, 10, 1, 123, 1, 66, 1, 563, 12, 1, inf, 1897, 1, 446, 12, 126, 142, 68, inf, 1, 4, 11, 1, 1, 1, 1, 2, 1, 1, 1, 1, 1, 1, 1, 1, 1, 1, 1, 1, 1, 1, 1, 2, 1, 3, 2, 1, 27, 191, 5, 8, 1, 2, 1, 1, 1, 1, 243, 1, 943, 402, 13, 46, inf, 26, 104, 1, 1, 1, 5, 1, 22, 1, 1, 41, inf, 1, 1, 13, 28, 1, 1, 7, 1, 1388, 1, 1, 1, 324, 5, 6, 1, 1, inf, inf, 1, 1, 1, 4, 1, 1, 4760, 37, 14, 1, 334, 1, 6, 1, 2, 10, 159, 738, 1, 497, 12, 1, inf, 130, 10, 1, 2, 1, 9, 128, 1, 1, 1, 125, 6, 2, 1, 1, 42, 1, 1, 35, inf, 424, 1, 1172, 12, 12, 30, 96, 6, 9, 15, 13, 75, 4, 24, 1, 1, 2, 2, 2, 2, 49, 5, 1, 91, 46, 7, inf, 62, 1, 1, 1, 1, 1, 1, 1, 217, 109, 1, 1, 1, 1, 719, 1, 1, 24, 3, 1, 18, 387, 1, 22, 1, 1, 1, 1, 1, 1, 28, 859, 2, 179, 1, 1, 18, 1, 243, 81, 10, 55, 2, 1, 61, 2, 104, 2, 15, inf, 93, 1, 15, inf, 287, 1, inf, 2, 1, 1, 3, 3, 722, 1, 4, 1, 3, 10, 1463, 2, 1, 1, 1, 477, 39, 1, 1, 1, 1, 1, 1, 1, 1, 1, 1, 1, 1, 1, 1, 1, 5, 1, 10, 3, 3, 3, 44, 1, 458, 1, 1, 11, 12, 11, 1, 2, inf, 1, 1, 2, 1, 21, 1, 6, 1, 1, 11, 142, 320, 1, 481, 12, 2, 1, 1, 206, 1, 2, 3, 1, 207, 38, 8, 8, 1, 7601, 188, 1, 1, 426, 1, 13, 23, 4, 6, 13, 10, 4, inf, 1, 348, 2, 1, 1, 1, 1, 2999, 2, 7, 21, 151, 3, 1596, 1, 3, 5, 3, 7, 1, 5, 1, 4, 1, 1, 1, 2, 73, 230, 1, 3, 7, 10, 130, 1, 1027, 2, 2669, 29, 1, 15, 1, 1, 4, 3, 2, 824, 178, 3, 10, 41, 1, 1, 1, 1, 1, 1, 1, 1, 1, 1, 3, 9, 3, 2, 5, 1, 1, 1, 667, 25, 5, 1, 1, 1, 1, 1, 83, 1, 1, 1, 1, 1, 1, 1, 86, 34, 1194, 19, 1722, 102, 1, inf, 24, 24, 48, 1, 5, 30, 4, 21, 2, 1, 555, 1, 1, 1, 1, 2, 1, 1, 3, 13, 11, 33, 1, 1, 1, 8, 1, 29, 468, 44, 66, 1, 1061, 6, 192, 5, 1, 1, 1, 2, 14, 15, 2, 110, 1, 1, 1, 1, 1, 1648, 1, 1, 1, 1, 1, 1, 1, 155, 1, 1, 1, 1, 5, 5, 5, 5, 5, 5, 5, 5, 5, 5, 2, 1525, 7, 9, 189, 5, 964, 3, 1, 1, 1, 738, 37, 1, 56, 1, 1, 1, 1, 1, 1, 2, 1, 1, 2, 1, 1, 1, 1, 1, 63, 8, inf, 4, 2, 2, 2, 35, 2, 2, 4, 2, 12, 1, 381, 200, 20, 13, 1, 1, 1, 2, 1, 1, 1, 1, 1, 1, 6, 2, 34, 1, 3, 1, 2, 4, 102, 2, 9, 5, 1, 7, 1, 48, 4, 1, 1, 1, 1, 1715, 1, 1, 1, 1, 1, 1, 1, 1, 1, 1, 1, 1, 2, 1, 2, 1, 1, 1, 13, 9, 1, 294, 10, 14, 2, 1, 1, 1, 1, 1, 1, 1, 1, 1, 2, 2, 1, 1, 1, 1, 12, 4, 3, 1, 1, 1, 1, 1, 6, 1, 1, 1, 6, inf, 1, 142, 1, 1, 1, 55, 1, 17, 17, 29, 1, 7, 1, 1, 1, 1, 1, 1, 261, 1, 1, 1, 1, 1, 1, 1, 1, 1, 1, 1, 10, 2, 1, 1, 1, 10, 1, 1, 1, 2, 1, 2, 1, 175, 1, 1, 1, 7, 35, 17, 2, 2, 93, 3, 2, 1, 1, 24, 1, 393, 13, 1, 18, 3, 1, 1, 1, 1, 1, 430, 1, 1, 1, 1, 1, 1, 1, 2, 1, 262, 5, 6, 1, 1, 1, 7, 1, 1, 1, 1, 1, 1, 1, 1, 10, 1, 83, 1, 1, 1, 1, 15, 55, 178, 8, 1, 77, 94, 22, 1, 27, 747, 1, 53, 1074, 84, 16, 1, 149, 1, 1, 1212, 39, 1, 3, 1, 1, 17, 1, 1, 18, 1, 1, 1, inf, 1, 1, 17, 1, 1, 12, 1, 1, 4, 1, 1, 545, 1, 731, 1, 1, 2, 2, 2, 2, 1, 23, 1, 4, inf, 2, 1, 65, 1, 2, 128, 1, 1, 1, 1, 1, 1, 1, 1, 1, 1, 2, 1, 1, 1, inf, 134, 2, 47, 1, 1, 1, 1, 1, 1, 15, 281, 1, 54, 1, 1, 2, 1, 1, 2, 1, 1, 1, 1, 3, 4, 3, 1, 5, 2, 1, 1, 1, 1, 1020, 261, 1, 4, 1, 1, 108, inf, 1, 1, 26, 15, 13, 7, 1, 1, 4, 1, 6, 2, 1, 1, 1, 73, 1, 1, 6, 4, 1, 1, 785, 1, 1, 1, 1, 1, 2, 4, 517, 1, 1, 1, 1, 1, 2, 1, 1, 1, 1, 2, 1, 32, 1, 1, 1, 2, 1, 4, 1, 1, 1, 1, 1, 4, 228, 1, 30, 1, 6, 1, 1, 1, 1, 1, 3045, 307, 1, 39, 56, 1, 1, 1, 1, 2, 2, 1, 1, 1, 1, 1, 24, 1, 1, 1, 1, 1, 1, 1, 1, 1, 3, 2, 2, 2, 1, 1, 2512, 5, 4, 142, 1, 111, 21, 9, 1, 3, 3, 2, 2, 3, 3, 2, 3, 3, 2, 2, 1, 260, 1, 48, 3569, 1, 1, 16, 129, 1, 22, 2, 5, 2, 8, 2, 5, 1, 1, 1, 15, 2, 2, 2, 2, 2, 34, 2, 1, 2, 2, 42, 2, 2, 1, 2, 2, 2, 3, 2, 17, 5, 2, 2, 6, 3, 2, 2, 1, 13383, 59, 39, 25, inf, 2, 1, 1, 1, 7, 1, 201, inf, 26, 1, 1, 90, 2664, 62, inf, 1, 1, 288, 13, 78, 1, 2, 1, 1, 9, 1, 510, 3, 3, 2, 250, 5, 1, 16, 16, 1, 1, 1, 334, 1492, 1, 1, 5, 1, 1, 38, 1, 5, 1, 1, 2, 38, 1, 1, 10, inf, 1, 1, 69, 1, 1, 1, 1, 6, 1, 1, 1, 16, 1, 1, 1, 5, 2, 2, 11, 5, 5, 1, 1, 1, 3, 1, 1, 2, 2, 136, 2, 2, 2, 2, 2, 2, 2, 2, 2, 2, 2, 2, 3054, 5298, 166, 3, 1, 1, 8, 49, 2, 1, 1, 1, 2, 2, 2, 2, 1, 2, 2, 8, 2, 6, 1, 2, 7, 13, 20, 1, 1, 9, 2, 14, 6, 549, 1, 159, 3, 40, 60, 1, 1, 18, 2, 784, 2, 20, 1, 55, 1, 1, 1, 2, 2, inf, 2559, 5012, 179, 660, 16, 1, 1, 1072, 13, 1, 1, 4, 1, 26, 15, 21, 30, 15, 26, 2, 1, 1, 1, 1, 18, 10, 403, 24, 124, 15, 1, 904, 46, 1, 3, 1, 1, 1, 1, 1, 1, 1, 1, 4, inf, 8, 1, 1, 82, 2, 2, 2, 1, 2, 2, 2, 2, 2, 2, 2, 1, 2, 2, 2, 2, 2, 2, 2, 2, 2, 2, 1, 2, 277, 557, 1, 1, 1, 1, 1, 1, 1, 1, 1, 1, 1, 1, 1, 1, 1, 1, inf, 1499, 1, 2, 1298, 2044, 1, 1, 2, 1, 1, 1, 307, 2, 7, 1296, 1, 1, 1, 1, 10, 1, 10, 1, 2, 2, 1, 186, 1, 1, 1, 1, 1, inf, 2, inf, 1, 1, 1, 182, 2, 22, 9, 1, 1, 1, 11, 1, 1, 26, inf, 1, 2, 2, 2, 2, 2, 2, 10, 2, 2, 1, 2, 2, 2, 2, 1, 2, inf, 9, 8, 8, 8, 36, 11, 3, 3, 3, 3, 127, inf, 1, inf, 3466, 3, 7, 1, 1, 1, 1, 398, inf, 1, 3, 5, 2, 2, 2, 2, 2, 2, 1, 2, 5, 1, 1, 215, 85, 2, 2, 2, 2, 1, 2, 4, 2, 3, 6, 1, 2, 1, 2, 77, 1, 1182, 3, 1, 1, 1, 1, 1, 1, 1, 12, 1, 1, 1, 1, 1, 1, 1, 1, 1, 263, 1, 1, 2, 2, 1, 1, 1, 1, 4, 58, 1, 1, 23, 1, 1, 8, 1, 2, 1888, 479, 1, 31, 1, 1, 1, 134, 315, 5, 1, 1, 1, 2, 2, 1, 4319, 10, 1, 1, 3, 2118, inf, 2039, 4, 1, 1, 13, 1325, 1, 1, 1, 1, 7, 5, 5, 1, 302, 1, 6, 4, 10, 4, 354, 173, 1, 39, 59, 2, 2, 1, 43, 2, 362, 4, 1, 2, 1, 11, 882, 1, 1, 1, 2, 287, 3, 15, 14, 372, 1, 1212, 7, 1, inf, 1, 1, 1, 1, 25, 2, 1, 1, 211, 9, 11, 1, inf, inf, 16, 1, 2, inf, 1, 1, 194, 1, 1, 2, 4, 60, 10, 10, 1, 1, 5, 112, 147, 729, 3, 1, 10, 47, 1, 1, 1, 1, 1, 1, 1, 1, 1, 1, 1, 1, 1, 1, 1, 1, 1, 1, 1, 1, 1, 1, 2, 18, 2, 1, 1, 1, 2, 1, 52, 1, 21, 1, 5, 527, 6, 37, 5, 4, 1, 1, 1, 87, 1, 1, 1, 1, 1, 408, 2075, 1, 1, inf, 3, 1, 5, 1, 1, 2, 119, 55, 4, 1, inf, 12, 2, 1, 1, 1, 75, 3, inf, 138, 1, 2, 2, 2, 1, 1, 1, 1, 1, 1, 284, 1, 299, 1, 1, 10, 1, 1, 1, 1060, 1, inf, 1131, 1, 1081, 1, 1, 1, 1, 1, 1, 1, 1, 1, 2, 1, 1, 1, 2599, 10, inf, 1, 368, 1198, 5, 5, 5, 5, 5, 1, 1, 1, 97, 1, 1, 1, 3, 1, 1, 6, 1, 1, 1, 1, 1, 1, 1, 71, 3, 1, 7, 1, 5, 3, 4, 4, 6, 1312, 938, 63, 23, 43, 1, 1, 1, 13, 4, 12, 1, 1, 3, 1, 1, 65, 1, 1, 1, 1, 1, 2, inf, 4, 1, 1, 1, 71, 1, 11, 34, 6, 97, 2, 1, 1, inf, 1, 1, 1, 56, 1, 1, 2, 2, 1, 673, 1, 1083, 2675, 25, 120, 16, 3, 1, 57, 150, 2737, 64, 125, 49, 4, 2, 2, 19, 1, 664, 6, 5, 5, 4, 4, 4, 4, 4, 4, 1544, 2150, 1, 1, 1, 88, 5, 3, 1, 3, 13, 1, 1, 1, 1, 1, 18, 1, 1, 1, 1, 1, 1362, 1, 4, 3, 3, 1, 2, 1, inf, 1, 1, 1, 5, 1, 1, 4, 3, 1, 1, 1, 4, 658, 6, 1, 5, 1, 3, 11, 3, 2114, 1, 70, 1, 1, 4, 3, 1, 15, 847, 2639, 67, 1656, 1, 168, 19, 1, 2, 193, 301, 173, 3, 2, inf, 1592, 1, 1, 9, 1486, 1, 358, 3701, 4, inf, 225, 5, 1101, 1, 5, 12, 201, 1653, 35, 5, 103, 1537, 7, 1, 424, 1, 11, 1593, 1, 163, 3, 107, 29, 5, 2, inf, 23, inf, inf, inf, inf, 5, 13, inf, 3603, 428, 326, 8, 8, 215, 1, inf, 7469, 9, inf, inf, 1, inf, 779, 7517, 61, 115, 24, 146, 5, 6, 366, 2, 1229, 34, 269, 13, inf, 84, 37, 109, 48, 1328, 60, inf, 888, inf, 3, 1187, 1, 175, inf, 2, 1308, 59, 498, 1, 24, 1, 94, 24, 1, 1, 14, 172, 1574, 18, 242, 326, 38, 91, 3, 2, 2, 10, 2, 2, 6, 4, 5, 2, 3, 11, 3, 3, 6, 3, 5, 17, 3, 1197, 441, 27, 7, 33, 1]
2022-08-27 Saturday 00:02:40:INFO: It completed at: 2022-08-27 00:02:40.869325
2022-08-27 Saturday 00:02:40:INFO: Completed after: 0:23:50.607924
