2022-08-30 Tuesday 19:46:31:INFO: {'bug_database': 'dataset/kibana/kibana_soft_clean.json', 'database_name': 'kibana-sampled', 'epochs': 8, 'lr': 0.001, 'l2': 0.0, 'dropout': None, 'batch_size': 128, 'ranking_batch_size': 256, 'cuda': True, 'cache_folder': None, 'pairs_training': 'dataset/kibana/training_split_kibana_pairs_random_1.txt', 'pairs_validation': 'dataset/kibana/validation_kibana_pairs_random_1.txt', 'neg_pair_generator': {'type': 'none', 'training': None, 'rate': 1, 'pre_list_file': None, 'k': 0, 'n_tries': 0, 'preselected_length': None, 'random_anchor': True}, 'sum_desc': None, 'summary': {'word_embedding': 'word_embedding/kibana/glove_42B_300d_kibana.txt', 'lexicon': None, 'encoder_type': 'rnn', 'tokenizer': 'white_space', 'filters': ['TransformLowerCaseFilter'], 'rnn_type': 'lstm', 'hidden_size': 300, 'nfilters': 100, 'bidirectional': True, 'num_layers': 1, 'dropout': 0.15, 'update_embedding': False, 'fixed_opt': 'mean+max', 'activation': 'relu', 'batch_normalization': False, 'hidden_sizes': None, 'hidden_act': None, 'hidden_dropout': 0.0, 'bn_last_layer': False, 'self_att_hidden': 100, 'n_hops': 20, 'standardization': False}, 'description': {'word_embedding': 'word_embedding/kibana/glove_42B_300d_kibana.txt', 'lexicon': None, 'encoder_type': 'rnn', 'tokenizer': 'white_space', 'filters': ['TransformLowerCaseFilter'], 'rnn_type': 'lstm', 'hidden_size': 300, 'nfilters': 100, 'bidirectional': True, 'num_layers': 1, 'dropout': 0.15, 'update_embedding': False, 'fixed_opt': 'mean+max', 'activation': 'relu', 'batch_normalization': True, 'hidden_sizes': None, 'hidden_act': None, 'hidden_dropout': 0.0, 'bn_last_layer': False, 'window_sizes': [3], 'self_att_hidden': 100, 'n_hops': 20, 'standardization': False}, 'categorical': {'lexicons': 'dataset/kibana/categorical_lexicons.json', 'bn_last_layer': True, 'emb_size': 20, 'hidden_sizes': [40], 'dropout': 0.0, 'activation': 'relu', 'batch_normalization': True}, 'classifier': {'type': 'binary', 'without_embedding': False, 'batch_normalization': True, 'dropout': 0, 'hidden_sizes': [300, 50], 'margin': 0, 'loss': None}, 'recall_estimation_train': None, 'recall_estimation': None, 'rr_val_epoch': 100, 'rr_train_epoch': 100, 'random_switch': False, 'ranking_result_file': None, 'optimizer': 'adam', 'momentum': 0.9, 'lr_scheduler': None, 'save': None, 'load': None, 'pair_test_dataset': None, 'recall_rate': {'type': 'sun2011', 'dataset': 'dataset/kibana/test_kibana.txt', 'result_file': None, 'group_by_master': True, 'window': 365}, 'seed': 967920420}
2022-08-30 Tuesday 19:46:31:INFO: It started at: 2022-08-30 19:46:31.273593
2022-08-30 Tuesday 19:46:31:INFO: Turning CUDA on
2022-08-30 Tuesday 19:46:31:INFO: Using Summary information.
2022-08-30 Tuesday 19:51:18:INFO: Lexicon size: 1919916
2022-08-30 Tuesday 19:51:18:INFO: Word Embedding size: 300
2022-08-30 Tuesday 19:51:18:INFO: Use white space tokenizer to tokenize summary information
2022-08-30 Tuesday 19:51:23:INFO: Using Description information.
2022-08-30 Tuesday 19:55:54:INFO: Lexicon size: 1919916
2022-08-30 Tuesday 19:55:54:INFO: Word Embedding size: 300
2022-08-30 Tuesday 19:55:54:INFO: Use white space tokenizer to tokenize summary information
2022-08-30 Tuesday 19:55:59:INFO: Using Categorical Information.
2022-08-30 Tuesday 19:55:59:INFO: Using NLLLoss
2022-08-30 Tuesday 19:56:03:INFO: Not generate dynamically the negative examples.
2022-08-30 Tuesday 19:56:03:INFO: Training size: 724
2022-08-30 Tuesday 19:56:03:INFO: Validation size: 28
2022-08-30 Tuesday 19:56:03:INFO: Adam
2022-08-30 Tuesday 19:56:03:INFO: Scheduler: Constant
2022-08-30 Tuesday 19:56:03:INFO: Epoch: 1
2022-08-30 Tuesday 19:56:03:INFO: LR: 0.001
2022-08-30 Tuesday 19:56:05:INFO: {'type': 'metric', 'label': 'training_confusion_matrix', 'accuracy': 0.6353591160220995, 'precision': [0.6129032258064516, 0.6689655172413793], 'recall': [0.7348066298342542, 0.5359116022099447], 'f1': [0.668341708542713, 0.5950920245398766], 'confusion_matrix': [[266, 96], [168, 194]], 'epoch': None}
2022-08-30 Tuesday 19:56:05:INFO: {'type': 'metric', 'label': 'training_loss', 'epoch': 1, 'value': 0.6445537818729549, 'sum': 466.6569380760193, 'num_example': 724}
2022-08-30 Tuesday 19:56:05:INFO: {'type': 'metric', 'label': 'training_dist_target', 'value': (0.37864234302583977, 0.4737481333274209), 'epoch': 1}
2022-08-30 Tuesday 19:56:05:INFO: {'type': 'metric', 'label': 'validation_confusion_matrix', 'accuracy': 0.6071428571428571, 'precision': [0.5789473684210527, 0.6666666666666665], 'recall': [0.7857142857142856, 0.4285714285714285], 'f1': [0.6666666666666661, 0.521739130434782], 'confusion_matrix': [[11, 3], [8, 6]], 'epoch': None}
2022-08-30 Tuesday 19:56:05:INFO: {'type': 'metric', 'label': 'validation_loss', 'epoch': 1, 'value': 0.6541069746017456, 'sum': 18.314995288848877, 'num_example': 28}
2022-08-30 Tuesday 19:56:05:INFO: {'type': 'metric', 'label': 'validation_dist_target', 'value': (0.4597108704703195, 0.4974819932665144), 'epoch': 1}
2022-08-30 Tuesday 19:56:05:INFO: Epoch: 2
2022-08-30 Tuesday 19:56:05:INFO: LR: 0.001
2022-08-30 Tuesday 19:56:06:INFO: {'type': 'metric', 'label': 'training_confusion_matrix', 'accuracy': 0.9046961325966851, 'precision': [0.9013698630136986, 0.9080779944289693], 'recall': [0.9088397790055248, 0.9005524861878453], 'f1': [0.9050894085281974, 0.9042995839112338], 'confusion_matrix': [[329, 33], [36, 326]], 'epoch': None}
2022-08-30 Tuesday 19:56:06:INFO: {'type': 'metric', 'label': 'training_loss', 'epoch': 2, 'value': 0.3786696738959676, 'sum': 274.15684390068054, 'num_example': 724}
2022-08-30 Tuesday 19:56:06:INFO: {'type': 'metric', 'label': 'training_dist_target', 'value': (0.27483803132620965, 0.31438161523302616), 'epoch': 2}
2022-08-30 Tuesday 19:56:06:INFO: {'type': 'metric', 'label': 'validation_confusion_matrix', 'accuracy': 0.7142857142857143, 'precision': [0.6875, 0.7499999999999999], 'recall': [0.7857142857142856, 0.6428571428571428], 'f1': [0.7333333333333328, 0.6923076923076916], 'confusion_matrix': [[11, 3], [5, 9]], 'epoch': None}
2022-08-30 Tuesday 19:56:06:INFO: {'type': 'metric', 'label': 'validation_loss', 'epoch': 2, 'value': 0.598514974117279, 'sum': 16.758419275283813, 'num_example': 28}
2022-08-30 Tuesday 19:56:06:INFO: {'type': 'metric', 'label': 'validation_dist_target', 'value': (0.4244272368294852, 0.458247320992606), 'epoch': 2}
2022-08-30 Tuesday 19:56:06:INFO: Epoch: 3
2022-08-30 Tuesday 19:56:06:INFO: LR: 0.001
2022-08-30 Tuesday 19:56:07:INFO: {'type': 'metric', 'label': 'training_confusion_matrix', 'accuracy': 0.9350828729281768, 'precision': [0.9411764705882353, 0.9291553133514986], 'recall': [0.9281767955801105, 0.9419889502762431], 'f1': [0.934631432545201, 0.9355281207133054], 'confusion_matrix': [[336, 26], [21, 341]], 'epoch': None}
2022-08-30 Tuesday 19:56:07:INFO: {'type': 'metric', 'label': 'training_loss', 'epoch': 3, 'value': 0.26596577210320954, 'sum': 192.5592190027237, 'num_example': 724}
2022-08-30 Tuesday 19:56:07:INFO: {'type': 'metric', 'label': 'training_dist_target', 'value': (0.2103418671623778, 0.21671422673852403), 'epoch': 3}
2022-08-30 Tuesday 19:56:07:INFO: {'type': 'metric', 'label': 'validation_confusion_matrix', 'accuracy': 0.6071428571428571, 'precision': [0.5789473684210527, 0.6666666666666665], 'recall': [0.7857142857142856, 0.4285714285714285], 'f1': [0.6666666666666661, 0.521739130434782], 'confusion_matrix': [[11, 3], [8, 6]], 'epoch': None}
2022-08-30 Tuesday 19:56:07:INFO: {'type': 'metric', 'label': 'validation_loss', 'epoch': 3, 'value': 0.570681095123291, 'sum': 15.979070663452148, 'num_example': 28}
2022-08-30 Tuesday 19:56:07:INFO: {'type': 'metric', 'label': 'validation_dist_target', 'value': (0.3670511926923479, 0.46152305603027344), 'epoch': 3}
2022-08-30 Tuesday 19:56:07:INFO: Epoch: 4
2022-08-30 Tuesday 19:56:07:INFO: LR: 0.001
2022-08-30 Tuesday 19:56:08:INFO: {'type': 'metric', 'label': 'training_confusion_matrix', 'accuracy': 0.9737569060773481, 'precision': [0.9803921568627451, 0.9673024523160763], 'recall': [0.9668508287292817, 0.9806629834254144], 'f1': [0.9735744089012511, 0.9739368998628253], 'confusion_matrix': [[350, 12], [7, 355]], 'epoch': None}
2022-08-30 Tuesday 19:56:08:INFO: {'type': 'metric', 'label': 'training_loss', 'epoch': 4, 'value': 0.17601199382247187, 'sum': 127.43268352746964, 'num_example': 724}
2022-08-30 Tuesday 19:56:08:INFO: {'type': 'metric', 'label': 'training_dist_target', 'value': (0.15293063906674886, 0.1464607267748585), 'epoch': 4}
2022-08-30 Tuesday 19:56:08:INFO: {'type': 'metric', 'label': 'validation_confusion_matrix', 'accuracy': 0.6785714285714286, 'precision': [0.6190476190476191, 0.857142857142857], 'recall': [0.9285714285714285, 0.4285714285714285], 'f1': [0.7428571428571423, 0.5714285714285707], 'confusion_matrix': [[13, 1], [8, 6]], 'epoch': None}
2022-08-30 Tuesday 19:56:08:INFO: {'type': 'metric', 'label': 'validation_loss', 'epoch': 4, 'value': 0.587514340877533, 'sum': 16.450401544570923, 'num_example': 28}
2022-08-30 Tuesday 19:56:08:INFO: {'type': 'metric', 'label': 'validation_dist_target', 'value': (0.28677637236458914, 0.5355212688446045), 'epoch': 4}
2022-08-30 Tuesday 19:56:08:INFO: Epoch: 5
2022-08-30 Tuesday 19:56:08:INFO: LR: 0.001
2022-08-30 Tuesday 19:56:09:INFO: {'type': 'metric', 'label': 'training_confusion_matrix', 'accuracy': 0.9972375690607734, 'precision': [0.9972375690607734, 0.9972375690607734], 'recall': [0.9972375690607734, 0.9972375690607734], 'f1': [0.9972375690607729, 0.9972375690607729], 'confusion_matrix': [[361, 1], [1, 361]], 'epoch': None}
2022-08-30 Tuesday 19:56:09:INFO: {'type': 'metric', 'label': 'training_loss', 'epoch': 5, 'value': 0.11479170752164408, 'sum': 83.10919624567032, 'num_example': 724}
2022-08-30 Tuesday 19:56:09:INFO: {'type': 'metric', 'label': 'training_dist_target', 'value': (0.1069432450921496, 0.10009927512532439), 'epoch': 5}
2022-08-30 Tuesday 19:56:09:INFO: {'type': 'metric', 'label': 'validation_confusion_matrix', 'accuracy': 0.7142857142857143, 'precision': [0.65, 0.8749999999999998], 'recall': [0.9285714285714285, 0.49999999999999994], 'f1': [0.7647058823529406, 0.6363636363636357], 'confusion_matrix': [[13, 1], [7, 7]], 'epoch': None}
2022-08-30 Tuesday 19:56:09:INFO: {'type': 'metric', 'label': 'validation_loss', 'epoch': 5, 'value': 0.5574643015861511, 'sum': 15.609000444412231, 'num_example': 28}
2022-08-30 Tuesday 19:56:09:INFO: {'type': 'metric', 'label': 'validation_dist_target', 'value': (0.23815529687064035, 0.5161698886326381), 'epoch': 5}
2022-08-30 Tuesday 19:56:09:INFO: Epoch: 6
2022-08-30 Tuesday 19:56:09:INFO: LR: 0.001
2022-08-30 Tuesday 19:56:10:INFO: {'type': 'metric', 'label': 'training_confusion_matrix', 'accuracy': 1.0, 'precision': [1.0, 1.0], 'recall': [1.0, 1.0], 'f1': [0.9999999999999996, 0.9999999999999996], 'confusion_matrix': [[362, 0], [0, 362]], 'epoch': None}
2022-08-30 Tuesday 19:56:10:INFO: {'type': 'metric', 'label': 'training_loss', 'epoch': 6, 'value': 0.07303114128376238, 'sum': 52.87454628944397, 'num_example': 724}
2022-08-30 Tuesday 19:56:10:INFO: {'type': 'metric', 'label': 'training_dist_target', 'value': (0.07368815208666891, 0.06399251018439867), 'epoch': 6}
2022-08-30 Tuesday 19:56:10:INFO: {'type': 'metric', 'label': 'validation_confusion_matrix', 'accuracy': 0.75, 'precision': [0.7058823529411765, 0.818181818181818], 'recall': [0.857142857142857, 0.6428571428571428], 'f1': [0.7741935483870963, 0.7199999999999993], 'confusion_matrix': [[12, 2], [5, 9]], 'epoch': None}
2022-08-30 Tuesday 19:56:10:INFO: {'type': 'metric', 'label': 'validation_loss', 'epoch': 6, 'value': 0.4909527897834778, 'sum': 13.746678113937378, 'num_example': 28}
2022-08-30 Tuesday 19:56:10:INFO: {'type': 'metric', 'label': 'validation_dist_target', 'value': (0.2049971648624965, 0.4349226951599121), 'epoch': 6}
2022-08-30 Tuesday 19:56:10:INFO: Epoch: 7
2022-08-30 Tuesday 19:56:10:INFO: LR: 0.001
2022-08-30 Tuesday 19:56:11:INFO: {'type': 'metric', 'label': 'training_confusion_matrix', 'accuracy': 1.0, 'precision': [1.0, 1.0], 'recall': [1.0, 1.0], 'f1': [0.9999999999999996, 0.9999999999999996], 'confusion_matrix': [[362, 0], [0, 362]], 'epoch': None}
2022-08-30 Tuesday 19:56:11:INFO: {'type': 'metric', 'label': 'training_loss', 'epoch': 7, 'value': 0.04865656910433295, 'sum': 35.227356031537056, 'num_example': 724}
2022-08-30 Tuesday 19:56:11:INFO: {'type': 'metric', 'label': 'training_dist_target', 'value': (0.053054694642019534, 0.04079416641214276), 'epoch': 7}
2022-08-30 Tuesday 19:56:11:INFO: {'type': 'metric', 'label': 'validation_confusion_matrix', 'accuracy': 0.7142857142857143, 'precision': [0.6666666666666666, 0.7999999999999998], 'recall': [0.857142857142857, 0.5714285714285714], 'f1': [0.7499999999999993, 0.6666666666666661], 'confusion_matrix': [[12, 2], [6, 8]], 'epoch': None}
2022-08-30 Tuesday 19:56:11:INFO: {'type': 'metric', 'label': 'validation_loss', 'epoch': 7, 'value': 0.46645888686180115, 'sum': 13.060848832130432, 'num_example': 28}
2022-08-30 Tuesday 19:56:11:INFO: {'type': 'metric', 'label': 'validation_dist_target', 'value': (0.1827672209058489, 0.3892724854605539), 'epoch': 7}
2022-08-30 Tuesday 19:56:11:INFO: Epoch: 8
2022-08-30 Tuesday 19:56:11:INFO: LR: 0.001
2022-08-30 Tuesday 19:56:13:INFO: {'type': 'metric', 'label': 'training_confusion_matrix', 'accuracy': 1.0, 'precision': [1.0, 1.0], 'recall': [1.0, 1.0], 'f1': [0.9999999999999996, 0.9999999999999996], 'confusion_matrix': [[362, 0], [0, 362]], 'epoch': None}
2022-08-30 Tuesday 19:56:13:INFO: {'type': 'metric', 'label': 'training_loss', 'epoch': 8, 'value': 0.03521754183080974, 'sum': 25.49750028550625, 'num_example': 724}
2022-08-30 Tuesday 19:56:13:INFO: {'type': 'metric', 'label': 'training_dist_target', 'value': (0.03955609462537818, 0.02927939931332077), 'epoch': 8}
2022-08-30 Tuesday 19:56:13:INFO: {'type': 'metric', 'label': 'validation_confusion_matrix', 'accuracy': 0.7142857142857143, 'precision': [0.6666666666666666, 0.7999999999999998], 'recall': [0.857142857142857, 0.5714285714285714], 'f1': [0.7499999999999993, 0.6666666666666661], 'confusion_matrix': [[12, 2], [6, 8]], 'epoch': None}
2022-08-30 Tuesday 19:56:13:INFO: {'type': 'metric', 'label': 'validation_loss', 'epoch': 8, 'value': 0.43967482447624207, 'sum': 12.310895085334778, 'num_example': 28}
2022-08-30 Tuesday 19:56:13:INFO: {'type': 'metric', 'label': 'validation_dist_target', 'value': (0.17654803821018764, 0.34541429792131695), 'epoch': 8}
2022-08-30 Tuesday 19:56:13:INFO: Calculating recall rate: sun2011
2022-08-30 Tuesday 19:56:38:INFO: [] Throughput: 7.43684115040624 bugs per second (bugs=184 ,seconds=24.741687536239624)
2022-08-30 Tuesday 19:56:38:INFO: {'type': 'metric', 'label': 'recall_rate', 'k': 1, 'rate': 0.005434782608695652, 'hit': 1, 'total': 184, 'epoch': 0}
2022-08-30 Tuesday 19:56:38:INFO: {'type': 'metric', 'label': 'recall_rate', 'k': 2, 'rate': 0.03804347826086957, 'hit': 7, 'total': 184, 'epoch': 0}
2022-08-30 Tuesday 19:56:38:INFO: {'type': 'metric', 'label': 'recall_rate', 'k': 3, 'rate': 0.04891304347826087, 'hit': 9, 'total': 184, 'epoch': 0}
2022-08-30 Tuesday 19:56:38:INFO: {'type': 'metric', 'label': 'recall_rate', 'k': 4, 'rate': 0.06521739130434782, 'hit': 12, 'total': 184, 'epoch': 0}
2022-08-30 Tuesday 19:56:38:INFO: {'type': 'metric', 'label': 'recall_rate', 'k': 5, 'rate': 0.08152173913043478, 'hit': 15, 'total': 184, 'epoch': 0}
2022-08-30 Tuesday 19:56:38:INFO: {'type': 'metric', 'label': 'recall_rate', 'k': 6, 'rate': 0.08152173913043478, 'hit': 15, 'total': 184, 'epoch': 0}
2022-08-30 Tuesday 19:56:38:INFO: {'type': 'metric', 'label': 'recall_rate', 'k': 7, 'rate': 0.08152173913043478, 'hit': 15, 'total': 184, 'epoch': 0}
2022-08-30 Tuesday 19:56:38:INFO: {'type': 'metric', 'label': 'recall_rate', 'k': 8, 'rate': 0.08695652173913043, 'hit': 16, 'total': 184, 'epoch': 0}
2022-08-30 Tuesday 19:56:38:INFO: {'type': 'metric', 'label': 'recall_rate', 'k': 9, 'rate': 0.08695652173913043, 'hit': 16, 'total': 184, 'epoch': 0}
2022-08-30 Tuesday 19:56:38:INFO: {'type': 'metric', 'label': 'recall_rate', 'k': 10, 'rate': 0.09782608695652174, 'hit': 18, 'total': 184, 'epoch': 0}
2022-08-30 Tuesday 19:56:38:INFO: {'type': 'metric', 'label': 'recall_rate', 'k': 11, 'rate': 0.10326086956521739, 'hit': 19, 'total': 184, 'epoch': 0}
2022-08-30 Tuesday 19:56:38:INFO: {'type': 'metric', 'label': 'recall_rate', 'k': 12, 'rate': 0.10869565217391304, 'hit': 20, 'total': 184, 'epoch': 0}
2022-08-30 Tuesday 19:56:38:INFO: {'type': 'metric', 'label': 'recall_rate', 'k': 13, 'rate': 0.11413043478260869, 'hit': 21, 'total': 184, 'epoch': 0}
2022-08-30 Tuesday 19:56:38:INFO: {'type': 'metric', 'label': 'recall_rate', 'k': 14, 'rate': 0.11956521739130435, 'hit': 22, 'total': 184, 'epoch': 0}
2022-08-30 Tuesday 19:56:38:INFO: {'type': 'metric', 'label': 'recall_rate', 'k': 15, 'rate': 0.11956521739130435, 'hit': 22, 'total': 184, 'epoch': 0}
2022-08-30 Tuesday 19:56:38:INFO: {'type': 'metric', 'label': 'recall_rate', 'k': 16, 'rate': 0.11956521739130435, 'hit': 22, 'total': 184, 'epoch': 0}
2022-08-30 Tuesday 19:56:38:INFO: {'type': 'metric', 'label': 'recall_rate', 'k': 17, 'rate': 0.11956521739130435, 'hit': 22, 'total': 184, 'epoch': 0}
2022-08-30 Tuesday 19:56:38:INFO: {'type': 'metric', 'label': 'recall_rate', 'k': 18, 'rate': 0.125, 'hit': 23, 'total': 184, 'epoch': 0}
2022-08-30 Tuesday 19:56:38:INFO: {'type': 'metric', 'label': 'recall_rate', 'k': 19, 'rate': 0.14130434782608695, 'hit': 26, 'total': 184, 'epoch': 0}
2022-08-30 Tuesday 19:56:38:INFO: {'type': 'metric', 'label': 'recall_rate', 'k': 20, 'rate': 0.16304347826086957, 'hit': 30, 'total': 184, 'epoch': 0}
2022-08-30 Tuesday 19:56:38:INFO: {'type': 'metric', 'label': 'MAP', 'value': 0.04342570461904017, 'sum': 7.990329649903392, 'total': 184, 'epoch': 0}
2022-08-30 Tuesday 19:56:38:INFO: [inf, 416, 51, 54, 4, 2, 3181, inf, 352, 110, 13, 1477, 4, 259, 45, 20, 2, 535, 1021, 2451, 10, 708, 132, 439, 56, 470, 1595, 91, 1327, 415, 101, 1603, 19, 67, 635, 116, 120, 59, 139, 593, inf, 26, 63, 3831, inf, 22, 296, 1814, 4680, 153, 33, 2, inf, 1874, 1578, 330, 122, inf, 1540, 624, 654, 1727, 44, 143, 55, 442, 20, 819, 621, 638, 1386, 465, 65, 141, 920, 301, 738, 684, 2374, 287, 19, 1799, 321, 215, 4, 30, 28, 270, inf, 4382, 11, 5, 2878, 2, inf, 3, 1864, 3889, 5528, 1856, 42, 20, 55, 76, 995, 72, 127, 2, 14, 522, 84, 210, 823, 1, 61, 159, 101, 3725, 1152, 121, 12, 703, inf, 90, 40, 1487, 109, 1259, 1231, 92, inf, 66, inf, 1241, 690, 3449, 573, 20, 1497, 5007, inf, 386, 1766, 18, inf, 738, 5, 1273, inf, 126, inf, 3, 381, 1869, 42, 33, 6228, 776, 1904, 48, 3115, 3182, 2766, 8, 5, 447, 63, 120, inf, 103, 1910, 1574, 2739, inf, 5375, 10, 419, inf, 64, 2, 93, inf, 840, 19]
2022-08-30 Tuesday 19:56:38:INFO: It completed at: 2022-08-30 19:56:38.237378
2022-08-30 Tuesday 19:56:38:INFO: Completed after: 0:10:06.963785
