2022-08-27 Saturday 02:17:48:INFO: {'bug_database': 'dataset/vscode/vscode_soft_clean.json', 'database_name': 'vscode-sampled', 'epochs': 8, 'lr': 0.001, 'l2': 0.0, 'dropout': None, 'batch_size': 128, 'ranking_batch_size': 256, 'cuda': True, 'cache_folder': None, 'pairs_training': 'dataset/vscode/sampled_training_split_vscode_pairs_random_1.txt', 'pairs_validation': 'dataset/vscode/sampled_validation_vscode_pairs_random_1.txt', 'neg_pair_generator': {'type': 'none', 'training': None, 'rate': 1, 'pre_list_file': None, 'k': 0, 'n_tries': 0, 'preselected_length': None, 'random_anchor': True}, 'sum_desc': None, 'summary': {'word_embedding': 'word_embedding/vscode/glove_42B_300d_vscode.txt', 'lexicon': None, 'encoder_type': 'rnn', 'tokenizer': 'white_space', 'filters': ['TransformLowerCaseFilter'], 'rnn_type': 'lstm', 'hidden_size': 300, 'nfilters': 100, 'bidirectional': True, 'num_layers': 1, 'dropout': 0.15, 'update_embedding': False, 'fixed_opt': 'mean+max', 'activation': 'relu', 'batch_normalization': False, 'hidden_sizes': None, 'hidden_act': None, 'hidden_dropout': 0.0, 'bn_last_layer': False, 'self_att_hidden': 100, 'n_hops': 20, 'standardization': False}, 'description': {'word_embedding': 'word_embedding/vscode/glove_42B_300d_vscode.txt', 'lexicon': None, 'encoder_type': 'rnn', 'tokenizer': 'white_space', 'filters': ['TransformLowerCaseFilter'], 'rnn_type': 'lstm', 'hidden_size': 300, 'nfilters': 100, 'bidirectional': True, 'num_layers': 1, 'dropout': 0.15, 'update_embedding': False, 'fixed_opt': 'mean+max', 'activation': 'relu', 'batch_normalization': True, 'hidden_sizes': None, 'hidden_act': None, 'hidden_dropout': 0.0, 'bn_last_layer': False, 'window_sizes': [3], 'self_att_hidden': 100, 'n_hops': 20, 'standardization': False}, 'categorical': {'lexicons': 'dataset/vscode/categorical_lexicons.json', 'bn_last_layer': True, 'emb_size': 20, 'hidden_sizes': [40], 'dropout': 0.0, 'activation': 'relu', 'batch_normalization': True}, 'classifier': {'type': 'binary', 'without_embedding': False, 'batch_normalization': True, 'dropout': 0, 'hidden_sizes': [300, 50], 'margin': 0, 'loss': None}, 'recall_estimation_train': None, 'recall_estimation': None, 'rr_val_epoch': 100, 'rr_train_epoch': 100, 'random_switch': False, 'ranking_result_file': None, 'optimizer': 'adam', 'momentum': 0.9, 'lr_scheduler': None, 'save': None, 'load': None, 'pair_test_dataset': None, 'recall_rate': {'type': 'sun2011', 'dataset': 'dataset/vscode/test_vscode.txt', 'result_file': None, 'group_by_master': True, 'window': 365}, 'seed': 389196630}
2022-08-27 Saturday 02:17:48:INFO: It started at: 2022-08-27 02:17:48.373172
2022-08-27 Saturday 02:17:49:INFO: Turning CUDA on
2022-08-27 Saturday 02:17:49:INFO: Using Summary information.
2022-08-27 Saturday 02:21:47:INFO: Lexicon size: 1926242
2022-08-27 Saturday 02:21:47:INFO: Word Embedding size: 300
2022-08-27 Saturday 02:21:47:INFO: Use white space tokenizer to tokenize summary information
2022-08-27 Saturday 02:21:52:INFO: Using Description information.
2022-08-27 Saturday 02:25:37:INFO: Lexicon size: 1926242
2022-08-27 Saturday 02:25:37:INFO: Word Embedding size: 300
2022-08-27 Saturday 02:25:37:INFO: Use white space tokenizer to tokenize summary information
2022-08-27 Saturday 02:25:41:INFO: Using Categorical Information.
2022-08-27 Saturday 02:25:41:INFO: Using NLLLoss
2022-08-27 Saturday 02:25:45:INFO: Not generate dynamically the negative examples.
2022-08-27 Saturday 02:25:45:INFO: Training size: 724
2022-08-27 Saturday 02:25:45:INFO: Validation size: 28
2022-08-27 Saturday 02:25:45:INFO: Adam
2022-08-27 Saturday 02:25:45:INFO: Scheduler: Constant
2022-08-27 Saturday 02:25:45:INFO: Epoch: 1
2022-08-27 Saturday 02:25:45:INFO: LR: 0.001
2022-08-27 Saturday 02:25:46:INFO: {'type': 'metric', 'label': 'training_confusion_matrix', 'accuracy': 0.606353591160221, 'precision': [0.6049046321525886, 0.6078431372549019], 'recall': [0.6132596685082873, 0.5994475138121547], 'f1': [0.6090534979423862, 0.6036161335187755], 'confusion_matrix': [[222, 140], [145, 217]], 'epoch': None}
2022-08-27 Saturday 02:25:46:INFO: {'type': 'metric', 'label': 'training_loss', 'epoch': 1, 'value': 0.6607133989834654, 'sum': 478.35650086402893, 'num_example': 724}
2022-08-27 Saturday 02:25:46:INFO: {'type': 'metric', 'label': 'training_dist_target', 'value': (0.44270270437166837, 0.4672902249499579), 'epoch': 1}
2022-08-27 Saturday 02:25:46:INFO: {'type': 'metric', 'label': 'validation_confusion_matrix', 'accuracy': 0.5357142857142857, 'precision': [0.5555555555555555, 0.5263157894736842], 'recall': [0.3571428571428571, 0.7142857142857142], 'f1': [0.4347826086956516, 0.6060606060606054], 'confusion_matrix': [[5, 9], [4, 10]], 'epoch': None}
2022-08-27 Saturday 02:25:46:INFO: {'type': 'metric', 'label': 'validation_loss', 'epoch': 1, 'value': 0.6848164200782776, 'sum': 19.174859762191772, 'num_example': 28}
2022-08-27 Saturday 02:25:46:INFO: {'type': 'metric', 'label': 'validation_dist_target', 'value': (0.5049170766557965, 0.48565496717180523), 'epoch': 1}
2022-08-27 Saturday 02:25:46:INFO: Epoch: 2
2022-08-27 Saturday 02:25:46:INFO: LR: 0.001
2022-08-27 Saturday 02:25:47:INFO: {'type': 'metric', 'label': 'training_confusion_matrix', 'accuracy': 0.8480662983425414, 'precision': [0.8442622950819673, 0.8519553072625698], 'recall': [0.8535911602209945, 0.8425414364640884], 'f1': [0.8489010989010983, 0.8472222222222217], 'confusion_matrix': [[309, 53], [57, 305]], 'epoch': None}
2022-08-27 Saturday 02:25:47:INFO: {'type': 'metric', 'label': 'training_loss', 'epoch': 2, 'value': 0.4543435066444439, 'sum': 328.9446988105774, 'num_example': 724}
2022-08-27 Saturday 02:25:47:INFO: {'type': 'metric', 'label': 'training_dist_target', 'value': (0.3436413706995506, 0.3466565516772191), 'epoch': 2}
2022-08-27 Saturday 02:25:47:INFO: {'type': 'metric', 'label': 'validation_confusion_matrix', 'accuracy': 0.6071428571428571, 'precision': [0.6153846153846153, 0.6], 'recall': [0.5714285714285714, 0.6428571428571428], 'f1': [0.592592592592592, 0.6206896551724131], 'confusion_matrix': [[8, 6], [5, 9]], 'epoch': None}
2022-08-27 Saturday 02:25:47:INFO: {'type': 'metric', 'label': 'validation_loss', 'epoch': 2, 'value': 0.6724042892456055, 'sum': 18.827320098876953, 'num_example': 28}
2022-08-27 Saturday 02:25:47:INFO: {'type': 'metric', 'label': 'validation_dist_target', 'value': (0.48577424458095003, 0.4831607001168387), 'epoch': 2}
2022-08-27 Saturday 02:25:47:INFO: Epoch: 3
2022-08-27 Saturday 02:25:47:INFO: LR: 0.001
2022-08-27 Saturday 02:25:48:INFO: {'type': 'metric', 'label': 'training_confusion_matrix', 'accuracy': 0.9171270718232044, 'precision': [0.9265536723163842, 0.9081081081081082], 'recall': [0.9060773480662984, 0.9281767955801105], 'f1': [0.9162011173184352, 0.9180327868852455], 'confusion_matrix': [[328, 34], [26, 336]], 'epoch': None}
2022-08-27 Saturday 02:25:48:INFO: {'type': 'metric', 'label': 'training_loss', 'epoch': 3, 'value': 0.3287669425181921, 'sum': 238.02726638317108, 'num_example': 724}
2022-08-27 Saturday 02:25:48:INFO: {'type': 'metric', 'label': 'training_dist_target', 'value': (0.26796230821978323, 0.2538074656744688), 'epoch': 3}
2022-08-27 Saturday 02:25:48:INFO: {'type': 'metric', 'label': 'validation_confusion_matrix', 'accuracy': 0.5, 'precision': [0.5, 0.4999999999999999], 'recall': [0.6428571428571428, 0.3571428571428571], 'f1': [0.5624999999999994, 0.41666666666666613], 'confusion_matrix': [[9, 5], [9, 5]], 'epoch': None}
2022-08-27 Saturday 02:25:48:INFO: {'type': 'metric', 'label': 'validation_loss', 'epoch': 3, 'value': 0.6596798896789551, 'sum': 18.471036911010742, 'num_example': 28}
2022-08-27 Saturday 02:25:48:INFO: {'type': 'metric', 'label': 'validation_dist_target', 'value': (0.4319956302642822, 0.5104492051260812), 'epoch': 3}
2022-08-27 Saturday 02:25:48:INFO: Epoch: 4
2022-08-27 Saturday 02:25:48:INFO: LR: 0.001
2022-08-27 Saturday 02:25:50:INFO: {'type': 'metric', 'label': 'training_confusion_matrix', 'accuracy': 0.9792817679558011, 'precision': [0.977961432506887, 0.9806094182825484], 'recall': [0.9806629834254144, 0.9779005524861878], 'f1': [0.9793103448275857, 0.9792531120331944], 'confusion_matrix': [[355, 7], [8, 354]], 'epoch': None}
2022-08-27 Saturday 02:25:50:INFO: {'type': 'metric', 'label': 'training_loss', 'epoch': 4, 'value': 0.2148674998988104, 'sum': 155.56406992673874, 'num_example': 724}
2022-08-27 Saturday 02:25:50:INFO: {'type': 'metric', 'label': 'training_dist_target', 'value': (0.18954149267291495, 0.17529988552325337), 'epoch': 4}
2022-08-27 Saturday 02:25:50:INFO: {'type': 'metric', 'label': 'validation_confusion_matrix', 'accuracy': 0.5, 'precision': [0.5, 0.4999999999999999], 'recall': [0.7142857142857142, 0.2857142857142857], 'f1': [0.5882352941176465, 0.36363636363636315], 'confusion_matrix': [[10, 4], [10, 4]], 'epoch': None}
2022-08-27 Saturday 02:25:50:INFO: {'type': 'metric', 'label': 'validation_loss', 'epoch': 4, 'value': 0.7009888291358948, 'sum': 19.627687215805054, 'num_example': 28}
2022-08-27 Saturday 02:25:50:INFO: {'type': 'metric', 'label': 'validation_dist_target', 'value': (0.357208183833531, 0.5774636949811663), 'epoch': 4}
2022-08-27 Saturday 02:25:50:INFO: Epoch: 5
2022-08-27 Saturday 02:25:50:INFO: LR: 0.001
2022-08-27 Saturday 02:25:51:INFO: {'type': 'metric', 'label': 'training_confusion_matrix', 'accuracy': 0.9958563535911602, 'precision': [0.9944903581267218, 0.997229916897507], 'recall': [0.9972375690607734, 0.994475138121547], 'f1': [0.9958620689655168, 0.9958506224066385], 'confusion_matrix': [[361, 1], [2, 360]], 'epoch': None}
2022-08-27 Saturday 02:25:51:INFO: {'type': 'metric', 'label': 'training_loss', 'epoch': 5, 'value': 0.13264712539002382, 'sum': 96.03651878237724, 'num_example': 724}
2022-08-27 Saturday 02:25:51:INFO: {'type': 'metric', 'label': 'training_dist_target', 'value': (0.1255832811745491, 0.11486261720815416), 'epoch': 5}
2022-08-27 Saturday 02:25:51:INFO: {'type': 'metric', 'label': 'validation_confusion_matrix', 'accuracy': 0.5, 'precision': [0.5, 0.4999999999999999], 'recall': [0.7142857142857142, 0.2857142857142857], 'f1': [0.5882352941176465, 0.36363636363636315], 'confusion_matrix': [[10, 4], [10, 4]], 'epoch': None}
2022-08-27 Saturday 02:25:51:INFO: {'type': 'metric', 'label': 'validation_loss', 'epoch': 5, 'value': 0.7530345320701599, 'sum': 21.084966897964478, 'num_example': 28}
2022-08-27 Saturday 02:25:51:INFO: {'type': 'metric', 'label': 'validation_dist_target', 'value': (0.34993001392909456, 0.599776131766183), 'epoch': 5}
2022-08-27 Saturday 02:25:51:INFO: Epoch: 6
2022-08-27 Saturday 02:25:51:INFO: LR: 0.001
2022-08-27 Saturday 02:25:52:INFO: {'type': 'metric', 'label': 'training_confusion_matrix', 'accuracy': 1.0, 'precision': [1.0, 1.0], 'recall': [1.0, 1.0], 'f1': [0.9999999999999996, 0.9999999999999996], 'confusion_matrix': [[362, 0], [0, 362]], 'epoch': None}
2022-08-27 Saturday 02:25:52:INFO: {'type': 'metric', 'label': 'training_loss', 'epoch': 6, 'value': 0.0909371331992729, 'sum': 65.83848443627357, 'num_example': 724}
2022-08-27 Saturday 02:25:52:INFO: {'type': 'metric', 'label': 'training_dist_target', 'value': (0.08942518445009685, 0.08090243616156816), 'epoch': 6}
2022-08-27 Saturday 02:25:52:INFO: {'type': 'metric', 'label': 'validation_confusion_matrix', 'accuracy': 0.5357142857142857, 'precision': [0.5384615384615384, 0.5333333333333332], 'recall': [0.49999999999999994, 0.5714285714285714], 'f1': [0.5185185185185179, 0.5517241379310338], 'confusion_matrix': [[7, 7], [6, 8]], 'epoch': None}
2022-08-27 Saturday 02:25:52:INFO: {'type': 'metric', 'label': 'validation_loss', 'epoch': 6, 'value': 0.7582741379737854, 'sum': 21.23167586326599, 'num_example': 28}
2022-08-27 Saturday 02:25:52:INFO: {'type': 'metric', 'label': 'validation_dist_target', 'value': (0.44915761266435894, 0.4910177503313337), 'epoch': 6}
2022-08-27 Saturday 02:25:52:INFO: Epoch: 7
2022-08-27 Saturday 02:25:52:INFO: LR: 0.001
2022-08-27 Saturday 02:25:53:INFO: {'type': 'metric', 'label': 'training_confusion_matrix', 'accuracy': 1.0, 'precision': [1.0, 1.0], 'recall': [1.0, 1.0], 'f1': [0.9999999999999996, 0.9999999999999996], 'confusion_matrix': [[362, 0], [0, 362]], 'epoch': None}
2022-08-27 Saturday 02:25:53:INFO: {'type': 'metric', 'label': 'training_loss', 'epoch': 7, 'value': 0.060380759736451, 'sum': 43.71567004919052, 'num_example': 724}
2022-08-27 Saturday 02:25:53:INFO: {'type': 'metric', 'label': 'training_dist_target', 'value': (0.06311606965670928, 0.05287633811571321), 'epoch': 7}
2022-08-27 Saturday 02:25:53:INFO: {'type': 'metric', 'label': 'validation_confusion_matrix', 'accuracy': 0.5357142857142857, 'precision': [0.5333333333333332, 0.5384615384615384], 'recall': [0.5714285714285714, 0.49999999999999994], 'f1': [0.5517241379310338, 0.5185185185185179], 'confusion_matrix': [[8, 6], [7, 7]], 'epoch': None}
2022-08-27 Saturday 02:25:53:INFO: {'type': 'metric', 'label': 'validation_loss', 'epoch': 7, 'value': 0.7536227107048035, 'sum': 21.101435899734497, 'num_example': 28}
2022-08-27 Saturday 02:25:53:INFO: {'type': 'metric', 'label': 'validation_dist_target', 'value': (0.40763483728681293, 0.48361662455967497), 'epoch': 7}
2022-08-27 Saturday 02:25:53:INFO: Epoch: 8
2022-08-27 Saturday 02:25:53:INFO: LR: 0.001
2022-08-27 Saturday 02:25:54:INFO: {'type': 'metric', 'label': 'training_confusion_matrix', 'accuracy': 1.0, 'precision': [1.0, 1.0], 'recall': [1.0, 1.0], 'f1': [0.9999999999999996, 0.9999999999999996], 'confusion_matrix': [[362, 0], [0, 362]], 'epoch': None}
2022-08-27 Saturday 02:25:54:INFO: {'type': 'metric', 'label': 'training_loss', 'epoch': 8, 'value': 0.04478184187280539, 'sum': 32.4220535159111, 'num_example': 724}
2022-08-27 Saturday 02:25:54:INFO: {'type': 'metric', 'label': 'training_dist_target', 'value': (0.04726762732089554, 0.039719407071066165), 'epoch': 8}
2022-08-27 Saturday 02:25:54:INFO: {'type': 'metric', 'label': 'validation_confusion_matrix', 'accuracy': 0.5714285714285714, 'precision': [0.5625, 0.5833333333333333], 'recall': [0.6428571428571428, 0.49999999999999994], 'f1': [0.5999999999999994, 0.5384615384615378], 'confusion_matrix': [[9, 5], [7, 7]], 'epoch': None}
2022-08-27 Saturday 02:25:54:INFO: {'type': 'metric', 'label': 'validation_loss', 'epoch': 8, 'value': 0.794908881187439, 'sum': 22.25744867324829, 'num_example': 28}
2022-08-27 Saturday 02:25:54:INFO: {'type': 'metric', 'label': 'validation_dist_target', 'value': (0.380915709904262, 0.4999519075666155), 'epoch': 8}
2022-08-27 Saturday 02:25:54:INFO: Calculating recall rate: sun2011
2022-08-27 Saturday 02:28:03:INFO: RR calculation - 500 duplicate reports were processed
2022-08-27 Saturday 02:30:11:INFO: RR calculation - 1000 duplicate reports were processed
2022-08-27 Saturday 02:32:09:INFO: [] Throughput: 3.8962349157120144 bugs per second (bugs=1457 ,seconds=373.9507579803467)
2022-08-27 Saturday 02:32:09:INFO: {'type': 'metric', 'label': 'recall_rate', 'k': 1, 'rate': 0.0034317089910775567, 'hit': 5, 'total': 1457, 'epoch': 0}
2022-08-27 Saturday 02:32:09:INFO: {'type': 'metric', 'label': 'recall_rate', 'k': 2, 'rate': 0.00549073438572409, 'hit': 8, 'total': 1457, 'epoch': 0}
2022-08-27 Saturday 02:32:09:INFO: {'type': 'metric', 'label': 'recall_rate', 'k': 3, 'rate': 0.01098146877144818, 'hit': 16, 'total': 1457, 'epoch': 0}
2022-08-27 Saturday 02:32:09:INFO: {'type': 'metric', 'label': 'recall_rate', 'k': 4, 'rate': 0.013040494166094716, 'hit': 19, 'total': 1457, 'epoch': 0}
2022-08-27 Saturday 02:32:09:INFO: {'type': 'metric', 'label': 'recall_rate', 'k': 5, 'rate': 0.013726835964310227, 'hit': 20, 'total': 1457, 'epoch': 0}
2022-08-27 Saturday 02:32:09:INFO: {'type': 'metric', 'label': 'recall_rate', 'k': 6, 'rate': 0.017158544955387784, 'hit': 25, 'total': 1457, 'epoch': 0}
2022-08-27 Saturday 02:32:09:INFO: {'type': 'metric', 'label': 'recall_rate', 'k': 7, 'rate': 0.02059025394646534, 'hit': 30, 'total': 1457, 'epoch': 0}
2022-08-27 Saturday 02:32:09:INFO: {'type': 'metric', 'label': 'recall_rate', 'k': 8, 'rate': 0.02127659574468085, 'hit': 31, 'total': 1457, 'epoch': 0}
2022-08-27 Saturday 02:32:09:INFO: {'type': 'metric', 'label': 'recall_rate', 'k': 9, 'rate': 0.023335621139327384, 'hit': 34, 'total': 1457, 'epoch': 0}
2022-08-27 Saturday 02:32:09:INFO: {'type': 'metric', 'label': 'recall_rate', 'k': 10, 'rate': 0.02608098833218943, 'hit': 38, 'total': 1457, 'epoch': 0}
2022-08-27 Saturday 02:32:09:INFO: {'type': 'metric', 'label': 'recall_rate', 'k': 11, 'rate': 0.026767330130404943, 'hit': 39, 'total': 1457, 'epoch': 0}
2022-08-27 Saturday 02:32:09:INFO: {'type': 'metric', 'label': 'recall_rate', 'k': 12, 'rate': 0.028826355525051476, 'hit': 42, 'total': 1457, 'epoch': 0}
2022-08-27 Saturday 02:32:09:INFO: {'type': 'metric', 'label': 'recall_rate', 'k': 13, 'rate': 0.030199039121482498, 'hit': 44, 'total': 1457, 'epoch': 0}
2022-08-27 Saturday 02:32:09:INFO: {'type': 'metric', 'label': 'recall_rate', 'k': 14, 'rate': 0.031571722717913524, 'hit': 46, 'total': 1457, 'epoch': 0}
2022-08-27 Saturday 02:32:09:INFO: {'type': 'metric', 'label': 'recall_rate', 'k': 15, 'rate': 0.031571722717913524, 'hit': 46, 'total': 1457, 'epoch': 0}
2022-08-27 Saturday 02:32:09:INFO: {'type': 'metric', 'label': 'recall_rate', 'k': 16, 'rate': 0.03225806451612903, 'hit': 47, 'total': 1457, 'epoch': 0}
2022-08-27 Saturday 02:32:09:INFO: {'type': 'metric', 'label': 'recall_rate', 'k': 17, 'rate': 0.032944406314344546, 'hit': 48, 'total': 1457, 'epoch': 0}
2022-08-27 Saturday 02:32:09:INFO: {'type': 'metric', 'label': 'recall_rate', 'k': 18, 'rate': 0.035003431708991076, 'hit': 51, 'total': 1457, 'epoch': 0}
2022-08-27 Saturday 02:32:09:INFO: {'type': 'metric', 'label': 'recall_rate', 'k': 19, 'rate': 0.03568977350720659, 'hit': 52, 'total': 1457, 'epoch': 0}
2022-08-27 Saturday 02:32:09:INFO: {'type': 'metric', 'label': 'recall_rate', 'k': 20, 'rate': 0.0363761153054221, 'hit': 53, 'total': 1457, 'epoch': 0}
2022-08-27 Saturday 02:32:09:INFO: {'type': 'metric', 'label': 'MAP', 'value': 0.011600883934871851, 'sum': 16.902487893108287, 'total': 1457, 'epoch': 0}
2022-08-27 Saturday 02:32:09:INFO: [11006, 11218, 1284, 11603, 328, 9, 2647, 9234, 285, 266, 5037, 5656, 247, 3454, 15391, 1625, inf, inf, 164, 2465, 7130, 324, 31, 1074, 94, 4367, 3534, 46, 184, 245, 12156, 4, 3687, 3460, inf, inf, 267, 997, 200, 1763, 4203, 1425, 5521, 56, 2139, 4742, 537, 684, 14530, 4121, 12907, 768, 460, 128, 2658, 1980, 55, 641, 10248, 3830, 2087, 7785, 6, 8636, 2274, inf, 3286, 3483, 8098, 1997, 206, 749, 345, 11876, 4624, 717, 270, 4856, 8312, 504, 886, 1253, 3, 115, inf, 253, 6737, 3251, 781, 221, inf, 1132, 32, 7220, 4648, 1628, 7577, 762, 7881, inf, 14404, inf, 9503, 3375, inf, 4097, 8177, 1870, 4742, 443, 7384, 789, 8779, inf, inf, 789, inf, 86, 4785, inf, 3211, 244, 319, inf, 6255, 278, 12, inf, 1210, 10576, 2049, inf, 9108, 18, 30, 4184, 2796, 1092, inf, 4866, 5813, inf, 48, 3758, 337, 4555, 40, 205, 5697, 2850, inf, 1597, inf, 38, inf, 12232, inf, 28, 8272, 184, 9381, 693, 1862, 20, 7852, 3519, 11728, 667, 7400, 392, 2974, 620, 738, 62, 1247, 12909, 13304, 17070, 11822, inf, 7389, 13124, 1390, 13, inf, inf, 9246, 267, 2121, 8579, inf, inf, inf, 8742, 12945, 35, 11497, 1845, 6159, 102, 2431, 7, 13964, 3206, 102, 6738, 2254, 1789, 150, 7996, 91, 2993, 108, 9177, 228, 3045, 7342, inf, 1891, 13530, 4568, 1327, 3578, 1072, 29, 1655, 946, 183, 6235, 11877, 6043, inf, 608, 3453, 333, 2689, 3862, 254, 320, 116, 456, 6868, 781, 4903, 2703, 226, 127, 491, 3749, 440, 548, 4859, inf, 24, inf, 12611, 1239, 4171, 5806, 8558, 150, 466, 6145, 6316, 1239, 303, 1933, 12808, 373, 2508, 3525, 9918, 3498, 476, 8937, inf, 2746, 632, 4847, 11528, 3926, 1465, 1702, 3910, 502, 176, 13639, 814, 9269, 603, 6783, 1227, 15566, inf, 1389, 90, 1913, 4132, 11917, 2048, 563, 287, 6685, 85, 6939, 307, 726, 3878, inf, 15919, 2378, 49, 2586, 5864, 10700, 7156, inf, 1470, 578, 9441, 8361, 2101, 3674, 129, 12527, 737, 8213, 7266, inf, 3396, 14581, 11827, 13729, 1397, 5500, 4889, 4576, 1866, 1965, 1512, 3477, 13188, 2644, 1486, 645, 1247, 11934, 14209, 10192, 1013, 426, 1368, 3245, 8253, 6430, 597, 1281, 79, 357, 895, 4686, inf, 922, 459, 11037, 554, 380, 17603, 7679, inf, 12336, 4337, 4437, 149, 4724, 76, 37, inf, 7, inf, 149, 1009, 40, 678, 28, 342, 522, 3165, 1, 88, 2139, 13, 2498, 18, 796, 9, 14920, 1183, 37, 10, 8125, 3, 3728, 15857, 3, 86, 3619, 56, 6, 24, 6086, 6831, 6, 4143, 6209, 132, 408, 3586, 368, 293, 321, 2187, 3, 6890, 3416, 424, 4929, 1, 2578, 11237, 3090, 3589, 991, inf, 1143, 965, 6738, 4838, 2917, 1157, 852, 27, 1377, 134, 13161, 952, 511, 9202, 1977, inf, 1042, 10196, 137, 4945, 5520, 829, 11022, inf, 2786, 1676, 4223, 1868, 5089, 236, 34, 14382, 991, 14024, 5319, 565, 140, 25, 13334, 2740, 10, 3703, 395, 2228, 1784, inf, inf, 1786, 7744, 1656, 297, 8698, 5999, 429, 496, 5798, 4612, 3254, 760, 3681, 2298, 265, inf, 14, 7599, 10271, 1189, 252, 3236, 7977, inf, 6666, 677, 8085, 78, 5972, 1645, 121, 3965, 63, inf, 629, 6685, 8555, 173, 5520, 1400, inf, 29, 4404, 89, 12357, 790, 15161, 632, 445, 4260, 587, 1309, 2768, 1656, 4032, 7436, 5211, 3673, 9086, 7581, 14362, 9818, 818, 15769, 2019, 6, 10757, 2590, 6481, 1834, 13445, 9331, 1964, 309, 14674, 11062, 3992, 6954, 14948, 6126, 1484, 5571, inf, 2400, 3594, 4766, 169, 2283, 1759, 14, 1402, 5657, 499, 927, 4947, 7027, 62, 38, 3729, 1431, 2596, 347, inf, 4702, 965, 372, 249, 312, 5774, 212, inf, 7620, 288, 7866, 5163, 7649, 3282, inf, 5295, 8528, 4131, 49, inf, 13815, inf, inf, 2036, 2650, 1301, 9936, 3, 494, 202, 30, 7610, 547, 5915, 6199, 11971, 190, 31, 31, 31, 13157, 571, 205, 232, 117, 9164, 139, 56, 215, 2219, inf, 748, 4166, 2653, 317, 7244, 927, inf, 9139, 8142, 5884, 8461, 2529, 6595, 2790, 1479, 3148, 1008, 2374, 1013, 14414, 5097, 5781, 2382, 5151, 2860, 3437, 6280, 1405, 35, 9678, 1012, 1362, 510, 3769, 1323, 2137, 17086, 14136, 173, 8566, 4668, 3986, 8099, 49, 4747, 1094, 2087, 802, 1, 2411, 299, inf, 797, 82, 6425, 463, 3346, 12, 861, 324, 6, 9704, 10976, 1701, 21, 6909, 5743, 605, 1548, 291, 9866, 5858, 12593, 2434, 516, 17607, 1057, inf, 95, 1022, 3321, inf, inf, 4023, 920, inf, 262, 4033, 3506, 321, 958, 2, 733, 1456, 454, 1226, 35, 35, inf, 961, 40, 18993, 466, 7, 4004, 11, 439, 2620, 9607, 1260, 10387, 5572, 54, 2709, 14073, 1747, 2597, 245, 546, 2535, 1944, 9099, 1918, 638, 523, inf, 1509, 1332, 346, 1746, 23, 1199, 1161, 132, 48, 5960, 2241, inf, 8, 998, 323, 6607, inf, 5400, 1411, 12869, 9597, 10435, 6830, 919, 15005, 127, 1226, 4135, 3941, 856, inf, 12270, 9635, 1462, 2283, 15380, 563, 3128, 1126, 11658, inf, 13675, 1953, inf, 610, 8760, 8483, 6121, 3581, 9676, 5830, 3570, 4661, 1904, 1036, 6577, 5526, 2467, 5397, 449, 1993, 8409, 14660, 35, 279, 3537, 14271, 654, 1, 5592, 6620, 2, 189, 1793, 1449, 8645, 4850, 450, 711, 279, 8213, 415, 360, 144, 45, 4677, 195, 572, 432, 12723, 783, 45, 178, 468, 9036, 276, 1893, 3089, 111, 574, 665, 6512, 618, 5878, 2681, 632, 5811, 857, inf, 1594, 342, 183, 984, 55, 931, 16888, 6359, 3598, 2, 429, 79, 7037, 990, 298, 14708, 15828, 754, inf, 1373, 8508, inf, 9857, 929, 3880, 17716, 3017, inf, 187, 1744, 3, 1, inf, 16616, 4671, 324, 3459, 10452, 1544, 163, 2660, 856, 5248, 762, 5356, 404, 2789, 44, 4728, 7629, 10236, inf, 2088, 4739, 663, inf, 381, 6909, 304, 130, 613, 259, inf, 162, inf, 9845, 7147, 17394, 1713, 800, 2312, inf, 5501, 1140, 2281, 804, 19242, 9773, 15543, 220, 56, 678, 16590, 291, 6132, 115, 20001, 15173, inf, 15912, 5455, 1522, 10740, 6479, 5051, 3133, 588, 1217, 7851, 3889, 3229, 14770, 608, 1063, 167, 2077, 42, 6532, 13760, 153, 404, 1252, 15689, 244, 4670, 544, 12671, 772, 96, 346, 9875, 12668, 5032, 220, 843, 2691, 315, 3995, 12, 1043, 16201, inf, inf, inf, 11635, 2401, 154, 5264, 3291, 12432, 1017, 16859, 158, 521, 15571, 1086, 3974, 14190, 2284, 4009, 3, 3811, 2075, inf, 16765, 595, 59, 8692, 10, 4, 8507, inf, 838, 18749, 9981, 2215, inf, 3562, 12557, 1313, inf, 15574, 5902, 368, 3512, inf, 8503, 4936, 1568, inf, 3965, 200, 206, 7082, inf, 2780, 9032, 10, inf, 284, 4600, 5973, 2025, 7077, 5860, 205, 850, 838, 2222, 1122, 10484, 1240, inf, 2118, 10000, 11681, 1467, 7704, 892, inf, 13003, 11703, 33, 3979, 3523, 317, 9529, 877, 64, 125, 3960, inf, 723, 171, 1527, 284, 14634, 471, 3341, 122, 12518, 1270, 12479, inf, 5124, 2985, 9845, 1563, inf, 114, 4, 119, 12574, 1688, 2990, inf, 8606, 7, 10701, 12716, 9644, 12335, 11699, 2240, 409, inf, 9, inf, 306, 12932, inf, 2558, 969, 4372, 392, 313, 3375, 6276, 1316, 438, 5359, 4086, 1170, 246, inf, 127, 1149, 4473, 10758, 1865, 7496, 697, 6603, inf, 752, inf, 10935, 8996, 5742, 3472, 6429, 2663, 1142, 1647, 111, 4801, 9125, 5280, 681, 955, inf, 879, 16503, 2934, 482, 801, 815, 3477, 3398, 9373, 4454, 2444, 2063, 1829, 22, 17234, inf, inf, 745, 1068, 1144, 19882, 3447, 135, 1586, 941, 14460, 6246, 17180, inf, 525, 3942, 133, 1302, 1611, 472, 3953, 13264, 758, 6582, 9048, 3882, 7630, 19588, 10256, 16152, 5992, 18, 542, 19264, 233, 3, 1217, 74, 130, 8708, 3872, 114, 249, inf, inf, 1398, 15939, 2356, 53, 6470, 502, 90, 2628, 3832, 116, 5, inf, 4240, inf, 5675, 283, 260, 2821, 93, 6540, 82, 3240, 16773, 2439, 1225, 1043, 321, 619, 791, 8079, 3145, 8410, 7836, 15738, 1306, 8658, 307, 274, 7, 3063, 564, 1564, inf, inf, 67, 5764, 1947, 101, 7122, 2091, inf, 1979, 2767, 505, 3539, 2849, 18380, 798, inf, 7543, 3139, 8160, 6504, 243, 491, inf, 13397, 2758, 1740, inf, inf, 4259, 5700, 19473, 152, 275, 28, 126, 16, 8395, 268, 8004, 552, 2924, 1067, 3572, 3159, 5744, 904, inf, inf, 67, 1199, inf, 4514, 2935, 272, 6233, 438, 40, 275, 1785, 644, 2239, 1245, inf, 115, 756, 13974, 4578, 17, 4195, 4709, 19008, 16576, 12384, 6960, 328, 3415, 16343, 2218, 15350, 15203, 3270, 449, 5295, 3237, inf, inf, 4482, 69, 989, 46, 4887, inf, 7541, 179, 4463, 2351, 138, inf, 669, 1661, 6327, 1194, 1132, 3967, 514, 5601, 188, 4430, 724, 2107, 7092, inf, 19, 40, 1294, 6804, 3233, 11310, 3930, 5758, 1496, 670, 8927, 1791, 7300, 652, 4289, 9972, 2041, inf, 9673, 9837, 16300, 3651, 4971, 9693, 5461, 4830, 153, 1453, 850, 5827, 9524, 1340, 508, 14667, 2302, 4945, 383, 54, 4143, inf, 646, 23, 3512, 8055, 3486, 1098, 3741, 4913, 1740, 81, 28, 3629, 3557, 1022, 288, 1129, 7342, 5916, inf, 613, 1662, 313, 344, 10914, 313, 2651, 5616, 434, 1970, 526, 12317]
2022-08-27 Saturday 02:32:09:INFO: It completed at: 2022-08-27 02:32:09.515090
2022-08-27 Saturday 02:32:09:INFO: Completed after: 0:14:21.141918
