2022-08-26 Friday 23:33:04:INFO: {'bug_database': 'dataset/eclipse-old/eclipse-old_soft_clean.json', 'database_name': 'eclipse-old-sampled', 'epochs': 8, 'lr': 0.001, 'l2': 0.0, 'dropout': None, 'batch_size': 128, 'ranking_batch_size': 256, 'cuda': True, 'cache_folder': None, 'pairs_training': 'dataset/eclipse-old/sampled_training_split_eclipse-old_pairs_random_1.txt', 'pairs_validation': 'dataset/eclipse-old/sampled_validation_eclipse-old_pairs_random_1.txt', 'neg_pair_generator': {'type': 'none', 'training': None, 'rate': 1, 'pre_list_file': None, 'k': 0, 'n_tries': 0, 'preselected_length': None, 'random_anchor': True}, 'sum_desc': None, 'summary': {'word_embedding': 'word_embedding/eclipse-old/glove_42B_300d_eclipse-old.txt', 'lexicon': None, 'encoder_type': 'rnn', 'tokenizer': 'white_space', 'filters': ['TransformLowerCaseFilter'], 'rnn_type': 'lstm', 'hidden_size': 300, 'nfilters': 100, 'bidirectional': True, 'num_layers': 1, 'dropout': 0.15, 'update_embedding': False, 'fixed_opt': 'mean+max', 'activation': 'relu', 'batch_normalization': False, 'hidden_sizes': None, 'hidden_act': None, 'hidden_dropout': 0.0, 'bn_last_layer': False, 'self_att_hidden': 100, 'n_hops': 20, 'standardization': False}, 'description': {'word_embedding': 'word_embedding/eclipse-old/glove_42B_300d_eclipse-old.txt', 'lexicon': None, 'encoder_type': 'rnn', 'tokenizer': 'white_space', 'filters': ['TransformLowerCaseFilter'], 'rnn_type': 'lstm', 'hidden_size': 300, 'nfilters': 100, 'bidirectional': True, 'num_layers': 1, 'dropout': 0.15, 'update_embedding': False, 'fixed_opt': 'mean+max', 'activation': 'relu', 'batch_normalization': True, 'hidden_sizes': None, 'hidden_act': None, 'hidden_dropout': 0.0, 'bn_last_layer': False, 'window_sizes': [3], 'self_att_hidden': 100, 'n_hops': 20, 'standardization': False}, 'categorical': {'lexicons': 'dataset/eclipse-old/categorical_lexicons.json', 'bn_last_layer': True, 'emb_size': 20, 'hidden_sizes': [40], 'dropout': 0.0, 'activation': 'relu', 'batch_normalization': True}, 'classifier': {'type': 'binary', 'without_embedding': False, 'batch_normalization': True, 'dropout': 0, 'hidden_sizes': [300, 50], 'margin': 0, 'loss': None}, 'recall_estimation_train': None, 'recall_estimation': None, 'rr_val_epoch': 100, 'rr_train_epoch': 100, 'random_switch': False, 'ranking_result_file': None, 'optimizer': 'adam', 'momentum': 0.9, 'lr_scheduler': None, 'save': None, 'load': None, 'pair_test_dataset': None, 'recall_rate': {'type': 'sun2011', 'dataset': 'dataset/eclipse-old/test_eclipse-old.txt', 'result_file': None, 'group_by_master': True, 'window': 365}, 'seed': 468187638}
2022-08-26 Friday 23:33:04:INFO: It started at: 2022-08-26 23:33:04.504005
2022-08-26 Friday 23:33:06:INFO: Turning CUDA on
2022-08-26 Friday 23:33:06:INFO: Using Summary information.
2022-08-26 Friday 23:36:58:INFO: Lexicon size: 1934888
2022-08-26 Friday 23:36:58:INFO: Word Embedding size: 300
2022-08-26 Friday 23:36:58:INFO: Use white space tokenizer to tokenize summary information
2022-08-26 Friday 23:37:03:INFO: Using Description information.
2022-08-26 Friday 23:41:20:INFO: Lexicon size: 1934888
2022-08-26 Friday 23:41:20:INFO: Word Embedding size: 300
2022-08-26 Friday 23:41:20:INFO: Use white space tokenizer to tokenize summary information
2022-08-26 Friday 23:41:25:INFO: Using Categorical Information.
2022-08-26 Friday 23:41:25:INFO: Using NLLLoss
2022-08-26 Friday 23:41:29:INFO: Not generate dynamically the negative examples.
2022-08-26 Friday 23:41:30:INFO: Training size: 3342
2022-08-26 Friday 23:41:30:INFO: Validation size: 108
2022-08-26 Friday 23:41:30:INFO: Adam
2022-08-26 Friday 23:41:30:INFO: Scheduler: Constant
2022-08-26 Friday 23:41:30:INFO: Epoch: 1
2022-08-26 Friday 23:41:30:INFO: LR: 0.001
2022-08-26 Friday 23:41:35:INFO: {'type': 'metric', 'label': 'training_confusion_matrix', 'accuracy': 0.8716337522441652, 'precision': [0.8745476477683957, 0.8687648456057007], 'recall': [0.8677438659485338, 0.8755236385397965], 'f1': [0.8711324722138775, 0.8721311475409831], 'confusion_matrix': [[1450, 221], [208, 1463]], 'epoch': None}
2022-08-26 Friday 23:41:35:INFO: {'type': 'metric', 'label': 'training_loss', 'epoch': 1, 'value': 0.33071757753155034, 'sum': 1105.2581441104412, 'num_example': 3342}
2022-08-26 Friday 23:41:35:INFO: {'type': 'metric', 'label': 'training_dist_target', 'value': (0.23450337495723933, 0.23649512986663143), 'epoch': 1}
2022-08-26 Friday 23:41:35:INFO: {'type': 'metric', 'label': 'validation_confusion_matrix', 'accuracy': 0.8981481481481481, 'precision': [0.8307692307692308, 1.0], 'recall': [1.0, 0.7962962962962963], 'f1': [0.9075630252100835, 0.8865979381443293], 'confusion_matrix': [[54, 0], [11, 43]], 'epoch': None}
2022-08-26 Friday 23:41:35:INFO: {'type': 'metric', 'label': 'validation_loss', 'epoch': 1, 'value': 0.2948598563671112, 'sum': 31.84486448764801, 'num_example': 108}
2022-08-26 Friday 23:41:35:INFO: {'type': 'metric', 'label': 'validation_dist_target', 'value': (0.10158965322706434, 0.3329247368706597), 'epoch': 1}
2022-08-26 Friday 23:41:35:INFO: Epoch: 2
2022-08-26 Friday 23:41:35:INFO: LR: 0.001
2022-08-26 Friday 23:41:40:INFO: {'type': 'metric', 'label': 'training_confusion_matrix', 'accuracy': 0.9631956912028725, 'precision': [0.9640287769784173, 0.9623655913978495], 'recall': [0.9622980251346499, 0.9640933572710951], 'f1': [0.9631626235399815, 0.9632286995515691], 'confusion_matrix': [[1608, 63], [60, 1611]], 'epoch': None}
2022-08-26 Friday 23:41:40:INFO: {'type': 'metric', 'label': 'training_loss', 'epoch': 2, 'value': 0.1267824849812732, 'sum': 423.707064807415, 'num_example': 3342}
2022-08-26 Friday 23:41:40:INFO: {'type': 'metric', 'label': 'training_dist_target', 'value': (0.09502412436751817, 0.09836286659514669), 'epoch': 2}
2022-08-26 Friday 23:41:40:INFO: {'type': 'metric', 'label': 'validation_confusion_matrix', 'accuracy': 0.9444444444444444, 'precision': [0.9137931034482759, 0.98], 'recall': [0.9814814814814815, 0.9074074074074074], 'f1': [0.9464285714285708, 0.9423076923076918], 'confusion_matrix': [[53, 1], [5, 49]], 'epoch': None}
2022-08-26 Friday 23:41:40:INFO: {'type': 'metric', 'label': 'validation_loss', 'epoch': 2, 'value': 0.16329793632030487, 'sum': 17.636177122592926, 'num_example': 108}
2022-08-26 Friday 23:41:40:INFO: {'type': 'metric', 'label': 'validation_dist_target', 'value': (0.07450659186751754, 0.11873810379593461), 'epoch': 2}
2022-08-26 Friday 23:41:40:INFO: Epoch: 3
2022-08-26 Friday 23:41:40:INFO: LR: 0.001
2022-08-26 Friday 23:41:45:INFO: {'type': 'metric', 'label': 'training_confusion_matrix', 'accuracy': 0.9874326750448833, 'precision': [0.9874326750448833, 0.9874326750448833], 'recall': [0.9874326750448833, 0.9874326750448833], 'f1': [0.9874326750448827, 0.9874326750448827], 'confusion_matrix': [[1650, 21], [21, 1650]], 'epoch': None}
2022-08-26 Friday 23:41:45:INFO: {'type': 'metric', 'label': 'training_loss', 'epoch': 3, 'value': 0.05954754215239908, 'sum': 199.00788587331772, 'num_example': 3342}
2022-08-26 Friday 23:41:45:INFO: {'type': 'metric', 'label': 'training_dist_target', 'value': (0.04640701695951176, 0.04898727218381378), 'epoch': 3}
2022-08-26 Friday 23:41:45:INFO: {'type': 'metric', 'label': 'validation_confusion_matrix', 'accuracy': 0.9629629629629629, 'precision': [0.9310344827586207, 1.0], 'recall': [1.0, 0.9259259259259259], 'f1': [0.9642857142857137, 0.9615384615384609], 'confusion_matrix': [[54, 0], [4, 50]], 'epoch': None}
2022-08-26 Friday 23:41:45:INFO: {'type': 'metric', 'label': 'validation_loss', 'epoch': 3, 'value': 0.12073545157909393, 'sum': 13.039428770542145, 'num_example': 108}
2022-08-26 Friday 23:41:45:INFO: {'type': 'metric', 'label': 'validation_dist_target', 'value': (0.03318113309365732, 0.09793353963781286), 'epoch': 3}
2022-08-26 Friday 23:41:45:INFO: Epoch: 4
2022-08-26 Friday 23:41:45:INFO: LR: 0.001
2022-08-26 Friday 23:41:50:INFO: {'type': 'metric', 'label': 'training_confusion_matrix', 'accuracy': 0.9871334530221424, 'precision': [0.9921402660217654, 0.9822274881516587], 'recall': [0.9820466786355476, 0.9922202274087373], 'f1': [0.9870676691729319, 0.9871985710032743], 'confusion_matrix': [[1641, 30], [13, 1658]], 'epoch': None}
2022-08-26 Friday 23:41:50:INFO: {'type': 'metric', 'label': 'training_loss', 'epoch': 4, 'value': 0.05094999428961107, 'sum': 170.2748809158802, 'num_example': 3342}
2022-08-26 Friday 23:41:50:INFO: {'type': 'metric', 'label': 'training_dist_target', 'value': (0.040636900083380924, 0.027946608284859512), 'epoch': 4}
2022-08-26 Friday 23:41:50:INFO: {'type': 'metric', 'label': 'validation_confusion_matrix', 'accuracy': 0.9629629629629629, 'precision': [0.9310344827586207, 1.0], 'recall': [1.0, 0.9259259259259259], 'f1': [0.9642857142857137, 0.9615384615384609], 'confusion_matrix': [[54, 0], [4, 50]], 'epoch': None}
2022-08-26 Friday 23:41:50:INFO: {'type': 'metric', 'label': 'validation_loss', 'epoch': 4, 'value': 0.14585497975349426, 'sum': 15.75233781337738, 'num_example': 108}
2022-08-26 Friday 23:41:50:INFO: {'type': 'metric', 'label': 'validation_dist_target', 'value': (0.0379129515753852, 0.08977510310985425), 'epoch': 4}
2022-08-26 Friday 23:41:50:INFO: Epoch: 5
2022-08-26 Friday 23:41:50:INFO: LR: 0.001
2022-08-26 Friday 23:41:55:INFO: {'type': 'metric', 'label': 'training_confusion_matrix', 'accuracy': 0.9919210053859964, 'precision': [0.9898688915375446, 0.9939903846153846], 'recall': [0.9940155595451825, 0.9898264512268103], 'f1': [0.9919378919080317, 0.9919040479760114], 'confusion_matrix': [[1661, 10], [17, 1654]], 'epoch': None}
2022-08-26 Friday 23:41:55:INFO: {'type': 'metric', 'label': 'training_loss', 'epoch': 5, 'value': 0.030468312723596677, 'sum': 101.8251011222601, 'num_example': 3342}
2022-08-26 Friday 23:41:55:INFO: {'type': 'metric', 'label': 'training_dist_target', 'value': (0.019387025022706467, 0.027514284167869014), 'epoch': 5}
2022-08-26 Friday 23:41:55:INFO: {'type': 'metric', 'label': 'validation_confusion_matrix', 'accuracy': 0.8796296296296297, 'precision': [0.8059701492537313, 1.0], 'recall': [1.0, 0.7592592592592593], 'f1': [0.8925619834710737, 0.8631578947368416], 'confusion_matrix': [[54, 0], [13, 41]], 'epoch': None}
2022-08-26 Friday 23:41:55:INFO: {'type': 'metric', 'label': 'validation_loss', 'epoch': 5, 'value': 0.30449941754341125, 'sum': 32.885937094688416, 'num_example': 108}
2022-08-26 Friday 23:41:55:INFO: {'type': 'metric', 'label': 'validation_dist_target', 'value': (0.00896232768341347, 0.2157990844161422), 'epoch': 5}
2022-08-26 Friday 23:41:55:INFO: Epoch: 6
2022-08-26 Friday 23:41:55:INFO: LR: 0.001
2022-08-26 Friday 23:42:00:INFO: {'type': 'metric', 'label': 'training_confusion_matrix', 'accuracy': 0.9916217833632556, 'precision': [0.9892793329362716, 0.9939867708959711], 'recall': [0.9940155595451825, 0.9892280071813285], 'f1': [0.9916417910447756, 0.9916016796640665], 'confusion_matrix': [[1661, 10], [18, 1653]], 'epoch': None}
2022-08-26 Friday 23:42:00:INFO: {'type': 'metric', 'label': 'training_loss', 'epoch': 6, 'value': 0.027229144957467227, 'sum': 90.99980244785547, 'num_example': 3342}
2022-08-26 Friday 23:42:00:INFO: {'type': 'metric', 'label': 'training_dist_target', 'value': (0.017013404550134493, 0.020707945349971238), 'epoch': 6}
2022-08-26 Friday 23:42:00:INFO: {'type': 'metric', 'label': 'validation_confusion_matrix', 'accuracy': 0.9074074074074074, 'precision': [0.8548387096774194, 0.9782608695652174], 'recall': [0.9814814814814815, 0.8333333333333334], 'f1': [0.9137931034482754, 0.8999999999999995], 'confusion_matrix': [[53, 1], [9, 45]], 'epoch': None}
2022-08-26 Friday 23:42:00:INFO: {'type': 'metric', 'label': 'validation_loss', 'epoch': 6, 'value': 0.2981124818325043, 'sum': 32.19614803791046, 'num_example': 108}
2022-08-26 Friday 23:42:00:INFO: {'type': 'metric', 'label': 'validation_dist_target', 'value': (0.013436424511450308, 0.21432662893224647), 'epoch': 6}
2022-08-26 Friday 23:42:00:INFO: Epoch: 7
2022-08-26 Friday 23:42:00:INFO: LR: 0.001
2022-08-26 Friday 23:42:05:INFO: {'type': 'metric', 'label': 'training_confusion_matrix', 'accuracy': 0.9985038898862957, 'precision': [0.9988023952095808, 0.9982057416267942], 'recall': [0.9982046678635548, 0.9988031119090365], 'f1': [0.9985034420832081, 0.9985043374214772], 'confusion_matrix': [[1668, 3], [2, 1669]], 'epoch': None}
2022-08-26 Friday 23:42:05:INFO: {'type': 'metric', 'label': 'training_loss', 'epoch': 7, 'value': 0.010283237299895808, 'sum': 34.366579056251794, 'num_example': 3342}
2022-08-26 Friday 23:42:05:INFO: {'type': 'metric', 'label': 'training_dist_target', 'value': (0.011104510723652775, 0.0068331295184073226), 'epoch': 7}
2022-08-26 Friday 23:42:06:INFO: {'type': 'metric', 'label': 'validation_confusion_matrix', 'accuracy': 0.9537037037037037, 'precision': [0.9622641509433962, 0.9454545454545454], 'recall': [0.9444444444444444, 0.9629629629629629], 'f1': [0.9532710280373826, 0.9541284403669719], 'confusion_matrix': [[51, 3], [2, 52]], 'epoch': None}
2022-08-26 Friday 23:42:06:INFO: {'type': 'metric', 'label': 'validation_loss', 'epoch': 7, 'value': 0.1333162486553192, 'sum': 14.398154854774475, 'num_example': 108}
2022-08-26 Friday 23:42:06:INFO: {'type': 'metric', 'label': 'validation_dist_target', 'value': (0.05789587232801649, 0.05155324052881311), 'epoch': 7}
2022-08-26 Friday 23:42:06:INFO: Epoch: 8
2022-08-26 Friday 23:42:06:INFO: LR: 0.001
2022-08-26 Friday 23:42:11:INFO: {'type': 'metric', 'label': 'training_confusion_matrix', 'accuracy': 0.9994015559545183, 'precision': [0.9988045427375971, 1.0], 'recall': [1.0, 0.9988031119090365], 'f1': [0.9994019138755975, 0.99940119760479], 'confusion_matrix': [[1671, 0], [2, 1669]], 'epoch': None}
2022-08-26 Friday 23:42:11:INFO: {'type': 'metric', 'label': 'training_loss', 'epoch': 8, 'value': 0.005865430239786437, 'sum': 19.602267861366272, 'num_example': 3342}
2022-08-26 Friday 23:42:11:INFO: {'type': 'metric', 'label': 'training_dist_target', 'value': (0.004391991522331471, 0.006038763578747076), 'epoch': 8}
2022-08-26 Friday 23:42:11:INFO: {'type': 'metric', 'label': 'validation_confusion_matrix', 'accuracy': 0.9351851851851852, 'precision': [0.9122807017543859, 0.9607843137254902], 'recall': [0.9629629629629629, 0.9074074074074074], 'f1': [0.9369369369369364, 0.9333333333333328], 'confusion_matrix': [[52, 2], [5, 49]], 'epoch': None}
2022-08-26 Friday 23:42:11:INFO: {'type': 'metric', 'label': 'validation_loss', 'epoch': 8, 'value': 0.13411781191825867, 'sum': 14.484723687171936, 'num_example': 108}
2022-08-26 Friday 23:42:11:INFO: {'type': 'metric', 'label': 'validation_dist_target', 'value': (0.029720012788419372, 0.0850956881487811), 'epoch': 8}
2022-08-26 Friday 23:42:11:INFO: Calculating recall rate: sun2011
2022-08-26 Friday 23:44:53:INFO: RR calculation - 500 duplicate reports were processed
2022-08-26 Friday 23:47:27:INFO: RR calculation - 1000 duplicate reports were processed
2022-08-26 Friday 23:50:47:INFO: RR calculation - 1500 duplicate reports were processed
2022-08-26 Friday 23:54:15:INFO: RR calculation - 2000 duplicate reports were processed
2022-08-26 Friday 23:57:47:INFO: RR calculation - 2500 duplicate reports were processed
2022-08-27 Saturday 00:01:25:INFO: RR calculation - 3000 duplicate reports were processed
2022-08-27 Saturday 00:01:39:INFO: [] Throughput: 2.5956670989631845 bugs per second (bugs=3029 ,seconds=1166.9447138309479)
2022-08-27 Saturday 00:01:39:INFO: {'type': 'metric', 'label': 'recall_rate', 'k': 1, 'rate': 0.36018487949818423, 'hit': 1091, 'total': 3029, 'epoch': 0}
2022-08-27 Saturday 00:01:39:INFO: {'type': 'metric', 'label': 'recall_rate', 'k': 2, 'rate': 0.4489930670188181, 'hit': 1360, 'total': 3029, 'epoch': 0}
2022-08-27 Saturday 00:01:39:INFO: {'type': 'metric', 'label': 'recall_rate', 'k': 3, 'rate': 0.4991746450973919, 'hit': 1512, 'total': 3029, 'epoch': 0}
2022-08-27 Saturday 00:01:39:INFO: {'type': 'metric', 'label': 'recall_rate', 'k': 4, 'rate': 0.5209640145262463, 'hit': 1578, 'total': 3029, 'epoch': 0}
2022-08-27 Saturday 00:01:39:INFO: {'type': 'metric', 'label': 'recall_rate', 'k': 5, 'rate': 0.5361505447342357, 'hit': 1624, 'total': 3029, 'epoch': 0}
2022-08-27 Saturday 00:01:39:INFO: {'type': 'metric', 'label': 'recall_rate', 'k': 6, 'rate': 0.5493562231759657, 'hit': 1664, 'total': 3029, 'epoch': 0}
2022-08-27 Saturday 00:01:39:INFO: {'type': 'metric', 'label': 'recall_rate', 'k': 7, 'rate': 0.5622317596566524, 'hit': 1703, 'total': 3029, 'epoch': 0}
2022-08-27 Saturday 00:01:39:INFO: {'type': 'metric', 'label': 'recall_rate', 'k': 8, 'rate': 0.5691647408385606, 'hit': 1724, 'total': 3029, 'epoch': 0}
2022-08-27 Saturday 00:01:39:INFO: {'type': 'metric', 'label': 'recall_rate', 'k': 9, 'rate': 0.5793991416309013, 'hit': 1755, 'total': 3029, 'epoch': 0}
2022-08-27 Saturday 00:01:39:INFO: {'type': 'metric', 'label': 'recall_rate', 'k': 10, 'rate': 0.586992406734896, 'hit': 1778, 'total': 3029, 'epoch': 0}
2022-08-27 Saturday 00:01:39:INFO: {'type': 'metric', 'label': 'recall_rate', 'k': 11, 'rate': 0.5919445361505448, 'hit': 1793, 'total': 3029, 'epoch': 0}
2022-08-27 Saturday 00:01:39:INFO: {'type': 'metric', 'label': 'recall_rate', 'k': 12, 'rate': 0.600198085176626, 'hit': 1818, 'total': 3029, 'epoch': 0}
2022-08-27 Saturday 00:01:39:INFO: {'type': 'metric', 'label': 'recall_rate', 'k': 13, 'rate': 0.6087817761637504, 'hit': 1844, 'total': 3029, 'epoch': 0}
2022-08-27 Saturday 00:01:39:INFO: {'type': 'metric', 'label': 'recall_rate', 'k': 14, 'rate': 0.6160448993067019, 'hit': 1866, 'total': 3029, 'epoch': 0}
2022-08-27 Saturday 00:01:39:INFO: {'type': 'metric', 'label': 'recall_rate', 'k': 15, 'rate': 0.6209970287223506, 'hit': 1881, 'total': 3029, 'epoch': 0}
2022-08-27 Saturday 00:01:39:INFO: {'type': 'metric', 'label': 'recall_rate', 'k': 16, 'rate': 0.6252888742159128, 'hit': 1894, 'total': 3029, 'epoch': 0}
2022-08-27 Saturday 00:01:39:INFO: {'type': 'metric', 'label': 'recall_rate', 'k': 17, 'rate': 0.6289204357873885, 'hit': 1905, 'total': 3029, 'epoch': 0}
2022-08-27 Saturday 00:01:39:INFO: {'type': 'metric', 'label': 'recall_rate', 'k': 18, 'rate': 0.6345328491251238, 'hit': 1922, 'total': 3029, 'epoch': 0}
2022-08-27 Saturday 00:01:39:INFO: {'type': 'metric', 'label': 'recall_rate', 'k': 19, 'rate': 0.6378342687355563, 'hit': 1932, 'total': 3029, 'epoch': 0}
2022-08-27 Saturday 00:01:39:INFO: {'type': 'metric', 'label': 'recall_rate', 'k': 20, 'rate': 0.6401452624628591, 'hit': 1939, 'total': 3029, 'epoch': 0}
2022-08-27 Saturday 00:01:39:INFO: {'type': 'metric', 'label': 'MAP', 'value': 0.4439183126637845, 'sum': 1344.6285690586033, 'total': 3029, 'epoch': 0}
2022-08-27 Saturday 00:01:39:INFO: [3, 32, 16, 5, 1, 6, 8, 378, inf, 454, 127, 5, 1, 5, 1, 18, 40, inf, 33, 2, 1511, 530, 34, 398, 615, 150, 16, 19, 2, 33, 1, 1, 6, 1, 63, 2, 12, 9, 5, 3, 14, 260, 1566, 1, 240, 23, 463, 15, 53, 385, 338, 1476, 4, 2500, 69, 43, 32, 271, 299, 582, 15, 37, 8, 12, 1, 17, 18, 155, inf, 101, 320, 22, 2, inf, 245, 195, inf, 79, inf, 19, 42, 663, 134, 1838, 4, 1, 458, 3, 5, 34, 120, 350, 76, 10, 1, 1, 2, 45, 39, 466, 1, 137, inf, 2, 3, 25, 989, 13, inf, 1, 1, 164, 5, 6, inf, 10, 25, 72, 1, 707, 21, 9128, 28, 3, 2, 53, inf, inf, 1, 14, 107, inf, 163, 2, 1, 152, 7, 13, 71, inf, 14, 47, inf, inf, 2, 397, 53, 67, inf, 74, 72, 41, inf, 1, 5, 6, 148, 269, inf, 451, 192, 3, inf, 1259, 38, 1, 71, 14, 4, 955, 582, 88, 18, inf, 2, 18, 75, 6, 132, 4, 829, 25, 3, 43, inf, 6, 658, 1, 143, 341, inf, 16, 12, 100, 1, 107, inf, 6194, 8, 2, 237, 587, 15, 229, 4, 1, 333, 2, 6, 1385, 3, 506, 119, 63, 4, 55, 189, 149, 14, 172, 3, 133, 3, inf, inf, 1, 2, 3, 28, 21, 156, 7377, inf, 134, 3, 93, 1, inf, 1, 2, 1, 1, 11, 2, 1, 1, 13, 5, 198, 8212, 28, 3, 183, 10, 2, 1069, 985, 13872, 9, 63, inf, 3, 1, 389, 615, 18, 2, 69, inf, 1, 289, 28, 17, 5, 45, 12, 14, 453, 66, 192, 101, 196, 10, 1, 389, 270, 79, 15757, 2501, 14, 119, 12, 17, 12, inf, 103, inf, 496, 12, 14, 1385, 1, 498, 3, 184, inf, 173, 5, 2, 9, 6, 3, 2674, 248, inf, 1, 88, 9, 1, 7, inf, 5, 6, 10, 52, 42, 19, 604, 59, 7, 743, 23, 49, 1, 1, 264, 191, 99, 4, 8, 25, 31, 224, 1, inf, 13, 119, inf, 34, 7, 71, 70, 3, 626, 2004, 73, inf, 23, 1, 28, inf, 69, inf, 13, 12, 1683, 42, 272, 2, 8, 1, 1, 110, inf, 1, 3, 13, 1491, 3, 2, 113, 53, inf, 374, inf, inf, 36, 1, 127, 3635, 76, 1, 1, 1553, inf, inf, 150, 159, 677, 3140, 1, 3, 347, 575, inf, 42, 4343, 143, 46, 27, 9, inf, 15, 129, 10, inf, inf, 3, 371, 24, 55, inf, 70, 11750, inf, inf, 22, 17, 1, 6, 20, inf, 374, 1272, 1, 1, inf, 4, 5784, 22, inf, 1, 11, 896, 5, 11, 30, 473, 131, 15, 138, 4, 3, inf, 1, 1, 1, 1, inf, 58, 6, 12, 158, 6, 687, 323, 22, 171, 82, inf, 40, 95, 1, 461, 3, 281, 2076, 29, 9, 12, 74, 1, 40, 185, inf, inf, 3, 3, 8, 8, 78, 18, 49, 44, 1, 2, 132, 26, 23, 18, inf, 67, 1, 18, 164, 1, 56, 3, 2, 999, 56, 39, 551, 5, inf, 43, 61, 52, 391, inf, 2, 71, 119, 31, inf, inf, 1, 462, 9, 243, inf, 2, 2, inf, 519, 14, inf, 25, 25, 41, 23, 215, 903, 1180, 10, 1, inf, 1, 1, 5058, 7, 5, 8, 4, 1, 1, 439, 118, 3, 2, 49, 1983, 31, 1298, 6, 89, 3, 441, 1, 1, 2, 14, 16, 1, 6, 11, 9, 320, 7, 152, 28, 29, 15, 1, 2, 73, 11, 17, 32, 1, 26, 47, 43, 1, 1, inf, 235, 83, 583, 28, 61, 3, 101, 86, 702, 106, 1911, 205, 403, 1273, 1, 2, 29, 10, 13, 379, 365, 209, 171, 13, 485, 373, 1383, 1, 8, 145, 11944, 2, 267, 131, 8, 1126, 1, 45, 8, 15, 85, 24, 3, 34, 2, 860, 8, inf, 1204, 444, 71, 14, 8532, 1, 375, 535, 3049, inf, 425, 340, 18, 23, 15, 44, 607, 1, 70, 4, 1, inf, inf, 24, 120, inf, 1, inf, 4, 2232, 112, 4, 1, 1, 48, 44, 10, 3, 5444, inf, 21, 24, 36, 18, 210, 234, 115, 255, 2274, 40, 3, 7, 1, 379, 2, 16, 105, 841, 4, 71, 1, 172, 84, 16, 13, 134, 4, 235, 1, 2, 34, 22, 4, 85, 433, 6, 3, 4, 1, 15, 117, 11848, 613, inf, 52, 3, 1891, inf, 96, 2, 224, 50, 100, 1, 4, 21, 1449, 32, 2, 221, 572, 1, 7, 4, 3, 5, 125, 1939, inf, 4, 9, 1, 256, 1, 141, 89, 2, 3, 80, inf, 48, inf, 524, 2073, 2, 583, 42, inf, 62, 1, inf, 10, 18, 125, 133, 81, 3, 3280, 20584, inf, 132, 3, 30, 12, 162, 1, 4, 38, inf, 350, 1, 270, inf, 47, 12, inf, 1042, 4, 3833, 1, 197, inf, 2, 1382, 599, inf, 3, 265, 57, 225, 115, 3445, 12, 212, 3, 1704, 23, 91, 13, 40, 11, 3, 1150, 126, 74, 76, 244, 156, 7, 1, 1, 12, inf, 25, 9, 2, 39, 487, 1, 268, 1, 125, 4, 12, 51, 425, 76, 17363, 6, 488, 13, 4, 14, 54, 2271, 236, 1, 8, 2, 1575, 8, inf, 7, 23, 225, 1, 2227, inf, 3, 508, 5, 64, 92, 428, 1, 7, inf, inf, 190, 2, 1151, 32, 16, 7, 684, 450, 12, 15, 109, 123, 24, 101, 41, 18, 1, 14, 203, 71, 1, 244, 8, 9, 1, inf, 294, 55, 1, 3450, inf, 1, 1, 18, 725, 251, 166, 1, 150, 69, 13, 1, inf, inf, 2, 37, inf, 39, inf, inf, 7, 1, 1, 207, 3, 3, 133, inf, 2, 5, 1, 1736, inf, 1187, 456, inf, 175, 6013, 1052, 4, 20, 1, 1, 14, 2133, 23, inf, 6, 1, 35, 1, 11, 185, 9, 51, 1, 2, 2, 375, 1, 41, 2, 1, 133, 3, inf, 58, 8, 10, 1, 7, inf, 1374, 19, 12, 34, 2, inf, 4, inf, 66, 125, 66, inf, inf, inf, 5, 381, 4, 10, 57, 4, 13, 152, 207, 2, 21, 20, 17, 5, 27, 54, 41, inf, 365, 5552, 10, 1, 7, inf, 371, 122, 14, 18, 2, 1, inf, 3209, 67, 4, 5, 1, 1, inf, 1, 29, 401, 90, inf, 1594, 1, inf, 132, 1, 468, 757, 34, 24, 459, 10, inf, 11, 24, 387, 54, 16024, 43, 58, 45, 19, 120, inf, 1036, 162, 34, 203, inf, 1, 17365, 5, 14, 1, 160, 1, 100, 1, 285, 9, 1, inf, 8291, 1, 286, 186, 36, 52, 222, inf, 3, 65, 1, 1, 1, 2, 1, 1, 1, 1, 1, 1, 1, 1, 1, 1, 1, 1, 1, 1, 1, 1, 1, 1, 1, 3, 1, 3, 13, 1317, 1, 18, 1, 1, 1, 1, 1, 1, 22, 1, 4283, 291, 9, 305, inf, 9, 224, 1, 1, 1, 2, 1, 7, 1, 1, 64, inf, 1, 1, 7, 32, 1, 1, 1, 1, 1547, 1, 1, 1, 105, 1, 3, 1, 1, inf, inf, 1, 1, 1, 1, 1, 1, 693, 2, 31, 2, 1443, 1, 4, 1, 2, 9, 57, 132, 1, 629, 2, 1, inf, 643, 1, 1, 4, 1, 1, 103, 1, 1, 1, 614, 1, 82, 1, 1, 107, 1, 1, 46, inf, 637, 1, 207, 120, 35, 198, 123, 3, 89, 12, 10, 109, 6, 94, 1, 1, 2, 2, 1, 1, 924, 3, 1, 160, 209, 3, inf, 61, 1, 1, 1, 1, 1, 1, 1, 64, 198, 1, 1, 1, 1, 4450, 6, 1, 98, 4, 1, 853, 1075, 1, 2, 1, 2, 2, 1, 2, 1, 10, 690, 4, 397, 2, 2, 50, 1, 540, 116, 2, 2669, 16, 1, 22, 1, 186, 1, 1, inf, 6, 1, 4, inf, 32, 1, inf, 2, 1, 2, 1, 1, 4307, 2, 4, 1, 1, 10, 153, 1, 1, 1, 4, 228, 326, 27, 1, 1, 1, 1, 1, 1, 1, 1, 1, 37, 1, 1, 1, 1, 13, 1, 16, 1, 3, 1, 371, 2, 945, 1, 2, 1, 1, 1, 1, 2, inf, 2, 1, 1, 1, 6, 1, 71, 1, 1, 2, 86, 3973, 1, 291, 15, 1, 1, 3, 56, 1, 2, 3, 1, 248, 47, 5, 13, 1, 6448, 91, 1, 1, 582, 1, 41, 12, 2, 3, 14, 167, 1, inf, 1, 4973, 2, 1, 1, 1, 1, 4076, 2, 1, 24, 150, 7, 1215, 2, 4, 1188, 1, 5, 2, 1, 6, 2, 15, 31, 1, 2, 27, 311, 2, 1, 2, 1, 589, 3, 1177, 2, 6352, 163, 3, 66, 25, 42, 17, 13, 1, 1039, 96, 1, 1, 5, 1, 1, 1, 1, 4, 1, 1, 1, 2, 1, 4, 35, 2, 2, 4, 2, 3, 1, 1009, 5, 1, 1, 1, 1, 1, 1, 93, 1, 1, 1, 1, 1, 1, 1, 60, 4, 4901, 9, 356, 104, 1, inf, 12, 17, 100, 1, 5, 23, 9, 13, 1, 1, 552, 1, 1, 1, 1, 2, 1, 1, 1, 5, 3, 560, 1, 1, 1, 11, 1, 62, 676, 3, 14, 1, 3605, 1, 89, 1, 1, 1, 1, 3, 3, 4, 2, 89, 1, 1, 1, 1, 1, 2411, 1, 1, 1, 1, 1, 1, 1, 42, 1, 1, 1, 1, 3, 1, 1, 1, 1, 1, 1, 1, 1, 1, 1, 2893, 1, 1, 90, 1, 402, 4, 1, 1, 1, 903, 33, 1, 24, 2, 1, 1, 1, 1, 3, 5, 4, 1, 2, 1, 1, 1, 1, 17, 198, 9, inf, 3, 1, 1, 1, 13, 1, 1, 3, 1, 5, 2, 134, 34, 42, 1, 1, 1, 1, 2, 1, 1, 1, 1, 1, 1, 3, 2, 1, 1, 2, 1, 1, 1, 119, 1, 2, 7, 1, 66, 1, 94, 3, 1, 3, 1, 1, 4822, 1, 1, 1, 1, 1, 1, 1, 1, 1, 1, 1, 1, 4, 1, 3, 1, 1, 1, 28, 3, 1, 29, 12, 5, 1, 1, 1, 2, 1, 1, 1, 1, 1, 1, 1, 1, 1, 1, 1, 1, 7, 1, 1, 1, 1, 1, 1, 1, 84, 1, 1, 1, 2, inf, 1, 27, 1, 1, 1, 100, 1, 5, 1, 454, 1, 3, 1, 1, 1, 1, 1, 1, 269, 1, 1, 1, 1, 1, 1, 1, 1, 1, 1, 1, 21, 3, 1, 1, 6, 23, 1, 1, 1, 1, 1, 2, 1, 104, 1, 1, 1, 169, 4, 7, 1, 1, 41, 1, 2, 1, 1, 29, 1, 375, 7, 1, 335, 3, 1, 1, 1, 1, 1, 529, 1, 1, 1, 1, 1, 1, 1, 1, 1, 74, 1, 4, 1, 1, 1, 3, 1, 1, 1, 1, 1, 1, 1, 1, 11, 1, 23, 1, 1, 1, 1, 3, 25, 78, 9, 1, 42, 124, 38, 1, 40, 1529, 1, 37, 2741, 60, 19, 1, 131, 1, 1, 855, 21, 1, 3, 1, 1, 1, 1, 3, 16, 1, 1, 1, inf, 1, 1, 1, 1, 1, 28, 4, 1, 2, 1, 1, 702, 1, 822, 1, 1, 2, 2, 2, 2, 3, 19, 1, 6, inf, 1, 1, 59, 1, 1, 742, 1, 1, 1, 1, 1, 1, 1, 1, 1, 1, 1, 1, 1, 1, inf, 71, 1, 205, 1, 1, 1, 1, 1, 1, 11, 469, 1, 26, 46, 3, 2, 2, 3, 5, 1, 1, 1, 1, 1, 7, 4, 3, 9, 1, 2, 1, 1, 1, 1025, 705, 1, 6, 1, 1, 53, inf, 3, 1, 3, 2, 2, 3, 1, 1, 3, 1, 1, 2, 3, 1, 1, 66, 3, 3, 14, 3, 3, 1, 541, 3, 3, 1, 2, 1, 3, 1, 843, 1, 1, 1, 3, 1, 2, 1, 1, 1, 1, 1, 1, 23, 2, 1, 1, 6, 1, 1, 3, 1, 1, 2, 1, 1, 130, 1, 2, 1, 1, 1, 1, 1, 1, 1, 2382, 391, 1, 46, 255, 1, 1, 1, 1, 1, 2, 1, 1, 1, 1, 1, 6, 1, 1, 1, 1, 1, 1, 1, 1, 1, 4, 1, 5, 1, 1, 1, 1102, 6, 1, 31, 1, 20, 1, 2, 2, 1, 1, 1, 1, 1, 1, 1, 1, 1, 1, 2, 1, 67, 1, 13, 1161, 1, 2, 21, 460, 1, 1, 3, 4, 3, 2, 2, 9, 1, 1, 1, 13, 2, 2, 2, 2, 1, 1, 2, 1, 2, 2, 36, 3, 1, 2, 1, 4, 2, 1, 10, 19, 2, 2, 3, 2, 2, 2, 2, 1, 10973, 35, 217, 407, inf, 2, 3, 1, 1, 10, 1, 38, inf, 48, 1, 1, 21, 3431, 144, inf, 1, 1, 209, 4, 32, 2, 2, 1, 1, 64, 1, 1075, 4, 1, 2, 75, 1, 1, 1, 2, 1, 1, 1, 1023, 1144, 1, 1, 2, 1, 1, 30, 1, 3, 1, 1, 1, 48, 1, 1, 30, inf, 1, 1, 17, 1, 1, 2, 1, 31, 1, 2, 1, 97, 1, 1, 1, 1, 1, 1, 3, 2, 2, 1, 1, 1, 7, 1, 1, 2, 2, 1, 2, 2, 2, 2, 2, 1, 1, 1, 1, 1, 1, 1, 580, 430, 152, 31, 1, 1, 1, 452, 3, 1, 1, 1, 1, 2, 1, 2, 1, 1, 1, 4, 7, 25, 9, 2, 4, 3, 6, 19, 2, 2, 1, 41, 7, 172, 1, 61, 1, 26, 448, 1, 1, 18, 1, 1314, 11, 37, 1, 59, 1, 1, 1, 2, 2, inf, 1114, 4656, 19, 2170, 3, 1, 1, 2559, 2, 1, 1, 5, 1, 30, 6, 2, 4, 6, 8, 2, 1, 1, 1, 1, 2, 2, 527, 7, 101, 15, 2, 5218, 9, 1, 3, 2, 1, 2, 1, 1, 1, 1, 1, 2, inf, 14, 2, 2, 143, 3, 3, 3, 1, 3, 3, 3, 3, 3, 3, 3, 1, 3, 3, 3, 3, 3, 3, 3, 3, 3, 3, 1, 4, 12, 638, 2, 2, 1, 1, 1, 1, 1, 1, 1, 1, 2, 2, 2, 1, 1, 1, inf, 1731, 1, 3, 942, 2422, 2, 1, 2, 1, 1, 1, 298, 1, 1, 790, 1, 1, 1, 1, 20, 1, 5, 3, 2, 2, 1, 5, 1, 1, 1, 1, 1, inf, 3, inf, 1, 1, 1, 348, 1, 2, 3, 2, 1, 1, 9, 1, 1, 16, inf, 1, 2, 3, 3, 3, 3, 2, 7, 2, 2, 2, 2, 2, 2, 2, 2, 2, inf, 7, 7, 7, 7, 16, 7, 1, 1, 1, 1, 67, inf, 1, inf, 1259, 1, 2, 1, 2, 2, 2, 630, inf, 1, 9, 6, 2, 2, 2, 2, 2, 4, 1, 1, 71, 1, 39, 282, 88, 2, 1, 1, 2, 1, 2, 1, 2, 1, 2, 1, 2, 5, 2, 55, 1, 874, 3, 2, 1, 2, 1, 1, 1, 1, 13, 1, 2, 2, 2, 2, 2, 1, 1, 1, 81, 1, 2, 2, 5, 2, 1, 1, 1, 13, 6, 1, 1, 18, 1, 1, 5, 1, 2, 995, 342, 1, 22, 6, 6, 6, 125, 209, 3, 2, 1, 1, 2, 2, 2, 8913, 7, 1, 1, 2, 1649, inf, 3185, 2, 1, 1, 15, 14511, 1, 1, 1, 1, 8, 2, 1, 1, 742, 1, 2, 1, 380, 2, 1322, 262, 1, 5, 21, 2, 2, 1, 22, 2, 900, 5, 1, 1, 1, 1, 3340, 1, 1, 1, 1, 183, 1, 47, 4, 58, 2, 1938, 5, 1, inf, 1, 1, 1, 1, 14, 3, 1, 1, 278, 7, 2, 1, inf, inf, 11, 1, 1, inf, 1, 1, 166, 27, 1, 1, 3, 53, 20, 1, 1, 1, 2, 317, 185, 306, 1, 1, 1, 82, 1, 1, 1, 1, 1, 1, 1, 1, 1, 1, 1, 1, 1, 1, 1, 1, 1, 1, 1, 1, 1, 1, 2, 11, 1, 1, 1, 1, 1, 1, 16, 1, 109, 1, 1, 610, 10, 2, 3, 1, 1, 3, 1, 57, 1, 1, 1, 1, 1, 186, 2822, 1, 1, inf, 1, 1, 1, 1, 1, 1, 1, 9, 8, 1, inf, 7, 12, 1, 1, 1, 113, 2, inf, 251, 1, 1, 1, 1, 1, 1, 1, 1, 1, 1, 44, 1, 10, 1, 5, 1, 2, 2, 1, 1147, 1, inf, 1022, 1, 1528, 1, 1, 1, 1, 1, 1, 1, 1, 1, 1, 23, 1, 1, 1433, 1, inf, 1, 799, 1906, 4, 4, 4, 3, 132, 1, 1, 1, 313, 1, 1, 1, 26, 1, 1, 5, 1, 1, 1, 1, 1, 1, 1, 3, 1, 1, 2, 1, 1, 1, 3, 1, 113, 1934, 1441, 27, 9, 4, 1, 1, 1, 14, 2, 8, 1, 1, 1, 1, 2, 667, 1, 1, 1, 1, 1, 1, inf, 1, 1, 1, 5, 3, 1, 54, 12, 6, 24, 1, 1, 1, inf, 1, 1, 1, 45, 1, 1, 1, 1, 1, 1123, 1, 1314, 3123, 22, 150, 1, 1, 1, 12, 57, 2894, 106, 42, 6, 1, 3, 1, 33, 1, 161, 3, 1, 1, 1, 1, 1, 1, 1, 1, 1384, 1679, 1, 1, 1, 15, 1, 1, 3, 2, 10, 1, 8, 1, 1, 3, 41, 1, 1, 1, 2, 2, 86, 1, 1, 1, 1, 1, 1, 1, inf, 1, 1, 1, 2, 1, 1, 1, 2, 1, 1, 1, 1, 544, 40, 2, 1, 1, 2, 43, 1, 2655, 1, 10, 2, 1, 23, 1, 1, 64, 1258, 6849, 323, 5, 1, 60, 32, 1, 13, 342, 243, 50, 20, 2, inf, 1927, 1, 1, 1, 3654, 7, 5865, 2605, 73, inf, 106, 1, 2590, 2, 7, 2, 4807, 2265, 2, 1, 92, 182, 62, 2, 128, 1, 28, 1627, 1, 84, 1, 37, 87, 6, 1, inf, 22, inf, inf, inf, inf, 2, 151, inf, 2796, 192, 366, 46, 4, 495, 1, inf, 1270, 11, inf, inf, 3, inf, 1059, 14824, 100, 117, 37, 295, 53, 147, 148, 2, 1777, 7, 107, 58, inf, 1, 216, 129, 13, 282, 40, inf, 417, inf, 13, 415, 2, 221, inf, 2, 138, 42, 6, 1, 35, 1, 179, 44, 1, 1, 17, 93, 2993, 31, 37, 217, 3, 29, 1, 1, 1, 1, 1, 1, 2, 24, 2, 1, 2, 1, 2, 2, 33, 2, 9, 9, 2, 1688, 148, 28, 56, 4, 9]
2022-08-27 Saturday 00:01:39:INFO: It completed at: 2022-08-27 00:01:39.347072
2022-08-27 Saturday 00:01:39:INFO: Completed after: 0:28:34.843067
