2022-08-30 Tuesday 14:39:53:INFO: {'bug_database': 'dataset/eclipse/eclipse_soft_clean.json', 'database_name': 'eclipse-sampled', 'epochs': 8, 'lr': 0.001, 'l2': 0.0, 'dropout': None, 'batch_size': 128, 'ranking_batch_size': 256, 'cuda': True, 'cache_folder': None, 'pairs_training': 'dataset/eclipse/training_split_eclipse_pairs_random_1.txt', 'pairs_validation': 'dataset/eclipse/validation_eclipse_pairs_random_1.txt', 'neg_pair_generator': {'type': 'none', 'training': None, 'rate': 1, 'pre_list_file': None, 'k': 0, 'n_tries': 0, 'preselected_length': None, 'random_anchor': True}, 'sum_desc': None, 'summary': {'word_embedding': 'word_embedding/eclipse/glove_42B_300d_eclipse.txt', 'lexicon': None, 'encoder_type': 'rnn', 'tokenizer': 'white_space', 'filters': ['TransformLowerCaseFilter'], 'rnn_type': 'lstm', 'hidden_size': 300, 'nfilters': 100, 'bidirectional': True, 'num_layers': 1, 'dropout': 0.15, 'update_embedding': False, 'fixed_opt': 'mean+max', 'activation': 'relu', 'batch_normalization': False, 'hidden_sizes': None, 'hidden_act': None, 'hidden_dropout': 0.0, 'bn_last_layer': False, 'self_att_hidden': 100, 'n_hops': 20, 'standardization': False}, 'description': {'word_embedding': 'word_embedding/eclipse/glove_42B_300d_eclipse.txt', 'lexicon': None, 'encoder_type': 'rnn', 'tokenizer': 'white_space', 'filters': ['TransformLowerCaseFilter'], 'rnn_type': 'lstm', 'hidden_size': 300, 'nfilters': 100, 'bidirectional': True, 'num_layers': 1, 'dropout': 0.15, 'update_embedding': False, 'fixed_opt': 'mean+max', 'activation': 'relu', 'batch_normalization': True, 'hidden_sizes': None, 'hidden_act': None, 'hidden_dropout': 0.0, 'bn_last_layer': False, 'window_sizes': [3], 'self_att_hidden': 100, 'n_hops': 20, 'standardization': False}, 'categorical': {'lexicons': 'dataset/eclipse/categorical_lexicons.json', 'bn_last_layer': True, 'emb_size': 20, 'hidden_sizes': [40], 'dropout': 0.0, 'activation': 'relu', 'batch_normalization': True}, 'classifier': {'type': 'binary', 'without_embedding': False, 'batch_normalization': True, 'dropout': 0, 'hidden_sizes': [300, 50], 'margin': 0, 'loss': None}, 'recall_estimation_train': None, 'recall_estimation': None, 'rr_val_epoch': 100, 'rr_train_epoch': 100, 'random_switch': False, 'ranking_result_file': None, 'optimizer': 'adam', 'momentum': 0.9, 'lr_scheduler': None, 'save': None, 'load': None, 'pair_test_dataset': None, 'recall_rate': {'type': 'sun2011', 'dataset': 'dataset/eclipse/test_eclipse.txt', 'result_file': None, 'group_by_master': True, 'window': 365}, 'seed': 889728042}
2022-08-30 Tuesday 14:39:53:INFO: It started at: 2022-08-30 14:39:53.318042
2022-08-30 Tuesday 14:39:53:INFO: Turning CUDA on
2022-08-30 Tuesday 14:39:53:INFO: Using Summary information.
2022-08-30 Tuesday 14:43:28:INFO: Lexicon size: 1924244
2022-08-30 Tuesday 14:43:28:INFO: Word Embedding size: 300
2022-08-30 Tuesday 14:43:28:INFO: Use white space tokenizer to tokenize summary information
2022-08-30 Tuesday 14:43:32:INFO: Using Description information.
2022-08-30 Tuesday 14:47:11:INFO: Lexicon size: 1924244
2022-08-30 Tuesday 14:47:11:INFO: Word Embedding size: 300
2022-08-30 Tuesday 14:47:11:INFO: Use white space tokenizer to tokenize summary information
2022-08-30 Tuesday 14:47:15:INFO: Using Categorical Information.
2022-08-30 Tuesday 14:47:15:INFO: Using NLLLoss
2022-08-30 Tuesday 14:47:18:INFO: Not generate dynamically the negative examples.
2022-08-30 Tuesday 14:47:19:INFO: Training size: 3342
2022-08-30 Tuesday 14:47:19:INFO: Validation size: 108
2022-08-30 Tuesday 14:47:19:INFO: Adam
2022-08-30 Tuesday 14:47:19:INFO: Scheduler: Constant
2022-08-30 Tuesday 14:47:19:INFO: Epoch: 1
2022-08-30 Tuesday 14:47:19:INFO: LR: 0.001
2022-08-30 Tuesday 14:47:23:INFO: {'type': 'metric', 'label': 'training_confusion_matrix', 'accuracy': 0.8686415320167564, 'precision': [0.8536165327210103, 0.885], 'recall': [0.8898862956313585, 0.8473967684021544], 'f1': [0.8713741576325807, 0.8657902782023841], 'confusion_matrix': [[1487, 184], [255, 1416]], 'epoch': None}
2022-08-30 Tuesday 14:47:23:INFO: {'type': 'metric', 'label': 'training_loss', 'epoch': 1, 'value': 0.33969406261906376, 'sum': 1135.257557272911, 'num_example': 3342}
2022-08-30 Tuesday 14:47:23:INFO: {'type': 'metric', 'label': 'training_dist_target', 'value': (0.22341301910610417, 0.24838949063093915), 'epoch': 1}
2022-08-30 Tuesday 14:47:23:INFO: {'type': 'metric', 'label': 'validation_confusion_matrix', 'accuracy': 0.8796296296296297, 'precision': [0.8360655737704918, 0.9361702127659575], 'recall': [0.9444444444444444, 0.8148148148148148], 'f1': [0.8869565217391299, 0.8712871287128707], 'confusion_matrix': [[51, 3], [10, 44]], 'epoch': None}
2022-08-30 Tuesday 14:47:23:INFO: {'type': 'metric', 'label': 'validation_loss', 'epoch': 1, 'value': 0.3326232433319092, 'sum': 35.92331027984619, 'num_example': 108}
2022-08-30 Tuesday 14:47:23:INFO: {'type': 'metric', 'label': 'validation_dist_target', 'value': (0.17082445709793656, 0.31324552606653283), 'epoch': 1}
2022-08-30 Tuesday 14:47:23:INFO: Epoch: 2
2022-08-30 Tuesday 14:47:23:INFO: LR: 0.001
2022-08-30 Tuesday 14:47:28:INFO: {'type': 'metric', 'label': 'training_confusion_matrix', 'accuracy': 0.9557151406343507, 'precision': [0.9640463132236441, 0.9476778365667254], 'recall': [0.9467384799521245, 0.964691801316577], 'f1': [0.9553140096618351, 0.9561091340450766], 'confusion_matrix': [[1582, 89], [59, 1612]], 'epoch': None}
2022-08-30 Tuesday 14:47:28:INFO: {'type': 'metric', 'label': 'training_loss', 'epoch': 2, 'value': 0.15374192965558586, 'sum': 513.805528908968, 'num_example': 3342}
2022-08-30 Tuesday 14:47:28:INFO: {'type': 'metric', 'label': 'training_dist_target', 'value': (0.12305210130361652, 0.10810509632619679), 'epoch': 2}
2022-08-30 Tuesday 14:47:28:INFO: {'type': 'metric', 'label': 'validation_confusion_matrix', 'accuracy': 0.9166666666666666, 'precision': [0.9090909090909091, 0.9245283018867925], 'recall': [0.9259259259259259, 0.9074074074074074], 'f1': [0.9174311926605498, 0.9158878504672893], 'confusion_matrix': [[50, 4], [5, 49]], 'epoch': None}
2022-08-30 Tuesday 14:47:28:INFO: {'type': 'metric', 'label': 'validation_loss', 'epoch': 2, 'value': 0.24368394911289215, 'sum': 26.317866504192352, 'num_example': 108}
2022-08-30 Tuesday 14:47:28:INFO: {'type': 'metric', 'label': 'validation_dist_target', 'value': (0.14644549511097096, 0.16179169548882377), 'epoch': 2}
2022-08-30 Tuesday 14:47:28:INFO: Epoch: 3
2022-08-30 Tuesday 14:47:28:INFO: LR: 0.001
2022-08-30 Tuesday 14:47:33:INFO: {'type': 'metric', 'label': 'training_confusion_matrix', 'accuracy': 0.9793536804308797, 'precision': [0.979066985645933, 0.9796407185628743], 'recall': [0.9796529024536206, 0.9790544584081389], 'f1': [0.9793598564163918, 0.9793475007482785], 'confusion_matrix': [[1637, 34], [35, 1636]], 'epoch': None}
2022-08-30 Tuesday 14:47:33:INFO: {'type': 'metric', 'label': 'training_loss', 'epoch': 3, 'value': 0.07664074266763021, 'sum': 256.1333619952202, 'num_example': 3342}
2022-08-30 Tuesday 14:47:33:INFO: {'type': 'metric', 'label': 'training_dist_target', 'value': (0.05514818547658047, 0.06430938427923398), 'epoch': 3}
2022-08-30 Tuesday 14:47:33:INFO: {'type': 'metric', 'label': 'validation_confusion_matrix', 'accuracy': 0.8888888888888888, 'precision': [0.8620689655172413, 0.92], 'recall': [0.9259259259259259, 0.8518518518518519], 'f1': [0.8928571428571423, 0.884615384615384], 'confusion_matrix': [[50, 4], [8, 46]], 'epoch': None}
2022-08-30 Tuesday 14:47:33:INFO: {'type': 'metric', 'label': 'validation_loss', 'epoch': 3, 'value': 0.2900122404098511, 'sum': 31.321321964263916, 'num_example': 108}
2022-08-30 Tuesday 14:47:33:INFO: {'type': 'metric', 'label': 'validation_dist_target', 'value': (0.10577133849815086, 0.16724897314001014), 'epoch': 3}
2022-08-30 Tuesday 14:47:33:INFO: Epoch: 4
2022-08-30 Tuesday 14:47:33:INFO: LR: 0.001
2022-08-30 Tuesday 14:47:37:INFO: {'type': 'metric', 'label': 'training_confusion_matrix', 'accuracy': 0.990424895272292, 'precision': [0.9863501483679525, 0.9945684972842487], 'recall': [0.9946140035906643, 0.9862357869539198], 'f1': [0.9904648390941592, 0.9903846153846148], 'confusion_matrix': [[1662, 9], [23, 1648]], 'epoch': None}
2022-08-30 Tuesday 14:47:37:INFO: {'type': 'metric', 'label': 'training_loss', 'epoch': 4, 'value': 0.03923320515111383, 'sum': 131.11737161502242, 'num_example': 3342}
2022-08-30 Tuesday 14:47:37:INFO: {'type': 'metric', 'label': 'training_dist_target', 'value': (0.026170933803065247, 0.03656423106156446), 'epoch': 4}
2022-08-30 Tuesday 14:47:37:INFO: {'type': 'metric', 'label': 'validation_confusion_matrix', 'accuracy': 0.9074074074074074, 'precision': [0.8548387096774194, 0.9782608695652174], 'recall': [0.9814814814814815, 0.8333333333333334], 'f1': [0.9137931034482754, 0.8999999999999995], 'confusion_matrix': [[53, 1], [9, 45]], 'epoch': None}
2022-08-30 Tuesday 14:47:37:INFO: {'type': 'metric', 'label': 'validation_loss', 'epoch': 4, 'value': 0.3143555819988251, 'sum': 33.95040285587311, 'num_example': 108}
2022-08-30 Tuesday 14:47:37:INFO: {'type': 'metric', 'label': 'validation_dist_target', 'value': (0.058374210640236186, 0.1994707672684281), 'epoch': 4}
2022-08-30 Tuesday 14:47:37:INFO: Epoch: 5
2022-08-30 Tuesday 14:47:37:INFO: LR: 0.001
2022-08-30 Tuesday 14:47:42:INFO: {'type': 'metric', 'label': 'training_confusion_matrix', 'accuracy': 0.9997007779772591, 'precision': [1.0, 0.9994019138755981], 'recall': [0.9994015559545183, 1.0], 'f1': [0.9997006884166413, 0.999700867484295], 'confusion_matrix': [[1670, 1], [0, 1671]], 'epoch': None}
2022-08-30 Tuesday 14:47:42:INFO: {'type': 'metric', 'label': 'training_loss', 'epoch': 5, 'value': 0.014651320922065288, 'sum': 48.96471452154219, 'num_example': 3342}
2022-08-30 Tuesday 14:47:42:INFO: {'type': 'metric', 'label': 'training_dist_target', 'value': (0.013636157053725081, 0.014060413066959895), 'epoch': 5}
2022-08-30 Tuesday 14:47:42:INFO: {'type': 'metric', 'label': 'validation_confusion_matrix', 'accuracy': 0.9074074074074074, 'precision': [0.8548387096774194, 0.9782608695652174], 'recall': [0.9814814814814815, 0.8333333333333334], 'f1': [0.9137931034482754, 0.8999999999999995], 'confusion_matrix': [[53, 1], [9, 45]], 'epoch': None}
2022-08-30 Tuesday 14:47:42:INFO: {'type': 'metric', 'label': 'validation_loss', 'epoch': 5, 'value': 0.330326110124588, 'sum': 35.675219893455505, 'num_example': 108}
2022-08-30 Tuesday 14:47:42:INFO: {'type': 'metric', 'label': 'validation_dist_target', 'value': (0.04207650820414225, 0.18173327269377532), 'epoch': 5}
2022-08-30 Tuesday 14:47:42:INFO: Epoch: 6
2022-08-30 Tuesday 14:47:42:INFO: LR: 0.001
2022-08-30 Tuesday 14:47:47:INFO: {'type': 'metric', 'label': 'training_confusion_matrix', 'accuracy': 1.0, 'precision': [1.0, 1.0], 'recall': [1.0, 1.0], 'f1': [0.9999999999999996, 0.9999999999999996], 'confusion_matrix': [[1671, 0], [0, 1671]], 'epoch': None}
2022-08-30 Tuesday 14:47:47:INFO: {'type': 'metric', 'label': 'training_loss', 'epoch': 6, 'value': 0.0067073259076838145, 'sum': 22.41588318347931, 'num_example': 3342}
2022-08-30 Tuesday 14:47:47:INFO: {'type': 'metric', 'label': 'training_dist_target', 'value': (0.006036898882570273, 0.007119744926922911), 'epoch': 6}
2022-08-30 Tuesday 14:47:47:INFO: {'type': 'metric', 'label': 'validation_confusion_matrix', 'accuracy': 0.8981481481481481, 'precision': [0.864406779661017, 0.9387755102040817], 'recall': [0.9444444444444444, 0.8518518518518519], 'f1': [0.9026548672566366, 0.8932038834951452], 'confusion_matrix': [[51, 3], [8, 46]], 'epoch': None}
2022-08-30 Tuesday 14:47:47:INFO: {'type': 'metric', 'label': 'validation_loss', 'epoch': 6, 'value': 0.3170115649700165, 'sum': 34.23724901676178, 'num_example': 108}
2022-08-30 Tuesday 14:47:47:INFO: {'type': 'metric', 'label': 'validation_dist_target', 'value': (0.05570337507459852, 0.17255387482819734), 'epoch': 6}
2022-08-30 Tuesday 14:47:47:INFO: Epoch: 7
2022-08-30 Tuesday 14:47:47:INFO: LR: 0.001
2022-08-30 Tuesday 14:47:51:INFO: {'type': 'metric', 'label': 'training_confusion_matrix', 'accuracy': 0.9985038898862957, 'precision': [0.9988023952095808, 0.9982057416267942], 'recall': [0.9982046678635548, 0.9988031119090365], 'f1': [0.9985034420832081, 0.9985043374214772], 'confusion_matrix': [[1668, 3], [2, 1669]], 'epoch': None}
2022-08-30 Tuesday 14:47:51:INFO: {'type': 'metric', 'label': 'training_loss', 'epoch': 7, 'value': 0.009112738749906332, 'sum': 30.45477290218696, 'num_example': 3342}
2022-08-30 Tuesday 14:47:51:INFO: {'type': 'metric', 'label': 'training_dist_target', 'value': (0.0073601436572186185, 0.008112817307134933), 'epoch': 7}
2022-08-30 Tuesday 14:47:51:INFO: {'type': 'metric', 'label': 'validation_confusion_matrix', 'accuracy': 0.8981481481481481, 'precision': [0.8412698412698413, 0.9777777777777777], 'recall': [0.9814814814814815, 0.8148148148148148], 'f1': [0.9059829059829054, 0.8888888888888883], 'confusion_matrix': [[53, 1], [10, 44]], 'epoch': None}
2022-08-30 Tuesday 14:47:51:INFO: {'type': 'metric', 'label': 'validation_loss', 'epoch': 7, 'value': 0.4311004877090454, 'sum': 46.558852672576904, 'num_example': 108}
2022-08-30 Tuesday 14:47:51:INFO: {'type': 'metric', 'label': 'validation_dist_target', 'value': (0.03403441552762632, 0.22392604969165944), 'epoch': 7}
2022-08-30 Tuesday 14:47:51:INFO: Epoch: 8
2022-08-30 Tuesday 14:47:51:INFO: LR: 0.001
2022-08-30 Tuesday 14:47:56:INFO: {'type': 'metric', 'label': 'training_confusion_matrix', 'accuracy': 0.9982046678635548, 'precision': [0.9988016776512882, 0.9976090854751942], 'recall': [0.997606223818073, 0.9988031119090365], 'f1': [0.9982035928143707, 0.9982057416267938], 'confusion_matrix': [[1667, 4], [2, 1669]], 'epoch': None}
2022-08-30 Tuesday 14:47:56:INFO: {'type': 'metric', 'label': 'training_loss', 'epoch': 8, 'value': 0.009078914502898664, 'sum': 30.341732268687338, 'num_example': 3342}
2022-08-30 Tuesday 14:47:56:INFO: {'type': 'metric', 'label': 'training_dist_target', 'value': (0.006569657615764386, 0.007006218232201074), 'epoch': 8}
2022-08-30 Tuesday 14:47:56:INFO: {'type': 'metric', 'label': 'validation_confusion_matrix', 'accuracy': 0.8981481481481481, 'precision': [0.8412698412698413, 0.9777777777777777], 'recall': [0.9814814814814815, 0.8148148148148148], 'f1': [0.9059829059829054, 0.8888888888888883], 'confusion_matrix': [[53, 1], [10, 44]], 'epoch': None}
2022-08-30 Tuesday 14:47:56:INFO: {'type': 'metric', 'label': 'validation_loss', 'epoch': 8, 'value': 0.34838995337486267, 'sum': 37.62611496448517, 'num_example': 108}
2022-08-30 Tuesday 14:47:56:INFO: {'type': 'metric', 'label': 'validation_dist_target', 'value': (0.03555824138500072, 0.18065862302426938), 'epoch': 8}
2022-08-30 Tuesday 14:47:56:INFO: Calculating recall rate: sun2011
2022-08-30 Tuesday 14:48:50:INFO: RR calculation - 500 duplicate reports were processed
2022-08-30 Tuesday 14:48:52:INFO: [] Throughput: 9.275244299120173 bugs per second (bugs=520 ,seconds=56.06321334838867)
2022-08-30 Tuesday 14:48:52:INFO: {'type': 'metric', 'label': 'recall_rate', 'k': 1, 'rate': 0.20192307692307693, 'hit': 105, 'total': 520, 'epoch': 0}
2022-08-30 Tuesday 14:48:52:INFO: {'type': 'metric', 'label': 'recall_rate', 'k': 2, 'rate': 0.27115384615384613, 'hit': 141, 'total': 520, 'epoch': 0}
2022-08-30 Tuesday 14:48:52:INFO: {'type': 'metric', 'label': 'recall_rate', 'k': 3, 'rate': 0.3038461538461538, 'hit': 158, 'total': 520, 'epoch': 0}
2022-08-30 Tuesday 14:48:52:INFO: {'type': 'metric', 'label': 'recall_rate', 'k': 4, 'rate': 0.34423076923076923, 'hit': 179, 'total': 520, 'epoch': 0}
2022-08-30 Tuesday 14:48:52:INFO: {'type': 'metric', 'label': 'recall_rate', 'k': 5, 'rate': 0.36153846153846153, 'hit': 188, 'total': 520, 'epoch': 0}
2022-08-30 Tuesday 14:48:52:INFO: {'type': 'metric', 'label': 'recall_rate', 'k': 6, 'rate': 0.3903846153846154, 'hit': 203, 'total': 520, 'epoch': 0}
2022-08-30 Tuesday 14:48:52:INFO: {'type': 'metric', 'label': 'recall_rate', 'k': 7, 'rate': 0.4, 'hit': 208, 'total': 520, 'epoch': 0}
2022-08-30 Tuesday 14:48:52:INFO: {'type': 'metric', 'label': 'recall_rate', 'k': 8, 'rate': 0.41346153846153844, 'hit': 215, 'total': 520, 'epoch': 0}
2022-08-30 Tuesday 14:48:52:INFO: {'type': 'metric', 'label': 'recall_rate', 'k': 9, 'rate': 0.41923076923076924, 'hit': 218, 'total': 520, 'epoch': 0}
2022-08-30 Tuesday 14:48:52:INFO: {'type': 'metric', 'label': 'recall_rate', 'k': 10, 'rate': 0.43653846153846154, 'hit': 227, 'total': 520, 'epoch': 0}
2022-08-30 Tuesday 14:48:52:INFO: {'type': 'metric', 'label': 'recall_rate', 'k': 11, 'rate': 0.4442307692307692, 'hit': 231, 'total': 520, 'epoch': 0}
2022-08-30 Tuesday 14:48:52:INFO: {'type': 'metric', 'label': 'recall_rate', 'k': 12, 'rate': 0.4519230769230769, 'hit': 235, 'total': 520, 'epoch': 0}
2022-08-30 Tuesday 14:48:52:INFO: {'type': 'metric', 'label': 'recall_rate', 'k': 13, 'rate': 0.46923076923076923, 'hit': 244, 'total': 520, 'epoch': 0}
2022-08-30 Tuesday 14:48:52:INFO: {'type': 'metric', 'label': 'recall_rate', 'k': 14, 'rate': 0.47692307692307695, 'hit': 248, 'total': 520, 'epoch': 0}
2022-08-30 Tuesday 14:48:52:INFO: {'type': 'metric', 'label': 'recall_rate', 'k': 15, 'rate': 0.4826923076923077, 'hit': 251, 'total': 520, 'epoch': 0}
2022-08-30 Tuesday 14:48:52:INFO: {'type': 'metric', 'label': 'recall_rate', 'k': 16, 'rate': 0.48846153846153845, 'hit': 254, 'total': 520, 'epoch': 0}
2022-08-30 Tuesday 14:48:52:INFO: {'type': 'metric', 'label': 'recall_rate', 'k': 17, 'rate': 0.5038461538461538, 'hit': 262, 'total': 520, 'epoch': 0}
2022-08-30 Tuesday 14:48:52:INFO: {'type': 'metric', 'label': 'recall_rate', 'k': 18, 'rate': 0.5096153846153846, 'hit': 265, 'total': 520, 'epoch': 0}
2022-08-30 Tuesday 14:48:52:INFO: {'type': 'metric', 'label': 'recall_rate', 'k': 19, 'rate': 0.5096153846153846, 'hit': 265, 'total': 520, 'epoch': 0}
2022-08-30 Tuesday 14:48:52:INFO: {'type': 'metric', 'label': 'recall_rate', 'k': 20, 'rate': 0.5134615384615384, 'hit': 267, 'total': 520, 'epoch': 0}
2022-08-30 Tuesday 14:48:52:INFO: {'type': 'metric', 'label': 'MAP', 'value': 0.28219150747948196, 'sum': 146.73958388933062, 'total': 520, 'epoch': 0}
2022-08-30 Tuesday 14:48:52:INFO: [16, inf, 5, inf, 13, 2, 5, inf, 5, 172, 13, 1, 1, 4, 413, 11, 4627, 17, 1, 823, 4, 2, 1, 2, 2, inf, 2, 1, inf, 1516, 1, 6, inf, 6, 3, 6, inf, inf, 1, 2, 1, 60, 1892, 46, 2, 18, 1, 437, 6, 304, 1, 33, 2, 114, 604, 745, 199, 1, 37, 153, 240, 1, 288, 46, 317, 1, 246, 725, 1, 1, 8, 8, 11, 1, 5, 1289, inf, 1, 8, 98, 58, 32, 5503, 35, 541, 1, 15, 1, 2, inf, 18, 47, 103, 4, 3186, 1, 425, 20, 6, 7, 17, inf, 3, 4, 92, 643, 1, inf, 58, 28, 131, 13, 449, 9, 127, 233, 1, 95, 1, 123, 7, 4, 1, 28, 1, inf, 53, 7, 1, 36, 121, 43, 105, inf, inf, 5, inf, 22, 71, 38, 28, 1, 156, 4, 14, 1, 1, inf, 35, 617, 11, 6, 2, 4, 2, 1, 146, 323, 101, 31, 1276, 27, 131, 3, 1599, 10, 14, 73, 4, 3, 173, 1, 1, inf, 3, 2623, 1, 4, 70, inf, 1, 2, 1, 99, 2311, 4, 25, inf, 17, 102, 12, 6, 3, 23, 5097, 34, 4, 33, 5, 2, 2, inf, 99, 12, 2, 6, 33, 1, 1, inf, 50, 313, 2, 101, 1465, 2, 135, 85, 169, 3, 37, 1, 33, 26, inf, 500, 100, 260, 110, 38, 83, 111, 86, 1, 2, 6, 7, inf, 923, 10, 1, 67, 376, 2, 10, 2, inf, 880, 17, inf, 301, inf, 2, 1, 1, 3, 2, 724, 1, 483, 5, 417, 41, inf, 40, 1, 34, 2, 12, 17, 1, 1, 12, 2889, 31, 132, 233, 676, 18, 22, 5, 1, 21, inf, 1, 1, 6, 1, 6158, 40, 1, 99, 101, 680, 2636, 2, 650, 2, 1281, 1, 28, 1198, 4, 2, 6, inf, 14, 1, 256, 1, 2, 1, 1, 3, 2460, 29, 114, 30, 9, 3, 2598, 29, 1, 200, 47, 1, 16, 8, inf, 349, 1, 1, 180, 46, 26, 2, 1338, 21, 1, 124, 1, 57, 1, 146, 6, 1, 4, 2, 482, 582, 1, 76, 1, 3, 10, 85, 51, 75, 22, 151, 2918, 10, 4, 1, 625, 24, 1, 10, 805, 11, 1, inf, 1, 1, 13, 1, 17, 1365, inf, 38, 1, 1, 1, 1, 1, 1063, 1, inf, 2, inf, 48, 36, 70, 197, 56, 4, 273, 40, 6, 1, 15, 4, 16, 28, 3, 43, 309, 1, 287, 43, 142, 131, 8, 39, 173, 1, 98, 1180, 23, 147, 5, 3, 367, 6, 3, 13, inf, 77, 1, 1, 1, 1, 52, 44, 14, 61, 1030, 1, inf, 24, 1, 188, 29, 8, 1, 2, 2, 1, inf, 3, 4, 1253, 1, 2, 8, inf, 1, 179, 3, 7, 2, 13, 62, 1, 70, 24, 31, 1, 132, 1, 13, 1, 69, 38, 540, 17, 9, 1, 1, 132, 452, 24, 301, 6, 20, 1, 1, 15, 1296, 4, 147, 80, 1, 13, 17, inf, 13, 1, 2, 26, 1, 1703, 28, 983, 10, 4, 62, 418, 3, 10, 1352, 10, 4, 322, 35, 4, 2, 1, 1, 1]
2022-08-30 Tuesday 14:48:52:INFO: It completed at: 2022-08-30 14:48:52.618051
2022-08-30 Tuesday 14:48:52:INFO: Completed after: 0:08:59.300009
