2022-08-27 Saturday 01:46:13:INFO: {'bug_database': 'dataset/vscode/vscode_soft_clean.json', 'database_name': 'vscode-sampled', 'epochs': 8, 'lr': 0.001, 'l2': 0.0, 'dropout': None, 'batch_size': 128, 'ranking_batch_size': 256, 'cuda': True, 'cache_folder': None, 'pairs_training': 'dataset/vscode/sampled_training_split_vscode_pairs_random_1.txt', 'pairs_validation': 'dataset/vscode/sampled_validation_vscode_pairs_random_1.txt', 'neg_pair_generator': {'type': 'none', 'training': None, 'rate': 1, 'pre_list_file': None, 'k': 0, 'n_tries': 0, 'preselected_length': None, 'random_anchor': True}, 'sum_desc': None, 'summary': {'word_embedding': 'word_embedding/vscode/glove_42B_300d_vscode.txt', 'lexicon': None, 'encoder_type': 'rnn', 'tokenizer': 'white_space', 'filters': ['TransformLowerCaseFilter'], 'rnn_type': 'lstm', 'hidden_size': 300, 'nfilters': 100, 'bidirectional': True, 'num_layers': 1, 'dropout': 0.15, 'update_embedding': False, 'fixed_opt': 'mean+max', 'activation': 'relu', 'batch_normalization': False, 'hidden_sizes': None, 'hidden_act': None, 'hidden_dropout': 0.0, 'bn_last_layer': False, 'self_att_hidden': 100, 'n_hops': 20, 'standardization': False}, 'description': {'word_embedding': 'word_embedding/vscode/glove_42B_300d_vscode.txt', 'lexicon': None, 'encoder_type': 'rnn', 'tokenizer': 'white_space', 'filters': ['TransformLowerCaseFilter'], 'rnn_type': 'lstm', 'hidden_size': 300, 'nfilters': 100, 'bidirectional': True, 'num_layers': 1, 'dropout': 0.15, 'update_embedding': False, 'fixed_opt': 'mean+max', 'activation': 'relu', 'batch_normalization': True, 'hidden_sizes': None, 'hidden_act': None, 'hidden_dropout': 0.0, 'bn_last_layer': False, 'window_sizes': [3], 'self_att_hidden': 100, 'n_hops': 20, 'standardization': False}, 'categorical': {'lexicons': 'dataset/vscode/categorical_lexicons.json', 'bn_last_layer': True, 'emb_size': 20, 'hidden_sizes': [40], 'dropout': 0.0, 'activation': 'relu', 'batch_normalization': True}, 'classifier': {'type': 'binary', 'without_embedding': False, 'batch_normalization': True, 'dropout': 0, 'hidden_sizes': [300, 50], 'margin': 0, 'loss': None}, 'recall_estimation_train': None, 'recall_estimation': None, 'rr_val_epoch': 100, 'rr_train_epoch': 100, 'random_switch': False, 'ranking_result_file': None, 'optimizer': 'adam', 'momentum': 0.9, 'lr_scheduler': None, 'save': None, 'load': None, 'pair_test_dataset': None, 'recall_rate': {'type': 'sun2011', 'dataset': 'dataset/vscode/test_vscode.txt', 'result_file': None, 'group_by_master': True, 'window': 365}, 'seed': 860952558}
2022-08-27 Saturday 01:46:13:INFO: It started at: 2022-08-27 01:46:13.387185
2022-08-27 Saturday 01:46:14:INFO: Turning CUDA on
2022-08-27 Saturday 01:46:14:INFO: Using Summary information.
2022-08-27 Saturday 01:49:50:INFO: Lexicon size: 1926242
2022-08-27 Saturday 01:49:50:INFO: Word Embedding size: 300
2022-08-27 Saturday 01:49:50:INFO: Use white space tokenizer to tokenize summary information
2022-08-27 Saturday 01:49:54:INFO: Using Description information.
2022-08-27 Saturday 01:53:21:INFO: Lexicon size: 1926242
2022-08-27 Saturday 01:53:21:INFO: Word Embedding size: 300
2022-08-27 Saturday 01:53:21:INFO: Use white space tokenizer to tokenize summary information
2022-08-27 Saturday 01:53:24:INFO: Using Categorical Information.
2022-08-27 Saturday 01:53:24:INFO: Using NLLLoss
2022-08-27 Saturday 01:53:28:INFO: Not generate dynamically the negative examples.
2022-08-27 Saturday 01:53:28:INFO: Training size: 724
2022-08-27 Saturday 01:53:28:INFO: Validation size: 28
2022-08-27 Saturday 01:53:28:INFO: Adam
2022-08-27 Saturday 01:53:28:INFO: Scheduler: Constant
2022-08-27 Saturday 01:53:28:INFO: Epoch: 1
2022-08-27 Saturday 01:53:28:INFO: LR: 0.001
2022-08-27 Saturday 01:53:29:INFO: {'type': 'metric', 'label': 'training_confusion_matrix', 'accuracy': 0.6243093922651933, 'precision': [0.6209677419354839, 0.6278409090909091], 'recall': [0.638121546961326, 0.6104972375690608], 'f1': [0.6294277929155307, 0.6190476190476185], 'confusion_matrix': [[231, 131], [141, 221]], 'epoch': None}
2022-08-27 Saturday 01:53:29:INFO: {'type': 'metric', 'label': 'training_loss', 'epoch': 1, 'value': 0.6486351974102673, 'sum': 469.61188292503357, 'num_example': 724}
2022-08-27 Saturday 01:53:29:INFO: {'type': 'metric', 'label': 'training_dist_target', 'value': (0.43531279801005157, 0.44973111020925954), 'epoch': 1}
2022-08-27 Saturday 01:53:29:INFO: {'type': 'metric', 'label': 'validation_confusion_matrix', 'accuracy': 0.5714285714285714, 'precision': [0.5625, 0.5833333333333333], 'recall': [0.6428571428571428, 0.49999999999999994], 'f1': [0.5999999999999994, 0.5384615384615378], 'confusion_matrix': [[9, 5], [7, 7]], 'epoch': None}
2022-08-27 Saturday 01:53:29:INFO: {'type': 'metric', 'label': 'validation_loss', 'epoch': 1, 'value': 0.6838082075119019, 'sum': 19.146629810333252, 'num_example': 28}
2022-08-27 Saturday 01:53:29:INFO: {'type': 'metric', 'label': 'validation_dist_target', 'value': (0.49420738220214844, 0.49531119210379465), 'epoch': 1}
2022-08-27 Saturday 01:53:29:INFO: Epoch: 2
2022-08-27 Saturday 01:53:29:INFO: LR: 0.001
2022-08-27 Saturday 01:53:30:INFO: {'type': 'metric', 'label': 'training_confusion_matrix', 'accuracy': 0.8701657458563536, 'precision': [0.8918128654970761, 0.8507853403141361], 'recall': [0.8425414364640884, 0.8977900552486188], 'f1': [0.8664772727272722, 0.8736559139784942], 'confusion_matrix': [[305, 57], [37, 325]], 'epoch': None}
2022-08-27 Saturday 01:53:30:INFO: {'type': 'metric', 'label': 'training_loss', 'epoch': 2, 'value': 0.4038680482305875, 'sum': 292.4004669189453, 'num_example': 724}
2022-08-27 Saturday 01:53:30:INFO: {'type': 'metric', 'label': 'training_dist_target', 'value': (0.3167208387048205, 0.30948716896014977), 'epoch': 2}
2022-08-27 Saturday 01:53:30:INFO: {'type': 'metric', 'label': 'validation_confusion_matrix', 'accuracy': 0.5357142857142857, 'precision': [0.5217391304347826, 0.5999999999999999], 'recall': [0.857142857142857, 0.21428571428571425], 'f1': [0.6486486486486481, 0.3157894736842101], 'confusion_matrix': [[12, 2], [11, 3]], 'epoch': None}
2022-08-27 Saturday 01:53:30:INFO: {'type': 'metric', 'label': 'validation_loss', 'epoch': 2, 'value': 0.671023964881897, 'sum': 18.788671016693115, 'num_example': 28}
2022-08-27 Saturday 01:53:30:INFO: {'type': 'metric', 'label': 'validation_dist_target', 'value': (0.4428682327270508, 0.5248237337384906), 'epoch': 2}
2022-08-27 Saturday 01:53:30:INFO: Epoch: 3
2022-08-27 Saturday 01:53:30:INFO: LR: 0.001
2022-08-27 Saturday 01:53:31:INFO: {'type': 'metric', 'label': 'training_confusion_matrix', 'accuracy': 0.9488950276243094, 'precision': [0.940379403794038, 0.9577464788732394], 'recall': [0.9585635359116023, 0.9392265193370166], 'f1': [0.94938440492476, 0.9483960948396088], 'confusion_matrix': [[347, 15], [22, 340]], 'epoch': None}
2022-08-27 Saturday 01:53:31:INFO: {'type': 'metric', 'label': 'training_loss', 'epoch': 3, 'value': 0.25937118047838054, 'sum': 187.7847346663475, 'num_example': 724}
2022-08-27 Saturday 01:53:31:INFO: {'type': 'metric', 'label': 'training_dist_target', 'value': (0.210877382952864, 0.2111769025497015), 'epoch': 3}
2022-08-27 Saturday 01:53:31:INFO: {'type': 'metric', 'label': 'validation_confusion_matrix', 'accuracy': 0.5714285714285714, 'precision': [0.5454545454545454, 0.6666666666666665], 'recall': [0.857142857142857, 0.2857142857142857], 'f1': [0.6666666666666661, 0.3999999999999995], 'confusion_matrix': [[12, 2], [10, 4]], 'epoch': None}
2022-08-27 Saturday 01:53:31:INFO: {'type': 'metric', 'label': 'validation_loss', 'epoch': 3, 'value': 0.6690117120742798, 'sum': 18.732327938079834, 'num_example': 28}
2022-08-27 Saturday 01:53:31:INFO: {'type': 'metric', 'label': 'validation_dist_target', 'value': (0.3985739435468401, 0.5473573548453194), 'epoch': 3}
2022-08-27 Saturday 01:53:31:INFO: Epoch: 4
2022-08-27 Saturday 01:53:31:INFO: LR: 0.001
2022-08-27 Saturday 01:53:32:INFO: {'type': 'metric', 'label': 'training_confusion_matrix', 'accuracy': 0.988950276243094, 'precision': [0.994413407821229, 0.9836065573770492], 'recall': [0.9834254143646409, 0.994475138121547], 'f1': [0.9888888888888884, 0.9890109890109885], 'confusion_matrix': [[356, 6], [2, 360]], 'epoch': None}
2022-08-27 Saturday 01:53:32:INFO: {'type': 'metric', 'label': 'training_loss', 'epoch': 4, 'value': 0.1601865318763322, 'sum': 115.97504907846451, 'num_example': 724}
2022-08-27 Saturday 01:53:32:INFO: {'type': 'metric', 'label': 'training_dist_target', 'value': (0.1428650637357933, 0.13691244994737825), 'epoch': 4}
2022-08-27 Saturday 01:53:32:INFO: {'type': 'metric', 'label': 'validation_confusion_matrix', 'accuracy': 0.6071428571428571, 'precision': [0.5789473684210527, 0.6666666666666665], 'recall': [0.7857142857142856, 0.4285714285714285], 'f1': [0.6666666666666661, 0.521739130434782], 'confusion_matrix': [[11, 3], [8, 6]], 'epoch': None}
2022-08-27 Saturday 01:53:32:INFO: {'type': 'metric', 'label': 'validation_loss', 'epoch': 4, 'value': 0.6622512936592102, 'sum': 18.543036222457886, 'num_example': 28}
2022-08-27 Saturday 01:53:32:INFO: {'type': 'metric', 'label': 'validation_dist_target', 'value': (0.3708714417048863, 0.5328286715916225), 'epoch': 4}
2022-08-27 Saturday 01:53:32:INFO: Epoch: 5
2022-08-27 Saturday 01:53:32:INFO: LR: 0.001
2022-08-27 Saturday 01:53:33:INFO: {'type': 'metric', 'label': 'training_confusion_matrix', 'accuracy': 0.9972375690607734, 'precision': [1.0, 0.9945054945054945], 'recall': [0.994475138121547, 1.0], 'f1': [0.9972299168975063, 0.9972451790633603], 'confusion_matrix': [[360, 2], [0, 362]], 'epoch': None}
2022-08-27 Saturday 01:53:33:INFO: {'type': 'metric', 'label': 'training_loss', 'epoch': 5, 'value': 0.09671392596393659, 'sum': 70.02088239789009, 'num_example': 724}
2022-08-27 Saturday 01:53:33:INFO: {'type': 'metric', 'label': 'training_dist_target', 'value': (0.09160108856074718, 0.08591060677944626), 'epoch': 5}
2022-08-27 Saturday 01:53:33:INFO: {'type': 'metric', 'label': 'validation_confusion_matrix', 'accuracy': 0.6428571428571429, 'precision': [0.6, 0.7499999999999999], 'recall': [0.857142857142857, 0.4285714285714285], 'f1': [0.7058823529411759, 0.5454545454545449], 'confusion_matrix': [[12, 2], [8, 6]], 'epoch': None}
2022-08-27 Saturday 01:53:33:INFO: {'type': 'metric', 'label': 'validation_loss', 'epoch': 5, 'value': 0.6977157592773438, 'sum': 19.536041259765625, 'num_example': 28}
2022-08-27 Saturday 01:53:33:INFO: {'type': 'metric', 'label': 'validation_dist_target', 'value': (0.2832527160644531, 0.5816478729248047), 'epoch': 5}
2022-08-27 Saturday 01:53:33:INFO: Epoch: 6
2022-08-27 Saturday 01:53:33:INFO: LR: 0.001
2022-08-27 Saturday 01:53:34:INFO: {'type': 'metric', 'label': 'training_confusion_matrix', 'accuracy': 1.0, 'precision': [1.0, 1.0], 'recall': [1.0, 1.0], 'f1': [0.9999999999999996, 0.9999999999999996], 'confusion_matrix': [[362, 0], [0, 362]], 'epoch': None}
2022-08-27 Saturday 01:53:34:INFO: {'type': 'metric', 'label': 'training_loss', 'epoch': 6, 'value': 0.06638530866134891, 'sum': 48.06296347081661, 'num_example': 724}
2022-08-27 Saturday 01:53:34:INFO: {'type': 'metric', 'label': 'training_dist_target', 'value': (0.06401660758487428, 0.061744966230339766), 'epoch': 6}
2022-08-27 Saturday 01:53:34:INFO: {'type': 'metric', 'label': 'validation_confusion_matrix', 'accuracy': 0.6071428571428571, 'precision': [0.5789473684210527, 0.6666666666666665], 'recall': [0.7857142857142856, 0.4285714285714285], 'f1': [0.6666666666666661, 0.521739130434782], 'confusion_matrix': [[11, 3], [8, 6]], 'epoch': None}
2022-08-27 Saturday 01:53:34:INFO: {'type': 'metric', 'label': 'validation_loss', 'epoch': 6, 'value': 0.6848474740982056, 'sum': 19.175729274749756, 'num_example': 28}
2022-08-27 Saturday 01:53:34:INFO: {'type': 'metric', 'label': 'validation_dist_target', 'value': (0.32697129249572754, 0.5095030580248151), 'epoch': 6}
2022-08-27 Saturday 01:53:34:INFO: Epoch: 7
2022-08-27 Saturday 01:53:34:INFO: LR: 0.001
2022-08-27 Saturday 01:53:35:INFO: {'type': 'metric', 'label': 'training_confusion_matrix', 'accuracy': 1.0, 'precision': [1.0, 1.0], 'recall': [1.0, 1.0], 'f1': [0.9999999999999996, 0.9999999999999996], 'confusion_matrix': [[362, 0], [0, 362]], 'epoch': None}
2022-08-27 Saturday 01:53:35:INFO: {'type': 'metric', 'label': 'training_loss', 'epoch': 7, 'value': 0.044247004043990075, 'sum': 32.034830927848816, 'num_example': 724}
2022-08-27 Saturday 01:53:35:INFO: {'type': 'metric', 'label': 'training_dist_target', 'value': (0.04473297767217647, 0.04098729270597848), 'epoch': 7}
2022-08-27 Saturday 01:53:35:INFO: {'type': 'metric', 'label': 'validation_confusion_matrix', 'accuracy': 0.5357142857142857, 'precision': [0.5384615384615384, 0.5333333333333332], 'recall': [0.49999999999999994, 0.5714285714285714], 'f1': [0.5185185185185179, 0.5517241379310338], 'confusion_matrix': [[7, 7], [6, 8]], 'epoch': None}
2022-08-27 Saturday 01:53:35:INFO: {'type': 'metric', 'label': 'validation_loss', 'epoch': 7, 'value': 0.6893349289894104, 'sum': 19.30137801170349, 'num_example': 28}
2022-08-27 Saturday 01:53:35:INFO: {'type': 'metric', 'label': 'validation_dist_target', 'value': (0.416278566632952, 0.4047697271619524), 'epoch': 7}
2022-08-27 Saturday 01:53:35:INFO: Epoch: 8
2022-08-27 Saturday 01:53:35:INFO: LR: 0.001
2022-08-27 Saturday 01:53:36:INFO: {'type': 'metric', 'label': 'training_confusion_matrix', 'accuracy': 1.0, 'precision': [1.0, 1.0], 'recall': [1.0, 1.0], 'f1': [0.9999999999999996, 0.9999999999999996], 'confusion_matrix': [[362, 0], [0, 362]], 'epoch': None}
2022-08-27 Saturday 01:53:36:INFO: {'type': 'metric', 'label': 'training_loss', 'epoch': 8, 'value': 0.03654995198407884, 'sum': 26.462165236473083, 'num_example': 724}
2022-08-27 Saturday 01:53:36:INFO: {'type': 'metric', 'label': 'training_dist_target', 'value': (0.03593750783751683, 0.035185874496375655), 'epoch': 8}
2022-08-27 Saturday 01:53:36:INFO: {'type': 'metric', 'label': 'validation_confusion_matrix', 'accuracy': 0.6428571428571429, 'precision': [0.625, 0.6666666666666665], 'recall': [0.7142857142857142, 0.5714285714285714], 'f1': [0.6666666666666661, 0.6153846153846148], 'confusion_matrix': [[10, 4], [6, 8]], 'epoch': None}
2022-08-27 Saturday 01:53:36:INFO: {'type': 'metric', 'label': 'validation_loss', 'epoch': 8, 'value': 0.7376755475997925, 'sum': 20.65491533279419, 'num_example': 28}
2022-08-27 Saturday 01:53:36:INFO: {'type': 'metric', 'label': 'validation_dist_target', 'value': (0.3358935969216483, 0.46032915796552387), 'epoch': 8}
2022-08-27 Saturday 01:53:36:INFO: Calculating recall rate: sun2011
2022-08-27 Saturday 01:55:43:INFO: RR calculation - 500 duplicate reports were processed
2022-08-27 Saturday 01:57:51:INFO: RR calculation - 1000 duplicate reports were processed
2022-08-27 Saturday 01:59:49:INFO: [] Throughput: 3.9199757134606323 bugs per second (bugs=1457 ,seconds=371.68597626686096)
2022-08-27 Saturday 01:59:49:INFO: {'type': 'metric', 'label': 'recall_rate', 'k': 1, 'rate': 0.004118050789293068, 'hit': 6, 'total': 1457, 'epoch': 0}
2022-08-27 Saturday 01:59:49:INFO: {'type': 'metric', 'label': 'recall_rate', 'k': 2, 'rate': 0.008236101578586136, 'hit': 12, 'total': 1457, 'epoch': 0}
2022-08-27 Saturday 01:59:49:INFO: {'type': 'metric', 'label': 'recall_rate', 'k': 3, 'rate': 0.009608785175017159, 'hit': 14, 'total': 1457, 'epoch': 0}
2022-08-27 Saturday 01:59:49:INFO: {'type': 'metric', 'label': 'recall_rate', 'k': 4, 'rate': 0.011667810569663692, 'hit': 17, 'total': 1457, 'epoch': 0}
2022-08-27 Saturday 01:59:49:INFO: {'type': 'metric', 'label': 'recall_rate', 'k': 5, 'rate': 0.013726835964310227, 'hit': 20, 'total': 1457, 'epoch': 0}
2022-08-27 Saturday 01:59:49:INFO: {'type': 'metric', 'label': 'recall_rate', 'k': 6, 'rate': 0.017844886753603295, 'hit': 26, 'total': 1457, 'epoch': 0}
2022-08-27 Saturday 01:59:49:INFO: {'type': 'metric', 'label': 'recall_rate', 'k': 7, 'rate': 0.019217570350034317, 'hit': 28, 'total': 1457, 'epoch': 0}
2022-08-27 Saturday 01:59:49:INFO: {'type': 'metric', 'label': 'recall_rate', 'k': 8, 'rate': 0.02059025394646534, 'hit': 30, 'total': 1457, 'epoch': 0}
2022-08-27 Saturday 01:59:49:INFO: {'type': 'metric', 'label': 'recall_rate', 'k': 9, 'rate': 0.02059025394646534, 'hit': 30, 'total': 1457, 'epoch': 0}
2022-08-27 Saturday 01:59:49:INFO: {'type': 'metric', 'label': 'recall_rate', 'k': 10, 'rate': 0.022649279341111873, 'hit': 33, 'total': 1457, 'epoch': 0}
2022-08-27 Saturday 01:59:49:INFO: {'type': 'metric', 'label': 'recall_rate', 'k': 11, 'rate': 0.024021962937542895, 'hit': 35, 'total': 1457, 'epoch': 0}
2022-08-27 Saturday 01:59:49:INFO: {'type': 'metric', 'label': 'recall_rate', 'k': 12, 'rate': 0.024021962937542895, 'hit': 35, 'total': 1457, 'epoch': 0}
2022-08-27 Saturday 01:59:49:INFO: {'type': 'metric', 'label': 'recall_rate', 'k': 13, 'rate': 0.024708304735758406, 'hit': 36, 'total': 1457, 'epoch': 0}
2022-08-27 Saturday 01:59:49:INFO: {'type': 'metric', 'label': 'recall_rate', 'k': 14, 'rate': 0.024708304735758406, 'hit': 36, 'total': 1457, 'epoch': 0}
2022-08-27 Saturday 01:59:49:INFO: {'type': 'metric', 'label': 'recall_rate', 'k': 15, 'rate': 0.024708304735758406, 'hit': 36, 'total': 1457, 'epoch': 0}
2022-08-27 Saturday 01:59:49:INFO: {'type': 'metric', 'label': 'recall_rate', 'k': 16, 'rate': 0.02539464653397392, 'hit': 37, 'total': 1457, 'epoch': 0}
2022-08-27 Saturday 01:59:49:INFO: {'type': 'metric', 'label': 'recall_rate', 'k': 17, 'rate': 0.026767330130404943, 'hit': 39, 'total': 1457, 'epoch': 0}
2022-08-27 Saturday 01:59:49:INFO: {'type': 'metric', 'label': 'recall_rate', 'k': 18, 'rate': 0.028140013726835965, 'hit': 41, 'total': 1457, 'epoch': 0}
2022-08-27 Saturday 01:59:49:INFO: {'type': 'metric', 'label': 'recall_rate', 'k': 19, 'rate': 0.028140013726835965, 'hit': 41, 'total': 1457, 'epoch': 0}
2022-08-27 Saturday 01:59:49:INFO: {'type': 'metric', 'label': 'recall_rate', 'k': 20, 'rate': 0.028826355525051476, 'hit': 42, 'total': 1457, 'epoch': 0}
2022-08-27 Saturday 01:59:49:INFO: {'type': 'metric', 'label': 'MAP', 'value': 0.011299550712447138, 'sum': 16.46344538803548, 'total': 1457, 'epoch': 0}
2022-08-27 Saturday 01:59:49:INFO: [9665, 7218, 928, 13941, 225, 50, 1977, 5260, 66, 42, 5819, 6737, 416, 2181, 12517, 2140, inf, inf, 280, 2081, 9349, 730, 206, 891, 297, 4686, 6011, 124, 521, 340, 10632, 1, 5802, 5585, inf, inf, 97, 140, 394, 2224, 2376, 1613, 2509, 16, 1195, 3596, 765, 1467, 11020, 4510, 12772, 825, 184, 140, 2627, 928, 105, 611, 3766, 1018, 1432, 6452, 2, 8530, 4585, inf, 765, 2731, 10683, 1028, 13, 692, 136, 15134, 2167, 343, 1019, 3192, 10982, 524, 484, 201, 1, 767, inf, 267, 5987, 3676, 857, 431, inf, 2750, 98, 2690, 3441, 1658, 5709, 919, 8160, inf, 13455, inf, 6685, 5181, inf, 3711, 9972, 4199, 5269, 657, 6244, 1418, 11112, inf, inf, 2605, inf, 439, 5476, inf, 4375, 761, 404, inf, 6858, 102, 25, inf, 1624, 8632, 1477, inf, 9536, 134, 73, 6711, 4582, 685, inf, 5261, 11433, inf, 332, 2511, 456, 2633, 44, 325, 5056, 3487, inf, 500, inf, 6, inf, 10547, inf, 128, 6677, 777, 10536, 1168, 2581, 11, 14235, 3954, 14198, 780, 5997, 346, 4255, 1332, 990, 63, 531, 10759, 8708, 16875, 12070, inf, 7788, 13618, 920, 181, inf, inf, 13747, 569, 4021, 8695, inf, inf, inf, 11793, 10773, 42, 10973, 1714, 5877, 233, 1970, 10, 11647, 7514, 133, 4784, 2070, 4702, 515, 4138, 522, 1801, 29, 6798, 115, 5514, 5028, inf, 1739, 13003, 2870, 1273, 4985, 909, 170, 2550, 1010, 200, 3717, 10984, 6993, inf, 287, 8676, 522, 7052, 3579, 67, 260, 224, 370, 5730, 1060, 5212, 5633, 789, 130, 1261, 4667, 1268, 508, 4579, inf, 31, inf, 12920, 739, 3574, 5628, 10530, 242, 905, 7830, 11317, 2087, 717, 2431, 8299, 321, 496, 3560, 12329, 3097, 597, 10154, inf, 1832, 537, 2648, 13448, 9620, 776, 1880, 820, 2061, 149, 13989, 1204, 3646, 408, 5334, 3053, 16698, inf, 395, 141, 1277, 2430, 12369, 2543, 135, 264, 4610, 354, 4757, 761, 1212, 2515, inf, 15835, 2094, 2, 4069, 12907, 9183, 4915, inf, 1179, 832, 9362, 2643, 3974, 1723, 147, 10666, 968, 6156, 2261, inf, 8180, 13935, 8486, 10820, 3010, 2330, 504, 2883, 567, 1657, 1356, 1797, 8280, 1757, 680, 3314, 3445, 14609, 15163, 7612, 2689, 1335, 4033, 687, 6628, 9089, 565, 980, 189, 716, 1502, 8970, inf, 657, 499, 12939, 378, 1203, 16794, 7321, inf, 8412, 5091, 3714, 206, 2424, 38, 32, inf, 8, inf, 163, 1196, 24, 1014, 39, 1441, 854, 3003, 3, 28, 1258, 65, 1980, 48, 2793, 41, 15346, 1419, 4, 44, 8461, 1, 6362, 15296, 21, 6, 8018, 150, 25, 122, 8188, 4080, 1, 4077, 2087, 277, 325, 994, 455, 182, 292, 1046, 2, 2799, 1219, 342, 2668, 5, 1633, 13142, 4257, 7226, 560, inf, 1100, 1854, 10041, 5017, 1126, 10999, 1116, 1, 1045, 541, 13519, 132, 173, 5497, 308, inf, 272, 8559, 62, 7784, 12579, 903, 6421, inf, 4943, 1793, 3413, 1811, 4423, 658, 121, 11608, 2079, 13179, 4500, 447, 136, 23, 10630, 3818, 10, 2150, 588, 2441, 1927, inf, inf, 2107, 8216, 6052, 412, 8505, 4432, 253, 1221, 7237, 2800, 2436, 623, 8984, 2189, 617, inf, 132, 7954, 13459, 1961, 455, 847, 10021, inf, 8675, 1303, 7065, 188, 3986, 4637, 377, 3670, 10, inf, 768, 9271, 5981, 250, 1627, 2050, inf, 8, 6450, 127, 12983, 604, 15812, 672, 372, 7022, 307, 697, 1752, 1302, 3012, 4690, 8583, 8142, 8768, 8868, 16394, 12810, 678, 12338, 4036, 2, 12351, 6302, 4004, 3168, 12036, 7936, 1937, 423, 14483, 8739, 9477, 9066, 15015, 6973, 1489, 9536, inf, 2594, 1891, 5021, 628, 1699, 3283, 62, 6378, 3332, 553, 999, 8987, 13238, 37, 165, 3437, 5030, 1308, 338, inf, 4139, 451, 779, 18, 628, 10063, 560, inf, 2879, 623, 10846, 10085, 4840, 1992, inf, 9577, 3856, 5196, 114, inf, 13385, inf, inf, 3176, 3715, 213, 12550, 17, 950, 132, 199, 7066, 1301, 4889, 6057, 12342, 235, 51, 51, 51, 12637, 301, 212, 122, 133, 11765, 211, 112, 480, 1220, inf, 591, 3765, 2307, 1211, 7448, 3131, inf, 12938, 11177, 4839, 6814, 2417, 4126, 1503, 2132, 2650, 658, 2347, 380, 15535, 15093, 2947, 1251, 11198, 1549, 2989, 10622, 642, 183, 15537, 822, 2089, 771, 1791, 381, 2251, 13579, 10448, 408, 13674, 2833, 7911, 10575, 117, 3193, 320, 4628, 890, 2, 1070, 143, inf, 1595, 25, 3246, 2932, 1801, 6, 496, 173, 234, 10219, 11089, 428, 6, 3149, 9416, 515, 653, 324, 10427, 5552, 10168, 567, 2459, 16347, 2662, inf, 5, 1126, 4998, inf, inf, 2308, 1454, inf, 55, 8894, 5052, 266, 429, 6, 2914, 4099, 930, 1521, 167, 167, inf, 505, 71, 18994, 999, 18, 2007, 153, 739, 339, 5345, 1720, 10830, 2121, 34, 1626, 14616, 2628, 1943, 998, 1280, 2335, 459, 9711, 2065, 180, 239, inf, 1782, 2259, 391, 3368, 129, 720, 800, 99, 23, 8744, 2665, inf, 7, 1131, 2465, 5755, inf, 6489, 852, 12497, 5891, 8295, 6485, 505, 17446, 75, 1868, 2448, 9963, 2093, inf, 11891, 9069, 2447, 5735, 14141, 416, 2066, 3599, 9960, inf, 9407, 3930, inf, 1444, 6877, 6287, 7746, 3662, 7342, 9764, 2692, 9919, 3496, 326, 4900, 4835, 2332, 6043, 213, 1475, 15623, 11858, 29, 104, 4474, 13422, 1726, 17, 6830, 7181, 6, 69, 1807, 1949, 8196, 10004, 2123, 1093, 71, 6847, 2923, 506, 318, 117, 3500, 163, 634, 680, 16545, 496, 28, 734, 575, 9340, 460, 632, 3260, 1013, 547, 483, 7421, 1892, 5277, 1646, 3561, 10188, 414, inf, 2214, 1440, 347, 1530, 263, 3363, 15312, 6956, 3200, 21, 519, 88, 13432, 946, 1030, 12170, 13731, 219, inf, 3471, 7171, inf, 11539, 1320, 2588, 15747, 9867, inf, 619, 1563, 4, 2, inf, 13356, 3948, 4291, 2630, 8356, 3855, 520, 7836, 2566, 7827, 1325, 3803, 1168, 2188, 29, 4460, 6864, 12981, inf, 3171, 4875, 563, inf, 597, 8862, 948, 462, 1783, 726, inf, 121, inf, 3210, 4350, 18013, 953, 719, 2942, inf, 4154, 1310, 2550, 899, 19070, 8343, 10670, 426, 380, 765, 17382, 266, 4662, 163, 20169, 15760, inf, 15794, 2070, 796, 9983, 4109, 7940, 6845, 833, 2544, 2953, 2850, 3357, 15659, 826, 1831, 351, 2417, 104, 11296, 15304, 20, 193, 1403, 15758, 597, 3688, 1049, 14201, 4367, 162, 444, 7199, 13293, 7271, 270, 563, 3058, 399, 8694, 4, 3357, 15202, inf, inf, inf, 8385, 5347, 169, 4015, 7482, 17791, 1172, 14013, 650, 1357, 15396, 3925, 1786, 12998, 2266, 3550, 3, 3384, 2885, inf, 14837, 282, 225, 10481, 11, 5, 4422, inf, 3381, 19728, 10010, 1644, inf, 4270, 13977, 2182, inf, 16218, 8486, 227, 3529, inf, 12642, 4139, 1551, inf, 4019, 284, 226, 8497, inf, 3540, 15035, 76, inf, 410, 12275, 3969, 1019, 5927, 5680, 285, 2396, 340, 2449, 2364, 10012, 2020, inf, 1637, 4626, 8149, 1598, 2382, 1637, inf, 14048, 14000, 60, 4972, 5189, 248, 5151, 2284, 31, 335, 3510, inf, 483, 225, 1806, 604, 12097, 316, 3000, 85, 7673, 1522, 11969, inf, 5245, 1377, 13382, 1352, inf, 188, 38, 437, 10164, 989, 3045, inf, 9160, 7, 12249, 8956, 6544, 10710, 9463, 1939, 526, inf, 1, inf, 931, 9371, inf, 598, 2117, 2233, 4902, 366, 2488, 5748, 918, 3341, 2821, 3309, 553, 454, inf, 113, 2458, 11246, 9474, 1735, 7899, 696, 2737, inf, 771, inf, 15794, 9102, 6264, 4256, 9967, 4424, 3830, 230, 249, 7443, 8381, 6654, 295, 1523, inf, 714, 17264, 3146, 500, 242, 1131, 5012, 6609, 10095, 5208, 4834, 3012, 1525, 231, 11607, inf, inf, 965, 1949, 2888, 20082, 1266, 757, 1347, 421, 13946, 2249, 17583, inf, 790, 4775, 392, 2024, 1808, 373, 3027, 9319, 463, 4103, 13291, 4994, 8301, 13005, 8915, 15914, 5760, 113, 2786, 19088, 432, 23, 219, 109, 92, 5689, 1795, 23, 115, inf, inf, 3729, 16415, 1208, 86, 5184, 262, 227, 2269, 4487, 494, 86, inf, 4576, inf, 7482, 561, 643, 1023, 228, 5754, 99, 1266, 9452, 2376, 1492, 873, 294, 1631, 1053, 10716, 3276, 10483, 9688, 18742, 1994, 8918, 288, 683, 37, 6994, 274, 2809, inf, inf, 132, 3740, 7970, 158, 1621, 1668, inf, 3955, 4323, 802, 3390, 7011, 16595, 781, inf, 9847, 1296, 6033, 2910, 146, 636, inf, 10591, 1645, 1167, inf, inf, 4139, 4486, 18615, 120, 158, 57, 176, 44, 5461, 318, 7833, 1374, 4003, 623, 2223, 2225, 1256, 2550, inf, inf, 79, 811, inf, 4141, 6643, 168, 8809, 467, 76, 1214, 1421, 1105, 662, 1403, inf, 151, 1362, 14153, 2421, 95, 3281, 4522, 18958, 16315, 8041, 3534, 301, 3590, 11944, 2404, 14676, 7418, 911, 51, 6241, 2529, inf, inf, 5618, 276, 401, 139, 9861, inf, 7491, 165, 3308, 4010, 284, inf, 739, 3192, 11194, 559, 2547, 2290, 639, 9857, 288, 2500, 183, 3186, 5323, inf, 61, 197, 3984, 9322, 2054, 11746, 1252, 2110, 679, 478, 10599, 2799, 3679, 639, 1307, 14783, 859, inf, 15136, 6766, 13514, 949, 8028, 7542, 9774, 7331, 332, 508, 1006, 4341, 6547, 7957, 118, 14688, 2279, 2936, 216, 87, 10387, inf, 737, 38, 1680, 6839, 6075, 2071, 904, 1528, 489, 107, 41, 4946, 2710, 1684, 876, 533, 3540, 3833, inf, 371, 1256, 282, 2226, 7292, 224, 5983, 5434, 272, 1534, 433, 9513]
2022-08-27 Saturday 01:59:49:INFO: It completed at: 2022-08-27 01:59:49.243662
2022-08-27 Saturday 01:59:49:INFO: Completed after: 0:13:35.856477
