2022-08-27 Saturday 04:48:38:INFO: {'bug_database': 'dataset/mozilla/mozilla_soft_clean.json', 'database_name': 'mozilla-sampled-github', 'epochs': 12, 'lr': 0.001, 'l2': 0.0, 'batch_size': 256, 'ranking_batch_size': 512, 'ranking_n_workers': 2, 'cuda': True, 'cache_folder': None, 'pairs_training': 'dataset/mozilla/sampled_github_training_split_mozilla_pairs_random_1.txt', 'pairs_validation': 'dataset/mozilla/sampled_github_validation_mozilla_pairs_random_1.txt', 'neg_pair_generator': {'type': 'none', 'training': None, 'rate': 1, 'pre_list_file': None, 'k': 0, 'n_tries': 0, 'preselected_length': None, 'random_anchor': True}, 'loss': 'bce', 'margin': 0, 'categorical': {'lexicons': 'dataset/mozilla/categorical_lexicons.json', 'bn_last_layer': False, 'emb_size': 20, 'hidden_sizes': [40], 'dropout': 0.0, 'activation': 'relu', 'batch_normalization': False, 'layer_norm': False}, 'compare_aggregation': {'word_embedding': 'word_embedding/mozilla/glove_42B_300d_mozilla.npy', 'norm_word_embedding': False, 'lexicon': 'word_embedding/mozilla/glove_42B_300d_mozilla.lxc', 'sent_representation': None, 'tokenizer': 'white_space', 'bow': False, 'frequency': False, 'extractor': {'update_embedding': False, 'filters': ['TransformLowerCaseFilter'], 'hidden_size': 150, 'dropout': 0.0, 'layer_norm': False, 'txt_field_emb_size': 5, 'field_word_combination': 'cat', 'emb_dropout': 0.0, 'scaled_attention': True, 'model': 'linear', 'use_categorical': False, 'bidirectional': True}, 'matching': {'type': 'full', 'scaled_attention': True, 'comparison_hidden_size': 100, 'dropout': 0.0, 'residual': True, 'layer_norm': False, 'attention_hidden_size': 200, 'attention': 'dot_product', 'comparison_func': 'submult+nn'}, 'aggregate': {'model': 'lstm', 'window': [3, 4, 5], 'nfilters': 100, 'hidden_size': 150, 'dropout': 0.0, 'bidirectional': True, 'num_layers': 1, 'self_att_hidden': 50, 'layer_norm': False, 'n_hops': 20}, 'classifier': {'hidden_size': [300], 'output_act': 'sigmoid', 'hadamard_diff_textual': True, 'hadamard_diff_categorical': True, 'textual_hidden_layer': 600, 'categorical_hidden_layer': 40, 'categorical_dropout': 0.0, 'dropout': 0.0, 'only_candidate': False, 'layer_norm': False, 'batch_normalization': False}}, 'random_switch': True, 'recall_estimation_train': None, 'recall_estimation': None, 'sample_size_rr_tr': 0, 'sample_size_rr_val': 0, 'rr_val_epoch': 100, 'rr_train_epoch': 100, 'ranking_result_file': None, 'optimizer': 'adam', 'lr_scheduler': None, 'save': None, 'save_by_epoch': None, 'load': None, 'recall_rate': {'type': 'sun2011', 'dataset': 'dataset/mozilla/test_mozilla.txt', 'result_file': None, 'group_by_master': True, 'window': 365}, 'pair_test_dataset': None, 'rep': {'model': None, 'input': None, 'training': None, 'rate': 1, 'neg_training': 10000, 'k': 1000}, 'rr_scorer': 'general', 'seed': 519186863}
2022-08-27 Saturday 04:48:38:INFO: It started at: 2022-08-27 04:48:38.601710
2022-08-27 Saturday 04:48:43:INFO: Turning CUDA on
2022-08-27 Saturday 04:48:43:INFO: Using Categorical Information.
2022-08-27 Saturday 04:48:43:INFO: Lexicon size: 96875
2022-08-27 Saturday 04:48:43:INFO: Word Embedding size: 300
2022-08-27 Saturday 04:48:43:INFO: Use white space tokenizer to tokenize summary information
2022-08-27 Saturday 04:48:43:INFO: BoW=False and TF=False
2022-08-27 Saturday 04:48:43:INFO: Using Summary and Description information.
2022-08-27 Saturday 04:48:43:INFO: Using BCE Loss: margin=0
2022-08-27 Saturday 04:48:46:INFO: Not generate dynamically the negative examples.
2022-08-27 Saturday 04:48:46:INFO: Training size: 724
2022-08-27 Saturday 04:48:46:INFO: Validation size: 28
2022-08-27 Saturday 04:48:46:INFO: Adam
2022-08-27 Saturday 04:48:46:INFO: Scheduler: Constant
2022-08-27 Saturday 04:48:46:INFO: Epoch: 1
2022-08-27 Saturday 04:48:46:INFO: LR: 0.001
2022-08-27 Saturday 04:48:48:INFO: {'type': 'metric', 'label': 'training_loss', 'epoch': 1, 'value': 0.6852884134534973, 'sum': 496.14881134033203, 'num_example': 724}
2022-08-27 Saturday 04:48:48:INFO: {'type': 'metric', 'label': 'training_dist_target', 'value': (0.5045674677053209, 0.48671425245084815), 'epoch': 1}
2022-08-27 Saturday 04:48:48:INFO: {'type': 'metric', 'label': 'training_acc', 'epoch': 1, 'value': 0.5883977900552486, 'num_correct': 426, 'num_example': 724}
2022-08-27 Saturday 04:48:48:INFO: {'type': 'metric', 'label': 'training_precision', 'epoch': 1, 'value': 0.5555555820465088, 'positive': 320.0, 'total': 576.0}
2022-08-27 Saturday 04:48:48:INFO: {'type': 'metric', 'label': 'training_recall', 'epoch': 1, 'value': 0.8839778900146484, 'positive': 320.0, 'total': 362.0}
2022-08-27 Saturday 04:48:48:INFO: {'type': 'metric', 'label': 'validation_loss', 'epoch': 1, 'value': 0.7082838416099548, 'sum': 19.831947565078735, 'num_example': 28}
2022-08-27 Saturday 04:48:48:INFO: {'type': 'metric', 'label': 'validation_dist_target', 'value': (0.3860313892364502, 0.6040458679199219), 'epoch': 1}
2022-08-27 Saturday 04:48:48:INFO: {'type': 'metric', 'label': 'validation_acc', 'epoch': 1, 'value': 0.5, 'num_correct': 14, 'num_example': 28}
2022-08-27 Saturday 04:48:48:INFO: {'type': 'metric', 'label': 'validation_precision', 'epoch': 1, 'value': 0.0, 'positive': 0.0, 'total': 0.0}
2022-08-27 Saturday 04:48:48:INFO: {'type': 'metric', 'label': 'validation_recall', 'epoch': 1, 'value': 0.0, 'positive': 0.0, 'total': 14.0}
2022-08-27 Saturday 04:48:48:INFO: Epoch: 2
2022-08-27 Saturday 04:48:48:INFO: LR: 0.001
2022-08-27 Saturday 04:48:49:INFO: {'type': 'metric', 'label': 'training_loss', 'epoch': 2, 'value': 0.6284894492086126, 'sum': 455.0263612270355, 'num_example': 724}
2022-08-27 Saturday 04:48:49:INFO: {'type': 'metric', 'label': 'training_dist_target', 'value': (0.482886983544787, 0.42820974739875584), 'epoch': 2}
2022-08-27 Saturday 04:48:49:INFO: {'type': 'metric', 'label': 'training_acc', 'epoch': 2, 'value': 0.585635359116022, 'num_correct': 424, 'num_example': 724}
2022-08-27 Saturday 04:48:49:INFO: {'type': 'metric', 'label': 'training_precision', 'epoch': 2, 'value': 0.5820105671882629, 'positive': 220.0, 'total': 378.0}
2022-08-27 Saturday 04:48:49:INFO: {'type': 'metric', 'label': 'training_recall', 'epoch': 2, 'value': 0.6077347993850708, 'positive': 220.0, 'total': 362.0}
2022-08-27 Saturday 04:48:49:INFO: {'type': 'metric', 'label': 'validation_loss', 'epoch': 2, 'value': 0.6998283267021179, 'sum': 19.5951931476593, 'num_example': 28}
2022-08-27 Saturday 04:48:49:INFO: {'type': 'metric', 'label': 'validation_dist_target', 'value': (0.3192089625767299, 0.6280204227992466), 'epoch': 2}
2022-08-27 Saturday 04:48:49:INFO: {'type': 'metric', 'label': 'validation_acc', 'epoch': 2, 'value': 0.5714285714285714, 'num_correct': 16, 'num_example': 28}
2022-08-27 Saturday 04:48:49:INFO: {'type': 'metric', 'label': 'validation_precision', 'epoch': 2, 'value': 1.0, 'positive': 2.0, 'total': 2.0}
2022-08-27 Saturday 04:48:49:INFO: {'type': 'metric', 'label': 'validation_recall', 'epoch': 2, 'value': 0.1428571492433548, 'positive': 2.0, 'total': 14.0}
2022-08-27 Saturday 04:48:49:INFO: Epoch: 3
2022-08-27 Saturday 04:48:49:INFO: LR: 0.001
2022-08-27 Saturday 04:48:51:INFO: {'type': 'metric', 'label': 'training_loss', 'epoch': 3, 'value': 0.4817117286321208, 'sum': 348.75929152965546, 'num_example': 724}
2022-08-27 Saturday 04:48:51:INFO: {'type': 'metric', 'label': 'training_dist_target', 'value': (0.3169618733021436, 0.38385735822646), 'epoch': 3}
2022-08-27 Saturday 04:48:51:INFO: {'type': 'metric', 'label': 'training_acc', 'epoch': 3, 'value': 0.7941988950276243, 'num_correct': 575, 'num_example': 724}
2022-08-27 Saturday 04:48:51:INFO: {'type': 'metric', 'label': 'training_precision', 'epoch': 3, 'value': 0.892988920211792, 'positive': 242.0, 'total': 271.0}
2022-08-27 Saturday 04:48:51:INFO: {'type': 'metric', 'label': 'training_recall', 'epoch': 3, 'value': 0.6685082912445068, 'positive': 242.0, 'total': 362.0}
2022-08-27 Saturday 04:48:51:INFO: {'type': 'metric', 'label': 'validation_loss', 'epoch': 3, 'value': 0.5463393330574036, 'sum': 15.2975013256073, 'num_example': 28}
2022-08-27 Saturday 04:48:51:INFO: {'type': 'metric', 'label': 'validation_dist_target', 'value': (0.3321147305624826, 0.4105746405465262), 'epoch': 3}
2022-08-27 Saturday 04:48:51:INFO: {'type': 'metric', 'label': 'validation_acc', 'epoch': 3, 'value': 0.7142857142857143, 'num_correct': 20, 'num_example': 28}
2022-08-27 Saturday 04:48:51:INFO: {'type': 'metric', 'label': 'validation_precision', 'epoch': 3, 'value': 0.800000011920929, 'positive': 8.0, 'total': 10.0}
2022-08-27 Saturday 04:48:51:INFO: {'type': 'metric', 'label': 'validation_recall', 'epoch': 3, 'value': 0.5714285969734192, 'positive': 8.0, 'total': 14.0}
2022-08-27 Saturday 04:48:51:INFO: Epoch: 4
2022-08-27 Saturday 04:48:51:INFO: LR: 0.001
2022-08-27 Saturday 04:48:52:INFO: {'type': 'metric', 'label': 'training_loss', 'epoch': 4, 'value': 0.3467408835229294, 'sum': 251.0403996706009, 'num_example': 724}
2022-08-27 Saturday 04:48:52:INFO: {'type': 'metric', 'label': 'training_dist_target', 'value': (0.2090458105940845, 0.20993658982587782), 'epoch': 4}
2022-08-27 Saturday 04:48:52:INFO: {'type': 'metric', 'label': 'training_acc', 'epoch': 4, 'value': 0.8535911602209945, 'num_correct': 618, 'num_example': 724}
2022-08-27 Saturday 04:48:52:INFO: {'type': 'metric', 'label': 'training_precision', 'epoch': 4, 'value': 0.8855421543121338, 'positive': 294.0, 'total': 332.0}
2022-08-27 Saturday 04:48:52:INFO: {'type': 'metric', 'label': 'training_recall', 'epoch': 4, 'value': 0.8121547102928162, 'positive': 294.0, 'total': 362.0}
2022-08-27 Saturday 04:48:52:INFO: {'type': 'metric', 'label': 'validation_loss', 'epoch': 4, 'value': 0.44159021973609924, 'sum': 12.364526152610779, 'num_example': 28}
2022-08-27 Saturday 04:48:52:INFO: {'type': 'metric', 'label': 'validation_dist_target', 'value': (0.25661579200199675, 0.28576224190848215), 'epoch': 4}
2022-08-27 Saturday 04:48:52:INFO: {'type': 'metric', 'label': 'validation_acc', 'epoch': 4, 'value': 0.7142857142857143, 'num_correct': 20, 'num_example': 28}
2022-08-27 Saturday 04:48:52:INFO: {'type': 'metric', 'label': 'validation_precision', 'epoch': 4, 'value': 0.7142857313156128, 'positive': 10.0, 'total': 14.0}
2022-08-27 Saturday 04:48:52:INFO: {'type': 'metric', 'label': 'validation_recall', 'epoch': 4, 'value': 0.7142857313156128, 'positive': 10.0, 'total': 14.0}
2022-08-27 Saturday 04:48:52:INFO: Epoch: 5
2022-08-27 Saturday 04:48:52:INFO: LR: 0.001
2022-08-27 Saturday 04:48:54:INFO: {'type': 'metric', 'label': 'training_loss', 'epoch': 5, 'value': 0.29020743656553616, 'sum': 210.11018407344818, 'num_example': 724}
2022-08-27 Saturday 04:48:54:INFO: {'type': 'metric', 'label': 'training_dist_target', 'value': (0.13928784586448037, 0.17052853831928738), 'epoch': 5}
2022-08-27 Saturday 04:48:54:INFO: {'type': 'metric', 'label': 'training_acc', 'epoch': 5, 'value': 0.8770718232044199, 'num_correct': 635, 'num_example': 724}
2022-08-27 Saturday 04:48:54:INFO: {'type': 'metric', 'label': 'training_precision', 'epoch': 5, 'value': 0.8911174535751343, 'positive': 311.0, 'total': 349.0}
2022-08-27 Saturday 04:48:54:INFO: {'type': 'metric', 'label': 'training_recall', 'epoch': 5, 'value': 0.8591160178184509, 'positive': 311.0, 'total': 362.0}
2022-08-27 Saturday 04:48:54:INFO: {'type': 'metric', 'label': 'validation_loss', 'epoch': 5, 'value': 0.47155341506004333, 'sum': 13.203495621681213, 'num_example': 28}
2022-08-27 Saturday 04:48:54:INFO: {'type': 'metric', 'label': 'validation_dist_target', 'value': (0.37886204038347515, 0.10010734626225062), 'epoch': 5}
2022-08-27 Saturday 04:48:54:INFO: {'type': 'metric', 'label': 'validation_acc', 'epoch': 5, 'value': 0.8214285714285714, 'num_correct': 23, 'num_example': 28}
2022-08-27 Saturday 04:48:54:INFO: {'type': 'metric', 'label': 'validation_precision', 'epoch': 5, 'value': 0.7368420958518982, 'positive': 14.0, 'total': 19.0}
2022-08-27 Saturday 04:48:54:INFO: {'type': 'metric', 'label': 'validation_recall', 'epoch': 5, 'value': 1.0, 'positive': 14.0, 'total': 14.0}
2022-08-27 Saturday 04:48:54:INFO: Epoch: 6
2022-08-27 Saturday 04:48:54:INFO: LR: 0.001
2022-08-27 Saturday 04:48:55:INFO: {'type': 'metric', 'label': 'training_loss', 'epoch': 6, 'value': 0.22909488631875474, 'sum': 165.86469769477844, 'num_example': 724}
2022-08-27 Saturday 04:48:55:INFO: {'type': 'metric', 'label': 'training_dist_target', 'value': (0.12321695306683114, 0.1439742225309762), 'epoch': 6}
2022-08-27 Saturday 04:48:55:INFO: {'type': 'metric', 'label': 'training_acc', 'epoch': 6, 'value': 0.9129834254143646, 'num_correct': 661, 'num_example': 724}
2022-08-27 Saturday 04:48:55:INFO: {'type': 'metric', 'label': 'training_precision', 'epoch': 6, 'value': 0.9141274094581604, 'positive': 330.0, 'total': 361.0}
2022-08-27 Saturday 04:48:55:INFO: {'type': 'metric', 'label': 'training_recall', 'epoch': 6, 'value': 0.9116021990776062, 'positive': 330.0, 'total': 362.0}
2022-08-27 Saturday 04:48:55:INFO: {'type': 'metric', 'label': 'validation_loss', 'epoch': 6, 'value': 0.32013368606567383, 'sum': 8.963743209838867, 'num_example': 28}
2022-08-27 Saturday 04:48:55:INFO: {'type': 'metric', 'label': 'validation_dist_target', 'value': (0.2249544177736555, 0.22857420785086496), 'epoch': 6}
2022-08-27 Saturday 04:48:55:INFO: {'type': 'metric', 'label': 'validation_acc', 'epoch': 6, 'value': 0.8214285714285714, 'num_correct': 23, 'num_example': 28}
2022-08-27 Saturday 04:48:55:INFO: {'type': 'metric', 'label': 'validation_precision', 'epoch': 6, 'value': 0.800000011920929, 'positive': 12.0, 'total': 15.0}
2022-08-27 Saturday 04:48:55:INFO: {'type': 'metric', 'label': 'validation_recall', 'epoch': 6, 'value': 0.8571428656578064, 'positive': 12.0, 'total': 14.0}
2022-08-27 Saturday 04:48:55:INFO: Epoch: 7
2022-08-27 Saturday 04:48:55:INFO: LR: 0.001
2022-08-27 Saturday 04:48:57:INFO: {'type': 'metric', 'label': 'training_loss', 'epoch': 7, 'value': 0.18496796826302017, 'sum': 133.9168090224266, 'num_example': 724}
2022-08-27 Saturday 04:48:57:INFO: {'type': 'metric', 'label': 'training_dist_target', 'value': (0.12499123778791059, 0.10738162309425311), 'epoch': 7}
2022-08-27 Saturday 04:48:57:INFO: {'type': 'metric', 'label': 'training_acc', 'epoch': 7, 'value': 0.9323204419889503, 'num_correct': 675, 'num_example': 724}
2022-08-27 Saturday 04:48:57:INFO: {'type': 'metric', 'label': 'training_precision', 'epoch': 7, 'value': 0.924119234085083, 'positive': 341.0, 'total': 369.0}
2022-08-27 Saturday 04:48:57:INFO: {'type': 'metric', 'label': 'training_recall', 'epoch': 7, 'value': 0.9419889450073242, 'positive': 341.0, 'total': 362.0}
2022-08-27 Saturday 04:48:57:INFO: {'type': 'metric', 'label': 'validation_loss', 'epoch': 7, 'value': 0.3323659896850586, 'sum': 9.30624771118164, 'num_example': 28}
2022-08-27 Saturday 04:48:57:INFO: {'type': 'metric', 'label': 'validation_dist_target', 'value': (0.2842916931424822, 0.13910304648535593), 'epoch': 7}
2022-08-27 Saturday 04:48:57:INFO: {'type': 'metric', 'label': 'validation_acc', 'epoch': 7, 'value': 0.8928571428571429, 'num_correct': 25, 'num_example': 28}
2022-08-27 Saturday 04:48:57:INFO: {'type': 'metric', 'label': 'validation_precision', 'epoch': 7, 'value': 0.8235294222831726, 'positive': 14.0, 'total': 17.0}
2022-08-27 Saturday 04:48:57:INFO: {'type': 'metric', 'label': 'validation_recall', 'epoch': 7, 'value': 1.0, 'positive': 14.0, 'total': 14.0}
2022-08-27 Saturday 04:48:57:INFO: Epoch: 8
2022-08-27 Saturday 04:48:57:INFO: LR: 0.001
2022-08-27 Saturday 04:48:58:INFO: {'type': 'metric', 'label': 'training_loss', 'epoch': 8, 'value': 0.16239353347549124, 'sum': 117.57291823625565, 'num_example': 724}
2022-08-27 Saturday 04:48:58:INFO: {'type': 'metric', 'label': 'training_dist_target', 'value': (0.10272200726672431, 0.1035603080665209), 'epoch': 8}
2022-08-27 Saturday 04:48:58:INFO: {'type': 'metric', 'label': 'training_acc', 'epoch': 8, 'value': 0.9406077348066298, 'num_correct': 681, 'num_example': 724}
2022-08-27 Saturday 04:48:58:INFO: {'type': 'metric', 'label': 'training_precision', 'epoch': 8, 'value': 0.9442896842956543, 'positive': 339.0, 'total': 359.0}
2022-08-27 Saturday 04:48:58:INFO: {'type': 'metric', 'label': 'training_recall', 'epoch': 8, 'value': 0.9364640712738037, 'positive': 339.0, 'total': 362.0}
2022-08-27 Saturday 04:48:58:INFO: {'type': 'metric', 'label': 'validation_loss', 'epoch': 8, 'value': 0.3117198944091797, 'sum': 8.728157043457031, 'num_example': 28}
2022-08-27 Saturday 04:48:58:INFO: {'type': 'metric', 'label': 'validation_dist_target', 'value': (0.1339742030416216, 0.2774663141795567), 'epoch': 8}
2022-08-27 Saturday 04:48:58:INFO: {'type': 'metric', 'label': 'validation_acc', 'epoch': 8, 'value': 0.8571428571428571, 'num_correct': 24, 'num_example': 28}
2022-08-27 Saturday 04:48:58:INFO: {'type': 'metric', 'label': 'validation_precision', 'epoch': 8, 'value': 0.9166666865348816, 'positive': 11.0, 'total': 12.0}
2022-08-27 Saturday 04:48:58:INFO: {'type': 'metric', 'label': 'validation_recall', 'epoch': 8, 'value': 0.7857142686843872, 'positive': 11.0, 'total': 14.0}
2022-08-27 Saturday 04:48:58:INFO: Epoch: 9
2022-08-27 Saturday 04:48:58:INFO: LR: 0.001
2022-08-27 Saturday 04:48:59:INFO: {'type': 'metric', 'label': 'training_loss', 'epoch': 9, 'value': 0.15199640039251655, 'sum': 110.04539388418198, 'num_example': 724}
2022-08-27 Saturday 04:48:59:INFO: {'type': 'metric', 'label': 'training_dist_target', 'value': (0.08437953732948936, 0.10004168452478904), 'epoch': 9}
2022-08-27 Saturday 04:48:59:INFO: {'type': 'metric', 'label': 'training_acc', 'epoch': 9, 'value': 0.93646408839779, 'num_correct': 678, 'num_example': 724}
2022-08-27 Saturday 04:48:59:INFO: {'type': 'metric', 'label': 'training_precision', 'epoch': 9, 'value': 0.9488636255264282, 'positive': 334.0, 'total': 352.0}
2022-08-27 Saturday 04:48:59:INFO: {'type': 'metric', 'label': 'training_recall', 'epoch': 9, 'value': 0.9226519465446472, 'positive': 334.0, 'total': 362.0}
2022-08-27 Saturday 04:48:59:INFO: {'type': 'metric', 'label': 'validation_loss', 'epoch': 9, 'value': 0.2806612551212311, 'sum': 7.85851514339447, 'num_example': 28}
2022-08-27 Saturday 04:48:59:INFO: {'type': 'metric', 'label': 'validation_dist_target', 'value': (0.21993058068411692, 0.1202005318232945), 'epoch': 9}
2022-08-27 Saturday 04:48:59:INFO: {'type': 'metric', 'label': 'validation_acc', 'epoch': 9, 'value': 0.8571428571428571, 'num_correct': 24, 'num_example': 28}
2022-08-27 Saturday 04:48:59:INFO: {'type': 'metric', 'label': 'validation_precision', 'epoch': 9, 'value': 0.8125, 'positive': 13.0, 'total': 16.0}
2022-08-27 Saturday 04:48:59:INFO: {'type': 'metric', 'label': 'validation_recall', 'epoch': 9, 'value': 0.9285714030265808, 'positive': 13.0, 'total': 14.0}
2022-08-27 Saturday 04:48:59:INFO: Epoch: 10
2022-08-27 Saturday 04:48:59:INFO: LR: 0.001
2022-08-27 Saturday 04:49:01:INFO: {'type': 'metric', 'label': 'training_loss', 'epoch': 10, 'value': 0.1315563383681998, 'sum': 95.24678897857666, 'num_example': 724}
2022-08-27 Saturday 04:49:01:INFO: {'type': 'metric', 'label': 'training_dist_target', 'value': (0.05971491929575883, 0.09806860086008988), 'epoch': 10}
2022-08-27 Saturday 04:49:01:INFO: {'type': 'metric', 'label': 'training_acc', 'epoch': 10, 'value': 0.9475138121546961, 'num_correct': 686, 'num_example': 724}
2022-08-27 Saturday 04:49:01:INFO: {'type': 'metric', 'label': 'training_precision', 'epoch': 10, 'value': 0.9682080745697021, 'positive': 335.0, 'total': 346.0}
2022-08-27 Saturday 04:49:01:INFO: {'type': 'metric', 'label': 'training_recall', 'epoch': 10, 'value': 0.9254143834114075, 'positive': 335.0, 'total': 362.0}
2022-08-27 Saturday 04:49:01:INFO: {'type': 'metric', 'label': 'validation_loss', 'epoch': 10, 'value': 0.26410818099975586, 'sum': 7.395029067993164, 'num_example': 28}
2022-08-27 Saturday 04:49:01:INFO: {'type': 'metric', 'label': 'validation_dist_target', 'value': (0.19824389048985072, 0.11488679477146693), 'epoch': 10}
2022-08-27 Saturday 04:49:01:INFO: {'type': 'metric', 'label': 'validation_acc', 'epoch': 10, 'value': 0.8928571428571429, 'num_correct': 25, 'num_example': 28}
2022-08-27 Saturday 04:49:01:INFO: {'type': 'metric', 'label': 'validation_precision', 'epoch': 10, 'value': 0.8666666746139526, 'positive': 13.0, 'total': 15.0}
2022-08-27 Saturday 04:49:01:INFO: {'type': 'metric', 'label': 'validation_recall', 'epoch': 10, 'value': 0.9285714030265808, 'positive': 13.0, 'total': 14.0}
2022-08-27 Saturday 04:49:01:INFO: Epoch: 11
2022-08-27 Saturday 04:49:01:INFO: LR: 0.001
2022-08-27 Saturday 04:49:02:INFO: {'type': 'metric', 'label': 'training_loss', 'epoch': 11, 'value': 0.11979080036858827, 'sum': 86.72853946685791, 'num_example': 724}
2022-08-27 Saturday 04:49:02:INFO: {'type': 'metric', 'label': 'training_dist_target', 'value': (0.10119814372194406, 0.04448832925511987), 'epoch': 11}
2022-08-27 Saturday 04:49:02:INFO: {'type': 'metric', 'label': 'training_acc', 'epoch': 11, 'value': 0.9530386740331491, 'num_correct': 690, 'num_example': 724}
2022-08-27 Saturday 04:49:02:INFO: {'type': 'metric', 'label': 'training_precision', 'epoch': 11, 'value': 0.936170220375061, 'positive': 352.0, 'total': 376.0}
2022-08-27 Saturday 04:49:02:INFO: {'type': 'metric', 'label': 'training_recall', 'epoch': 11, 'value': 0.9723756909370422, 'positive': 352.0, 'total': 362.0}
2022-08-27 Saturday 04:49:02:INFO: {'type': 'metric', 'label': 'validation_loss', 'epoch': 11, 'value': 0.30973297357559204, 'sum': 8.672523260116577, 'num_example': 28}
2022-08-27 Saturday 04:49:02:INFO: {'type': 'metric', 'label': 'validation_dist_target', 'value': (0.07306504249572754, 0.25290119647979736), 'epoch': 11}
2022-08-27 Saturday 04:49:02:INFO: {'type': 'metric', 'label': 'validation_acc', 'epoch': 11, 'value': 0.8928571428571429, 'num_correct': 25, 'num_example': 28}
2022-08-27 Saturday 04:49:02:INFO: {'type': 'metric', 'label': 'validation_precision', 'epoch': 11, 'value': 1.0, 'positive': 11.0, 'total': 11.0}
2022-08-27 Saturday 04:49:02:INFO: {'type': 'metric', 'label': 'validation_recall', 'epoch': 11, 'value': 0.7857142686843872, 'positive': 11.0, 'total': 14.0}
2022-08-27 Saturday 04:49:02:INFO: Epoch: 12
2022-08-27 Saturday 04:49:02:INFO: LR: 0.001
2022-08-27 Saturday 04:49:04:INFO: {'type': 'metric', 'label': 'training_loss', 'epoch': 12, 'value': 0.10235844953860367, 'sum': 74.10751746594906, 'num_example': 724}
2022-08-27 Saturday 04:49:04:INFO: {'type': 'metric', 'label': 'training_dist_target', 'value': (0.028296294133307524, 0.10269875552772817), 'epoch': 12}
2022-08-27 Saturday 04:49:04:INFO: {'type': 'metric', 'label': 'training_acc', 'epoch': 12, 'value': 0.962707182320442, 'num_correct': 697, 'num_example': 724}
2022-08-27 Saturday 04:49:04:INFO: {'type': 'metric', 'label': 'training_precision', 'epoch': 12, 'value': 0.9941002726554871, 'positive': 337.0, 'total': 339.0}
2022-08-27 Saturday 04:49:04:INFO: {'type': 'metric', 'label': 'training_recall', 'epoch': 12, 'value': 0.9309391975402832, 'positive': 337.0, 'total': 362.0}
2022-08-27 Saturday 04:49:04:INFO: {'type': 'metric', 'label': 'validation_loss', 'epoch': 12, 'value': 0.31603556871414185, 'sum': 8.848995923995972, 'num_example': 28}
2022-08-27 Saturday 04:49:04:INFO: {'type': 'metric', 'label': 'validation_dist_target', 'value': (0.24036199705941336, 0.09282050813947405), 'epoch': 12}
2022-08-27 Saturday 04:49:04:INFO: {'type': 'metric', 'label': 'validation_acc', 'epoch': 12, 'value': 0.8571428571428571, 'num_correct': 24, 'num_example': 28}
2022-08-27 Saturday 04:49:04:INFO: {'type': 'metric', 'label': 'validation_precision', 'epoch': 12, 'value': 0.8125, 'positive': 13.0, 'total': 16.0}
2022-08-27 Saturday 04:49:04:INFO: {'type': 'metric', 'label': 'validation_recall', 'epoch': 12, 'value': 0.9285714030265808, 'positive': 13.0, 'total': 14.0}
2022-08-27 Saturday 04:49:04:INFO: Calculating recall rate: sun2011
2022-08-27 Saturday 07:06:03:INFO: RR calculation - 500 duplicate reports were processed
2022-08-27 Saturday 09:14:36:INFO: RR calculation - 1000 duplicate reports were processed
2022-08-27 Saturday 11:19:48:INFO: RR calculation - 1500 duplicate reports were processed
2022-08-27 Saturday 13:21:57:INFO: RR calculation - 2000 duplicate reports were processed
2022-08-27 Saturday 15:15:03:INFO: RR calculation - 2500 duplicate reports were processed
2022-08-27 Saturday 17:08:54:INFO: RR calculation - 3000 duplicate reports were processed
2022-08-27 Saturday 19:01:55:INFO: RR calculation - 3500 duplicate reports were processed
2022-08-27 Saturday 20:54:18:INFO: RR calculation - 4000 duplicate reports were processed
2022-08-27 Saturday 22:41:46:INFO: RR calculation - 4500 duplicate reports were processed
2022-08-28 Sunday 00:28:43:INFO: RR calculation - 5000 duplicate reports were processed
2022-08-28 Sunday 02:10:45:INFO: RR calculation - 5500 duplicate reports were processed
2022-08-28 Sunday 03:49:55:INFO: RR calculation - 6000 duplicate reports were processed
2022-08-28 Sunday 04:34:50:INFO: [] Throughput: 0.07281717429112555 bugs per second (bugs=6229 ,seconds=85543.00631189346)
2022-08-28 Sunday 04:34:50:INFO: {'type': 'metric', 'label': 'recall_rate', 'k': 1, 'rate': 0.26745866110130034, 'hit': 1666, 'total': 6229, 'epoch': 0}
2022-08-28 Sunday 04:34:50:INFO: {'type': 'metric', 'label': 'recall_rate', 'k': 2, 'rate': 0.34178840905442287, 'hit': 2129, 'total': 6229, 'epoch': 0}
2022-08-28 Sunday 04:34:50:INFO: {'type': 'metric', 'label': 'recall_rate', 'k': 3, 'rate': 0.38256541981056347, 'hit': 2383, 'total': 6229, 'epoch': 0}
2022-08-28 Sunday 04:34:50:INFO: {'type': 'metric', 'label': 'recall_rate', 'k': 4, 'rate': 0.4101781987477926, 'hit': 2555, 'total': 6229, 'epoch': 0}
2022-08-28 Sunday 04:34:50:INFO: {'type': 'metric', 'label': 'recall_rate', 'k': 5, 'rate': 0.43458018943650667, 'hit': 2707, 'total': 6229, 'epoch': 0}
2022-08-28 Sunday 04:34:50:INFO: {'type': 'metric', 'label': 'recall_rate', 'k': 6, 'rate': 0.45272114304061645, 'hit': 2820, 'total': 6229, 'epoch': 0}
2022-08-28 Sunday 04:34:50:INFO: {'type': 'metric', 'label': 'recall_rate', 'k': 7, 'rate': 0.4673302295713598, 'hit': 2911, 'total': 6229, 'epoch': 0}
2022-08-28 Sunday 04:34:50:INFO: {'type': 'metric', 'label': 'recall_rate', 'k': 8, 'rate': 0.48177877668967733, 'hit': 3001, 'total': 6229, 'epoch': 0}
2022-08-28 Sunday 04:34:50:INFO: {'type': 'metric', 'label': 'recall_rate', 'k': 9, 'rate': 0.49076898378551936, 'hit': 3057, 'total': 6229, 'epoch': 0}
2022-08-28 Sunday 04:34:50:INFO: {'type': 'metric', 'label': 'recall_rate', 'k': 10, 'rate': 0.5026489003050248, 'hit': 3131, 'total': 6229, 'epoch': 0}
2022-08-28 Sunday 04:34:50:INFO: {'type': 'metric', 'label': 'recall_rate', 'k': 11, 'rate': 0.5114785679884412, 'hit': 3186, 'total': 6229, 'epoch': 0}
2022-08-28 Sunday 04:34:50:INFO: {'type': 'metric', 'label': 'recall_rate', 'k': 12, 'rate': 0.5207898539091347, 'hit': 3244, 'total': 6229, 'epoch': 0}
2022-08-28 Sunday 04:34:50:INFO: {'type': 'metric', 'label': 'recall_rate', 'k': 13, 'rate': 0.5280141274682935, 'hit': 3289, 'total': 6229, 'epoch': 0}
2022-08-28 Sunday 04:34:50:INFO: {'type': 'metric', 'label': 'recall_rate', 'k': 14, 'rate': 0.5344357039653235, 'hit': 3329, 'total': 6229, 'epoch': 0}
2022-08-28 Sunday 04:34:50:INFO: {'type': 'metric', 'label': 'recall_rate', 'k': 15, 'rate': 0.538609728688393, 'hit': 3355, 'total': 6229, 'epoch': 0}
2022-08-28 Sunday 04:34:50:INFO: {'type': 'metric', 'label': 'recall_rate', 'k': 16, 'rate': 0.543746989886017, 'hit': 3387, 'total': 6229, 'epoch': 0}
2022-08-28 Sunday 04:34:50:INFO: {'type': 'metric', 'label': 'recall_rate', 'k': 17, 'rate': 0.5487237116712153, 'hit': 3418, 'total': 6229, 'epoch': 0}
2022-08-28 Sunday 04:34:50:INFO: {'type': 'metric', 'label': 'recall_rate', 'k': 18, 'rate': 0.5530582758067105, 'hit': 3445, 'total': 6229, 'epoch': 0}
2022-08-28 Sunday 04:34:50:INFO: {'type': 'metric', 'label': 'recall_rate', 'k': 19, 'rate': 0.5581955370043346, 'hit': 3477, 'total': 6229, 'epoch': 0}
2022-08-28 Sunday 04:34:50:INFO: {'type': 'metric', 'label': 'recall_rate', 'k': 20, 'rate': 0.5620484829025526, 'hit': 3501, 'total': 6229, 'epoch': 0}
2022-08-28 Sunday 04:34:50:INFO: {'type': 'metric', 'label': 'MAP', 'value': 0.3471853750263103, 'sum': 2162.617701038887, 'total': 6229, 'epoch': 0}
2022-08-28 Sunday 04:34:50:INFO: [33, 193, 25, 6, 15, 1, 1, 1, 7, 468, 2, 1, 684, 1, 1, 1, 1, 12, inf, 2, 5, 10951, 1152, 38, 113, 82, 861, 6, 4594, 10376, 2, 24, 3, 2, inf, 10, 1, inf, 2, 1, 1, 1, 27, 12, 3, 1, 2365, 1, 20, 4, 1, 168, 28356, 1, 1, 28, 3, 1, 171, 1, 2, 1028, 643, inf, 1, 1, inf, 72, 320, 43, 1, 205, 26793, 53, 144, 7, 558, 99, 16, 1, 161, 11, 161, 1, 150, 1, 1, 5, 48, 12942, 5, 951, 1, 47, 1939, 2, 6, 1, 5, 7584, 5, 68, 52080, 14925, 3469, 39, 2, 13, 406, 450, 6, 948, 298, inf, 1, 1, 3, 1, 1, 1, 89, 1, 1451, 147, 1, 1, 1, 1, 321, 1, 27, 17, 101, 15, 446, 208, 5, 1, 4, 2, 1, 523, 359, 7, 2, 1, 2, 1, 46, inf, inf, 2123, 17, 70, 7, 20, 95, 1, 11417, 197, 2, 125, 1, 2850, 19, 1, 7, 838, 3, 4, 3, 7, 1, 40, inf, 2, 2, 1, 20, 44, 1, 1, 1, 809, 3, 5, 83, 3, 10, 1, 5, 3, 46, 135, 924, 8, 1, 2, 13, 199, 39, 458, 19, 3, 977, 2, 2, 2329, 1, 6, 3, 1, 1, 5, inf, 332, 8, 20593, 67, 3, 1, 1, 662, 1, 1, 22, 2107, 14, 4, 1939, 253, inf, 1, 3, 5, 1, 21, 1303, inf, 4, 12, 1, 4, 395, 150, 1, 238, 11, 1, 1, 1, 15355, 1, 1, 1, 1, inf, 64, inf, 1, inf, 8, 221, 67, 9, 1, 14708, 1, inf, 53662, 18, 43, 144, 1, 1, 6558, 1073, 1, 17242, 1, 10, 2, 1, 25, 1, 1, 1, 3, 1, 1, 674, 496, 2, 12, 4731, 5727, 2, 523, 1, 51574, 10, 1, 11, 4, 2, 449, 295, 439, 1, 21, 257, 2883, 1, 2, 51863, 1, 1, 1, 1, 1, 2, 1, 2, 1, 2, 2190, 4, 7769, 446, 230, 1289, 1, 2, 14, 6, 2, 1, 8, 36, 6, 6470, 2, 11, 16, 5241, 1, 1911, inf, 11266, 1, 8491, 2, 1, 30, 14, 76, 277, 654, 95, 1, 8, 48, 136, 915, 123, 288, 4, 1, 24, 113, 2, 1, 3, 5, 2, 9, 700, 40, 6, 2, 1, 1, 1, 3, 838, 1425, 429, 1, 185, 1, 2248, 32, 57, 2, 98, 10, 5, 2, inf, 590, 2, 1, 2291, 4998, 723, 3637, 526, 3, 1, 1, 1426, inf, 6, 8654, 5, 1, 12, 1, 7, 2, 11, 464, 1, 1, 1, 1, 37, 1, 1, 1, 17, 1, 1670, 698, 3, 1, 1, 669, 340, 2, 44, 37, 178, 255, 21, 8, 14, 1, 1180, 96, 1, 1622, 1, 1, 1, 2, 4, 200, 1, 29, 1, 133, 10, 170, 1, 122, 1, 187, 1, 1558, 1, 9571, 1, 1, inf, 1, 103, inf, 8, 3, 1, 2522, 35, 59, 25, 1, 5806, 1, 1, 2, 1942, 269, 444, 134, 626, 1, 398, 2, 1, 5106, 1607, 2, 1, 499, 11, 465, 11, 2, 11, 1, 3, 3, 28, 3, 5, inf, 1, 8, 2, 1, 175, 35, 1482, inf, 509, 8, 23, 11, 2, 1, 1, 2, 1, 3, 2, 513, 11, 2, 12, 222, 28, 1, 13, 1, 644, 79, 1650, 514, 11, 1, inf, 2413, 1, 2, 257, 16156, 720, 1, 86, 123, 1, 35, 1, 3972, 91, 8, 98, 2, 2, 21707, 1832, 1, 1, 65, 1, 3, inf, 976, 79, 155, 2, inf, inf, 18, 2402, 328, 8, 3, 3, 323, 1, inf, inf, 1, 4, 1, 58, 385, 4, 3541, 1, 16, 1, 215, 37, 126, 42, 172, 1, 14814, 15, 3, 73, 935, 1, 5, 256, 65, 9, 235, 2, 1, 1, 1, 34, 385, 726, 1, 433, inf, 425, 1, 2551, 1, 16, 177, inf, 5, 36, 981, 1, 3, inf, 1, 3922, inf, 1, 153, 1945, 3, 3, 10, inf, inf, 607, 1, 53, 75, 1, 1, 1, 8, 1, 7, 193, 2, 15, 2, 38, 17, 98, 215, 7, 1659, 734, 1, inf, 2, inf, 21, 224, 49, 1457, 21, 834, 6118, 840, 1, 5, 22, 1, 316, 1, 129, 2, 1, 47, 71, 507, 760, 6, 2, 12226, 27, 28546, 29, 1, 1, 1222, 5, 3, 1217, 6811, 52, 4, 594, 4, 2, 4, 111, 22, 47, 43, 3, 240, 2457, 441, 4958, 1, 183, 76, 1, 446, 18939, 429, 10191, 1, 2, 7429, 47, 4, inf, 259, 1404, 7147, 1, inf, 1, 589, 1, 16, 5891, 1, 4, 1, 1, 2, 16014, 32, inf, inf, 47, 5, 1, 35, 1, 1, 15421, 3, 124, 1, 345, 13595, 483, 6, 96, 102, 2, inf, 1, 84, 1, 6724, 2, 2805, 1, 7, 424, 26, 1, inf, 14, 1, 2223, 1488, 735, 291, 13, 21, 1, 4, 4, 69, 2, 10, 163, 1, 12456, 1, 1, 2, 5, 770, 18, 50, 2, 3380, 25, 6, 10, 725, 15, 82, 103, inf, 2484, 1, 1, 69, 665, 1, 1651, 2, 2, 1, inf, 1, 3760, 75, 7778, 1943, 59, 27, 2, 1, 1, 1, 3, 18, 145, 13, 1, 1, 1, 1, 13, 1, 9326, 6, 12, 42, 2, 1, 4, 5204, 40387, 456, 929, 163, 2, 40, 1, 20, 1, 15, inf, 13, 1, 31, 36, 147, 2, 1, 2, 67, 1, 1, 357, 2382, 774, 1, 2868, 1, 4, 1, 1, 1624, 12, 10, inf, 1, 170, 1, 1, inf, 2025, 40, 75, 5, 18, 11, 121, 1, 9576, 46, inf, 1, 1590, 436, 580, 1, 1, 1, 9, 516, 21, 3, 3, 1, 1593, 1, 1557, 1785, 31778, 4, 3, 7451, 2, 69, 1, 55, 78, 2966, inf, 3, 1, 1, 182, 11, 1, 1, inf, 116, 7, 7, 24970, 1, 5, inf, 48, 6, 2, 1, 19, 10, 1, 1, 189, 1, 3198, 536, 1, inf, 1, 1, 11, 4, 2, 1, 6, 325, 1000, 37, 1, 28, 3, inf, 19, 7, 1, 1, 9666, 2, inf, 7, 9, 1, 7, 26, 231, 3070, 1, 12, 903, 794, 1, 1, 161, 1, 159, 2, 1, 32, 111, 11, 2, 1, 2, 39, 221, 7, 17918, 6, 1, 545, 1, 1, 3, inf, 299, 140, 1, inf, 1, inf, 1, 3, 1, 1, 3, 5, inf, 365, inf, 2, 2, 1, 7, 1, 6, 1, 7001, 36, 4, 1, 2, 2, 12, 60, 1, 27, 3, 10, 493, 1, 14, 6, 4140, 1, 1, 47, 71, 158, 2, 3546, 3, inf, inf, 1, 7, inf, 3, 51, 2062, 1, 182, 2, 7, 76, inf, 1, 1, 86, 25, 5, 38, 831, 1470, 10, 5, 14, 3827, 1, 2, 453, inf, 1, 9, 236, 11, 1, 8, inf, 38967, 1, 1, 2133, inf, 13, 364, 2, 26, 465, 3140, 6, 11273, 7, inf, 13, 1, inf, 20, 1713, 299, 27809, 2413, 10, 5, 1861, 11, 2, 11, 13554, 29, 29, 2, 2, inf, 229, 2, 1, 82, 1, 1, 2, 964, 1, 3435, 1, 1, 6, 1496, 36, 337, inf, 10, 59, 1, 2, inf, inf, 21, 2, 1, 2, 29186, 36, 3, 1133, 218, 2, 2, 130, 3, 1, 168, 7, 1, 184, 1, 1, 1, 6, 34, 15188, 19, 1879, 1, 366, 1, 1571, 8, 1, 1, 2, 1, 615, 749, 22, 6, 2, 4948, 1, 11, 36, 3, 7, 18453, 21, 21, 1, 11, 35, 1, 25, 3, 22, 21, 1041, 50, 3, 1, 40, 1, 2, 94, inf, 341, 4, 1, 51127, 11, 186, 2, 1, 1, 140, 1, 619, 2, 19, 3, 22, 17, 3, 1, 2, 15963, 8, 9209, 1, 504, 494, 12, 2457, 740, 739, 32, 1, 1, 1, 1, 123, 4, 26, 122, 4, 1, 519, 17, 1, 1, 6, 4, 1, 5, 1, 1, 3226, 12, 1, 341, 810, 3, 7, 26121, 3, 112, 8, 4, 1, 45, 2, 2596, 2, 989, 6953, 1, 1, 4, 4236, 3882, 61, 291, 1, 1, 1, 1, 2503, 1, 1, 146, 1, 1, 12, 1, 1, 1, 1, 1, 13562, 3, 139, 8, inf, 2775, 2, 40, 1, 246, 5, 80, 18, 14, 1, 741, 1, 6, 1, 23291, 6, 7, 5, 7907, 255, 1, 3382, 2, 258, 9, 10, 3, 1, 703, inf, 49961, 917, 2, 140, 44, 55, 10, 1, 31, 3, 1, 1, 2, 3, 492, 1, 2, 1, inf, 835, 3, inf, 218, 1, 369, inf, 1, 1, 59, 1278, 2, 20, 1, 8, inf, 1, 63, 11399, 18, 10, 1858, 1, 185, 4, 1, 64, 126, 3, 1, 70, 8, 24, 3, 2, 8, 56, 15, inf, inf, 55, 1, 20661, 7044, 9474, 1, 180, 6, 1, 1, 36, 90, inf, 1, 2, 3, 10210, 1, 60, 78, 3, 1, 1, 11, 247, 7, 1, inf, 1, 5, 1, 4, 37, 1, 1, 1, 18, 127, inf, 14306, 158, 47039, 377, 2211, 45, 3, 76, 1, 1, 87, inf, 4, 1, inf, 9, 48, 467, 1, 27, 1, 3902, 245, 1693, 238, 1, 34830, inf, 92, 1, 166, 2, 1, 2, 2, 91, inf, 15, 1, 171, inf, inf, 1, 7, 3, 11910, 1, 1, 2, inf, 344, 39, 1, 364, 23665, 19, 3, 127, 22, 1, 1, 10530, 4, 474, 82, 12, 1, 192, 29, 2, 514, 1, 25, 236, 41, 2, 38, 1013, 1, 1, 1, 1, 1, 19959, 1, 1, 1, 1, 635, 1, 4, 7, 1, 257, 3, 13, 597, 430, 1, 1, 1, 1, 1, 1, 684, 1, 1, 1, 1, 1, 1, 2, 1, 185, 2, 42, 9451, 2, inf, 1, 7, 6, inf, 339, 3863, 90, 95, 42, 3, 45, 1707, 299, 23022, 4, 10284, 22, 24585, 1, inf, 1, 5280, 13, 76, 255, 2, 1, 1, 1, 1, 1, 1, 1, 4, 8, 5, 1, 10, 46, 20, 576, 4, 1, 5, 9468, 183, 9, 31, 2, 2, 1, 5372, 13964, 1, 1, 1, 1, 1, 3, 4, 1, 2, 20, 1, 1, 2, 9, inf, 16, 2, 3617, 1683, 1014, 5549, inf, inf, 15, 3, 556, inf, 3, 59, 1, 1, 1, 217, 131, 1, 69, 3014, 10, 1410, inf, 70, 7, 234, 37, 1285, 51, 1, 15, 1, 1, 4, 106, 1, 7, 2, 1732, 3, 88, 1, 1, 702, 37, 899, inf, 1, 283, 1, 4, 4, 186, 7, 64, 1, 37, 9, 4, 4, 2, 6, 3, inf, 52, 120, 101, 78, 5, 808, 270, 1335, 1, 1, 196, 2, 33, 63, 52, 1, 113, 3, 11, 9969, 1, inf, 244, 12, 153, 1, 2078, 38, 1294, 2281, 3, 903, 74, 5, 57, 6, 1, 1, 3170, 78, 8, 3, inf, 10, 29, 1, 1, 1, 362, 8, 19754, 192, 166, 1, 188, 1, 197, 15, 1, 64, 1, 13, 2, 1, 128, 1, inf, 1, 203, 6, 7, 1, 2, 99, 8, 53, 10, 6, 159, 4, 2, 5, 1, 4, 1, 1, 5, 5, 710, 43, 2, 1185, 8170, 10, 351, 1, 1, 1, 5, 84, 11, 1, 1, 15, 8511, 177, 1, 68, 1, 110, 5, 3077, 1, 1, 518, 382, 1, 89, 2, 1, 11442, 1, 184, 712, 492, 1, 1, 2, 4, 49, 190, 191, 2, 2, 3, 918, 25, 1, 3, 2, 2704, 9, 2, 4, 5, 40, 21, 329, 15, 3, 2, inf, 215, 2299, 1, 31, 45237, 228, 99, 2, 116, 8, 1, 1, 1, 3179, 286, 25, 32, 12, 4, 12, 2, 1, 1, 1, 9, 15, 2, 5903, 44, 1, 12, 60, 167, 11, 1, 2, 3, 15, 1, inf, 21, 8243, 105, 5, 1722, 6, 136, 1, 92, 28, 6, 1265, 1, 19, 19, 10, inf, 1, 10, 738, 6, 47, 468, 1, 6, 14, 15, 4764, 11, 66, 3198, 22, 3, 125, 1, 1731, 39, 22, 3, 1, 1, 44, 23, 49, 241, 1, 17768, 1, 66, 82, inf, 194, 84, 1, 2, 6, 18, 1, 1, 1, 205, 2847, 45, 1, 1, 16, 1, 30, 152, 2, inf, 184, 4, 1, 1, 1, 1, 290, 3, 39, 1, 1, 67, 222, 2, 2, 70, 1, 1, 11, 157, 12639, 202, 2937, 2, 1, 433, 1, 99, 122, 1, 3, 1, 42, 23, inf, 172, 2, 4479, 70, 41, 4, 33, 1, 19, inf, 84, 104, 9, inf, 11, 74, 11206, 1274, 14, 1, 1, 1, inf, 1, 14, 490, 48589, 1, 34, 91, 2, 1189, 1, 2718, 106, 14, 1, 89, 1, 6, 1, 13, 1, 3135, 3, 1, 26033, 30, 2, 3237, 1, 1, 2, 16, 27, 4, 1, 36, 779, 4, 4842, 1, 8, 3, 34, 1, 34967, inf, 977, 2, 2265, inf, 2, 143, 11, 1, 1, 2, 56, inf, 5, 5, 416, 1, inf, 1, 845, 1, 3, 1, 2, 251, 2828, 1, 1437, 28, 188, 1097, inf, 1, 4, 4, 1, inf, 1, 4, 1, 107, 2911, 14, 1, 2914, 4, 2228, inf, inf, 3972, 2, 6, 3, 1, 3873, 81, inf, 7, 182, 1, 2, 1, 3, 2, 909, 303, 22, 1, 241, 21, 1, 373, 877, 3, 100, 114, 80, inf, 1, 1256, 1, 1, inf, 3919, 1, 1, 1082, inf, 1, 5, 2, 1, 1, 1, 998, 3, 2, 2, 13, 2, inf, 53, 1, 1, 44261, inf, 22, 8913, 1, 85, 3, inf, 8, 15556, 110, 10, 2, 36, 37, 12, 1, 2, 202, 174, 3, 124, 1, 1, 5, 1032, 4428, inf, inf, 55, 11, 55, 2, 1, 1, inf, 2, 1, 16889, 1, 2, 6701, 1, 9, 61, 266, 1051, 41, 2, 1738, 2, 67, 10, 1, 8, 1, 37, 5, 3, 1, 1, 90, 1, 1, 1299, 15460, 1, 2, 2, 6, 8, 1, 2, 51413, 1, 906, 1110, 22, 39, inf, 2, 42, 1, 1, inf, inf, 5131, 5, 11, 5, 1, 2860, 3, 1914, 6, 1, 8373, 4, 49, 2, 12537, 1, 22091, 1, 31, 1, 1, 1, 1, inf, 1, 1, 7, 2, 1, 30, inf, 61, 1, 1485, 5, 27779, 35, 8, 1, 1, 1, 2, 102, 1, 75, 1, 124, 2, 1, inf, 957, inf, 1, 1, 1, 30016, 1, 3, 1, 1, 1, 1, 2, 7, inf, 3, 11, 9, 6, inf, 12, 16, inf, 53659, 14, 2, 9614, 19, 3, 1, 1, 53, 1, 1, inf, 1, 451, 2375, 14, inf, 23, 1152, 36683, 1, inf, 4, 250, 1, 2, 1, 12, 20, inf, 1, 1, 9, 1, 7718, inf, 36, inf, 139, 1, 312, 5, 93, 1, 1, 6, 3284, 42821, 3627, 1, 1, 1, 5293, 2, inf, 1, inf, 1, 9, 2, 1, 208, 1272, 1, inf, 20, 77, 1, 2, 302, 1857, 1, 351, 12, 2, 731, 2, 5, 34, 1, 1, 1, 1, 1, 1, 1, 1, 1548, 1, 1, 1, 1, 539, 2, inf, 11, 1, inf, inf, 9086, 554, 22640, 159, 1, 2, 1, 3, 8, 1, 1, 2, 1, 3, 3, 1, 2, inf, 232, 77, 3, 6, 21918, 4, 90, 1, 13, inf, 1, 1, 1, 2, 2445, 21, 121, 1, 1, 1, 50, 1, 4, 3446, 1, 209, 323, 1, 173, 2092, 81, 1, 1, 55, 1323, inf, 7, 1192, 1, 1, inf, 220, 1509, 318, 2, 25, 10, 3, 21, 1, 2, 64, 21, 50, 1, 1, 5886, 1, 12, 41, 29, 1, 1, 75, 2088, 4, 19, 8, 19977, 1, 1, 2, 27, 3, 66, 1515, 50546, inf, 35, 297, 30, 1, 3, 14, 9748, 18304, 12666, 6, 2139, 2, 103, 1317, inf, 1, 14144, 1, 2, 3, 7174, 105, 1000, 38, 1, 10, 10491, 2719, 19, 21, 1, 1, 21, 3, 11, 6, 26, 5999, 144, 1, 44, 1, 5, 1, 1, 1, 12, 1, 2, 1, 1, 1, 3, 4, 4970, 19, 2, 1, 1, inf, 23, 1, 1, 1, 2, inf, 1921, 6641, 6, 1, inf, inf, 629, 10, inf, 1, 1, 1, 2, 3, 378, 344, 110, 1, 151, 1709, 145, 1, 735, 26, inf, 49, 8, 56, inf, 1, inf, 2, 1, 5, 3, 5, 70, 33, 495, 4, 2, 3, 11496, 1, 3, 701, 86, 1843, 7064, 12, 1, 1, 9, 2, 21, 242, 142, 7607, 271, 2, 1811, 4049, 9, 72, 1, 16, inf, 6570, 1, 734, 383, 30, 1, 11, 327, 121, 3, 6860, 1, 65, 2, 1, 7793, 1296, 4085, 6, 1, 1, 2, 1, 1, 137, 1, 1, 1, 5, 1, 1, 1, 1, 16, 5, 1, 1, 2, 4564, 6, 58, 158, 38, 1, 1, 1, 2, 21, 1, 13, 14, 2, 2, 1, 93, 111, 299, 17, 7, 2, 231, inf, 7164, 3, 1, 1, 3, 1, 47, 4, 2, 532, 2, 12, 8, inf, 4, 1, 1632, 4951, 11, 8, 1, 1, 708, 34, 1, 22, 369, 160, 6, 20, 1, 1, 5, 5, 1, 3161, inf, 824, inf, 1, inf, 1, 7, 1, 1, 24, 8, 1, 1, 1, 1, 3, 2, 4, 133, 1, 1, 277, 2525, 3985, 8, 4, 1, 5, 315, 2957, inf, 1, 3, 230, inf, 3, 352, 1, 1, 37, 172, 8, 6, 1912, 150, 1, 1, 112, 33, 1137, 1, inf, 14, 536, 1186, 490, 3, 3, 50, inf, 2, 8, 7, 5, 85, 1, 5, 6, 3261, 1, 3, 1, 243, 2, 2, 2, 5381, 4, 486, 1, 3, 4, 1, 2125, 1, 1813, 3455, 936, 205, 1, 2, 1, 387, 48, 206, 3, 1, 25, 10, 2, inf, 1, 2, 15, 1, 279, 60, 51095, 1427, 28819, 1, 1, 48, 51, 40273, 1, 13128, 536, 9, inf, 2, 1, 39, 8, 55, 336, 95, 8, 1, 1, 1, 3, 21268, 405, 1, 1, 6279, 96, 1, 482, 1, inf, 8, 2, 3, 3, 1, 2, 186, 4223, inf, 71, 91, 9, 1, 1690, 825, 362, 275, 1, 1932, 1, 205, 4, 968, 1, 7, 2, 11, 9, 270, 118, 31256, 1, 571, 1322, 502, 618, 1, 1, 3, 73, 3657, 10, 1, 5, 5, 990, 1, 1, 2, 1, 35, 2, 6, 256, 1, 399, 18, 2, 2, 16, inf, 1, 4, 22, 1, 27750, 1, 324, 1, 1, inf, inf, 1, 15470, 185, 1, 1, 4, 1, 1, 1, inf, 74, 1, 1, 16, 1, 227, 1, 197, 2, 1010, 18, 1, 2, 2, 14, 1751, 5, 178, inf, 810, 4, 17, 1, 77, 4, 14, 18, 1504, 1, 5, 4113, inf, 27, inf, 2628, 22, 2, 1, 49731, 368, 1, 1, inf, 1, 1, 1, 1, 8303, 5, 2, inf, 1, 4, 6837, 3, 1288, 17, 6928, 13650, 1, 1, 4239, 834, 1, 56838, 1940, 4, 1, 1, 30, 4, 17, 2, 1, 1, 1, 1, 1, 1, 22, 49, 179, 3, 2, 96, 100, 7, 10, 10, 1, 4202, 659, 35, 63, 425, 24, 1, 1, 271, 9, inf, 12, 18, 2, 1, 1, 1, 2, 5, 5, 16, 48, inf, 213, 1871, inf, 1, 367, 1, 5, 1915, 2093, 5, 1684, 457, 248, 463, 18, 1, 270, 1, 5, 1, 3, 283, 36848, inf, 13, 1, 589, 223, 13284, 1, 5, 13708, 1, 1, 3819, 2968, 388, 3657, 35, 1, 20, 1, 1, 13, 722, inf, 23, 1, 653, 1, inf, 231, 111, 653, 2, 8121, 1405, 710, 30323, 1, 1, 1, 22, 17, 1, 29, 6, 2, 6582, 3, 1, 930, 290, 1, 1, 1, 8, inf, 1, 2, 27, 1, 2269, 13, 22, inf, 238, 5733, 10, 1, 3, 3, 4, 160, 10, 1, 18, 1, 54, 6, 2, 49, 381, 5, 1, 1, 2, 1, 1, 1, 2, 1, 1, 1, 1, 2, 1, 206, 8, 54189, 8, 2, 6, 2, 57, 213, 199, 1, 2, 1196, 226, 2, inf, inf, 23, 1, inf, 1, 22, 36, 3326, 222, 7, 1, 26, 1, inf, 1, 2, 1, 172, 1277, 1, 50090, 1, 8, 1, 75, 4, 1247, 3, 1, 10, 1, 9, 1330, inf, 1, 1, 255, 26, 2, 31, 1, 12, 1, 1, 648, 31, 128, 188, inf, 19, 1, 690, 1, inf, 288, 266, 5, 1, 7211, 1, 22, 476, 10, inf, 2, 28, 1, 40, 1, 852, 159, 3323, 386, 1, 1, 2, 1, 6, 1, 1175, 1, 1799, 21, 28, 12, 29, 3, 6, 761, 3, 99, 1, 1, 1, 1, 37, inf, 1, 31, 38, inf, 1, 1, 74, inf, 2, inf, 985, 8, 8225, 12, 467, 1, 1, 12, 3, 2, 1, 74, 4, 134, 4872, 1, 21, 1, 22, 541, 410, 8, 5, 42, 1, 1, 1, 2, 2, 366, 53, 114, 231, 3015, 1, 29, 2, 240, inf, 3, 11, 9, 9, 2, 51, 4, 579, 1, 238, 40, 2, 27, 2, 1, 1, inf, inf, 4, 1, 9186, 410, inf, 425, 6, 1, 1, 2, 1, 1, 3, 138, 134, 1, 7, 1, 195, 3, 1534, 706, 1, inf, 8, 9, 19295, 2, 2, 608, 3, 15897, 3, inf, 17957, 831, 186, 1, 11, 1, 97, 1, 2, 4919, 10, 1, 2, 1, 1, 1, 7, 5, 3, 1, 27, 126, 2, 27, 32, 192, 13, 7, 1, 17, 117, 1, 1, 3, 6, 72, 7, 2, 1, 23, 5, 1, 1, 37213, 1, 1, 1, 18, 26, 363, 164, 5, 1, 6, 1, 4, 23, 456, 1, 1, 3675, 1, 1, 50855, 120, 13009, 111, 1, 1, 580, 1, 1, 2, 14659, 1, 4, 1, 4, 62, 30, 2, 1, 4, 929, 169, 5, 1, 1, 4838, 1, 11, 404, 1, 184, 4878, 148, 11, 3, 3, 45, 33549, 3, 1, 5248, 1, 1, 32274, 2395, 257, 6, 8836, 2, 2, 166, 1, 1, 3, 14, 1, 2, 28, 3, 1, inf, 1, 10, 7187, 12, 1, 2650, 13, 34, 4, 8, 1, 6, 13, 1, 2, 20, 46, 1, 41, 1, 22, 17, 78, 82, 6, 431, 2, 1, 69, 9, 71, 7, 1, 45, 2, 21, 7, 1, 14, 53, 1, 6517, inf, 319, 6, 541, inf, 1, 5610, 1, 1919, 11, 118, 496, 1, 1142, inf, 9, 37, 1, 1, 116, 10, 1, 64, 1348, 1, 219, 229, 2625, 10, 16, 148, 12, 30, 2, 1, 306, 315, 262, 10, 8662, inf, 1675, 4, 207, 281, 19, 34, 117, 3, 2, 1, 1, 4, 2, 1, 1, 1, 3, 19, 10, 230, 1, 1, 12, 4105, 668, 240, 142, 3801, 70, 1, 3, 1, 1, 333, 1428, 1720, 2, 49, 389, 1, 773, 140, 77, 2, 212, 1, 1, 127, 1, 33, 1, 21, 1, 1, 1, inf, 32, inf, 28, 10, 1, 1, 44, 1, 2, 2, 45, 41, 1, 118, 3, 1, 24, 5, 2, 1, 1, 3, 230, 2, 1, inf, 1, 1, 1, 2, 1, 43, inf, 1, 202, 6, 1, 8, 232, 55, 2, 46, 863, 19, 10, 2, 2728, 3, 6681, 1, 1202, inf, 16, 17, inf, inf, 2, 8, 14, 1, 304, 5, 1, 8, 19, inf, 2, 1, 23, 8, 1, 24, 23, 1, 1, 3, 27, 143, 3, 3, 10, 18, 4, 17, inf, 4, 12, 1, 1, 80, 25, 1, 152, 1260, 189, 5515, 14, 1, 1, 8, 39, 19, inf, 323, 4, 10, 6, 1, 38, 263, 1, 275, 1, 17, 40, 6, 7, 1768, 4, 1, 384, 56, 23644, 2, 1416, 1, 1, 4773, 5, 10, 761, 11, 1305, 8, 5, inf, 4, 10, 214, 38, 193, 15, 1, 5, 1, 5, 12, 2, 502, 373, 139, 139, 5, 2, 1, 2, 83, 1, 1, 6, 1016, 1, 2, 33, 228, 1, 1, 121, 5160, 1, 8316, 7, 173, 1, 1, 3, 21, 1, 6, 13, 20, 3034, 25, 14, 148, 372, 10, 1, 74, 22, 2, 36, 55, 196, 7, 716, 5, 20, 4, 59, 74, 67, 7242, 1, 2, 1, 2, 6, 2, 3899, 38, 2329, inf, 3, 3, 6933, 32, 1355, 1, 1, 4, 319, 1, 4, 71, 1, 51870, 12, 834, 2714, 680, 1, inf, 1, 419, 3, 727, inf, 5, 271, 1, 111, 1366, 2707, 483, 15, 2339, 7, 1, 735, 5, 5307, 2, 266, 1, 1, 1, 1, 2148, 1, 228, 1056, 5007, 80, 6, 1, 5, 3, 11144, 1, 15028, 1, 36, 1, 1, 1, 67, 1, 53713, 590, 605, 13663, 1, 1993, 1, 9, 3, 25, 256, 1131, 4, 11, 4, 25885, 122, 241, inf, 1, 1, 1759, 41, 4217, 1, 2, 44, 3, 5, 1011, 1, 23209, 2, 1, 9538, 393, 1, 6, 1, 1, 1, 1, 87, 2, 35, 352, 97, 1, 1, 39, 1, 575, 4279, 261, 1, inf, 2, 5, 19, 77, 4, 1, 1, 4, 2, 1, 4, 4, 14, 3704, 5, 10, 131, 1, 8, inf, 1, 709, 502, 2, 1, 847, 1, 1, 1, 1621, 10, 4, 1, 6, 67, 2, 5, 1, 11, 5, 80, 3, inf, 6650, 1, 7657, 1, 2, 1253, 29, 365, 1, inf, 3321, 20381, 1, 1, 77, 860, 2, 5, 1, 1, 1, 1, 17, 28, 14, 1, inf, 2388, 14, 5662, 2, inf, 16, 1, 10, 5, inf, 1, 403, 48, 26, 1, 3, 8, 48, 3, inf, 4, 1, 1699, 6243, 1, 1740, 2, 1, 18, 3, 43, 19, 1, 1, inf, 18, 1, 1, 7, 1, 9, 5232, 1, 1, 52, 12, 12, inf, 26, 1, 2320, 2, 1, 1, 1, 7, 1725, 6, 119, 9, 132, 55, 87, 45, 90, 1, 1, 1, 195, 5779, 461, 12, 1, 13, 117, 21, 46, 6, 1956, 469, 17, 1, 52, inf, 1, 722, 1, 1, 2589, 46, 1, 6, 4, 168, 196, 208, 9948, 5, 2, 97, 37, 2, 95, 268, 283, 1, 5, 1, 167, 188, 1, 1, 3, 41, 64, 1, inf, 1093, 1, 1, 40049, 1, 1, 1277, 17, 16, 709, 253, 8536, 3, 26, 3, 48, 9, 3, 149, 5, 382, 1093, 1, 2, 598, 27, 19017, 1, 291, 3, 1, 111, 6, 2, 10, 50, 1, inf, 395, 1, 3, 1, 19, 1, 1, 7, 10043, 83, 122, 5, 7, 1, 41, 3182, 343, 100, 1, 1081, 1, 2, inf, 3, 1, 1, 39, 1, 1, 5, 16, 6, 8, 1, 72, 207, 1514, 174, 1, 1, 263, 1, 1, 1, 710, 2, 1, 20, 1, 113, 2876, 4, inf, 2, 4, 7, 1, 27, 3, 3, 1932, 2, 44, 16, 4, 1, 1, 104, 7, 4, 1, 18, 64, 14, 3, 12, 60, 396, 2, 1, 10, 29, 75, 40, 31, 294, 1, 30, 1, 7, 1, 2, 2, 1, 90, 2, 4, 38, 447, 2, 1, 344, 1, inf, 10, 11093, 1, 97, 8, 8963, 105, 29, 7, 13, 2, 24, 4, 16, 62, 4, 25, 3, 1, 1, 4, 1, 10, inf, 7269, 1, 2235, 1, 1372, 2189, 2, inf, inf, 1, 3, inf, 1, 2, 1481, 3, 1, 31, 27, 89, 6, 47, 2, inf, 1, 1, 44, 7, 47232, 47, 507, 100, 5, 2904, 507, 1, 855, 8, 3, 14, 41, 2, 18, 1780, 4, 2, 1, 159, 1, 184, 3, 351, 1, 3, 3, 7, 1, 1, 2, 17, 1, 8, 2, 1, 2, 14, 2, 106, 1, 8, 68, 341, 7956, 1, 50, 4417, 1, 1, 59, 6, 152, 2, inf, 3, 1, 6, 150, 1348, 54732, 5, 1, 1119, 1, 5, 111, 458, inf, 3, 43721, 23, 3, 1, 20, 1, 2, 2444, 2, 5, 1, 34, 127, inf, 4, 1, 91, 53, 12, 22, 1, 1, 441, 27, 9, 131, 41, 4, 34, 3120, 6, 66, 216, 71, 9412, 1, 7, 3, 4, 1347, 29, 40, 1309, 1, 1, 1310, 1, 12, 2, 1, inf, 2426, 23, 11, 9, 70, 1, 375, 223, 5, 357, 235, 8, 2, 16, 9, 571, 13, 1016, 4, 7, 166, 137, 1, 2, 1, 2, 1, 28, 2, 142, 5, 1, 2, 1, 6, 103, inf, inf, 1042, inf, 1023, 3, 2, 2, 136, 3, 1, 1, 1, 1, inf, 17, 76, 1, 1, 4, 4, 1, inf, inf, 1, 3, 1, 1, 1, inf, 1, inf, 61, inf, 108, 17, 67, 178, 3, 2, 1, 2, 1, 10, 92, 1, 2, 19, 10, 1, 637, 1, inf, 1, inf, 48, 134, 1, 2, 2, 1, 4043, 3544, 1, 3, 4, 7, inf, inf, 2, 108, 38, 2386, 1, 552, 3, 3, 19, 2840, 62, 11, 3, 567, 1, 1, 7, 3, 22, 100, 134, 6, 33, inf, 1, 50, 1, 1, 1, 1757, 1, 837, 30, 15, 1, 2762, 5, inf, 214, 2, 189, 23, 133, 5, 8, 13, 2029, 25, 2, 16, inf, 1, 4, 31, 2824, 7, 6, 45, 1, 113, inf, 43854, 1, 91, 10, 24, 146, 6633, 31, 7170, 4, 29, 579, 4, 2515, 7, 1, 15, 1, 5, 3495, 1374, 651, inf, 5, 1, 39, 914, 784, 24, inf, 1, 696, 11, 1, 162, 1, 798, 2, 6981, 1, 1, 12, 26, 5, inf, 1, 1, 2266, 8, 1, 1, 29, 5, 6, 1, 1, 6868, 1, 23, 3, 9, 108, 849, 60, 7, 61, 1, 8, 2, 3606, 2, 4, 33, 16, 88, 2, 1, 16, 6497, 1, 8, 30, 3, 10, 5, 27, 29, 23, 207, 127, 111, 6512, 67, 68, 19, 55, 899, 1, 17, 3, 1, 1, 362, 27, 1, 1, 168, 408, 104, 389, 67, 1, 2, 1, 31, 1, 1, 498, 1, 1, 1433, 722, 55, 7, 1, 2, 2106, 19901, 3, 81, 41, 1, 1, 1932, 1, 10, 8, 11540, 2, 1, 1, 1, 1, 1, inf, 9, 99, 191, 1, 1, 3, 77, 1, 53, 8, 5, 1, 24, 1, inf, 2, 1, 5902, 1, 1, 1, 1, 1, 10, 168, 149, 26, 2, 180, 99, 22, 37, 556, 8, 3, 20, 2, 1143, 47, 684, inf, 6214, 3, 152, 9, 1, 105, 8, 1, 1, 1, 2, 914, 191, 1, 262, 2, 9, 1, 23, 965, inf, inf, inf, 30, 4, 8171, 1, 1900, 32, 411, 48, 15, 21863, 5, 114, 12025, 2, 88, 8, 1, inf, 1, 1, 1, 4, 1, 2, 6974, 1, 2415, 1, 6635, 13, 8, 1, 2, 436, 47, 9975, 11, 1, 5, 1775, 75, 62, 10, 28, 23, 3, 72, 1, 14, 259, 10, 3, 4, 1, 5, 82, 41, 4, 1, 2, 1, 3296, 1, 1316, 1, 1, 1, 108, 2, 1, 85, 19, 3, 211, 195, 1515, 32, 2, inf, 1, 309, 330, 7, 6, 775, 48, 19, inf, 136, 1, 265, 33, 4, 98, 1, 30, 26, 1, inf, 1, 87, 5, 15, 1, inf, 57, 1, 1, 1, 1, 343, 25, 1, 1, 1, inf, 1, 2, 6, 259, 10, 74, 1167, 3296, 6, 64, 4, 6, 1, 6, 2366, 1, 6, 1, 1, 1, 1, 32, 3, 3, 395, 80, 9, 6, 1, 3178, 780, 9981, 87, 1, 264, 1, inf, 9, inf, 3, 1341, 1, 1, inf, 1124, 30, 11554, inf, 8, 1, 4, 4, 1, 1, 66, 2, 2, 1, 5, 3, 1, 436, 11, 2, 7, 2, 1, 47, 263, 1213, 1, 1, 4, 1, 71, 2, 18, 9, 477, 1, 1, 1, 9063, 156, 10, 1, 3, 7, 4813, 12, 1, 1, 3, 1, 1, 691, 297, 21, 34, 208, 5, inf, 6, 5, 87, 3, 404, inf, 4, 1690, 47777, 5, 3, 77, 1, 1779, 798, 3, 1958, 2, 983, 133, 3, 1, 1, 1, 1, 1, 60, 1, 1142, 1, 26, 1, 1, 1, 16, 1, 1, 13, 17, 1, 1, 1, 1, 80, 3, 1, 108, 2, 1, 36, 3, 382, 4422, inf, 1, 86, 1, 1, 1, 424, 143, 660, 24, 27, 3557, 226, 18, 2, 70, 2, 5, 333, 925, 25, 1, 6675, 3, 5312, 49580, 34, 7, 5, 18, 441, 932, 43, 53, 86, 1, 1, 1, inf, 2, 1, 1, 2, 1, 16, inf, 4, inf, 7, inf, 1, 7, 1, 1769, 1, 1, 41, inf, 22, 2, 1, 6, 6, 1, 2, 2, 301, 91, 12, 241, 1, 1, 1, inf, inf, 1, 109, 9, inf, 4, 17, 1, 1, 10380, 1, inf, 5, 3585, 4, 6, 693, 935, 1133, 1046, 5, 1, 98, 2, 443, 373, 139, 1, 2, 5, 1, 1, 771, 1, 1, 12101, 78, 2, 1, 1, 1, inf, 1, 61, 4, 379, 129, 4, 4, 1, 44558, 2, 708, 2, 1, 2, 195, 278, 4, 74, 287, 27, 1, 39, 16, 128, 1, 736, 1, 1507, 5, 5356, 15, 29, 4, inf, 954, 1, 145, 3, inf, 217, 1595, 10532, 264, 3, 1, 1, 1, 855, 895, inf, 50, 140, 12, 60, 1, inf, 149, 29, 8, 1788, 5, 34976, 1, 25, 1, 1, 1, inf, 4, 2, 2, 113, 3, 6, 68, 1, inf, 188, 79, 11, inf, 5, 551, 24, 41, 689, 136, 39, 2, 17, inf, 4, 1, inf, 2526, inf, 2, 1, 1, 3875, 3, 349, 424, inf, 1060, 21, 2, 1, 60, 5381, inf, 1, 2, 8, 3893, 9, 110, 54, 2, 7, 84, 2856, 43941, 1, 2460, 41, 2, 34, 13, 166, 1, 1, 1, 2, 666, 54, 193, 17, 1, 1, 1, 734, 8, 1, 13, 1, 1, 1, 1, 1, 2540, 5, 1105, 1, 1, inf, 16, 2680, 391, 1, 12, 79, 9, 3, 16, 1, 89, 788, 2, 1, 259, 2, 1667, 1, 1, 1964, 1, 1, 1, 1, 1, 1, 15, 5, 3, 2, 4, 3, inf, 4, 12, 2, 12, 13, inf, 1, 341, 3, 44, 177, 1, 2, 31, inf, 304, 1426, 11, 1, 1, 1, inf, inf, inf, 6, 204, 119, 3, 1, 2, 1, 18, 682, 1, 89, 1, 45, 22, 45, 875, 5, 29, 9, 1, 378, 9, 7, inf, 18, 2, 1, 1837, 65, 4, 1, 1, 6, 14, 1, 1, 1704, 96, 1, 1, 7, 4223, 1, 108, 28, 11166, 9, 2, 12, 2, 8, 205, 1, 14, 20, 33, 1, 2, 3, 5, 63, 2, 53, 1, 1, 2, 1, 1, 2, 12, 1, inf, 6, 34, 1, 1, 56, 1, 8, 291, 4, 57, 1, 1, 34, 2065, 1, 6, 4, 112, 571, 158, 1, 7322, 6, 3, 1, inf, 149, 44, inf, 7, 8, 337, 1, 10, 22, 2, 3, inf, 3, 2, inf, 3, 1, 4, 2, 1, inf, 17, 1, 1, inf, 1, 42, 13, 63, 18154, inf, 1, 1, 1, 2, 110, 10686, 22, 5, 1, 369, 1, 1, 2386, 8, 5, 2875, 63, 61, inf, 3, 465, 6402, 5, inf, 1, 3, 1, 77, 11, 23, 2, inf, 517, 1811, 9, 3, 220, 165, 1, 55, 128, 480, 32, 35, 236, 559, 119, 23, 614, 14, 1, 8, inf, 2, 12, 1, 2, 10, 40, 2, 40, 5, 4, 140, 1, 6, 206, 1, 1, 1, 1, 4, 91, 172, 94, 1, 10032, 1, 1, 625, 35, 93, 1, 1, 7, 8, 1, 1, 8400, 7, 13, 11, 1, 4, inf, 7, 16766, 2, 51, 52, 1837, 4, 883, 3223, 5701, 63, 28, 2, 18, 6587, 21, 1, 1, 1, 2, 5, 1, 36, 2, 26, 32, 9, 28, 13, 3, inf, 22, 12, 266, 51, 8, 1, inf, 259, 2, 5, 37, 10405, 1, 1, 1813, 10, 1, 18921, 13, 6, 20, 2, inf, 1, 7481, 1988, 23, 3421, 8, 569, 121, 370, 1, 5, 74, 38, 52, 2, 1, 21, inf, 2155, inf, 4, 130, 2, 1, 4, 1, 5, 1, 225, 35, 26, 1, 233, 7, 9, 5, 25, 3, 1, 14, 223, 3878, 14, 100, 84, 1843, 1, 507, 134, 1, 2930, 13, 1, 1, 161, inf, inf, 30, 11, 40, 22, 21, 13, 13, 2, 862, inf, 2437, 68, 872, 1, 9, 1, 1, 1, inf, 1, 1, 2, 21, 54, 1, 1822, 8, 2, 19, 314, 1, 1, 89, 2, 1, 1046, 51, 2, 24, 12, 3028, 4, 81, 1, 6012, 5, inf, 167, 1, 5078, 36, 1, inf, inf, 5, 1, 15, 3791, 40043, 8, 534, 109, 1, 7, inf, 492, 3, 5, 1, 39, 22, 9, 1, 6, 3, inf, 1, 222, 7, 1, 256, 323, 4, 20, 16, 1, 1, 163, 41, 2, 1, 7, 4433, 1, inf, 64, 1, 1, 47, 741, 1, inf, 587, 16, inf, 1, 20, 2, 177, 6, inf, 269, 3, 2, 8, 73, 3, 19, 24, 42, 3, 1826, 1, 1, 12, 1, 6, 1460, 37, 17, 1, inf, 700, 23, 4457, 17, 176, 14, 9, 1318, 1631, 1, 2, 2, 4, 4, 1, 21, 1, 10, 1, 5, inf, inf, 1, 1, 3233, 25, 1, 111, 160, inf, 2, 2, 3, 1904, 6, 1, 1, 1109, 1, 146, 2, 1, 124, 7, 1, 13, 227, 22, 36, 2, 1, 1, 128, 1, 1, 1, 10327, 1315, 3, 1, 1, 217, inf, 17649, 1, 1, 89, 1, 5248, 2991, 4, 2527, 1, 2, 2, inf, 2, 1, 1, 120, 1, 32, 11152, 4, 69, 94, 1, 1, 5, 3, 4, 6, 1, 1, 14, 13, 2, inf, 796, 14533, 29, 1, 4, 3, 1214, 75, 2, 10019, 1, 1, 101, 89, 6, 3, 2196, 1, 620, 1, 58, 8, inf, 555, 2, 2, 91, 22, 2, 1, 1, 2, 41, 1, 3, 10, 33, 239, 21, 1, 7, 5, 79, inf, 1, 35, 1, 274, 92, 5, 13, 4, 1340, 4, 1, 1, 12, 1, 56, 6, 2, 1, 1, 1, 13, 3, 2, 2, 24, 20, 1, 6, 82, 21, 68, 19, inf, 7, 70, 12927, 114, 1, 1, 55, 17, inf, 1, 2005, 1, 1, 1, 13, 2, 1, 58, 1, 88, 1, 12, 1, 273, 20, 13, 3, 1, 2, 10040, 1, 31, 275, 1, 421, 4, 4, 80, 327, 1, 1, 10, 19, 7, 76, 14, 496, 4, 1, 1, 31157, 35, 1, 1, 1, 34, inf, 118, 1488, 1, 395, 1, 1, 27, 2232, inf, 44, 2, 1, 546, 48, 5428, 617, 1, inf]
2022-08-28 Sunday 04:34:50:INFO: It completed at: 2022-08-28 04:34:50.466963
2022-08-28 Sunday 04:34:50:INFO: Completed after: 23:46:11.865253
