2022-08-29 Monday 14:33:53:INFO: {'bug_database': 'dataset/mozilla/mozilla_soft_clean.json', 'database_name': 'mozilla-sampled-github', 'epochs': 12, 'lr': 0.001, 'l2': 0.0, 'batch_size': 256, 'ranking_batch_size': 512, 'ranking_n_workers': 2, 'cuda': True, 'cache_folder': None, 'pairs_training': 'dataset/mozilla/sampled_github_training_split_mozilla_pairs_random_1.txt', 'pairs_validation': 'dataset/mozilla/sampled_github_validation_mozilla_pairs_random_1.txt', 'neg_pair_generator': {'type': 'none', 'training': None, 'rate': 1, 'pre_list_file': None, 'k': 0, 'n_tries': 0, 'preselected_length': None, 'random_anchor': True}, 'loss': 'bce', 'margin': 0, 'categorical': {'lexicons': 'dataset/mozilla/categorical_lexicons.json', 'bn_last_layer': False, 'emb_size': 20, 'hidden_sizes': [40], 'dropout': 0.0, 'activation': 'relu', 'batch_normalization': False, 'layer_norm': False}, 'compare_aggregation': {'word_embedding': 'word_embedding/mozilla/glove_42B_300d_mozilla.npy', 'norm_word_embedding': False, 'lexicon': 'word_embedding/mozilla/glove_42B_300d_mozilla.lxc', 'sent_representation': None, 'tokenizer': 'white_space', 'bow': False, 'frequency': False, 'extractor': {'update_embedding': False, 'filters': ['TransformLowerCaseFilter'], 'hidden_size': 150, 'dropout': 0.0, 'layer_norm': False, 'txt_field_emb_size': 5, 'field_word_combination': 'cat', 'emb_dropout': 0.0, 'scaled_attention': True, 'model': 'linear', 'use_categorical': False, 'bidirectional': True}, 'matching': {'type': 'full', 'scaled_attention': True, 'comparison_hidden_size': 100, 'dropout': 0.0, 'residual': True, 'layer_norm': False, 'attention_hidden_size': 200, 'attention': 'dot_product', 'comparison_func': 'submult+nn'}, 'aggregate': {'model': 'lstm', 'window': [3, 4, 5], 'nfilters': 100, 'hidden_size': 150, 'dropout': 0.0, 'bidirectional': True, 'num_layers': 1, 'self_att_hidden': 50, 'layer_norm': False, 'n_hops': 20}, 'classifier': {'hidden_size': [300], 'output_act': 'sigmoid', 'hadamard_diff_textual': True, 'hadamard_diff_categorical': True, 'textual_hidden_layer': 600, 'categorical_hidden_layer': 40, 'categorical_dropout': 0.0, 'dropout': 0.0, 'only_candidate': False, 'layer_norm': False, 'batch_normalization': False}}, 'random_switch': True, 'recall_estimation_train': None, 'recall_estimation': None, 'sample_size_rr_tr': 0, 'sample_size_rr_val': 0, 'rr_val_epoch': 100, 'rr_train_epoch': 100, 'ranking_result_file': None, 'optimizer': 'adam', 'lr_scheduler': None, 'save': None, 'save_by_epoch': None, 'load': None, 'recall_rate': {'type': 'sun2011', 'dataset': 'dataset/mozilla/test_mozilla.txt', 'result_file': None, 'group_by_master': True, 'window': 365}, 'pair_test_dataset': None, 'rep': {'model': None, 'input': None, 'training': None, 'rate': 1, 'neg_training': 10000, 'k': 1000}, 'rr_scorer': 'general', 'seed': 146618513}
2022-08-29 Monday 14:33:53:INFO: It started at: 2022-08-29 14:33:53.306461
2022-08-29 Monday 14:33:58:INFO: Turning CUDA on
2022-08-29 Monday 14:33:58:INFO: Using Categorical Information.
2022-08-29 Monday 14:33:58:INFO: Lexicon size: 96875
2022-08-29 Monday 14:33:58:INFO: Word Embedding size: 300
2022-08-29 Monday 14:33:58:INFO: Use white space tokenizer to tokenize summary information
2022-08-29 Monday 14:33:58:INFO: BoW=False and TF=False
2022-08-29 Monday 14:33:58:INFO: Using Summary and Description information.
2022-08-29 Monday 14:33:58:INFO: Using BCE Loss: margin=0
2022-08-29 Monday 14:34:00:INFO: Not generate dynamically the negative examples.
2022-08-29 Monday 14:34:01:INFO: Training size: 724
2022-08-29 Monday 14:34:01:INFO: Validation size: 28
2022-08-29 Monday 14:34:01:INFO: Adam
2022-08-29 Monday 14:34:01:INFO: Scheduler: Constant
2022-08-29 Monday 14:34:01:INFO: Epoch: 1
2022-08-29 Monday 14:34:01:INFO: LR: 0.001
2022-08-29 Monday 14:34:03:INFO: {'type': 'metric', 'label': 'training_loss', 'epoch': 1, 'value': 0.6888786854006309, 'sum': 498.74816823005676, 'num_example': 724}
2022-08-29 Monday 14:34:03:INFO: {'type': 'metric', 'label': 'training_dist_target', 'value': (0.49735393840305053, 0.49596061495786214), 'epoch': 1}
2022-08-29 Monday 14:34:03:INFO: {'type': 'metric', 'label': 'training_acc', 'epoch': 1, 'value': 0.5027624309392266, 'num_correct': 364, 'num_example': 724}
2022-08-29 Monday 14:34:03:INFO: {'type': 'metric', 'label': 'training_precision', 'epoch': 1, 'value': 0.5047169923782349, 'positive': 107.0, 'total': 212.0}
2022-08-29 Monday 14:34:03:INFO: {'type': 'metric', 'label': 'training_recall', 'epoch': 1, 'value': 0.295580118894577, 'positive': 107.0, 'total': 362.0}
2022-08-29 Monday 14:34:03:INFO: {'type': 'metric', 'label': 'validation_loss', 'epoch': 1, 'value': 0.6837974786758423, 'sum': 19.146329402923584, 'num_example': 28}
2022-08-29 Monday 14:34:03:INFO: {'type': 'metric', 'label': 'validation_dist_target', 'value': (0.5186030864715576, 0.47040598733084543), 'epoch': 1}
2022-08-29 Monday 14:34:03:INFO: {'type': 'metric', 'label': 'validation_acc', 'epoch': 1, 'value': 0.5357142857142857, 'num_correct': 15, 'num_example': 28}
2022-08-29 Monday 14:34:03:INFO: {'type': 'metric', 'label': 'validation_precision', 'epoch': 1, 'value': 0.5185185074806213, 'positive': 14.0, 'total': 27.0}
2022-08-29 Monday 14:34:03:INFO: {'type': 'metric', 'label': 'validation_recall', 'epoch': 1, 'value': 1.0, 'positive': 14.0, 'total': 14.0}
2022-08-29 Monday 14:34:03:INFO: Epoch: 2
2022-08-29 Monday 14:34:03:INFO: LR: 0.001
2022-08-29 Monday 14:34:04:INFO: {'type': 'metric', 'label': 'training_loss', 'epoch': 2, 'value': 0.6330960336969702, 'sum': 458.36152839660645, 'num_example': 724}
2022-08-29 Monday 14:34:04:INFO: {'type': 'metric', 'label': 'training_dist_target', 'value': (0.46877590200519037, 0.4619722313643819), 'epoch': 2}
2022-08-29 Monday 14:34:04:INFO: {'type': 'metric', 'label': 'training_acc', 'epoch': 2, 'value': 0.6878453038674033, 'num_correct': 498, 'num_example': 724}
2022-08-29 Monday 14:34:04:INFO: {'type': 'metric', 'label': 'training_precision', 'epoch': 2, 'value': 0.6596243977546692, 'positive': 281.0, 'total': 426.0}
2022-08-29 Monday 14:34:04:INFO: {'type': 'metric', 'label': 'training_recall', 'epoch': 2, 'value': 0.7762430906295776, 'positive': 281.0, 'total': 362.0}
2022-08-29 Monday 14:34:04:INFO: {'type': 'metric', 'label': 'validation_loss', 'epoch': 2, 'value': 0.643645167350769, 'sum': 18.022064685821533, 'num_example': 28}
2022-08-29 Monday 14:34:04:INFO: {'type': 'metric', 'label': 'validation_dist_target', 'value': (0.37243625095912386, 0.545403276171003), 'epoch': 2}
2022-08-29 Monday 14:34:04:INFO: {'type': 'metric', 'label': 'validation_acc', 'epoch': 2, 'value': 0.5714285714285714, 'num_correct': 16, 'num_example': 28}
2022-08-29 Monday 14:34:04:INFO: {'type': 'metric', 'label': 'validation_precision', 'epoch': 2, 'value': 0.75, 'positive': 3.0, 'total': 4.0}
2022-08-29 Monday 14:34:04:INFO: {'type': 'metric', 'label': 'validation_recall', 'epoch': 2, 'value': 0.2142857164144516, 'positive': 3.0, 'total': 14.0}
2022-08-29 Monday 14:34:04:INFO: Epoch: 3
2022-08-29 Monday 14:34:04:INFO: LR: 0.001
2022-08-29 Monday 14:34:05:INFO: {'type': 'metric', 'label': 'training_loss', 'epoch': 3, 'value': 0.4748262669170759, 'sum': 343.77421724796295, 'num_example': 724}
2022-08-29 Monday 14:34:05:INFO: {'type': 'metric', 'label': 'training_dist_target', 'value': (0.2979453703316536, 0.35936842438924377), 'epoch': 3}
2022-08-29 Monday 14:34:05:INFO: {'type': 'metric', 'label': 'training_acc', 'epoch': 3, 'value': 0.7914364640883977, 'num_correct': 573, 'num_example': 724}
2022-08-29 Monday 14:34:05:INFO: {'type': 'metric', 'label': 'training_precision', 'epoch': 3, 'value': 0.8808664083480835, 'positive': 244.0, 'total': 277.0}
2022-08-29 Monday 14:34:05:INFO: {'type': 'metric', 'label': 'training_recall', 'epoch': 3, 'value': 0.6740331649780273, 'positive': 244.0, 'total': 362.0}
2022-08-29 Monday 14:34:05:INFO: {'type': 'metric', 'label': 'validation_loss', 'epoch': 3, 'value': 0.5293195843696594, 'sum': 14.820948362350464, 'num_example': 28}
2022-08-29 Monday 14:34:05:INFO: {'type': 'metric', 'label': 'validation_dist_target', 'value': (0.3756128379276821, 0.33174361501421246), 'epoch': 3}
2022-08-29 Monday 14:34:05:INFO: {'type': 'metric', 'label': 'validation_acc', 'epoch': 3, 'value': 0.75, 'num_correct': 21, 'num_example': 28}
2022-08-29 Monday 14:34:05:INFO: {'type': 'metric', 'label': 'validation_precision', 'epoch': 3, 'value': 0.7692307829856873, 'positive': 10.0, 'total': 13.0}
2022-08-29 Monday 14:34:05:INFO: {'type': 'metric', 'label': 'validation_recall', 'epoch': 3, 'value': 0.7142857313156128, 'positive': 10.0, 'total': 14.0}
2022-08-29 Monday 14:34:05:INFO: Epoch: 4
2022-08-29 Monday 14:34:05:INFO: LR: 0.001
2022-08-29 Monday 14:34:07:INFO: {'type': 'metric', 'label': 'training_loss', 'epoch': 4, 'value': 0.3579734267450828, 'sum': 259.17276096343994, 'num_example': 724}
2022-08-29 Monday 14:34:07:INFO: {'type': 'metric', 'label': 'training_dist_target', 'value': (0.24956605711035965, 0.17522166183640286), 'epoch': 4}
2022-08-29 Monday 14:34:07:INFO: {'type': 'metric', 'label': 'training_acc', 'epoch': 4, 'value': 0.8591160220994475, 'num_correct': 622, 'num_example': 724}
2022-08-29 Monday 14:34:07:INFO: {'type': 'metric', 'label': 'training_precision', 'epoch': 4, 'value': 0.8651685118675232, 'positive': 308.0, 'total': 356.0}
2022-08-29 Monday 14:34:07:INFO: {'type': 'metric', 'label': 'training_recall', 'epoch': 4, 'value': 0.8508287072181702, 'positive': 308.0, 'total': 362.0}
2022-08-29 Monday 14:34:07:INFO: {'type': 'metric', 'label': 'validation_loss', 'epoch': 4, 'value': 0.6388651132583618, 'sum': 17.88822317123413, 'num_example': 28}
2022-08-29 Monday 14:34:07:INFO: {'type': 'metric', 'label': 'validation_dist_target', 'value': (0.08919620513916016, 0.5674065181187221), 'epoch': 4}
2022-08-29 Monday 14:34:07:INFO: {'type': 'metric', 'label': 'validation_acc', 'epoch': 4, 'value': 0.7142857142857143, 'num_correct': 20, 'num_example': 28}
2022-08-29 Monday 14:34:07:INFO: {'type': 'metric', 'label': 'validation_precision', 'epoch': 4, 'value': 1.0, 'positive': 6.0, 'total': 6.0}
2022-08-29 Monday 14:34:07:INFO: {'type': 'metric', 'label': 'validation_recall', 'epoch': 4, 'value': 0.4285714328289032, 'positive': 6.0, 'total': 14.0}
2022-08-29 Monday 14:34:07:INFO: Epoch: 5
2022-08-29 Monday 14:34:07:INFO: LR: 0.001
2022-08-29 Monday 14:34:08:INFO: {'type': 'metric', 'label': 'training_loss', 'epoch': 5, 'value': 0.2878707148422852, 'sum': 208.4183975458145, 'num_example': 724}
2022-08-29 Monday 14:34:08:INFO: {'type': 'metric', 'label': 'training_dist_target', 'value': (0.14150735423051192, 0.19176008951598109), 'epoch': 5}
2022-08-29 Monday 14:34:08:INFO: {'type': 'metric', 'label': 'training_acc', 'epoch': 5, 'value': 0.8798342541436464, 'num_correct': 637, 'num_example': 724}
2022-08-29 Monday 14:34:08:INFO: {'type': 'metric', 'label': 'training_precision', 'epoch': 5, 'value': 0.9104477763175964, 'positive': 305.0, 'total': 335.0}
2022-08-29 Monday 14:34:08:INFO: {'type': 'metric', 'label': 'training_recall', 'epoch': 5, 'value': 0.8425414562225342, 'positive': 305.0, 'total': 362.0}
2022-08-29 Monday 14:34:08:INFO: {'type': 'metric', 'label': 'validation_loss', 'epoch': 5, 'value': 0.4164322018623352, 'sum': 11.660101652145386, 'num_example': 28}
2022-08-29 Monday 14:34:08:INFO: {'type': 'metric', 'label': 'validation_dist_target', 'value': (0.34489645276750835, 0.14478705610547746), 'epoch': 5}
2022-08-29 Monday 14:34:08:INFO: {'type': 'metric', 'label': 'validation_acc', 'epoch': 5, 'value': 0.8214285714285714, 'num_correct': 23, 'num_example': 28}
2022-08-29 Monday 14:34:08:INFO: {'type': 'metric', 'label': 'validation_precision', 'epoch': 5, 'value': 0.7647058963775635, 'positive': 13.0, 'total': 17.0}
2022-08-29 Monday 14:34:08:INFO: {'type': 'metric', 'label': 'validation_recall', 'epoch': 5, 'value': 0.9285714030265808, 'positive': 13.0, 'total': 14.0}
2022-08-29 Monday 14:34:08:INFO: Epoch: 6
2022-08-29 Monday 14:34:08:INFO: LR: 0.001
2022-08-29 Monday 14:34:10:INFO: {'type': 'metric', 'label': 'training_loss', 'epoch': 6, 'value': 0.21883945455208667, 'sum': 158.43976509571075, 'num_example': 724}
2022-08-29 Monday 14:34:10:INFO: {'type': 'metric', 'label': 'training_dist_target', 'value': (0.1294598974575654, 0.1472008662987809), 'epoch': 6}
2022-08-29 Monday 14:34:10:INFO: {'type': 'metric', 'label': 'training_acc', 'epoch': 6, 'value': 0.9185082872928176, 'num_correct': 665, 'num_example': 724}
2022-08-29 Monday 14:34:10:INFO: {'type': 'metric', 'label': 'training_precision', 'epoch': 6, 'value': 0.9267605543136597, 'positive': 329.0, 'total': 355.0}
2022-08-29 Monday 14:34:10:INFO: {'type': 'metric', 'label': 'training_recall', 'epoch': 6, 'value': 0.908839762210846, 'positive': 329.0, 'total': 362.0}
2022-08-29 Monday 14:34:10:INFO: {'type': 'metric', 'label': 'validation_loss', 'epoch': 6, 'value': 0.32251420617103577, 'sum': 9.030397772789001, 'num_example': 28}
2022-08-29 Monday 14:34:10:INFO: {'type': 'metric', 'label': 'validation_dist_target', 'value': (0.23873254231044225, 0.1909909929547991), 'epoch': 6}
2022-08-29 Monday 14:34:10:INFO: {'type': 'metric', 'label': 'validation_acc', 'epoch': 6, 'value': 0.8571428571428571, 'num_correct': 24, 'num_example': 28}
2022-08-29 Monday 14:34:10:INFO: {'type': 'metric', 'label': 'validation_precision', 'epoch': 6, 'value': 0.8125, 'positive': 13.0, 'total': 16.0}
2022-08-29 Monday 14:34:10:INFO: {'type': 'metric', 'label': 'validation_recall', 'epoch': 6, 'value': 0.9285714030265808, 'positive': 13.0, 'total': 14.0}
2022-08-29 Monday 14:34:10:INFO: Epoch: 7
2022-08-29 Monday 14:34:10:INFO: LR: 0.001
2022-08-29 Monday 14:34:11:INFO: {'type': 'metric', 'label': 'training_loss', 'epoch': 7, 'value': 0.20002337425782535, 'sum': 144.81692296266556, 'num_example': 724}
2022-08-29 Monday 14:34:11:INFO: {'type': 'metric', 'label': 'training_dist_target', 'value': (0.13639022237029524, 0.1051656146075844), 'epoch': 7}
2022-08-29 Monday 14:34:11:INFO: {'type': 'metric', 'label': 'training_acc', 'epoch': 7, 'value': 0.9185082872928176, 'num_correct': 665, 'num_example': 724}
2022-08-29 Monday 14:34:11:INFO: {'type': 'metric', 'label': 'training_precision', 'epoch': 7, 'value': 0.9039999842643738, 'positive': 339.0, 'total': 375.0}
2022-08-29 Monday 14:34:11:INFO: {'type': 'metric', 'label': 'training_recall', 'epoch': 7, 'value': 0.9364640712738037, 'positive': 339.0, 'total': 362.0}
2022-08-29 Monday 14:34:11:INFO: {'type': 'metric', 'label': 'validation_loss', 'epoch': 7, 'value': 0.26813727617263794, 'sum': 7.507843732833862, 'num_example': 28}
2022-08-29 Monday 14:34:11:INFO: {'type': 'metric', 'label': 'validation_dist_target', 'value': (0.16612832886832102, 0.22520545550755092), 'epoch': 7}
2022-08-29 Monday 14:34:11:INFO: {'type': 'metric', 'label': 'validation_acc', 'epoch': 7, 'value': 0.8214285714285714, 'num_correct': 23, 'num_example': 28}
2022-08-29 Monday 14:34:11:INFO: {'type': 'metric', 'label': 'validation_precision', 'epoch': 7, 'value': 0.8461538553237915, 'positive': 11.0, 'total': 13.0}
2022-08-29 Monday 14:34:11:INFO: {'type': 'metric', 'label': 'validation_recall', 'epoch': 7, 'value': 0.7857142686843872, 'positive': 11.0, 'total': 14.0}
2022-08-29 Monday 14:34:11:INFO: Epoch: 8
2022-08-29 Monday 14:34:11:INFO: LR: 0.001
2022-08-29 Monday 14:34:12:INFO: {'type': 'metric', 'label': 'training_loss', 'epoch': 8, 'value': 0.1615151535740215, 'sum': 116.93697118759155, 'num_example': 724}
2022-08-29 Monday 14:34:12:INFO: {'type': 'metric', 'label': 'training_dist_target', 'value': (0.07235824864213639, 0.12162779049320116), 'epoch': 8}
2022-08-29 Monday 14:34:12:INFO: {'type': 'metric', 'label': 'training_acc', 'epoch': 8, 'value': 0.9350828729281768, 'num_correct': 677, 'num_example': 724}
2022-08-29 Monday 14:34:12:INFO: {'type': 'metric', 'label': 'training_precision', 'epoch': 8, 'value': 0.9618768095970154, 'positive': 328.0, 'total': 341.0}
2022-08-29 Monday 14:34:12:INFO: {'type': 'metric', 'label': 'training_recall', 'epoch': 8, 'value': 0.9060773253440857, 'positive': 328.0, 'total': 362.0}
2022-08-29 Monday 14:34:12:INFO: {'type': 'metric', 'label': 'validation_loss', 'epoch': 8, 'value': 0.2735344469547272, 'sum': 7.658964514732361, 'num_example': 28}
2022-08-29 Monday 14:34:12:INFO: {'type': 'metric', 'label': 'validation_dist_target', 'value': (0.25168728828430176, 0.09375063010624476), 'epoch': 8}
2022-08-29 Monday 14:34:12:INFO: {'type': 'metric', 'label': 'validation_acc', 'epoch': 8, 'value': 0.8928571428571429, 'num_correct': 25, 'num_example': 28}
2022-08-29 Monday 14:34:12:INFO: {'type': 'metric', 'label': 'validation_precision', 'epoch': 8, 'value': 0.8235294222831726, 'positive': 14.0, 'total': 17.0}
2022-08-29 Monday 14:34:12:INFO: {'type': 'metric', 'label': 'validation_recall', 'epoch': 8, 'value': 1.0, 'positive': 14.0, 'total': 14.0}
2022-08-29 Monday 14:34:12:INFO: Epoch: 9
2022-08-29 Monday 14:34:12:INFO: LR: 0.001
2022-08-29 Monday 14:34:14:INFO: {'type': 'metric', 'label': 'training_loss', 'epoch': 9, 'value': 0.1356426786981235, 'sum': 98.2052993774414, 'num_example': 724}
2022-08-29 Monday 14:34:14:INFO: {'type': 'metric', 'label': 'training_dist_target', 'value': (0.08193982503690772, 0.07826833303462076), 'epoch': 9}
2022-08-29 Monday 14:34:14:INFO: {'type': 'metric', 'label': 'training_acc', 'epoch': 9, 'value': 0.9502762430939227, 'num_correct': 688, 'num_example': 724}
2022-08-29 Monday 14:34:14:INFO: {'type': 'metric', 'label': 'training_precision', 'epoch': 9, 'value': 0.9527778029441833, 'positive': 343.0, 'total': 360.0}
2022-08-29 Monday 14:34:14:INFO: {'type': 'metric', 'label': 'training_recall', 'epoch': 9, 'value': 0.9475138187408447, 'positive': 343.0, 'total': 362.0}
2022-08-29 Monday 14:34:14:INFO: {'type': 'metric', 'label': 'validation_loss', 'epoch': 9, 'value': 0.22358645498752594, 'sum': 6.260420739650726, 'num_example': 28}
2022-08-29 Monday 14:34:14:INFO: {'type': 'metric', 'label': 'validation_dist_target', 'value': (0.11965150492531913, 0.19263979366847447), 'epoch': 9}
2022-08-29 Monday 14:34:14:INFO: {'type': 'metric', 'label': 'validation_acc', 'epoch': 9, 'value': 0.8928571428571429, 'num_correct': 25, 'num_example': 28}
2022-08-29 Monday 14:34:14:INFO: {'type': 'metric', 'label': 'validation_precision', 'epoch': 9, 'value': 0.9230769276618958, 'positive': 12.0, 'total': 13.0}
2022-08-29 Monday 14:34:14:INFO: {'type': 'metric', 'label': 'validation_recall', 'epoch': 9, 'value': 0.8571428656578064, 'positive': 12.0, 'total': 14.0}
2022-08-29 Monday 14:34:14:INFO: Epoch: 10
2022-08-29 Monday 14:34:14:INFO: LR: 0.001
2022-08-29 Monday 14:34:15:INFO: {'type': 'metric', 'label': 'training_loss', 'epoch': 10, 'value': 0.10042145630108058, 'sum': 72.70513436198235, 'num_example': 724}
2022-08-29 Monday 14:34:15:INFO: {'type': 'metric', 'label': 'training_dist_target', 'value': (0.06507234415296692, 0.06528148598433858), 'epoch': 10}
2022-08-29 Monday 14:34:15:INFO: {'type': 'metric', 'label': 'training_acc', 'epoch': 10, 'value': 0.9668508287292817, 'num_correct': 700, 'num_example': 724}
2022-08-29 Monday 14:34:15:INFO: {'type': 'metric', 'label': 'training_precision', 'epoch': 10, 'value': 0.9617486596107483, 'positive': 352.0, 'total': 366.0}
2022-08-29 Monday 14:34:15:INFO: {'type': 'metric', 'label': 'training_recall', 'epoch': 10, 'value': 0.9723756909370422, 'positive': 352.0, 'total': 362.0}
2022-08-29 Monday 14:34:15:INFO: {'type': 'metric', 'label': 'validation_loss', 'epoch': 10, 'value': 0.19770056009292603, 'sum': 5.535615682601929, 'num_example': 28}
2022-08-29 Monday 14:34:15:INFO: {'type': 'metric', 'label': 'validation_dist_target', 'value': (0.14298912457057408, 0.13101116248539516), 'epoch': 10}
2022-08-29 Monday 14:34:15:INFO: {'type': 'metric', 'label': 'validation_acc', 'epoch': 10, 'value': 0.9285714285714286, 'num_correct': 26, 'num_example': 28}
2022-08-29 Monday 14:34:15:INFO: {'type': 'metric', 'label': 'validation_precision', 'epoch': 10, 'value': 0.9285714030265808, 'positive': 13.0, 'total': 14.0}
2022-08-29 Monday 14:34:15:INFO: {'type': 'metric', 'label': 'validation_recall', 'epoch': 10, 'value': 0.9285714030265808, 'positive': 13.0, 'total': 14.0}
2022-08-29 Monday 14:34:15:INFO: Epoch: 11
2022-08-29 Monday 14:34:15:INFO: LR: 0.001
2022-08-29 Monday 14:34:17:INFO: {'type': 'metric', 'label': 'training_loss', 'epoch': 11, 'value': 0.07890243750086147, 'sum': 57.1253647506237, 'num_example': 724}
2022-08-29 Monday 14:34:17:INFO: {'type': 'metric', 'label': 'training_dist_target', 'value': (0.044996187831815436, 0.06494924113236739), 'epoch': 11}
2022-08-29 Monday 14:34:17:INFO: {'type': 'metric', 'label': 'training_acc', 'epoch': 11, 'value': 0.9696132596685083, 'num_correct': 702, 'num_example': 724}
2022-08-29 Monday 14:34:17:INFO: {'type': 'metric', 'label': 'training_precision', 'epoch': 11, 'value': 0.9802259802818298, 'positive': 347.0, 'total': 354.0}
2022-08-29 Monday 14:34:17:INFO: {'type': 'metric', 'label': 'training_recall', 'epoch': 11, 'value': 0.958563506603241, 'positive': 347.0, 'total': 362.0}
2022-08-29 Monday 14:34:17:INFO: {'type': 'metric', 'label': 'validation_loss', 'epoch': 11, 'value': 0.23140652477741241, 'sum': 6.479382693767548, 'num_example': 28}
2022-08-29 Monday 14:34:17:INFO: {'type': 'metric', 'label': 'validation_dist_target', 'value': (0.1902867385319301, 0.08300307818821498), 'epoch': 11}
2022-08-29 Monday 14:34:17:INFO: {'type': 'metric', 'label': 'validation_acc', 'epoch': 11, 'value': 0.8571428571428571, 'num_correct': 24, 'num_example': 28}
2022-08-29 Monday 14:34:17:INFO: {'type': 'metric', 'label': 'validation_precision', 'epoch': 11, 'value': 0.8125, 'positive': 13.0, 'total': 16.0}
2022-08-29 Monday 14:34:17:INFO: {'type': 'metric', 'label': 'validation_recall', 'epoch': 11, 'value': 0.9285714030265808, 'positive': 13.0, 'total': 14.0}
2022-08-29 Monday 14:34:17:INFO: Epoch: 12
2022-08-29 Monday 14:34:17:INFO: LR: 0.001
2022-08-29 Monday 14:34:18:INFO: {'type': 'metric', 'label': 'training_loss', 'epoch': 12, 'value': 0.062176832033949005, 'sum': 45.01602639257908, 'num_example': 724}
2022-08-29 Monday 14:34:18:INFO: {'type': 'metric', 'label': 'training_dist_target', 'value': (0.05228650965084687, 0.030147002546826777), 'epoch': 12}
2022-08-29 Monday 14:34:18:INFO: {'type': 'metric', 'label': 'training_acc', 'epoch': 12, 'value': 0.9792817679558011, 'num_correct': 709, 'num_example': 724}
2022-08-29 Monday 14:34:18:INFO: {'type': 'metric', 'label': 'training_precision', 'epoch': 12, 'value': 0.972752034664154, 'positive': 357.0, 'total': 367.0}
2022-08-29 Monday 14:34:18:INFO: {'type': 'metric', 'label': 'training_recall', 'epoch': 12, 'value': 0.9861878156661987, 'positive': 357.0, 'total': 362.0}
2022-08-29 Monday 14:34:18:INFO: {'type': 'metric', 'label': 'validation_loss', 'epoch': 12, 'value': 0.3021883964538574, 'sum': 8.461275100708008, 'num_example': 28}
2022-08-29 Monday 14:34:18:INFO: {'type': 'metric', 'label': 'validation_dist_target', 'value': (0.050796687602996826, 0.20768225193023682), 'epoch': 12}
2022-08-29 Monday 14:34:18:INFO: {'type': 'metric', 'label': 'validation_acc', 'epoch': 12, 'value': 0.8928571428571429, 'num_correct': 25, 'num_example': 28}
2022-08-29 Monday 14:34:18:INFO: {'type': 'metric', 'label': 'validation_precision', 'epoch': 12, 'value': 1.0, 'positive': 11.0, 'total': 11.0}
2022-08-29 Monday 14:34:18:INFO: {'type': 'metric', 'label': 'validation_recall', 'epoch': 12, 'value': 0.7857142686843872, 'positive': 11.0, 'total': 14.0}
2022-08-29 Monday 14:34:18:INFO: Calculating recall rate: sun2011
2022-08-29 Monday 16:29:21:INFO: RR calculation - 500 duplicate reports were processed
2022-08-29 Monday 18:16:17:INFO: RR calculation - 1000 duplicate reports were processed
2022-08-29 Monday 20:05:10:INFO: RR calculation - 1500 duplicate reports were processed
2022-08-29 Monday 21:51:21:INFO: RR calculation - 2000 duplicate reports were processed
2022-08-29 Monday 23:36:42:INFO: RR calculation - 2500 duplicate reports were processed
2022-08-30 Tuesday 01:23:48:INFO: RR calculation - 3000 duplicate reports were processed
2022-08-30 Tuesday 03:09:15:INFO: RR calculation - 3500 duplicate reports were processed
2022-08-30 Tuesday 04:54:36:INFO: RR calculation - 4000 duplicate reports were processed
2022-08-30 Tuesday 06:34:23:INFO: RR calculation - 4500 duplicate reports were processed
2022-08-30 Tuesday 08:13:56:INFO: RR calculation - 5000 duplicate reports were processed
2022-08-30 Tuesday 09:51:02:INFO: RR calculation - 5500 duplicate reports were processed
2022-08-30 Tuesday 11:23:43:INFO: RR calculation - 6000 duplicate reports were processed
2022-08-30 Tuesday 12:07:27:INFO: [] Throughput: 0.08028550700809105 bugs per second (bugs=6229 ,seconds=77585.60955929756)
2022-08-30 Tuesday 12:07:27:INFO: {'type': 'metric', 'label': 'recall_rate', 'k': 1, 'rate': 0.2971584524000642, 'hit': 1851, 'total': 6229, 'epoch': 0}
2022-08-30 Tuesday 12:07:27:INFO: {'type': 'metric', 'label': 'recall_rate', 'k': 2, 'rate': 0.3718092791780382, 'hit': 2316, 'total': 6229, 'epoch': 0}
2022-08-30 Tuesday 12:07:27:INFO: {'type': 'metric', 'label': 'recall_rate', 'k': 3, 'rate': 0.4138706052335848, 'hit': 2578, 'total': 6229, 'epoch': 0}
2022-08-30 Tuesday 12:07:27:INFO: {'type': 'metric', 'label': 'recall_rate', 'k': 4, 'rate': 0.44276769947021993, 'hit': 2758, 'total': 6229, 'epoch': 0}
2022-08-30 Tuesday 12:07:27:INFO: {'type': 'metric', 'label': 'recall_rate', 'k': 5, 'rate': 0.4708620966447263, 'hit': 2933, 'total': 6229, 'epoch': 0}
2022-08-30 Tuesday 12:07:27:INFO: {'type': 'metric', 'label': 'recall_rate', 'k': 6, 'rate': 0.48755819553700436, 'hit': 3037, 'total': 6229, 'epoch': 0}
2022-08-30 Tuesday 12:07:27:INFO: {'type': 'metric', 'label': 'recall_rate', 'k': 7, 'rate': 0.5018462032428961, 'hit': 3126, 'total': 6229, 'epoch': 0}
2022-08-30 Tuesday 12:07:27:INFO: {'type': 'metric', 'label': 'recall_rate', 'k': 8, 'rate': 0.5150104350618077, 'hit': 3208, 'total': 6229, 'epoch': 0}
2022-08-30 Tuesday 12:07:27:INFO: {'type': 'metric', 'label': 'recall_rate', 'k': 9, 'rate': 0.5252849574570557, 'hit': 3272, 'total': 6229, 'epoch': 0}
2022-08-30 Tuesday 12:07:27:INFO: {'type': 'metric', 'label': 'recall_rate', 'k': 10, 'rate': 0.535398940439878, 'hit': 3335, 'total': 6229, 'epoch': 0}
2022-08-30 Tuesday 12:07:27:INFO: {'type': 'metric', 'label': 'recall_rate', 'k': 11, 'rate': 0.5434259110611656, 'hit': 3385, 'total': 6229, 'epoch': 0}
2022-08-30 Tuesday 12:07:27:INFO: {'type': 'metric', 'label': 'recall_rate', 'k': 12, 'rate': 0.5506501846203243, 'hit': 3430, 'total': 6229, 'epoch': 0}
2022-08-30 Tuesday 12:07:27:INFO: {'type': 'metric', 'label': 'recall_rate', 'k': 13, 'rate': 0.5575533793546316, 'hit': 3473, 'total': 6229, 'epoch': 0}
2022-08-30 Tuesday 12:07:27:INFO: {'type': 'metric', 'label': 'recall_rate', 'k': 14, 'rate': 0.5638144164392358, 'hit': 3512, 'total': 6229, 'epoch': 0}
2022-08-30 Tuesday 12:07:27:INFO: {'type': 'metric', 'label': 'recall_rate', 'k': 15, 'rate': 0.5692727564617114, 'hit': 3546, 'total': 6229, 'epoch': 0}
2022-08-30 Tuesday 12:07:27:INFO: {'type': 'metric', 'label': 'recall_rate', 'k': 16, 'rate': 0.5742494782469096, 'hit': 3577, 'total': 6229, 'epoch': 0}
2022-08-30 Tuesday 12:07:27:INFO: {'type': 'metric', 'label': 'recall_rate', 'k': 17, 'rate': 0.5806710547439397, 'hit': 3617, 'total': 6229, 'epoch': 0}
2022-08-30 Tuesday 12:07:27:INFO: {'type': 'metric', 'label': 'recall_rate', 'k': 18, 'rate': 0.5843634612297319, 'hit': 3640, 'total': 6229, 'epoch': 0}
2022-08-30 Tuesday 12:07:27:INFO: {'type': 'metric', 'label': 'recall_rate', 'k': 19, 'rate': 0.5898218012522074, 'hit': 3674, 'total': 6229, 'epoch': 0}
2022-08-30 Tuesday 12:07:27:INFO: {'type': 'metric', 'label': 'recall_rate', 'k': 20, 'rate': 0.5956012200995344, 'hit': 3710, 'total': 6229, 'epoch': 0}
2022-08-30 Tuesday 12:07:27:INFO: {'type': 'metric', 'label': 'MAP', 'value': 0.3775755006796793, 'sum': 2351.9177937337226, 'total': 6229, 'epoch': 0}
2022-08-30 Tuesday 12:07:27:INFO: [33, 433, 44, 1, 7, 1, 1, 1, 1, 723, 1, 1, 1737, 1, 2, 3, 1, 3, inf, 1, 10, 9304, 744, 12, 100, 173, 1204, 4, 13142, 8974, 20, 37, 2, 3, inf, 31, 1, inf, 1, 1, 1, 1, 3, 19, 3, 1, 2093, 1, 2, 4, 1, 65, 42933, 1, 3, 40, 2, 1, 160, 1, 1, 110, 296, inf, 3, 7, inf, 70, 1154, 59, 1, 128, 18106, 28, 56, 9, 61, 65, 8, 1, 157, 10, 55, 1, 296, 1, 1, 25, 86, 25117, 6, 934, 3, 4, 629, 2, 8, 1, 1, 11446, 8, 52, 52031, 14177, 1465, 26, 1, 56, 238, 718, 3, 295, 3710, inf, 1, 1, 1, 1, 1, 1, 1, 1, 388, 1, 1, 1, 1, 1, 419, 1, 104, 5, 13, 20, 483, 78, 2, 4, 4, 1, 1, 406, 46, 6, 6, 1, 1, 1, 22, inf, inf, 568, 53, 57, 9, 9, 166, 1, 1431, 142, 1, 183, 1, 2044, 10, 1, 5, 429, 2, 7, 19, 9, 1, 5, inf, 3, 1, 1, 3, 103, 1, 1, 1, 1252, 2, 31, 91, 2, 6, 1, 4, 6, 12, 225, 1230, 5, 1, 2, 2, 1183, 1, 442, 4, 4, 680, 1, 2, 967, 1, 12, 4, 1, 3, 73, inf, 5, 6, 13202, 15, 5, 1, 1, 666, 1, 1, 20, 1266, 17, 1, 3010, 8, inf, 1, 2, 1, 1, 25, 1248, inf, 13, 1, 1, 2, 7, 3470, 1, 84, 15, 1, 1, 1, 35023, 1, 1, 1, 1, inf, 25, inf, 1, inf, 13, 5, 2, 8, 1, 10207, 1, inf, 52782, 5, 15, 43, 2, 1, 7397, 63, 4, 17425, 1, 10, 6, 1, 34, 2, 2, 1, 1, 1, 1, 778, 545, 2, 2, 4503, 3469, 1, 1501, 1, 36595, 10, 1, 11, 3, 4, 693, 798, 3, 1, 7, 91, 5174, 3, 2, 51962, 1, 1, 1, 1, 1, 2, 1, 1, 1, 7, 8288, 5, 12056, 115, 95, 1863, 1, 1, 13, 1, 3, 1, 7, 12, 5, 2409, 3, 2, 10, 11463, 1, 503, inf, 36307, 1, 8355, 7, 1, 169, 50, 177, 97, 75, 3, 1, 10, 42, 28, 1039, 46, 62, 2, 1, 4, 87, 1, 1, 2, 2, 2, 4, 171, 78, 4, 1, 1, 4, 1, 1, 6198, 188, 1319, 1, 100, 1, 654, 28, 140, 2, 100, 13, 9, 3, inf, 334, 1, 1, 2674, 7486, 1577, 884, 108, 13, 2, 1, 4577, inf, 2, 7474, 2, 1, 13, 1, 18, 5, 18, 677, 1, 1, 1, 1, 54, 1, 1, 1, 44, 1, 208, 403, 1, 1, 1, 499, 35, 1, 13, 2, 667, 235, 3, 63, 23, 1, 1249, 49, 1, 1579, 1, 5, 2, 4, 6, 114, 1, 45, 1, 393, 10, 124, 1, 576, 8, 108, 1, 2630, 5, 6357, 1, 1, inf, 5, 5, inf, 10, 1, 1, 1553, 45, 33, 3, 1, 6872, 1, 1, 2, 2502, 143, 1688, 132, 457, 8, 699, 7, 1, 10814, 949, 1, 1, 700, 11, 294, 5, 1, 22, 2, 2, 6, 19, 1, 1, inf, 1, 3, 1, 1, 107, 16, 415, inf, 381, 1, 14, 4, 1, 3, 1, 1, 1, 3, 1, 286, 1, 3, 3, 2668, 33, 9, 14, 5, 171, 31, 4, 78, 5, 1, inf, 252, 1, 1, 159, 14019, 15, 1, 9, 19, 1, 6, 1, 8254, 59, 9, 95, 5, 1, 35231, 1119, 1, 1, 11, 2, 2, inf, 1471, 39, 82, 2, inf, inf, 7, 1463, 31, 48, 1, 5, 6992, 1, inf, inf, 1, 2, 1, 51, 317, 4, 8215, 1, 2, 1, 268, 16, 59, 3, 82, 1, 12060, 15, 3, 80, 201, 1, 26, 350, 203, 267, 1028, 1, 1, 1, 1, 6, 104, 234, 1, 160, inf, 1531, 1, 1099, 2, 45, 200, inf, 4, 30, 291, 1, 1, inf, 1, 2855, inf, 1, 39, 1821, 5, 2, 2, inf, inf, 445, 1, 36, 28, 1, 1, 2, 29, 1, 16, 214, 2, 4, 1, 9, 8, 39, 236, 9, 702, 36, 1, inf, 2, inf, 8, 145, 12, 1076, 7, 65, 1370, 161, 1, 1, 34, 1, 217, 1, 53, 2, 1, 40, 34, 72, 527, 8, 2, 35170, 52, 40081, 104, 1, 1, 162, 3, 3, 311, 3091, 27, 3, 318, 1, 5, 4, 489, 7, 24, 25, 3, 49, 1572, 145, 474, 5, 60, 155, 1, 30, 10522, 3, 17666, 1, 3, 10738, 39, 1, inf, 8, 10810, 875, 1, inf, 1, 3404, 4, 29, 1041, 1, 5, 1, 1, 3, 11297, 9, inf, inf, 31, 1, 1, 19, 2, 1, 3789, 1, 225, 1, 49, 10754, 353, 20, 33, 91, 2, inf, 1, 1, 4, 10328, 1, 2419, 1, 29, 68, 4, 1, inf, 8, 1, 1103, 1399, 106, 95, 1, 23, 2, 4, 5, 53, 25, 5, 266, 3, 6996, 1, 1, 3, 5, 883, 1, 2, 1, 1573, 140, 3, 8, 1248, 8, 1597, 242, inf, 719, 1, 1, 18, 484, 1, 2109, 1, 13, 1, inf, 1, 3620, 102, 5989, 376, 25, 15, 3, 1, 2, 1, 3, 12, 16, 21, 4, 3, 1, 3, 23, 1, 9052, 1, 3, 37, 5, 2, 5, 19367, 14418, 280, 683, 149, 1, 2, 1, 11, 1, 11, inf, 108, 1, 48, 118, 106, 1, 3, 1, 32, 1, 1, 120, 6796, 1152, 1, 1618, 2, 35, 1, 2, 671, 10, 6, inf, 1, 51, 1, 1, inf, 658, 75, 189, 2, 8, 11, 193, 1, 7805, 22, inf, 1, 5767, 273, 682, 1, 1, 1, 3, 2493, 8, 4, 2, 2, 5281, 1, 638, 939, 34885, 3, 6, 1125, 2, 38, 2, 2, 3, 2918, inf, 3, 1, 3, 110, 13, 1, 1, inf, 261, 2, 22, 21671, 1, 4, inf, 32, 1, 2, 5, 89, 69, 1, 1, 285, 1, 2352, 362, 1, inf, 1, 1, 6, 7, 3, 2, 4, 147, 374, 33, 1, 1, 2, inf, 32, 10, 1, 1, 763, 2, inf, 66, 4, 1, 13, 45, 45, 17004, 1, 6, 120, 409, 1, 1, 72, 1, 196, 2, 1, 37, 363, 4, 1, 1, 3, 78, 513, 6, 14180, 1, 1, 481, 1, 1, 4, inf, 307, 5, 1, inf, 1, inf, 1, 3, 1, 1, 8, 2, inf, 305, inf, 1, 1, 3, 7, 1, 30, 1, 493, 13, 5, 1, 2, 1, 8, 20, 1, 138, 38, 12, 496, 1, 17, 5, 6163, 1, 1, 21, 20, 287, 2, 30452, 3, inf, inf, 1, 2, inf, 3, 41, 681, 1, 46, 2, 36, 51, inf, 1, 1, 324, 40, 5, 12, 347, 2306, 1, 2, 19, 3881, 1, 1, 2430, inf, 1, 2, 687, 6, 1, 9, inf, 49748, 1, 1, 4399, inf, 173, 60, 2, 22, 1195, 1522, 8, 5222, 4, inf, 2, 3, inf, 50, 1854, 149, 31671, 4767, 3, 5, 432, 31, 1, 20, 13659, 48, 16, 1, 2, inf, 198, 1, 1, 101, 1, 1, 2, 1425, 1, 5068, 1, 2, 11, 1053, 84, 419, inf, 10, 64, 1, 9, inf, inf, 3, 1, 1, 17, 19239, 19, 4, 1165, 40, 1, 6, 40, 1, 1, 124, 52, 1, 42, 1, 2, 1, 1, 29, 10059, 37, 3592, 1, 3, 1, 542, 3, 1, 1, 3, 1, 8363, 42, 56, 8, 1, 4498, 1, 190, 303, 5, 10, 14346, 1, 9, 1, 48, 106, 1, 10, 2, 3, 11, 476, 1, 2, 1, 535, 1, 2, 55, inf, 3, 8, 2, 51083, 14, 14, 2, 1, 1, 179, 1, 1746, 2, 45, 6, 25, 12, 3, 1, 1, 22876, 8, 9638, 1, 15891, 59, 6, 62, 593, 245, 5, 1, 1, 1, 1, 89, 2, 17, 17, 25, 9, 783, 3, 1, 2, 2, 6, 1, 9, 3, 1, 2622, 9, 3, 140, 709, 2, 1, 22879, 3, 204, 2, 8, 1, 37, 2, 1542, 2, 52, 9208, 1, 1, 2, 2263, 1712, 31, 180, 1, 1, 1, 1, 3202, 1, 1, 335, 1, 2, 16, 1, 1, 1, 1, 1, 10004, 1, 312, 2, inf, 2910, 2, 33, 1, 93, 7, 104, 17, 4, 1, 291, 1, 4, 1, 29942, 6, 3, 3, 961, 430, 1, 1555, 2, 2, 6, 4, 2, 1, 1958, inf, 46719, 327, 3, 39, 138, 47, 9, 1, 29, 20, 1, 3, 5, 1, 102, 1, 1, 1, inf, 721, 2, inf, 46, 1, 15, inf, 1, 1, 89, 954, 2, 32, 1, 6, inf, 1, 10, 6404, 3, 5, 1196, 1, 328, 1, 1, 142, 3, 2, 1, 42, 28, 75, 1, 1, 3, 190, 20, inf, inf, 26, 1, 13117, 15656, 8077, 1, 58, 2, 2, 1, 5, 13, inf, 1, 1, 2, 5054, 1, 60, 107, 1, 1, 1, 5, 112, 330, 2, inf, 1, 3, 1, 1, 12, 1, 1, 1, 16, 4, inf, 28625, 37, 24321, 315, 396, 32, 1, 48, 1, 1, 48, inf, 4, 1, inf, 1, 198, 2990, 3, 79, 1, 9258, 99, 790, 32, 1, 46189, inf, 188, 1, 19, 2, 1, 3, 2, 1, inf, 1, 1, 173, inf, inf, 1, 4, 4, 2840, 1, 1, 2, inf, 469, 14, 1, 7770, 8405, 3, 1, 373, 2, 2, 5, 4257, 2, 68, 79, 6, 1, 3, 23, 1, 1254, 1, 226, 432, 596, 1, 18, 1237, 1, 1, 1, 1, 1, 8572, 1, 1, 1, 1, 2790, 1, 11, 2, 3, 217, 3, 23, 686, 51, 1, 1, 1, 1, 1, 1, 1383, 1, 1, 1, 1, 1, 3, 1, 2, 3, 1, 41, 7214, 3, inf, 1, 14, 1, inf, 4778, 1458, 87, 50, 28, 6, 50, 34, 6, 19135, 4, 15341, 196, 38907, 1, inf, 1, 2748, 3, 37, 36, 1, 1, 1, 1, 1, 1, 1, 1, 2, 3, 1, 2, 8, 18, 4, 44, 2, 1, 2, 25871, 140, 4, 56, 1, 6, 1, 2895, 18942, 1, 1, 1, 1, 6, 2, 1, 1, 8, 4, 1, 1, 5, 17, inf, 7, 3, 3963, 2262, 98, 769, inf, inf, 14, 2, 230, inf, 1, 20, 1, 1, 1, 515, 46, 1, 29, 1852, 10, 120, inf, 19, 7, 142, 55, 293, 27, 1, 22, 2, 1, 12, 68, 1, 1, 2, 2044, 1, 143, 50, 1, 369, 12, 206, inf, 1, 527, 1, 4, 5, 389, 5, 76, 1, 137, 10, 4, 4, 1, 2, 5, inf, 6, 104, 56, 53, 1, 694, 234, 723, 1, 1, 403, 4, 32, 38, 24, 1, 873, 1, 10, 7262, 1, inf, 374, 767, 8, 1, 1937, 50, 447, 1087, 146, 1011, 103, 3, 41, 8, 1, 1, 1460, 117, 3, 2, inf, 3, 15, 2, 2, 1, 144, 8, 8423, 107, 114, 1, 151, 1, 15, 1, 1, 98, 1, 32, 2, 1, 85, 2, inf, 7, 39, 1, 22, 5, 5, 745, 1, 33, 57, 10, 168, 9, 2, 10, 1, 3, 2, 7, 1, 7, 245, 82, 2, 983, 1161, 19, 156, 1, 1, 1, 2, 148, 1, 1, 1, 8, 445, 220, 1, 94, 1, 6, 1, 205, 1, 1, 387, 239, 1, 43, 1, 1, 10036, 1, 301, 434, 283, 1, 1, 2, 4, 39, 45, 504, 1, 17, 3, 6088, 7, 1, 1, 2, 4576, 14, 1, 32, 2, 70, 8, 21, 20, 1, 1, inf, 94, 2085, 1, 1, 11952, 1494, 7, 1, 206, 2, 1, 3, 1, 877, 290, 9, 73, 1, 1, 1, 2, 1, 1, 1, 30, 11, 2, 6499, 2, 1, 1, 13, 11, 40, 1, 1, 12, 45, 1, inf, 40, 2291, 34, 20, 15658, 4, 4, 1, 8, 55, 10, 1954, 1, 10, 18, 36, inf, 1, 6, 577, 9, 128, 161, 1, 1, 53, 49, 1808, 45, 91, 6705, 29, 8, 10, 1, 119, 24, 1, 1, 1, 1, 24, 10, 62, 457, 1, 3615, 1, 11, 63, inf, 14, 113, 2, 2, 2, 55, 1, 1, 1, 247, 5630, 83, 1, 23, 1, 1, 32, 233, 2, inf, 276, 1, 1, 1, 1, 1, 708, 3, 28, 1, 1, 15, 1179, 85, 1, 168, 2, 1, 6, 62, 13482, 234, 2181, 1, 1, 6137, 1, 214, 59, 1, 9, 1, 59, 15, inf, 945, 2, 1648, 174, 29, 4, 22, 1, 32, inf, 546, 2, 9, inf, 3, 30, 10884, 290, 36, 1, 1, 1, inf, 1, 30, 239, 12296, 1, 11, 1, 1, 1388, 1, 1953, 34, 8, 1, 99, 1, 1, 1, 4, 1, 599, 25, 1, 13768, 19, 3, 712, 1, 1, 2, 4, 14, 2, 1, 25, 1201, 2, 6158, 2, 3, 4, 6, 1, 4870, inf, 241, 2, 3774, inf, 1, 1103, 1, 1, 1, 2, 36, inf, 19, 5, 602, 1, inf, 1, 1471, 1, 1, 1, 2, 855, 142, 1, 3510, 36, 1987, 3000, inf, 4, 13, 1, 1, inf, 1, 3, 1, 1325, 179, 8, 1, 1382, 1, 117, inf, inf, 4508, 2, 4, 7, 1, 2721, 2, inf, 1, 30, 9, 2, 1, 2, 1, 134, 76, 11, 1, 100, 4, 6, 146, 211, 4, 103, 166, 17, inf, 1, 57, 1, 1, inf, 3388, 1, 1, 592, inf, 1, 2, 3, 1, 1, 1, 5947, 1, 2, 4, 9, 5, inf, 11, 1, 1, 46821, inf, 46, 941, 1, 51, 5, inf, 11, 5408, 6, 11, 1, 50, 19, 12, 1, 1, 451, 1986, 2, 91, 2, 1, 1, 1057, 19086, inf, inf, 72, 24, 61, 2, 1, 1, inf, 2, 1, 33661, 3, 2, 3389, 1, 1, 2, 239, 684, 30, 2, 278, 2, 16, 7, 1, 5, 1, 10, 34, 1, 1, 1, 18, 4, 1, 5197, 5316, 2, 3, 3, 105, 5, 1, 49, 55842, 3, 719, 1328, 42, 15, inf, 2, 328, 1, 1, inf, inf, 1060, 21, 6, 12, 1, 5699, 2, 2605, 15, 1, 8922, 14, 7, 3, 3340, 1, 14981, 1, 13, 1, 1, 1, 1, inf, 1, 1, 5, 1, 1, 153, inf, 44, 1, 3350, 5, 24302, 46, 26, 1, 1, 1, 1, 60, 1, 134, 1, 1, 2, 1, inf, 1654, inf, 1, 4, 2, 18224, 1, 3, 1, 4, 1, 1, 2, 6, inf, 3, 45, 1, 2, inf, 314, 14, inf, 51296, 7, 2, 3739, 15, 1, 1, 1, 10, 1, 1, inf, 1, 164, 1904, 5, inf, 11, 116, 14304, 1, inf, 5, 264, 1, 2, 1, 369, 29, inf, 1, 1, 3, 1, 5308, inf, 49, inf, 744, 1, 609, 1, 112, 1, 3, 3, 2737, 48286, 9352, 1, 1, 1, 11991, 1, inf, 1, inf, 1, 13, 1, 1, 279, 1232, 1, inf, 3, 83, 1, 1, 837, 3460, 1, 128, 190, 5, 6, 2, 4, 30, 1, 1, 1, 1, 1, 1, 1, 1, 453, 1, 1, 1, 2, 806, 3, inf, 13, 1, inf, inf, 1548, 431, 19201, 23, 1, 1, 1, 7, 3, 1, 2, 6, 1, 1, 1, 1, 1, inf, 447, 85, 3, 6, 10146, 3, 112, 2, 6, inf, 1, 5, 1, 2, 2313, 16, 41, 1, 1, 1, 5, 1, 4, 938, 1, 458, 451, 1, 7, 4212, 77, 1, 1, 4, 1226, inf, 8, 641, 1, 1, inf, 76, 470, 254, 1, 4345, 63, 2, 2, 1, 1, 39, 5, 23, 1, 1, 2770, 1, 20, 65, 29, 2, 1, 214, 4131, 3, 40, 34, 11161, 1, 1, 8, 17, 2, 9, 186, 50116, inf, 145, 4637, 185, 1, 4, 7, 21133, 20755, 9230, 4, 1249, 1, 36, 515, inf, 1, 3968, 1, 1, 3, 4665, 69, 93, 189, 1, 28, 9757, 7674, 6, 21, 1, 1, 21, 22, 24, 3, 27, 5602, 609, 1, 96, 1, 1, 1, 1, 1, 6, 1, 1, 2, 1, 2, 57, 3, 1722, 16, 2, 1, 2, inf, 113, 1, 1, 1, 1, inf, 3292, 12021, 4, 1, inf, inf, 2083, 2, inf, 1, 1, 1, 6, 3, 433, 199, 91, 1, 161, 523, 552, 1, 59, 19, inf, 7, 7, 29, inf, 1, inf, 2, 2, 6, 2, 4, 22, 36, 460, 19, 2, 2, 7072, 1, 1, 297, 5, 4092, 3248, 3, 20, 2, 6, 2, 5, 41, 117, 16518, 159, 1, 428, 3414, 1, 8, 5, 198, inf, 12613, 1, 744, 213, 10, 1, 1, 263, 13, 5, 22497, 1, 106, 2, 1, 3643, 59, 2410, 7, 1, 1, 1, 1, 1, 121, 7, 1, 1, 4, 1, 95, 1, 1, 11, 1, 1, 1, 1, 19778, 14, 3, 126, 30, 1, 1, 1, 2, 91, 1, 5, 39, 2, 2, 1, 161, 112, 32, 8, 1, 1, 7, inf, 7434, 2, 1, 1, 11, 1, 34, 1, 2, 285, 3, 1, 2, inf, 4, 1, 530, 1561, 14, 4, 1, 1, 266, 62, 1, 9, 88, 5, 5, 5, 1, 3, 1, 3, 1, 3979, inf, 349, inf, 2, inf, 1, 8, 1, 1, 14, 38, 1, 1, 1, 1, 1, 1, 7, 20, 1, 1, 240, 726, 2182, 4, 5, 1, 2, 135, 1050, inf, 1, 1, 100, inf, 3, 715, 1, 1, 9, 45, 14, 1, 5829, 107, 1, 1, 88, 32, 197, 1, inf, 2, 2633, 1215, 876, 35, 3, 1, inf, 1, 1, 1, 5, 96, 1, 8, 5, 2724, 1, 2, 2, 200, 1, 3, 4, 12792, 11, 491, 1, 2, 12, 1, 737, 1, 412, 7603, 92, 98, 4, 2, 1, 623, 138, 73, 2, 1, 17, 1, 3, inf, 1, 10, 15, 1, 335, 44, 52740, 1153, 27491, 1, 1, 15, 70, 45385, 1, 6816, 175, 133, inf, 1, 1, 45, 1, 170, 689, 114, 4, 1, 1, 1, 2, 25692, 187, 1, 1, 3569, 49, 1, 355, 1, inf, 2, 3, 2, 1, 1, 2, 397, 2622, inf, 65, 91, 12, 1, 570, 720, 1013, 29, 1, 1768, 1, 14, 8, 3, 1, 7, 4, 11, 8, 58, 237, 15741, 1, 351, 1565, 936, 444, 1, 1, 5, 71, 612, 1, 1, 1, 6, 318, 1, 1, 3, 1, 69, 2, 9, 125, 1, 237, 17, 5, 1, 5, inf, 1, 27, 75, 1, 25814, 1, 49, 1, 2, inf, inf, 1, 19898, 237, 1, 1, 1, 1, 1, 1, inf, 14, 1, 1, 43, 1, 180, 1, 315, 1, 282, 6, 1, 1, 2, 2, 249, 5, 21, inf, 3139, 5, 3, 1, 20, 3, 8, 34, 1817, 1, 2, 2261, inf, 17, inf, 3188, 19, 2, 1, 49748, 157, 3, 1, inf, 1, 1, 1, 1, 10917, 7, 1, inf, 1, 6, 4885, 11, 2216, 16, 360, 21275, 1, 1, 98, 630, 1, 52139, 703, 4, 1, 1, 16, 2, 1, 1, 1, 1, 2, 1, 1, 1, 12, 30, 1560, 4, 2, 12, 71, 10, 40, 1, 1, 3634, 11, 66, 2, 262, 107, 1, 1, 8, 17, inf, 3, 54, 2, 1, 1, 1, 2, 7, 3, 19, 87, inf, 9953, 2320, inf, 1, 147, 1, 4, 1100, 30355, 3, 1027, 1433, 8, 2227, 7, 1, 675, 1, 6, 1, 3, 50, 32216, inf, 7, 2, 626, 230, 20848, 5, 12, 7609, 1, 1, 2246, 1787, 997, 2668, 48, 1, 31, 1, 2, 14, 870, inf, 9, 1, 623, 1, inf, 5, 224, 1513, 1, 25378, 343, 341, 32795, 1, 2, 1, 9, 12, 1, 1, 6, 5, 3084, 1, 1, 760, 712, 1, 1, 1, 8, inf, 2, 1, 8, 1, 1935, 2, 4, inf, 75, 4279, 9, 1, 4, 2, 5, 95, 11, 3, 35, 1, 100, 3, 1, 4, 1221, 14, 2, 1, 2, 1, 1, 1, 2, 1, 2, 1, 1, 1, 1, 511, 4, 58169, 3, 1, 13, 2, 1, 512, 61, 3, 5, 564, 527, 1, inf, inf, 26, 3, inf, 1, 13, 17, 2352, 126, 1, 1, 118, 2, inf, 1, 2, 1, 9, 1321, 1, 50073, 1, 1, 1, 201, 1, 159, 1, 1, 13, 1, 9, 1692, inf, 2, 1, 59, 16, 1, 6, 1, 10, 1, 1, 880, 57, 45, 382, inf, 148, 1, 29, 1, inf, 252, 72, 4, 1, 14018, 1, 2, 6048, 20, inf, 2, 23, 1, 29, 2, 836, 105, 2590, 717, 1, 1, 2, 1, 1, 4, 1119, 2, 5940, 7, 4, 12, 39, 2, 9, 407, 42, 23, 1, 1, 1, 1, 63, inf, 1, 31, 94, inf, 1, 1, 35, inf, 1, inf, 1579, 7, 4651, 8, 1185, 1, 1, 1, 1, 1, 1, 2949, 2, 74, 2495, 1, 14, 3, 232, 1284, 26, 1, 5, 17, 1, 1, 1, 2, 4, 70, 13, 92, 153, 1248, 1, 10, 1, 6, inf, 1, 36, 8, 7, 3, 47, 7, 183, 1, 261, 24, 1, 3, 2, 1, 1, inf, inf, 7, 1, 350, 329, inf, 5884, 4, 1, 2, 2, 35, 1, 2, 1036, 65, 1, 4, 1, 116, 5, 1275, 361, 1, inf, 1, 4, 5731, 2, 11, 57, 7, 15480, 2, inf, 671, 1664, 267, 1, 2, 1, 31, 1, 2, 4628, 12, 1, 4, 1, 1, 7, 6, 4, 4, 2, 226, 380, 12, 19, 47, 210, 10, 7, 1, 2, 10, 1, 1, 1, 4, 46, 15, 1, 1, 75, 26, 1, 1, 40811, 1, 1, 1, 50, 20, 19, 362, 3, 1, 5, 1, 5, 11, 160, 1, 1, 1847, 1, 1, 21270, 65, 23675, 30, 1, 1, 512, 1, 1, 1, 12440, 1, 3, 1, 75, 118, 162, 1, 1, 4, 289, 144, 1, 1, 1, 4490, 3, 13, 338, 1, 10, 3519, 39, 1, 1, 1, 500, 13541, 1, 1, 5087, 5, 1, 24205, 4671, 11, 10, 5924, 1, 1, 4, 1, 1, 10, 15, 5, 1, 32, 1, 1, inf, 1, 18, 2250, 1, 1, 4657, 5, 7, 11, 4, 1, 4, 8, 1, 1, 21, 88, 1, 58, 1, 2, 17, 16, 74, 2, 160, 6, 1, 42, 14, 34, 5, 1, 39, 4, 20, 2, 1, 25, 24, 1, 7538, inf, 317, 9, 1414, inf, 1, 7460, 1, 911, 3, 153, 542, 1, 18, inf, 17, 58, 1, 1, 86, 9, 5, 62, 57, 1, 121, 537, 191, 4, 4, 139, 2, 58, 2, 1, 47, 79, 304, 5, 9102, inf, 1199, 7, 30, 114, 10, 5, 25, 2, 2, 1, 1, 3, 1, 1, 1, 1, 1, 17, 9, 204, 2, 1, 6, 1793, 404, 6444, 21, 2345, 47, 1, 7, 1, 1, 555, 4634, 3755, 3, 67, 1199, 1, 10498, 234, 124, 53, 67, 1, 1, 14, 1, 137, 1, 20, 1, 1, 1, inf, 1, inf, 4, 2, 1, 1, 10, 1, 4, 2, 92, 16, 2, 277, 2, 1, 35, 6, 1, 1, 1, 1, 108, 1, 1, inf, 1, 2, 1, 1, 1, 24, inf, 1, 519, 3, 1, 1, 607, 34, 1, 20, 391, 34, 16, 5, 767, 2, 8379, 1, 882, inf, 9, 18, inf, inf, 2, 4, 9, 1, 366, 44, 1, 7, 5, inf, 1, 1, 80, 9, 3, 39, 21, 1, 2, 4, 24, 60, 4, 3, 55, 9, 5, 483, inf, 2, 8, 1, 1, 28, 167, 1, 73, 394, 732, 16579, 1, 1, 1, 16, 52, 1, inf, 79, 2, 113, 6, 1, 5, 170, 1, 375, 1, 10, 28, 7, 7, 2431, 2, 2, 96, 14, 26984, 2, 810, 2, 1, 2649, 12, 12, 4320, 22, 522, 6, 9, inf, 1, 12, 274, 14, 121, 25, 1, 9, 1, 8, 38, 1, 131, 1, 41, 163, 49, 1, 1, 1, 69, 1, 1, 7, 636, 1, 2, 1, 626, 1, 1, 31, 2921, 1, 5010, 4, 84, 1, 1, 1, 6, 1, 14, 5, 123, 3210, 17, 119, 422, 20, 9, 1, 75, 2, 3, 89, 70, 126, 3, 990, 3, 18, 3, 30, 41, 7, 7717, 1, 3, 1, 2, 6, 2, 2939, 37, 77, inf, 4, 9, 1239, 99, 487, 2, 1, 2, 192, 1, 5, 52, 1, 50500, 11, 33, 1672, 6776, 1, inf, 1, 255, 4, 7, inf, 6, 404, 1, 9, 1731, 1870, 457, 1, 6834, 5, 1, 1057, 2, 2520, 1, 227, 1, 1, 1, 1, 1254, 1, 23, 1559, 5035, 160, 2, 1, 6, 3, 3689, 1, 22458, 1, 13, 1, 1, 1, 78, 1, 47188, 530, 250, 4923, 1, 2935, 1, 3, 7, 23, 86, 1925, 2, 11, 8, 17234, 189, 411, inf, 1, 1, 1849, 19, 121, 1, 1, 8, 1, 1, 724, 1, 20934, 5, 1, 7723, 81, 1, 5, 1, 1, 1, 1, 63, 1, 117, 862, 8, 2, 1, 39, 1, 180, 965, 126, 1, inf, 3, 9, 27, 27, 5, 11, 1, 5, 19, 1, 3, 2, 15, 8058, 6, 4, 90, 1, 1, inf, 1, 1361, 556, 3, 1, 3863, 2, 1, 1, 3785, 11, 4, 2, 13, 3, 2, 1, 1, 45, 1, 469, 12, inf, 48287, 1, 4883, 1, 1, 1843, 98, 46, 1, inf, 1004, 23193, 1, 1, 49, 1364, 1, 5, 1, 1, 2, 1, 3, 39, 3, 1, inf, 777, 283, 10747, 1, inf, 14, 1, 17, 3, inf, 2, 445, 59, 51, 1, 2, 3, 38, 4, inf, 13, 1, 72, 4288, 1, 840, 8, 1, 5, 2, 43, 13, 1, 1, inf, 57, 1, 1, 19, 1, 4, 4079, 2, 1, 50, 11, 22, inf, 2, 1, 3164, 2, 1, 1, 1, 15, 4017, 8, 137, 3, 75, 106, 12, 2, 86, 1, 1, 1, 89, 7794, 120, 3, 1, 6, 150, 20, 30, 6, 1559, 65, 15, 1, 70, inf, 2, 30, 1, 1, 4807, 32, 1, 57, 2, 328, 543, 106, 2136, 3, 2, 45, 40, 2, 242, 119, 98, 1, 3, 1, 774, 159, 1, 1, 2, 85, 175, 1, inf, 46, 2, 1, 46477, 1, 1, 960, 16, 41, 887, 69, 1138, 2, 1, 1, 46, 9, 1, 11, 3, 127, 7080, 1, 3, 1048, 150, 3565, 1, 416, 3, 1, 82, 7, 2, 3, 37, 1, inf, 255, 1, 2, 1, 35, 1, 1, 1, 5280, 37, 130, 1, 3, 1, 17, 407, 688, 119, 1, 2034, 1, 6, inf, 2, 11, 1, 27, 2, 1, 2, 31, 2, 5, 1, 135, 64, 67, 116, 3, 2, 31, 1, 1, 1, 174, 1, 1, 48, 1, 851, 412, 7, inf, 1, 5, 20, 2, 64, 2, 3, 1784, 6, 169, 16, 6, 1, 2, 51, 5, 4, 1, 1, 48, 27, 4, 89, 157, 277, 1, 1, 3, 17, 3, 91, 37, 113, 1, 12, 1, 1, 1, 2, 4, 1, 1651, 2, 8, 153, 129, 2, 1, 418, 1, inf, 1, 4108, 1, 159, 8, 6944, 17, 7, 4, 1, 1, 27, 4, 14, 131, 5, 7, 3, 1, 1, 3, 1, 1, inf, 13082, 1, 1093, 2, 1094, 842, 1, inf, inf, 2, 1, inf, 1, 2, 326, 3, 1, 17, 46, 5, 2, 47, 2, inf, 1, 2, 39, 8, 47545, 47, 1998, 147, 6, 1178, 7, 5, 338, 19, 1, 24, 40, 1, 25, 676, 8, 1, 1, 166, 1, 253, 4, 127, 1, 10, 2, 24, 1, 3, 1, 1, 1, 2, 2, 1, 1, 10, 1, 350, 1, 13, 77, 236, 7330, 1, 55, 3129, 1, 1, 51, 1, 314, 2, inf, 1, 1, 1, 2, 156, 50542, 7, 1, 703, 1, 1, 72, 118, inf, 24, 18098, 36, 8, 4, 8, 1, 2, 474, 1, 4, 46, 22, 1, inf, 8, 1, 206, 4, 4, 19, 1, 1, 943, 24, 4, 24, 24, 2, 6, 1753, 16, 73, 3, 7, 10200, 1, 3, 2, 1, 3887, 24, 5, 1110, 1, 1, 188, 1, 17, 2, 3, inf, 1221, 14, 3, 5, 7, 1, 9, 52, 2, 257, 283, 5, 2, 13, 18, 166, 35, 255, 3, 1, 202, 13, 1, 2, 1, 1, 1, 19, 1, 1, 3, 1, 2, 1, 3, 1, inf, inf, 814, inf, 857, 1, 3, 2, 13, 7, 1, 1, 1, 1, inf, 5, 104, 2, 1, 1, 4, 1, inf, inf, 3, 1, 4, 1, 1, inf, 1, inf, 22, inf, 115, 15, 53, 148, 4, 2, 1, 1, 1, 6, 78, 1, 3, 5, 6, 1, 365, 8, inf, 1, inf, 38, 176, 1, 5, 1, 1, 3030, 397, 1, 2, 1, 1, inf, inf, 2, 250, 32, 97, 1, 317, 1, 3, 17, 4367, 20, 3, 2, 440, 1, 1, 4, 2, 7, 577, 72, 10, 17, inf, 1, 154, 1, 1, 1, 2356, 1, 4825, 51, 12, 1, 978, 5, inf, 192, 5, 150, 15, 86, 2, 1, 15, 10656, 24, 2, 7, inf, 1, 2, 42, 17027, 2, 3, 21, 1, 101, inf, 6762, 1, 68, 8, 11, 89, 7068, 67, 7817, 2, 26, 923, 2, 2592, 5, 1, 8, 1, 10, 12363, 295, 1562, inf, 7, 1, 61, 1097, 225, 12, inf, 1, 852, 5, 1, 395, 1, 689, 1, 9089, 4, 1, 80, 4, 11, inf, 1, 2, 1229, 7, 1, 1, 2001, 4, 60, 1, 1, 2879, 1, 20, 3, 41, 382, 123, 267, 2, 38, 1, 13, 19, 3907, 1, 11, 28, 8, 57, 1, 1, 10, 22898, 1, 5, 9, 3, 3, 2, 52, 69, 1, 16, 48, 347, 13172, 71, 35, 18, 84, 1211, 1, 152, 1, 1, 2, 321, 14, 2, 2, 182, 508, 70, 60, 33, 2, 2, 1, 68, 1, 1, 2923, 3, 1, 57, 204, 169, 7, 1, 2, 1903, 20251, 3, 23, 32, 1, 1, 13446, 1, 9, 4, 24707, 1, 1, 1, 1, 1, 1, inf, 7, 120, 6, 1, 1, 2, 101, 1, 41, 2, 2, 1, 27, 1, inf, 1, 1, 6344, 1, 1, 1, 1, 3, 10, 128, 97, 80, 1, 147, 131, 4, 22, 306, 8, 5, 26, 8, 473, 303, 548, inf, 23819, 1, 112, 10, 2, 66, 14, 1, 1, 1, 2, 321, 69, 1, 52, 1, 10, 1, 1, 2123, inf, inf, inf, 8, 6, 24095, 1, 574, 6, 132, 5, 5, 24560, 2, 81, 10153, 8, 15, 11, 1, inf, 1, 1, 1, 7, 1, 2, 1174, 1, 1462, 1, 3805, 2, 1, 1, 1, 1213, 48, 2604, 12, 1, 1, 640, 173, 38, 2, 57, 10, 1, 41, 1, 5, 128, 1, 1, 5, 1, 4, 52, 6, 1, 1, 3, 1, 1234, 1, 793, 1, 1, 1, 1868, 2, 1, 126, 14, 2, 25, 634, 1190, 3, 1, inf, 1, 750, 629, 5, 39, 448, 18, 13, inf, 299, 1, 547, 5, 1, 155, 1, 53, 527, 1, inf, 1, 28, 2, 24, 1, inf, 87, 1, 1, 1, 1, 35, 6, 1, 5, 1, inf, 1, 1, 30, 59, 17, 89, 201, 2026, 3, 104, 4, 2, 3, 199, 365, 1, 7, 1, 1, 1, 1, 100, 17, 5, 164, 15, 1, 12, 1, 2293, 339, 14553, 106, 1, 12, 1, inf, 2, inf, 17, 1050, 1, 1, inf, 633, 45, 8157, inf, 7, 1, 4, 3, 1, 1, 47, 2, 2, 1, 20, 1, 1, 1054, 1, 1, 5, 3, 1, 118, 111, 3152, 1, 1, 3, 2, 65, 10, 12, 9, 287, 1, 1, 1, 1308, 1142, 19, 1, 3, 9, 2817, 10, 1, 1, 1, 1, 1, 723, 215, 10, 17, 28, 4, inf, 3, 4, 5, 5, 399, inf, 10, 3746, 46139, 114, 1, 1, 1, 1264, 647, 2, 1452, 1, 495, 120, 2, 1, 1, 1, 1, 1, 13, 1, 385, 1, 5, 1, 1, 1, 1, 1, 1, 5, 16, 1, 1, 1, 3, 79, 119, 2, 287, 18, 3, 63, 2, 289, 1408, inf, 1, 17, 3, 1, 1, 135, 10, 659, 3, 7, 764, 289, 7, 2, 96, 8, 2, 60, 251, 5, 1, 1193, 3, 5250, 27939, 5, 6, 6, 2, 282, 841, 804, 128, 40, 1, 1, 1, inf, 1, 1, 1, 3, 1, 14, inf, 3, inf, 16, inf, 1, 23, 1, 3008, 7, 1, 305, inf, 16, 3, 1, 5, 17, 1, 2, 4, 25, 4, 65, 73, 1, 1, 6, inf, inf, 1, 190, 7, inf, 4, 6, 1, 1, 6741, 1, inf, 15, 4111, 23, 12, 504, 1003, 36, 111, 5, 1, 27, 2, 18, 643, 107, 1, 1, 2, 1, 1, 33, 1, 1, 7696, 96, 9, 1, 1, 1, inf, 1, 2, 6, 799, 279, 2, 1, 1, 11126, 2, 735, 2, 1, 2, 642, 62, 81, 28, 222, 11, 1, 43, 30, 90, 1, 278, 1, 2432, 1, 3335, 9, 35, 1, inf, 149, 1, 147, 2, inf, 1364, 1259, 8788, 154, 11, 1, 1, 1, 564, 581, inf, 125, 171, 31, 16, 1, inf, 28, 62, 5, 3946, 3, 44181, 1, 2, 1, 1, 1, inf, 2, 1, 2, 345, 6, 19, 116, 1, inf, 58, 27, 39, inf, 10, 129, 10, 10, 3557, 20, 2, 2, 20, inf, 2, 2, inf, 994, inf, 2, 4, 1, 1265, 2, 295, 409, inf, 418, 29, 1, 1, 6, 2774, inf, 1, 4, 2, 4491, 6, 291, 1, 1, 47, 63, 6172, 45928, 1, 1270, 25, 2, 141, 11, 8, 1, 2, 1, 3, 1124, 19, 205, 1, 1, 1, 5, 3324, 1, 1, 18, 1, 1, 1, 1, 1, 1919, 5, 513, 1, 1, inf, 10, 2674, 72, 1, 6, 50, 1, 5, 10, 1, 4, 257, 1, 1, 135, 3, 1370, 1, 1, 2545, 1, 1, 1, 1, 1, 1, 5, 5, 1, 2, 7, 3, inf, 2, 13, 3, 11, 9, inf, 1, 331, 2, 139, 17, 5, 1, 15, inf, 35, 235, 6, 1, 1, 1, inf, inf, inf, 16, 450, 101, 3, 9, 1, 12, 18, 221, 1, 91, 1, 15, 16, 124, 931, 5, 52, 4, 1, 52, 10, 24, inf, 27, 5, 1, 842, 65, 1, 1, 1, 5, 12, 1, 1, 561, 113, 1, 1, 6, 2514, 1, 40, 10, 5101, 2, 2, 3, 47, 4, 114, 1, 5, 3, 2, 1, 3, 1, 7, 12, 1, 20, 1, 1, 1, 1, 2, 6, 30, 1, inf, 3, 2, 1, 1, 68, 1, 5, 495, 3, 45, 1, 1, 34, 1187, 1, 5, 1, 93, 47, 37, 1, 37075, 2, 3, 1, inf, 17, 14, inf, 15, 2, 354, 1, 20, 15, 2, 8, inf, 2, 1, inf, 11, 2, 59, 3, 1, inf, 4, 1, 1, inf, 1, 24, 5, 33, 18599, inf, 1, 1, 1, 1, 18, 378, 13, 5, 1, 498, 1, 1, 1787, 21, 14, 2836, 18, 63, inf, 4, 695, 5742, 4, inf, 1, 3, 1, 3, 19, 6, 1, inf, 68, 830, 2, 18, 22, 99, 1, 6, 154, 1165, 3, 9, 93, 893, 2, 20, 2725, 3, 1, 8, inf, 1, 16, 10, 1, 29, 6, 15, 133, 15, 5, 3, 1, 4, 157, 1, 1, 1, 7, 2, 24, 92, 103, 1, 3046, 1, 1, 5645, 29, 102, 1, 1, 5, 13, 1, 1, 1447, 3, 12, 1, 4, 6, inf, 2, 6501, 4, 29, 50, 2060, 4, 1679, 4380, 1762, 46, 45, 3, 9, 9435, 17, 1, 1, 1, 2, 13, 1, 27, 4, 47, 19, 4, 8, 25, 3, inf, 5, 1, 83, 24, 1, 1, inf, 175, 2, 11, 2, 2530, 36, 1, 1075, 22, 1, 18143, 5, 1, 4, 4, inf, 1, 7936, 605, 8, 1705, 5, 892, 51, 216, 1, 7, 24, 13, 45, 1, 1, 5, inf, 1084, inf, 41, 418, 2, 1, 17, 2, 2, 1, 30, 30, 18, 1, 53, 2, 4, 5, 17, 1, 1, 59, 188, 1936, 3, 35, 123, 1218, 1, 268, 993, 1, 2483, 41, 1, 1, 538, inf, inf, 847, 2, 56, 109, 52, 11, 20, 3, 810, inf, 1367, 41, 660, 1, 5, 1, 1, 1, inf, 1, 5, 1, 151, 189, 1, 1141, 77, 2, 38, 100, 1, 1, 24, 1, 1, 72, 53, 2, 21, 29, 2667, 2, 20, 1, 2113, 4, inf, 171, 1, 988, 62, 1, inf, inf, 5, 1, 10, 6246, 37632, 13, 197, 12, 1, 8, inf, 382, 2, 6, 1, 12, 7, 15, 1, 4, 5, inf, 1, 399, 8, 1, 83, 161, 4, 10, 4, 1, 1, 283, 136, 2, 1, 4, 2694, 1, inf, 5, 4, 2, 147, 219, 1, inf, 449, 12, inf, 1, 17, 2, 306, 6, inf, 284, 4, 12, 6, 64, 4, 4, 32, 24, 1, 134, 1, 1, 4, 1, 4, 980, 18, 24, 1, inf, 1146, 58, 2250, 6, 113, 14, 19, 1715, 2434, 1, 1, 2, 197, 3, 1, 6, 1, 9, 1, 2, inf, inf, 1, 1, 5720, 3, 1, 283, 97, inf, 1, 1, 5, 327, 3, 1, 1, 1298, 1, 212, 2, 1, 32, 3, 1, 14, 204, 7, 226, 1, 1, 1, 51, 1, 1, 1, 11573, 1484, 1, 2, 1, 48, inf, 6256, 1, 1, 171, 3, 3140, 849, 5, 3767, 2, 1, 1, inf, 2, 1, 1, 493, 1, 11, 17974, 5, 51, 215, 1, 1, 26, 8, 4, 5, 1, 1, 3, 3, 3, inf, 789, 4230, 13, 1, 3, 5, 47, 19, 2, 7571, 2, 1, 23, 79, 4, 1, 624, 1, 289, 1, 49, 31, inf, 303, 3, 2, 416, 22, 1, 1, 1, 1, 22, 2, 3, 11, 32, 19, 9, 1, 4, 5, 36, inf, 1, 91, 1, 198, 9, 6, 9, 4, 935, 2, 1, 1, 8, 1, 14, 7, 1, 1, 1, 3, 40, 4, 1, 2, 21, 16, 1, 2, 59, 13, 88, 197, inf, 1, 20, 5427, 53, 1, 1, 3, 213, inf, 1, 168, 2, 1, 1, 23, 1, 2, 53, 1, 56, 1, 14, 2, 185, 16, 11, 3, 1, 2, 4808, 1, 20, 4, 1, 26, 4, 16, 25, 400, 1, 1, 1, 7, 6, 250, 3, 241, 6, 1, 1, 24168, 6, 1, 2, 1, 7, inf, 91, 1046, 1, 644, 1, 1, 182, 423, inf, 42, 2, 1, 2123, 46, 8989, 5, 1, inf]
2022-08-30 Tuesday 12:07:27:INFO: It completed at: 2022-08-30 12:07:27.517031
2022-08-30 Tuesday 12:07:27:INFO: Completed after: 21:33:34.210570
