2022-08-26 Friday 18:18:47:INFO: {'bug_database': 'dataset/mozilla-old/mozilla-old_soft_clean.json', 'database_name': 'mozilla-old-sampled', 'epochs': 12, 'lr': 0.001, 'l2': 0.0, 'batch_size': 256, 'ranking_batch_size': 512, 'ranking_n_workers': 2, 'cuda': True, 'cache_folder': None, 'pairs_training': 'dataset/mozilla-old/training_split_mozilla-old_pairs_random_1.txt', 'pairs_validation': 'dataset/mozilla-old/sampled_validation_mozilla-old_pairs_random_1.txt', 'neg_pair_generator': {'type': 'none', 'training': None, 'rate': 1, 'pre_list_file': None, 'k': 0, 'n_tries': 0, 'preselected_length': None, 'random_anchor': True}, 'loss': 'bce', 'margin': 0, 'categorical': {'lexicons': 'dataset/mozilla-old/categorical_lexicons.json', 'bn_last_layer': False, 'emb_size': 20, 'hidden_sizes': [40], 'dropout': 0.0, 'activation': 'relu', 'batch_normalization': False, 'layer_norm': False}, 'compare_aggregation': {'word_embedding': 'word_embedding/mozilla-old/glove_42B_300d_mozilla-old.npy', 'norm_word_embedding': False, 'lexicon': 'word_embedding/mozilla-old/glove_42B_300d_mozilla-old.lxc', 'sent_representation': None, 'tokenizer': 'white_space', 'bow': False, 'frequency': False, 'extractor': {'update_embedding': False, 'filters': ['TransformLowerCaseFilter'], 'hidden_size': 150, 'dropout': 0.0, 'layer_norm': False, 'txt_field_emb_size': 5, 'field_word_combination': 'cat', 'emb_dropout': 0.0, 'scaled_attention': True, 'model': 'linear', 'use_categorical': False, 'bidirectional': True}, 'matching': {'type': 'full', 'scaled_attention': True, 'comparison_hidden_size': 100, 'dropout': 0.0, 'residual': True, 'layer_norm': False, 'attention_hidden_size': 200, 'attention': 'dot_product', 'comparison_func': 'submult+nn'}, 'aggregate': {'model': 'lstm', 'window': [3, 4, 5], 'nfilters': 100, 'hidden_size': 150, 'dropout': 0.0, 'bidirectional': True, 'num_layers': 1, 'self_att_hidden': 50, 'layer_norm': False, 'n_hops': 20}, 'classifier': {'hidden_size': [300], 'output_act': 'sigmoid', 'hadamard_diff_textual': True, 'hadamard_diff_categorical': True, 'textual_hidden_layer': 600, 'categorical_hidden_layer': 40, 'categorical_dropout': 0.0, 'dropout': 0.0, 'only_candidate': False, 'layer_norm': False, 'batch_normalization': False}}, 'random_switch': True, 'recall_estimation_train': None, 'recall_estimation': None, 'sample_size_rr_tr': 0, 'sample_size_rr_val': 0, 'rr_val_epoch': 100, 'rr_train_epoch': 100, 'ranking_result_file': None, 'optimizer': 'adam', 'lr_scheduler': None, 'save': None, 'save_by_epoch': None, 'load': None, 'recall_rate': {'type': 'sun2011', 'dataset': 'dataset/mozilla-old/test_mozilla-old.txt', 'result_file': None, 'group_by_master': True, 'window': 365}, 'pair_test_dataset': None, 'rep': {'model': None, 'input': None, 'training': None, 'rate': 1, 'neg_training': 10000, 'k': 1000}, 'rr_scorer': 'general', 'seed': 366625203}
2022-08-26 Friday 18:18:47:INFO: It started at: 2022-08-26 18:18:47.734791
2022-08-26 Friday 18:19:00:INFO: Turning CUDA on
2022-08-26 Friday 18:19:00:INFO: Using Categorical Information.
2022-08-26 Friday 18:19:00:INFO: Lexicon size: 97236
2022-08-26 Friday 18:19:00:INFO: Word Embedding size: 300
2022-08-26 Friday 18:19:00:INFO: Use white space tokenizer to tokenize summary information
2022-08-26 Friday 18:19:00:INFO: BoW=False and TF=False
2022-08-26 Friday 18:19:00:INFO: Using Summary and Description information.
2022-08-26 Friday 18:19:01:INFO: Using BCE Loss: margin=0
2022-08-26 Friday 18:19:08:INFO: Not generate dynamically the negative examples.
2022-08-26 Friday 18:19:22:INFO: Training size: 68400
2022-08-26 Friday 18:19:23:INFO: Validation size: 2418
2022-08-26 Friday 18:19:23:INFO: Adam
2022-08-26 Friday 18:19:23:INFO: Scheduler: Constant
2022-08-26 Friday 18:19:23:INFO: Epoch: 1
2022-08-26 Friday 18:19:23:INFO: LR: 0.001
2022-08-26 Friday 18:20:48:INFO: {'type': 'metric', 'label': 'training_loss', 'epoch': 1, 'value': 0.15907706851150558, 'sum': 10880.871486186981, 'num_example': 68400}
2022-08-26 Friday 18:20:48:INFO: {'type': 'metric', 'label': 'training_dist_target', 'value': (0.0943367661335315, 0.09505823233322791), 'epoch': 1}
2022-08-26 Friday 18:20:48:INFO: {'type': 'metric', 'label': 'training_acc', 'epoch': 1, 'value': 0.9369298245614035, 'num_correct': 64086, 'num_example': 68400}
2022-08-26 Friday 18:20:48:INFO: {'type': 'metric', 'label': 'training_precision', 'epoch': 1, 'value': 0.937134325504303, 'positive': 32035.0, 'total': 34184.0}
2022-08-26 Friday 18:20:48:INFO: {'type': 'metric', 'label': 'training_recall', 'epoch': 1, 'value': 0.93669593334198, 'positive': 32035.0, 'total': 34200.0}
2022-08-26 Friday 18:20:49:INFO: {'type': 'metric', 'label': 'validation_loss', 'epoch': 1, 'value': 0.15012094990417324, 'sum': 362.9924568682909, 'num_example': 2418}
2022-08-26 Friday 18:20:49:INFO: {'type': 'metric', 'label': 'validation_dist_target', 'value': (0.08899976558385554, 0.05141648051164878), 'epoch': 1}
2022-08-26 Friday 18:20:49:INFO: {'type': 'metric', 'label': 'validation_acc', 'epoch': 1, 'value': 0.9516129032258065, 'num_correct': 2301, 'num_example': 2418}
2022-08-26 Friday 18:20:49:INFO: {'type': 'metric', 'label': 'validation_precision', 'epoch': 1, 'value': 0.9382022619247437, 'positive': 1169.0, 'total': 1246.0}
2022-08-26 Friday 18:20:49:INFO: {'type': 'metric', 'label': 'validation_recall', 'epoch': 1, 'value': 0.9669148325920105, 'positive': 1169.0, 'total': 1209.0}
2022-08-26 Friday 18:20:49:INFO: Epoch: 2
2022-08-26 Friday 18:20:49:INFO: LR: 0.001
2022-08-26 Friday 18:22:13:INFO: {'type': 'metric', 'label': 'training_loss', 'epoch': 2, 'value': 0.09340489484761891, 'sum': 6388.894807577133, 'num_example': 68400}
2022-08-26 Friday 18:22:13:INFO: {'type': 'metric', 'label': 'training_dist_target', 'value': (0.0511697515793014, 0.05146969766296142), 'epoch': 2}
2022-08-26 Friday 18:22:13:INFO: {'type': 'metric', 'label': 'training_acc', 'epoch': 2, 'value': 0.9666520467836257, 'num_correct': 66119, 'num_example': 68400}
2022-08-26 Friday 18:22:13:INFO: {'type': 'metric', 'label': 'training_precision', 'epoch': 2, 'value': 0.9674311280250549, 'positive': 33031.0, 'total': 34143.0}
2022-08-26 Friday 18:22:13:INFO: {'type': 'metric', 'label': 'training_recall', 'epoch': 2, 'value': 0.9658187031745911, 'positive': 33031.0, 'total': 34200.0}
2022-08-26 Friday 18:22:14:INFO: {'type': 'metric', 'label': 'validation_loss', 'epoch': 2, 'value': 0.15687444835679407, 'sum': 379.32241612672806, 'num_example': 2418}
2022-08-26 Friday 18:22:14:INFO: {'type': 'metric', 'label': 'validation_dist_target', 'value': (0.05698440408193937, 0.07517642556782889), 'epoch': 2}
2022-08-26 Friday 18:22:14:INFO: {'type': 'metric', 'label': 'validation_acc', 'epoch': 2, 'value': 0.9499586435070306, 'num_correct': 2297, 'num_example': 2418}
2022-08-26 Friday 18:22:14:INFO: {'type': 'metric', 'label': 'validation_precision', 'epoch': 2, 'value': 0.9548494815826416, 'positive': 1142.0, 'total': 1196.0}
2022-08-26 Friday 18:22:14:INFO: {'type': 'metric', 'label': 'validation_recall', 'epoch': 2, 'value': 0.9445822834968567, 'positive': 1142.0, 'total': 1209.0}
2022-08-26 Friday 18:22:14:INFO: Epoch: 3
2022-08-26 Friday 18:22:14:INFO: LR: 0.001
2022-08-26 Friday 18:23:38:INFO: {'type': 'metric', 'label': 'training_loss', 'epoch': 3, 'value': 0.07086888742377187, 'sum': 4847.4318997859955, 'num_example': 68400}
2022-08-26 Friday 18:23:38:INFO: {'type': 'metric', 'label': 'training_dist_target', 'value': (0.038383582293420856, 0.0385728422608989), 'epoch': 3}
2022-08-26 Friday 18:23:38:INFO: {'type': 'metric', 'label': 'training_acc', 'epoch': 3, 'value': 0.9756432748538012, 'num_correct': 66734, 'num_example': 68400}
2022-08-26 Friday 18:23:38:INFO: {'type': 'metric', 'label': 'training_precision', 'epoch': 3, 'value': 0.9750876426696777, 'positive': 33387.0, 'total': 34240.0}
2022-08-26 Friday 18:23:38:INFO: {'type': 'metric', 'label': 'training_recall', 'epoch': 3, 'value': 0.9762280583381653, 'positive': 33387.0, 'total': 34200.0}
2022-08-26 Friday 18:23:39:INFO: {'type': 'metric', 'label': 'validation_loss', 'epoch': 3, 'value': 0.16931263729005536, 'sum': 409.3979569673538, 'num_example': 2418}
2022-08-26 Friday 18:23:39:INFO: {'type': 'metric', 'label': 'validation_dist_target', 'value': (0.07508623550705322, 0.0436363267543594), 'epoch': 3}
2022-08-26 Friday 18:23:39:INFO: {'type': 'metric', 'label': 'validation_acc', 'epoch': 3, 'value': 0.9474772539288668, 'num_correct': 2291, 'num_example': 2418}
2022-08-26 Friday 18:23:39:INFO: {'type': 'metric', 'label': 'validation_precision', 'epoch': 3, 'value': 0.9327999949455261, 'positive': 1166.0, 'total': 1250.0}
2022-08-26 Friday 18:23:39:INFO: {'type': 'metric', 'label': 'validation_recall', 'epoch': 3, 'value': 0.9644334316253662, 'positive': 1166.0, 'total': 1209.0}
2022-08-26 Friday 18:23:39:INFO: Epoch: 4
2022-08-26 Friday 18:23:39:INFO: LR: 0.001
2022-08-26 Friday 18:25:03:INFO: {'type': 'metric', 'label': 'training_loss', 'epoch': 4, 'value': 0.05730708189526497, 'sum': 3919.8044016361237, 'num_example': 68400}
2022-08-26 Friday 18:25:03:INFO: {'type': 'metric', 'label': 'training_dist_target', 'value': (0.030707850207013693, 0.03101319698562399), 'epoch': 4}
2022-08-26 Friday 18:25:03:INFO: {'type': 'metric', 'label': 'training_acc', 'epoch': 4, 'value': 0.9801608187134503, 'num_correct': 67043, 'num_example': 68400}
2022-08-26 Friday 18:25:03:INFO: {'type': 'metric', 'label': 'training_precision', 'epoch': 4, 'value': 0.9792499542236328, 'positive': 33554.0, 'total': 34265.0}
2022-08-26 Friday 18:25:03:INFO: {'type': 'metric', 'label': 'training_recall', 'epoch': 4, 'value': 0.9811111092567444, 'positive': 33554.0, 'total': 34200.0}
2022-08-26 Friday 18:25:03:INFO: {'type': 'metric', 'label': 'validation_loss', 'epoch': 4, 'value': 0.1822326836307942, 'sum': 440.6386290192604, 'num_example': 2418}
2022-08-26 Friday 18:25:03:INFO: {'type': 'metric', 'label': 'validation_dist_target', 'value': (0.07432240509020582, 0.03944527264761471), 'epoch': 4}
2022-08-26 Friday 18:25:03:INFO: {'type': 'metric', 'label': 'validation_acc', 'epoch': 4, 'value': 0.9507857733664186, 'num_correct': 2299, 'num_example': 2418}
2022-08-26 Friday 18:25:03:INFO: {'type': 'metric', 'label': 'validation_precision', 'epoch': 4, 'value': 0.9359999895095825, 'positive': 1170.0, 'total': 1250.0}
2022-08-26 Friday 18:25:03:INFO: {'type': 'metric', 'label': 'validation_recall', 'epoch': 4, 'value': 0.9677419066429138, 'positive': 1170.0, 'total': 1209.0}
2022-08-26 Friday 18:25:03:INFO: Epoch: 5
2022-08-26 Friday 18:25:03:INFO: LR: 0.001
2022-08-26 Friday 18:26:27:INFO: {'type': 'metric', 'label': 'training_loss', 'epoch': 5, 'value': 0.040782767183076565, 'sum': 2789.5412753224373, 'num_example': 68400}
2022-08-26 Friday 18:26:27:INFO: {'type': 'metric', 'label': 'training_dist_target', 'value': (0.021356348339141462, 0.021759163718125973), 'epoch': 5}
2022-08-26 Friday 18:26:27:INFO: {'type': 'metric', 'label': 'training_acc', 'epoch': 5, 'value': 0.9860818713450292, 'num_correct': 67448, 'num_example': 68400}
2022-08-26 Friday 18:26:27:INFO: {'type': 'metric', 'label': 'training_precision', 'epoch': 5, 'value': 0.9849475026130676, 'positive': 33764.0, 'total': 34280.0}
2022-08-26 Friday 18:26:27:INFO: {'type': 'metric', 'label': 'training_recall', 'epoch': 5, 'value': 0.9872514605522156, 'positive': 33764.0, 'total': 34200.0}
2022-08-26 Friday 18:26:28:INFO: {'type': 'metric', 'label': 'validation_loss', 'epoch': 5, 'value': 0.2069878844903263, 'sum': 500.49670469760895, 'num_example': 2418}
2022-08-26 Friday 18:26:28:INFO: {'type': 'metric', 'label': 'validation_dist_target', 'value': (0.06579756204306932, 0.039780031707880414), 'epoch': 5}
2022-08-26 Friday 18:26:28:INFO: {'type': 'metric', 'label': 'validation_acc', 'epoch': 5, 'value': 0.9549214226633581, 'num_correct': 2309, 'num_example': 2418}
2022-08-26 Friday 18:26:28:INFO: {'type': 'metric', 'label': 'validation_precision', 'epoch': 5, 'value': 0.9435483813285828, 'positive': 1170.0, 'total': 1240.0}
2022-08-26 Friday 18:26:28:INFO: {'type': 'metric', 'label': 'validation_recall', 'epoch': 5, 'value': 0.9677419066429138, 'positive': 1170.0, 'total': 1209.0}
2022-08-26 Friday 18:26:28:INFO: Epoch: 6
2022-08-26 Friday 18:26:28:INFO: LR: 0.001
2022-08-26 Friday 18:27:52:INFO: {'type': 'metric', 'label': 'training_loss', 'epoch': 6, 'value': 0.0328700258486975, 'sum': 2248.309768050909, 'num_example': 68400}
2022-08-26 Friday 18:27:52:INFO: {'type': 'metric', 'label': 'training_dist_target', 'value': (0.01721807902390192, 0.017559558960080844), 'epoch': 6}
2022-08-26 Friday 18:27:52:INFO: {'type': 'metric', 'label': 'training_acc', 'epoch': 6, 'value': 0.9887280701754386, 'num_correct': 67629, 'num_example': 68400}
2022-08-26 Friday 18:27:52:INFO: {'type': 'metric', 'label': 'training_precision', 'epoch': 6, 'value': 0.9875448346138, 'positive': 33856.0, 'total': 34283.0}
2022-08-26 Friday 18:27:52:INFO: {'type': 'metric', 'label': 'training_recall', 'epoch': 6, 'value': 0.9899415373802185, 'positive': 33856.0, 'total': 34200.0}
2022-08-26 Friday 18:27:53:INFO: {'type': 'metric', 'label': 'validation_loss', 'epoch': 6, 'value': 0.19799937540780818, 'sum': 478.76248973608017, 'num_example': 2418}
2022-08-26 Friday 18:27:53:INFO: {'type': 'metric', 'label': 'validation_dist_target', 'value': (0.06020465618919202, 0.04981494743632718), 'epoch': 6}
2022-08-26 Friday 18:27:53:INFO: {'type': 'metric', 'label': 'validation_acc', 'epoch': 6, 'value': 0.9499586435070306, 'num_correct': 2297, 'num_example': 2418}
2022-08-26 Friday 18:27:53:INFO: {'type': 'metric', 'label': 'validation_precision', 'epoch': 6, 'value': 0.9444444179534912, 'positive': 1156.0, 'total': 1224.0}
2022-08-26 Friday 18:27:53:INFO: {'type': 'metric', 'label': 'validation_recall', 'epoch': 6, 'value': 0.9561620950698853, 'positive': 1156.0, 'total': 1209.0}
2022-08-26 Friday 18:27:53:INFO: Epoch: 7
2022-08-26 Friday 18:27:53:INFO: LR: 0.001
2022-08-26 Friday 18:29:18:INFO: {'type': 'metric', 'label': 'training_loss', 'epoch': 7, 'value': 0.019882593314375793, 'sum': 1359.9693827033043, 'num_example': 68400}
2022-08-26 Friday 18:29:18:INFO: {'type': 'metric', 'label': 'training_dist_target', 'value': (0.010476226198067616, 0.01040107430421818), 'epoch': 7}
2022-08-26 Friday 18:29:18:INFO: {'type': 'metric', 'label': 'training_acc', 'epoch': 7, 'value': 0.9938011695906432, 'num_correct': 67976, 'num_example': 68400}
2022-08-26 Friday 18:29:18:INFO: {'type': 'metric', 'label': 'training_precision', 'epoch': 7, 'value': 0.992936372756958, 'positive': 34018.0, 'total': 34260.0}
2022-08-26 Friday 18:29:18:INFO: {'type': 'metric', 'label': 'training_recall', 'epoch': 7, 'value': 0.9946783781051636, 'positive': 34018.0, 'total': 34200.0}
2022-08-26 Friday 18:29:18:INFO: {'type': 'metric', 'label': 'validation_loss', 'epoch': 7, 'value': 0.20417160357790018, 'sum': 493.6869374513626, 'num_example': 2418}
2022-08-26 Friday 18:29:18:INFO: {'type': 'metric', 'label': 'validation_dist_target', 'value': (0.0480381531395924, 0.06332811064913413), 'epoch': 7}
2022-08-26 Friday 18:29:18:INFO: {'type': 'metric', 'label': 'validation_acc', 'epoch': 7, 'value': 0.9483043837882548, 'num_correct': 2293, 'num_example': 2418}
2022-08-26 Friday 18:29:18:INFO: {'type': 'metric', 'label': 'validation_precision', 'epoch': 7, 'value': 0.9516666531562805, 'positive': 1142.0, 'total': 1200.0}
2022-08-26 Friday 18:29:18:INFO: {'type': 'metric', 'label': 'validation_recall', 'epoch': 7, 'value': 0.9445822834968567, 'positive': 1142.0, 'total': 1209.0}
2022-08-26 Friday 18:29:18:INFO: Epoch: 8
2022-08-26 Friday 18:29:18:INFO: LR: 0.001
2022-08-26 Friday 18:30:43:INFO: {'type': 'metric', 'label': 'training_loss', 'epoch': 8, 'value': 0.02003641454600974, 'sum': 1370.4907549470663, 'num_example': 68400}
2022-08-26 Friday 18:30:43:INFO: {'type': 'metric', 'label': 'training_dist_target', 'value': (0.010499014598017897, 0.01068298454173127), 'epoch': 8}
2022-08-26 Friday 18:30:43:INFO: {'type': 'metric', 'label': 'training_acc', 'epoch': 8, 'value': 0.9929239766081871, 'num_correct': 67916, 'num_example': 68400}
2022-08-26 Friday 18:30:43:INFO: {'type': 'metric', 'label': 'training_precision', 'epoch': 8, 'value': 0.9923481345176697, 'positive': 33978.0, 'total': 34240.0}
2022-08-26 Friday 18:30:43:INFO: {'type': 'metric', 'label': 'training_recall', 'epoch': 8, 'value': 0.9935087561607361, 'positive': 33978.0, 'total': 34200.0}
2022-08-26 Friday 18:30:44:INFO: {'type': 'metric', 'label': 'validation_loss', 'epoch': 8, 'value': 0.24583466910596127, 'sum': 594.4282298982143, 'num_example': 2418}
2022-08-26 Friday 18:30:44:INFO: {'type': 'metric', 'label': 'validation_dist_target', 'value': (0.06667184514186912, 0.04635123145590152), 'epoch': 8}
2022-08-26 Friday 18:30:44:INFO: {'type': 'metric', 'label': 'validation_acc', 'epoch': 8, 'value': 0.944995864350703, 'num_correct': 2285, 'num_example': 2418}
2022-08-26 Friday 18:30:44:INFO: {'type': 'metric', 'label': 'validation_precision', 'epoch': 8, 'value': 0.9359805583953857, 'positive': 1155.0, 'total': 1234.0}
2022-08-26 Friday 18:30:44:INFO: {'type': 'metric', 'label': 'validation_recall', 'epoch': 8, 'value': 0.9553349614143372, 'positive': 1155.0, 'total': 1209.0}
2022-08-26 Friday 18:30:44:INFO: Epoch: 9
2022-08-26 Friday 18:30:44:INFO: LR: 0.001
2022-08-26 Friday 18:32:08:INFO: {'type': 'metric', 'label': 'training_loss', 'epoch': 9, 'value': 0.01400647283755025, 'sum': 958.0427420884371, 'num_example': 68400}
2022-08-26 Friday 18:32:08:INFO: {'type': 'metric', 'label': 'training_dist_target', 'value': (0.007408040074770453, 0.007507404449738954), 'epoch': 9}
2022-08-26 Friday 18:32:08:INFO: {'type': 'metric', 'label': 'training_acc', 'epoch': 9, 'value': 0.9951754385964913, 'num_correct': 68070, 'num_example': 68400}
2022-08-26 Friday 18:32:08:INFO: {'type': 'metric', 'label': 'training_precision', 'epoch': 9, 'value': 0.994539201259613, 'positive': 34057.0, 'total': 34244.0}
2022-08-26 Friday 18:32:08:INFO: {'type': 'metric', 'label': 'training_recall', 'epoch': 9, 'value': 0.9958187341690063, 'positive': 34057.0, 'total': 34200.0}
2022-08-26 Friday 18:32:09:INFO: {'type': 'metric', 'label': 'validation_loss', 'epoch': 9, 'value': 0.2934356199699162, 'sum': 709.5273290872574, 'num_example': 2418}
2022-08-26 Friday 18:32:09:INFO: {'type': 'metric', 'label': 'validation_dist_target', 'value': (0.06063380844835608, 0.034161406868839186), 'epoch': 9}
2022-08-26 Friday 18:32:09:INFO: {'type': 'metric', 'label': 'validation_acc', 'epoch': 9, 'value': 0.9545078577336642, 'num_correct': 2308, 'num_example': 2418}
2022-08-26 Friday 18:32:09:INFO: {'type': 'metric', 'label': 'validation_precision', 'epoch': 9, 'value': 0.9420756101608276, 'positive': 1171.0, 'total': 1243.0}
2022-08-26 Friday 18:32:09:INFO: {'type': 'metric', 'label': 'validation_recall', 'epoch': 9, 'value': 0.9685690402984619, 'positive': 1171.0, 'total': 1209.0}
2022-08-26 Friday 18:32:09:INFO: Epoch: 10
2022-08-26 Friday 18:32:09:INFO: LR: 0.001
2022-08-26 Friday 18:33:33:INFO: {'type': 'metric', 'label': 'training_loss', 'epoch': 10, 'value': 0.012819197383976123, 'sum': 876.8331010639668, 'num_example': 68400}
2022-08-26 Friday 18:33:33:INFO: {'type': 'metric', 'label': 'training_dist_target', 'value': (0.006502439559911166, 0.006696341717452333), 'epoch': 10}
2022-08-26 Friday 18:33:33:INFO: {'type': 'metric', 'label': 'training_acc', 'epoch': 10, 'value': 0.9954093567251462, 'num_correct': 68086, 'num_example': 68400}
2022-08-26 Friday 18:33:33:INFO: {'type': 'metric', 'label': 'training_precision', 'epoch': 10, 'value': 0.9949462413787842, 'positive': 34059.0, 'total': 34232.0}
2022-08-26 Friday 18:33:33:INFO: {'type': 'metric', 'label': 'training_recall', 'epoch': 10, 'value': 0.995877206325531, 'positive': 34059.0, 'total': 34200.0}
2022-08-26 Friday 18:33:34:INFO: {'type': 'metric', 'label': 'validation_loss', 'epoch': 10, 'value': 0.25138259620534376, 'sum': 607.8431176245213, 'num_example': 2418}
2022-08-26 Friday 18:33:34:INFO: {'type': 'metric', 'label': 'validation_dist_target', 'value': (0.08542942231701266, 0.02404926131834562), 'epoch': 10}
2022-08-26 Friday 18:33:34:INFO: {'type': 'metric', 'label': 'validation_acc', 'epoch': 10, 'value': 0.9503722084367245, 'num_correct': 2298, 'num_example': 2418}
2022-08-26 Friday 18:33:34:INFO: {'type': 'metric', 'label': 'validation_precision', 'epoch': 10, 'value': 0.9257231950759888, 'positive': 1184.0, 'total': 1279.0}
2022-08-26 Friday 18:33:34:INFO: {'type': 'metric', 'label': 'validation_recall', 'epoch': 10, 'value': 0.9793217778205872, 'positive': 1184.0, 'total': 1209.0}
2022-08-26 Friday 18:33:34:INFO: Epoch: 11
2022-08-26 Friday 18:33:34:INFO: LR: 0.001
2022-08-26 Friday 18:34:58:INFO: {'type': 'metric', 'label': 'training_loss', 'epoch': 11, 'value': 0.009443057347960465, 'sum': 645.9051226004958, 'num_example': 68400}
2022-08-26 Friday 18:34:58:INFO: {'type': 'metric', 'label': 'training_dist_target', 'value': (0.005580832647957583, 0.005292756986199763), 'epoch': 11}
2022-08-26 Friday 18:34:58:INFO: {'type': 'metric', 'label': 'training_acc', 'epoch': 11, 'value': 0.9964766081871345, 'num_correct': 68159, 'num_example': 68400}
2022-08-26 Friday 18:34:58:INFO: {'type': 'metric', 'label': 'training_precision', 'epoch': 11, 'value': 0.9959980249404907, 'positive': 34096.0, 'total': 34233.0}
2022-08-26 Friday 18:34:58:INFO: {'type': 'metric', 'label': 'training_recall', 'epoch': 11, 'value': 0.9969590902328491, 'positive': 34096.0, 'total': 34200.0}
2022-08-26 Friday 18:34:59:INFO: {'type': 'metric', 'label': 'validation_loss', 'epoch': 11, 'value': 0.3386593079448634, 'sum': 818.8782066106796, 'num_example': 2418}
2022-08-26 Friday 18:34:59:INFO: {'type': 'metric', 'label': 'validation_dist_target', 'value': (0.0505532862432147, 0.062000327903047096), 'epoch': 11}
2022-08-26 Friday 18:34:59:INFO: {'type': 'metric', 'label': 'validation_acc', 'epoch': 11, 'value': 0.9466501240694789, 'num_correct': 2289, 'num_example': 2418}
2022-08-26 Friday 18:34:59:INFO: {'type': 'metric', 'label': 'validation_precision', 'epoch': 11, 'value': 0.949999988079071, 'positive': 1140.0, 'total': 1200.0}
2022-08-26 Friday 18:34:59:INFO: {'type': 'metric', 'label': 'validation_recall', 'epoch': 11, 'value': 0.9429280161857605, 'positive': 1140.0, 'total': 1209.0}
2022-08-26 Friday 18:34:59:INFO: Epoch: 12
2022-08-26 Friday 18:34:59:INFO: LR: 0.001
2022-08-26 Friday 18:36:23:INFO: {'type': 'metric', 'label': 'training_loss', 'epoch': 12, 'value': 0.00911123474586036, 'sum': 623.2084566168487, 'num_example': 68400}
2022-08-26 Friday 18:36:23:INFO: {'type': 'metric', 'label': 'training_dist_target', 'value': (0.004910405738704633, 0.004926845382528695), 'epoch': 12}
2022-08-26 Friday 18:36:23:INFO: {'type': 'metric', 'label': 'training_acc', 'epoch': 12, 'value': 0.9967690058479532, 'num_correct': 68179, 'num_example': 68400}
2022-08-26 Friday 18:36:23:INFO: {'type': 'metric', 'label': 'training_precision', 'epoch': 12, 'value': 0.9965512156486511, 'positive': 34097.0, 'total': 34215.0}
2022-08-26 Friday 18:36:23:INFO: {'type': 'metric', 'label': 'training_recall', 'epoch': 12, 'value': 0.9969882965087891, 'positive': 34097.0, 'total': 34200.0}
2022-08-26 Friday 18:36:24:INFO: {'type': 'metric', 'label': 'validation_loss', 'epoch': 12, 'value': 0.45451346441573404, 'sum': 1099.0135569572449, 'num_example': 2418}
2022-08-26 Friday 18:36:24:INFO: {'type': 'metric', 'label': 'validation_dist_target', 'value': (0.04036534887586772, 0.09213165570330877), 'epoch': 12}
2022-08-26 Friday 18:36:24:INFO: {'type': 'metric', 'label': 'validation_acc', 'epoch': 12, 'value': 0.9363110008271298, 'num_correct': 2264, 'num_example': 2418}
2022-08-26 Friday 18:36:24:INFO: {'type': 'metric', 'label': 'validation_precision', 'epoch': 12, 'value': 0.9582971334457397, 'positive': 1103.0, 'total': 1151.0}
2022-08-26 Friday 18:36:24:INFO: {'type': 'metric', 'label': 'validation_recall', 'epoch': 12, 'value': 0.9123242497444153, 'positive': 1103.0, 'total': 1209.0}
2022-08-26 Friday 18:36:24:INFO: Calculating recall rate: sun2011
2022-08-26 Friday 21:20:49:INFO: RR calculation - 500 duplicate reports were processed
2022-08-26 Friday 23:57:29:INFO: RR calculation - 1000 duplicate reports were processed
2022-08-27 Saturday 02:29:19:INFO: RR calculation - 1500 duplicate reports were processed
2022-08-27 Saturday 04:59:39:INFO: RR calculation - 2000 duplicate reports were processed
2022-08-27 Saturday 07:47:59:INFO: RR calculation - 2500 duplicate reports were processed
2022-08-27 Saturday 10:27:12:INFO: RR calculation - 3000 duplicate reports were processed
2022-08-27 Saturday 13:17:07:INFO: RR calculation - 3500 duplicate reports were processed
2022-08-27 Saturday 15:54:28:INFO: RR calculation - 4000 duplicate reports were processed
2022-08-27 Saturday 18:28:53:INFO: RR calculation - 4500 duplicate reports were processed
2022-08-27 Saturday 21:00:06:INFO: RR calculation - 5000 duplicate reports were processed
2022-08-27 Saturday 23:27:41:INFO: RR calculation - 5500 duplicate reports were processed
2022-08-28 Sunday 02:21:09:INFO: RR calculation - 6000 duplicate reports were processed
2022-08-28 Sunday 05:16:44:INFO: RR calculation - 6500 duplicate reports were processed
2022-08-28 Sunday 08:15:08:INFO: RR calculation - 7000 duplicate reports were processed
2022-08-28 Sunday 11:04:16:INFO: RR calculation - 7500 duplicate reports were processed
2022-08-28 Sunday 13:40:07:INFO: RR calculation - 8000 duplicate reports were processed
2022-08-28 Sunday 16:14:15:INFO: RR calculation - 8500 duplicate reports were processed
2022-08-28 Sunday 19:07:44:INFO: RR calculation - 9000 duplicate reports were processed
2022-08-28 Sunday 22:09:57:INFO: RR calculation - 9500 duplicate reports were processed
2022-08-29 Monday 00:57:33:INFO: RR calculation - 10000 duplicate reports were processed
2022-08-29 Monday 03:58:14:INFO: RR calculation - 10500 duplicate reports were processed
2022-08-29 Monday 07:02:08:INFO: RR calculation - 11000 duplicate reports were processed
2022-08-29 Monday 10:01:24:INFO: RR calculation - 11500 duplicate reports were processed
2022-08-29 Monday 12:54:26:INFO: RR calculation - 12000 duplicate reports were processed
2022-08-29 Monday 16:04:23:INFO: RR calculation - 12500 duplicate reports were processed
2022-08-29 Monday 19:15:34:INFO: RR calculation - 13000 duplicate reports were processed
2022-08-29 Monday 22:26:36:INFO: RR calculation - 13500 duplicate reports were processed
2022-08-30 Tuesday 00:38:57:INFO: [] Throughput: 0.049291570212593686 bugs per second (bugs=13848 ,seconds=280940.53283905983)
2022-08-30 Tuesday 00:38:57:INFO: {'type': 'metric', 'label': 'recall_rate', 'k': 1, 'rate': 0.12767186597342575, 'hit': 1768, 'total': 13848, 'epoch': 0}
2022-08-30 Tuesday 00:38:57:INFO: {'type': 'metric', 'label': 'recall_rate', 'k': 2, 'rate': 0.1970681686886193, 'hit': 2729, 'total': 13848, 'epoch': 0}
2022-08-30 Tuesday 00:38:57:INFO: {'type': 'metric', 'label': 'recall_rate', 'k': 3, 'rate': 0.2450895436164067, 'hit': 3394, 'total': 13848, 'epoch': 0}
2022-08-30 Tuesday 00:38:57:INFO: {'type': 'metric', 'label': 'recall_rate', 'k': 4, 'rate': 0.280473714615829, 'hit': 3884, 'total': 13848, 'epoch': 0}
2022-08-30 Tuesday 00:38:57:INFO: {'type': 'metric', 'label': 'recall_rate', 'k': 5, 'rate': 0.3107307914500289, 'hit': 4303, 'total': 13848, 'epoch': 0}
2022-08-30 Tuesday 00:38:57:INFO: {'type': 'metric', 'label': 'recall_rate', 'k': 6, 'rate': 0.33593298671288274, 'hit': 4652, 'total': 13848, 'epoch': 0}
2022-08-30 Tuesday 00:38:57:INFO: {'type': 'metric', 'label': 'recall_rate', 'k': 7, 'rate': 0.3561525129982669, 'hit': 4932, 'total': 13848, 'epoch': 0}
2022-08-30 Tuesday 00:38:57:INFO: {'type': 'metric', 'label': 'recall_rate', 'k': 8, 'rate': 0.3747833622183709, 'hit': 5190, 'total': 13848, 'epoch': 0}
2022-08-30 Tuesday 00:38:57:INFO: {'type': 'metric', 'label': 'recall_rate', 'k': 9, 'rate': 0.39139225880993644, 'hit': 5420, 'total': 13848, 'epoch': 0}
2022-08-30 Tuesday 00:38:57:INFO: {'type': 'metric', 'label': 'recall_rate', 'k': 10, 'rate': 0.4082177931831311, 'hit': 5653, 'total': 13848, 'epoch': 0}
2022-08-30 Tuesday 00:38:57:INFO: {'type': 'metric', 'label': 'recall_rate', 'k': 11, 'rate': 0.4209272097053726, 'hit': 5829, 'total': 13848, 'epoch': 0}
2022-08-30 Tuesday 00:38:57:INFO: {'type': 'metric', 'label': 'recall_rate', 'k': 12, 'rate': 0.4320479491623339, 'hit': 5983, 'total': 13848, 'epoch': 0}
2022-08-30 Tuesday 00:38:57:INFO: {'type': 'metric', 'label': 'recall_rate', 'k': 13, 'rate': 0.4437463893703062, 'hit': 6145, 'total': 13848, 'epoch': 0}
2022-08-30 Tuesday 00:38:57:INFO: {'type': 'metric', 'label': 'recall_rate', 'k': 14, 'rate': 0.45465049104563837, 'hit': 6296, 'total': 13848, 'epoch': 0}
2022-08-30 Tuesday 00:38:57:INFO: {'type': 'metric', 'label': 'recall_rate', 'k': 15, 'rate': 0.463316002310803, 'hit': 6416, 'total': 13848, 'epoch': 0}
2022-08-30 Tuesday 00:38:57:INFO: {'type': 'metric', 'label': 'recall_rate', 'k': 16, 'rate': 0.4716204506065858, 'hit': 6531, 'total': 13848, 'epoch': 0}
2022-08-30 Tuesday 00:38:57:INFO: {'type': 'metric', 'label': 'recall_rate', 'k': 17, 'rate': 0.4805748122472559, 'hit': 6655, 'total': 13848, 'epoch': 0}
2022-08-30 Tuesday 00:38:57:INFO: {'type': 'metric', 'label': 'recall_rate', 'k': 18, 'rate': 0.4879404968226459, 'hit': 6757, 'total': 13848, 'epoch': 0}
2022-08-30 Tuesday 00:38:57:INFO: {'type': 'metric', 'label': 'recall_rate', 'k': 19, 'rate': 0.49602830733679953, 'hit': 6869, 'total': 13848, 'epoch': 0}
2022-08-30 Tuesday 00:38:57:INFO: {'type': 'metric', 'label': 'recall_rate', 'k': 20, 'rate': 0.5031773541305604, 'hit': 6968, 'total': 13848, 'epoch': 0}
2022-08-30 Tuesday 00:38:57:INFO: {'type': 'metric', 'label': 'MAP', 'value': 0.21856311046592455, 'sum': 3026.661953732123, 'total': 13848, 'epoch': 0}
2022-08-30 Tuesday 00:38:57:INFO: [7, 18, 162, 67, 2, 37, 150, 69, 1, 16090, 28, 25, 26, 1, 250, 6, 1, 2, 7200, 4, 7, 1, 1, 13, 31, 1, 17, 50, inf, 337, 17, 8, 1, 2, 1, 4, 2, 22, 1, 13, 2, 7, 21, 42, 141, 32, 4563, 3, 114, 4, 1, inf, 24, 8, 1, 2703, 38, 226, 42, 2, 21, 6, 215, 22, 30, inf, 3, 43, 595, 5, inf, 1, 3, 20, inf, 3, 1, 180, 1651, 367, 5, inf, inf, 73, 7, 3, 3, 1074, 948, inf, 5, 5, 3, 107, 105, 228, 1, 151, 1, 168, 247, 4, inf, 44, 4, 5, inf, 172, inf, 2, 5, 188, 161, inf, 1, 1, 43, 79, 1, 130, 44, 369, 5451, 1, 74, 158, 3458, 9, 1, 825, 38, 4, 90, 4999, 7, 299, 2, 4, inf, 10, 29, 1169, 2, 364, 207, 193, 2, 65, 47, 1655, 81, 591, 30, 2, 1257, 18, 45, 3, 890, 1, 1, 541, 1, 8, 185, 153, 12, 258, 3767, 13, 1, 8, 49, 3, 15, 24, 15, 68, 616, 88, 59, inf, 9, 2, 2, 268, 100, 6, 951, 3, 206, 2, 208, 29, 11, 10, 246, 33, 4, 15, 94, inf, 2, 1230, 23, 3, 1, 6, 8, 4, 4, 1153, 4, 12, 881, 150, 129, 12, 43095, 101, 84, 1, inf, 71, 1, 529, 14, 13, 183, 51, 171, 4, 30, 45, 18, 88, 15, 2, 130, 148, 3, 10, 962, 19, 4, 1, 908, 18, 1, 6, 2, 1, 1, 75, 136, 1, 36, 10, 5, inf, 137, 1, 9, 11, 331, 2, 42, 23, 37, inf, 4, 6, 660, 8, 2809, 9, 1081, 1, 3, 20, 84, 1801, 1035, 388, 1, inf, 7, 4, 4, 8, 8, 2, 15, 1, 12, 3, 167, 95, 1, 4, 22, 1, inf, 2, 33, 5, 57, 183, 8, 42, 611, 53, 2, 16, 10, 107, inf, 10, 54, 14414, 1, inf, 2, 149, 123, 511, 1, 5, 997, 97, 502, 1, 8, 1, 4, 59, 1, 22160, 47, 55, 1, inf, 13, 199, 11, 8, 271, 6, 11, 3, 1, 7, inf, 10, 10, 43842, 3, 14, 29, 391, inf, 2170, 5, 15120, 1013, 1, 124, 45, 2, 1, 21, 102, 8, 15, 75, 9, 1, 23, 77, 8914, 9, 1, 2, 999, 2322, 10, 7, 207, 669, 14, 1, 2, 147, 1, inf, inf, 500, 47, 621, 28, 10, 345, 1045, 1, 1, 7, 2, 2, 277, 72, 20, 4, 2, 19, 32, 1, 1670, 2, 186, 34, 25, 1, 7, 1, 179, 248, 9986, 86, 64, 1373, 33, 48, 14, 4, 6, 1, 1, 26, 477, 9, 55, 3156, 98, 37, 20, inf, 25, 4, 26, 1, 163, 4007, 7192, inf, 7, 146, 228, 11, 7, 1695, 888, 28, 68, 62, 24, 1, 319, 35, 2, 16, 22, 1057, 99, 1, 3, 140, 2, inf, 1, 166, 176, 2, 555, 32, 56, 46, 10383, inf, 2, 2, 1, 19, 24, 1, 5, inf, 9, 31, 1, 1, 1, inf, 9, 3, 8, 4545, 2, 2, 449, 1, 157, 83, 1, 2, 307, 2, 1, 1, 2174, 4, 8, 1, 791, 327, 115, inf, 1, 1, 119, 3, 1, 790, 90, inf, 10, 10, 94, 1, 3, 13, 101, 11, 42, 136, 4, 154, 111, 24, 2408, 32, 117, 1, 4, inf, 317, 295, 1, 20208, 53, 1, 9, 1, 443, 44, 16, 158, 35, 170, 21, 78, 1, 4, 82, 8, 1, 244, 83, 286, 138, 198, 70, 4, 1, 27, 891, 220, 37, 1, inf, inf, 214, 19, 130, 216, 1, 10, 3, 1, 115, 710, 1, 27, inf, inf, 90, 121, 8, 10, 10, 1, 97, 355, 6, 7, 1, 3, 3281, 267, 3, 27, 434, inf, 42, 1, 1373, 27, 77, 10, 6, 96, inf, 23, 69, 32, 44, inf, 3, 34445, inf, 2685, 2, 1, inf, 20, 47, 1, 4, inf, 15, 1, 43, 901, 62, 9, 509, 4762, 5, 117, 137, 80, 25, inf, 32, 548, 10, 3, 5, 40, 111, 2, 15, 14, inf, 12, 1, 180, 2, 131, 2, 7, 63463, 90, 2, 361, 1, 40, 15, 6, 333, 1, 1, 16, inf, 27, 1, 4, 19, 189, 4, 11, 9, 9, 516, 28, 44, 24, 19, 3, 8, 335, 246, 73, 195, 100, 418, 2, 263, 8, 643, 45, inf, 134, 38, 12, 3, 35, 19, 296, 19, 2, 185, 83, 235, 5, 906, 462, 4, 3, 13, 27, 86, 14, 3, 11, 2, 11, 15, 2, 55, inf, inf, 460, 7, inf, 293, 43, 37, 21, 15267, 122, 2, 15, inf, inf, 155, 6, 5, 8, 71, 17, 1, 7, 6, 59, 378, 18, 520, 41, 10, inf, 95, 2, 487, 122, 9, 689, 54, 109, 46, inf, 39, 319, 119, 12, 129, 24, 34, 19896, 7, 186, 77, 11, 7, inf, 60, 358, 839, 536, 276, 2, inf, 70, 4, 5, 426, 34, 1060, 1, 41, inf, 31405, 154, 4, 10, 107, 7, 3, 10, 6054, 12, 4, 46, 13, 174, 8, 45, 3, 18, 1181, inf, 35, 9, 261, 12, 62, 391, 1949, 2, 332, inf, 115, 2021, 1, 1, 12, 2, 8, 7, 156, 2, 3, 11, 27, inf, 97, 50, 1, 1, 1, inf, 1, 22, 90, 4, 11, 6, 2, 2, 698, 1, 8, 1, 2, inf, 65, 1, 1110, 982, 33, 24, 23, 2, 4725, 59, 18908, 460, 7, 26, inf, 1, 507, 54, 96, 14, 1, 1, 7730, 102, 3, 4, 9, 729, 2, 1, 4, 2, 2, 2, 14, 47, 34, 70, 265, 222, 487, 1, 37, 35, 6, 3, 56, 20, 141, 2, 2, 3387, 456, 670, 3, 453, 1, 11, 3, 196, 13, 41, 2, 1, 164, 35, 3, 22, 1, 176, 2, 1, 23, 3, 28, 76, 4, 2, 32, 140, 125, 1, 510, 1, inf, inf, 736, 6, inf, 6, 2057, 523, 1, 543, 13, 60, 3, inf, 1, 2, 139, 3850, 36, 410, inf, 20, 3, 1, 12, 19, 16, 94, 53, 5, 5, 2, 46, inf, 629, 50, inf, 270, 14, inf, 9, 37, 333, inf, 167, 7, 31, 142, 7, 31, inf, 8, 276, 478, 17, 1, 1, 29, 4, 79, 2, 414, 12, 1, 6, 561, 2, 2, 7, 242, 4535, 40, 1, 209, 3, 5, 1277, 7, 392, 10, 143, inf, 3, 173, 2, 217, 1, 3, 2, 1, 27, 17, 167, 974, 16, 95, 7, 22, inf, 11, 2, 3, 131, 32, 603, 9, 82, 1518, 49, 2, 1, 1, 1, 2, 1, 11, 1, 141, 2, 978, 3, 21, 1, 37, 1, 32, 1, 13, 2, 3, 16, 31, 262, 33, 3, 24, 232, 9, 742, 496, 338, 123, 10, 62, 17, 46, inf, 740, 9, 20, 1, 5, 2, 999, 11, 4, 10, 2, 12, 14, 22, 15, 25, 187, 14, 131, 2, 69, 20, 1353, 47, 2, 8011, 148, 21, 7, 4, 2, 8076, 1, 2, 4, 6, 1, 4, 12, 3, 26, 1, 18, 78, 17, 69, 262, 101, 3, 3, 1, 1, 652, inf, 2, 1, 11, 404, 5, 1, 6, 239, 76, 1, 34, 85, 822, 46255, 544, 1, 3, 14, inf, 20, 1, 1, 21, 60, 5, 252, 5, 5, 5115, 7, 8, 23, 395, 1, 3, 2, 2, 10, 42, 6, 345, 124, 11911, inf, 167, 1505, 18, 70, 16, 24, 2783, 1, 6, inf, 1, 22, 4, 2, 133, 61, 97, 16, 5, 5271, 1, inf, 7, 80, 469, 6, 2, 4, 17, 139, 177, 5, 2, 645, 1, 88, 150, 127, 2, 2, 32, 1625, 4, 308, 15, 9, 11, 19, inf, 44, 2, 85, inf, inf, 1, 35, 7, 16800, 47, 1, 2, 4, 6, 83, 10, 1, 795, 19, 84, 89, 3, 509, 24, 29, 80, 256, 220, 316, 36, 39, 2, 3, 3, 1, 24, 2106, 1, inf, 3, 85, 252, 2, 2, 1, 14, 1, 362, 344, 8, 2, 1, 2, 9, 10, 29, 37, 7, 8178, 145, 16, 3, 1, 22, 2, 148, 2, 9, 360, 18, 33, 4, 1004, 7, 3, 14, 2, 2, 1, 2, 1, 36, 135, 63, 3, 103, 28, 37, 42, 6, 1, 3709, 102, 55106, 29, 8, 226, inf, 287, 31, 19, 13, 18, 142, 25, 47, inf, 9, 4, 83, 1, inf, 4, 5, 13, inf, 3, 754, inf, 144, 491, 216, 9, 2, 12, 4, 116, 11, 147, 15, 1, 34, 1, 7, inf, 4, 2, 28, 7476, 36, 207, 6, inf, 1, 3, 196, 83, 133, 2, inf, 3, 59, 93, 14, 1, 3, 63, 224, 19, 9, 3, 8, 7, 1056, 17, 49, 57, 1185, 1, 2, 3, inf, 1, 24, 282, 13, 1, 33, 4, 13, 31, inf, 11, 179, 1, 4, 1, 1, 4, 105, 8, 33, 135, 1004, 167, 189, 3, 3, 49, 41, 52, 129, 6, 1, 1, 1, 106, 3, 43, 69, 4, 3, 12, 6, 3, 1, 5, 1, 1, 20, 4, 1, 4, 1, 62, 149, 40, 11, 1, 1, 37, 34, 1, 7, 2, inf, 1, 1, 6, 11, 14, 1, 32, inf, 6, 18, 58, 2, 19, 1, 222, 63, 9, 40, 37, 1, 11, 26, 491, 231, 4, 24, 11, 2645, 12, 9, 3, 714, 1, 2, 17, 4, 3, 2, 61, 55, 1, 1, 6, 1, 3, 3, 247, 2, 327, 64, 164, 27, 28, 26, 16, 2, 8, 2, 38, 19, 5169, 6, 4, 20, 76, 15, 1, 2, 7, 6, 26, 222, 36, 3, 21, 107, 136, 357, 1, 4, 4, 9, 2, 43, 2, 3, 3, 6, 3, 3, 112, 555, 111, 4, inf, 24, 7, 1, 3, 148, 1799, 13, 26, 5, 1, 5, inf, 33159, 20, 3794, 18, 28, 1, inf, 220, 65, 1, 167, 1221, 22, 22, 17, 80, 27, 4, 27, 190, 52, 735, 16, 7, inf, 2, 55, 1, 9, 4, 5, 181, 2, 24, 1, inf, 21, 6, 102, 4, 5, 151, 87, 1, 5, 4, 1, 8, 1, 10, 38, 10, 1, 5891, 7, 716, 446, 14, 101, 2, 1, 63, 48, 25402, 813, 30, 5, 325, 60, 2, 365, inf, 1, 836, 2, 56, 7, 1071, 4, 47, 113, 26, inf, 331, 584, 6, 58, 104, 8, 6, 2, 68, 575, 34357, 829, inf, 8, 97, 4, 4, 2, 11, 30, 69, 4, 99, 13, 206, 1, 8, 33, 216, 1, 1, 33, 9, 1, 5, 147, 8, 41, 16338, 55, 1, 717, 205, 3, 239, 110, 2, 26, 1, 2050, 2, 199, 99, 94, inf, 3, 1, 8, inf, 2, 2, 2, 1, 34, 49, 83, 1, 41, 2, 245, 353, 9, 11, 548, 75, 63, 2, 2, 440, 143, 13, 3, 63, 2, 1, 185, 1035, 46, 199, 59, 326, 35, 15, 2, 155, 2, 15, 65, 231, 1, 73, 21, 5, 5, 439, 4, inf, 2, 32, inf, 76, 1, 1, 1, 72, 23, inf, 3, 10, 229, 10021, 7, 38, inf, inf, 165, 2412, 196, 91, 5, 210, 1, 18, 48, 14, 13, 500, 108, 1, 1, 96, 10, 2, 11, 2, 1, 4804, 22, 32, 10, 1, 4, 429, 2, 8008, inf, 86, 96, 197, 888, 4679, 258, 8, 4192, 2, 3, 580, 4, 105, 1, 807, 275, 36, 72, 17, 9, inf, 2, 179, 2, 36, 2, 37, 8, 6, 168, 807, 3990, 37, 331, 30, 377, 38, 15, 1246, 10, 80, 3, inf, 17, 6, 53, 264, 1345, 6, 258, 258, 175, 694, 51, 57, 2, 26, 2, 4, 1, 23, inf, 12, 170, 15, 22, 7, 7, inf, 43, 2, 1, 68, 2, 154, 9, 5, 88, 1, 27, 1, 6, 2199, 69, 6, 4, 1, 1, 1, 1, 1, 5, 1, 2, 2, 23, 13, 48, inf, 2, 67, 1, 3, 34, 156, 4, 116, 1562, 197, 28, 4, 30, 106, 7, 3, 1, 6, 7, 4, 23, 60, 7, 94, 10, inf, 504, 1251, 2, 14, 1, 3, 7, 60, 4, 3, 277, 2, inf, 2, 2, 113, 174, 1, 327, 380, 199, 37, 31, 24, 67, 1, 54, 1, 1, 408, 6, 75, 5, inf, 281, 15, 1, 1, 3, 1, 5, 6, 9, 73, 10, 92, 14, 233, 389, 18, 12, 5, 108, 34, 1, 1, 2, 35, 291, 3, 11288, 387, 10, 5, 63, inf, 1, inf, 35, 200, 2201, 1643, 36, 9, inf, 13, 139, 250, 3, 4346, 9, 1, 5, 19, 17, inf, 160, 19, 5, 1, 142, 9, 285, 14, 7, 66, 6, 88, 5, 10, 23, 2, 3, 57, 2, 23, 565, 916, 33, 3, 275, 5, 432, 6, 105, 4, 2, 42, 11, 1882, 5, 1, inf, 7, 4, 26401, 2, 294, 292, 5, 22, 123, 236, 15, 199, 1, 542, inf, 1, 4, 144, 18, 853, 896, 19, 169, 254, 22, 19, 1, 74, 4, 27778, 34, 250, 178, 331, 3, 15, 2, 85, 5, 2377, 1011, 1, 3, 5, 271, 40, 2272, 4, 94, 150, 3, 310, 2, inf, 1, 3, 110, 1, inf, 33, 17, 281, 300, inf, 4888, 8, 17, 156, inf, 5, 5596, 20, 7, 8, 63, 335, 15, 75, 1, 2298, 27, 1, 548, 7, 10, 4, 1, 73, 10866, 82, 136, 19, inf, 21, 3, 261, 1, 17, 34, 2, 222, 1, 2197, 98, 14, 116, 1, 30, 6, 2, 1, 28, 96, 28, 1, 1, 6, 215, 44, inf, 139, 1, 43, 4, 1, 2, 1, 385, 110, 4, 5, 4, 13, 1, inf, 1, 2, 19, 7, 2207, 5871, 8, 10, 472, 1, 6, 269, 23, 111, 1, 14, 31, 3595, 155, 544, 1, 917, 32, 190, 2, 2, 8, 1, 1, 134, 8, 2495, 2, inf, 144, 18, 233, 32, 184, 52, 26679, 16, inf, 4, 1, 1, 15, inf, 304, 1, 49, 6, 16, inf, inf, 1, 413, 93, 190, 4071, inf, inf, 54, 5, 107, 2, inf, 1, 25651, 109, 18, 10, 2, 2, 44, 4305, 140, 264, 2, 9534, 2752, 609, 3, 6, 10, 28, 25, 73, 1, 6, inf, 3, inf, 2, 6, 21020, 10, 3, 1, 19, 3, 21, 542, 3, 226, 35, 305, 44, 2, 8, 4737, inf, 1, 24, 2, 22, 8, 6, 2, 7, 4, 4, 3, 7, 3, 370, 9453, 475, 15, 9, inf, 9, 10, 13, 1, 764, 15, 1, 1072, 80, 22, 1796, 210, 13, 13, 13, 13, 6, 1, 1, 6, 6, 6, 9, 9, 17, 8, 17, 2, 62, 1, 1, 1, 7, 1138, 7, 4874, 3, 1, 42, 58, 15, 302, 5, 64, 5, 29, 89, 776, 164, inf, 5, 15, 186, 1, 3, 8, 20, 177, 449, 28, 26, 11, 7, 8, 3, 50, 31, 31, 20, 9, 46, 1, 33, 1, 37, 2, 8, 2, 318, 71, 20, 36, 1, 3, 6, 7, 12, 4, 1, 1, 1, 4, 3, 3, 6, 98899, 12, 1, 5, 1, 5, 5, 5, 5, 106, 1, 106, 106, 4, 5, 4, 5, 1, 32, 1, 11, 2, 56, 4, 6, 756, 5, 14, 12, 3443, 8, 4, 29820, 3, 729, 47, 1, 693, 35, 21, 34, 1118, 948, 314, 14, 6080, 1, 160, 11, 28, 8, 146, 63, 1, 2, 216, inf, 1, 1, 31, 58, 1, 436, 30, 13, 1371, 78, 34, 4, 1, 27, 21, 1, 4, 6, 84, 3, 1, inf, 6, 61, 93, inf, 1191, 29, 207, 98, 6, 6306, 254, 14, 123, 929, 93, 1, 7, 1, 61, 1, 332, 198, 9, 862, 23, 10, 1, 20, 50, 5, 2, 2, 455, 152, 54, 14, 57, 51, 10, 50, 715, 18, 2, 9, 24, 9, 52, 58, 707, 131, 1, 30, inf, 11, 94, inf, 8, inf, 4, 23, 27, 2283, 1, 639, 10, inf, 1257, 1, 31, 1, 4, 3, 37, 182, 134, 1, 26, 12, 856, 166, 4, 1, 8, 84, 12, 33, 29, 3, 511, 656, 1492, 85, 3, 64, 90, 8, 73, 77, 41, 1, 55, 1589, 55, 102, 13, inf, 60, 9185, 1, 1, 46372, 1, 2, inf, 48, 125, 4, 2200, 14, 1, inf, 47, 1, 10, 316, 40, 4, 257, 9, 1, 29, 26, 430, 17, 13, 13, 2, 3881, 141, 18, 50, 1, 2, 38, 29, inf, 58, 98, 3, 42, 102, 38, 26, 1, 12, 4, 142, 6, 6363, 8, 99, 2, 1709, 4, inf, 1117, 10, 199, 1, 8, 1066, 7, 1679, 31192, 3, 2, 38, 16, 1, 1, 2, 156, 1, 375, 43, 23, 2, 4, 33, 5, 40, 1, 1443, 268, 82, 1, 19, 14, 25, 2, 204, 10542, 259, 18, 29, 1, 2, 1500, 23401, 10, 2, 12, 2, 1, 11, 7, 8, 53, 20600, 444, 5, 7, 11, 8, 244, 97, 1, 22, inf, 5, 16, 3, 37, 9, 5, 85, 6, 171, 4, 155, 23, 346, 1, 2, inf, 5, 1, 16, 3, 151, 20, 7, 187, 1, 104, 4, inf, 80, 43, 191, 23, 39, 56, 3, 1, 14, 120, 15, 1295, 5, 32, 11, 7, 4, 1, 3, 3, 33, 13531, 3, 20, 1, 18, inf, 2, 1, 4, 53, 1697, 1229, 62, 1, 3, 3, 8, 3, 253, 2821, 3, 12, 8, 39, 2, 8, 2, 5, 3, 2, 66, 1, 1, 1, 1409, 11, 5156, 22, 15, 25, 1, 2, 199, 5, 314, 2, 1393, 943, 5, 74, 65, 281, 45961, 7, 49, 179, 1, 130, 1779, 490, inf, 1, inf, 3, 8, 2, 456, 35, 658, 53, 2597, 106, inf, 236, 149, 7, 2, 2, 10, 5, 1579, 1, 458, 9, inf, 266, 3, 6, 5, 15325, inf, 8, 25, 1, 31, 22, inf, 5, 11, 2, inf, 1137, 5, 1, 370, 13, 34, 1, 4, 16, 9, 1, 19, 110, 4, 339, 13, inf, 132, 82, 2469, 7, 1, 3, 9, 997, 91, 11, 13, 7, 13585, 18, 8, 5, 30, 12, 2, inf, 112, 22, 5, 1, 384, 1, 128, 65, 5, 2, 1053, 3, 3, 9, 21, 15, 25, inf, 142, 6, 34, 4, 10, 21, 30, 6, 13, 1228, 25, 102, 58, 1, 130, 14, 626, 2, 1, 1, 17, 236, 1, 31, 9, 34, 628, 350, 14, 50, 294, 78, 18, 1, 1, 2, 7, 54, 1, 220, 1, 318, 8, 7, 1, 2571, 874, 17, inf, 22043, 1, 65, 358, 42, 692, 430, 21, 24, 52, 1, 1, 111, 1, 35, 1, 4, 3, 2, 315, 1034, 16, 11, 56, 2, 36, 5, 2, 3, 42, 10, 10, 7, 1, 148, 32, 19, 221, 9, 902, 5, 25, 11, 1, 15, 600, 1, 4, 1, 136, 24, 6, inf, 166, 306, 10, 80, 1, 1, 59, 16, 1, 1, 184, 10, 16, 20, 91, 1434, 2038, 21, 147, 6, 893, 67, 1, inf, 8, 84, 147, 1, 22, 448, 94, 12, 14, 119, 10, 15, 72, 4, 4, 1, 4, 11, 17, 61, 2, 988, 1, 7, 1, 6, 18, 1, 1, 87, 9, 4, 27, 1, 1, 11, 290, 91, 1, 20710, 1, 46, 111, 18, 736, 6, 124, 792, 3, 523, 22913, 242, 5, 11, 168, 437, 9, 830, 28, 36, 12, 9, 581, 7, 15, 193, 3, 1361, 1, 1341, 611, 27, 1, 4, 4, 310, 29, 3, 20, 84, 4, 473, inf, 96, 2797, 2, 2, 7, inf, 232, 215, 84, 4, 1, 1, 249, 43, 183, 4, 810, 4, 130, 95, 10, 395, 41, 2195, 5, 98, 14, 13, 124, 1, 1, 105, 1, 56, 18, 559, 1, 36, 996, 22, 2, 76, 129, 13, 275, 1, 3, 1, 2, 100, 5, 7, 637, 78, 26, inf, 352, 1073, 24, 27, 3, 1, 73, 14, 1, 4, 29, 20, 2, 1, 8, 48, 34899, 91, 17, 4, 102, 1, 8, 226, 7, 4, 9, 1, 109, 854, 12, 99, 83, 1898, 124, 6, 10, 8, 681, 12, 40, 1737, 10, 7, 86, 45, 21, 219, 1954, 141, 6, 2, 5, 5, 10, inf, 63, 73, 1633, 10, 3, 385, 5, 17, 142, 1, 21, 11, 11, 2, 17, 876, 1, 12, 416, 4, 5, 264, 5, 611, 241, 3, 1, 13, 23, 2, 139, 231, 3, 119, 2, 1, 183, 32, 3, 6103, 20, 1, 1, 883, 69, inf, 369, 12, inf, 6, 10, 8, 46, 343, 4, inf, 41, inf, 368, 1, 10346, 21, 36, 6, 256, 48, 248, 4, 19, inf, 80, 182, 1, 132, 1, 796, inf, 3, 2, 8, 11913, 7068, inf, inf, 3, 77, 29, 344, 11, 2, 282, 88, 113, 81, 7, 13, 35, 1, inf, 23, 10, 8175, 1, 691, 234, 2, 194, 616, 249, 105, 4, 50, 4, 2, 1, 11, 25, 74, 798, 2, 31, 1, 17, 301, 177, 1, 2, 75, 218, 431, 2, inf, 4, 2, 1, 33, 1, inf, 3, 81, 2, 20, 26, inf, inf, 14, 2, 2, 534, 9, 32, 36, 32, 21, inf, 86, 3, 60, inf, 11, 69, 95, 2, 722, 17, 1424, 31, 2, 4, 10, 22, 248, 3, 223, 10, 125, 9, 201, 1, 1, 1, 4, 68, 1, inf, 198, 7, 37, 11, 22, 557, 42, 141, 143, 5, 59, 28, 6, 6, 230, 1, 9, 5, 1, inf, 10, 10, 178, inf, 2, 55, 285, 121, 38009, 2, inf, 438, 35, 16, 513, 6, 1, 15, 6, 122, 3, 36, inf, 1, 1, 145, 50, 1, 1, 1, inf, 10348, 2, 78, 49, 1, 8, 123, 6, 18, 8, 48, 7, 2, 12, 527, 1081, 9, 527, 145, 445, 12, 7, 35, inf, 9, 71, 13, 88, 126, 9, 8, 159, 2, 2, 62, 1, 108, 1, 1, 67, 13, 1, 28, 1, 8, 87, inf, 206, 1, inf, 1, 8, 30, 114, 338, 1, 1, 102, 7, 1, 2, 104, inf, 130, 65, inf, 5, 1, 322, 17, 2082, 70, 204, 2, 700, 5, 1, inf, 1, 13, 58, 9, 9, 14, 2, 7539, inf, 1, 113, 49, 149, 1, 1, 1, 1, 1, 37, 26, 13, 435, inf, inf, 267, 308, 51, 7, 1, 4, 19, 5, inf, 2110, 133, 283, 3, 4, 1, 17, inf, 57, 6, 264, 1, 4, 1, 5, 5, 25, 40, 4580, 55, 11, 12, 79, 140, 39, 38, 17, 47, 417, 446, 9, 3, 98, 1, inf, 10, 9, inf, 205, 14, 10, 24, 1130, 40, 14, 1, 592, 6, 396, 70, 2, 6, 25, 10080, 61, 183, 538, 1, 53, 30, 836, 330, inf, 47, 266, 40, 27, 598, 6, 49, 12, 35, 13, 10, 114, 1707, 98, 3, 521, 286, 213, inf, 126, 27, 5, 115, 182, 1, 215, inf, 22, 2, 5, 1, 6, 421, inf, 61, 5, 2, 5, 1, 324, 1, 5, 54, 77, 4, 43, 43, 7, 233, 1, 4, 1, 48, 528, 2, 1, 5, 22, 40, 1, 2, 70590, 1, 164, 1, 19, 1542, 2, 324, 38, 3, 265, 456, 1, inf, 113, inf, 2, 21, 65, 1195, 25, inf, 3, 1681, 672, 140, 8, 323, 6, 32, 1609, 18, 10, 101, 3, 10, 6, 3, inf, 354, 2, inf, 234, 22, 14, 37, 10, 86, inf, 125, 15, 39, inf, 406, 17, 90, 4, inf, 1, 3, 2, 8, 14, 49, 37, 3, 408, 16, 1, 3, 3, 1, 3, 1, 11, 2, 42, 18, 99, 7, 259, 197, 443, 1, 924, 1, 85, 66, 314, 43, 40, 380, 50, 5, 90, 79, 762, 1, inf, 3, 4, 1066, inf, 12, 25, 14, 15, 102, 2, 659, 2, inf, 408, 12, 35020, 24322, 14, 580, inf, 31, inf, 22, 12, 1, 7969, 2, 3, 71, 2, 82, inf, 4545, 4, 5, 7, 2, 1, 547, 648, 1, 1, 527, 94, 1, 27, 27, inf, 24, 7, 7, 5, 25, 1, 1, 58, 1, 1, 194, 337, 329, 3, 305, 20, 62, 16, 1, 23, 52, 267, 2, 15, 1, 3, 1, 3201, 1, 45, 315, 5, 5, 63, 47, 7, 3, inf, 15, 1, 185, 18, 1, 250, 224, 14, 15, 41, 59, 11, 3147, 9, 154, 9, 1, 62, 1, inf, inf, 15, 5, 16, inf, 42, 10, 4, inf, 98, 3, 3, 5608, 173, 126, inf, 28, 15, 9, 83, 47, 1, 12, 6, 6, 2, 2, 5, 1, 5, inf, 4, 1, 10, 78, 337, 2, 6, 67, 8, 8, 1, 5, 45, 160, 213, 87, 251, 222, 502, 68, 162, 56, 240, 202, inf, 20, 182, 20, 5299, 53, 26, 65, 26, inf, 7, 4, 26, 6, 127, 33, 18, 300, 1, 28, 1, 10, 75, 22, 2, 329, inf, 2, 216, 12514, 74524, 37, 354, 21, inf, 227, 1, 5, 1, 1, 2, 64, inf, 40, 4, 1, 12, 1, inf, 9, 50, 367, 123, 119, 198, 2116, 1, 8491, 11, 881, 2, 83, 383, 45, 3, inf, 6287, 1077, 1747, 17, 121, 291, 6, inf, 62, 1, 1, 284, 3, 20, 1, 16, 90, 18, 21, 48, 33, 56, 294, 81, 1, 509, 6, 37, 307, 15, 3, 895, 6, 4, 22, 4, 5, 210, 5, 25, 16, 3, 21, 7, 4, 29, 112, 5, 6, inf, 13, 3, 7, 1, 74, 61, 75, 32, 48, 22, 113, 1, 10083, 815, 1, 4, 3, 120, 11, 1, 1825, 14, inf, 49, 2, 1, inf, 14, 6, 15, 17, 4, 2, 13, 2, 122, 44, 3, 2, 3, 1, inf, 49, 6, 275, 4, 3, 1, 2, 24, 48, 382, 28, 3, 21, 5, 9, 33, 1, 6, 7, 2, 9, 2, 376, 68, 57, 208, 21, 1, 1, 5, 12, 17, 39, 6, 2, 5, 2300, 266, 22, 14, 4, 2, 31, 18, 1, 129, 4, 2, inf, 1, 13, 21, 137, inf, 12, inf, inf, 11, 5, 19, inf, 95, 10, 302, 64, 1, 215, 1, inf, 2, 71, 50, 6, 3, 68, 51, 154, 7, 154, 4, 251, 13, 10, 33, 2048, 1, 3, 13, 16, 1402, 27, 37, 2744, 387, 3, 120, 323, 7, inf, 85, 3, inf, 69, 32, 1, 2, 5, 299, 1, 225, 259, 493, 77, 120, 1, 15, 37, 1, 450, 14, 7, 2, 53, 5, 3, 3, 6, inf, 1, 82, 3, 6, 64, inf, 17, 13, 52671, 2, 5, 1, 2, 4, 179, 2, 2, 1, 8, 1, inf, 1580, 495, 63, 61, 208, 23, inf, 2, 2, 36757, 67, 3428, 14, 490, 5, 4131, 6, 394, 13, 1, 574, 13, 247, 61, 4163, 6266, 2, 3, 1, 2, 1, 2, 2, 3, 2, 1, 1, 1, 1, 1, 2, 2, 1, 2, 3, 3, 3, inf, 13, 12, 51, 330, 406, 5, 14, 2, 31751, inf, 1, 28, inf, 97, 9, 7, 77, 1, 160, 968, 22, 43, 48, 1, 415, 17, 31, 11, 1, 467, 24, 4, 51, 28, 37, 4, 166, 825, 1, 53, 406, 352, 177, 25, 5, 3, 13, 8475, 195, 2, 7, 795, 33, 49, 1, 2, 7, 107, 2, 3, 8, 199, 28, 8042, 74, 115, 130, 1, 1, 1, 1, 66, 8, 1, 16, 2, 156, 6, 4, 147, 33186, 12, 16, 3, 412, 49, 82, 19, inf, 3, 46, 9, 111, 4, 549, 42, 1389, 31, 10, 2, 11, 42, 198, 126, 177, 3, 2, 7, 6, 2886, inf, 1, 8, 127, 1, 49, 59, 1, 1, inf, 169, 3, 1, 203, 1, 3, 39, 3, 1, 3, 6, 56, 38, 120, 1, 17, 29, 6, 10, 11, 1, 7, 91, 122, 28, 368, 3, 3, 215, 3, 3, 7, 13, 18, 1315, 66, 63, 51, 149, 1, 1785, 3, 1, 9, 5, 255, inf, 28, 2, 2, inf, 1, 6, 17, 29, 217, 344, 1516, 1, 2, 3, inf, 456, 54, 1, inf, 3, inf, 4, 99, 28, 6108, 6, 7, 1, 4, 10, 2365, 7, 47, 5, 1, 22, 193, 18, inf, 1, 158, 19, 553, 2, 40, 3, 4, 1, 72, 1, 1, 4, 1, 5, inf, 1, inf, 69, 2, 84, 10850, 100, 9, 2, inf, 37, 1, 98, 13, 35, 270, 144, 1, 2955, 19, 434, 2, 17, 19, 77, 54, inf, 1, inf, 10, 6, 363, 8, 59, 55, 4, 2, 33, 29, 2, 666, inf, 925, 4, 5, 28, 73, 8, 20, 3, 4, 7, 7, 87, 2744, 3138, 72, 190, 303, 3, 1, 3, 686, 188, 1, 57, 9, 444, 605, 466, 6, 17, 2, 293, 1, 204, 2, 6, 4, 7, 220, 1, 57, 1, 3, 1, 35, 1, 3, 14, 1, 38, 1, 69, 5, 195, 43, 4, 4, 6, 4, 1, 1, inf, inf, 156, 7, 19, 187, 1, 1, 4, 221, 12, 203, 86, 48, 8, 3, 2, inf, 3, 8, inf, 10, 2013, 2333, 43, 529, 692, 79, 54, 75, 1, 27, 11, 348, 244, 49, 307, 2, 1, 3, 20, 1064, 200, inf, 202, 1, 49, 6, 28, 2, 95, 1, 2, 5, 1, 131, 20, 3, 21, 1, 3, 468, 49, 1, 162, 12, 11, 712, 89, 3270, 2, inf, inf, 1, 79, 1, 2, 36, 2, 43, inf, 897, 306, 306, 5, 130, 152, 5, 2, 48, 38, 1, 152, 31, 718, 1, 8, 80, inf, inf, 1, 19, 10, 4, 21, 64, 567, 73, 3, 44, 19, 43, 6, 15, 13, 6, 37, 157, 10, 51, 8, 2020, 189, 14, 26, 2492, 10, 3, 64, 4, 366, 40, inf, 63, 15, 7, 16, 8, 13, 260, 34, 9, 4, 12, 9, 106, inf, 25, 218, inf, 3, 5, 2, 1, 1, 20, 84, 24, 16, 31, 12, 2508, 84, 19, 379, 10, 30, inf, 23, 31, 15, 5, 10, 40, 823, 4, inf, 1, 429, 1, 18, 34, 2, 229, inf, 50, 3, 455, 28, 135, 2, 2527, 482, 143, 2, 260, 5, 26, 1, 26, 553, 4, 1204, 1389, 18, 30, inf, 314, 348, 428, 4, 396, 1, 5, 2, 18, 8, 17, 26, 263, 80, 53, 63, 3, 163, 7, 1, 13, inf, 7, 276, 11, 127, 132, 39, 20, 2762, inf, 3, 35, 1240, inf, 4, inf, 23, 48, 17, 10, 164, 1, 10, 23195, 917, 70, 1, 1798, 19, 2, 6, inf, 11, 316, 587, 124, 803, 5, 1, 10, 21, 22, 166, 1266, 15, 22026, 90, 14, 75, 1, 123, 341, 6, 40, 19, 18, 34, 1, inf, 93, 1, 66, 955, 4, 576, 5, 1406, 299, 16, 506, 33, 5, 17, 25, inf, 179, 39, 4, 3, 16, 1, 2, 28, 1, 22, 37, 37, 134, 30, inf, inf, 24, 1, 3, 16, 5, 8, 8, 69, 8, 9, 60, 5004, 21, 2, 16, 1, 1, 23, 11091, 151, 3, 1, 15, 13, 1, 285, 4, inf, 1, 5, 57, 2014, inf, 19, 17, 13, 1, 3, 37, 5, 2, inf, 1, 2, 1015, 3, 18, 1370, 7, 47, 34, 230, 1, 25, 1, 1, 72, inf, inf, inf, inf, 22, 13, 14, 3, 26, 18, 32, 29, 102, 1, inf, 9, inf, 21, 109, 19, 5, 12, 3, 6, 13, 17, inf, 25, 13, 937, 19, inf, 210, 2, 83701, 424, inf, 39, 331, inf, 4947, 13, 4, 27, 3, 17, 31, 183, 1, inf, 111, 731, 74, 30, 25, 11, 49, 39, 17, 5, 1, 1, 6, 2, 1, 9, 1, 9, 4, 158, 61, 2, 1, 36, 199, 3, 2, 7, 84, 1, 3, 1, 91, 50, 2, 15, 2, 2, 5, 89, 1, inf, 12, 2, 3, 78, 300, 3, 2205, 1, 415, 2, 4360, 10, 84, 376, 3, 1, 22, 32, 6, 557, 5, 12422, 2, 105, inf, 5, inf, inf, inf, 4, inf, 1, 2, 5, 73, 245, 2, inf, 1, 13, 3, 3, 192, 9967, 83, 54, 2, 19, 44, 2, 152, 2, 1, 2, 1, 122, 62, 4, 3, 547, 105, 3189, 185, 4, 36, 192, inf, 3, 7, 62, 269, 193, 122, 3, 7, 41, 812, 70, 17, 3, 32, 2, 164, 403, 3, 1, 1, 6, 1, 17117, 153, inf, 84, 40, 63, 19, 58, inf, 2, 12319, inf, inf, 14, 148, 16, 1677, 25, 1483, 74, 13, 36, 24, 22, 16, 21, 11, 28, 34, 1, inf, 1, 560, 4, 393, 4421, 76, 2056, 8, 16, 13, 29, 15, 57, 4, 32, 5, 31, 30, 207, 27573, 171, 10, 270, 113, 2, 79, 8, 10, 8, 8, 2, 71, 23, 43, 9, 153, 53, 13, 3, 18, inf, 499, 4, 117, 1, 1, 3, 310, 13, inf, 82, 40, 2, 11, 18, 3, 24, 2373, 157, 1569, 5, 3575, 26, 31, 1, 1, inf, 116, 4, 445, 290, 200, 16, 1, 34817, 247, 555, 414, 1, 128, 6, 4, 2, 12, 5, 7, 12, 5, 3, 79, 506, 669, 4, 5, 38, 136, 487, 8, 15, 1, 2, 19, 16, 1, 242, 1, 36, 2, 7, 1, 11, 1, 742, 1, 4, 387, 53, 5, 76, 281, 306, 23, 5, 6, 1, 1, 30, 12, 9, 1, 5, inf, 19, 2, 4, 1251, 2, 6, 1, 125, inf, 70, 9, 19, 86, 2, 5, 1, 7, 5, 11, 2160, inf, 31, 1, 49, 18, 180, 1, 6250, 30, 8, 18, 9, 27, 75, 3, 28, 191, 925, 56, 14, inf, 1, 8, 931, 114, 2, 4, 23834, 14, inf, 254, 91, 6, 236, 155, 1, 13, 14, 1, 3, 5, 11, 5, 1, 3, 1, 71, inf, 5, 19, 8, 7, 21, 3, 3, 48, 1, 3, 299, 2, 13, 7, 14, 1536, 160, 5, inf, 52, 1, 20, 1577, inf, 6, 3, 5, 4849, 80, 445, inf, 1, 5, 35, 1, 14, 3, 83, 10729, 1, 1, 298, inf, 3, 16, 1, 1, 1, 1, 1, 1, 1, 1, 1, 1, 1, 1, 1, 1, 1, 1, 1, 1, 1, 1, 1, 1, 1, 1, 1, 1, 1, 1, 1, 1, 1, 1, 1, 1, 1, 1, 1, 46, 3, 1, 79, 10, 22, 2202, 58, 1, 21, 5, 10917, 4, 3, 3, 1, 2, 36, 1, 24, 1018, 1923, 6, 1, 327, 185, 61, 29, 425, 15, 430, 64, 61, 690, 1, 10, 3267, 20, 1, inf, 386, 1297, 1872, inf, 16, 5, 6, 849, 174, 18, 9, 6, 63, 7329, 95, 21, 4, 336, 478, 8, 23, 54, 22, 17, 1, 4, 2, 63, 8, 233, 2, 1, 2, 60, 55, 5, 61, 2, 1, 1, 557, 3825, inf, 11, 4, 4, inf, 1, 5, 791, 702, 4, 17, 3, 7, 65, 84, 15, 709, 593, 239, 7, 8, 7, 37, 129, 3, 1, 19, 36, 7, 5, inf, 14, inf, 39, 6, 3, 2, 20, 20, inf, 198, 17, 11, 14, 2, inf, 2, 1, 3, 37, 22, 1, 3, 56, 9, 2, 92, 1, 1, 578, 10, 236, 63, 7, 6, 10, 38, 190, 564, 12, 17, 147, 1376, 22, 478, 10, 12, 21, 1, 100, 153, 1, 38, 50, 41, 299, 1, 2185, 26, 1, 1, 57, 11, 6, 539, inf, 3, 5, 6, 3, 1, 2, 83, 16, 151, 5, 7, 90, 485, 129, 133, 25924, 1, inf, 5, 3, 199, 6, 12, 26, 30, 4, 28, 5, 84, 92, 29, 37, 27, inf, 133, 7459, 1, 4, 90, 2885, 16, 81, 65, 546, 48, 12, 10, 8, 326, 647, 169, 1, 27, 150, 18, 23, 604, 17, 123, 27, 8, 22, 1, 60, 784, 35, 50, 2130, 7, 3, 28, 542, 4, 2, 688, 1010, 622, 4, 1, 7, 20678, 11, 278, 4, 12, 138, 1, 18, 6, 10, 38, 6, 2, 55, 97, 1, 4, 99, 1, 578, 1, 121, 15, 337, 39, 6, 28, 10, 811, 14, 1, 6, 24, 1, 12, 1779, 2, 1, 48, 1, 2, 3, 12, 10, 35, 770, 219, 3, 10, 164, inf, 333, 14367, 2, 12, 39, 4, 2, 310, inf, inf, 864, inf, 9, 8, 7, 237, 106, 13, 2, inf, 78, 35, 3, 112, 61, 98, 36099, 14, 2, 134, 30, 1, inf, 2, 121, inf, 357, 82, 536, 244, 13, 10, 7, 16, inf, 123, 336, 6, 35, 1271, 59, 1122, 323, 4, 34, 289, 1, 76, 135, 2, 34, 91, 46, 6, 1, 344, 6, 853, 9, 1, 10, 752, 45, 12, 1, 9, 36, 5, 60, 9, 140, 23, inf, 73, 1, 349, 7, 2, 3, 32, inf, 1, inf, 4, 12, 2, 2, 1, 53, 2, 38, 4, 136, 53, 42, 53, 98, 1073, 120, inf, inf, inf, 2, 14, 580, 2, 402, 18, 16, inf, 26, 1, 11, inf, inf, 6, 17, 6915, 1, 3, 11, 1, 1, 9, 168, 31, 3, 5356, 19, 3, 311, 10558, 29, 74, 1, 1, 1, 2, 74, 457, 38, 69, 47, 1, 191, 25, 70, 24, 2, 2, inf, 1, inf, 36, 37837, 1570, 5, 23, 610, 6, 5194, 14, 831, 143, 5, inf, 5, 14, 3745, 16, 34, 2, 2, 5, 20, 1092, 751, 72, 2715, 8, inf, 101, 1, 94, 1, 49, inf, 630, 20, 2317, 45, 24223, 356, 13, 6, 343, 33, 97, inf, 371, 26, 13, 1, 71, 668, inf, 17, inf, 47, 111, 75, 132, 98, 189, 1, 10, 16, 17, 6, 1, 4, 59, 29, 2, 1, 9, 673, 3, 13, 2523, 9, 168, 4, 8, 8, 8, 1, 30, 690, 962, 1, 96, 80, inf, 1299, 1, inf, 1, 3, 3, 3, 3, 1, 6, 91, 119, inf, 18, 96, 13, 1, 1, 30, 77747, 2, 171, 7, 60, 38, 30, 1, 43, 3, inf, 5, 69, 16, 5, 4, 27, 36, 16, 11, 11, 1, 19, 153, 810, 1, 526, 1680, 3, 478, 182, 6761, 11, 36, 168, inf, 1, 82, 18, 1390, inf, 20, 1, 7, 47, 10, 42, 34, 536, 11, inf, 7, 24, 4, 313, 9, 49, 12, 187, 11, 5, 4, 32, inf, 4, 24472, 1, 228, 15, 4, 9, 19, 24, 48, 2243, 12, 4, inf, 780, 38, 7, 21, 2, 1, 3762, 376, 4, 6, 5, 6, 63, 4, 2, 57, 6243, 2, 1, 169, 1, 1, 10, 51, 28, 1, 7, inf, inf, inf, 149, 24, 1, 22, 11, 1, 3, 1, 25, 100, 5460, 78, 3, 22, 6, 14, 6, 13, 802, 32, 693, 19, 89, 21, 28, inf, 3, 3, 2, 114, 4, 4, 2, 16, 1, 56, 8, 164, 148, 38, 3392, 74, 119, 74, 82, 606, 32, 13, 8, 592, 50, 22, inf, 1, 1, 1, inf, inf, 37, 7, 5, 1, 4, 1339, 5, 135, 24093, 11, 7, 127, 480, 116, 4, 548, 58, 4, 7, 1, 19, 9855, 76, 21, 2, 713, 1, 2, 1, 17, 45, inf, 82, 91, inf, 32, 3, 167, 321, 25, 204, 3, 8298, 375, 2, 5, 54, 177, inf, 144, 107, 44, 5, 68, 1797, 62, 3, inf, inf, 2, 105, 4, 171, 796, 9, 31, 8, 26, 1587, 116, 5, 30, 4, 10, 2, 6, 1, 8, 3, 72, 6, 3470, 3689, inf, 1, 19, 5, 2, 1, 1, 13, 69, 2, 5, 189, 665, 35, 776, inf, 12, 1, 1, 2, 410, 42, 9, 11, 15568, 35, 1, 16, 54, 3, 3, 336, inf, 1, 19, 5, 1, 5, 2, 93, 33, 142, 350, 67, 1, 29646, 29, 3, 1, 1411, 1, 16, 3916, 39, 18, 2, 5, 1671, 1, 10, 21, 303, 4, 3559, 398, 114, 1, 56, inf, 7, inf, 468, 48, 1, 9, 37, 1, inf, 1, inf, inf, 31, 3, 4, 10, 53, 15, 5, 81, 1, 1, 395, 8, 5, 2, 21, 24, 116, 5, 135, 1, 47, 41, 1, 11392, 1, 9, 378, 1, inf, 5, 15063, 10, 161, 29, inf, 1, 1, 9, 1, 35, 8, 256, 414, 295, 3, 60, 51, 5786, 11787, 3, 1, 642, 15581, 2, 6, inf, 7, 33, 25, 1, 1, 84, 21, 4, 36, 706, 173, 1, 11, 325, 3, 3, 4, 13, 28, 18, 22, 6, 1, 4, 29, 1, 2288, inf, 1, 1, 7, 38, 2, 1, 23, 7, 1, 1, 36, 35, 13, 3, 62, 3, 17, 7, 607, 1, 156, 271, 6, 96, 3, 10, 86, 88, 3, 3, 2726, 21, 7, 82, inf, 162, 26, 63, 14, 5, 15, 4, 2, 4, 62, 3300, 80, 512, 47, 58, 73, 3, 8, 10, 2, 12, 2633, inf, 1, inf, 9, 4, 942, 14, 1, 6, 57, 3514, 9285, 44345, 4, 1, inf, 2, 5, 2, 2, 28, 73, 2, 4, 2, 604, 12, 7, 220, 5, 1, 19, 8, 6, 9, 20, 2082, 6, 8, 1, 42, 119, 200, 5, 171, 5, 1, 351, 83, 1, 1, 125, 324, 1, 13, 10, 29, inf, 8, 2, 1, inf, 1, 331, 2, 5, 1, 70, 214, 9, 7, 435, 4, 178, 494, 1, 4, 19, 3, 974, 1, 1, 37, 14, 125, 126, 2, 64, 931, 7, 36, 4, 258, 30, 486, 21, 41, 15, 7, 16, 52, 3, 409, 170, 369, 66, 114, 534, 2544, 13, 3, 21969, 601, 14, 85, 5108, 8, 27, 35, 4, 2, 1, 27, 3, 11, 84, 403, 267, 25, 2, 11, 10, 17, 11, 98, 13, 9580, 38, 28, 1, 9, 4, 1236, 49, 1, 147, 88, 171, 1703, 41, 91, 31, 1, 7938, 273, 9, 4, 29, 65, 3, inf, 166, 120, 114, 151, 52, 4, 1, 801, 7328, 4, 307, 6, 19, 9, 8, 9, 2117, 66, 13, 221, 92, 177, 21, 87, 46, 97, 3, 6, 3, 2, 261, inf, 1604, 9, 93, 2, inf, 7, 17, 2, 1701, 7, 4, 1027, 18, 43, 3, 3, 10, 212, 200, 2, inf, 2, 2, 161, 38, 9, 1, 15, 29, 1, 4, inf, 3, inf, 2, 2, 4, 238, 12583, 1, 539, 128, 222, 1, 335, 2, 26, 75, 61, 3, 14, 2, 2, 1052, 32, 2, 90, 8454, 941, 569, 3020, 32, 220, 5, 20, 2, 3, 273, 531, 1, 159, 3, 2, 106, 12, inf, 7, 64, 21, 208, inf, inf, 35, 10, inf, 16, 11, 595, 57, 7, 2, 67, 17, 1, 169, 67, inf, 1, 128, 624, 144, 1201, 16, 13, 2061, 17, 3, 126, 3, 1, 24, 791, 19, inf, 44, 1911, 18, inf, 23, 3, 5, 4, 21875, 6, 31, 20, 101, 162, 96, 62, 58, 28, 25, 595, 30, 76, 5, 2, 2, 3, 3487, 20, 15, 6, inf, 35, 133, 145, 247, 12, 66, 1, 19, 17, 8, 2197, 8, 85, 1, 176, 5, 61, 52, 674, 1, 1, 219, 107, 325, 2, 4, 2, 18, 5, 182, 21925, 343, 2, 1, inf, 190, 20, 1, 36, 6, 3, inf, 347, 21, 6, 9, 1, 593, 13, 19, 1, 6, 17, 42, 3, 1, 22, 2012, 6, 280, 432, 2, 139, 9335, 82, 3889, 2, 3, inf, 112, 251, 17, 10, 62, 4, 1, 48, inf, 30, 136, 52, 3, 37, 113, 1, 822, 11, 68, 7, 46, 2, 10, 210, 5351, 127, 36, 3, 11637, 39, 778, 15, inf, 14, 3, 94, 12, 513, 2, 20, 1, 1, 32, 1, 467, 3, 182, 48, inf, 2, 11, 235, 245, 451, 1, 14, 108, 1578, 462, 14, 12, 1, 237, 2, 11, 5, 8, 7788, 471, 98, 357, 190, 108, 1991, 75, inf, 2, 64, inf, 4, 14, inf, 5, 164, inf, 68, 4, 6, 28, 49851, 6, 145, 110, 14, 24, 8090, 4, 19, 74, 1408, 1, 3, 5288, 26, 24, 11, 2, 1, 2, 23, inf, 3, 33, 1465, 4, 17, 223, 27, 9, 3, 5, 6, 1, 481, inf, 11, 264, 27, 1, 9, 5, 1, 235, 16, 1, 242, 1934, 217, 3063, 3, 15, 25, 1, 20, 9, 67, 1, 243, 24, 61943, 64, 279, 27, 543, 1309, 629, 31296, 37, 50, 2, 61, 939, 2, 2, 42, 5, 611, 36, 1, 1, 2, 64, 9, 342, 1, 13, 19, 22, 146, 451, 458, 77939, 7476, 11, 2, inf, 1, 34, 240, 1, 1875, 18873, 35, 13, 6, 10, 479, 2, 37, 19, 20, 578, 132, 18, 6, 5, 7, 3258, 2, 63167, 65, 123, 9, 4, 305, 10, 4, 8, 187, inf, 6, 4, 2, 21, 2, 5, 26, 7, 49, 1, 11, 58, 56, 61, 354, 2, 2, 4, 220, 116, 283, 30, 6, 6, 425, 3, 7, 8, 14, 944, 1, 655, 25, 33, 13, 432, 173, 1, 56, 772, 5264, inf, 329, 3852, inf, 2085, 343, 7, 1048, 9, 491, 2, 5, 19, 616, 47, 2832, 2, 2, 76, inf, 251, 4, 8, 2, 1, inf, 4, 2, 60, 614, 3, 32, inf, 105, 529, 2, 15, 2, 3, 1251, 5, 2, 7, 325, 95, 2884, 53, 135, 41, inf, 10, 1, 7, 193, 16, inf, 86, inf, 15, 42, 529, inf, 24, 1, 1, 1, 47, 2, 1, 573, 1263, 149, inf, 4, inf, 30, 29, 358, 92, 9, 153, 1, 3, 68, 1, inf, 8, 5010, inf, 18, inf, 4, 226, 4, inf, 18, 7, 53, 8015, 23, 16, 173, 11, 4, 17, 13, 154, 1, 2, 24, 239, 21, 46, 31703, 807, 23, 1, 1, 267, 5, 11, 114, 12413, 36, 8, 22, 3685, 1, 69, 34, 1, 2, 20, 11, 1, 2, 2, 7, 5, 830, 2, 5, 7, 557, 703, 112, 9, 156, 6, 15, 2, 1229, 11, 1, 6, inf, 5, 2766, 2, 122, 71, 7, 59, 244, 64, 16659, 4, 1, 31, 28, 189, 2, 88, 45, 6, 2, 24, 20546, 26, 9, 58, 2, 4, 4, 1, 8, 12124, 788, 1, 4, 48737, 72, 79, 7, 10, 11, 1, 220, 84, 62, 98, 145, 187, 298, 256, 14, 4657, 3, 322, 27, 42, 10, 5, 5, 1239, 33, 1, 438, 4837, 35, 35, 35, 56, 5, 758, 63, 1, 40, 163, 931, 12, 100, 24, 18, 1304, 9, 248, 101, 49, 1121, 34, 8, 1366, 8, inf, 13, 1, 2231, 7, inf, 279, 33, 13, 14, inf, 25, 28, inf, 2, inf, 271, 20374, 91, 1, 303, 1, 3, 1, inf, 54, 281, 2, 260, inf, inf, 24, 17, 5, 68, 18, 2, 6, 13, 1, 6, 289, 57, 1, 1, 134, 14, 1, 144, 2, 1402, 12, 3, 2, 22, 28, 33, 25, 11, 115, 145, 11, 16, 2, inf, 3, 93, 2, 1094, 3, 9, 1176, 22, 61, 23, 4, 15, 19, 16, 15, 26, 61, 78, 4636, 1086, 38, 9, 3, 94, 11, 2515, 357, 191, 170, 1, 64, 6, 41, 657, 50, 21, 22, 2850, 3, 17, 241, 30, 290, 37, 1, 4, 3, 21, 137, 2, 5, 7794, 6, 2, 79, 18, inf, 17, 13, inf, 77, 83, 292, 7, 13, 2510, 67, 34, 4, 1, 8, inf, 4, 283, 1, 9, 249, 71, 40, 135, 2, inf, 39, 216, 6, 404, inf, 3, 7, 39, 1046, 158, 3, 149, 13, 61, 71, 13, 1862, 1, 3, 16, 118, 23, 1, 1, 4, 1248, 22, 17, 12, 8, 104, 1, 8, 2, 5, 23, inf, 40, 237, 29, 2, 16999, 5, 7, 8, inf, inf, 21, 7, 6, 401, inf, 14, 304, 15, 3, 492, 9, 101, 627, 3399, inf, 2571, 1, 7041, 673, 376, inf, 47, inf, 1, inf, 332, 4, 8, inf, inf, 31047, 1207, 3, 2, inf, 1, 2, 16, inf, 11, 476, 12, 1, 55, 2, 329, 71, 1, 1, 173, 4, 211, 2, 2, 22, 26, 2, 433, 67, 1, 70, 12, 157, 244, 588, 14, 4, 4, 18, 175, 8, 185, 2, 1, 3, 63, 2, 1, 7, 12, inf, 1, 363, 2, 61, 860, 28, 1, 1, 40, 1, 6, 14, 2, 1, 997, 3009, 721, 1, 33, 56, 318, 15, inf, 5, inf, 2, 1, 187, 50, 29, 10, inf, 26, 1, 15, 82, 1542, 1042, 37, 158, 23, 3941, 40, 14, 5, 1082, 6, 18, 4235, 1, inf, 1, 1, 72, 59, 17, 14, 1, 6, 5, 2, 132, 5, 112, 461, 108, 6, 2, 1, 570, 198, 3, 1, 3814, 21, 8, inf, 13, 8, 4, 1, 1, 104, 394, 78, 1, 21, 247, 4, 21, 1, 62, 191, 156, 183, 1, 1, 1, 9, 2, 68, 19, 21, inf, 3, 5, 24, inf, 230, 10, 36, 70, 256, 14, 913, 40, inf, 4, 2, 29, 3, 1, 1, 382, 334, 115, 49, 29, 1, 5, 2, 1236, 123, 91, inf, 22, 4, inf, 4, 41753, 2, 365, 81, 97, 190, 235, 4, 320, 1022, 20, 19, 5, 5, 796, 412, 26, 4, inf, inf, 3, 14, inf, 68, 60, 21, 31, inf, 1, 380, 7, 1, 85, 392, 179, 248, 401, 138, 2, 3, 2, 1, 3, 2, 264, 13, 1033, 2, 71, 38, 1, 123, 1, 5, 12, 18, 2, 2, 25, 57, inf, inf, 197, 1, 2, 210, 8, 5, 51, 2, 24, 88, 1, 40, 48, 5, 13, 520, 3621, 35, inf, 1, inf, 15, 24, 14, 8, 875, 2, 30, 14, 94, 22, 771, 76, 5, 65, 21, 1, 14, 1, 20, 1, 437, 2, 378, 559, inf, 20, 23, 2, 814, 24, 104, 2652, 300, 1, 39, 1, 4, 1, inf, 1, 58, 1353, 82, 208, 2, 764, 6, inf, 6, inf, 17, 84, inf, 2, 324, 128, 2, 2, 4, 98, 11, 279, 144, 495, 34, 2, 27, 2126, 293, 2, 5, 149, 6, 3, inf, 24, 4, 311, 18, 226, 1, 566, 3, 12, 14, 9, 1, 2266, 14, 2, 3, 6, 4, 4, 1, 12, 11, 7, 3, 1261, 82, 8, 1253, inf, 3, inf, 16, 2, 67, 4, 57, 288, 10, 4, 4956, 88, 2, 270, 5, inf, 1, 9, 139, 5, 1, 200, 2, 50, 3, 13, 6, 3, 438, 137, 43, 1, 1, 26, 1, 4, 20, 22, 86, 186, inf, 23, 10, 4, inf, 110, 386, 1, 6, 17, 13, 5, 2, inf, inf, 152, 1, 9, 1, 507, 62, 2, 206, 40, 202, 38, 9, 5, 67, 9, 162, 3, 5, 21, 55, 1, 38, 2, 1, 364, 1, 287, 1099, 3, 2, inf, 2, 7, inf, 699, 2, 7, 5, 95, 12, 1095, 4, 1, 28, 1205, inf, 5, 60, 2, 691, 19, 2, inf, 366, 16, 8, 3, 380, 18, 1, 3, 14, 1, 839, 5, inf, 1, 9, 13, 258, 18, 10, 3, 17, 28, 9, 6, 1664, 107, 1, 84, 1, 2, 189, 169, 11, 22, 3, 27, 1, 27, 2, 5, 374, 14, 186, 905, 1, 13, 1, 2, 16, 40, 29, 174, 5, 25749, 180, inf, 2, 21, 10, 199, 38, 118, 14034, 256, 1, 16, 176, 282, 3, 2, 7, 393, 2, 655, 313, 2, inf, 50, 10, 18, 40, 1, 3, 99, 1, 81, 1, 9, 14, 7, 5, 11, 1, 1, 1, inf, 56, 2, 122, 33, 8, 188, 3, 4, 1, 1, 38, 346, 7, 3, 2, 52, 1045, 1, 53, inf, 36022, 8, 80, 7, 8, 134, 55, 1087, 42, 90253, 1, 1057, 262, 6, 7, 14626, 37, inf, 1, 101, 1, 1, 3, 15, 11, 11, inf, 345, 5, 241, inf, 12, 2, 630, 7, inf, 2269, 4, 346, inf, 1426, 65, 6, 69, 14, 22, 3495, 3, inf, 12, inf, inf, 100, 2, 104, 416, 28, 2, 6, 23, 4, 34, 175, 639, 16, 25, 16, 1, 245, 10, 19, 17, 205, 1, 1, 5521, 1, inf, 1, 3, 21, 1, 33, 48, 46, 125, 306, 1, 2, 4, inf, 3, 1, 1, 413, 265, 4, 3, 19, 2848, 12, 42, 422, 10, 142, 6830, inf, 1, 29, 5, 506, 424, 2, 2, 2, 8, 1, 26, 14, 1, 6, 113, 22, 304, 1, 27, 1707, 1, 5, 1, 58, 2, 2, 4, 77, 791, 1, inf, 4580, 301, 9, 6, 606, 5, 1, 647, 4, 4, inf, 1, 18, 1, 14, 43, 127, 1, 462, 3, 3, 939, 7, 53, 732, 1, 32, 4, 4, 1, 10, 4, 19, 38, inf, 52, 19365, 1, 3, inf, 96, 13, 170, 2344, 72, 10, 13, 26, 1, 8, 157, 174, inf, 1, 2, 5, 5, 194, 9, 1, 7, 5, 44, inf, 70, 6, 13, 74, 20, inf, 20, 233, 6, 12, 44, 51, 8, 40, 2, 72, inf, 164, 1, 1, 35, 1, 3, 16406, 5, 99, 1, 34, 8, 189, 2954, 1, 171, 1, 7, 291, 29, 10, 1083, 43, 7, 4, 1, 68, 3, 14, 2355, 1, 14, 2, 7, 934, 1, 4, inf, 1, 1400, 24, 7, 3, 72, 830, 105, 12, 391, 2, 2, 31, 4, 53, 1, 20, 9, 3, 2, 1, 61, 2, 15504, 106, 7, 1, 222, 1, 43, 287, 515, 1, 2, inf, inf, 32, 1, 38, 15, 165, 55, inf, 243, 40, 202, 11, 167, 725, 48646, inf, 12, 128, 7, 4, 3, 10, 62, 6, 26, 18, 40, inf, 4, 121, 17, 2, 15, inf, 41, 1, 3, 1, 4, 26, 8, 3, inf, 1, 5, 5, 51, 3, 27, 5, 8, 78, 3, 147, 5, 1965, 2908, 1, 42, 33, 1, 2, 9, 10, 8, 41, 1, 1, 1, 21, 36, 20, 3, inf, 40, 1, 5, 9, 923, 3, 61, 5, 21, 235, 70, 44, 1, 1, 1, 3, 251, 10, inf, 14, 3, 976, 1, 230, 34, 14, 298, 12, 12, 5, 35, 6, 506, 1, 39, 1, 5, inf, 13, 17, 276, 10, 5177, 36, 108, 2260, 11, 21, 1184, 2, 1300, 17, 13, 41, 40, 4, 659, 597, 13, 1, 1, 8, 9, 41, 174, 31, 15, inf, 8688, 55, 45, 19, 1, 51, 19, 5, 346, 42, 87, 4, 66, 9, 4, 271, 1, 2, inf, 15, 3, 1, 2, 41, 2, 36, 1873, inf, 77, 111, 8215, 51, 2, 1, 4, 1, 292, 3, 1, 8, 5, 1, inf, 11, 25, 10638, 9, 13, 14653, 1047, 148, inf, 22, 5, 1, 15, 5, 1, inf, 1, 3, 12, inf, 91, 48, 994, 13, 36, 2, 115, 22, 2, 26, 64, inf, 7, 17, 2, 2531, 15, 1, 91, 5, 17, 2, 1, 6, 2, 61, 590, 1002, 720, 454, 5, 47, 110, 25, 65, 2, 1, 9, 1, 8, 46, 1, 4, inf, 43, 8, 3736, 24, 6, 1, 23, inf, 2, 2, 1, 7, 27, 29, 18, inf, 1, 3, 2, inf, 48, 16, 1619, 1755, 60, 2, 5635, 13, 12, inf, 10, 12, 3, 25, 70, 1, 11, 2468, 687, 64, 13, 144, 7, 50, 62, 12, 1, 3, inf, 46, 2, 10, 6, 37, 14, 2, 2, 3, 4, 17, 39, 28, 5, 772, 6, 17, 2, 1, 6, 5, 5, inf, 82, 2187, 1, 46, 7, 53, 13, 1662, 4, 18, 24, 3, 41, 2, 2, 501, 4, 4, 49, 25, 204, 11, 906, 39, 445, 3, 120, 22, 3, inf, 1, 230, 3, 1, 41, 1, 28, 178, 1518, 65, 5, 1, 3, inf, 1, 10, 1, 19, 39, 13, 10, 8, 1, 341, 10, 85, 10, 24, 1, 2533, 177, 2, 61, 631, 185, 13047, 388, 1961, 33, 503, 454, 18, 42, 5, 16, 1, 18, 1, 1, 101, 1, 3, 129, 53, 2, 80, 513, 11, 11, 434, 310, 16, inf, 1191, 1039, 23, 8, 83, inf, 1, 45, 21, 95, 35, 3, inf, 9, 1, 1, 2248, 72, 4, 10, 6, inf, 3867, 1, 1, 24078, 3, 32, 58, 5, 16, 313, 4, 1, 1828, 9, 28, 1, 292, 8275, 64, 20, 7, 2, 8, 2, 32220, 108, 38, 159, 15, 10, 32, 8, 1, 1, 2, 1, 5, 9, 1, 2, 16, 10, 69, 93, 121, 2, 79, 41, 10, 49, 1, 2, 1, 5, 13, 12, 2, 54, 269, 2, 13, 3026, inf, 3, 836, 1, 2, 30, 11, 21661, 21, 43, 55, 11, 623, 16, 2, 4, 15, 1, 1, 2, inf, 411, 34, 278, 2, 1, 112, 43, 157, 261, 22, 4, 209, 1, 33, 2, 2, 2, 10, 2, 1, 891, 148, 8388, 792, 98, 2, inf, 549, 33, 74, 2, 4, 6927, 1352, inf, 1168, 4, 115, 16, 4, 13, 251, 29, 1, 75, 52, 35, 20, 3, 259, 27, 1, 17, 1, 43, 97, 2483, 4, 4, 5331, 1, 19, 921, 184, 14, 2, 26356, 51, 578, 9, inf, 1, 1355, 118, 2, 16, 35, 2, 56, 7945, 1, 1, 1, 29, 1, 35, 27, 1, 330, 19, 30, 1, 25, 1, 23515, 18, 86, 25, 6, 9, 320, 35, 1, 2, 3, 1, 10, 18, 1438, 17, 5, 3, 4, 81, 1, 12, 31, 3, 3, 4, 1, 24, inf, 415, 13115, 84, 2, 228, 10, 2, 2945, 188, 1, 1, 6, 10, 5, 23, 2, 76, 2, 1, 3, 38, 243, 9, 138, 1, 454, 105, 4, 1, 6, 1, 91, inf, 1123, 18, 92, 135, 75, 92, 8, 6, 11, 8, 21919, 91207, 65446, 1206, 1, 1, 10, 490, 4, 12, 3, 6, 99, 27, 1685, 5, 7, 14876, 23920, 12, 3, 18, 162, 2, 29, 1, 2910, 35, 1, 198, 8438, 7, 72, 6, 10572, 1, 7, 416, 406, 490, 20, 3062, 3, 93, 13, 26, 1, 2, 1, 517, 163, 13, 6, 35, 1, 10, 1364, 4, 20, 1, inf, 9, 261, 355, 1, 23, 103, 3, 1, 136, 23, 8, 2, 61, 3, 3, 9120, 10, 16, 9, 50, 1, 2, 1, 3, inf, 29, 6, 1, 242, 5, 9, 208, 1, 8, 267, 35, 2, 851, 9, 5, 2, 60, 677, 845, 2, 239, 1, 94, inf, 739, 15, 4, 3, 1, 1907, 1, 487, inf, 115, 216, 76, 2, 98, 887, 177, 3, 73, 7, 1, inf, 1, 27, 45, 2, 125, inf, inf, 2, 76, 3, 4, 3, inf, 99, 1, 176, 21, 33, 4, 2, 12, 7, 6, 2, 28, 75, 44, inf, 321, 49, 40039, 3, 27, 15, inf, 2, 73, 5, 4, 2, 1, 139, 1, 7, 4, 579, 101, 2, 710, inf, 431, 536, 3, 10, inf, inf, 8, 4, 28, 2, 3, 63, 555, 91, 1, 90, 518, inf, 30, 4213, 9, 75, inf, 8, 5, 3307, 640, 54, 48, 2, 1, 35, 25, 9, 40, 56, 102, 3, 2, inf, inf, 28, inf, 1161, 568, 5, 218, 1, 1, 1, 34, 175, 2, 1, 5, 1532, 14, 635, inf, 2, 29, 361, 2, 10, 20, 64, 5, 7, 34, inf, 24, 201, 6, 7, 6, 26, 65, inf, 2, inf, 1, 1, 13836, 55, 1881, inf, 68, 2, 12, 6, 82, 162, 277, 36, 6, 1, 7, 16, inf, 8, 2, inf, 3, 6, 76, 25, inf, 2, 13, 28, 1, 1, 5, 2, 1, 12568, 80, 2, 596, 103, 2, 1654, 8, 45, 3, 8, 3, 380, 10, 1, 1, 3, 61, 17, 14, 15, 361, 22, 14, 56, 3, 6, 2, 66, 1, 14, 14, 19, 86, 87, 65, 2, 67, 256, 1420, 42, 1, 1, 22, 142, 6, 2, 113, 136, 73, 5, 15, 434, 77, 78, inf, 5, 19, 9, 13226, 35, 29, 6, 39, 1, 17, 1, 3022, 1, 15, 24, 673, 19, 2, 1, inf, inf, 11, 3131, 2, 42, 100, 389, 24, 29, inf, 5, 389, 43, 3, 1, 242, 3, 2, 1, 1, 13, 19, 37, 49706, 16, 2, 2, 1, 22, 3, 5, 3, 1, 10, inf, 18, 3, 3, 2, 3, 69, 3, 428, 82, 4, 32, 1, 17, 2, 8, 6, 3, 10, 4, 54, 4, 178, 3, 3110, 12, 1, 74, 16797, 255, 2, 142, 1, 5, 1, 1, 2, 1, 36, 1, 2, 134, 1, 1, 11, 9, 614, 1, 13, 4, 39, inf, 130, 4, 14, 2, 41, 11, inf, 938, 56, 16, 129, 2, 1, 1, inf, 2, 21, 6, 1, 5, 1, 24389, 66786, 14, 38, 20, 157, 176, 1, 2, 2, inf, 2, 20, 16, 19, 814, 25, 3, 3, 1, inf, 45, 37, inf, 33, 899, 1, inf, 21, 286, 3, 3, inf, 83, 20, 4, 85, 239, inf, 3, 9, 2, 5, 33237, inf, 20, 71, 2, 1, 1, 1, 2, 1, 1, 11, 3, inf, inf, 5, 68, 15, 13, 9, 5, 4, 34, 2, 4, 144, 21, 79, 4, 5, 13, inf, 156, 48, 56, inf, 93, 30, 1, 42, 6, 3, 1, 10, inf, 1526, 3, 9, 6, 1, 22, 5, 4, 2, 4, 1, 2, 1, inf, 1, 4, 1, inf, 4593, 4, 2, 766, 6, 150, 3, 7, 1, 3252, 11, 373, 1, 6257, 8, 137, inf, 9, 6, 1, 7, 26, inf, 3, 5, 1, 554, 5, 4, 3, 2, 2, 13, 66, 12, 3090, 1, 2, 139, 3, 10, 4719, inf, 10, 2, 117, 483, 4, 143, 4, 3, 4, 7, inf, 10, 192, 11, 1868, 11, inf, 144, 18, 2, inf, 1, 9, 78, 3, 143, inf, 1, 97, 171, 7, 656, 8, 7, 17, 343, 3, 44, inf, 2, 2, 2, 2, inf, 1, inf, 1, 5, 5, 13, 1, 3, 24, 3, 14, 2, 3, 1332, 1568, 55, 10, 30748, 51, 99, 26, 1, 18, 1, 1, inf, 81, 182, 1, 411, 745, 785, 27, 1815, 2, 28, 321, 10, 234, 1, 3, 1, 2, 90, 5562, 17, 37, 1, 5, 226, 6, 1, 4, 28, 46, 76, 42, 2, 607, 22, 32, 30, 3, 4, 13, 67, 5, 1448, 486, 5, 1766, 6, 215, 8, inf, inf, 2, 2, 163, 62, 235, 6, 322, 1, 11, 16, 11, 86, 13, 826, 436, 2, 3, 2, 68, 14, 1, 7, 1, 2, 605, inf, 70, 3, inf, 3168, inf, 10, 1, 1, 2, 145, 11, 122, 16, 16, 1644, 3, 1960, 31, 1, 3, 1, 2030, 242, 8, 64, 1, 1, inf, 209, 24, 48, 3, 18, 7, 59, 48, inf, 474, 2, 1, 2, 1, 126, 919, 22, 147, 11634, 1, 3, 3, 12, 21, 1, 749, 22, 6, 23, 35, 17, 95, 2, 9546, 2, 1, 3, 1, 1, 14, 12, 1, 15, inf, 169, 8, 628, 3, 555, 19, 5, 82, 21, inf, 41, 3875, 26, 3229, 48, 5, 43, 1259, 2, 62, 4, 3, 1, inf, 2, 4, 2, 16, 1, 18, 75, 10, 156, 4, 10, 17, 257, 242, 94, 511, 1, 1237, 7, 80, 9, 19, 8, 5, 31, 366, 348, 70, inf, 433, 6, 11, 51, 2, 6, 565, 8, 4199, 22, 2, 1, 9, 56, 771, 2856, inf, 137, 1, 3, 3, 2, 4, 6, 5, 1191, 6, 64, 170, 2, 6, 1316, 76, 290, 4, 2, 3, 40, 14, 7, 1, 98, 1, 6, 130, inf, 17, 553, 2, 2, 3, 1326, inf, 1, 37, 23, 756, 11, 1475, 683, 2, 22, 10, 2, 2, 81, 410, 2239, 12, 10, 8, 48, 39, 1, 1075, 27, 1, 3075, 198, 11, 184, 1, 39, 18, 1, 8797, 102, 2, 57, 1, 604, 1, inf, 38, 7, 37, 32, 16, 1, 5, 92, 80, 55, inf, 4, 156, 2, 636, 1, 1, inf, 41, 243, 1, 1, 28, 3, 3, 150, 126, inf, 6, 6, 23460, inf, 352, 94, 12, 12727, 1, 18223, 666, 748, 28168, 56577, 2, inf, 2341, 25, 80, 4, 5, 14, 4, 49, 147, 10, 460, 10, 196, 8, 49, 11394, 425, 103, 202, 175, 20, inf, 3, 1, 97, 5, 317, 1, 196, 7346, 438, 507, 1942, 10341, 965, 8, 9, 1, 37, 1, 1, 4, 22680, 1, 8, 109, 1, 2, 30, 70, 1, 1026, 107, 1, 8, 19, 22, 7, 99, 4, 33, 862, 68, 21, 182, 17, 24, 248, inf, 1, 6, 4, 147, 16, 2, 15, 6375, 7, 28, 98, 141, 16, 3, 5, 3, 1, inf, 13, 1, 971, 361, 10, 28, 8, inf, 306, 170, 3, 1, 23, 24, 79, 6, 54, 144, 29, 403, 2170, 10, 392, 8, 7, 8, 15, 175, 29, 23, 1, 28, 5, 28, 291, 5, 439, 1, 1, 1026, 1, 1379, 3, 449, 14, 1, 47, 3, 1, 5, 1, 25, inf, 1, 916, 1, 3, 95, 4, 12, 2, 2, inf, inf, 1, 15, 11, 7, 11, 871, 4, 1, 2, 102054, 1, 166, 29, 10, 48, 2478, 25459, 13182, 20, 105, 21, 1, 1, 1, 421, 18, 1479, 6, 155, 4, 2, 1, 71, 27, 390, 16, 49254, 1, 366, 8, 1, 120, 2, 546, 27610, inf, 51, inf, 2, 10, inf, 7, 8, 13, 2832, 6, 3, inf, 1, 4, inf, 20786, 2, 1, 2, 21, 2, 3, 644, 1553, 456, 46, 11, 2, 1, 1, 22, 116, 24784, 2450, 1, 194, inf, 1, 15, 463, 2, 13, 2054, 17, 94, 8, 482, 1, 1, 35, 187, 6, 53, 15, 22, 3, 146, 6, 6, 2, 3, 6, 1, 1, 81, 105, 17, 188, 2, 6, 7, 49, 2, 89, 2, 23, 1189, 1, 16, 6669, 956, 9, 19, 11, 1, inf, 3, 4, 44, 77, 2, 7, 15, 716, 54, 1, 1, 20, 427, 121, 37, 2, 273, 41, 160, 719, 9, inf, 1, 12, 1, 13, inf, 5, 10, 1, 2, 3, 1, 1, 338, 1, 332, inf, 3, 1, 84, 27936, 10, 1, 648, 3, 16, 3, 143, 92, 10, 5, 9, 25, 19, 27, 151, 2, inf, inf, 66, 4, 37, 10, 6, 100, 5, inf, 3, 10835, 20, 25, 28, 668, 16, 3, 8, 1645, 28, 8, 1, 68, 14, 1, 28, 65, 20, 6, 7, 3387, 1, 1653, 1, 194, 8, 12, 29, inf, 34, 10, 2, 5210, 6, 1, inf, 6, 9, 12596, 1, 3, inf, 376, 74, 1, 3, 4, 61, 86, 1, 1, 16, 75, 95, 1, 81, 67, 2, 32, 107, 14, 18, 1, 9, 29, inf, 2, 15, 1, inf, 5, 1, 2, 14, 12, 4, 58, 6, 1, 5, 57, 107, 111, 28, inf, inf, 20, 2, 2, 4, 8, 4, inf, 92, 17, 1, 2, 9, 156, 14, 2, 4, 4, inf, 1, 4024, 10, 81, 20, 775, 3, 22, 2, 32, 673, 942, 106, 27, 60, 10, inf, 9, 37, 9, 1, 7, 15, 2, 1, 152, 174, 673, 17, 4589, 2, 40799, 3, 1, 53, 85, 1, 97, 12, 3, 26335, 21, 2984, 299, 7, 15, 4, 92, 20, 1, 18, 407, 9, 1, 1, 5, 25, 1878, 219, 77, 17, 139, 489, 94, 2, 3, 349, 1, 62, 126, 1, 10, 3, 4, 15, 25, 132, 21, 93, 1, 1621, 3, 32, 12, 1, 572, 39, inf, 5, 266, 44, 2, 4, 3, 10, inf, 6, 3, 1, 5, 6, 115, 4679, 1, 3, 42, 18, 1, 1, 23, 2, 82, 394, 31, 5, 1, 3, 2, 270, 2, 1, 40, 309, 266, 7, 20, 26, 1638, 21324, 686, 30, 20, 5455, 1, 3, 9752, 17558, 6, inf, 39, 38, 1406, 34, 2, 80, 548, 41764, 625, 4, 1, 7, 81, 333, 47, 53, inf, 3, 1509, 24, 10, 66, inf, 178, 2, 6, 15, 74868, 1, 245, 38, 154, 3, 45, 2, 293, 1, 908, inf, 75, 2, 153, 79, 1, 4, 1402, 8, inf, 15, 4, 10, 25, 46, 17, 140, 5, 521, 4, inf, 2, 200, 1, 110, 321, 4, 17, 2, 8, 1, 110, 53, 177, 9, 1, 30, 41, 1669, 12, 92, 9, 22, 761, 56, 5, 3, 5, 3, 53, 9, 31, 80, 5, 26, 2, 174, inf, 41, 1, 1, inf, 2, 1138, 18, 3, 1, 2, 3, 1298, 2, 35, 1, 69, 18860, 2, 55, 17, 1, 514, 208, 1, 1, 4, 2, 72, 7, 1, 1, 6, 2, 39, 2, 17, 29, 943, 1, 10, inf, 45, 2, 14, 1405, 39, 241, 492, 28, 1, 1, inf, 11, 192, 1, 19, 8, 7800, 6, 132, 110, inf, 89, 98, 4, 8, 70, 4, 5, 19, 26, 67, 1, 1, 26, 3, 230, 143, 152, 14, 2, 2, 22, 6, 44264, 1, 7, 1, 2, 159, 4, 41, 1, 243, inf, 24079, 24, 2, 56, 43, 3, 17, 6, 78, 1, 2, 1, 6, 1, 390, 19, 7, 2, 1, 1, 158, 11, 69, 4, 3, 28, 1, 5, 14272, 148, 3, 1, 44078, 3, 1, 1, 2, 19, 397, 3, 78, 57, 75, 68, 2, 230, 4, 31, 1, 555, 1, 621, 32, 52, 34, 3, 8, 9, 1305, 12, 679, 29, 103, 1, 484, 7, 11640, 21, 159, 249, 97, 1, 81, 3, 82, 5, inf, 8, 17, 1, 6, 1, 57, inf, 2, 6, 895, 2, 28, 27, 8, 2, 1, 4163, 5892, 3, inf, 11069, 2, 36, 142, 1, inf, 1, 165, 327, 1, inf, 44, 193, 4, 591, 1, 23, 2, 167, 12, 15, 4, 92, 20, 14, 13, 3, 111, 6, 18, 24, 1, 14, 134, 3, 42, 1, 2, inf, 142, 12, 27, 34, 1370, 2, 16, 68, 1, 1, 10, 553, inf, 44, 31, 5, 1, 1852, 489, 4, 1, 9, 4, 8, 13, 260, 11459, 7517, 59, 5, 1, 3, 6, 354, 81, 9, 29, 8536, 1, 246, 14, 1, 37, 3, 2180, inf, 81, 121, 45, 4761, 5, 39, 1, 4, 5, 50, 1, 1, 1, 6, 2, 1084, inf, 307, 8, 2, 77, 2608, 158, 328, 255, 3, 12, 59, 27, inf, 37, 2, 69, 36, 1, inf, inf, 186, 470, 10, 4, 10, 1, 1, 1, 5269, 1, 13, 29, 43, 2, 207, 137, 8, 418, 7, 2, 3, 1, 2, 11, 9, 1, 48, 4, 8, 74, 10, 42, 113, 3, 9480, 58418, 7, 1, 5, 98, inf, 112, inf, 25, inf, 99, 1, 171, inf, 10822, 8, 2, 12, 178, 182, 9, 45, 1, 54, 3, 7, inf, 12, 1, 3, 378, 22, 2, 117, 4, 157, 27, 17, 120, 197, 97, 6, 27, 520, 10, 2, inf, 12, 3, 50, 254, 493, 16, 17, 994, 86, 19, inf, 10, 1197, 48, 18, 2, 30, 14, 59, 6, 1014, 188, 1, 31, 2, inf, 31619, 13, inf, 2, 407, 3, 1, 138, 24, 13, 592, 303, inf, 3, 2, 10, 1383, 600, 27, 119, 9, 2, 2, 16, 2, 997, 11, 2, 174, 16, inf, 65, 105, 426, 416, 6, 2, 62, 2, 2, 19, 203, 6, 4, inf, 3, 127, 9, 226, 3, 188, 156, 78, 338, 139, 48, 1, 1, 1, 1, 1, inf, 1757, 9, 5, 47, 59, inf, 69, 232, 288, 28, 3, 5, 4, 1, 4, 1, 61, 102, 216, 4, 6, 10, 14, 143, 14, 9, 5, 311, 17, 79, 1, 1, 86, 28, 30, 9, 1, 19, 21, 1, 2, 1, 23, 25, 205, 399, 6, 160, 1, inf, 14, 13, 1, 46, 1551, inf, inf, 8658, 5, 172, 20, inf, 367, 308, 6, 2, 8, 115, 238, 3, 1, 148, 1, 2, 1, 34, 1, inf, 58, 1, 6, 11, 25, 863, 125, 4, 96, 22, 3, 477, 10, 5, inf, 32379, 444, 6, 8, 11386, inf, 29, 105, 1, 23, 3, 26, 2322, 232, 1291, 60, 1227, 1, 4, 12, 2, 1, 58, 36, 12, 1, 14, 4, 96, 5, 5, 33, 39, 2, 83, 1, 436, 8, 17, 22, 89, 1, 102, 8, 20, 378, 1, 2, 5, 378, 32, inf, inf, 29, 3, 189, 2, 1, 2, 1, 1, 1, 15, 4, 8, 351, 9, 85, 132, 33, 1463, 7, inf, 12991, 22, 1884, 3, 11, 968, 107, inf, 1, 16, 47, 2, 6, 12, 2, 1, 25, 86, 6, inf, 23, 4, 533, 197, 40, 6, 5, inf, 36, 27, 182, 7, 54, 4, 3449, 1, 43, 10, inf, 14, 230, 20, 11, 2, 710, 2, 9037, 1, 156, 20, 11, 7, inf, 146, 1, 86, 2, 1315, 26, 1379, 3, 7977, 14, 1, 17, 23, 15, 3, 4707, inf, inf, 3, 4, 2, 80, 2, 1115, 9, 14, 24, 192, 138, 174, inf, 15938, 2, 47, 28, 8, 42, 26, 73, 130, 24, inf, 6, 28, 4, inf, 459, 59, 14, 1, 1, 6, inf, 35, 68, 2, 226, 81, 6, 41, 121, 355, 9, 21, inf, 6, 33, 3, 84, 2, 8, inf, 6, 29, 1, 18, 568, 76, inf, 1, 12, 174, 19, 1, 1, 16, 3, 312, 60214, 3, 265, 30, 31, 37, 51, 1, inf, 117, 2, inf, 4, 4, 101, 1, 45, 433, 4, 9, 116, 27, 1967, 28, 1, 5, 2137, 16, 4, 5, 1, 120, 68, 8, 5, 609, 2, 46, 9, 28, 1545, 2, 5, 19, 148, 6, inf, 3303, 67, 623, 44397, 16, inf, 2, 45, 1, 162, 31, 1224, 112, 37, 1113, 1613, 79, 90, 90, 37, 6, 14, 12, 3, 5, 1, 72, 45441, 1, 1, 1, 1, 32, 25, inf, 2, inf, 36, 1, 20, 11, 2, 14, inf, inf, 48, 102, 54, 5708, 85, 4, 199, 1, 11, 223, 76, 83, 5049, 2, 7, 655, 1, inf, 69, 47, 18, 878, 3, 132, 2, 5831, 1, 32, 11, 2, 10, 1, 1, 1, inf, 2, 6, 40, 19, 9, 198, 1, inf, 15, 5, 428, 5, 1014, 2652, 1054, 13, 2, 7, 3, 4, 5, 1, 40, 3, 4, 1, 51, 24, 293, 464, 7, 4, 164, 1, 444, 131, 2, 11890, 1, 438, 1, 2, 148, 107, 3, 24, 48, 490, 10, 3, 22, 2, 5, inf, 2, inf, 3, 6, 1, 3, 9, 58, 16, 1, 10, 13, 392, 44, inf, 1, 2, 1, 6, 6, 1, inf, 3, 4, 1, 20, 100, 17, 2, 31, 3, 27, 1, 4, 18, 43, 201, 19, 7, 1, 6, 8, 2792, 34, 3, 20, 1, 414, 1, 10397, 15, 98, 98, 17, 198, 1, 1, inf, 10, 3, 10, 7, 16, 34, 12, inf, 9, 23, 1, 201, 3, 38, 48, 20, 6, 6, 44, 3, 2, 2, 4, 6, 23, 1163, 245, 55, 2, 11, 52, 9348, 38, inf, 712, 2, 601, 8, 23, 22, 1, 341, inf, 282, 1, 117, 7, 18621, 2, 12, 108, 1, 1381, 65, inf, 69, 46, 1554, 6, 167, 4, 3, 29, 1711, 689, 46, 61, 237, 739, 2, 5, 2, inf, 6, 1, 329, 3, 3, 7, 440, 5, 105, 661, 192, 2, 1, 624, 19, 20, 2, 54, 121, 48, 5, 1, 2, 22, 21, 1, 1, 59, 303, 3, 385, 328, 1, 5, 1, 20, 4, 3, 5103, 57, 2, 28, 4, 41, 3, 321, 97, 958, 4, 100, 75, 2, 209, 2, 9, 41, 45, 11, 38, 10, 33, 5, 49, 2, 8, 8, 1, 110, 72146, 3, 26, 3, 4, inf, 2, 244, 249, 34, 14, 3, 3, 1, 20, 8, inf, 1, 1, 12, 57, 2, 40, 524, 6, 3704, 82, 489, 11, 3, 240, 47, 9, 1, 7698, 77, 75, 5, 1, 3, 5, 62, 14, 23, 568, inf, 68, 101, 158, 110, 1, 47, 1, 1285, 1, 16, 10, 8, 27, 5848, 12, 52, 252, inf, 36, 44, 87, 5, 9, 25, 51, 49297, 1, 3, 46, 45, 47, 21, 4, 12, 23, 67, 99, inf, 17, 7, 28, 5, 1, 28, 5772, 5149, 1, 3, 2322, 8, 11, 115, 35, 105, 4, 4, 1, inf, 5, 9, 1, 6, 3, 1036, 1, 9, 1, 8, 1, 2030, 30, 7, 36, inf, 1, 4, 3, 1251, 129, 721, 5, inf, 6, 127, 19, 99, 1, 4798, inf, 3, 462, 23, inf, 640, 2, 21, 66, inf, 148, 18, 1, inf, 21, 1, 3, 4, 7, 1248, 2, 8, 36, 103, 13, 121, 47, 5, 442, 21, 2, 26, 67, 3, 684, 244, 922, 3, 1, 2531, 1, 13, 30, 30637, 7, 1, inf, 34, 1087, inf, 1287, 2984, 1, 7, 394, 63, 380, 1, 3, 1, 6, 3, 11, 12, 2, 1, inf, 49, 4, 240, 1, inf, 12, 484, 115, 2, 11, 23, 9, 1058, 3069, 10, 3, inf, 3, 4, 11, 8, 3, 2, 3, 1, 15, 61, 1, 1, 24, 21, 8, inf, 1, 8473, inf, 3, 1013, 639, 1648, 1, 1, 3, 30, 153, 5, inf, 4, 1, 12, 47, 42, 4, inf, 8, inf, inf, 55, 2, 4, 4, 25, 4, inf, 1, 57, 5, 2, 5, 41, 1, 1, 418, 209, 34, 4, 10, 5, 663, 24, inf, 1, 2, 10, 33, inf, 48, inf, 4, 14, 3, 6, 107, 2, 52, 991, 50, 73, 3, inf, 1, 176, 2, inf, 2351, 12, 137, 1, 1, 493, 9324, 31, 7, 2, 125, 6, 38, 3, 3, 4, 333, 8, 3, 126, 483, 8880, 8, 260, 12, 4, 6, 4, 75, 1401, 237, 3, 6, 59, 5, 93, 305, 6, 86, 78, 17, 6, 16, 10, 165, 1, 105, 142, 4, 804, 1, 700, 26, 50, 426, 3, 17, 1029, 1, 238, inf, 86537, 37, 19, 4120, 28, 7, 81, 41, 113, 4, 1, 3, 94, 12, 8, 8, 1189, 275, 25, 10, 9, 98260, 1, 1, 9, 12, 192, 826, 1, 3, 1, 4, 1, 1, 1, 10, 3, 54, 1, 73, 3, 17, 3, 11, 33, 98, 2, 44, 21, inf, 179, 66, 74, 217, 3795, 1, 23, 33, 189, 1, 487, 2, 33, inf, 13, 4, 26, 1, 5, 8, 2, 10, 2, 2325, 16, 42, 6, 78, 27, inf, 12, 156, 1, 1, 244, 369, 2, 262, 6, 2, 82, 1, 987, 1, 3, 14, 36, 3, 63, 8, 16856, 1790, 1680, 4489, 8, 2, 5, 23, 117, 79, 9, 15, 24, 3, 3, 107, inf, 274, 11, 766, 1, inf, 1101, 2, 14, 378, 277, 11, 165, 73, 1441, 8, 13, 29, 11, 11, 10, 30, 107, 3, 42768, 8, 101, 7, 11, 138, 6, 15, 1, 119, 26, 168, 1, 6, 3, 40, 3, 233, 1, 1338, 29, 85, 1, 1, 318, 11, 3, 12, 21, inf, 1, 20, 1, 103, 47, 1636, 1, 5265, 1955, 3144, 6, 8, 49, 2, 5, 1, 37, inf, inf, 9, 10, 216, 574, 262, 2, 15, 137, 102, 70, 1, 23, 1, 23965, 8, 2, 9, 33, 40, 2, 1, 3, 197, 153, 7, 4101, 15, 2028, 758, 24, 19, 21, 3, 8, 6, 1, 19, 20, 2, 1, inf, 7, 1, 1, 20, 1254, 47, 12, 3, 7, 15, 3693, 10, 9, 61, 9, 4, 1, 809, 2, inf, 1, 12, 1, 107, 1, 38, 1, inf, 257, inf, 200, 17, 1, 870, 4, 1, 337, inf, 11, 1, 8, 417, 9, 7, 12117, 36, 11, 5, 4, 1, 2, 96, 13, 66, 75, 132, 1, 7, inf, 39, 277, 36, 2, 209, 119, 5, 1, 26, 24, 27, 2, 9, 5, 1, 10, 4, inf, inf, 495, 3, 6, 19, 293, 6, 15, 70, 203, inf, 45, 4820, 8, 44, 1121, 37, 6, 127, 18, 3, inf, 607, 12, 386, 115, 113, 18, 5, 2034, 19, 1, 1, 4, 37, 5, 1, 2, 1, 10, 3, inf, 1, 97, 2, 2, 7, 152, 5, 1, 5806, 2, 6, 25, 12, 1, 36, inf, 7, 76, 38, 49, 1, 2, 14, 83, 1, 311, 2, 10, 1182, inf, 225, 23, 15, 7, inf, 1, 1, 2, 37, inf, 854, 224, inf, 14, 51, 2, 28, 1, inf, 4, 3, 7, 2, 37, 13996, 12109, 75, 20, 41, 103, 25, 5, 41, 77, 1047, 32, inf, inf, 3, inf, 20, 454, inf, inf, 2, 18, inf, 5, 21762, 230, 2, 30, inf, 1, 36, 28, 31, inf, 63, 13, 35, 45, 317, 203, 1, 3, 10, 89, 121, 2, 1, 1, 1, inf, 24, 21, 2, 12, 10, 1, inf, 3, 2, 10, 5, 1, 3767, inf, 1, 5, 5, 16, 1, 1, 528, 84, 2, 18690, 10, 688, 70, 321, 2979, 3, 6, 31, 6, 1, 72, 79, 11, 243, 18, 2, 72, 8, 39, 6, 2, 1, 1, 9, 7, inf, 753, 257, 249, inf, 1, 80, 11, 51166, 6, 4, 3, 6, 10, 11, 62, 116, 5, 30, 6, 50, 3, 36, 166, inf, 24, inf, 293, 3, 818, 7, 3, 127, 5, 3, 123, 3, 1, 15, 241, 1, 2, 1, 15, 50, 5, 176, 138, 2, 2, inf, 11, 1, 7, 68900, 5, 621, 37, 25, 17, 2, 5, 1, 103, 3363, 10, 7, 187, 16, 234, 2, inf, 2, 4, 2, 4, 1, 7, 38, 151, 1, inf, 8, 6887, 2, 2, 7, 9, 11, inf, 2, 1, 11, 491, 9, 5, 133, 1, 2, 1, 205, 8, 1, 62, 23, 2, 11, 6, 3, 69, 3, 1738, 1, 51, 1273, 121, 243, 8, 1, 1, 61, 1, 16, 1, 607, 298, 418, 6704, 35, 1, 1, 15, 3, 3, 1214, 2, 3, 2, 1, 13, 153, 1481, 106, 159, 2, 20, 202, 24, 4, 1, inf, 6, 1, 104, 125, 26, 10044, 83, 11, 4, inf, 133, 135, 10, 1, 65, 1, 3, 11, 26, 6533, 7, 1, 27, 1, 57, 33, 4, 4, 2, 7, 2, 1, 4, 3385, 8, 1, 2, 2, 3804, 3082, 54, 9, 5, 15, 1, 107, 14, 5, 212, 2, 11, 2, inf, inf, 70, 25, 2, 1, 34, 10, 17, 2, 59, 19, 10, inf, 1, 3427, 66, 586, 6, 1, 591, 6, 2, 221, 1, 282, 1, 17, 5, 1051, 20, 2, inf, 168, 37490, 105, 7, 1, 2, inf, 1, 24, 5, 57, 2, 6, 1, 28, 1231, 43, 1, 28, inf, 54, 37, 157, 121, 88, 4, 18, 1, 3, 8, 4, 1192, inf, 1, 8, 2, 1, 41, 32, 184, 9, 2, 59, 2, 1, 440, 14, inf, 1, 1804, 21, 3, 1, 1, 22, 45, 1, 57, 6718, 26, 8254, 1, 1, inf, 1078, 12, 31, 40, 116, 26, 2, 5, 1154, 2, 19, 2, 80, 1, 483, 47, 9, 79, 1, 113, 2, inf, 12, 1491, 133, 2136, 946, 4, 9, 1533, 1, 6, 1, 27, 12169, 2930, 7, 2, 1782, 6342, 102, inf, 868, 1, inf, 9, 10, 13, 6621, 1, 25, 13, inf, 89, inf, 2, 57, 30, 5, 2, 520, 2, 7, inf, 79, 3, 410, 30, 25, 26, 3, inf, 1112, 6, 925, 220, 20, 336, inf, 17, 58, 36166, 1384, inf, 1, inf, 4, 1, 2, 6, 25, 461, 181, 13, 213, 49, 192, 97, 2210, 11, inf, 1, 19, 31, 138, 13, 3, 1, inf, 2, 3, 1, 4, inf, 216, 446, 251, 79, 487, 279, inf, 2, inf, 1, 9, 2067, 179, 2305, 340, inf, 1, 2, 1, 230, 5, 8072, 2517, 26, 25, inf, 1, 120, 105, 86, inf, 2, 1, 8, 2, 215, 27, 96, 1, 1, 12, 6, 1, inf, 22, 193, 16, 2077, 447, 2, 1, 5, 2, 5, inf, inf, 43, 29, 9, 21, 2, 3, 34, 14, 118, 20, 28, 78, 668, 1170, 15, 4, 8, 20887, 25, 54, 6, 8, 2, 3, 104, 1, 1, 12, 5, 9, 1369, inf, 20, 4, 4, 121, 9624, 1, 5, 121, 2, 13, 170, 10, 9, 284, 7, 98, 7, 669, 2367, 3, 2, 156, 120, 24, 2, inf, inf, 3, 2, 7519, 1169, 1, 45, 654, 13, inf, 34, 59, inf, 1, 1, 2, inf, inf, 13, 3, 155, 43, 96, 2, 135, 2, 1, inf, 1, 6, inf, 6, 1, 188, 1, 1234, 5, 145, 4, 4903, 3, 15, 5, 70, 1, 135, 22, 3, 158, 135, 6, 4, 132, 4, 147, 42, 75, 6, 681, 16, 12, 41, 2035, 1, 222, 4, 50, 776, 1, 312, 1, 17, 7, 34, 206, 2, 1, 1254, 236, 13, 35, 7, 1, 7, inf, 2, 1, 1, 34, 8, 23137, 533, 13, 90, 7, 32, 8, 1002, 16, 33, inf, 1, 2, 2, 2, 8, 2155, 8, 2, inf, 7, inf, inf, 90, 3, 19, 11, 2, 16, 1, inf, 7, 1, 6, 17, inf, 1, 56, 51, 2, 296, inf, 49, 12, 3, inf, 139, 3, 23, 1, 149, 7, 3, 5, 35, 1, 1, inf, 4, 86, 45, 14, 2, 69, 13, 9, 53, inf, 4, 1, 3, 1, 3, 2, 5, 4, 7, 4, 26662, 4419, 5, 61, 545, 6, 6, 23, 49, 1, 51, 6, 54, 27, 3, inf, inf, 9, 14, 1, 43, inf, inf, 224, 11, 67, 3, inf, 106, 28, 1, 1, 121, 9, 12, 19, 3, inf, 22, 9, inf, 1, 8, 18, 2, 1, 23, inf, 120, 19, 5]
2022-08-30 Tuesday 00:38:57:INFO: It completed at: 2022-08-30 00:38:57.762956
2022-08-30 Tuesday 00:38:57:INFO: Completed after: 3 days, 6:20:10.028165
