2022-08-26 Friday 23:34:35:INFO: {'bug_database': 'dataset/eclipse-old/eclipse-old_soft_clean.json', 'database_name': 'eclipse-old-sampled-age', 'epochs': 12, 'lr': 0.001, 'l2': 0.0, 'batch_size': 256, 'ranking_batch_size': 512, 'ranking_n_workers': 2, 'cuda': True, 'cache_folder': None, 'pairs_training': 'dataset/eclipse-old/sampled_training_split_eclipse-old_pairs_random_1.txt', 'pairs_validation': 'dataset/eclipse-old/sampled_validation_eclipse-old_pairs_random_1.txt', 'neg_pair_generator': {'type': 'none', 'training': None, 'rate': 1, 'pre_list_file': None, 'k': 0, 'n_tries': 0, 'preselected_length': None, 'random_anchor': True}, 'loss': 'bce', 'margin': 0, 'categorical': {'lexicons': 'dataset/eclipse-old/categorical_lexicons.json', 'bn_last_layer': False, 'emb_size': 20, 'hidden_sizes': [40], 'dropout': 0.0, 'activation': 'relu', 'batch_normalization': False, 'layer_norm': False}, 'compare_aggregation': {'word_embedding': 'word_embedding/eclipse-old/glove_42B_300d_eclipse-old.npy', 'norm_word_embedding': False, 'lexicon': 'word_embedding/eclipse-old/glove_42B_300d_eclipse-old.lxc', 'sent_representation': None, 'tokenizer': 'white_space', 'bow': False, 'frequency': False, 'extractor': {'update_embedding': False, 'filters': ['TransformLowerCaseFilter'], 'hidden_size': 150, 'dropout': 0.0, 'layer_norm': False, 'txt_field_emb_size': 5, 'field_word_combination': 'cat', 'emb_dropout': 0.0, 'scaled_attention': True, 'model': 'linear', 'use_categorical': False, 'bidirectional': True}, 'matching': {'type': 'full', 'scaled_attention': True, 'comparison_hidden_size': 100, 'dropout': 0.0, 'residual': True, 'layer_norm': False, 'attention_hidden_size': 200, 'attention': 'dot_product', 'comparison_func': 'submult+nn'}, 'aggregate': {'model': 'lstm', 'window': [3, 4, 5], 'nfilters': 100, 'hidden_size': 150, 'dropout': 0.0, 'bidirectional': True, 'num_layers': 1, 'self_att_hidden': 50, 'layer_norm': False, 'n_hops': 20}, 'classifier': {'hidden_size': [300], 'output_act': 'sigmoid', 'hadamard_diff_textual': True, 'hadamard_diff_categorical': True, 'textual_hidden_layer': 600, 'categorical_hidden_layer': 40, 'categorical_dropout': 0.0, 'dropout': 0.0, 'only_candidate': False, 'layer_norm': False, 'batch_normalization': False}}, 'random_switch': True, 'recall_estimation_train': None, 'recall_estimation': None, 'sample_size_rr_tr': 0, 'sample_size_rr_val': 0, 'rr_val_epoch': 100, 'rr_train_epoch': 100, 'ranking_result_file': None, 'optimizer': 'adam', 'lr_scheduler': None, 'save': None, 'save_by_epoch': None, 'load': None, 'recall_rate': {'type': 'sun2011', 'dataset': 'dataset/eclipse-old/test_eclipse-old.txt', 'result_file': None, 'group_by_master': True, 'window': 365}, 'pair_test_dataset': None, 'rep': {'model': None, 'input': None, 'training': None, 'rate': 1, 'neg_training': 10000, 'k': 1000}, 'rr_scorer': 'general', 'seed': 670637233}
2022-08-26 Friday 23:34:35:INFO: It started at: 2022-08-26 23:34:35.556551
2022-08-26 Friday 23:34:37:INFO: Turning CUDA on
2022-08-26 Friday 23:34:37:INFO: Using Categorical Information.
2022-08-26 Friday 23:34:37:INFO: Lexicon size: 47070
2022-08-26 Friday 23:34:37:INFO: Word Embedding size: 300
2022-08-26 Friday 23:34:37:INFO: Use white space tokenizer to tokenize summary information
2022-08-26 Friday 23:34:37:INFO: BoW=False and TF=False
2022-08-26 Friday 23:34:37:INFO: Using Summary and Description information.
2022-08-26 Friday 23:34:37:INFO: Using BCE Loss: margin=0
2022-08-26 Friday 23:34:40:INFO: Not generate dynamically the negative examples.
2022-08-26 Friday 23:34:41:INFO: Training size: 3342
2022-08-26 Friday 23:34:41:INFO: Validation size: 108
2022-08-26 Friday 23:34:41:INFO: Adam
2022-08-26 Friday 23:34:41:INFO: Scheduler: Constant
2022-08-26 Friday 23:34:41:INFO: Epoch: 1
2022-08-26 Friday 23:34:41:INFO: LR: 0.001
2022-08-26 Friday 23:34:46:INFO: {'type': 'metric', 'label': 'training_loss', 'epoch': 1, 'value': 0.6316896434995958, 'sum': 2111.1067885756493, 'num_example': 3342}
2022-08-26 Friday 23:34:46:INFO: {'type': 'metric', 'label': 'training_dist_target', 'value': (0.46375907159436613, 0.44320213231121547), 'epoch': 1}
2022-08-26 Friday 23:34:46:INFO: {'type': 'metric', 'label': 'training_acc', 'epoch': 1, 'value': 0.613704368641532, 'num_correct': 2051, 'num_example': 3342}
2022-08-26 Friday 23:34:46:INFO: {'type': 'metric', 'label': 'training_precision', 'epoch': 1, 'value': 0.6201011538505554, 'positive': 981.0, 'total': 1582.0}
2022-08-26 Friday 23:34:46:INFO: {'type': 'metric', 'label': 'training_recall', 'epoch': 1, 'value': 0.5870736241340637, 'positive': 981.0, 'total': 1671.0}
2022-08-26 Friday 23:34:46:INFO: {'type': 'metric', 'label': 'validation_loss', 'epoch': 1, 'value': 0.435753732919693, 'sum': 47.06140315532684, 'num_example': 108}
2022-08-26 Friday 23:34:46:INFO: {'type': 'metric', 'label': 'validation_dist_target', 'value': (0.24412964008472585, 0.3477233250935872), 'epoch': 1}
2022-08-26 Friday 23:34:46:INFO: {'type': 'metric', 'label': 'validation_acc', 'epoch': 1, 'value': 0.7962962962962963, 'num_correct': 86, 'num_example': 108}
2022-08-26 Friday 23:34:46:INFO: {'type': 'metric', 'label': 'validation_precision', 'epoch': 1, 'value': 0.8809523582458496, 'positive': 37.0, 'total': 42.0}
2022-08-26 Friday 23:34:46:INFO: {'type': 'metric', 'label': 'validation_recall', 'epoch': 1, 'value': 0.6851851940155029, 'positive': 37.0, 'total': 54.0}
2022-08-26 Friday 23:34:46:INFO: Epoch: 2
2022-08-26 Friday 23:34:46:INFO: LR: 0.001
2022-08-26 Friday 23:34:51:INFO: {'type': 'metric', 'label': 'training_loss', 'epoch': 2, 'value': 0.33510641258751683, 'sum': 1119.9256308674812, 'num_example': 3342}
2022-08-26 Friday 23:34:51:INFO: {'type': 'metric', 'label': 'training_dist_target', 'value': (0.19898224158746478, 0.22108514404525162), 'epoch': 2}
2022-08-26 Friday 23:34:51:INFO: {'type': 'metric', 'label': 'training_acc', 'epoch': 2, 'value': 0.8557749850388988, 'num_correct': 2860, 'num_example': 3342}
2022-08-26 Friday 23:34:51:INFO: {'type': 'metric', 'label': 'training_precision', 'epoch': 2, 'value': 0.879387378692627, 'positive': 1378.0, 'total': 1567.0}
2022-08-26 Friday 23:34:51:INFO: {'type': 'metric', 'label': 'training_recall', 'epoch': 2, 'value': 0.8246558904647827, 'positive': 1378.0, 'total': 1671.0}
2022-08-26 Friday 23:34:51:INFO: {'type': 'metric', 'label': 'validation_loss', 'epoch': 2, 'value': 0.1729183942079544, 'sum': 18.675186574459076, 'num_example': 108}
2022-08-26 Friday 23:34:51:INFO: {'type': 'metric', 'label': 'validation_dist_target', 'value': (0.12785598966810438, 0.1524876488579644), 'epoch': 2}
2022-08-26 Friday 23:34:51:INFO: {'type': 'metric', 'label': 'validation_acc', 'epoch': 2, 'value': 0.9444444444444444, 'num_correct': 102, 'num_example': 108}
2022-08-26 Friday 23:34:51:INFO: {'type': 'metric', 'label': 'validation_precision', 'epoch': 2, 'value': 0.9615384340286255, 'positive': 50.0, 'total': 52.0}
2022-08-26 Friday 23:34:51:INFO: {'type': 'metric', 'label': 'validation_recall', 'epoch': 2, 'value': 0.9259259104728699, 'positive': 50.0, 'total': 54.0}
2022-08-26 Friday 23:34:51:INFO: Epoch: 3
2022-08-26 Friday 23:34:51:INFO: LR: 0.001
2022-08-26 Friday 23:34:56:INFO: {'type': 'metric', 'label': 'training_loss', 'epoch': 3, 'value': 0.1935253876865017, 'sum': 646.7618456482887, 'num_example': 3342}
2022-08-26 Friday 23:34:56:INFO: {'type': 'metric', 'label': 'training_dist_target', 'value': (0.12473412028406282, 0.1074608462360503), 'epoch': 3}
2022-08-26 Friday 23:34:56:INFO: {'type': 'metric', 'label': 'training_acc', 'epoch': 3, 'value': 0.9248952722920407, 'num_correct': 3091, 'num_example': 3342}
2022-08-26 Friday 23:34:56:INFO: {'type': 'metric', 'label': 'training_precision', 'epoch': 3, 'value': 0.9211150407791138, 'positive': 1553.0, 'total': 1686.0}
2022-08-26 Friday 23:34:56:INFO: {'type': 'metric', 'label': 'training_recall', 'epoch': 3, 'value': 0.9293835759162903, 'positive': 1553.0, 'total': 1671.0}
2022-08-26 Friday 23:34:56:INFO: {'type': 'metric', 'label': 'validation_loss', 'epoch': 3, 'value': 0.08824281394481659, 'sum': 9.530223906040192, 'num_example': 108}
2022-08-26 Friday 23:34:56:INFO: {'type': 'metric', 'label': 'validation_dist_target', 'value': (0.056543067649558736, 0.06411732126165319), 'epoch': 3}
2022-08-26 Friday 23:34:56:INFO: {'type': 'metric', 'label': 'validation_acc', 'epoch': 3, 'value': 0.9629629629629629, 'num_correct': 104, 'num_example': 108}
2022-08-26 Friday 23:34:56:INFO: {'type': 'metric', 'label': 'validation_precision', 'epoch': 3, 'value': 0.9629629850387573, 'positive': 52.0, 'total': 54.0}
2022-08-26 Friday 23:34:56:INFO: {'type': 'metric', 'label': 'validation_recall', 'epoch': 3, 'value': 0.9629629850387573, 'positive': 52.0, 'total': 54.0}
2022-08-26 Friday 23:34:56:INFO: Epoch: 4
2022-08-26 Friday 23:34:56:INFO: LR: 0.001
2022-08-26 Friday 23:35:01:INFO: {'type': 'metric', 'label': 'training_loss', 'epoch': 4, 'value': 0.14294104630329307, 'sum': 477.70897674560547, 'num_example': 3342}
2022-08-26 Friday 23:35:01:INFO: {'type': 'metric', 'label': 'training_dist_target', 'value': (0.08093691190547532, 0.07124153230805229), 'epoch': 4}
2022-08-26 Friday 23:35:01:INFO: {'type': 'metric', 'label': 'training_acc', 'epoch': 4, 'value': 0.9491322561340515, 'num_correct': 3172, 'num_example': 3342}
2022-08-26 Friday 23:35:01:INFO: {'type': 'metric', 'label': 'training_precision', 'epoch': 4, 'value': 0.9475253224372864, 'positive': 1589.0, 'total': 1677.0}
2022-08-26 Friday 23:35:01:INFO: {'type': 'metric', 'label': 'training_recall', 'epoch': 4, 'value': 0.9509276151657104, 'positive': 1589.0, 'total': 1671.0}
2022-08-26 Friday 23:35:01:INFO: {'type': 'metric', 'label': 'validation_loss', 'epoch': 4, 'value': 0.08057139068841934, 'sum': 8.701710194349289, 'num_example': 108}
2022-08-26 Friday 23:35:01:INFO: {'type': 'metric', 'label': 'validation_dist_target', 'value': (0.030683336434540926, 0.08993797832065159), 'epoch': 4}
2022-08-26 Friday 23:35:01:INFO: {'type': 'metric', 'label': 'validation_acc', 'epoch': 4, 'value': 0.9722222222222222, 'num_correct': 105, 'num_example': 108}
2022-08-26 Friday 23:35:01:INFO: {'type': 'metric', 'label': 'validation_precision', 'epoch': 4, 'value': 1.0, 'positive': 51.0, 'total': 51.0}
2022-08-26 Friday 23:35:01:INFO: {'type': 'metric', 'label': 'validation_recall', 'epoch': 4, 'value': 0.9444444179534912, 'positive': 51.0, 'total': 54.0}
2022-08-26 Friday 23:35:01:INFO: Epoch: 5
2022-08-26 Friday 23:35:01:INFO: LR: 0.001
2022-08-26 Friday 23:35:06:INFO: {'type': 'metric', 'label': 'training_loss', 'epoch': 5, 'value': 0.11146419648279479, 'sum': 372.5133446455002, 'num_example': 3342}
2022-08-26 Friday 23:35:06:INFO: {'type': 'metric', 'label': 'training_dist_target', 'value': (0.07159080568150372, 0.054890762825057865), 'epoch': 5}
2022-08-26 Friday 23:35:06:INFO: {'type': 'metric', 'label': 'training_acc', 'epoch': 5, 'value': 0.9611011370436864, 'num_correct': 3212, 'num_example': 3342}
2022-08-26 Friday 23:35:06:INFO: {'type': 'metric', 'label': 'training_precision', 'epoch': 5, 'value': 0.958358108997345, 'positive': 1611.0, 'total': 1681.0}
2022-08-26 Friday 23:35:06:INFO: {'type': 'metric', 'label': 'training_recall', 'epoch': 5, 'value': 0.9640933275222778, 'positive': 1611.0, 'total': 1671.0}
2022-08-26 Friday 23:35:06:INFO: {'type': 'metric', 'label': 'validation_loss', 'epoch': 5, 'value': 0.13339893519878387, 'sum': 14.407085001468658, 'num_example': 108}
2022-08-26 Friday 23:35:06:INFO: {'type': 'metric', 'label': 'validation_dist_target', 'value': (0.0072701772054036455, 0.14744355943467882), 'epoch': 5}
2022-08-26 Friday 23:35:06:INFO: {'type': 'metric', 'label': 'validation_acc', 'epoch': 5, 'value': 0.9259259259259259, 'num_correct': 100, 'num_example': 108}
2022-08-26 Friday 23:35:06:INFO: {'type': 'metric', 'label': 'validation_precision', 'epoch': 5, 'value': 1.0, 'positive': 46.0, 'total': 46.0}
2022-08-26 Friday 23:35:06:INFO: {'type': 'metric', 'label': 'validation_recall', 'epoch': 5, 'value': 0.8518518805503845, 'positive': 46.0, 'total': 54.0}
2022-08-26 Friday 23:35:06:INFO: Epoch: 6
2022-08-26 Friday 23:35:06:INFO: LR: 0.001
2022-08-26 Friday 23:35:11:INFO: {'type': 'metric', 'label': 'training_loss', 'epoch': 6, 'value': 0.13143960015100323, 'sum': 439.2711437046528, 'num_example': 3342}
2022-08-26 Friday 23:35:11:INFO: {'type': 'metric', 'label': 'training_dist_target', 'value': (0.07679993502755568, 0.08874097717942626), 'epoch': 6}
2022-08-26 Friday 23:35:11:INFO: {'type': 'metric', 'label': 'training_acc', 'epoch': 6, 'value': 0.9500299222022741, 'num_correct': 3175, 'num_example': 3342}
2022-08-26 Friday 23:35:11:INFO: {'type': 'metric', 'label': 'training_precision', 'epoch': 6, 'value': 0.9563106894493103, 'positive': 1576.0, 'total': 1648.0}
2022-08-26 Friday 23:35:11:INFO: {'type': 'metric', 'label': 'training_recall', 'epoch': 6, 'value': 0.9431478381156921, 'positive': 1576.0, 'total': 1671.0}
2022-08-26 Friday 23:35:11:INFO: {'type': 'metric', 'label': 'validation_loss', 'epoch': 6, 'value': 0.08299820870161057, 'sum': 8.963806539773941, 'num_example': 108}
2022-08-26 Friday 23:35:11:INFO: {'type': 'metric', 'label': 'validation_dist_target', 'value': (0.012786779138776991, 0.09226936764187282), 'epoch': 6}
2022-08-26 Friday 23:35:11:INFO: {'type': 'metric', 'label': 'validation_acc', 'epoch': 6, 'value': 0.9629629629629629, 'num_correct': 104, 'num_example': 108}
2022-08-26 Friday 23:35:11:INFO: {'type': 'metric', 'label': 'validation_precision', 'epoch': 6, 'value': 1.0, 'positive': 50.0, 'total': 50.0}
2022-08-26 Friday 23:35:11:INFO: {'type': 'metric', 'label': 'validation_recall', 'epoch': 6, 'value': 0.9259259104728699, 'positive': 50.0, 'total': 54.0}
2022-08-26 Friday 23:35:11:INFO: Epoch: 7
2022-08-26 Friday 23:35:11:INFO: LR: 0.001
2022-08-26 Friday 23:35:16:INFO: {'type': 'metric', 'label': 'training_loss', 'epoch': 7, 'value': 0.08517781402949157, 'sum': 284.6642544865608, 'num_example': 3342}
2022-08-26 Friday 23:35:16:INFO: {'type': 'metric', 'label': 'training_dist_target', 'value': (0.038221012968135265, 0.05550214371803918), 'epoch': 7}
2022-08-26 Friday 23:35:16:INFO: {'type': 'metric', 'label': 'training_acc', 'epoch': 7, 'value': 0.9685816876122083, 'num_correct': 3237, 'num_example': 3342}
2022-08-26 Friday 23:35:16:INFO: {'type': 'metric', 'label': 'training_precision', 'epoch': 7, 'value': 0.9756986498832703, 'positive': 1606.0, 'total': 1646.0}
2022-08-26 Friday 23:35:16:INFO: {'type': 'metric', 'label': 'training_recall', 'epoch': 7, 'value': 0.9611011147499084, 'positive': 1606.0, 'total': 1671.0}
2022-08-26 Friday 23:35:16:INFO: {'type': 'metric', 'label': 'validation_loss', 'epoch': 7, 'value': 0.053025174885988235, 'sum': 5.726718887686729, 'num_example': 108}
2022-08-26 Friday 23:35:16:INFO: {'type': 'metric', 'label': 'validation_dist_target', 'value': (0.04176313788802535, 0.027952578332689073), 'epoch': 7}
2022-08-26 Friday 23:35:16:INFO: {'type': 'metric', 'label': 'validation_acc', 'epoch': 7, 'value': 0.9722222222222222, 'num_correct': 105, 'num_example': 108}
2022-08-26 Friday 23:35:16:INFO: {'type': 'metric', 'label': 'validation_precision', 'epoch': 7, 'value': 0.9636363387107849, 'positive': 53.0, 'total': 55.0}
2022-08-26 Friday 23:35:16:INFO: {'type': 'metric', 'label': 'validation_recall', 'epoch': 7, 'value': 0.9814814925193787, 'positive': 53.0, 'total': 54.0}
2022-08-26 Friday 23:35:16:INFO: Epoch: 8
2022-08-26 Friday 23:35:16:INFO: LR: 0.001
2022-08-26 Friday 23:35:21:INFO: {'type': 'metric', 'label': 'training_loss', 'epoch': 8, 'value': 0.05967070645625402, 'sum': 199.41950097680092, 'num_example': 3342}
2022-08-26 Friday 23:35:21:INFO: {'type': 'metric', 'label': 'training_dist_target', 'value': (0.03522217937174991, 0.035086700653758754), 'epoch': 8}
2022-08-26 Friday 23:35:21:INFO: {'type': 'metric', 'label': 'training_acc', 'epoch': 8, 'value': 0.9802513464991023, 'num_correct': 3276, 'num_example': 3342}
2022-08-26 Friday 23:35:21:INFO: {'type': 'metric', 'label': 'training_precision', 'epoch': 8, 'value': 0.9785330891609192, 'positive': 1641.0, 'total': 1677.0}
2022-08-26 Friday 23:35:21:INFO: {'type': 'metric', 'label': 'training_recall', 'epoch': 8, 'value': 0.9820466637611389, 'positive': 1641.0, 'total': 1671.0}
2022-08-26 Friday 23:35:21:INFO: {'type': 'metric', 'label': 'validation_loss', 'epoch': 8, 'value': 0.054167311638593674, 'sum': 5.850069656968117, 'num_example': 108}
2022-08-26 Friday 23:35:21:INFO: {'type': 'metric', 'label': 'validation_dist_target', 'value': (0.035574409696790904, 0.027610672844780818), 'epoch': 8}
2022-08-26 Friday 23:35:21:INFO: {'type': 'metric', 'label': 'validation_acc', 'epoch': 8, 'value': 0.9722222222222222, 'num_correct': 105, 'num_example': 108}
2022-08-26 Friday 23:35:21:INFO: {'type': 'metric', 'label': 'validation_precision', 'epoch': 8, 'value': 0.9636363387107849, 'positive': 53.0, 'total': 55.0}
2022-08-26 Friday 23:35:21:INFO: {'type': 'metric', 'label': 'validation_recall', 'epoch': 8, 'value': 0.9814814925193787, 'positive': 53.0, 'total': 54.0}
2022-08-26 Friday 23:35:21:INFO: Epoch: 9
2022-08-26 Friday 23:35:21:INFO: LR: 0.001
2022-08-26 Friday 23:35:26:INFO: {'type': 'metric', 'label': 'training_loss', 'epoch': 9, 'value': 0.05618404716984517, 'sum': 187.76708564162254, 'num_example': 3342}
2022-08-26 Friday 23:35:26:INFO: {'type': 'metric', 'label': 'training_dist_target', 'value': (0.03701358559172999, 0.027545533659642216), 'epoch': 9}
2022-08-26 Friday 23:35:26:INFO: {'type': 'metric', 'label': 'training_acc', 'epoch': 9, 'value': 0.9826451226810293, 'num_correct': 3284, 'num_example': 3342}
2022-08-26 Friday 23:35:26:INFO: {'type': 'metric', 'label': 'training_precision', 'epoch': 9, 'value': 0.9814925193786621, 'positive': 1644.0, 'total': 1675.0}
2022-08-26 Friday 23:35:26:INFO: {'type': 'metric', 'label': 'training_recall', 'epoch': 9, 'value': 0.9838420152664185, 'positive': 1644.0, 'total': 1671.0}
2022-08-26 Friday 23:35:26:INFO: {'type': 'metric', 'label': 'validation_loss', 'epoch': 9, 'value': 0.060738805681467056, 'sum': 6.559791013598442, 'num_example': 108}
2022-08-26 Friday 23:35:26:INFO: {'type': 'metric', 'label': 'validation_dist_target', 'value': (0.013770741445046884, 0.04976645663932518), 'epoch': 9}
2022-08-26 Friday 23:35:26:INFO: {'type': 'metric', 'label': 'validation_acc', 'epoch': 9, 'value': 0.9814814814814815, 'num_correct': 106, 'num_example': 108}
2022-08-26 Friday 23:35:26:INFO: {'type': 'metric', 'label': 'validation_precision', 'epoch': 9, 'value': 1.0, 'positive': 52.0, 'total': 52.0}
2022-08-26 Friday 23:35:26:INFO: {'type': 'metric', 'label': 'validation_recall', 'epoch': 9, 'value': 0.9629629850387573, 'positive': 52.0, 'total': 54.0}
2022-08-26 Friday 23:35:26:INFO: Epoch: 10
2022-08-26 Friday 23:35:26:INFO: LR: 0.001
2022-08-26 Friday 23:35:31:INFO: {'type': 'metric', 'label': 'training_loss', 'epoch': 10, 'value': 0.04877199755813247, 'sum': 162.9960158392787, 'num_example': 3342}
2022-08-26 Friday 23:35:31:INFO: {'type': 'metric', 'label': 'training_dist_target', 'value': (0.02396489970078374, 0.033315259029164705), 'epoch': 10}
2022-08-26 Friday 23:35:31:INFO: {'type': 'metric', 'label': 'training_acc', 'epoch': 10, 'value': 0.9841412327947336, 'num_correct': 3289, 'num_example': 3342}
2022-08-26 Friday 23:35:31:INFO: {'type': 'metric', 'label': 'training_precision', 'epoch': 10, 'value': 0.9891172647476196, 'positive': 1636.0, 'total': 1654.0}
2022-08-26 Friday 23:35:31:INFO: {'type': 'metric', 'label': 'training_recall', 'epoch': 10, 'value': 0.9790544509887695, 'positive': 1636.0, 'total': 1671.0}
2022-08-26 Friday 23:35:31:INFO: {'type': 'metric', 'label': 'validation_loss', 'epoch': 10, 'value': 0.06825471669435501, 'sum': 7.371509402990341, 'num_example': 108}
2022-08-26 Friday 23:35:31:INFO: {'type': 'metric', 'label': 'validation_dist_target', 'value': (0.00516167559005596, 0.055053781580041955), 'epoch': 10}
2022-08-26 Friday 23:35:31:INFO: {'type': 'metric', 'label': 'validation_acc', 'epoch': 10, 'value': 0.9722222222222222, 'num_correct': 105, 'num_example': 108}
2022-08-26 Friday 23:35:31:INFO: {'type': 'metric', 'label': 'validation_precision', 'epoch': 10, 'value': 1.0, 'positive': 51.0, 'total': 51.0}
2022-08-26 Friday 23:35:31:INFO: {'type': 'metric', 'label': 'validation_recall', 'epoch': 10, 'value': 0.9444444179534912, 'positive': 51.0, 'total': 54.0}
2022-08-26 Friday 23:35:31:INFO: Epoch: 11
2022-08-26 Friday 23:35:31:INFO: LR: 0.001
2022-08-26 Friday 23:35:36:INFO: {'type': 'metric', 'label': 'training_loss', 'epoch': 11, 'value': 0.03124287236038259, 'sum': 104.41367942839861, 'num_example': 3342}
2022-08-26 Friday 23:35:36:INFO: {'type': 'metric', 'label': 'training_dist_target', 'value': (0.014864013071619487, 0.018449811611540797), 'epoch': 11}
2022-08-26 Friday 23:35:36:INFO: {'type': 'metric', 'label': 'training_acc', 'epoch': 11, 'value': 0.9913225613405147, 'num_correct': 3313, 'num_example': 3342}
2022-08-26 Friday 23:35:36:INFO: {'type': 'metric', 'label': 'training_precision', 'epoch': 11, 'value': 0.9922062158584595, 'positive': 1655.0, 'total': 1668.0}
2022-08-26 Friday 23:35:36:INFO: {'type': 'metric', 'label': 'training_recall', 'epoch': 11, 'value': 0.9904248714447021, 'positive': 1655.0, 'total': 1671.0}
2022-08-26 Friday 23:35:36:INFO: {'type': 'metric', 'label': 'validation_loss', 'epoch': 11, 'value': 0.049622729420661926, 'sum': 5.359254777431488, 'num_example': 108}
2022-08-26 Friday 23:35:36:INFO: {'type': 'metric', 'label': 'validation_dist_target', 'value': (0.004809755969930578, 0.04246199131011963), 'epoch': 11}
2022-08-26 Friday 23:35:36:INFO: {'type': 'metric', 'label': 'validation_acc', 'epoch': 11, 'value': 0.9814814814814815, 'num_correct': 106, 'num_example': 108}
2022-08-26 Friday 23:35:36:INFO: {'type': 'metric', 'label': 'validation_precision', 'epoch': 11, 'value': 1.0, 'positive': 52.0, 'total': 52.0}
2022-08-26 Friday 23:35:36:INFO: {'type': 'metric', 'label': 'validation_recall', 'epoch': 11, 'value': 0.9629629850387573, 'positive': 52.0, 'total': 54.0}
2022-08-26 Friday 23:35:36:INFO: Epoch: 12
2022-08-26 Friday 23:35:36:INFO: LR: 0.001
2022-08-26 Friday 23:35:41:INFO: {'type': 'metric', 'label': 'training_loss', 'epoch': 12, 'value': 0.021464991513115785, 'sum': 71.73600163683295, 'num_example': 3342}
2022-08-26 Friday 23:35:41:INFO: {'type': 'metric', 'label': 'training_dist_target', 'value': (0.01268422432390963, 0.014255761030118384), 'epoch': 12}
2022-08-26 Friday 23:35:41:INFO: {'type': 'metric', 'label': 'training_acc', 'epoch': 12, 'value': 0.9949132256134051, 'num_correct': 3325, 'num_example': 3342}
2022-08-26 Friday 23:35:41:INFO: {'type': 'metric', 'label': 'training_precision', 'epoch': 12, 'value': 0.9952095746994019, 'positive': 1662.0, 'total': 1670.0}
2022-08-26 Friday 23:35:41:INFO: {'type': 'metric', 'label': 'training_recall', 'epoch': 12, 'value': 0.9946140050888062, 'positive': 1662.0, 'total': 1671.0}
2022-08-26 Friday 23:35:41:INFO: {'type': 'metric', 'label': 'validation_loss', 'epoch': 12, 'value': 0.06721676141023636, 'sum': 7.259410232305527, 'num_example': 108}
2022-08-26 Friday 23:35:41:INFO: {'type': 'metric', 'label': 'validation_dist_target', 'value': (0.0027568566578405874, 0.05213682298307066), 'epoch': 12}
2022-08-26 Friday 23:35:41:INFO: {'type': 'metric', 'label': 'validation_acc', 'epoch': 12, 'value': 0.9722222222222222, 'num_correct': 105, 'num_example': 108}
2022-08-26 Friday 23:35:41:INFO: {'type': 'metric', 'label': 'validation_precision', 'epoch': 12, 'value': 1.0, 'positive': 51.0, 'total': 51.0}
2022-08-26 Friday 23:35:41:INFO: {'type': 'metric', 'label': 'validation_recall', 'epoch': 12, 'value': 0.9444444179534912, 'positive': 51.0, 'total': 54.0}
2022-08-26 Friday 23:35:41:INFO: Calculating recall rate: sun2011
2022-08-27 Saturday 00:09:49:INFO: RR calculation - 500 duplicate reports were processed
2022-08-27 Saturday 00:43:32:INFO: RR calculation - 1000 duplicate reports were processed
2022-08-27 Saturday 01:35:19:INFO: RR calculation - 1500 duplicate reports were processed
2022-08-27 Saturday 02:34:00:INFO: RR calculation - 2000 duplicate reports were processed
2022-08-27 Saturday 03:33:11:INFO: RR calculation - 2500 duplicate reports were processed
2022-08-27 Saturday 04:31:14:INFO: RR calculation - 3000 duplicate reports were processed
2022-08-27 Saturday 04:34:37:INFO: [] Throughput: 0.16889050521915108 bugs per second (bugs=3029 ,seconds=17934.6967792511)
2022-08-27 Saturday 04:34:37:INFO: {'type': 'metric', 'label': 'recall_rate', 'k': 1, 'rate': 0.3512710465500165, 'hit': 1064, 'total': 3029, 'epoch': 0}
2022-08-27 Saturday 04:34:37:INFO: {'type': 'metric', 'label': 'recall_rate', 'k': 2, 'rate': 0.4655001650709805, 'hit': 1410, 'total': 3029, 'epoch': 0}
2022-08-27 Saturday 04:34:37:INFO: {'type': 'metric', 'label': 'recall_rate', 'k': 3, 'rate': 0.527236711786068, 'hit': 1597, 'total': 3029, 'epoch': 0}
2022-08-27 Saturday 04:34:37:INFO: {'type': 'metric', 'label': 'recall_rate', 'k': 4, 'rate': 0.5648728953449984, 'hit': 1711, 'total': 3029, 'epoch': 0}
2022-08-27 Saturday 04:34:37:INFO: {'type': 'metric', 'label': 'recall_rate', 'k': 5, 'rate': 0.5942555298778475, 'hit': 1800, 'total': 3029, 'epoch': 0}
2022-08-27 Saturday 04:34:37:INFO: {'type': 'metric', 'label': 'recall_rate', 'k': 6, 'rate': 0.6140640475404424, 'hit': 1860, 'total': 3029, 'epoch': 0}
2022-08-27 Saturday 04:34:37:INFO: {'type': 'metric', 'label': 'recall_rate', 'k': 7, 'rate': 0.6312314295146914, 'hit': 1912, 'total': 3029, 'epoch': 0}
2022-08-27 Saturday 04:34:37:INFO: {'type': 'metric', 'label': 'recall_rate', 'k': 8, 'rate': 0.6447672499174645, 'hit': 1953, 'total': 3029, 'epoch': 0}
2022-08-27 Saturday 04:34:37:INFO: {'type': 'metric', 'label': 'recall_rate', 'k': 9, 'rate': 0.6576427863981512, 'hit': 1992, 'total': 3029, 'epoch': 0}
2022-08-27 Saturday 04:34:37:INFO: {'type': 'metric', 'label': 'recall_rate', 'k': 10, 'rate': 0.6682073291515351, 'hit': 2024, 'total': 3029, 'epoch': 0}
2022-08-27 Saturday 04:34:37:INFO: {'type': 'metric', 'label': 'recall_rate', 'k': 11, 'rate': 0.6758005942555299, 'hit': 2047, 'total': 3029, 'epoch': 0}
2022-08-27 Saturday 04:34:37:INFO: {'type': 'metric', 'label': 'recall_rate', 'k': 12, 'rate': 0.6820732915153516, 'hit': 2066, 'total': 3029, 'epoch': 0}
2022-08-27 Saturday 04:34:37:INFO: {'type': 'metric', 'label': 'recall_rate', 'k': 13, 'rate': 0.6893364146583031, 'hit': 2088, 'total': 3029, 'epoch': 0}
2022-08-27 Saturday 04:34:37:INFO: {'type': 'metric', 'label': 'recall_rate', 'k': 14, 'rate': 0.6979201056454275, 'hit': 2114, 'total': 3029, 'epoch': 0}
2022-08-27 Saturday 04:34:37:INFO: {'type': 'metric', 'label': 'recall_rate', 'k': 15, 'rate': 0.7048530868273357, 'hit': 2135, 'total': 3029, 'epoch': 0}
2022-08-27 Saturday 04:34:37:INFO: {'type': 'metric', 'label': 'recall_rate', 'k': 16, 'rate': 0.7111257840871574, 'hit': 2154, 'total': 3029, 'epoch': 0}
2022-08-27 Saturday 04:34:37:INFO: {'type': 'metric', 'label': 'recall_rate', 'k': 17, 'rate': 0.718388907230109, 'hit': 2176, 'total': 3029, 'epoch': 0}
2022-08-27 Saturday 04:34:37:INFO: {'type': 'metric', 'label': 'recall_rate', 'k': 18, 'rate': 0.722350610762628, 'hit': 2188, 'total': 3029, 'epoch': 0}
2022-08-27 Saturday 04:34:37:INFO: {'type': 'metric', 'label': 'recall_rate', 'k': 19, 'rate': 0.7282931660614064, 'hit': 2206, 'total': 3029, 'epoch': 0}
2022-08-27 Saturday 04:34:37:INFO: {'type': 'metric', 'label': 'recall_rate', 'k': 20, 'rate': 0.7306041597887092, 'hit': 2213, 'total': 3029, 'epoch': 0}
2022-08-27 Saturday 04:34:37:INFO: {'type': 'metric', 'label': 'MAP', 'value': 0.461844954555682, 'sum': 1398.9283673491607, 'total': 3029, 'epoch': 0}
2022-08-27 Saturday 04:34:37:INFO: [130, 3, 1, 19, 1, 2, 3, 2143, inf, 182, 37, 1, 1, 5, 1, 6, 3, inf, 4, 1, 143, 3497, 4, 63, 842, 3, 1, 22, 1, 23, 1, 1, 3, 1, 14, 12, 5, 9, 77, 1, 1, 25, 184, 1, 121, 24, 1, 15, 1, 322, 17, 187, 2, 15, 25, 2, 48, 110, 36, 130, 34, 1, 6, 3, 1, 2, 32, 5, inf, 19, 31, 1, 6, inf, 28, 383, inf, 4, inf, 22, 1, 5, 184, 234, 1, 3, 508, 15, 4, 847, 19, 50, 141, 474, 1, 1, 2, 1, 205, 324, 2, 34, inf, 5, 1, 1, 19, 13, inf, 1, 2, 118, 6, 3, inf, 150, 1, 4, 3, 1028, 28, 7540, 1, 4, 3, 173, inf, inf, 1, 103, 5, inf, 51, 1, 1, 37, 1, 93, 2, inf, 1, 25, inf, inf, 36, 9, 1, 6, inf, 1, 101, 92, inf, 13, 26, 11, 8, 2753, inf, 288, 3, 57, inf, 247, 9, 1, 76, 1, 62, 4, 166, 32, 3, inf, 1, 7, 31, 172, 2, 4, 1190, 4, 1, 1, inf, 9, 21, 1, 36, 3, inf, 12, 1, 30, 1, 3, inf, 8, 21, 3, 282, 147, 488, 219, 1, 1, 6, 1, 7, 152, 10, 1714, 47, 468, 3, 48, 17, 1, 7, 6, 1, 173, 1, inf, inf, 1, 4, 1, 2, 2, 12, 1139, inf, 42, 1, 10, 1, inf, 8, 1, 1, 1, 1, 2, 2, 9, 2, 9, 1, 149, 10, 1, 2, 1, 1, 6, 48, 133, 46, 4, inf, 51, 1, 465, 66, 2, 2, 4, inf, 9, 18, 8, 4, 11, 2, 1, 3, 6, 10, 5, 477, 3, 199, 1, 1021, 1, 2, 41, 68, 23, 58, 26, 1, 22, inf, 15, inf, 50, 13, 2, 808, 13, 3, 26, 71, inf, 83, 1, 43, 2, 25, 5, 5, 3, inf, 2, 246, 2, 2, 1, inf, 16, 2, 56, 38, 1, 1, 8, 4, 572, 1167, 1, 299, 1, 2, 1, 1, 1, 1, 1, 1, 6, 1, 30, inf, 5, 119, inf, 8, 2, 196, 1, 1, 372, 13, 21, inf, 15, 1, 20, inf, 14, inf, 207, 70, 180, 1, 3, 12, 1, 1, 1, 1, inf, 1, 1, 6, 3, 2, 1, 1, 31, inf, 10, inf, inf, 49, 2, 1, 49, 9, 1, 1, 263, inf, inf, 18, 4750, 1, 13197, 3, 1, 2248, 94, inf, 2, 2, 27, 41, 19, 59, inf, 6, 1, 64, inf, inf, 2, 192, 56, 1, inf, 12, 47, inf, inf, 615, 30, 4, 19, 2, inf, 622, 44, 5, 1, inf, 1, 2, 20, inf, 3, 5, 5, 1, 86, 496, 44, 246, 1, 9, 33, 1, inf, 2, 1, 4, 2, inf, 1, 1, 1, 7, 1, 190, 123, 47, 105, 16, inf, 838, 20, 5, 1489, 15, 6, 2, 35, 1, 4, 17, 1, 3, 572, inf, inf, 1, 2, 2, 2, 9, 4, 4, 699, 2, 2, 77, 1, 1, 11, inf, 1, 1, 2, 447, 1, 2, 5, 3, 697, 8, 2, 138, 2, inf, 45, 1, 1, 17, inf, 3, 29, 1, 1, inf, inf, 1, 215, 11, 215, inf, 1, 19, inf, 23, 16, inf, 4, 8, 2, 1, 2, 460, 171, 7, 1, inf, 1, 1, 109, 1, 11, 1, 1, 1, 1, 377, 58, 21, 1, 157, 42, 51, 39, 1, 464, 1, 101, 1, 2, 1, 1, 3, 1, 10, 5, 40, 288, 16, 1, 3, 13, 30, 29, 1, 6, 4, 19, 2, 1, 1, 1, 2, 2, 1, inf, 69, 108, 1130, 41, 7, 1, 196, 24, 320, 266, 14, 7, 348, 1594, 1, 3, 16, 4, 226, 26, 4, 735, 121, 1, 18, 98, 13, 1, 22, 4, 3, 1, 287, 27, 6, 115, 1, 1, 4, 7, 15, 5, 1, 33, 2, 2, 1, inf, 601, 72, 23, 1, 765, 26, 4, 194, 2509, inf, 1443, 79, 6, 1, 1, 69, 5, 1, 2, 1, 1, inf, inf, 1, 61, inf, 1, inf, 1, 1, 6, 1, 1, 1, 1, 4, 32, 5, 79, inf, 7, 3, 1, 435, 5, 458, 2, 2, 1655, 2, 1, 2, 1, 46, 1, 82, 35, 92, 9, 2, 1, 10, 5, 30, 1, 2188, 32, 13, 1, 4, 46, 103, 1, 1, 6, 1, 49, 60, 6, 3, 60, 30, 1, inf, 18, 3, 280, inf, 26, 1, 2, 23, 84, 1, 16, 53, 1, 1, 3, 16, 6, 1, 2, 1, 2, 11, 68, 698, inf, 1, 5, 9, 280, 3, 1, 37, 17, 330, 1, inf, 18, inf, 4, 222, 30, 846, 14, inf, 12, 1, inf, 7, 8, 1, 65, 10, 1, 91, 73, inf, 150, 1, 51, 1, 216, 1, 17, 13, inf, 45, 1, 52, inf, 1, 12, inf, 2, 3, 128, 1, 3, inf, 1, 963, 5, inf, 8, 1, 95, 2, 84, 1506, 2, 1, 2, 24, 2, 1, 2, 4, 5, 1, 1, 28, 14, 12, 81, 23, 1, 1, 1, 22, inf, 27, 17, 2, 1, 6, 1, 76, 1, 138, 8, 3, 2, 130, 691, 5565, 1, 1, 5, 1, 1, 83, 19, 1, 1, 1, 1, 82, 1, inf, 1, 197, 1, 2, 1159, inf, 4, 15, 50, 1, 54, 59, 2, 82, inf, inf, 2656, 2, 116, 41, 1, 8, 112, 207, 43, 6, 16, 1, 15, 288, 318, 6, 1, 38, 36, 41, 13, 203, 85, 1, 1, inf, 3, 56, 2, 4843, inf, 1, 1, 23, 11874, 9, 862, 1, 1, 2, 5, 1, inf, inf, 5, 26, inf, 1, inf, inf, 1, 2, 1, 1, 2, 1, 1, inf, 1, 20, 1, 76, inf, 53, 1, inf, 3, 2688, 2, 1, 15, 1, 2, 38, 66, 107, inf, 1, 1, 115, 1, 2, 1714, 1, 1, 18, 5, 1, 1996, 1, 1, 23, 1, 253, 16, inf, 95, 5, 1, 1, 2, inf, 1886, 2, 2, 316, 1, inf, 3, inf, 26, 67, 6, inf, inf, inf, 19, 453, 2, 2, 145, 1, 3, 1, 1, 1, 1, 18, 10, 7, 45, 5, 1, inf, 325, 2, 26, 1, 29, inf, 5, 1, 10, 2, 2, 1, inf, 788, 1, 1, 4, 1, 1, inf, 1, 3, 1, 3, inf, 91, 1, inf, 1, 1, 3, 62, 7, 3, 830, 1, inf, 70, 42, 200, 261, 2436, 8, 28, 24, 39, 3, inf, 27, 1, 1, 139, inf, 111, 9785, 1, 6, 3, 702, 1, 1, 1, 271, 1, 1, inf, 441, 1, 2, 5, 1, 1, 17, inf, 1, 70, 1, 1, 2, 1, 2, 1, 1, 2, 1, 2, 2, 1, 2, 1, 1, 2, 1, 1, 1, 1, 1, 1, 1, 3, 2, 2, 1, 1, 1, 29, 3, 37, 3, 1, 1, 1, 53, 2, 485, 4, 16, 2, inf, 30, 16, 2, 5, 1, 2, 7, 2, 2, 2, 5, inf, 1, 2, 17, 4, 1, 1, 1, 2, 41, 9, 9, 35, 1, 1, 7, 1, 1, inf, inf, 1, 2, 14, 3, 5, 2, 1, 1, 387, 9, 1, 2, 1, 1, 1, 1, 23, 59, 3, 237, 2, 2, inf, 25, 3, 1, 1, 2, 2, 241, 1, 3, 2, 120, 2, 40, 4, 1, 1, 2, 1, 139, inf, 41, 1, 19, 2, 2, 3, 155, 504, 89, 1, 15, 91, 2, 20, 1, 1, 1, 1, 1, 1, 11, 7, 2, 3, 27, 4, inf, 51, 1, 3, 1, 36, 1, 1, 3, 1, 158, 50, 1, 1, 2, 172, 1, 1, 2, 7, 7, 9, 835, 2, 3, 1, 2, 2, 1, 1, 1, 10, 28, 5, 6, 1, 1, 6, 21, 439, 190, 15, 117, 1, 1, 26, 1, 26, 2, 1, inf, 1, 1, 7, inf, 1, 1, inf, 2, 1, 8, 9, 2, 366, 1, 2, 1, 1, 1, 78, 1, 1, 4, 1, 80, 15, 17, 7, 14, 7, 1, 4, 4, 7, 3, 3, 3, 7, 2, 2, 2, 7, 1, 40, 2, 1, 1, 24, 2, 140, 1, 2, 1, 4, 1, 6, 5, inf, 2, 1, 1, 1, 2, 1, 3, 6, 4, 1, 5, 31, 1, 65, 7, 1, 3, 3, 7, 1, 1, 19, 1, 15, 1, 328, 1, 1, 283, 16, 1, 1, 29, 32, 1, 16, 1, 2, 6, 1740, 1, inf, 1, 687, 2, 1, 1, 1, 1, 588, 2, 2, 5, 84, 17, 1684, 2, 23, 505, 2, 10, 2, 25, 1, 1, 3, 3, 1, 1, 4, 1, 2, 1, 16, 3, 494, 1, 406, 3, 2233, 1, 1, 1, 1, 1, 1, 1, 1, 72, 47, 17, 1, 25, 2, 1, 1, 1, 44, 1, 23, 1, 1, 1, 1, 1, 11, 5, 2, 2, 2, 2, 96, 4, 1, 1, 1, 1, 1, 1, 21, 1, 1, 1, 1, 1, 1, 1, 3, 7, 32, 3, 1261, 1, 1, inf, 3, 42, 2, 2, 1479, 11, 2, 1, 1, 10, 149, 1, 4, 5, 1, 2, 1, 3, 3, 2, 37, 43, 1, 2, 1, 2, 1, 48, 39, 11, 49, 1, 506, 1, 1, 1, 1, 1, 5, 1, 1, 1, 1, 61, 1, 1, 1, 1, 1, 2245, 1, 1, 1, 1, 1, 1, 1, 1, 5, 1, 5, 3, 1, 1, 1, 1, 1, 1, 1, 1, 1, 1, 5, 158, 1, 1, 2, 1, 2607, 7, 1, 1, 1, 1268, 13, 1, 73, 1, 1, 5, 1, 1, 1, 4, 1, 1, 1, 1, 2, 3, 4, 6, 28, 1, inf, 4, 3, 2, 2, 77, 2, 2, 2, 3, 3, 2, 6, 19, 5, 47, 1, 4, 4, 2, 2, 6, 2, 2, 6, 1, 4, 3, 1, 73, 1, 1, 4, 3, 93, 3, 6, 1, 1, 1, 2, 17, 2, 2, 1, 1, 1, 558, 2, 2, 2, 2, 2, 2, 2, 2, 2, 2, 2, 2, 1, 1, 3, 1, 1, 1, 1, 2, 5, 2, 5, 9, 3, 3, 8, 2, 1, 1, 1, 5, 3, 12, 4, 1, 1, 1, 1, 1, 35, 1, 5, 1, 1, 1, 1, 1, 10, 1, 1, 1, 1, inf, 1, 15, 1, 3, 1, 4, 1, 1, 1, 154, 1, 1, 1, 1, 1, 1, 1, 1, 5, 1, 1, 1, 12, 7, 1, 1, 1, 1, 1, 1, 5, 1, 1, 1, 3, 8, 12, 3, 3, 3, 1, 1, 97, 3, 4, 3, 3, 14, 16, 2, 2, 24, 217, 1, 1, 1, 1, 50, 3, 1, 2, 1, 28, 14, 4, 4, 1, 1, 1, 102, 1, 1, 1, 1, 3, 1, 1, 2, 1, 3, 1, 1, 1, 1, 1, 2, 1, 1, 2, 1, 3, 3, 3, 1, 33, 1, 1, 1, 1, 2, 1, 4, 3, 3, 15, 2, 67, 4, 1, 5, 1, 1, 1, 42, 357, 6, 20, 1, 99, 1, 1, 3326, 1, 1, 4, 1, 1, 6, 2, 1, 1, 1, 1, 1, inf, 1, 2, 1, 1, 1, 85, 2, 2, 1, 1, 1, 13, 1, 44, 2, 2, 1, 1, 1, 1, 1, 5, 2, 1, inf, 2, 1, 3, 1, 3, 39, 1, 1, 1, 1, 1, 1, 3, 3, 25, 1, 2, 1, 1, 2, inf, 40, 3, 2, 1, 1, 1, 1, 1, 1, 32, 31, 1, 1, 1, 1, 1, 2, 1, 4, 1, 1, 2, 2, 11, 6, 1, 1, 3, 2, 50, 1, 1, 2, 279, 114, 1, 1, 1, 1, 4, inf, 1, 1, 34, 9, 4, 1, 1, 1, 2, 2, 1, 2, 1, 1, 1, 54, 1, 1, 1, 43, 1, 3, 108, 1, 1, 2, 1, 1, 1, 1, 69, 1, 1, 5, 1, 1, 2, 1, 1, 1, 1, 1, 2, 21, 1, 3, 1, 1, 1, 12, 1, 1, 1, 3, 1, 123, 121, 1, 1, 1, 1, 1, 1, 1, 1, 1, 491, 9, 1, 14, 107, 1, 1, 1, 3, 13, 2, 1, 1, 4, 1, 1, 8, 4, 1, 2, 1, 2, 1, 1, 1, 1, 2, 2, 4, 1, 1, 2, 46, 11, 2, 23, 12, 1, 1, 1, 1, 1, 1, 1, 1, 2, 2, 1, 3, 2, 2, 2, 2, 26, 3, 1, 185, 13, 4, 1, 37, 2, 1, 5, 3, 1, 2, 3, 3, 2, 2, 1, 1, 1, 1, 1, 1, 9, 63, 1, 1, 14, 1, 14, 4, 10, 3, 4, 1, 1, 6, 1, 15, 1, 1, 1, 1, 1, 1, 1, 1, 17416, 1, 11, 3, inf, 1, 8, 7, 6, 1, 4, 24, inf, 2, 1, 1, 259, 242, 1, inf, 9, 6, 10, 8, 5, 1, 3, 1, 1, 3, 2, 128, 3, 2, 1, 5, 123, 7, 3, 24, 1, 1, 1, 537, 4328, 3, 3, 2, 1, 1, 445, 1, 2, 1, 1, 14, 45, 8, 4, 1, inf, 1, 1, 10, 1, 1, 7, 1, 4, 1, 1, 7, 1, 1, 1, 26, 1, 1, 1, 17, 1, 1, 3, 3, 3, 1, 1, 14, 1, 1, 1, 1, 1, 1, 1, 1, 1, 1, 1, 1, 1, 1, 1, 231, 29, 19, 10, 8, 8, 1, 277, 8, 8, 2, 2, 2, 4, 2, 3, 5, 1, 2, 1, 14, 1, 1, 1, 2, 6, 25, 1, 2, 1, 1, 5, 1, 2945, 3, 7, 8, 10, 2399, 13, 1, 18, 30, 480, 10, 17, 26, 1, 1, 1, 1, 1, 1, inf, 1013, 3516, 76, 1120, 14, 16, 4, 134, 1, 1, 1, 29, 10, 127, 3, 34, 56, 3, 2, 1, 3, 3, 23, 1, 14, 104, 154, 17, 1, 68, 6, 236, 4, 1, 1, 2, 1, 2, 1, 1, 1, 1, 10, 1, inf, 3, 2, 2, 12, 2, 2, 2, 3, 2, 2, 2, 2, 2, 2, 2, 3, 2, 2, 2, 2, 2, 2, 2, 2, 2, 2, 1, 1, 22, 1, 2, 2, 1, 1, 1, 1, 1, 1, 1, 1, 1, 2, 2, 4, 1, 1, inf, 248, 6, 1, 494, 304, 8, 14, 4, 1, 1, 1, 1, 4, 8, 19, 5, 2, 2, 2, 12, 7, 1, 1, 1, 1, 1, 434, 4, 1, 1, 1, 1, inf, 1, inf, 19, 19, 8, 59, 1, 8, 7, 7, 1, 4, 1, 61, 1, 1, inf, 2, 3, 1, 1, 1, 1, 1, 11, 1, 1, 1, 1, 3, 1, 1, 2, 1, inf, 9, 9, 9, 9, 37, 10, 9, 9, 15, 9, 26, inf, 1, inf, 615, 1, 38, 2, 7, 7, 9, 291, inf, 1, 5, 1, 1, 2, 2, 2, 2, 10, 1, 1, 1, 1, 1, 4791, 2, 1, 1, 3, 1, 3, 1, 27, 1, 25, 5, 3, 1, 2, 1, 17, 1, 60, 4, 4, 3, 2, 3, 1, 62, 4, 1, 37, 3, 3, 3, 3, 2, 1, 1, 5, 1, 4, 2, 2, 2, 4, 1, 1, 1, 3, 1, 4, 1, 95, 29, 14, 1, 1, 1, 395, 33, 1, 9, 1, 1, 1, 15, 181, 4, 1, 1, 1, 1, 1, 1, 87, 4, 3, 3, 1, 12414, inf, 673, 4, 4, 1, 21, 1124, 1, 1, 1, 1, 8, 156, 1, 1, 2, 1, 1, 11, 114, 2, 90, 4, 11, 2, 71, 8, 4, 2, 2, 3, 999, 3, 7, 38, 2, 2, 21, 1, 1, 6, 2, 12, 29, 6, 13, 1, 11, 949, 10, 14, inf, 1, 36, 24, 1, 22, 1, 14, 6, 27, 24, 1, 11, inf, inf, 34, 1, 7, inf, 1, 4, 108, 2, 4, 1, 1, 25, 1, 22, 4, 4, 1, 7, 1, 216, 3, 2, 23, 10, 6, 6, 6, 6, 6, 6, 6, 10, 9, 9, 11, 5, 7, 5, 5, 5, 39, 3, 3, 3, 3, 3, 8, 36, 1, 5, 5, 5, 1, 5, 1, 5, 14, 2, 1, 31, 4, 177, 13, 63, 4, 5, 1, 3, 3, 5, 18, 12, 5, 30, 104, 9, 4, inf, 2, 3, 2, 1, 3, 3, 57, 190, 3, 1, inf, 4, 4, 1, 3, 1, 2, 3, inf, 86, 4, 2, 2, 2, 4, 89, 7, 3, 4, 3, 2, 3, 2, 4, 41, 1, 60, 1, 1, 67, 1, inf, 71, 1, 1697, 1, 1, 1, 1, 1, 1, 1, 1, 1, 1, 1, 1, 1, 1929, 49, inf, 1, 1, 447, 5, 7, 8, 6, 7, 7, 7, 7, 14, 1, 1, 1, 10, 8, 2, 13, 1, 1, 65, 3, 1, 3, 3, 8, 15, 5, 1, 6, 3, 3, 4, 1, 1, 60, 1267, 71, 3, 18, 58, 1, 1, 29, 14, 1, 1, 1, 12, 2, 1, 63, 35, 33, 1, 1, 1, 1, inf, 1, 1, 1, 85, 133, 1, 6, 21, 1, 3, 1, 2, 5, inf, 1, 2, 2, 4, 4, 4, 4, 5, 13, 140, 2, 17, 99, 1, 1, 2, 17, 13, 111, 17, 46, 1, 1, 1, 1, 1, 1, 1, 1, 2, 1, 1, 1, 1, 1, 1, 1, 1, 1, 766, 108, 1, 1, 1, 1, 2, 7, 88, 3, 44, 5, 3, 2, 2, 2, 1, 1, 8, 3, 1, 44, 82, 1, 1, 5, 1, 11, 1, 9, inf, 5, 25, 8, 12, 2, 2, 8, 1, 3, 13, 1, 14, 344, 2, 1, 3, 50, 11, 8, 7, 2, 4, 213, 13, 10, 7, 18, 1, 299, 112, 193, 67, 1, 2, 32, 1, 2, 21, 100, 1, 43, 10, 2, inf, 2331, 2, 4, 1, 463, 5, 310, 1188, 25, inf, 223, 9, 824, 1, 1, 1, 2353, 207, 9, 1, 1440, 17, 8, 1, 74, 1, 16, 631, 4, 575, 10, 16, 18, 1, 1, inf, 75, inf, inf, inf, inf, 3, 21, inf, 3683, 395, 403, 3, 5, 180, 2, inf, 1, 1, inf, inf, 1, inf, 302, 677, 48, 14, 281, 1, 16, 5, 1, 1, 1695, 1, 26, 25, inf, 1, 57, 1, 5, 20, 21, inf, 548, inf, 1, 15, 3, 8, inf, 6, 2, 1, 9, 1, 1, 1, 17, 86, 1, 1, 1, 145, 74, 1, 1, 35, 7, 19, 2, 4, 6, 33, 2, 2, 2, 5, 2, 4, 2, 1, 1, 2, 2, 2, 2, 11, 2, 6, 139, 23, 11, 1, 10]
2022-08-27 Saturday 04:34:37:INFO: It completed at: 2022-08-27 04:34:37.328589
2022-08-27 Saturday 04:34:37:INFO: Completed after: 5:00:01.772038
