2022-08-27 Saturday 04:27:28:INFO: {'bug_database': 'dataset/mozilla/mozilla_soft_clean.json', 'database_name': 'mozilla-sampled-github', 'epochs': 12, 'lr': 0.001, 'l2': 0.0, 'batch_size': 256, 'ranking_batch_size': 512, 'ranking_n_workers': 2, 'cuda': True, 'cache_folder': None, 'pairs_training': 'dataset/mozilla/sampled_github_training_split_mozilla_pairs_random_1.txt', 'pairs_validation': 'dataset/mozilla/sampled_github_validation_mozilla_pairs_random_1.txt', 'neg_pair_generator': {'type': 'none', 'training': None, 'rate': 1, 'pre_list_file': None, 'k': 0, 'n_tries': 0, 'preselected_length': None, 'random_anchor': True}, 'loss': 'bce', 'margin': 0, 'categorical': {'lexicons': 'dataset/mozilla/categorical_lexicons.json', 'bn_last_layer': False, 'emb_size': 20, 'hidden_sizes': [40], 'dropout': 0.0, 'activation': 'relu', 'batch_normalization': False, 'layer_norm': False}, 'compare_aggregation': {'word_embedding': 'word_embedding/mozilla/glove_42B_300d_mozilla.npy', 'norm_word_embedding': False, 'lexicon': 'word_embedding/mozilla/glove_42B_300d_mozilla.lxc', 'sent_representation': None, 'tokenizer': 'white_space', 'bow': False, 'frequency': False, 'extractor': {'update_embedding': False, 'filters': ['TransformLowerCaseFilter'], 'hidden_size': 150, 'dropout': 0.0, 'layer_norm': False, 'txt_field_emb_size': 5, 'field_word_combination': 'cat', 'emb_dropout': 0.0, 'scaled_attention': True, 'model': 'linear', 'use_categorical': False, 'bidirectional': True}, 'matching': {'type': 'full', 'scaled_attention': True, 'comparison_hidden_size': 100, 'dropout': 0.0, 'residual': True, 'layer_norm': False, 'attention_hidden_size': 200, 'attention': 'dot_product', 'comparison_func': 'submult+nn'}, 'aggregate': {'model': 'lstm', 'window': [3, 4, 5], 'nfilters': 100, 'hidden_size': 150, 'dropout': 0.0, 'bidirectional': True, 'num_layers': 1, 'self_att_hidden': 50, 'layer_norm': False, 'n_hops': 20}, 'classifier': {'hidden_size': [300], 'output_act': 'sigmoid', 'hadamard_diff_textual': True, 'hadamard_diff_categorical': True, 'textual_hidden_layer': 600, 'categorical_hidden_layer': 40, 'categorical_dropout': 0.0, 'dropout': 0.0, 'only_candidate': False, 'layer_norm': False, 'batch_normalization': False}}, 'random_switch': True, 'recall_estimation_train': None, 'recall_estimation': None, 'sample_size_rr_tr': 0, 'sample_size_rr_val': 0, 'rr_val_epoch': 100, 'rr_train_epoch': 100, 'ranking_result_file': None, 'optimizer': 'adam', 'lr_scheduler': None, 'save': None, 'save_by_epoch': None, 'load': None, 'recall_rate': {'type': 'sun2011', 'dataset': 'dataset/mozilla/test_mozilla.txt', 'result_file': None, 'group_by_master': True, 'window': 365}, 'pair_test_dataset': None, 'rep': {'model': None, 'input': None, 'training': None, 'rate': 1, 'neg_training': 10000, 'k': 1000}, 'rr_scorer': 'general', 'seed': 970471051}
2022-08-27 Saturday 04:27:28:INFO: It started at: 2022-08-27 04:27:28.136233
2022-08-27 Saturday 04:27:33:INFO: Turning CUDA on
2022-08-27 Saturday 04:27:33:INFO: Using Categorical Information.
2022-08-27 Saturday 04:27:34:INFO: Lexicon size: 96875
2022-08-27 Saturday 04:27:34:INFO: Word Embedding size: 300
2022-08-27 Saturday 04:27:34:INFO: Use white space tokenizer to tokenize summary information
2022-08-27 Saturday 04:27:34:INFO: BoW=False and TF=False
2022-08-27 Saturday 04:27:34:INFO: Using Summary and Description information.
2022-08-27 Saturday 04:27:34:INFO: Using BCE Loss: margin=0
2022-08-27 Saturday 04:27:37:INFO: Not generate dynamically the negative examples.
2022-08-27 Saturday 04:27:38:INFO: Training size: 724
2022-08-27 Saturday 04:27:38:INFO: Validation size: 28
2022-08-27 Saturday 04:27:38:INFO: Adam
2022-08-27 Saturday 04:27:38:INFO: Scheduler: Constant
2022-08-27 Saturday 04:27:38:INFO: Epoch: 1
2022-08-27 Saturday 04:27:38:INFO: LR: 0.001
2022-08-27 Saturday 04:27:40:INFO: {'type': 'metric', 'label': 'training_loss', 'epoch': 1, 'value': 0.6855801310987104, 'sum': 496.3600149154663, 'num_example': 724}
2022-08-27 Saturday 04:27:40:INFO: {'type': 'metric', 'label': 'training_dist_target', 'value': (0.5037821880361651, 0.48743926622590966), 'epoch': 1}
2022-08-27 Saturday 04:27:40:INFO: {'type': 'metric', 'label': 'training_acc', 'epoch': 1, 'value': 0.5662983425414365, 'num_correct': 410, 'num_example': 724}
2022-08-27 Saturday 04:27:40:INFO: {'type': 'metric', 'label': 'training_precision', 'epoch': 1, 'value': 0.5681818127632141, 'positive': 200.0, 'total': 352.0}
2022-08-27 Saturday 04:27:40:INFO: {'type': 'metric', 'label': 'training_recall', 'epoch': 1, 'value': 0.5524861812591553, 'positive': 200.0, 'total': 362.0}
2022-08-27 Saturday 04:27:40:INFO: {'type': 'metric', 'label': 'validation_loss', 'epoch': 1, 'value': 0.6886489987373352, 'sum': 19.282171964645386, 'num_example': 28}
2022-08-27 Saturday 04:27:40:INFO: {'type': 'metric', 'label': 'validation_dist_target', 'value': (0.4500392845698765, 0.5404257433755058), 'epoch': 1}
2022-08-27 Saturday 04:27:40:INFO: {'type': 'metric', 'label': 'validation_acc', 'epoch': 1, 'value': 0.5357142857142857, 'num_correct': 15, 'num_example': 28}
2022-08-27 Saturday 04:27:40:INFO: {'type': 'metric', 'label': 'validation_precision', 'epoch': 1, 'value': 1.0, 'positive': 1.0, 'total': 1.0}
2022-08-27 Saturday 04:27:40:INFO: {'type': 'metric', 'label': 'validation_recall', 'epoch': 1, 'value': 0.0714285746216774, 'positive': 1.0, 'total': 14.0}
2022-08-27 Saturday 04:27:40:INFO: Epoch: 2
2022-08-27 Saturday 04:27:40:INFO: LR: 0.001
2022-08-27 Saturday 04:27:41:INFO: {'type': 'metric', 'label': 'training_loss', 'epoch': 2, 'value': 0.6374173928360912, 'sum': 461.4901924133301, 'num_example': 724}
2022-08-27 Saturday 04:27:41:INFO: {'type': 'metric', 'label': 'training_dist_target', 'value': (0.4981374898668152, 0.42471463113858554), 'epoch': 2}
2022-08-27 Saturday 04:27:41:INFO: {'type': 'metric', 'label': 'training_acc', 'epoch': 2, 'value': 0.6712707182320442, 'num_correct': 486, 'num_example': 724}
2022-08-27 Saturday 04:27:41:INFO: {'type': 'metric', 'label': 'training_precision', 'epoch': 2, 'value': 0.644859790802002, 'positive': 276.0, 'total': 428.0}
2022-08-27 Saturday 04:27:41:INFO: {'type': 'metric', 'label': 'training_recall', 'epoch': 2, 'value': 0.7624309659004211, 'positive': 276.0, 'total': 362.0}
2022-08-27 Saturday 04:27:41:INFO: {'type': 'metric', 'label': 'validation_loss', 'epoch': 2, 'value': 0.7023002505302429, 'sum': 19.6644070148468, 'num_example': 28}
2022-08-27 Saturday 04:27:41:INFO: {'type': 'metric', 'label': 'validation_dist_target', 'value': (0.3304316656930106, 0.6269995825631278), 'epoch': 2}
2022-08-27 Saturday 04:27:41:INFO: {'type': 'metric', 'label': 'validation_acc', 'epoch': 2, 'value': 0.5357142857142857, 'num_correct': 15, 'num_example': 28}
2022-08-27 Saturday 04:27:41:INFO: {'type': 'metric', 'label': 'validation_precision', 'epoch': 2, 'value': 1.0, 'positive': 1.0, 'total': 1.0}
2022-08-27 Saturday 04:27:41:INFO: {'type': 'metric', 'label': 'validation_recall', 'epoch': 2, 'value': 0.0714285746216774, 'positive': 1.0, 'total': 14.0}
2022-08-27 Saturday 04:27:41:INFO: Epoch: 3
2022-08-27 Saturday 04:27:41:INFO: LR: 0.001
2022-08-27 Saturday 04:27:42:INFO: {'type': 'metric', 'label': 'training_loss', 'epoch': 3, 'value': 0.5053739509859138, 'sum': 365.8907405138016, 'num_example': 724}
2022-08-27 Saturday 04:27:42:INFO: {'type': 'metric', 'label': 'training_dist_target', 'value': (0.3632110258492317, 0.37760803054050845), 'epoch': 3}
2022-08-27 Saturday 04:27:42:INFO: {'type': 'metric', 'label': 'training_acc', 'epoch': 3, 'value': 0.7859116022099447, 'num_correct': 569, 'num_example': 724}
2022-08-27 Saturday 04:27:42:INFO: {'type': 'metric', 'label': 'training_precision', 'epoch': 3, 'value': 0.8996139168739319, 'positive': 233.0, 'total': 259.0}
2022-08-27 Saturday 04:27:42:INFO: {'type': 'metric', 'label': 'training_recall', 'epoch': 3, 'value': 0.6436464190483093, 'positive': 233.0, 'total': 362.0}
2022-08-27 Saturday 04:27:42:INFO: {'type': 'metric', 'label': 'validation_loss', 'epoch': 3, 'value': 0.6093423366546631, 'sum': 17.061585426330566, 'num_example': 28}
2022-08-27 Saturday 04:27:42:INFO: {'type': 'metric', 'label': 'validation_dist_target', 'value': (0.2714568887438093, 0.5362212998526437), 'epoch': 3}
2022-08-27 Saturday 04:27:42:INFO: {'type': 'metric', 'label': 'validation_acc', 'epoch': 3, 'value': 0.6428571428571429, 'num_correct': 18, 'num_example': 28}
2022-08-27 Saturday 04:27:42:INFO: {'type': 'metric', 'label': 'validation_precision', 'epoch': 3, 'value': 0.8333333134651184, 'positive': 5.0, 'total': 6.0}
2022-08-27 Saturday 04:27:42:INFO: {'type': 'metric', 'label': 'validation_recall', 'epoch': 3, 'value': 0.3571428656578064, 'positive': 5.0, 'total': 14.0}
2022-08-27 Saturday 04:27:42:INFO: Epoch: 4
2022-08-27 Saturday 04:27:42:INFO: LR: 0.001
2022-08-27 Saturday 04:27:44:INFO: {'type': 'metric', 'label': 'training_loss', 'epoch': 4, 'value': 0.3594393361339253, 'sum': 260.2340793609619, 'num_example': 724}
2022-08-27 Saturday 04:27:44:INFO: {'type': 'metric', 'label': 'training_dist_target', 'value': (0.2310279087467088, 0.23050330883890227), 'epoch': 4}
2022-08-27 Saturday 04:27:44:INFO: {'type': 'metric', 'label': 'training_acc', 'epoch': 4, 'value': 0.8411602209944752, 'num_correct': 609, 'num_example': 724}
2022-08-27 Saturday 04:27:44:INFO: {'type': 'metric', 'label': 'training_precision', 'epoch': 4, 'value': 0.8920634984970093, 'positive': 281.0, 'total': 315.0}
2022-08-27 Saturday 04:27:44:INFO: {'type': 'metric', 'label': 'training_recall', 'epoch': 4, 'value': 0.7762430906295776, 'positive': 281.0, 'total': 362.0}
2022-08-27 Saturday 04:27:44:INFO: {'type': 'metric', 'label': 'validation_loss', 'epoch': 4, 'value': 0.604522168636322, 'sum': 16.926620721817017, 'num_example': 28}
2022-08-27 Saturday 04:27:44:INFO: {'type': 'metric', 'label': 'validation_dist_target', 'value': (0.0949613196509225, 0.5154642036982945), 'epoch': 4}
2022-08-27 Saturday 04:27:44:INFO: {'type': 'metric', 'label': 'validation_acc', 'epoch': 4, 'value': 0.75, 'num_correct': 21, 'num_example': 28}
2022-08-27 Saturday 04:27:44:INFO: {'type': 'metric', 'label': 'validation_precision', 'epoch': 4, 'value': 1.0, 'positive': 7.0, 'total': 7.0}
2022-08-27 Saturday 04:27:44:INFO: {'type': 'metric', 'label': 'validation_recall', 'epoch': 4, 'value': 0.5, 'positive': 7.0, 'total': 14.0}
2022-08-27 Saturday 04:27:44:INFO: Epoch: 5
2022-08-27 Saturday 04:27:44:INFO: LR: 0.001
2022-08-27 Saturday 04:27:45:INFO: {'type': 'metric', 'label': 'training_loss', 'epoch': 5, 'value': 0.29648295357741045, 'sum': 214.65365839004517, 'num_example': 724}
2022-08-27 Saturday 04:27:45:INFO: {'type': 'metric', 'label': 'training_dist_target', 'value': (0.15836447378548468, 0.15563218896560246), 'epoch': 5}
2022-08-27 Saturday 04:27:45:INFO: {'type': 'metric', 'label': 'training_acc', 'epoch': 5, 'value': 0.8812154696132597, 'num_correct': 638, 'num_example': 724}
2022-08-27 Saturday 04:27:45:INFO: {'type': 'metric', 'label': 'training_precision', 'epoch': 5, 'value': 0.8898305296897888, 'positive': 315.0, 'total': 354.0}
2022-08-27 Saturday 04:27:45:INFO: {'type': 'metric', 'label': 'training_recall', 'epoch': 5, 'value': 0.8701657652854919, 'positive': 315.0, 'total': 362.0}
2022-08-27 Saturday 04:27:45:INFO: {'type': 'metric', 'label': 'validation_loss', 'epoch': 5, 'value': 0.4801619350910187, 'sum': 13.444534182548523, 'num_example': 28}
2022-08-27 Saturday 04:27:45:INFO: {'type': 'metric', 'label': 'validation_dist_target', 'value': (0.10314349617276873, 0.44663950375148226), 'epoch': 5}
2022-08-27 Saturday 04:27:45:INFO: {'type': 'metric', 'label': 'validation_acc', 'epoch': 5, 'value': 0.75, 'num_correct': 21, 'num_example': 28}
2022-08-27 Saturday 04:27:45:INFO: {'type': 'metric', 'label': 'validation_precision', 'epoch': 5, 'value': 0.8888888955116272, 'positive': 8.0, 'total': 9.0}
2022-08-27 Saturday 04:27:45:INFO: {'type': 'metric', 'label': 'validation_recall', 'epoch': 5, 'value': 0.5714285969734192, 'positive': 8.0, 'total': 14.0}
2022-08-27 Saturday 04:27:45:INFO: Epoch: 6
2022-08-27 Saturday 04:27:45:INFO: LR: 0.001
2022-08-27 Saturday 04:27:47:INFO: {'type': 'metric', 'label': 'training_loss', 'epoch': 6, 'value': 0.25586094703134254, 'sum': 185.243325650692, 'num_example': 724}
2022-08-27 Saturday 04:27:47:INFO: {'type': 'metric', 'label': 'training_dist_target', 'value': (0.10275449015158974, 0.18876750693136815), 'epoch': 6}
2022-08-27 Saturday 04:27:47:INFO: {'type': 'metric', 'label': 'training_acc', 'epoch': 6, 'value': 0.9005524861878453, 'num_correct': 652, 'num_example': 724}
2022-08-27 Saturday 04:27:47:INFO: {'type': 'metric', 'label': 'training_precision', 'epoch': 6, 'value': 0.9289940595626831, 'positive': 314.0, 'total': 338.0}
2022-08-27 Saturday 04:27:47:INFO: {'type': 'metric', 'label': 'training_recall', 'epoch': 6, 'value': 0.8674033284187317, 'positive': 314.0, 'total': 362.0}
2022-08-27 Saturday 04:27:47:INFO: {'type': 'metric', 'label': 'validation_loss', 'epoch': 6, 'value': 0.4395117163658142, 'sum': 12.306328058242798, 'num_example': 28}
2022-08-27 Saturday 04:27:47:INFO: {'type': 'metric', 'label': 'validation_dist_target', 'value': (0.39665232385907856, 0.09303951263427734), 'epoch': 6}
2022-08-27 Saturday 04:27:47:INFO: {'type': 'metric', 'label': 'validation_acc', 'epoch': 6, 'value': 0.7857142857142857, 'num_correct': 22, 'num_example': 28}
2022-08-27 Saturday 04:27:47:INFO: {'type': 'metric', 'label': 'validation_precision', 'epoch': 6, 'value': 0.699999988079071, 'positive': 14.0, 'total': 20.0}
2022-08-27 Saturday 04:27:47:INFO: {'type': 'metric', 'label': 'validation_recall', 'epoch': 6, 'value': 1.0, 'positive': 14.0, 'total': 14.0}
2022-08-27 Saturday 04:27:47:INFO: Epoch: 7
2022-08-27 Saturday 04:27:47:INFO: LR: 0.001
2022-08-27 Saturday 04:27:48:INFO: {'type': 'metric', 'label': 'training_loss', 'epoch': 7, 'value': 0.20307517175187065, 'sum': 147.02642434835434, 'num_example': 724}
2022-08-27 Saturday 04:27:48:INFO: {'type': 'metric', 'label': 'training_dist_target', 'value': (0.14073454082341483, 0.10582502112204199), 'epoch': 7}
2022-08-27 Saturday 04:27:48:INFO: {'type': 'metric', 'label': 'training_acc', 'epoch': 7, 'value': 0.9226519337016574, 'num_correct': 668, 'num_example': 724}
2022-08-27 Saturday 04:27:48:INFO: {'type': 'metric', 'label': 'training_precision', 'epoch': 7, 'value': 0.9090909361839294, 'positive': 340.0, 'total': 374.0}
2022-08-27 Saturday 04:27:48:INFO: {'type': 'metric', 'label': 'training_recall', 'epoch': 7, 'value': 0.939226508140564, 'positive': 340.0, 'total': 362.0}
2022-08-27 Saturday 04:27:48:INFO: {'type': 'metric', 'label': 'validation_loss', 'epoch': 7, 'value': 0.3181025981903076, 'sum': 8.906872749328613, 'num_example': 28}
2022-08-27 Saturday 04:27:48:INFO: {'type': 'metric', 'label': 'validation_dist_target', 'value': (0.17177731650216238, 0.3000178337097168), 'epoch': 7}
2022-08-27 Saturday 04:27:48:INFO: {'type': 'metric', 'label': 'validation_acc', 'epoch': 7, 'value': 0.7857142857142857, 'num_correct': 22, 'num_example': 28}
2022-08-27 Saturday 04:27:48:INFO: {'type': 'metric', 'label': 'validation_precision', 'epoch': 7, 'value': 0.8333333134651184, 'positive': 10.0, 'total': 12.0}
2022-08-27 Saturday 04:27:48:INFO: {'type': 'metric', 'label': 'validation_recall', 'epoch': 7, 'value': 0.7142857313156128, 'positive': 10.0, 'total': 14.0}
2022-08-27 Saturday 04:27:48:INFO: Epoch: 8
2022-08-27 Saturday 04:27:48:INFO: LR: 0.001
2022-08-27 Saturday 04:27:49:INFO: {'type': 'metric', 'label': 'training_loss', 'epoch': 8, 'value': 0.17506658627512706, 'sum': 126.74820846319199, 'num_example': 724}
2022-08-27 Saturday 04:27:49:INFO: {'type': 'metric', 'label': 'training_dist_target', 'value': (0.08752879253408527, 0.14120196505804747), 'epoch': 8}
2022-08-27 Saturday 04:27:49:INFO: {'type': 'metric', 'label': 'training_acc', 'epoch': 8, 'value': 0.9350828729281768, 'num_correct': 677, 'num_example': 724}
2022-08-27 Saturday 04:27:49:INFO: {'type': 'metric', 'label': 'training_precision', 'epoch': 8, 'value': 0.9538905024528503, 'positive': 331.0, 'total': 347.0}
2022-08-27 Saturday 04:27:49:INFO: {'type': 'metric', 'label': 'training_recall', 'epoch': 8, 'value': 0.9143646359443665, 'positive': 331.0, 'total': 362.0}
2022-08-27 Saturday 04:27:49:INFO: {'type': 'metric', 'label': 'validation_loss', 'epoch': 8, 'value': 0.3116878867149353, 'sum': 8.727260828018188, 'num_example': 28}
2022-08-27 Saturday 04:27:49:INFO: {'type': 'metric', 'label': 'validation_dist_target', 'value': (0.2781501497541155, 0.13034921033041819), 'epoch': 8}
2022-08-27 Saturday 04:27:49:INFO: {'type': 'metric', 'label': 'validation_acc', 'epoch': 8, 'value': 0.8928571428571429, 'num_correct': 25, 'num_example': 28}
2022-08-27 Saturday 04:27:49:INFO: {'type': 'metric', 'label': 'validation_precision', 'epoch': 8, 'value': 0.8235294222831726, 'positive': 14.0, 'total': 17.0}
2022-08-27 Saturday 04:27:49:INFO: {'type': 'metric', 'label': 'validation_recall', 'epoch': 8, 'value': 1.0, 'positive': 14.0, 'total': 14.0}
2022-08-27 Saturday 04:27:49:INFO: Epoch: 9
2022-08-27 Saturday 04:27:49:INFO: LR: 0.001
2022-08-27 Saturday 04:27:51:INFO: {'type': 'metric', 'label': 'training_loss', 'epoch': 9, 'value': 0.15016701220642795, 'sum': 108.72091683745384, 'num_example': 724}
2022-08-27 Saturday 04:27:51:INFO: {'type': 'metric', 'label': 'training_dist_target', 'value': (0.10894809506874717, 0.07915308989213975), 'epoch': 9}
2022-08-27 Saturday 04:27:51:INFO: {'type': 'metric', 'label': 'training_acc', 'epoch': 9, 'value': 0.9447513812154696, 'num_correct': 684, 'num_example': 724}
2022-08-27 Saturday 04:27:51:INFO: {'type': 'metric', 'label': 'training_precision', 'epoch': 9, 'value': 0.9398906826972961, 'positive': 344.0, 'total': 366.0}
2022-08-27 Saturday 04:27:51:INFO: {'type': 'metric', 'label': 'training_recall', 'epoch': 9, 'value': 0.950276255607605, 'positive': 344.0, 'total': 362.0}
2022-08-27 Saturday 04:27:51:INFO: {'type': 'metric', 'label': 'validation_loss', 'epoch': 9, 'value': 0.2579655349254608, 'sum': 7.223034977912903, 'num_example': 28}
2022-08-27 Saturday 04:27:51:INFO: {'type': 'metric', 'label': 'validation_dist_target', 'value': (0.16873897824968612, 0.2050924641745431), 'epoch': 9}
2022-08-27 Saturday 04:27:51:INFO: {'type': 'metric', 'label': 'validation_acc', 'epoch': 9, 'value': 0.8571428571428571, 'num_correct': 24, 'num_example': 28}
2022-08-27 Saturday 04:27:51:INFO: {'type': 'metric', 'label': 'validation_precision', 'epoch': 9, 'value': 0.8571428656578064, 'positive': 12.0, 'total': 14.0}
2022-08-27 Saturday 04:27:51:INFO: {'type': 'metric', 'label': 'validation_recall', 'epoch': 9, 'value': 0.8571428656578064, 'positive': 12.0, 'total': 14.0}
2022-08-27 Saturday 04:27:51:INFO: Epoch: 10
2022-08-27 Saturday 04:27:51:INFO: LR: 0.001
2022-08-27 Saturday 04:27:52:INFO: {'type': 'metric', 'label': 'training_loss', 'epoch': 10, 'value': 0.12017765600049035, 'sum': 87.00862294435501, 'num_example': 724}
2022-08-27 Saturday 04:27:52:INFO: {'type': 'metric', 'label': 'training_dist_target', 'value': (0.05877431189816301, 0.09400059505062208), 'epoch': 10}
2022-08-27 Saturday 04:27:52:INFO: {'type': 'metric', 'label': 'training_acc', 'epoch': 10, 'value': 0.9571823204419889, 'num_correct': 693, 'num_example': 724}
2022-08-27 Saturday 04:27:52:INFO: {'type': 'metric', 'label': 'training_precision', 'epoch': 10, 'value': 0.9715099930763245, 'positive': 341.0, 'total': 351.0}
2022-08-27 Saturday 04:27:52:INFO: {'type': 'metric', 'label': 'training_recall', 'epoch': 10, 'value': 0.9419889450073242, 'positive': 341.0, 'total': 362.0}
2022-08-27 Saturday 04:27:52:INFO: {'type': 'metric', 'label': 'validation_loss', 'epoch': 10, 'value': 0.24739958345890045, 'sum': 6.927188336849213, 'num_example': 28}
2022-08-27 Saturday 04:27:52:INFO: {'type': 'metric', 'label': 'validation_dist_target', 'value': (0.21702827726091659, 0.10280154432569232), 'epoch': 10}
2022-08-27 Saturday 04:27:52:INFO: {'type': 'metric', 'label': 'validation_acc', 'epoch': 10, 'value': 0.8571428571428571, 'num_correct': 24, 'num_example': 28}
2022-08-27 Saturday 04:27:52:INFO: {'type': 'metric', 'label': 'validation_precision', 'epoch': 10, 'value': 0.8125, 'positive': 13.0, 'total': 16.0}
2022-08-27 Saturday 04:27:52:INFO: {'type': 'metric', 'label': 'validation_recall', 'epoch': 10, 'value': 0.9285714030265808, 'positive': 13.0, 'total': 14.0}
2022-08-27 Saturday 04:27:52:INFO: Epoch: 11
2022-08-27 Saturday 04:27:52:INFO: LR: 0.001
2022-08-27 Saturday 04:27:54:INFO: {'type': 'metric', 'label': 'training_loss', 'epoch': 11, 'value': 0.09829905736182935, 'sum': 71.16851752996445, 'num_example': 724}
2022-08-27 Saturday 04:27:54:INFO: {'type': 'metric', 'label': 'training_dist_target', 'value': (0.07251888348911349, 0.04749094978880487), 'epoch': 11}
2022-08-27 Saturday 04:27:54:INFO: {'type': 'metric', 'label': 'training_acc', 'epoch': 11, 'value': 0.9668508287292817, 'num_correct': 700, 'num_example': 724}
2022-08-27 Saturday 04:27:54:INFO: {'type': 'metric', 'label': 'training_precision', 'epoch': 11, 'value': 0.9567567706108093, 'positive': 354.0, 'total': 370.0}
2022-08-27 Saturday 04:27:54:INFO: {'type': 'metric', 'label': 'training_recall', 'epoch': 11, 'value': 0.9779005646705627, 'positive': 354.0, 'total': 362.0}
2022-08-27 Saturday 04:27:54:INFO: {'type': 'metric', 'label': 'validation_loss', 'epoch': 11, 'value': 0.21788209676742554, 'sum': 6.100698709487915, 'num_example': 28}
2022-08-27 Saturday 04:27:54:INFO: {'type': 'metric', 'label': 'validation_dist_target', 'value': (0.1127394437789917, 0.16522318976266043), 'epoch': 11}
2022-08-27 Saturday 04:27:54:INFO: {'type': 'metric', 'label': 'validation_acc', 'epoch': 11, 'value': 0.8928571428571429, 'num_correct': 25, 'num_example': 28}
2022-08-27 Saturday 04:27:54:INFO: {'type': 'metric', 'label': 'validation_precision', 'epoch': 11, 'value': 0.9230769276618958, 'positive': 12.0, 'total': 13.0}
2022-08-27 Saturday 04:27:54:INFO: {'type': 'metric', 'label': 'validation_recall', 'epoch': 11, 'value': 0.8571428656578064, 'positive': 12.0, 'total': 14.0}
2022-08-27 Saturday 04:27:54:INFO: Epoch: 12
2022-08-27 Saturday 04:27:54:INFO: LR: 0.001
2022-08-27 Saturday 04:27:55:INFO: {'type': 'metric', 'label': 'training_loss', 'epoch': 12, 'value': 0.08286058334685162, 'sum': 59.991062343120575, 'num_example': 724}
2022-08-27 Saturday 04:27:55:INFO: {'type': 'metric', 'label': 'training_dist_target', 'value': (0.03393424117104125, 0.07056352710196985), 'epoch': 12}
2022-08-27 Saturday 04:27:55:INFO: {'type': 'metric', 'label': 'training_acc', 'epoch': 12, 'value': 0.9737569060773481, 'num_correct': 705, 'num_example': 724}
2022-08-27 Saturday 04:27:55:INFO: {'type': 'metric', 'label': 'training_precision', 'epoch': 12, 'value': 0.9886040091514587, 'positive': 347.0, 'total': 351.0}
2022-08-27 Saturday 04:27:55:INFO: {'type': 'metric', 'label': 'training_recall', 'epoch': 12, 'value': 0.958563506603241, 'positive': 347.0, 'total': 362.0}
2022-08-27 Saturday 04:27:55:INFO: {'type': 'metric', 'label': 'validation_loss', 'epoch': 12, 'value': 0.29295241832733154, 'sum': 8.202667713165283, 'num_example': 28}
2022-08-27 Saturday 04:27:55:INFO: {'type': 'metric', 'label': 'validation_dist_target', 'value': (0.2495919976915632, 0.05674963763781956), 'epoch': 12}
2022-08-27 Saturday 04:27:55:INFO: {'type': 'metric', 'label': 'validation_acc', 'epoch': 12, 'value': 0.8571428571428571, 'num_correct': 24, 'num_example': 28}
2022-08-27 Saturday 04:27:55:INFO: {'type': 'metric', 'label': 'validation_precision', 'epoch': 12, 'value': 0.8125, 'positive': 13.0, 'total': 16.0}
2022-08-27 Saturday 04:27:55:INFO: {'type': 'metric', 'label': 'validation_recall', 'epoch': 12, 'value': 0.9285714030265808, 'positive': 13.0, 'total': 14.0}
2022-08-27 Saturday 04:27:55:INFO: Calculating recall rate: sun2011
2022-08-27 Saturday 06:27:12:INFO: RR calculation - 500 duplicate reports were processed
2022-08-27 Saturday 08:16:04:INFO: RR calculation - 1000 duplicate reports were processed
2022-08-27 Saturday 10:06:42:INFO: RR calculation - 1500 duplicate reports were processed
2022-08-27 Saturday 11:54:38:INFO: RR calculation - 2000 duplicate reports were processed
2022-08-27 Saturday 13:41:39:INFO: RR calculation - 2500 duplicate reports were processed
2022-08-27 Saturday 15:30:50:INFO: RR calculation - 3000 duplicate reports were processed
2022-08-27 Saturday 17:22:31:INFO: RR calculation - 3500 duplicate reports were processed
2022-08-27 Saturday 19:22:47:INFO: RR calculation - 4000 duplicate reports were processed
2022-08-27 Saturday 21:15:24:INFO: RR calculation - 4500 duplicate reports were processed
2022-08-27 Saturday 22:55:06:INFO: RR calculation - 5000 duplicate reports were processed
2022-08-28 Sunday 00:32:00:INFO: RR calculation - 5500 duplicate reports were processed
2022-08-28 Sunday 02:04:38:INFO: RR calculation - 6000 duplicate reports were processed
2022-08-28 Sunday 02:48:01:INFO: [] Throughput: 0.07747363766129516 bugs per second (bugs=6229 ,seconds=80401.54287362099)
2022-08-28 Sunday 02:48:01:INFO: {'type': 'metric', 'label': 'recall_rate', 'k': 1, 'rate': 0.27018783111253813, 'hit': 1683, 'total': 6229, 'epoch': 0}
2022-08-28 Sunday 02:48:01:INFO: {'type': 'metric', 'label': 'recall_rate', 'k': 2, 'rate': 0.3374538449189276, 'hit': 2102, 'total': 6229, 'epoch': 0}
2022-08-28 Sunday 02:48:01:INFO: {'type': 'metric', 'label': 'recall_rate', 'k': 3, 'rate': 0.37518060683897897, 'hit': 2337, 'total': 6229, 'epoch': 0}
2022-08-28 Sunday 02:48:01:INFO: {'type': 'metric', 'label': 'recall_rate', 'k': 4, 'rate': 0.4003852945898218, 'hit': 2494, 'total': 6229, 'epoch': 0}
2022-08-28 Sunday 02:48:01:INFO: {'type': 'metric', 'label': 'recall_rate', 'k': 5, 'rate': 0.4209343393803179, 'hit': 2622, 'total': 6229, 'epoch': 0}
2022-08-28 Sunday 02:48:01:INFO: {'type': 'metric', 'label': 'recall_rate', 'k': 6, 'rate': 0.44244662064536844, 'hit': 2756, 'total': 6229, 'epoch': 0}
2022-08-28 Sunday 02:48:01:INFO: {'type': 'metric', 'label': 'recall_rate', 'k': 7, 'rate': 0.4578584042382405, 'hit': 2852, 'total': 6229, 'epoch': 0}
2022-08-28 Sunday 02:48:01:INFO: {'type': 'metric', 'label': 'recall_rate', 'k': 8, 'rate': 0.47166479370685505, 'hit': 2938, 'total': 6229, 'epoch': 0}
2022-08-28 Sunday 02:48:01:INFO: {'type': 'metric', 'label': 'recall_rate', 'k': 9, 'rate': 0.4824209343393803, 'hit': 3005, 'total': 6229, 'epoch': 0}
2022-08-28 Sunday 02:48:01:INFO: {'type': 'metric', 'label': 'recall_rate', 'k': 10, 'rate': 0.49141114143522235, 'hit': 3061, 'total': 6229, 'epoch': 0}
2022-08-28 Sunday 02:48:01:INFO: {'type': 'metric', 'label': 'recall_rate', 'k': 11, 'rate': 0.5000802697062129, 'hit': 3115, 'total': 6229, 'epoch': 0}
2022-08-28 Sunday 02:48:01:INFO: {'type': 'metric', 'label': 'recall_rate', 'k': 12, 'rate': 0.5101942526890352, 'hit': 3178, 'total': 6229, 'epoch': 0}
2022-08-28 Sunday 02:48:01:INFO: {'type': 'metric', 'label': 'recall_rate', 'k': 13, 'rate': 0.5148498956493819, 'hit': 3207, 'total': 6229, 'epoch': 0}
2022-08-28 Sunday 02:48:01:INFO: {'type': 'metric', 'label': 'recall_rate', 'k': 14, 'rate': 0.5211109327339862, 'hit': 3246, 'total': 6229, 'epoch': 0}
2022-08-28 Sunday 02:48:01:INFO: {'type': 'metric', 'label': 'recall_rate', 'k': 15, 'rate': 0.5284957457055707, 'hit': 3292, 'total': 6229, 'epoch': 0}
2022-08-28 Sunday 02:48:01:INFO: {'type': 'metric', 'label': 'recall_rate', 'k': 16, 'rate': 0.5339540857280463, 'hit': 3326, 'total': 6229, 'epoch': 0}
2022-08-28 Sunday 02:48:01:INFO: {'type': 'metric', 'label': 'recall_rate', 'k': 17, 'rate': 0.53796757103869, 'hit': 3351, 'total': 6229, 'epoch': 0}
2022-08-28 Sunday 02:48:01:INFO: {'type': 'metric', 'label': 'recall_rate', 'k': 18, 'rate': 0.5416599775244823, 'hit': 3374, 'total': 6229, 'epoch': 0}
2022-08-28 Sunday 02:48:01:INFO: {'type': 'metric', 'label': 'recall_rate', 'k': 19, 'rate': 0.5474393963718093, 'hit': 3410, 'total': 6229, 'epoch': 0}
2022-08-28 Sunday 02:48:01:INFO: {'type': 'metric', 'label': 'recall_rate', 'k': 20, 'rate': 0.55081072403275, 'hit': 3431, 'total': 6229, 'epoch': 0}
2022-08-28 Sunday 02:48:01:INFO: {'type': 'metric', 'label': 'MAP', 'value': 0.3444813386074882, 'sum': 2145.774258186044, 'total': 6229, 'epoch': 0}
2022-08-28 Sunday 02:48:01:INFO: [25, 342, 33, 2, 21, 1, 1, 1, 7, 718, 1, 2, 3457, 1, 1, 1, 1, 19, inf, 1, 2, 9507, 3126, 60, 33, 741, 575, 10, 9185, 9434, 3, 148, 2, 7, inf, 31, 1, inf, 1, 1, 1, 1, 23, 11, 3, 1, 1007, 1, 9, 4, 1, 131, 30422, 1, 1, 24, 3, 1, 191, 1, 7, 633, 405, inf, 11, 1, inf, 19, 1007, 37, 1, 183, 16815, 107, 206, 8, 443, 64, 7, 1, 1009, 5, 203, 3, 118, 1, 1, 9, 20, 17084, 3, 620, 1, 37, 2076, 3, 8, 1, 5, 24493, 7, 74, 52014, 12137, 3872, 24, 8, 2, 266, 313, 6, 624, 347, inf, 1, 1, 4, 1, 1, 1, 350, 1, 2662, 111, 1, 1, 1, 1, 177, 1, 57, 15, 668, 45, 326, 157, 5, 1, 5, 2, 1, 843, 180, 9, 14, 2, 1, 2, 40, inf, inf, 1066, 25, 42, 11, 16, 75, 1, 5916, 144, 2, 64, 1, 3636, 34, 1, 22, 1568, 4, 15, 1, 43, 1, 28, inf, 10, 1, 1, 6, 56, 1, 1, 1, 1002, 3, 7, 83, 6, 6, 1, 7, 1, 8, 123, 1777, 6, 1, 1, 57, 545, 9, 389, 4, 6, 692, 2, 1, 4289, 1, 8, 3, 1, 1, 15, inf, 123, 6, 25422, 30, 2, 1, 1, 3402, 1, 1, 47, 1758, 23, 1, 870, 183, inf, 1, 8, 133, 1, 32, 2024, inf, 4, 26, 1, 5, 705, 53, 1, 195, 2, 2, 1, 1, 13536, 1, 1, 1, 1, inf, 82, inf, 1, inf, 10, 344, 1, 5, 1, 12609, 1, inf, 52006, 10, 40, 392, 3, 1, 4654, 594, 3, 51311, 1, 7, 2, 1, 6, 1, 1, 1, 113, 3, 1, 839, 505, 1, 27, 4991, 3252, 1, 1181, 1, 51571, 9, 1, 16, 1, 2, 97, 54, 410, 1, 12, 174, 1951, 1, 3, 51724, 2, 2, 1, 2, 1, 2, 1, 2, 1, 1, 3000, 10, 3520, 477, 270, 1049, 1, 1, 6, 1, 3, 1, 23, 77, 19, 13143, 2, 3, 8, 7318, 1, 1653, inf, 14365, 1, 8553, 4, 1, 91, 100, 306, 316, 951, 113, 1, 8, 131, 240, 1129, 225, 1907, 4, 2, 6, 322, 1, 1, 2, 4, 1, 10, 527, 50, 3, 3, 1, 1, 1, 2, 1643, 1511, 360, 1, 153, 1, 275, 12, 36, 2, 62, 3, 8, 3, inf, 566, 1, 1, 1363, 3717, 370, 2823, 202, 25, 1, 1, 666, inf, 2, 9667, 3, 12, 8, 1, 12, 11, 60, 453, 2, 1, 1, 1, 42, 1, 1, 1, 67, 1, 1863, 425, 3, 1, 1, 147, 360, 2, 38, 15, 118, 120, 34, 12, 22, 1, 1079, 123, 1, 2035, 1, 291, 1, 4, 4, 467, 1, 68, 2, 248, 11, 191, 1, 73, 1, 444, 1, 930, 3, 14458, 1, 1, inf, 1, 58, inf, 8, 19, 1, 3723, 6, 36, 44, 1, 10880, 1, 1, 3, 1133, 580, 467, 160, 585, 1, 196, 15, 1, 8337, 1679, 1, 1, 4162, 41, 1004, 44, 1, 73, 11, 3, 2, 88, 4, 1, inf, 2, 2, 2, 1, 65, 18, 1674, inf, 187, 4, 17, 11, 1, 2, 1, 2, 2, 1, 2, 743, 3, 1, 12, 535, 39, 5, 31, 1, 283, 37, 602, 165, 2, 1, inf, 1284, 1, 2, 63, 20471, 114, 1, 45, 144, 1, 139, 1, 3199, 5, 3, 92, 1, 5, 47278, 1365, 1, 1, 120, 1, 4, inf, 2621, 2606, 126, 2, inf, inf, 21, 1526, 585, 10, 2, 3, 548, 1, inf, inf, 2, 1, 1, 79, 186, 1, 4550, 1, 92, 1, 420, 4, 155, 4, 355, 1, 33652, 19, 1, 33, 3789, 1, 1, 265, 534, 217, 510, 2, 1, 1, 1, 3, 248, 743, 1, 864, inf, 106, 1, 5363, 1, 10, 630, inf, 7, 50, 680, 1, 1, inf, 1, 3869, inf, 1, 121, 2166, 1, 3, 3, inf, inf, 473, 1, 85, 80, 1, 1, 1, 2, 1, 28, 228, 2, 6, 9, 29, 20, 74, 264, 12, 3373, 2478, 1, inf, 1, inf, 7, 859, 39, 2362, 4, 1770, 3777, 252, 1, 5, 26, 1, 2667, 1, 219, 1, 1, 115, 275, 2790, 740, 53, 2, 30116, 15, 8074, 58, 1, 1, 1671, 17, 3, 3339, 21785, 667, 4, 250, 2, 2, 2, 91, 16, 201, 26, 2, 214, 1285, 342, 3321, 1, 20, 113, 1, 42, 15011, 523, 12554, 1, 3, 8010, 87, 10, inf, 152, 1876, 13281, 2, inf, 1, 2103, 1, 9, 8895, 1, 8, 1, 1, 14, 26306, 8, inf, inf, 39, 5, 1, 44, 1, 1, 6092, 4, 16, 1, 125, 13065, 134, 8, 25, 57, 2, inf, 1, 565, 4, 8485, 2, 2065, 1, 5, 913, 21, 1, inf, 12, 1, 1769, 1131, 248, 292, 11, 9, 1, 15, 2, 71, 4, 4, 148, 3, 1818, 1, 1, 2, 1, 719, 3, 7, 2, 755, 25, 10, 9, 1060, 1, 147, 99, inf, 9300, 1, 1, 52, 497, 1, 1274, 5, 6, 1, inf, 1, 3873, 97, 8260, 979, 833, 36, 1, 1, 1, 1, 1, 12, 401, 33, 3, 3, 1, 1, 15, 1, 12622, 1, 15, 131, 2, 1, 2, 3602, 52610, 539, 585, 129, 1, 18, 1, 10, 1, 17, inf, 115, 1, 57, 602, 525, 2, 1, 1, 45, 1, 1, 269, 7598, 1359, 1, 5351, 12, 2, 4, 1, 805, 119, 19, inf, 1, 98, 1, 1, inf, 3170, 30, 1129, 3, 41, 12, 233, 1, 16269, 54, inf, 1, 1939, 369, 352, 1, 1, 1, 3, 370, 7, 9, 4, 1, 3039, 1, 4581, 359, 30761, 9, 5, 18948, 1, 95, 1, 53, 76, 2479, inf, 3, 1, 1, 166, 16, 1, 1, inf, 343, 5, 29, 17937, 1, 5, inf, 42, 32, 2, 1, 23, 141, 1, 1, 221, 1, 10179, 1179, 1, inf, 1, 1, 31, 7, 3, 1, 10, 1996, 621, 32, 1, 1, 5, inf, 9, 8, 1, 1, 8580, 2, inf, 47, 10, 1, 62, 23, 196, 3010, 1, 6, 754, 1045, 1, 1, 122, 1, 55, 1, 1, 149, 90, 5, 17, 1, 1, 111, 486, 5, 17883, 3, 1, 1388, 1, 1, 12, inf, 86, 545, 2, inf, 1, inf, 1, 7, 1, 1, 9, 8, inf, 339, inf, 7, 4, 2, 4, 1, 8, 1, 16227, 39, 13, 1, 2, 2, 12, 25, 1, 29, 8, 19, 636, 1, 1, 5, 3313, 1, 1, 15, 130, 172, 2, 26409, 3, inf, inf, 1, 94, inf, 3, 387, 3430, 1, 825, 1, 19, 53, inf, 1, 1, 191, 5, 6, 12, 188, 1226, 11, 3, 17, 5426, 1, 2, 1412, inf, 1, 46, 67, 13, 1, 12, inf, 51445, 1, 1, 3707, inf, 26, 307, 7, 25, 613, 2138, 2, 6856, 3, inf, 6, 1, inf, 44, 1627, 570, 27522, 1563, 14, 5, 501, 57, 2, 11, 8549, 20, 27, 1, 3, inf, 116, 1, 1, 135, 1, 1, 2, 4234, 1, 4573, 1, 2, 7, 539, 11, 743, inf, 8, 63, 1, 1, inf, inf, 5, 4, 1, 1, 11887, 47, 6, 519, 693, 1, 2, 14, 2, 1, 127, 8, 1, 146, 1, 1, 1, 6, 28, 10641, 27, 974, 1, 252, 1, 1660, 11, 1, 1, 2, 1, 413, 360, 15, 7, 3, 2698, 1, 19, 41, 2, 6, 3706, 6, 15, 1, 23, 36, 1, 28, 2, 28, 14, 2515, 18, 6, 1, 31, 3, 8, 119, inf, 456, 5, 3, 50990, 16, 310, 2, 1, 1, 55, 1, 190, 1, 32, 6, 31, 15, 4, 1, 1, 15547, 7, 10351, 1, 1054, 828, 7, 248, 1032, 3606, 34, 1, 1, 1, 1, 127, 4, 19, 115, 13, 1, 847, 73, 1, 1, 14, 8, 4, 6, 1, 1, 2194, 28, 1, 532, 493, 15, 1, 32680, 3, 99, 6, 6, 1, 25, 1, 5288, 1, 1426, 19181, 1, 1, 5, 2660, 1111, 15, 197, 1, 1, 1, 1, 4378, 1, 1, 344, 1, 1, 1, 1, 1, 1, 1, 1, 24177, 1, 88, 11, inf, 3711, 1, 48, 1, 52, 6, 96, 54, 8, 1, 1161, 1, 18, 1, 28561, 6, 4, 1, 11897, 568, 1, 718, 1, 19, 5, 4, 2, 1, 1106, inf, 48787, 1287, 2, 533, 63, 81, 10, 1, 37, 13, 1, 1, 29, 3, 1112, 1, 1, 1, inf, 6572, 4, inf, 188, 1, 377, inf, 1, 1, 35, 1476, 1, 29, 1, 5, inf, 3, 42, 12714, 35, 35, 2158, 1, 263, 6, 1, 50, 10, 1, 1, 90, 4, 36, 2, 2, 8, 26, 2, inf, inf, 26, 1, 28677, 8392, 6127, 1, 168, 1, 10, 1, 3, 109, inf, 1, 2, 7, 11042, 1, 74, 106, 2, 1, 1, 9, 628, 3, 35, inf, 1, 5, 1, 1, 129, 1, 1, 1, 15, 72, inf, 2561, 258, 48392, 1268, 1492, 403, 4, 94, 1, 1, 185, inf, 5, 1, inf, 3, 78, 1130, 1, 32, 1, 19723, 240, 2149, 73, 1, 47824, inf, 59, 1, 178, 1, 1, 3, 5, 123, inf, 18, 1, 210, inf, inf, 1, 1, 4, 3650, 1, 1, 2, inf, 611, 82, 1, 404, 6996, 21, 2, 258, 9, 3, 2, 11272, 4, 340, 164, 11, 1, 1, 10, 5, 6313, 1, 95, 1327, 36, 1, 5, 1210, 1, 1, 1, 1, 1, 24899, 1, 1, 1, 1, 560, 1, 6, 8, 5, 6, 2, 19, 139, 301, 1, 1, 1, 1, 1, 1, 974, 1, 1, 1, 1, 1, 1, 2, 1, 135, 2, 36, 10258, 3, inf, 1, 32, 94, inf, 905, 743, 85, 87, 122, 2, 14, 650, 2256, 29002, 7, 10646, 9, 11635, 1, inf, 1, 5066, 21, 93, 460, 1, 1, 1, 1, 1, 1, 1, 1, 4, 6, 7, 1, 12, 427, 8, 11, 15, 1, 10, 5156, 114, 4, 77, 2, 2, 1, 6758, 13264, 1, 1, 1, 1, 1, 2, 2, 1, 3, 23, 1, 1, 2, 2, inf, 10, 2, 4549, 1802, 2761, 15596, inf, inf, 35, 1, 726, inf, 3, 52, 1, 1, 1, 319, 124, 1, 233, 7474, 14, 1572, inf, 48, 10, 173, 122, 722, 27, 1, 69, 1, 1, 11, 182, 1, 5, 2, 488, 2, 129, 7, 1, 588, 37, 1686, inf, 1, 403, 1, 9, 4, 60, 12, 74, 1, 72, 11, 5, 4, 1, 5, 4, inf, 30, 37, 44, 48, 6, 849, 170, 929, 1, 1, 247, 6, 21, 202, 37, 1, 51, 5, 11, 8506, 1, inf, 225, 19, 159, 1, 2475, 10, 1681, 2372, 3, 1278, 234, 2, 227, 2, 1, 1, 815, 57, 7, 2, inf, 8, 20, 1, 1, 2, 357, 9, 18031, 216, 59, 1, 169, 1, 7, 10, 1, 147, 1, 13, 2, 1, 119, 1, inf, 5, 386, 8, 16, 1, 21, 365, 25, 7, 9, 7, 181, 15, 2, 5, 1, 4, 3, 2, 1, 10, 1332, 1345, 1, 1760, 962, 7, 1303, 1, 1, 1, 3, 99, 38, 1, 1, 22, 10862, 279, 1, 93, 1, 42, 3, 10839, 1, 1, 888, 221, 1, 77, 3, 1, 38992, 1, 414, 364, 537, 1, 1, 8, 4, 49, 129, 804, 1, 1, 2, 2281, 45, 1, 2, 3, 1250, 25, 1, 11, 5, 58, 27, 119, 58, 4, 1, inf, 524, 2958, 1, 3, 46634, 213, 72, 3, 136, 1, 2, 1, 1, 1548, 253, 18, 43, 6, 3, 44, 1, 9, 1, 1, 14, 9, 4, 1293, 5, 1, 14, 50, 370, 8, 1, 2, 8, 71, 3, inf, 2, 2955, 98, 11, 3411, 3, 136, 1, 22, 23, 7, 1370, 1, 28, 39, 13, inf, 1, 5, 670, 6, 157, 306, 1, 1, 21, 10, 9638, 4, 129, 1107, 32, 5, 95, 1, 2879, 49, 8, 3, 1, 1, 23, 25, 25, 139, 1, 20298, 2, 198, 107, inf, 360, 84, 1, 1, 5, 12, 2, 1, 2, 84, 3801, 22, 1, 5, 24, 1, 25, 102, 1, inf, 936, 1, 1, 2, 1, 1, 201, 3, 149, 1, 1, 33, 266, 3, 3, 24, 1, 1, 5, 109, 7432, 259, 10319, 1, 1, 897, 1, 49, 134, 1, 2, 1, 87, 19, inf, 44, 1, 2764, 48, 63, 4, 25, 1, 26, inf, 103, 116, 34, inf, 11, 84, 16553, 7023, 9, 3, 1, 1, inf, 7, 29, 458, 45125, 1, 12, 11, 2, 1829, 1, 2171, 96, 5, 1, 174, 1, 14, 3, 32, 1, 2674, 1, 1, 11582, 31, 3, 2307, 1, 1, 2, 84, 11, 2, 1, 33, 641, 1, 7962, 2, 7, 3, 24, 1, 16193, inf, 2467, 3, 4888, inf, 1, 229, 24, 1, 1, 2, 55, inf, 2, 3, 318, 1, inf, 11, 561, 1, 2, 3, 3, 317, 1169, 1, 7368, 16, 120, 481, inf, 1, 1, 5, 1, inf, 1, 1, 1, 25, 6221, 12, 1, 1692, 6, 966, inf, inf, 5398, 2, 5, 19, 1, 7127, 14, inf, 1, 272, 1, 2, 1, 3, 1, 395, 354, 19, 1, 219, 26, 1, 221, 397, 3, 265, 166, 170, inf, 1, 470, 1, 4, inf, 13568, 1, 1, 1421, inf, 1, 6, 2, 1, 1, 1, 10730, 2, 2, 3, 30, 4, inf, 22, 1, 1, 41265, inf, 42, 7473, 1, 108, 7, inf, 9, 13370, 203, 10, 4, 40, 37, 12, 1, 2, 473, 476, 3, 223, 1, 1, 2, 2469, 8373, inf, inf, 32, 11, 44, 2, 1, 1, inf, 2, 1, 27906, 2, 1, 4613, 1, 15, 275, 200, 993, 13, 2, 1942, 2, 14, 11, 1, 11, 1, 120, 7, 2, 1, 1, 66, 8, 1, 1953, 17595, 1, 2, 1, 4, 5, 1, 3, 49167, 1, 2048, 1941, 24, 20, inf, 2, 272, 1, 1, inf, inf, 2293, 9, 8, 144, 1, 4701, 2, 5650, 14, 1, 4428, 34, 9, 6, 2528, 1, 29168, 1, 40, 1, 1, 1, 1, inf, 1, 1, 31, 1, 1, 49, inf, 143, 1, 1432, 8, 38957, 15, 12, 1, 1, 1, 3, 129, 1, 45, 2, 44, 7, 1, inf, 2773, inf, 1, 1, 1, 24792, 1, 5, 1, 1, 4, 1, 7, 6, inf, 2, 11, 10, 1, inf, 9, 30, inf, 55358, 29, 2, 10093, 185, 2, 1, 1, 125, 1, 1, inf, 1, 294, 5789, 8, inf, 72, 794, 23974, 1, inf, 3, 221, 1, 2, 1, 16, 28, inf, 1, 1, 6, 1, 8025, inf, 24, inf, 76, 1, 863, 4, 89, 2, 2, 3, 5297, 51444, 4899, 1, 1, 1, 8724, 2, inf, 1, inf, 3, 10, 1, 1, 30, 628, 1, inf, 6, 108, 1, 1, 248, 528, 1, 729, 167, 2, 1667, 2, 3, 22, 1, 1, 1, 1, 1, 1, 1, 1, 1294, 1, 1, 1, 2, 250, 2, inf, 12, 1, inf, inf, 10339, 217, 18395, 659, 1, 1, 1, 4, 10, 1, 1, 31, 1, 2, 2, 1, 2, inf, 69, 54, 3, 6, 12549, 3, 72, 1, 21, inf, 1, 1, 1, 2, 2386, 14, 66, 1, 1, 1, 33, 1, 3, 2129, 1, 300, 382, 1, 91, 3357, 70, 1, 1, 91, 1119, inf, 3, 3021, 1, 1, inf, 321, 385, 285, 2, 9, 23, 4, 19, 1, 2, 68, 24, 41, 1, 1, 2470, 1, 13, 75, 24, 1, 1, 122, 575, 5, 15, 8, 16276, 1, 1, 2, 29, 6, 2568, 343, 28165, inf, 64, 1452, 111, 1, 3, 2, 7624, 30224, 13387, 5, 1387, 2, 165, 2187, inf, 1, 9105, 1, 9, 3, 2131, 159, 2451, 6, 1, 6, 18504, 6531, 7, 21, 1, 1, 21, 1, 5, 5, 27, 11166, 4984, 1, 13, 1, 1, 1, 1, 1, 10, 1, 2, 1, 1, 1, 17, 12, 6592, 17, 5, 1, 4, inf, 131, 1, 1, 1, 4, inf, 2953, 11641, 11, 1, inf, inf, 328, 21, inf, 1, 1, 1, 1, 2, 358, 979, 83, 1, 163, 1368, 221, 1, 392, 15, inf, 15, 13, 113, inf, 1, inf, 2, 1, 6, 2, 6, 131, 104, 335, 14, 1, 2, 20939, 1, 1, 1102, 24, 4367, 2700, 6, 1, 1, 8, 2, 27, 265, 122, 9968, 842, 2, 10614, 3489, 8, 47, 6, 17, inf, 5341, 1, 3210, 398, 7, 1, 92, 465, 148, 3, 3329, 1, 51, 1, 1, 2195, 222, 9422, 6, 1, 1, 11, 1, 2, 150, 1, 1, 1, 3, 1, 1, 1, 1, 11, 19, 1, 1, 1, 2116, 4, 88, 66, 36, 1, 1, 1, 2, 69, 1, 25, 22, 2, 2, 1, 35, 522, 378, 12, 3, 1, 244, inf, 7266, 4, 1, 1, 14, 1, 305, 2, 3, 424, 2, 7, 3, inf, 17, 1, 3274, 6070, 42, 6, 3, 1, 1373, 32, 1, 24, 139, 326, 6, 3, 1, 4, 6, 11, 1, 4180, inf, 809, inf, 8, inf, 1, 8, 1, 1, 7, 36, 1, 1, 1, 1, 13, 1, 5, 85, 2, 3, 193, 634, 19943, 23, 4, 1, 80, 987, 2180, inf, 1, 3, 1858, inf, 2, 178, 1, 1, 6, 62, 34, 9, 2119, 137, 1, 1, 188, 131, 88, 1, inf, 39, 1535, 1640, 1341, 1, 6, 11, inf, 2, 1, 25, 6, 143, 1, 6, 12, 7662, 1, 2, 1, 289, 6, 1, 9, 14776, 19, 1322, 1, 3, 2, 1, 1657, 1, 292, 5985, 973, 428, 1, 5, 1, 2943, 41, 833, 5, 1, 14, 7, 2, inf, 1, 7, 13, 20, 177, 48, 53858, 176, 17708, 1, 1, 137, 258, 46895, 1, 9347, 739, 205, inf, 1, 1, 15, 4, 246, 1739, 67, 2, 1, 1, 1, 3, 34943, 306, 1, 1, 5166, 108, 2, 338, 1, inf, 3, 8, 3, 1, 1, 2, 339, 9275, inf, 169, 51, 15, 1, 2949, 2170, 733, 358, 1, 1457, 1, 54, 6, 930, 1, 5, 1, 10, 27, 125, 841, 35418, 1, 337, 6224, 366, 771, 1, 1, 4, 74, 3401, 58, 1, 6, 5, 421, 1, 1, 2, 1, 44, 2, 8, 200, 1, 378, 17, 2, 1, 21, inf, 1, 3, 18, 1, 41792, 1, 464, 1, 3, inf, inf, 1, 44522, 165, 1, 1, 7, 1, 1, 1, inf, 117, 1, 1, 15, 1, 439, 1, 266, 2, 1039, 19, 1, 1, 1, 2, 5918, 6, 145, inf, 1352, 7, 53, 1, 69, 10, 26, 29, 485, 1, 12, 3692, inf, 10, inf, 8117, 37, 2, 1, 49709, 535, 2, 1, inf, 1, 1, 1, 1, 7094, 7, 4, inf, 1, 34, 3902, 5, 2025, 19, 1983, 40692, 1, 1, 356, 484, 1, 56968, 916, 1, 1, 1, 16, 3, 11, 1, 1, 1, 1, 1, 1, 1, 22, 18, 100, 24, 2, 249, 29, 13, 38, 5, 1, 7752, 923, 40, 118, 435, 14, 1, 1, 555, 7, inf, 105, 19, 3, 1, 1, 1, 3, 4, 10, 21, 135, inf, 1149, 3258, inf, 8, 1114, 1, 10, 5034, 7487, 5, 890, 315, 89, 1193, 60, 2, 215, 1, 5, 1, 3, 200, 48985, inf, 7, 1, 1120, 178, 28436, 1, 11, 22497, 1, 1, 4558, 1811, 1235, 4759, 40, 1, 8, 1, 1, 7, 4485, inf, 6, 1, 395, 1, inf, 375, 137, 541, 1, 20051, 2987, 769, 28355, 1, 1, 1, 10, 5, 3, 39, 4, 7, 17793, 2, 1, 827, 207, 1, 1, 1, 11, inf, 1, 13, 12, 1, 2531, 8, 9, inf, 40, 3576, 19, 1, 3, 16, 4, 151, 10, 1, 13, 1, 105, 17, 2, 50, 150, 11, 2, 1, 2, 1, 1, 1, 3, 1, 4, 1, 1, 2, 1, 342, 12, 51679, 20, 4, 7, 2, 40, 166, 185, 1, 3, 983, 500, 1, inf, inf, 40, 2, inf, 1, 120, 39, 15298, 244, 4, 1, 18, 1, inf, 1, 2, 1, 93, 1448, 1, 50506, 1, 5, 1, 27, 2, 1063, 1, 1, 10, 1, 9, 114, inf, 1, 1, 434, 2, 1, 146, 1, 11, 1, 1, 907, 788, 1114, 7, inf, 17, 1, 420, 1, inf, 155, 938, 4, 1, 6994, 2, 46, 1555, 6, inf, 2, 28, 1, 40, 1, 693, 100, 2451, 73, 1, 1, 2, 1, 1, 1, 1201, 1, 1461, 88, 26, 12, 204, 3, 5, 1358, 9, 601, 1, 1, 1, 1, 139, inf, 1, 31, 77, inf, 4, 1, 12, inf, 27, inf, 5032, 6, 16446, 73, 387, 4, 1, 11, 1, 2, 1, 47, 2, 37, 3555, 3, 4, 25, 144, 618, 1258, 35, 3, 181, 1, 1, 1, 2, 3, 438, 54, 84, 1145, 2359, 1, 5, 4, 282, inf, 1, 81, 9, 9, 5, 80, 8, 721, 1, 206, 51, 2, 7, 7, 1, 5, inf, inf, 31, 3, 7537, 293, inf, 1119, 6, 3, 1, 3, 18, 1, 3, 62, 548, 1, 12, 1, 125, 3, 1782, 819, 1, inf, 5, 17, 24647, 8, 7, 513, 3, 25179, 2, inf, 12650, 1002, 453, 1, 2, 1, 38, 1, 2, 13346, 7, 1, 3, 1, 2, 7, 9, 9, 2, 1, 239, 715, 27, 27, 25, 168, 25, 7, 1, 6, 92, 1, 1, 1, 10, 68, 6, 2, 1, 218, 4, 1, 1, 20243, 1, 1, 1, 156, 30, 296, 269, 2, 1, 5, 1, 4, 9, 3282, 1, 1, 3725, 1, 1, 54617, 399, 5545, 83, 1, 1, 606, 1, 1, 2, 18835, 1, 4, 1, 92, 52, 54, 1, 1, 4, 123, 155, 1, 1, 1, 4740, 1, 11, 242, 1, 261, 4423, 307, 14, 5, 1, 49, 41032, 2, 1, 5086, 5, 10, 19159, 2550, 62, 16, 9658, 4, 2, 69, 1, 1, 4, 6, 2, 4, 202, 20, 1, inf, 1, 33, 14918, 4, 16, 5519, 14, 16, 4, 7, 1, 5, 1, 1, 1, 65, 51, 2, 56, 2, 58, 20, 110, 48, 5, 735, 2, 2, 57, 11, 84, 15, 1, 50, 7, 21, 1, 2, 25, 31, 1, 8505, inf, 241, 6, 1357, inf, 3, 4258, 1, 2626, 7, 83, 216, 1, 2512, inf, 8, 51, 1, 1, 859, 26, 2, 55, 445, 1, 145, 165, 4690, 6, 3, 363, 8, 33, 1, 1, 138, 444, 88, 38, 5688, inf, 1345, 6, 94, 621, 29, 60, 144, 4, 2, 1, 1, 3, 1, 1, 1, 1, 1, 17, 10, 201, 1, 1, 13, 959, 1018, 296, 877, 1708, 24, 1, 3, 1, 3, 146, 2033, 1478, 2, 6, 164, 1, 925, 196, 186, 21, 18, 1, 1, 185, 1, 190, 1, 12, 1, 1, 1, inf, 14, inf, 17, 9, 7, 1, 10, 1, 2, 2, 16, 66, 3, 153, 4, 1, 17, 5, 1, 1, 3, 4, 100, 1, 1, inf, 1, 2, 1, 2, 1, 59, inf, 1, 770, 222, 1, 3, 2089, 94, 1, 59, 783, 60, 8, 2, 4127, 3, 4607, 1, 1107, inf, 35, 14, inf, inf, 2, 2, 14, 6, 39, 9, 1, 7, 12, inf, 9, 1, 29, 19, 1, 26, 35, 1, 1, 2, 21, 83, 3, 4, 12, 40, 10, 36, inf, 9, 135, 1, 1, 142, 65, 1, 222, 3048, 233, 4549, 1, 1, 1, 22, 69, 33, inf, 166, 7, 7, 23, 1, 47, 336, 1, 225, 2, 6, 28, 15, 8, 5942, 5, 1, 389, 65, 15217, 2, 540, 1, 1, 21079, 5, 14, 221, 10, 1724, 4, 6, inf, 33, 18, 372, 37, 5, 40, 1, 8, 2, 2, 34, 3, 525, 763, 256, 145, 2, 2, 1, 12, 221, 1, 1, 7, 3486, 1, 6, 16, 1166, 1, 1, 167, 3150, 1, 7488, 6, 298, 1, 1, 2, 8, 1, 6, 7, 59, 1978, 32, 35, 87, 137, 10, 1, 212, 11, 1, 53, 12, 898, 25, 2170, 1, 16, 2, 125, 462, 65, 4993, 1, 2, 2, 1, 7, 2, 3203, 75, 1252, inf, 3, 2, 29936, 1, 1080, 1, 1, 4, 96, 1, 3, 51, 1, 54079, 15, 932, 2666, 4198, 1, inf, 1, 1821, 5, 492, inf, 6, 502, 1, 39, 1884, 1888, 335, 4, 5849, 6, 1, 1259, 3, 4942, 1, 409, 1, 1, 1, 1, 631, 1, 36, 471, 2622, 83, 12, 1, 5, 5, 9840, 2, 20801, 1, 15, 2, 1, 1, 149, 1, 55276, 486, 334, 4230, 2, 1954, 2, 7, 3, 23, 66, 744, 2, 11, 1, 24897, 523, 162, inf, 1, 26, 583, 12, 9385, 1, 3, 27, 1, 1, 144, 1, 13958, 1, 1, 5208, 441, 1, 10, 1, 1, 2, 2, 180, 1, 32, 783, 101, 3, 1, 39, 1, 929, 2127, 172, 2, inf, 2, 3, 29, 111, 12, 1, 1, 3, 6, 1, 2, 3, 10, 818, 4, 15, 78, 1, 24, inf, 1, 1526, 274, 3, 1, 793, 1, 1, 1, 1439, 11, 4, 1, 2, 36, 2, 12, 1, 2, 13, 299, 27, inf, 4480, 1, 14338, 1, 3, 1411, 19, 526, 1, inf, 4971, 26122, 1, 1, 88, 2237, 3, 6, 1, 1, 1, 1, 20, 5, 6, 1, inf, 3465, 13, 5010, 2, inf, 16, 1, 21, 4, inf, 2, 228, 55, 1, 1, 2, 9, 49, 1, inf, 4, 1, 1188, 5095, 1, 2238, 1, 1, 2, 12, 43, 14, 1, 4, inf, 61, 1, 2, 12, 1, 12, 1266, 2, 1, 53, 7, 25, inf, 62, 1, 2939, 9, 1, 1, 1, 18, 512, 6, 88, 12, 89, 145, 192, 21, 79, 1, 1, 1, 80, 5909, 330, 12, 4, 31, 119, 23, 86, 6, 3640, 312, 5, 1, 150, inf, 1, 385, 1, 1, 5040, 144, 1, 9, 3, 200, 166, 129, 3789, 3, 1, 79, 86, 3, 72, 69, 437, 2, 7, 1, 302, 136, 3, 1, 4, 37, 171, 1, inf, 315, 2, 1, 48099, 1, 1, 1116, 16, 8, 1613, 170, 1168, 1, 8, 3, 40, 9, 3, 903, 6, 76, 1371, 1, 2, 544, 82, 25291, 1, 261, 5, 1, 203, 5, 2, 13, 40, 1, inf, 263, 1, 2, 1, 19, 1, 1, 3, 4997, 121, 274, 47, 2, 2, 26, 1748, 837, 71, 2, 294, 1, 5, inf, 3, 6, 1, 70, 1, 1, 2, 33, 4, 10, 1, 176, 219, 1379, 207, 9, 5, 115, 1, 1, 1, 790, 1, 1, 28, 1, 99, 311, 5, inf, 2, 4, 6, 1, 63, 3, 4, 6014, 1, 79, 21, 3, 1, 1, 41, 2, 2, 1, 328, 26, 15, 4, 16, 145, 346, 1, 1, 6, 28, 56, 31, 16, 341, 1, 26, 1, 4, 1, 2, 2, 1, 275, 2, 6, 15, 1195, 2, 1, 26, 1, inf, 5, 8485, 1, 136, 2, 10722, 71, 39, 11, 93, 3, 23, 3, 52, 30, 3, 19, 2, 1, 1, 3, 1, 62, inf, 9575, 1, 5408, 2, 1442, 1757, 3, inf, inf, 1, 1, inf, 2, 2, 190, 3, 1, 28, 35, 369, 3, 47, 2, inf, 1, 2, 64, 13, 48034, 47, 138, 145, 3, 7406, 1076, 1, 547, 4, 3, 17, 55, 1, 32, 1567, 2, 1, 1, 39, 1, 290, 4, 593, 1, 7, 1, 6, 1, 3, 5, 14, 1, 14, 2, 1, 2, 14, 3, 430, 1, 35, 1326, 65, 7518, 1, 40, 5359, 1, 1, 114, 4, 556, 2, inf, 1, 1, 3, 46, 2333, 52149, 8, 1, 890, 1, 57, 28, 630, inf, 1, 44633, 28, 12, 2, 17, 1, 2, 2695, 2, 3, 14, 25, 15, inf, 5, 1, 363, 5, 7, 23, 1, 1, 252, 20, 7, 233, 24, 8, 16, 2580, 2, 71, 66, 56, 19402, 1, 104, 6, 14, 2451, 44, 4, 1402, 1, 1, 1423, 1, 2, 2, 2, inf, 3766, 19, 12, 12, 92, 1, 273, 142, 3, 596, 877, 7, 3, 19, 3, 519, 20, 1185, 5, 6, 179, 103, 1, 2, 1, 2, 1, 37, 2, 102, 3, 1, 2, 2, 6, 23, inf, inf, 1000, inf, 1247, 3, 2, 4, 246, 5, 1, 1, 1, 1, inf, 20, 1374, 3, 1, 2, 3, 1, inf, inf, 2, 2, 1, 1, 1, inf, 1, inf, 23, inf, 120, 67, 43, 236, 36, 1, 1, 1, 1, 14, 65, 1, 3, 27, 7, 5, 700, 16, inf, 1, inf, 36, 173, 1, 4, 1, 1, 5126, 5018, 1, 2, 12, 2, inf, inf, 22, 44, 38, 9830, 1, 392, 2, 1, 25, 954, 43, 5, 2, 262, 1, 1, 6, 2, 40, 217, 151, 20, 92, inf, 1, 24, 1, 1, 1, 717, 1, 423, 54, 56, 1, 6676, 2, inf, 76, 4, 1496, 14, 350, 4, 8, 14, 2777, 37, 3, 16, inf, 4, 5, 126, 3548, 5, 6, 17, 1, 110, inf, 20867, 1, 95, 5, 21, 179, 13601, 439, 13718, 8, 39, 3244, 4, 2794, 9, 1, 37, 1, 7, 1345, 1853, 325, inf, 7, 1, 88, 681, 658, 21, inf, 1, 505, 9, 1, 180, 1, 1117, 2, 7665, 7, 1, 24, 26, 6, inf, 1, 1, 1260, 7, 2, 1, 47, 18, 21, 2, 1, 9744, 1, 24, 3, 8, 145, 856, 18, 15, 59, 1, 6, 1, 5800, 3, 235, 36, 76, 70, 1, 1, 17, 10767, 1, 12, 51, 2, 12, 6, 5, 17, 13, 63, 39, 85, 10282, 80, 69, 7, 43, 2187, 1, 58, 6, 1, 1, 126, 25, 4, 2, 592, 468, 35, 427, 50, 1, 3, 1, 34, 1, 1, 424, 2, 1, 313, 1065, 71, 4, 1, 2, 3988, 14680, 5, 65, 13, 1, 1, 1347, 1, 56, 15, 27666, 1, 1, 2, 1, 1, 1, inf, 6, 109, 214, 1, 2, 3, 169, 1, 70, 10, 2, 1, 43, 1, inf, 2, 1, 10184, 1, 1, 1, 1, 1, 6, 97, 143, 58, 1, 289, 63, 22, 52, 1673, 8, 5, 45, 2, 1441, 64, 497, inf, 5514, 2, 114, 18, 2, 114, 6, 1, 1, 1, 1, 2160, 209, 1, 231, 4, 1, 2, 18, 943, inf, inf, inf, 21, 6, 15330, 1, 2329, 83, 261, 7, 12, 20404, 6, 86, 9854, 38, 143, 26, 1, inf, 1, 1, 1, 2, 2, 2, 12848, 1, 4465, 1, 8643, 8, 1, 1, 1, 43, 58, 7031, 3, 1, 2, 908, 560, 53, 31, 18, 16, 4, 56, 11, 24, 385, 22, 4, 1, 1, 9, 87, 53, 1, 1, 1, 1, 5242, 1, 881, 1, 1, 1, 137, 2, 1, 147, 28, 3, 242, 473, 2387, 87, 1, inf, 1, 164, 687, 3, 27, 692, 175, 15, inf, 476, 1, 283, 34, 2, 64, 1, 90, 10, 1, inf, 1, 41, 1, 15, 1, inf, 65, 1, 1, 1, 1, 51, 8, 4, 1, 1, inf, 1, 8, 6, 331, 43, 101, 814, 1701, 8, 94, 4, 9, 1, 6, 4655, 1, 29, 2, 1, 1, 1, 33, 2, 6, 274, 91, 38, 7, 1, 3575, 1136, 5914, 43, 1, 167, 1, inf, 55, inf, 7, 371, 1, 1, inf, 950, 17, 5517, inf, 8, 1, 4, 3, 1, 1, 51, 2, 2, 1, 6, 4, 1, 998, 71, 1, 7, 2, 1, 28, 730, 1055, 1, 1, 4, 2, 44, 2, 21, 6, 505, 1, 1, 1, 17179, 238, 6, 1, 3, 7, 8499, 23, 1, 4, 24, 6, 1, 1318, 189, 35, 572, 2, 4, inf, 2, 5, 33, 2, 443, inf, 5, 1288, 51992, 72, 186, 214, 1, 1406, 138, 4, 4024, 2, 1208, 48, 2, 1, 1, 1, 1, 1, 100, 1, 961, 1, 23, 1, 1, 1, 5, 1, 1, 29, 8, 1, 1, 1, 1, 69, 20, 2, 255, 6, 2, 30, 6, 111, 2164, inf, 1, 189, 54, 1, 1, 456, 152, 859, 174, 16, 2461, 271, 18, 1, 10, 1, 3, 359, 1694, 30, 1, 15392, 7, 5169, 45930, 116, 6, 6, 11, 442, 856, 134, 22, 56, 1, 1, 1, inf, 3, 1, 1, 1, 1, 18, inf, 2, inf, 113, inf, 2, 67, 1, 1865, 6, 1, 110, inf, 8, 12, 1, 6, 8, 1, 3, 3, 154, 111, 90, 165, 1, 1, 1, inf, inf, 1, 126, 99, inf, 4, 12, 1, 1, 16861, 1, inf, 4, 5488, 5, 31, 461, 2454, 703, 2027, 1, 1, 112, 10, 456, 460, 45, 1, 2, 151, 1, 2, 572, 1, 1, 4299, 223, 3, 1, 1, 1, inf, 3, 14, 7, 179, 73, 1, 4, 1, 27636, 1, 441, 3, 2, 16, 439, 675, 2, 205, 141, 19, 2, 21, 41, 115, 4, 1197, 1, 1033, 8, 5724, 95, 33, 8, inf, 1476, 2, 134, 2, inf, 254, 1789, 9812, 258, 2, 1, 1, 2, 1109, 654, inf, 274, 294, 11, 56, 1, inf, 118, 27, 3, 4890, 4, 45030, 1, 24, 1, 1, 3, inf, 4, 1, 2, 201, 13, 19, 37, 1, inf, 283, 48, 101, inf, 4, 493, 104, 12, 354, 90, 32, 2, 9, inf, 8, 1, inf, 147, inf, 2, 2, 1, 4115, 3, 283, 204, inf, 424, 26, 2, 1, 163, 9594, inf, 1, 7, 7, 5819, 19, 145, 36, 2, 31, 147, 374, 46681, 1, 2202, 95, 3, 16, 164, 221, 1, 1, 4, 2, 632, 15, 693, 18, 1, 1, 1, 634, 1, 1, 54, 1, 1, 1, 1, 1, 2458, 5, 2003, 1, 1, inf, 31, 4159, 410, 1, 106, 38, 16, 6, 61, 1, 25, 686, 2, 1, 230, 1, 2158, 1, 1, 369, 1, 1, 1, 1, 1, 1, 7, 3, 1, 1, 3, 3, inf, 3, 17, 1, 8, 19, inf, 1, 343, 2, 47, 271, 1, 2, 23, inf, 1198, 422, 20, 1, 1, 1, inf, inf, inf, 12, 356, 89, 2, 1, 1, 12, 15, 1639, 1, 37, 3, 74, 21, 94, 1883, 4, 115, 4, 1, 457, 4, 2, inf, 28, 3, 1, 1673, 98, 6, 1, 1, 8, 2, 1, 1, 984, 87, 1, 1, 6, 4140, 1, 238, 43, 11678, 9, 4, 9, 1, 7, 51, 1, 72, 11, 26, 1, 2, 1, 37, 96, 4, 13, 2, 1, 2, 1, 2, 10, 19, 1, inf, 5, 167, 2, 1, 72, 1, 26, 179, 1, 33, 1, 1, 78, 1977, 1, 5, 1, 78, 331, 139, 1, 22322, 6, 2, 4, inf, 159, 94, inf, 2, 5, 1871, 3, 9, 46, 2, 6, inf, 2, 1, inf, 6, 1, 10, 1, 1, inf, 30, 1, 1, inf, 2, 34, 9, 37, 15918, inf, 1, 1, 1, 2, 122, 19292, 33, 3, 1, 605, 1, 1, 2221, 5, 4, 2442, 271, 127, inf, 3, 722, 5039, 11, inf, 1, 9, 1, 245, 68, 11, 1, inf, 379, 5578, 2, 10, 192, 409, 1, 89, 58, 2115, 241, 82, 915, 1074, 34, 100, 887, 40, 1, 7, inf, 1, 109, 1, 6, 8, 119, 2, 73, 6, 6, 281, 1, 4, 84, 1, 1, 1, 1, 3, 31, 314, 34, 1, 7372, 1, 1, 7497, 32, 58, 1, 1, 3, 7, 1, 1, 9308, 5, 19, 9, 2, 1, inf, 1, 23288, 3, 55, 45, 2062, 3, 291, 4569, 10317, 109, 309, 1, 2, 5144, 11, 1, 1, 1, 2, 6, 1, 34, 3, 22, 23, 4, 83, 15, 4, inf, 15, 13, 96, 115, 16, 3, inf, 302, 1, 15, 37, 10011, 14, 2, 1132, 16, 1, 21429, 118, 8, 34, 2, inf, 2, 21380, 1555, 25, 850, 30, 918, 401, 5081, 1, 5, 15, 36, 75, 2, 1, 13, inf, 1233, inf, 5, 340, 2, 1, 12, 2, 6, 1, 142, 32, 43, 2, 252, 3, 17, 9, 44, 16, 1, 20, 534, 3348, 21, 73, 304, 2797, 1, 842, 269, 1, 2538, 20, 1, 1, 997, inf, inf, 11, 18, 25, 46, 35, 15, 32, 2, 952, inf, 2201, 67, 2366, 1, 7, 1, 1, 1, inf, 1, 1, 1, 55, 14, 1, 4281, 2, 1, 85, 207, 1, 1, 75, 1, 1, 847, 26, 1, 55, 9, 4304, 9, 73, 1, 2071, 5, inf, 14, 1, 8336, 68, 1, inf, inf, 1, 1, 6, 1007, 32772, 16, 404, 75, 1, 1, inf, 364, 3, 8, 1, 65, 84, 6, 1, 9, 5, inf, 4, 184, 4, 1, 141, 248, 3, 25, 17, 4, 1, 72, 25, 2, 1, 3, 6614, 1, inf, 258, 1, 1, 31, 872, 1, inf, 741, 24, inf, 1, 20, 1, 73, 5, inf, 841, 4, 7, 64, 33, 3, 5, 8, 26, 5, 886, 1, 1, 12, 1, 19, 3045, 59, 8, 1, inf, 2383, 76, 7360, 38, 208, 11, 8, 841, 3939, 1, 2, 6, 58, 8, 1, 46, 1, 13, 1, 14, inf, inf, 1, 1, 13261, 101, 1, 174, 914, inf, 2, 4, 13, 850, 1, 1, 1, 1301, 1, 116, 2, 1, 31, 4, 1, 9, 242, 22, 16, 9, 1, 1, 59, 1, 1, 1, 2002, 322, 5, 1, 1, 120, inf, 11468, 1, 1, 396, 1, 4589, 2711, 5, 3669, 2, 2, 2, inf, 1, 1, 1, 59, 1, 35, 17913, 2, 41, 60, 1, 1, 99, 3, 32, 3, 1, 1, 4, 9, 8, inf, 326, 31619, 38, 1, 8, 3, 523, 42, 1, 3982, 1, 1, 238, 88, 80, 2, 3982, 1, 690, 1, 49, 18, inf, 349, 1, 2, 153, 99, 1, 1, 1, 1, 49, 1, 1, 4, 76, 585, 32, 4, 20, 3, 38, inf, 1, 9, 1, 874, 61, 3, 13, 4, 939, 5, 1, 2, 26, 1, 84, 4, 4, 1, 1, 1, 33, 4, 2, 2, 33, 5, 1, 5, 136, 3, 15, 7, inf, 2, 2534, 8197, 54, 1, 1, 12, 74, inf, 1, 828, 1, 1, 1, 6, 2, 1, 61, 1, 42, 1, 8, 1, 199, 10, 9, 3, 1, 2, 20916, 1, 34, 1667, 1, 52, 10, 12, 93, 409, 1, 1, 35, 33, 8, 73, 3, 1116, 6, 1, 2, 41111, 83, 1, 5, 1, 12, inf, 64, 1459, 1, 152, 1, 1, 291, 2557, inf, 104, 2, 1, 508, 140, 17742, 106, 1, inf]
2022-08-28 Sunday 02:48:01:INFO: It completed at: 2022-08-28 02:48:01.673972
2022-08-28 Sunday 02:48:01:INFO: Completed after: 22:20:33.537739
