2022-08-28 Sunday 06:17:55:INFO: {'bug_database': 'dataset/mozilla/mozilla_soft_clean.json', 'database_name': 'mozilla-sampled-jira', 'epochs': 12, 'lr': 0.001, 'l2': 0.0, 'batch_size': 256, 'ranking_batch_size': 512, 'ranking_n_workers': 2, 'cuda': True, 'cache_folder': 'scratch/temp/', 'pairs_training': 'dataset/mozilla/sampled_jira_training_split_mozilla_pairs_random_1.txt', 'pairs_validation': 'dataset/mozilla/sampled_jira_validation_mozilla_pairs_random_1.txt', 'neg_pair_generator': {'type': 'none', 'training': None, 'rate': 1, 'pre_list_file': None, 'k': 0, 'n_tries': 0, 'preselected_length': None, 'random_anchor': True}, 'loss': 'bce', 'margin': 0, 'categorical': {'lexicons': 'dataset/mozilla/categorical_lexicons.json', 'bn_last_layer': False, 'emb_size': 20, 'hidden_sizes': [40], 'dropout': 0.0, 'activation': 'relu', 'batch_normalization': False, 'layer_norm': False}, 'compare_aggregation': {'word_embedding': 'word_embedding/mozilla/glove_42B_300d_mozilla.npy', 'norm_word_embedding': False, 'lexicon': 'word_embedding/mozilla/glove_42B_300d_mozilla.lxc', 'sent_representation': None, 'tokenizer': 'white_space', 'bow': False, 'frequency': False, 'extractor': {'update_embedding': False, 'filters': ['TransformLowerCaseFilter'], 'hidden_size': 150, 'dropout': 0.0, 'layer_norm': False, 'txt_field_emb_size': 5, 'field_word_combination': 'cat', 'emb_dropout': 0.0, 'scaled_attention': True, 'model': 'linear', 'use_categorical': False, 'bidirectional': True}, 'matching': {'type': 'full', 'scaled_attention': True, 'comparison_hidden_size': 100, 'dropout': 0.0, 'residual': True, 'layer_norm': False, 'attention_hidden_size': 200, 'attention': 'dot_product', 'comparison_func': 'submult+nn'}, 'aggregate': {'model': 'lstm', 'window': [3, 4, 5], 'nfilters': 100, 'hidden_size': 150, 'dropout': 0.0, 'bidirectional': True, 'num_layers': 1, 'self_att_hidden': 50, 'layer_norm': False, 'n_hops': 20}, 'classifier': {'hidden_size': [300], 'output_act': 'sigmoid', 'hadamard_diff_textual': True, 'hadamard_diff_categorical': True, 'textual_hidden_layer': 600, 'categorical_hidden_layer': 40, 'categorical_dropout': 0.0, 'dropout': 0.0, 'only_candidate': False, 'layer_norm': False, 'batch_normalization': False}}, 'random_switch': True, 'recall_estimation_train': None, 'recall_estimation': None, 'sample_size_rr_tr': 0, 'sample_size_rr_val': 0, 'rr_val_epoch': 100, 'rr_train_epoch': 100, 'ranking_result_file': None, 'optimizer': 'adam', 'lr_scheduler': None, 'save': None, 'save_by_epoch': None, 'load': None, 'recall_rate': {'type': 'sun2011', 'dataset': 'dataset/mozilla/test_mozilla.txt', 'result_file': None, 'group_by_master': True, 'window': 365}, 'pair_test_dataset': None, 'rep': {'model': None, 'input': None, 'training': None, 'rate': 1, 'neg_training': 10000, 'k': 1000}, 'rr_scorer': 'general', 'seed': 852342279}
2022-08-28 Sunday 06:17:55:INFO: It started at: 2022-08-28 06:17:55.746637
2022-08-28 Sunday 06:18:00:INFO: Turning CUDA on
2022-08-28 Sunday 06:18:00:INFO: Using Categorical Information.
2022-08-28 Sunday 06:18:00:INFO: Lexicon size: 96875
2022-08-28 Sunday 06:18:00:INFO: Word Embedding size: 300
2022-08-28 Sunday 06:18:00:INFO: Use white space tokenizer to tokenize summary information
2022-08-28 Sunday 06:18:00:INFO: BoW=False and TF=False
2022-08-28 Sunday 06:18:00:INFO: Using Summary and Description information.
2022-08-28 Sunday 06:18:00:INFO: Using BCE Loss: margin=0
2022-08-28 Sunday 06:18:04:INFO: Not generate dynamically the negative examples.
2022-08-28 Sunday 06:18:04:INFO: Training size: 626
2022-08-28 Sunday 06:18:04:INFO: Validation size: 26
2022-08-28 Sunday 06:18:04:INFO: Adam
2022-08-28 Sunday 06:18:04:INFO: Scheduler: Constant
2022-08-28 Sunday 06:18:04:INFO: Epoch: 1
2022-08-28 Sunday 06:18:04:INFO: LR: 0.001
2022-08-28 Sunday 06:18:05:INFO: {'type': 'metric', 'label': 'training_loss', 'epoch': 1, 'value': 0.6908346757340355, 'sum': 432.4625070095062, 'num_example': 626}
2022-08-28 Sunday 06:18:05:INFO: {'type': 'metric', 'label': 'training_dist_target', 'value': (0.5112737466732915, 0.48327757984685443), 'epoch': 1}
2022-08-28 Sunday 06:18:05:INFO: {'type': 'metric', 'label': 'training_acc', 'epoch': 1, 'value': 0.5511182108626198, 'num_correct': 345, 'num_example': 626}
2022-08-28 Sunday 06:18:05:INFO: {'type': 'metric', 'label': 'training_precision', 'epoch': 1, 'value': 0.5620155334472656, 'positive': 145.0, 'total': 258.0}
2022-08-28 Sunday 06:18:05:INFO: {'type': 'metric', 'label': 'training_recall', 'epoch': 1, 'value': 0.4632587730884552, 'positive': 145.0, 'total': 313.0}
2022-08-28 Sunday 06:18:05:INFO: {'type': 'metric', 'label': 'validation_loss', 'epoch': 1, 'value': 0.679902970790863, 'sum': 17.67747724056244, 'num_example': 26}
2022-08-28 Sunday 06:18:05:INFO: {'type': 'metric', 'label': 'validation_dist_target', 'value': (0.4760723114013672, 0.5097651848426232), 'epoch': 1}
2022-08-28 Sunday 06:18:05:INFO: {'type': 'metric', 'label': 'validation_acc', 'epoch': 1, 'value': 0.6153846153846154, 'num_correct': 16, 'num_example': 26}
2022-08-28 Sunday 06:18:05:INFO: {'type': 'metric', 'label': 'validation_precision', 'epoch': 1, 'value': 1.0, 'positive': 3.0, 'total': 3.0}
2022-08-28 Sunday 06:18:05:INFO: {'type': 'metric', 'label': 'validation_recall', 'epoch': 1, 'value': 0.23076923191547394, 'positive': 3.0, 'total': 13.0}
2022-08-28 Sunday 06:18:05:INFO: Epoch: 2
2022-08-28 Sunday 06:18:05:INFO: LR: 0.001
2022-08-28 Sunday 06:18:06:INFO: {'type': 'metric', 'label': 'training_loss', 'epoch': 2, 'value': 0.6596403731324803, 'sum': 412.9348735809326, 'num_example': 626}
2022-08-28 Sunday 06:18:06:INFO: {'type': 'metric', 'label': 'training_dist_target', 'value': (0.4538908096167226, 0.5082301910692891), 'epoch': 2}
2022-08-28 Sunday 06:18:06:INFO: {'type': 'metric', 'label': 'training_acc', 'epoch': 2, 'value': 0.6853035143769968, 'num_correct': 429, 'num_example': 626}
2022-08-28 Sunday 06:18:06:INFO: {'type': 'metric', 'label': 'training_precision', 'epoch': 2, 'value': 0.908450722694397, 'positive': 129.0, 'total': 142.0}
2022-08-28 Sunday 06:18:06:INFO: {'type': 'metric', 'label': 'training_recall', 'epoch': 2, 'value': 0.4121405780315399, 'positive': 129.0, 'total': 313.0}
2022-08-28 Sunday 06:18:06:INFO: {'type': 'metric', 'label': 'validation_loss', 'epoch': 2, 'value': 0.6174601316452026, 'sum': 16.05396342277527, 'num_example': 26}
2022-08-28 Sunday 06:18:06:INFO: {'type': 'metric', 'label': 'validation_dist_target', 'value': (0.4836155818058894, 0.4313540825477013), 'epoch': 2}
2022-08-28 Sunday 06:18:06:INFO: {'type': 'metric', 'label': 'validation_acc', 'epoch': 2, 'value': 0.7307692307692307, 'num_correct': 19, 'num_example': 26}
2022-08-28 Sunday 06:18:06:INFO: {'type': 'metric', 'label': 'validation_precision', 'epoch': 2, 'value': 0.6875, 'positive': 11.0, 'total': 16.0}
2022-08-28 Sunday 06:18:06:INFO: {'type': 'metric', 'label': 'validation_recall', 'epoch': 2, 'value': 0.8461538553237915, 'positive': 11.0, 'total': 13.0}
2022-08-28 Sunday 06:18:06:INFO: Epoch: 3
2022-08-28 Sunday 06:18:06:INFO: LR: 0.001
2022-08-28 Sunday 06:18:08:INFO: {'type': 'metric', 'label': 'training_loss', 'epoch': 3, 'value': 0.5572972506189499, 'sum': 348.8680788874626, 'num_example': 626}
2022-08-28 Sunday 06:18:08:INFO: {'type': 'metric', 'label': 'training_dist_target', 'value': (0.4317570159229608, 0.393976875768302), 'epoch': 3}
2022-08-28 Sunday 06:18:08:INFO: {'type': 'metric', 'label': 'training_acc', 'epoch': 3, 'value': 0.7332268370607029, 'num_correct': 459, 'num_example': 626}
2022-08-28 Sunday 06:18:08:INFO: {'type': 'metric', 'label': 'training_precision', 'epoch': 3, 'value': 0.7310126423835754, 'positive': 231.0, 'total': 316.0}
2022-08-28 Sunday 06:18:08:INFO: {'type': 'metric', 'label': 'training_recall', 'epoch': 3, 'value': 0.7380191683769226, 'positive': 231.0, 'total': 313.0}
2022-08-28 Sunday 06:18:08:INFO: {'type': 'metric', 'label': 'validation_loss', 'epoch': 3, 'value': 0.49169519543647766, 'sum': 12.78407508134842, 'num_example': 26}
2022-08-28 Sunday 06:18:08:INFO: {'type': 'metric', 'label': 'validation_dist_target', 'value': (0.29501060339120716, 0.43509692412156326), 'epoch': 3}
2022-08-28 Sunday 06:18:08:INFO: {'type': 'metric', 'label': 'validation_acc', 'epoch': 3, 'value': 0.7692307692307693, 'num_correct': 20, 'num_example': 26}
2022-08-28 Sunday 06:18:08:INFO: {'type': 'metric', 'label': 'validation_precision', 'epoch': 3, 'value': 1.0, 'positive': 7.0, 'total': 7.0}
2022-08-28 Sunday 06:18:08:INFO: {'type': 'metric', 'label': 'validation_recall', 'epoch': 3, 'value': 0.5384615659713745, 'positive': 7.0, 'total': 13.0}
2022-08-28 Sunday 06:18:08:INFO: Epoch: 4
2022-08-28 Sunday 06:18:08:INFO: LR: 0.001
2022-08-28 Sunday 06:18:09:INFO: {'type': 'metric', 'label': 'training_loss', 'epoch': 4, 'value': 0.38535476797304974, 'sum': 241.23208475112915, 'num_example': 626}
2022-08-28 Sunday 06:18:09:INFO: {'type': 'metric', 'label': 'training_dist_target', 'value': (0.3070273414587441, 0.22904275400570026), 'epoch': 4}
2022-08-28 Sunday 06:18:09:INFO: {'type': 'metric', 'label': 'training_acc', 'epoch': 4, 'value': 0.854632587859425, 'num_correct': 535, 'num_example': 626}
2022-08-28 Sunday 06:18:09:INFO: {'type': 'metric', 'label': 'training_precision', 'epoch': 4, 'value': 0.8557692170143127, 'positive': 267.0, 'total': 312.0}
2022-08-28 Sunday 06:18:09:INFO: {'type': 'metric', 'label': 'training_recall', 'epoch': 4, 'value': 0.8530351519584656, 'positive': 267.0, 'total': 313.0}
2022-08-28 Sunday 06:18:09:INFO: {'type': 'metric', 'label': 'validation_loss', 'epoch': 4, 'value': 0.4045146107673645, 'sum': 10.517379879951477, 'num_example': 26}
2022-08-28 Sunday 06:18:09:INFO: {'type': 'metric', 'label': 'validation_dist_target', 'value': (0.11359076316540058, 0.37047980381892276), 'epoch': 4}
2022-08-28 Sunday 06:18:09:INFO: {'type': 'metric', 'label': 'validation_acc', 'epoch': 4, 'value': 0.8461538461538461, 'num_correct': 22, 'num_example': 26}
2022-08-28 Sunday 06:18:09:INFO: {'type': 'metric', 'label': 'validation_precision', 'epoch': 4, 'value': 1.0, 'positive': 9.0, 'total': 9.0}
2022-08-28 Sunday 06:18:09:INFO: {'type': 'metric', 'label': 'validation_recall', 'epoch': 4, 'value': 0.692307710647583, 'positive': 9.0, 'total': 13.0}
2022-08-28 Sunday 06:18:09:INFO: Epoch: 5
2022-08-28 Sunday 06:18:09:INFO: LR: 0.001
2022-08-28 Sunday 06:18:10:INFO: {'type': 'metric', 'label': 'training_loss', 'epoch': 5, 'value': 0.26497747137333255, 'sum': 165.8758970797062, 'num_example': 626}
2022-08-28 Sunday 06:18:10:INFO: {'type': 'metric', 'label': 'training_dist_target', 'value': (0.15392326242245805, 0.1795010246788732), 'epoch': 5}
2022-08-28 Sunday 06:18:10:INFO: {'type': 'metric', 'label': 'training_acc', 'epoch': 5, 'value': 0.8753993610223643, 'num_correct': 548, 'num_example': 626}
2022-08-28 Sunday 06:18:10:INFO: {'type': 'metric', 'label': 'training_precision', 'epoch': 5, 'value': 0.8802589178085327, 'positive': 272.0, 'total': 309.0}
2022-08-28 Sunday 06:18:10:INFO: {'type': 'metric', 'label': 'training_recall', 'epoch': 5, 'value': 0.8690096139907837, 'positive': 272.0, 'total': 313.0}
2022-08-28 Sunday 06:18:10:INFO: {'type': 'metric', 'label': 'validation_loss', 'epoch': 5, 'value': 0.3272378146648407, 'sum': 8.508183181285858, 'num_example': 26}
2022-08-28 Sunday 06:18:10:INFO: {'type': 'metric', 'label': 'validation_dist_target', 'value': (0.22924038080068734, 0.15553487264193022), 'epoch': 5}
2022-08-28 Sunday 06:18:10:INFO: {'type': 'metric', 'label': 'validation_acc', 'epoch': 5, 'value': 0.8846153846153846, 'num_correct': 23, 'num_example': 26}
2022-08-28 Sunday 06:18:10:INFO: {'type': 'metric', 'label': 'validation_precision', 'epoch': 5, 'value': 0.8571428656578064, 'positive': 12.0, 'total': 14.0}
2022-08-28 Sunday 06:18:10:INFO: {'type': 'metric', 'label': 'validation_recall', 'epoch': 5, 'value': 0.9230769276618958, 'positive': 12.0, 'total': 13.0}
2022-08-28 Sunday 06:18:10:INFO: Epoch: 6
2022-08-28 Sunday 06:18:10:INFO: LR: 0.001
2022-08-28 Sunday 06:18:11:INFO: {'type': 'metric', 'label': 'training_loss', 'epoch': 6, 'value': 0.22690408748274032, 'sum': 142.04195876419544, 'num_example': 626}
2022-08-28 Sunday 06:18:11:INFO: {'type': 'metric', 'label': 'training_dist_target', 'value': (0.14144455815275636, 0.1051953044562294), 'epoch': 6}
2022-08-28 Sunday 06:18:11:INFO: {'type': 'metric', 'label': 'training_acc', 'epoch': 6, 'value': 0.9009584664536742, 'num_correct': 564, 'num_example': 626}
2022-08-28 Sunday 06:18:11:INFO: {'type': 'metric', 'label': 'training_precision', 'epoch': 6, 'value': 0.8837920427322388, 'positive': 289.0, 'total': 327.0}
2022-08-28 Sunday 06:18:11:INFO: {'type': 'metric', 'label': 'training_recall', 'epoch': 6, 'value': 0.9233226776123047, 'positive': 289.0, 'total': 313.0}
2022-08-28 Sunday 06:18:11:INFO: {'type': 'metric', 'label': 'validation_loss', 'epoch': 6, 'value': 0.34562331438064575, 'sum': 8.98620617389679, 'num_example': 26}
2022-08-28 Sunday 06:18:11:INFO: {'type': 'metric', 'label': 'validation_dist_target', 'value': (0.07884896718538724, 0.2120513549217811), 'epoch': 6}
2022-08-28 Sunday 06:18:11:INFO: {'type': 'metric', 'label': 'validation_acc', 'epoch': 6, 'value': 0.8846153846153846, 'num_correct': 23, 'num_example': 26}
2022-08-28 Sunday 06:18:11:INFO: {'type': 'metric', 'label': 'validation_precision', 'epoch': 6, 'value': 1.0, 'positive': 10.0, 'total': 10.0}
2022-08-28 Sunday 06:18:11:INFO: {'type': 'metric', 'label': 'validation_recall', 'epoch': 6, 'value': 0.7692307829856873, 'positive': 10.0, 'total': 13.0}
2022-08-28 Sunday 06:18:11:INFO: Epoch: 7
2022-08-28 Sunday 06:18:11:INFO: LR: 0.001
2022-08-28 Sunday 06:18:13:INFO: {'type': 'metric', 'label': 'training_loss', 'epoch': 7, 'value': 0.1818804902295335, 'sum': 113.85718688368797, 'num_example': 626}
2022-08-28 Sunday 06:18:13:INFO: {'type': 'metric', 'label': 'training_dist_target', 'value': (0.0878747324593151, 0.11213920824824812), 'epoch': 7}
2022-08-28 Sunday 06:18:13:INFO: {'type': 'metric', 'label': 'training_acc', 'epoch': 7, 'value': 0.9265175718849841, 'num_correct': 580, 'num_example': 626}
2022-08-28 Sunday 06:18:13:INFO: {'type': 'metric', 'label': 'training_precision', 'epoch': 7, 'value': 0.9464883208274841, 'positive': 283.0, 'total': 299.0}
2022-08-28 Sunday 06:18:13:INFO: {'type': 'metric', 'label': 'training_recall', 'epoch': 7, 'value': 0.9041533470153809, 'positive': 283.0, 'total': 313.0}
2022-08-28 Sunday 06:18:13:INFO: {'type': 'metric', 'label': 'validation_loss', 'epoch': 7, 'value': 0.31444257497787476, 'sum': 8.175506949424744, 'num_example': 26}
2022-08-28 Sunday 06:18:13:INFO: {'type': 'metric', 'label': 'validation_dist_target', 'value': (0.1280914728458111, 0.17067835881159857), 'epoch': 7}
2022-08-28 Sunday 06:18:13:INFO: {'type': 'metric', 'label': 'validation_acc', 'epoch': 7, 'value': 0.9230769230769231, 'num_correct': 24, 'num_example': 26}
2022-08-28 Sunday 06:18:13:INFO: {'type': 'metric', 'label': 'validation_precision', 'epoch': 7, 'value': 1.0, 'positive': 11.0, 'total': 11.0}
2022-08-28 Sunday 06:18:13:INFO: {'type': 'metric', 'label': 'validation_recall', 'epoch': 7, 'value': 0.8461538553237915, 'positive': 11.0, 'total': 13.0}
2022-08-28 Sunday 06:18:13:INFO: Epoch: 8
2022-08-28 Sunday 06:18:13:INFO: LR: 0.001
2022-08-28 Sunday 06:18:14:INFO: {'type': 'metric', 'label': 'training_loss', 'epoch': 8, 'value': 0.15539437746658874, 'sum': 97.27688029408455, 'num_example': 626}
2022-08-28 Sunday 06:18:14:INFO: {'type': 'metric', 'label': 'training_dist_target', 'value': (0.09742341940395367, 0.09039852032646203), 'epoch': 8}
2022-08-28 Sunday 06:18:14:INFO: {'type': 'metric', 'label': 'training_acc', 'epoch': 8, 'value': 0.9329073482428115, 'num_correct': 584, 'num_example': 626}
2022-08-28 Sunday 06:18:14:INFO: {'type': 'metric', 'label': 'training_precision', 'epoch': 8, 'value': 0.92476487159729, 'positive': 295.0, 'total': 319.0}
2022-08-28 Sunday 06:18:14:INFO: {'type': 'metric', 'label': 'training_recall', 'epoch': 8, 'value': 0.9424920082092285, 'positive': 295.0, 'total': 313.0}
2022-08-28 Sunday 06:18:14:INFO: {'type': 'metric', 'label': 'validation_loss', 'epoch': 8, 'value': 0.380867600440979, 'sum': 9.902557611465454, 'num_example': 26}
2022-08-28 Sunday 06:18:14:INFO: {'type': 'metric', 'label': 'validation_dist_target', 'value': (0.0509716455753033, 0.25663403364328236), 'epoch': 8}
2022-08-28 Sunday 06:18:14:INFO: {'type': 'metric', 'label': 'validation_acc', 'epoch': 8, 'value': 0.8846153846153846, 'num_correct': 23, 'num_example': 26}
2022-08-28 Sunday 06:18:14:INFO: {'type': 'metric', 'label': 'validation_precision', 'epoch': 8, 'value': 1.0, 'positive': 10.0, 'total': 10.0}
2022-08-28 Sunday 06:18:14:INFO: {'type': 'metric', 'label': 'validation_recall', 'epoch': 8, 'value': 0.7692307829856873, 'positive': 10.0, 'total': 13.0}
2022-08-28 Sunday 06:18:14:INFO: Epoch: 9
2022-08-28 Sunday 06:18:14:INFO: LR: 0.001
2022-08-28 Sunday 06:18:15:INFO: {'type': 'metric', 'label': 'training_loss', 'epoch': 9, 'value': 0.1241393415644146, 'sum': 77.71122781932354, 'num_example': 626}
2022-08-28 Sunday 06:18:15:INFO: {'type': 'metric', 'label': 'training_dist_target', 'value': (0.08515343650842246, 0.07416294557979694), 'epoch': 9}
2022-08-28 Sunday 06:18:15:INFO: {'type': 'metric', 'label': 'training_acc', 'epoch': 9, 'value': 0.9568690095846646, 'num_correct': 599, 'num_example': 626}
2022-08-28 Sunday 06:18:15:INFO: {'type': 'metric', 'label': 'training_precision', 'epoch': 9, 'value': 0.9612902998924255, 'positive': 298.0, 'total': 310.0}
2022-08-28 Sunday 06:18:15:INFO: {'type': 'metric', 'label': 'training_recall', 'epoch': 9, 'value': 0.9520766735076904, 'positive': 298.0, 'total': 313.0}
2022-08-28 Sunday 06:18:15:INFO: {'type': 'metric', 'label': 'validation_loss', 'epoch': 9, 'value': 0.30438467860221863, 'sum': 7.914001643657684, 'num_example': 26}
2022-08-28 Sunday 06:18:15:INFO: {'type': 'metric', 'label': 'validation_dist_target', 'value': (0.15967816572922927, 0.15878912118765023), 'epoch': 9}
2022-08-28 Sunday 06:18:15:INFO: {'type': 'metric', 'label': 'validation_acc', 'epoch': 9, 'value': 0.9230769230769231, 'num_correct': 24, 'num_example': 26}
2022-08-28 Sunday 06:18:15:INFO: {'type': 'metric', 'label': 'validation_precision', 'epoch': 9, 'value': 1.0, 'positive': 11.0, 'total': 11.0}
2022-08-28 Sunday 06:18:15:INFO: {'type': 'metric', 'label': 'validation_recall', 'epoch': 9, 'value': 0.8461538553237915, 'positive': 11.0, 'total': 13.0}
2022-08-28 Sunday 06:18:15:INFO: Epoch: 10
2022-08-28 Sunday 06:18:15:INFO: LR: 0.001
2022-08-28 Sunday 06:18:16:INFO: {'type': 'metric', 'label': 'training_loss', 'epoch': 10, 'value': 0.08888838880549604, 'sum': 55.644131392240524, 'num_example': 626}
2022-08-28 Sunday 06:18:16:INFO: {'type': 'metric', 'label': 'training_dist_target', 'value': (0.05332799308216229, 0.0693660071863534), 'epoch': 10}
2022-08-28 Sunday 06:18:16:INFO: {'type': 'metric', 'label': 'training_acc', 'epoch': 10, 'value': 0.9792332268370607, 'num_correct': 613, 'num_example': 626}
2022-08-28 Sunday 06:18:16:INFO: {'type': 'metric', 'label': 'training_precision', 'epoch': 10, 'value': 0.9870129823684692, 'positive': 304.0, 'total': 308.0}
2022-08-28 Sunday 06:18:16:INFO: {'type': 'metric', 'label': 'training_recall', 'epoch': 10, 'value': 0.9712460041046143, 'positive': 304.0, 'total': 313.0}
2022-08-28 Sunday 06:18:16:INFO: {'type': 'metric', 'label': 'validation_loss', 'epoch': 10, 'value': 0.310861736536026, 'sum': 8.082405149936676, 'num_example': 26}
2022-08-28 Sunday 06:18:17:INFO: {'type': 'metric', 'label': 'validation_dist_target', 'value': (0.07776299806741568, 0.1793970144712008), 'epoch': 10}
2022-08-28 Sunday 06:18:17:INFO: {'type': 'metric', 'label': 'validation_acc', 'epoch': 10, 'value': 0.9230769230769231, 'num_correct': 24, 'num_example': 26}
2022-08-28 Sunday 06:18:17:INFO: {'type': 'metric', 'label': 'validation_precision', 'epoch': 10, 'value': 1.0, 'positive': 11.0, 'total': 11.0}
2022-08-28 Sunday 06:18:17:INFO: {'type': 'metric', 'label': 'validation_recall', 'epoch': 10, 'value': 0.8461538553237915, 'positive': 11.0, 'total': 13.0}
2022-08-28 Sunday 06:18:17:INFO: Epoch: 11
2022-08-28 Sunday 06:18:17:INFO: LR: 0.001
2022-08-28 Sunday 06:18:18:INFO: {'type': 'metric', 'label': 'training_loss', 'epoch': 11, 'value': 0.06487190677001835, 'sum': 40.60981363803148, 'num_example': 626}
2022-08-28 Sunday 06:18:18:INFO: {'type': 'metric', 'label': 'training_dist_target', 'value': (0.043242507849257594, 0.04465956314684103), 'epoch': 11}
2022-08-28 Sunday 06:18:18:INFO: {'type': 'metric', 'label': 'training_acc', 'epoch': 11, 'value': 0.9856230031948882, 'num_correct': 617, 'num_example': 626}
2022-08-28 Sunday 06:18:18:INFO: {'type': 'metric', 'label': 'training_precision', 'epoch': 11, 'value': 0.9903225898742676, 'positive': 307.0, 'total': 310.0}
2022-08-28 Sunday 06:18:18:INFO: {'type': 'metric', 'label': 'training_recall', 'epoch': 11, 'value': 0.9808306694030762, 'positive': 307.0, 'total': 313.0}
2022-08-28 Sunday 06:18:18:INFO: {'type': 'metric', 'label': 'validation_loss', 'epoch': 11, 'value': 0.2749679982662201, 'sum': 7.149167954921722, 'num_example': 26}
2022-08-28 Sunday 06:18:18:INFO: {'type': 'metric', 'label': 'validation_dist_target', 'value': (0.11003949091984676, 0.1332617447926448), 'epoch': 11}
2022-08-28 Sunday 06:18:18:INFO: {'type': 'metric', 'label': 'validation_acc', 'epoch': 11, 'value': 0.9230769230769231, 'num_correct': 24, 'num_example': 26}
2022-08-28 Sunday 06:18:18:INFO: {'type': 'metric', 'label': 'validation_precision', 'epoch': 11, 'value': 1.0, 'positive': 11.0, 'total': 11.0}
2022-08-28 Sunday 06:18:18:INFO: {'type': 'metric', 'label': 'validation_recall', 'epoch': 11, 'value': 0.8461538553237915, 'positive': 11.0, 'total': 13.0}
2022-08-28 Sunday 06:18:18:INFO: Epoch: 12
2022-08-28 Sunday 06:18:18:INFO: LR: 0.001
2022-08-28 Sunday 06:18:19:INFO: {'type': 'metric', 'label': 'training_loss', 'epoch': 12, 'value': 0.04755418803007268, 'sum': 29.768921706825495, 'num_example': 626}
2022-08-28 Sunday 06:18:19:INFO: {'type': 'metric', 'label': 'training_dist_target', 'value': (0.03211779411608419, 0.027768719691438036), 'epoch': 12}
2022-08-28 Sunday 06:18:19:INFO: {'type': 'metric', 'label': 'training_acc', 'epoch': 12, 'value': 0.9920127795527156, 'num_correct': 621, 'num_example': 626}
2022-08-28 Sunday 06:18:19:INFO: {'type': 'metric', 'label': 'training_precision', 'epoch': 12, 'value': 0.9935897588729858, 'positive': 310.0, 'total': 312.0}
2022-08-28 Sunday 06:18:19:INFO: {'type': 'metric', 'label': 'training_recall', 'epoch': 12, 'value': 0.9904153347015381, 'positive': 310.0, 'total': 313.0}
2022-08-28 Sunday 06:18:19:INFO: {'type': 'metric', 'label': 'validation_loss', 'epoch': 12, 'value': 0.35477888584136963, 'sum': 9.22425103187561, 'num_example': 26}
2022-08-28 Sunday 06:18:19:INFO: {'type': 'metric', 'label': 'validation_dist_target', 'value': (0.01864675833628728, 0.18616206829364484), 'epoch': 12}
2022-08-28 Sunday 06:18:19:INFO: {'type': 'metric', 'label': 'validation_acc', 'epoch': 12, 'value': 0.9230769230769231, 'num_correct': 24, 'num_example': 26}
2022-08-28 Sunday 06:18:19:INFO: {'type': 'metric', 'label': 'validation_precision', 'epoch': 12, 'value': 1.0, 'positive': 11.0, 'total': 11.0}
2022-08-28 Sunday 06:18:19:INFO: {'type': 'metric', 'label': 'validation_recall', 'epoch': 12, 'value': 0.8461538553237915, 'positive': 11.0, 'total': 13.0}
2022-08-28 Sunday 06:18:19:INFO: Calculating recall rate: sun2011
2022-08-28 Sunday 08:18:46:INFO: RR calculation - 500 duplicate reports were processed
2022-08-28 Sunday 10:10:43:INFO: RR calculation - 1000 duplicate reports were processed
2022-08-28 Sunday 12:05:42:INFO: RR calculation - 1500 duplicate reports were processed
2022-08-28 Sunday 13:59:31:INFO: RR calculation - 2000 duplicate reports were processed
2022-08-28 Sunday 15:51:16:INFO: RR calculation - 2500 duplicate reports were processed
2022-08-28 Sunday 17:44:52:INFO: RR calculation - 3000 duplicate reports were processed
2022-08-28 Sunday 19:37:53:INFO: RR calculation - 3500 duplicate reports were processed
2022-08-28 Sunday 21:31:40:INFO: RR calculation - 4000 duplicate reports were processed
2022-08-28 Sunday 23:19:17:INFO: RR calculation - 4500 duplicate reports were processed
2022-08-29 Monday 01:07:27:INFO: RR calculation - 5000 duplicate reports were processed
2022-08-29 Monday 02:50:44:INFO: RR calculation - 5500 duplicate reports were processed
2022-08-29 Monday 04:28:43:INFO: RR calculation - 6000 duplicate reports were processed
2022-08-29 Monday 05:15:26:INFO: [] Throughput: 0.07538999904740903 bugs per second (bugs=6229 ,seconds=82623.69118857384)
2022-08-29 Monday 05:15:26:INFO: {'type': 'metric', 'label': 'recall_rate', 'k': 1, 'rate': 0.23181891154278375, 'hit': 1444, 'total': 6229, 'epoch': 0}
2022-08-29 Monday 05:15:26:INFO: {'type': 'metric', 'label': 'recall_rate', 'k': 2, 'rate': 0.30358002889709423, 'hit': 1891, 'total': 6229, 'epoch': 0}
2022-08-29 Monday 05:15:26:INFO: {'type': 'metric', 'label': 'recall_rate', 'k': 3, 'rate': 0.3445175790656606, 'hit': 2146, 'total': 6229, 'epoch': 0}
2022-08-29 Monday 05:15:26:INFO: {'type': 'metric', 'label': 'recall_rate', 'k': 4, 'rate': 0.3706855032910579, 'hit': 2309, 'total': 6229, 'epoch': 0}
2022-08-29 Monday 05:15:26:INFO: {'type': 'metric', 'label': 'recall_rate', 'k': 5, 'rate': 0.3913950874939798, 'hit': 2438, 'total': 6229, 'epoch': 0}
2022-08-29 Monday 05:15:26:INFO: {'type': 'metric', 'label': 'recall_rate', 'k': 6, 'rate': 0.40632525284957455, 'hit': 2531, 'total': 6229, 'epoch': 0}
2022-08-29 Monday 05:15:26:INFO: {'type': 'metric', 'label': 'recall_rate', 'k': 7, 'rate': 0.4201316423181891, 'hit': 2617, 'total': 6229, 'epoch': 0}
2022-08-29 Monday 05:15:26:INFO: {'type': 'metric', 'label': 'recall_rate', 'k': 8, 'rate': 0.42944292823888264, 'hit': 2675, 'total': 6229, 'epoch': 0}
2022-08-29 Monday 05:15:26:INFO: {'type': 'metric', 'label': 'recall_rate', 'k': 9, 'rate': 0.44180446299566545, 'hit': 2752, 'total': 6229, 'epoch': 0}
2022-08-29 Monday 05:15:26:INFO: {'type': 'metric', 'label': 'recall_rate', 'k': 10, 'rate': 0.45143682774121047, 'hit': 2812, 'total': 6229, 'epoch': 0}
2022-08-29 Monday 05:15:26:INFO: {'type': 'metric', 'label': 'recall_rate', 'k': 11, 'rate': 0.45930325895007224, 'hit': 2861, 'total': 6229, 'epoch': 0}
2022-08-29 Monday 05:15:26:INFO: {'type': 'metric', 'label': 'recall_rate', 'k': 12, 'rate': 0.467169690158934, 'hit': 2910, 'total': 6229, 'epoch': 0}
2022-08-29 Monday 05:15:26:INFO: {'type': 'metric', 'label': 'recall_rate', 'k': 13, 'rate': 0.47487558195537005, 'hit': 2958, 'total': 6229, 'epoch': 0}
2022-08-29 Monday 05:15:26:INFO: {'type': 'metric', 'label': 'recall_rate', 'k': 14, 'rate': 0.4811366190399743, 'hit': 2997, 'total': 6229, 'epoch': 0}
2022-08-29 Monday 05:15:26:INFO: {'type': 'metric', 'label': 'recall_rate', 'k': 15, 'rate': 0.48820035318670735, 'hit': 3041, 'total': 6229, 'epoch': 0}
2022-08-29 Monday 05:15:26:INFO: {'type': 'metric', 'label': 'recall_rate', 'k': 16, 'rate': 0.49397977203403437, 'hit': 3077, 'total': 6229, 'epoch': 0}
2022-08-29 Monday 05:15:26:INFO: {'type': 'metric', 'label': 'recall_rate', 'k': 17, 'rate': 0.49879595440680685, 'hit': 3107, 'total': 6229, 'epoch': 0}
2022-08-29 Monday 05:15:26:INFO: {'type': 'metric', 'label': 'recall_rate', 'k': 18, 'rate': 0.5020067426553219, 'hit': 3127, 'total': 6229, 'epoch': 0}
2022-08-29 Monday 05:15:26:INFO: {'type': 'metric', 'label': 'recall_rate', 'k': 19, 'rate': 0.5052175309038369, 'hit': 3147, 'total': 6229, 'epoch': 0}
2022-08-29 Monday 05:15:26:INFO: {'type': 'metric', 'label': 'recall_rate', 'k': 20, 'rate': 0.5081072403275004, 'hit': 3165, 'total': 6229, 'epoch': 0}
2022-08-29 Monday 05:15:26:INFO: {'type': 'metric', 'label': 'MAP', 'value': 0.30784506007725815, 'sum': 1917.5668792212412, 'total': 6229, 'epoch': 0}
2022-08-29 Monday 05:15:26:INFO: [1543, 118, 28, 4, 3, 1, 1, 2, 4, 597, 1, 1, 4725, 1, 1, 3, 1, 220, inf, 2, 18, 7873, 277, 217, 1417, 156, 1529, 4, 2040, 8153, 382, 164, 167, 19, inf, 14, 1, inf, 1, 3, 1, 1, 12, 48, 3, 4, 2707, 1, 17, 6, 2, 28, 41391, 1, 7, 15, 2, 1, 340, 1, 539, 1442, 1286, inf, 66, 20, inf, 247, 566, 117, 1, 30, 2982, 132, 148, 725, 221, 48, 412, 1, 31, 3, 538, 2, 369, 1, 1, 135, 101, 23423, 32, 1022, 3, 177, 3769, 3, 16, 1, 10, 19282, 4, 144, 47320, 11980, 1297, 96, 3, 38, 609, 4240, 4, 1550, 281, inf, 1, 2, 3, 1, 1, 1, 23, 1, 1434, 1779, 1, 1, 1, 1, 537, 1, 15, 849, 19, 23, 330, 376, 1, 1, 4, 2, 1, 549, 3, 114, 13, 2, 1, 7, 43, inf, inf, 3089, 253, 3, 35, 17, 335, 1, 4456, 336, 288, 123, 1, 2927, 7, 1, 15, 716, 9, 4, 124, 11, 1, 6, inf, 4, 1, 1, 32, 189, 68, 1, 1, 1293, 2, 3328, 156, 1, 28, 1, 7, 42, 64, 125, 1164, 7, 1, 7, 2, 1811, 183, 325, 12, 123, 621, 1, 1, 823, 1, 17, 3, 1, 34, 127, inf, 23, 8, 3940, 572, 2, 1, 1, 1606, 1, 1, 14, 2104, 20, 477, 855, 255, inf, 1, 4, 2, 1, 18, 3974, inf, 8, 5, 2, 1919, 131, 66, 1, 318, 6, 1, 1, 1, 18944, 1, 1, 1, 1, inf, 63, inf, 1, inf, 15, 323, 2640, 29, 1, 4502, 2, inf, 24507, 275, 600, 163, 1, 1, 4888, 462, 1, 22533, 11, 8, 2, 1, 15, 1, 1, 1, 756, 2, 1, 221, 631, 3, 44, 13114, 3922, 1, 6833, 1, 52929, 16, 2, 10, 6, 3, 3207, 738, 64, 1, 5, 326, 4000, 2, 2, 51815, 1, 1, 1, 1, 1, 2, 3, 3, 1, 4, 988, 17, 6036, 596, 1200, 1959, 2, 1, 8, 109, 80, 1, 18, 913, 23, 15361, 2, 1, 17, 7840, 1, 2487, inf, 5417, 1, 17381, 54, 1, 134, 1, 126, 195, 322, 61, 1, 12, 110, 324, 832, 693, 100, 5, 2, 62, 273, 1, 1, 11, 1, 1, 9, 9763, 27, 2, 1, 1, 43, 1, 2, 120, 3224, 445, 1, 266, 1, 939, 7, 37, 1, 90, 2, 7, 8, inf, 290, 2, 1, 2243, 1747, 1523, 8869, 173, 1, 1, 1, 1999, inf, 65, 7005, 9, 13, 3, 1, 13, 5, 1460, 1620, 12, 1, 1, 1, 16, 1, 1, 5, 33, 1, 359, 339, 2, 1, 1, 27, 3773, 9, 163, 174, 73, 1069, 181, 21, 179, 1, 1043, 142, 1, 4415, 1, 7, 1, 2, 25, 479, 1, 13, 2, 589, 13, 766, 11, 89, 3, 602, 1, 2621, 14, 7828, 3, 1, inf, 1, 187, inf, 15, 1, 1, 1813, 45, 34, 929, 1, 4394, 1, 1, 1, 3360, 80, 3775, 515, 593, 2, 2845, 7, 1, 7833, 691, 2, 1, 134, 12, 942, 436, 2, 752, 1, 2, 4, 81, 5, 4, inf, 2, 2, 7, 1, 102, 142, 470, inf, 205, 1, 5, 4, 1, 1, 1, 2, 1, 1, 1, 436, 126, 1, 7, 135, 135, 5, 20, 1, 198, 87, 834, 4458, 6, 1, inf, 4160, 2, 34, 307, 15080, 1263, 1, 110, 180, 1, 1386, 10, 4296, 33, 40, 242, 15, 6, 3082, 5699, 13, 1, 741, 2, 3, inf, 2678, 586, 391, 2, inf, inf, 292, 705, 36, 71, 2, 2, 25, 1, inf, inf, 1, 3, 1, 31, 192, 12, 3459, 16, 5, 1, 119, 25, 69, 98, 2738, 1, 20103, 9, 1, 50, 6235, 2, 3, 406, 72, 3, 293, 2, 9, 1, 1, 102, 587, 1559, 1, 790, inf, 708, 1, 1235, 1, 94, 1026, inf, 8, 26, 391, 1, 1, inf, 1, 748, inf, 1, 232, 925, 7, 4, 4, inf, inf, 412, 1, 11, 78, 1, 1, 1, 7, 1, 27, 191, 39, 4, 7, 1, 2, 58, 167, 9, 998, 23, 1, inf, 7, inf, 12, 470, 53, 433, 28, 455, 3899, 678, 1, 5, 247, 1, 386, 2, 59, 2, 1, 55, 1096, 165, 250, 8, 1, 15366, 134, 17695, 117, 1, 1, 442, 5, 3, 1086, 3050, 586, 4, 1009, 2, 3, 2, 77, 16, 134, 27, 6, 16, 1742, 334, 5930, 2, 14, 634, 1, 179, 8436, 26, 10801, 1, 5, 18789, 90, 2, inf, 1217, 3324, 1713, 2, inf, 2, 319, 7, 45, 2523, 1, 26, 1, 1, 4, 3394, 92, inf, inf, 39, 5, 1, 35, 2, 1, 4311, 3, 209, 1, 2024, 10631, 1435, 6, 45, 249, 63, inf, 1, 532, 1, 16656, 15, 1430, 2, 1, 726, 5, 1, inf, 10, 1, 3205, 2399, 2725, 106, 3, 28, 1, 11, 2, 93, 1, 11, 2, 12, 1652, 5, 1, 1, 46, 601, 1, 44, 1, 2496, 22, 64, 2, 381, 10, 2092, 203, inf, 3782, 1, 1, 16, 915, 1, 1620, 2, 12, 1, inf, 1, 6084, 169, 1884, 106, 180, 8, 3, 2, 2, 1, 3, 145, 50, 30, 5, 15, 1, 3, 15, 1, 5259, 26, 81, 5, 32, 1, 19, 8392, 50326, 837, 982, 2267, 1, 9, 1, 79, 2, 13, inf, 27, 1, 1134, 4, 234, 16, 1, 2, 67, 1, 1, 183, 3183, 2370, 1, 233, 1, 343, 2, 1, 466, 3, 12, inf, 1, 374, 1, 1, inf, 611, 53, 3649, 2, 34, 20, 325, 1, 4370, 23, inf, 78, 1457, 128, 1693, 1, 1, 1, 4, 353, 3, 11, 2, 2, 1575, 1, 958, 4195, 36182, 9, 10, 2050, 2, 14, 1, 24, 53, 828, inf, 3, 1, 2, 102, 91, 1, 2, inf, 57, 9, 74, 14303, 3, 5, inf, 39, 50, 1, 4, 134, 176, 1, 4, 192, 1, 1838, 508, 1, inf, 1, 1, 5, 13, 336, 1, 6, 1515, 1465, 34, 1, 2, 20, inf, 25, 4, 14, 1, 19982, 3, inf, 17, 8, 1, 21, 151, 582, 410, 1, 40, 892, 787, 1, 1, 95, 1, 68, 4, 1, 3, 144, 4, 173, 1, 11, 30, 1545, 10, 31716, 2, 1, 1188, 361, 1, 4, inf, 138, 102, 6, inf, 1, inf, 2, 464, 1, 4, 1, 6, inf, 2523, inf, 17, 7, 1, 5, 1, 6, 3, 8223, 45, 9, 1, 2, 1, 18, 9, 1, 120, 244, 15, 400, 78, 19, 1, 3310, 1, 1, 396, 320, 248, 2, 2544, 7, inf, inf, 1, 109, inf, 3, 135, 524, 1, 372, 1, 11, 72, inf, 1, 1, 362, 57, 9, 8, 101, 3775, 1826, 9, 232, 5160, 1, 3, 859, inf, 1, 6, 90, 11, 1, 4, inf, 49950, 1, 1, 2073, inf, 506, 157, 1, 33, 662, 5911, 28, 2348, 4, inf, 1874, 1, inf, 29, 1149, 139, 38623, 1267, 1383, 11, 1675, 24, 9, 44, 5399, 98, 29, 1, 2, inf, 223, 1, 2, 9, 1, 2, 2, 1659, 1, 3002, 1, 2, 9, 3217, 144, 651, inf, 12, 168, 1, 3, inf, inf, 16, 2, 1, 4, 11101, 2, 2, 247, 738, 2, 2, 54, 4, 1, 91, 11, 1, 269, 1, 2, 1, 4, 426, 6823, 108, 1158, 1, 72, 45, 1043, 5, 4, 1, 8, 1, 1019, 1065, 6, 4, 3, 3905, 1, 196, 58, 1, 7, 5779, 9, 12, 1, 32, 88, 1, 58, 1, 10, 18, 95, 77, 3, 1, 228, 8, 79, 142, inf, 86, 2, 1, 48003, 2, 41, 152, 1, 1, 71, 1, 4874, 2, 27, 1, 22, 9, 4, 1, 2, 55485, 9, 4288, 1, 522, 196, 16, 242, 318, 1362, 25, 1, 1, 1, 1, 102, 3, 25, 31, 5, 172, 365, 64, 1, 1, 7, 5, 1, 38, 2, 1, 2877, 10, 1, 1202, 2749, 2, 5, 38449, 3, 268, 1, 2, 1, 35, 1, 1805, 1, 2116, 2633, 1, 2, 7, 375, 4190, 44, 264, 1, 1, 1, 2, 4926, 1, 1, 145, 1, 1, 7, 1, 1, 1, 3, 1, 11452, 1, 94, 469, inf, 6040, 1, 24, 1, 711, 13, 350, 90, 3, 2, 30, 1, 15, 1, 32444, 8, 4, 4, 588, 212, 1, 4435, 5, 58, 3, 55, 16, 1, 2225, inf, 49988, 247, 19, 603, 15, 73, 75, 1, 41, 12, 1, 1, 362, 1, 27, 1, 3, 1, inf, 861, 2, inf, 23, 1, 90, inf, 1, 1, 106, 1629, 2, 47, 1, 7, inf, 1, 64, 11204, 40, 2, 329, 1, 761, 5, 1, 142, 4, 13, 1, 2343, 12, 108, 3, 2, 25, 139, 8, inf, inf, 12, 1, 9317, 5229, 4935, 1, 203, 5, 3, 1, 37, 111, inf, 1, 2, 1, 13125, 1, 32, 1, 2, 1, 1, 6, 286, 10, 1, inf, 1, 6, 1, 5, 70, 1, 1, 1, 15, 92, inf, 6676, 59, 46250, 1484, 171, 144, 3, 36, 1, 1, 49, inf, 4, 1, inf, 3, 68, 3232, 1, 30, 1, 10683, 111, 1602, 138, 2, 48412, inf, 71, 2, 947, 1, 2, 3, 33, 10, inf, 11, 1, 216, inf, inf, 1, 963, 2, 5061, 6, 1, 1, inf, 355, 24, 1, 203, 9172, 3, 2, 687, 14, 1, 3, 3670, 2, 463, 2480, 3, 65, 4, 13, 1, 6090, 1, 143, 2773, 128, 2, 4, 524, 1, 1, 1, 2, 1, 10468, 1, 1, 1, 2, 605, 1, 50, 5, 1, 78, 3, 16, 273, 1683, 1, 1, 1, 1, 2, 1, 1101, 1, 1, 1, 1, 1, 4, 1, 2, 50, 2, 35, 3473, 20, inf, 1, 12, 309, inf, 1181, 4449, 91, 321, 92, 6, 1200, 1903, 719, 10859, 1052, 7813, 16, 23511, 1, inf, 1, 29405, 22, 60, 190, 1, 1, 2, 1, 1, 2, 1, 1, 1, 4, 1, 2, 6, 118, 3, 2148, 5, 1, 8, 23074, 84, 17, 563, 1, 2, 1, 10035, 2868, 1, 1, 1, 1, 2, 3, 2, 1, 8, 20, 1, 1, 9, 14, inf, 20, 3, 5078, 946, 43, 45964, inf, inf, 192, 14, 4962, inf, 1, 59, 2, 1, 1, 322, 65, 4, 26, 2136, 10, 1961, inf, 53, 11, 300, 126, 1513, 61, 1, 1461, 1, 1, 3, 90, 1, 5, 3, 4171, 1, 13, 58, 2, 322, 11, 74, inf, 3, 417, 1, 7, 2, 1367, 15, 92, 1, 242, 24, 6, 4, 4, 12, 5, inf, 269, 124, 433, 69, 9, 6566, 981, 824, 1, 2, 379, 2, 37, 123, 111, 1, 111, 6, 12, 8037, 1, inf, 332, 6, 318, 5, 1835, 654, 3640, 2736, 4, 525, 89, 4, 692, 2, 1, 1, 4471, 277, 21, 2, inf, 6, 53, 10, 1, 1, 1164, 10, 7973, 151, 252, 1, 32, 1, 5, 635, 1, 14, 1, 22, 2, 1, 24, 493, inf, 3, 2002, 90, 14, 1, 21, 1647, 1005, 16, 9, 11, 179, 7, 2, 28, 6, 3, 1, 51, 1, 2, 1770, 90, 42, 2096, 2487, 38, 228, 1, 2, 1, 3, 178, 10, 1, 1, 7, 1314, 132, 1, 54, 1, 228, 11, 839, 1, 1, 1568, 3102, 1, 222, 7, 1, 23483, 1, 577, 1812, 275, 1, 1, 14, 4, 47, 56, 1375, 1, 2, 3, 1741, 602, 1, 7, 6, 3604, 112, 3, 1, 9, 39, 27, 295, 71, 157, 1, inf, 1520, 2381, 1, 4, 46773, 1079, 16, 6, 84, 3, 1, 3, 1, 6213, 855, 12, 27, 3, 1, 16, 3, 1, 2, 1, 210, 15, 2, 2107, 278, 1, 5, 69, 77, 23, 1, 10, 7, 33, 57, inf, 5, 2545, 220, 24, 216, 4, 59, 1, 5, 338, 2, 6703, 1, 3, 198, 72, inf, 2, 13, 369, 15, 20, 296, 1, 1, 72, 69, 6997, 13, 38, 4635, 7, 3, 270, 1, 9538, 16, 2, 1, 1, 1, 681, 923, 728, 1141, 1, 3930, 1, 1482, 722, inf, 379, 59, 1, 1, 4, 10, 1, 5, 120, 145, 4175, 253, 1, 3, 2, 1, 33, 102, 2, inf, 643, 3, 1, 1, 3, 1, 2234, 6, 21, 1, 1, 29, 1663, 4, 5, 1773, 1, 1, 37, 878, 20753, 337, 11837, 1, 1, 2181, 1, 126, 45, 1, 3, 1, 758, 47, inf, 1427, 9, 374, 32, 75, 7, 717, 1, 351, inf, 548, 5, 47, inf, 3, 174, 21678, 1967, 35, 3, 1, 1, inf, 11, 511, 444, 30801, 1, 1921, 7, 2, 8355, 1, 4992, 151, 77, 2, 778, 1, 158, 8, 102, 1, 2232, 1, 1, 23121, 28, 3, 1408, 1, 1, 9, 85, 82, 1, 1, 292, 2317, 99, 815, 2, 10, 3, 3, 1, 20490, inf, 3594, 7, 2811, inf, 1, 223, 100, 1, 3, 2, 10, inf, 9, 4, 362, 2, inf, 17, 110, 1, 87, 4, 6, 331, 3493, 1, 913, 108, 64, 118, inf, 6, 43, 46, 2, inf, 1, 1, 1, 570, 3893, 49, 5, 489, 1, 1488, inf, inf, 658, 1, 8, 13, 1, 2166, 130, inf, 12, 405, 1, 2, 32, 3, 1, 996, 647, 26, 1, 961, 9, 1, 1092, 3619, 14, 156, 364, 92, inf, 1, 816, 1, 1, inf, 15719, 1, 1, 334, inf, 2, 8, 2, 1, 1, 1, 463, 2, 6, 3, 49, 17, inf, 12, 1, 1, 36014, inf, 131, 1045, 1, 101, 4, inf, 87, 2586, 4, 5, 7, 44, 46, 12, 1, 1, 928, 3808, 3, 152, 1, 1, 7, 730, 14177, inf, inf, 69, 9, 30, 4, 1, 2, inf, 2, 1, 29030, 1, 1, 4296, 1, 214, 288, 430, 716, 20, 2, 1943, 3, 6, 12, 31, 18, 1, 22, 2, 7, 1, 1, 18, 4, 1, 2951, 14635, 3, 2, 1, 36, 139, 1, 1, 53461, 5, 2203, 2534, 271, 6, inf, 2, 5, 1, 1, inf, inf, 5157, 12, 23, 2, 1, 7583, 3, 3311, 2, 1, 8428, 78, 18, 25, 905, 1, 38695, 1, 32, 1, 1, 1, 1, inf, 1, 1, 7, 2, 2, 71, inf, 1425, 2, 9935, 4, 48744, 101, 46, 1, 1, 1, 3, 247, 2, 182, 2, 35, 59, 1, inf, 8084, inf, 4, 1, 34, 17448, 1, 11, 3, 1, 4, 1, 25, 7, inf, 4, 12, 38, 21, inf, 66, 12, inf, 53275, 51, 2, 3196, 10, 4, 1, 1, 116, 5, 1, inf, 1, 3674, 1046, 50, inf, 95, 688, 18480, 1, inf, 11, 2221, 61, 6, 1, 463, 4, inf, 1, 2, 3, 1, 43638, inf, 59, inf, 270, 2, 3447, 2, 74, 1, 2, 1, 9898, 20762, 11436, 2, 1, 1, 3094, 2, inf, 3, inf, 1, 10, 1, 3, 1878, 1090, 1, inf, 1093, 135, 1, 2, 148, 3968, 1, 1123, 826, 5, 1667, 4, 1, 303, 1, 1, 1, 1, 1, 1, 1, 1, 792, 1, 2, 2, 1, 2899, 1, inf, 17, 1, inf, inf, 5693, 126, 13102, 560, 1, 1, 2, 7, 27, 1, 2, 4, 1, 3, 2, 1, 2, inf, 138, 94, 3, 7, 10484, 3, 41, 1, 12, inf, 1, 2, 1, 1, 1367, 8, 3510, 1, 1, 1, 72, 1, 3, 1714, 1, 328, 318, 7, 92, 5820, 118, 1, 1, 2588, 961, inf, 7, 3878, 3, 2, inf, 327, 2374, 218, 2, 25, 5, 3, 30, 1, 2, 372, 76, 1752, 1, 1, 17482, 1, 24, 80, 332, 5, 1, 98, 151, 6, 129, 2, 22793, 1, 1, 1, 130, 3, 429, 407, 38247, inf, 199, 1487, 1934, 3, 4, 5, 25091, 13547, 9719, 7, 546, 21, 21, 1356, inf, 2, 6258, 1, 15, 34, 5810, 40, 590, 36, 1, 79, 16591, 3458, 154, 21, 1, 1, 21, 18, 14, 3, 27, 2922, 985, 1, 92, 1, 1, 1, 1, 1, 16, 1, 32, 3, 1, 2, 11, 63, 949, 21, 1, 1, 2, inf, 2805, 1, 1, 1, 3, inf, 5243, 1932, 24, 1, inf, inf, 1414, 137, inf, 1, 1, 1, 2, 3, 603, 323, 93, 1, 188, 396, 93, 1, 156, 10, inf, 12, 13, 159, inf, 1, inf, 21, 1, 6, 2, 5, 56, 128, 413, 41, 2, 1, 9504, 1, 2, 2858, 357, 4685, 1461, 3, 2, 1, 92, 2, 26, 97, 11, 5207, 18, 1, 22799, 7487, 8, 576, 10, 29, inf, 6146, 2, 3109, 284, 29, 1, 6, 1589, 126, 6, 7426, 1, 624, 2, 1, 3480, 49, 5329, 29, 1, 1, 10, 1, 28, 172, 1, 1, 1, 3, 1, 47, 1, 1, 79, 9, 1, 1, 3, 137, 4, 61, 49, 44, 1, 9, 1, 2, 190, 1, 17, 5, 5, 3, 2, 284, 105, 288, 222, 4, 1, 9, inf, 3825, 1, 1, 146, 6, 1, 144, 2, 4, 721, 2, 8, 3, inf, 10, 2, 3177, 954, 121, 3, 5, 1, 697, 168, 1, 12, 135, 511, 11, 52, 1, 1, 5, 10, 2, 2986, inf, 1229, inf, 3, inf, 31, 9, 1, 1, 19, 37, 1, 3, 1, 1, 2, 1, 3, 114, 1, 1, 246, 265, 696, 76, 7, 1, 2, 1368, 2509, inf, 1, 2, 35, inf, 3, 165, 1, 1, 35, 329, 44, 27, 2401, 99, 1, 1, 56, 45, 183, 1, inf, 504, 5073, 1884, 1270, 1, 6, 10, inf, 2, 2, 6, 5, 263, 1, 3, 7, 645, 1, 3, 1, 184, 1, 6, 6, 2390, 5, 3054, 1, 3, 4, 2, 804, 1, 3218, 15692, 584, 569, 2, 4, 1, 2989, 29, 295, 2, 2, 11, 16, 3, inf, 1, 27, 13, 251, 776, 109, 52480, 1227, 14353, 2, 1, 86, 270, 48740, 1, 6819, 1120, 120, inf, 3, 1, 15, 503, 33, 254, 27, 6, 1, 1, 1, 2, 7377, 42, 1, 1, 8422, 97, 1, 586, 1, inf, 66, 31, 17, 9, 1, 2, 328, 3545, inf, 42, 1017, 7, 1, 2193, 233, 1026, 437, 1, 1100, 1, 265, 7, 4, 1, 7, 2, 2, 3, 105, 186, 16229, 2, 123, 1479, 1275, 1250, 1, 1, 3, 62, 2249, 11, 2, 2, 4, 666, 1, 1, 5, 3, 151, 1, 3, 1028, 1, 305, 3, 3, 3, 12, inf, 1, 12, 22, 1, 29063, 1, 223, 1, 2, inf, inf, 4, 2394, 62, 1, 1, 2, 1, 1, 1, inf, 58, 1, 1, 55, 1, 67, 1, 171, 1, 504, 153, 1, 2, 5, 19, 5277, 5, 167, inf, 414, 5, 441, 6, 26, 17, 9, 479, 493, 1, 49, 4759, inf, 20, inf, 34248, 42, 4, 1, 48976, 934, 9, 1, inf, 2, 1, 1, 1, 15772, 3, 79, inf, 1, 11, 1480, 11, 2407, 21, 590, 28737, 2, 1, 1521, 846, 1, 57405, 1203, 1, 1, 1, 1, 5, 81, 1, 1, 1, 2, 1, 1, 1, 8, 61, 296, 9, 2, 181, 633, 318, 72, 10, 949, 10490, 422, 12, 266, 391, 1041, 1, 1, 655, 25, inf, 1583, 35, 2, 1, 1, 2, 10, 246, 1, 18, 244, inf, 1317, 3485, inf, 38, 2101, 1, 3, 1228, 7469, 8, 3287, 214, 192, 113, 560, 2, 223, 1, 6, 1, 7, 344, 3664, inf, 30, 1, 631, 10, 5682, 1, 101, 4037, 1, 2, 5638, 4498, 3486, 3644, 2112, 1, 39, 2, 224, 14, 1797, inf, 40, 1, 417, 1, inf, 64, 111, 362, 1, 10916, 1340, 150, 37910, 1, 1, 1, 10, 42, 1, 122, 7, 6, 17061, 25, 2, 1182, 487, 2, 2, 1, 14, inf, 1, 6, 53, 1, 1737, 7, 8, inf, 249, 5524, 24, 5, 2, 884, 6, 46, 108, 3, 43, 3, 143, 15, 3, 52, 276, 71, 1, 1, 2, 1, 1, 1, 6, 1, 4, 1, 1, 2, 1, 279, 2, 49765, 22, 3, 5, 2, 628, 68, 103, 1, 2, 489, 587, 1, inf, inf, 42, 1, inf, 1, 82, 77, 38497, 363, 2, 1, 277, 1, inf, 1, 2, 1, 102, 269, 1, 49976, 1, 12, 30, 18, 2, 652, 2, 3, 10, 1, 8, 193, inf, 2, 1, 95, 60, 2, 108, 1, 33, 1, 1, 633, 2409, 27, 1676, inf, 88, 1, 286, 1, inf, 383, 757, 6, 1, 9877, 1, 4, 871, 17, inf, 2, 69, 1, 32, 2, 843, 63, 1625, 113, 1, 1, 2, 2, 63, 2, 555, 1, 4008, 742, 191, 41, 334, 4, 19, 174, 320, 72, 1, 2, 1, 1, 62, inf, 1, 31, 1308, inf, 1, 1, 44, inf, 31, inf, 4844, 8, 35017, 568, 556, 1, 1, 1, 1, 1, 13, 38, 23, 982, 2701, 1, 13, 1, 73, 258, 519, 46, 10, 119, 1, 1, 1, 2, 11, 285, 18, 675, 56, 1529, 1, 14, 5, 438, inf, 2, 49, 3, 8, 5, 457, 4, 416, 1, 406, 14, 3, 1364, 7, 1, 1, inf, inf, 14, 1, 5116, 2420, inf, 21219, 2, 1, 2, 8, 29, 1, 4, 896, 1401, 1, 8, 1, 144, 5, 1847, 969, 2, inf, 1384, 34, 9851, 2, 6, 3657, 3, 25390, 1, inf, 4817, 1631, 574, 1, 2, 1, 248, 1, 2, 1103, 9, 1, 13, 1, 1, 2, 914, 13, 6, 1, 139, 205, 1, 17, 40, 192, 163, 310, 1, 2, 6, 1, 1, 1, 3, 60, 397, 2, 1, 39, 5, 1, 1, 17977, 1, 1, 1, 13, 204, 3264, 508, 1, 1, 25, 1, 10, 1392, 1340, 1, 1, 3740, 1, 7, 54021, 39, 48360, 71, 1, 1, 636, 1, 1, 1156, 11086, 1, 6, 1, 96, 492, 1519, 2, 1, 5, 1586, 170, 8, 1, 1, 4574, 8, 15, 1148, 1, 107, 6889, 492, 9, 43, 1, 147, 23791, 3, 1, 2936, 14, 6, 26379, 6244, 37, 180, 10457, 2, 1, 291, 1, 1, 6, 21, 1, 2, 18, 2, 1, inf, 1, 146, 7876, 5, 105, 4984, 46, 3, 2, 2, 1, 1, 55, 1, 2, 3, 6, 1, 3, 1, 143, 25, 16, 155, 1, 62, 3, 1, 115, 1, 113, 5, 1, 255, 1, 13, 1, 182, 29, 14, 1, 9383, inf, 442, 3, 1058, inf, 2, 2238, 1, 1389, 8, 1772, 95, 3, 3063, inf, 3, 16, 1, 1, 179, 417, 5, 611, 116, 1, 278, 309, 373, 2850, 7, 30, 2, 5, 1, 1, 36, 26, 35, 637, 4839, inf, 1262, 544, 122, 305, 315, 190, 15, 4, 1, 2, 1, 3, 1, 1, 1, 1, 1, 135, 6, 367, 1, 1, 15, 664, 1606, 257, 129, 2328, 196, 1, 1, 1, 1, 303, 5479, 2498, 2, 136, 1436, 1, 311, 286, 3050, 13, 2397, 1, 2, 93, 1, 115, 16, 5, 1, 1, 2, inf, 9, inf, 30, 5, 12, 1, 27, 1, 1, 2, 172, 56, 14, 289, 1, 1, 68, 6, 1, 1, 2, 6, 37, 1, 1, inf, 1, 2, 1, 3, 1, 1985, inf, 1, 1228, 61, 1, 563, 1701, 285, 1, 48, 5262, 50, 12, 1, 316, 2, 3431, 1, 2526, inf, 11, 94, inf, inf, 3, 11, 14, 7, 251, 38, 1, 8, 9, inf, 2, 1, 26, 23, 1, 26, 60, 1, 1, 2, 14, 127, 3, 23, 27, 6, 184, 13, inf, 2, 27, 2, 28, 2001, 90, 1, 32, 182, 37, 8727, 3, 1, 1, 9, 31, 32, inf, 935, 2, 28, 64, 1, 55, 256, 8, 224, 1, 769, 33, 4, 11, 566, 3, 3, 2217, 1953, 18083, 2, 511, 2, 1, 6285, 7, 6, 911, 24, 3779, 7, 25, inf, 5, 8, 2414, 95, 1284, 36, 1, 11, 2, 6, 37, 2, 2684, 63, 1206, 164, 36, 3, 1, 11, 40, 1, 4, 11, 2672, 1, 3, 1, 598, 13, 1, 147, 3054, 4, 3646, 13, 4553, 1, 1, 1, 35, 1, 19, 7, 141, 6842, 37, 39, 45, 2919, 9, 1, 428, 38, 7, 58, 13, 116, 7, 972, 2, 21, 4, 66, 1434, 96, 11209, 1, 4, 1, 9, 2, 2, 3635, 48, 3537, inf, 2, 3, 3763, 1, 135, 1, 1, 7, 316, 1, 1, 54, 273, 53533, 23, 4594, 4151, 4908, 1, inf, 2, 822, 5, 2187, inf, 7, 1599, 71, 1253, 1995, 4512, 242, 77, 3279, 7, 1, 2722, 2, 5992, 2, 1362, 1, 1, 5, 1, 4876, 3, 22, 2316, 3906, 298, 374, 3, 9, 2, 9791, 3, 27264, 1, 9, 1, 1, 1, 306, 1, 27959, 566, 190, 6270, 8, 1709, 1, 597, 5, 50, 3317, 944, 17, 10, 5, 15108, 141, 260, inf, 2, 13, 2415, 245, 191, 1, 4, 367, 282, 309, 978, 9, 14959, 15, 2, 7840, 47, 1, 2, 1, 327, 1, 416, 245, 3, 421, 346, 1245, 2, 1, 39, 1, 888, 4489, 1038, 5, inf, 3, 25, 30, 610, 11, 3, 5, 5, 16, 1, 866, 36, 19, 380, 3, 9, 145, 1, 7, inf, 1, 600, 454, 25, 1, 5151, 2, 1, 1, 657, 2, 4, 29, 401, 586, 2, 7, 2, 2, 9, 395, 24, inf, 600, 1, 10547, 1, 2, 1770, 34, 384, 1, inf, 2138, 26362, 1, 1, 946, 1049, 170, 17, 2, 1, 4, 1, 46, 15, 14, 1, inf, 3245, 15, 7803, 2, inf, 36, 2, 8, 3, inf, 1, 329, 97, 24, 2, 6, 2, 95, 5, inf, 46, 1, 3465, 2298, 1, 1384, 2, 1, 10, 3, 43, 5, 14, 3, inf, 15, 1, 1, 28, 1, 37, 12369, 1, 1, 51, 14, 65, inf, 3, 1, 4294, 10, 1, 1, 1, 2, 1252, 8, 87, 33, 90, 141, 136, 39, 59, 1, 1, 1, 1708, 1226, 799, 8, 15, 101, 73, 11, 22, 6, 651, 711, 38, 1, 143, inf, 2, 356, 1, 1, 4053, 87, 1, 8, 4, 1155, 102, 152, 12677, 3, 3, 138, 51, 1, 255, 1296, 30, 4, 1, 2, 149, 170, 4, 60, 3, 36, 20, 8, inf, 381, 6, 1, 45226, 1, 2, 1728, 16, 122, 2512, 263, 4239, 1, 1131, 3, 13, 15, 4, 44, 9, 92, 381, 1, 4, 577, 141, 21926, 1, 2191, 10, 2, 355, 9, 3, 3, 38, 1, inf, 1308, 1, 2, 2, 35, 2, 1, 7, 21662, 107, 493, 7, 10, 2, 1230, 956, 1834, 499, 1, 80, 131, 4, inf, 2, 3, 1, 66, 3, 7, 1, 924, 7, 13, 1, 848, 113, 185, 623, 2, 1, 26, 143, 1, 1, 2517, 2, 1, 28, 1, 230, 4045, 4, inf, 4, 4, 99, 1, 13, 9, 2, 980, 16, 57, 19, 6, 1, 17, 21, 13, 2, 2, 4, 41, 18, 70, 24, 91, 393, 3, 1, 53, 59, 4, 4, 100, 182, 7, 9, 9, 2, 1, 2, 2, 1, 92, 42, 5, 33, 417, 6, 1, 756, 1, inf, 1, 25067, 1, 564, 2, 9994, 179, 10, 2, 626, 2, 14, 4, 4, 2958, 9, 333, 26, 1, 5, 3, 2, 1, inf, 7637, 1, 2280, 2, 593, 2620, 2, inf, inf, 1, 2, inf, 15, 3, 333, 3, 1, 1101, 28, 85, 5, 47, 5, inf, 1, 2, 62, 40, 47560, 47, 189, 1240, 2, 2562, 3855, 5, 3513, 17, 4, 7, 5, 2, 11, 3618, 2, 2, 4, 124, 1, 150, 3, 465, 1, 14, 4, 6, 2, 2, 1, 4, 1, 49, 6, 1, 2, 22, 5, 440, 1, 378, 1800, 425, 2246, 1, 46, 3189, 1, 4, 308, 23, 649, 5, inf, 4, 2, 684, 139, 1212, 52654, 2, 1, 449, 1, 948, 45, 844, inf, 1, 23593, 35, 13, 1, 39, 1, 5, 2248, 656, 1, 1, 159, 2559, inf, 2, 1, 99, 105, 5, 13, 1, 1, 1181, 20, 4, 38, 72, 10, 2, 1373, 44, 62, 1796, 32, 23825, 1, 13, 134, 4, 1690, 23, 6, 1110, 2, 1, 2400, 1, 64, 33, 3, inf, 1015, 1092, 14, 21, 918, 1, 32, 240, 2, 1926, 175, 6, 3, 55, 104, 1329, 103, 515, 2, 1, 162, 278, 1, 2, 1, 2, 1, 34, 3, 31, 5, 1, 3, 3, 7, 27, inf, inf, 2248, inf, 1296, 4, 2, 2, 1544, 12, 1, 1, 1, 1, inf, 5, 96, 3, 1, 3, 4, 1, inf, inf, 5, 5, 7, 1, 1, inf, 1, inf, 170, inf, 67, 288, 241, 16, 9, 1, 1, 2, 2, 221, 146, 1, 1, 106, 7, 47, 558, 15, inf, 1, inf, 45, 171, 1, 5, 1, 5, 5396, 431, 1, 1, 7, 22, inf, inf, 1, 183, 24, 988, 1, 511, 1, 1, 17, 3173, 494, 23, 2, 1548, 1, 2, 9, 2, 44, 72, 224, 1, 23, inf, 1, 41, 1, 1, 1, 3904, 1, 235, 611, 31, 1, 896, 27, inf, 139, 6, 2367, 858, 153, 9, 1, 8, 3156, 45, 2, 17, inf, 1, 2, 224, 7640, 32, 24, 106, 1, 295, inf, 4205, 1, 201, 7, 41, 190, 4209, 991, 4242, 32, 1302, 419, 1044, 1831, 5, 1, 880, 1, 2, 9810, 1307, 312, inf, 6, 1, 1503, 1429, 1540, 10, inf, 1, 721, 169, 1, 640, 1, 1411, 2, 6325, 6, 1, 187, 32, 3, inf, 1, 1, 4639, 10, 3, 1, 116, 42, 870, 1, 1, 10372, 1, 24, 3, 4, 229, 1617, 531, 55, 21, 1, 10, 2186, 3346, 66, 22, 555, 4, 747, 1, 1, 12, 10175, 1, 4, 10, 158, 1, 3, 11, 17, 772, 1285, 3, 118, 4729, 84, 65, 20, 622, 289, 1, 6, 68, 1, 3, 392, 19, 1, 1, 544, 1985, 106, 188, 48, 2, 11, 1, 186, 1, 1, 533, 8, 1, 4868, 3275, 716, 6, 1, 2, 2603, 13868, 3, 85, 121, 1, 1, 9286, 1, 29, 3, 30999, 661, 1, 1, 1, 4, 1, inf, 56, 319, 30, 1, 1, 1, 636, 1, 23, 9, 12, 1, 25, 1, inf, 1, 1, 5700, 1, 1, 3, 1, 1, 8, 83, 667, 542, 1, 115, 785, 26, 36, 1840, 66, 2, 8, 4, 429, 114, 312, inf, 4064, 4, 130, 27, 2, 320, 3, 2, 1, 2, 2, 1366, 164, 4, 99, 1, 1, 3, 6, 4785, inf, inf, inf, 2, 1, 18294, 2, 454, 3, 1789, 1532, 7, 24058, 5, 60, 7016, 11, 86, 14, 1, inf, 1, 2, 1, 5, 1, 3, 3842, 1, 3800, 2, 2225, 16, 448, 4, 1, 4348, 595, 4115, 26, 1, 1, 1028, 146, 1624, 103, 9, 6, 4, 58, 15, 9, 158, 269, 4, 1, 2, 36, 1632, 112, 12, 1, 1, 1, 1937, 1, 10171, 1, 2, 1, 336, 2, 1, 120, 15, 25, 2616, 1114, 1269, 3, 17, inf, 1, 86, 1539, 2, 89, 155, 4, 885, inf, 91, 1, 2492, 460, 3, 1382, 1, 263, 111, 1, inf, 1, 103, 2, 387, 1, inf, 148, 1, 18, 1, 1, 4179, 40, 3, 1, 1, inf, 1, 7, 17, 557, 24, 15, 1555, 2391, 126, 34, 4, 2, 1, 37, 1552, 1, 785, 1, 1, 1, 1, 67, 1, 87, 217, 69, 16, 12, 1, 7255, 179, 2444, 76, 1, 48, 1, inf, 2, inf, 142, 1507, 1, 1, inf, 739, 15, 4912, inf, 24, 1, 4, 2, 1, 1, 48, 1, 1, 1, 2, 3, 1, 483, 1, 1, 14, 2, 1, 48, 517, 2308, 1, 1, 1113, 11, 633, 24, 79, 31, 1618, 2, 2, 1, 547, 809, 36, 1, 4, 11, 4442, 471, 1, 1, 13, 16, 1, 1910, 142, 113, 477, 495, 4, inf, 14, 10, 55, 1, 209, inf, 2, 7374, 43068, 87, 288, 2078, 1, 2172, 8, 3, 1095, 2, 3461, 1379, 45, 7, 1, 1, 1, 1, 110, 1, 830, 1, 26, 1, 1, 1, 1, 1, 1, 19, 21, 1, 1, 1, 1, 363, 7, 1, 335, 9, 1, 1342, 9, 979, 38408, inf, 1, 1268, 4, 1, 1, 2263, 37, 855, 44, 15, 954, 335, 13, 2, 42, 48, 2, 567, 1182, 42, 1, 2538, 24, 5099, 37575, 225, 6, 4, 86, 855, 649, 640, 73, 21, 1, 1, 1, inf, 1, 3, 7, 2506, 4, 190, inf, 3, inf, 2, inf, 63, 50, 1, 961, 5, 1, 2918, inf, 52, 3, 1, 8, 42, 1, 2, 4, 281, 173, 103, 101, 2, 1, 12, inf, inf, 1, 53, 12, inf, 4, 561, 1, 1, 8241, 1, inf, 9, 2553, 2, 48, 223, 3573, 593, 1967, 32, 1, 55, 1, 1606, 442, 121, 1, 12, 851, 2, 1, 165, 1, 2, 10998, 1052, 6, 1, 1, 1, inf, 2, 38, 6, 960, 890, 1, 11, 1, 32442, 1, 839, 5, 1, 1, 152, 302, 6, 791, 13, 16, 2, 24, 13, 108, 6, 251, 1, 1596, 47, 8484, 1443, 72, 3, inf, 990, 5, 86, 3, inf, 1908, 2094, 20332, 2439, 5, 1, 1, 2, 2695, 449, inf, 6, 114, 19, 323, 3, inf, 19, 10, 15, 791, 170, 37742, 1, 151, 1, 1, 103, inf, 2, 4, 1, 29, 4, 12, 38, 3, inf, 3989, 915, 170, inf, 15, 1951, 21, 9, 349, 328, 13, 1, 5, inf, 3, 14, inf, 371, inf, 3, 21, 1, 4242, 6, 306, 69, inf, 3827, 32, 1, 1, 2, 1922, inf, 3, 12, 3, 6303, 37, 258, 73, 2, 21, 160, 557, 43872, 1, 856, 1433, 10, 1209, 1137, 3, 3, 1, 4, 4, 2814, 51, 1678, 3, 1, 519, 8, 584, 4, 1, 1116, 2, 1, 1, 1, 1, 1242, 4, 3048, 1, 1, inf, 971, 5445, 423, 1, 49, 44, 37, 3, 11, 1, 341, 361, 2, 1, 192, 24, 1793, 8, 5, 1132, 1, 1, 1, 1, 1, 1, 29, 1, 38, 5, 5, 3, inf, 1, 16, 4, 4, 5, inf, 1, 361, 1, 1116, 461, 1, 8, 6, inf, 80, 3397, 6, 1, 1, 1, inf, inf, inf, 36, 135, 105, 2, 3, 242, 7, 13, 807, 1, 375, 1, 497, 46, 121, 1063, 3, 420, 10, 1, 1936, 8, 3, inf, 50, 1, 1, 1506, 22, 3, 1, 2, 196, 4, 1, 1, 3786, 3149, 1, 1, 3, 7305, 2, 43, 17, 16792, 10, 2, 51, 4, 31, 166, 1, 22, 3, 9, 4, 2, 2, 268, 111, 4, 1229, 2, 1, 5, 1, 4, 3, 24, 1, inf, 3, 121, 19, 2, 80, 1, 16, 240, 5, 56, 1, 1, 86, 823, 1, 4, 18, 44, 1227, 475, 1, 24851, 89, 3, 1, inf, 15, 27, inf, 18, 91, 5010, 3, 1, 1, 1, 76, inf, 952, 3, inf, 15, 1, 280, 4, 1, inf, 1698, 1, 1, inf, 2, 272, 6, 46, 15356, inf, 1, 1, 1, 3, 350, 13468, 40, 3, 2, 179, 1, 1, 1473, 5, 98, 4533, 75, 33, inf, 13, 655, 3922, 5, inf, 1, 8, 1, 64, 195, 48, 34, inf, 921, 1544, 66, 14, 412, 215, 1, 990, 2575, 221, 1822, 29, 263, 936, 3, 141, 3307, 166, 1, 14, inf, 2, 81, 1, 2, 24, 551, 9, 201, 31, 5, 892, 1, 34, 150, 1, 1, 2, 1, 14, 59, 441, 104, 1, 5023, 1, 30, 106, 25, 58, 1, 1, 9, 298, 1, 1, 2384, 7, 13, 10, 13, 17, inf, 16, 6004, 2, 49, 75, 2199, 2, 134, 8419, 7212, 145, 48, 2, 287, 13924, 16, 1, 1, 1, 1, 17, 1, 90, 2, 73, 60, 16, 8, 16, 25, inf, 299, 5, 94, 222, 23, 1, inf, 195, 3, 19, 333, 3979, 13, 1, 1651, 356, 2, 7581, 73, 1, 758, 3, inf, 19, 3614, 1956, 3, 783, 17, 839, 837, 78, 1, 9, 344, 31, 43, 1, 1, 4, inf, 686, inf, 41, 502, 93, 1, 3, 2, 384, 1, 662, 71, 1773, 6, 106, 9, 8, 3, 37, 27, 1, 27, 93, 5796, 19, 120, 305, 1163, 1, 1076, 92, 2, 2512, 8, 5, 1, 4249, inf, inf, 11, 1, 53, 271, 12, 2, 9, 1372, 948, inf, 275, 50, 4569, 25, 111, 1, 1, 1, inf, 1, 15, 6, 246, 55, 1, 3989, 36, 2, 46, 297, 1, 1, 23, 1, 2, 2241, 239, 1, 38, 12, 2901, 8, 2011, 1, 4565, 33, inf, 10, 7, 1907, 5, 1, inf, inf, 10, 1, 11, 2630, 4334, 30, 925, 92, 1, 3, inf, 829, 4, 10, 1, 27, 65, 9, 1, 6, 1, inf, 3, 1946, 416, 2, 261, 388, 2, 3, 2, 1, 1, 494, 178, 2, 1, 3, 4915, 1, inf, 56, 3, 2, 115, 409, 1, inf, 500, 56, inf, 1, 62, 2, 1625, 54, inf, 123, 3, 4, 22, 49, 2, 9, 10, 136, 31, 404, 1, 1, 5, 1, 351, 520, 36, 41, 1, inf, 854, 90, 3625, 60, 182, 14, 2, 2705, 206, 1, 2, 5, 10, 5, 1, 26, 2, 23, 1, 10, inf, inf, 5, 3, 584, 87, 12, 56, 295, inf, 3, 1316, 10, 1174, 37, 1, 3, 1548, 1, 86, 1, 1, 26, 25, 1, 8, 753, 30, 1078, 7, 1, 1, 23, 1, 1, 582, 3417, 1535, 1, 2, 1, 598, inf, 3496, 1, 1, 117, 1, 3563, 2488, 20, 2354, 13, 20, 15, inf, 1, 1, 1, 489, 1, 20, 3566, 2, 58, 76, 1, 1, 10, 3, 3, 2, 1, 590, 1, 10, 5, inf, 1549, 14193, 14, 1, 4, 3, 1256, 117, 6, 12144, 1, 2, 78, 107, 2, 1, 3263, 1, 597, 1, 95, 344, inf, 262, 4, 9, 593, 2213, 1, 1, 143, 19, 88, 1, 3, 4, 192, 59, 58, 5, 5, 5, 5, inf, 1, 45, 1, 1095, 2, 20, 9, 4, 964, 4, 1, 1, 52, 1, 43, 28, 15, 1, 1, 4, 18, 2, 1, 1, 13, 9, 1, 4, 18, 17, 85, 11, inf, 15, 69, 15750, 155, 1, 1, 400, 495, inf, 2, 3870, 1, 1, 1, 53, 1, 139, 43, 1, 257, 1, 36, 1, 1005, 915, 42, 12, 1, 2, 3862, 1, 28, 30, 1, 1085, 4, 262, 105, 707, 1, 1, 51, 9, 452, 304, 50, 97, 11, 1, 1, 12859, 1079, 2, 4, 1, 161, inf, 100, 1557, 1, 57, 1, 1, 277, 3665, inf, 957, 1, 1, 1920, 45, 17514, 771, 2, inf]
2022-08-29 Monday 05:15:26:INFO: It completed at: 2022-08-29 05:15:26.447859
2022-08-29 Monday 05:15:26:INFO: Completed after: 22:57:30.701222
