2022-08-30 Tuesday 20:44:48:INFO: {'bug_database': 'dataset/kibana/kibana_soft_clean.json', 'database_name': 'kibana-sampled', 'epochs': 12, 'lr': 0.001, 'l2': 0.0, 'batch_size': 256, 'ranking_batch_size': 512, 'ranking_n_workers': 2, 'cuda': True, 'cache_folder': None, 'pairs_training': 'dataset/kibana/training_split_kibana_pairs_random_1.txt', 'pairs_validation': 'dataset/kibana/validation_kibana_pairs_random_1.txt', 'neg_pair_generator': {'type': 'none', 'training': None, 'rate': 1, 'pre_list_file': None, 'k': 0, 'n_tries': 0, 'preselected_length': None, 'random_anchor': True}, 'loss': 'bce', 'margin': 0, 'categorical': {'lexicons': 'dataset/kibana/categorical_lexicons.json', 'bn_last_layer': False, 'emb_size': 20, 'hidden_sizes': [40], 'dropout': 0.0, 'activation': 'relu', 'batch_normalization': False, 'layer_norm': False}, 'compare_aggregation': {'word_embedding': 'word_embedding/kibana/glove_42B_300d_kibana.npy', 'norm_word_embedding': False, 'lexicon': 'word_embedding/kibana/glove_42B_300d_kibana.lxc', 'sent_representation': None, 'tokenizer': 'white_space', 'bow': False, 'frequency': False, 'extractor': {'update_embedding': False, 'filters': ['TransformLowerCaseFilter'], 'hidden_size': 150, 'dropout': 0.0, 'layer_norm': False, 'txt_field_emb_size': 5, 'field_word_combination': 'cat', 'emb_dropout': 0.0, 'scaled_attention': True, 'model': 'linear', 'use_categorical': False, 'bidirectional': True}, 'matching': {'type': 'full', 'scaled_attention': True, 'comparison_hidden_size': 100, 'dropout': 0.0, 'residual': True, 'layer_norm': False, 'attention_hidden_size': 200, 'attention': 'dot_product', 'comparison_func': 'submult+nn'}, 'aggregate': {'model': 'lstm', 'window': [3, 4, 5], 'nfilters': 100, 'hidden_size': 150, 'dropout': 0.0, 'bidirectional': True, 'num_layers': 1, 'self_att_hidden': 50, 'layer_norm': False, 'n_hops': 20}, 'classifier': {'hidden_size': [300], 'output_act': 'sigmoid', 'hadamard_diff_textual': True, 'hadamard_diff_categorical': True, 'textual_hidden_layer': 600, 'categorical_hidden_layer': 40, 'categorical_dropout': 0.0, 'dropout': 0.0, 'only_candidate': False, 'layer_norm': False, 'batch_normalization': False}}, 'random_switch': True, 'recall_estimation_train': None, 'recall_estimation': None, 'sample_size_rr_tr': 0, 'sample_size_rr_val': 0, 'rr_val_epoch': 100, 'rr_train_epoch': 100, 'ranking_result_file': None, 'optimizer': 'adam', 'lr_scheduler': None, 'save': None, 'save_by_epoch': None, 'load': None, 'recall_rate': {'type': 'sun2011', 'dataset': 'dataset/kibana/test_kibana.txt', 'result_file': None, 'group_by_master': True, 'window': 365}, 'pair_test_dataset': None, 'rep': {'model': None, 'input': None, 'training': None, 'rate': 1, 'neg_training': 10000, 'k': 1000}, 'rr_scorer': 'general', 'seed': 903838152}
2022-08-30 Tuesday 20:44:48:INFO: It started at: 2022-08-30 20:44:48.442174
2022-08-30 Tuesday 20:44:48:INFO: Turning CUDA on
2022-08-30 Tuesday 20:44:48:INFO: Using Categorical Information.
2022-08-30 Tuesday 20:44:48:INFO: Lexicon size: 14382
2022-08-30 Tuesday 20:44:48:INFO: Word Embedding size: 300
2022-08-30 Tuesday 20:44:48:INFO: Use white space tokenizer to tokenize summary information
2022-08-30 Tuesday 20:44:48:INFO: BoW=False and TF=False
2022-08-30 Tuesday 20:44:48:INFO: Using Summary and Description information.
2022-08-30 Tuesday 20:44:48:INFO: Using BCE Loss: margin=0
2022-08-30 Tuesday 20:44:51:INFO: Not generate dynamically the negative examples.
2022-08-30 Tuesday 20:44:51:INFO: Training size: 724
2022-08-30 Tuesday 20:44:51:INFO: Validation size: 28
2022-08-30 Tuesday 20:44:51:INFO: Adam
2022-08-30 Tuesday 20:44:51:INFO: Scheduler: Constant
2022-08-30 Tuesday 20:44:51:INFO: Epoch: 1
2022-08-30 Tuesday 20:44:51:INFO: LR: 0.001
2022-08-30 Tuesday 20:44:52:INFO: {'type': 'metric', 'label': 'training_loss', 'epoch': 1, 'value': 0.6923756464410223, 'sum': 501.27996802330017, 'num_example': 724}
2022-08-30 Tuesday 20:44:52:INFO: {'type': 'metric', 'label': 'training_dist_target', 'value': (0.5174430826092293, 0.4781279590248403), 'epoch': 1}
2022-08-30 Tuesday 20:44:52:INFO: {'type': 'metric', 'label': 'training_acc', 'epoch': 1, 'value': 0.5248618784530387, 'num_correct': 380, 'num_example': 724}
2022-08-30 Tuesday 20:44:52:INFO: {'type': 'metric', 'label': 'training_precision', 'epoch': 1, 'value': 0.517578125, 'positive': 265.0, 'total': 512.0}
2022-08-30 Tuesday 20:44:52:INFO: {'type': 'metric', 'label': 'training_recall', 'epoch': 1, 'value': 0.7320442199707031, 'positive': 265.0, 'total': 362.0}
2022-08-30 Tuesday 20:44:52:INFO: {'type': 'metric', 'label': 'validation_loss', 'epoch': 1, 'value': 0.7068969011306763, 'sum': 19.793113231658936, 'num_example': 28}
2022-08-30 Tuesday 20:44:52:INFO: {'type': 'metric', 'label': 'validation_dist_target', 'value': (0.4056814398084368, 0.5905062811715263), 'epoch': 1}
2022-08-30 Tuesday 20:44:52:INFO: {'type': 'metric', 'label': 'validation_acc', 'epoch': 1, 'value': 0.5, 'num_correct': 14, 'num_example': 28}
2022-08-30 Tuesday 20:44:52:INFO: {'type': 'metric', 'label': 'validation_precision', 'epoch': 1, 'value': 0.0, 'positive': 0.0, 'total': 0.0}
2022-08-30 Tuesday 20:44:52:INFO: {'type': 'metric', 'label': 'validation_recall', 'epoch': 1, 'value': 0.0, 'positive': 0.0, 'total': 14.0}
2022-08-30 Tuesday 20:44:52:INFO: Epoch: 2
2022-08-30 Tuesday 20:44:52:INFO: LR: 0.001
2022-08-30 Tuesday 20:44:54:INFO: {'type': 'metric', 'label': 'training_loss', 'epoch': 2, 'value': 0.696489776037016, 'sum': 504.25859785079956, 'num_example': 724}
2022-08-30 Tuesday 20:44:54:INFO: {'type': 'metric', 'label': 'training_dist_target', 'value': (0.45728784634922093, 0.538055841435385), 'epoch': 2}
2022-08-30 Tuesday 20:44:54:INFO: {'type': 'metric', 'label': 'training_acc', 'epoch': 2, 'value': 0.4930939226519337, 'num_correct': 357, 'num_example': 724}
2022-08-30 Tuesday 20:44:54:INFO: {'type': 'metric', 'label': 'training_precision', 'epoch': 2, 'value': 0.4881516695022583, 'positive': 103.0, 'total': 211.0}
2022-08-30 Tuesday 20:44:54:INFO: {'type': 'metric', 'label': 'training_recall', 'epoch': 2, 'value': 0.2845304012298584, 'positive': 103.0, 'total': 362.0}
2022-08-30 Tuesday 20:44:54:INFO: {'type': 'metric', 'label': 'validation_loss', 'epoch': 2, 'value': 0.6887327432632446, 'sum': 19.28451681137085, 'num_example': 28}
2022-08-30 Tuesday 20:44:54:INFO: {'type': 'metric', 'label': 'validation_dist_target', 'value': (0.538097449711391, 0.4535491807120187), 'epoch': 2}
2022-08-30 Tuesday 20:44:54:INFO: {'type': 'metric', 'label': 'validation_acc', 'epoch': 2, 'value': 0.5, 'num_correct': 14, 'num_example': 28}
2022-08-30 Tuesday 20:44:54:INFO: {'type': 'metric', 'label': 'validation_precision', 'epoch': 2, 'value': 0.5, 'positive': 14.0, 'total': 28.0}
2022-08-30 Tuesday 20:44:54:INFO: {'type': 'metric', 'label': 'validation_recall', 'epoch': 2, 'value': 1.0, 'positive': 14.0, 'total': 14.0}
2022-08-30 Tuesday 20:44:54:INFO: Epoch: 3
2022-08-30 Tuesday 20:44:54:INFO: LR: 0.001
2022-08-30 Tuesday 20:44:55:INFO: {'type': 'metric', 'label': 'training_loss', 'epoch': 3, 'value': 0.6849493957356195, 'sum': 495.9033625125885, 'num_example': 724}
2022-08-30 Tuesday 20:44:55:INFO: {'type': 'metric', 'label': 'training_dist_target', 'value': (0.5398037104316837, 0.4471836406223023), 'epoch': 3}
2022-08-30 Tuesday 20:44:55:INFO: {'type': 'metric', 'label': 'training_acc', 'epoch': 3, 'value': 0.5027624309392266, 'num_correct': 364, 'num_example': 724}
2022-08-30 Tuesday 20:44:55:INFO: {'type': 'metric', 'label': 'training_precision', 'epoch': 3, 'value': 0.5013889074325562, 'positive': 361.0, 'total': 720.0}
2022-08-30 Tuesday 20:44:55:INFO: {'type': 'metric', 'label': 'training_recall', 'epoch': 3, 'value': 0.9972375631332397, 'positive': 361.0, 'total': 362.0}
2022-08-30 Tuesday 20:44:55:INFO: {'type': 'metric', 'label': 'validation_loss', 'epoch': 3, 'value': 0.6651308536529541, 'sum': 18.623663902282715, 'num_example': 28}
2022-08-30 Tuesday 20:44:55:INFO: {'type': 'metric', 'label': 'validation_dist_target', 'value': (0.4819072995867048, 0.4888855048588344), 'epoch': 3}
2022-08-30 Tuesday 20:44:55:INFO: {'type': 'metric', 'label': 'validation_acc', 'epoch': 3, 'value': 0.7857142857142857, 'num_correct': 22, 'num_example': 28}
2022-08-30 Tuesday 20:44:55:INFO: {'type': 'metric', 'label': 'validation_precision', 'epoch': 3, 'value': 0.8333333134651184, 'positive': 10.0, 'total': 12.0}
2022-08-30 Tuesday 20:44:55:INFO: {'type': 'metric', 'label': 'validation_recall', 'epoch': 3, 'value': 0.7142857313156128, 'positive': 10.0, 'total': 14.0}
2022-08-30 Tuesday 20:44:55:INFO: Epoch: 4
2022-08-30 Tuesday 20:44:55:INFO: LR: 0.001
2022-08-30 Tuesday 20:44:56:INFO: {'type': 'metric', 'label': 'training_loss', 'epoch': 4, 'value': 0.654980864643392, 'sum': 474.2061460018158, 'num_example': 724}
2022-08-30 Tuesday 20:44:56:INFO: {'type': 'metric', 'label': 'training_dist_target', 'value': (0.47503175261270936, 0.48270773492465363), 'epoch': 4}
2022-08-30 Tuesday 20:44:56:INFO: {'type': 'metric', 'label': 'training_acc', 'epoch': 4, 'value': 0.7113259668508287, 'num_correct': 515, 'num_example': 724}
2022-08-30 Tuesday 20:44:56:INFO: {'type': 'metric', 'label': 'training_precision', 'epoch': 4, 'value': 0.7628865838050842, 'positive': 222.0, 'total': 291.0}
2022-08-30 Tuesday 20:44:56:INFO: {'type': 'metric', 'label': 'training_recall', 'epoch': 4, 'value': 0.6132596731185913, 'positive': 222.0, 'total': 362.0}
2022-08-30 Tuesday 20:44:56:INFO: {'type': 'metric', 'label': 'validation_loss', 'epoch': 4, 'value': 0.5780547261238098, 'sum': 16.185532331466675, 'num_example': 28}
2022-08-30 Tuesday 20:44:56:INFO: {'type': 'metric', 'label': 'validation_dist_target', 'value': (0.4867219924926758, 0.37164643832615446), 'epoch': 4}
2022-08-30 Tuesday 20:44:56:INFO: {'type': 'metric', 'label': 'validation_acc', 'epoch': 4, 'value': 0.8214285714285714, 'num_correct': 23, 'num_example': 28}
2022-08-30 Tuesday 20:44:56:INFO: {'type': 'metric', 'label': 'validation_precision', 'epoch': 4, 'value': 0.7647058963775635, 'positive': 13.0, 'total': 17.0}
2022-08-30 Tuesday 20:44:56:INFO: {'type': 'metric', 'label': 'validation_recall', 'epoch': 4, 'value': 0.9285714030265808, 'positive': 13.0, 'total': 14.0}
2022-08-30 Tuesday 20:44:56:INFO: Epoch: 5
2022-08-30 Tuesday 20:44:56:INFO: LR: 0.001
2022-08-30 Tuesday 20:44:57:INFO: {'type': 'metric', 'label': 'training_loss', 'epoch': 5, 'value': 0.5538217161900431, 'sum': 400.9669225215912, 'num_example': 724}
2022-08-30 Tuesday 20:44:57:INFO: {'type': 'metric', 'label': 'training_dist_target', 'value': (0.43949992353744927, 0.37149394546424486), 'epoch': 5}
2022-08-30 Tuesday 20:44:57:INFO: {'type': 'metric', 'label': 'training_acc', 'epoch': 5, 'value': 0.7720994475138122, 'num_correct': 559, 'num_example': 724}
2022-08-30 Tuesday 20:44:57:INFO: {'type': 'metric', 'label': 'training_precision', 'epoch': 5, 'value': 0.7328605055809021, 'positive': 310.0, 'total': 423.0}
2022-08-30 Tuesday 20:44:57:INFO: {'type': 'metric', 'label': 'training_recall', 'epoch': 5, 'value': 0.8563535809516907, 'positive': 310.0, 'total': 362.0}
2022-08-30 Tuesday 20:44:57:INFO: {'type': 'metric', 'label': 'validation_loss', 'epoch': 5, 'value': 0.3649899363517761, 'sum': 10.219718217849731, 'num_example': 28}
2022-08-30 Tuesday 20:44:57:INFO: {'type': 'metric', 'label': 'validation_dist_target', 'value': (0.2098587921687535, 0.32755374908447266), 'epoch': 5}
2022-08-30 Tuesday 20:44:57:INFO: {'type': 'metric', 'label': 'validation_acc', 'epoch': 5, 'value': 0.8928571428571429, 'num_correct': 25, 'num_example': 28}
2022-08-30 Tuesday 20:44:57:INFO: {'type': 'metric', 'label': 'validation_precision', 'epoch': 5, 'value': 1.0, 'positive': 11.0, 'total': 11.0}
2022-08-30 Tuesday 20:44:57:INFO: {'type': 'metric', 'label': 'validation_recall', 'epoch': 5, 'value': 0.7857142686843872, 'positive': 11.0, 'total': 14.0}
2022-08-30 Tuesday 20:44:57:INFO: Epoch: 6
2022-08-30 Tuesday 20:44:57:INFO: LR: 0.001
2022-08-30 Tuesday 20:44:58:INFO: {'type': 'metric', 'label': 'training_loss', 'epoch': 6, 'value': 0.4393518906271919, 'sum': 318.0907688140869, 'num_example': 724}
2022-08-30 Tuesday 20:44:58:INFO: {'type': 'metric', 'label': 'training_dist_target', 'value': (0.2747390494162206, 0.26148760252894615), 'epoch': 6}
2022-08-30 Tuesday 20:44:58:INFO: {'type': 'metric', 'label': 'training_acc', 'epoch': 6, 'value': 0.8149171270718232, 'num_correct': 590, 'num_example': 724}
2022-08-30 Tuesday 20:44:58:INFO: {'type': 'metric', 'label': 'training_precision', 'epoch': 6, 'value': 0.8220338821411133, 'positive': 291.0, 'total': 354.0}
2022-08-30 Tuesday 20:44:58:INFO: {'type': 'metric', 'label': 'training_recall', 'epoch': 6, 'value': 0.8038673996925354, 'positive': 291.0, 'total': 362.0}
2022-08-30 Tuesday 20:44:58:INFO: {'type': 'metric', 'label': 'validation_loss', 'epoch': 6, 'value': 0.29665884375572205, 'sum': 8.306447625160217, 'num_example': 28}
2022-08-30 Tuesday 20:44:58:INFO: {'type': 'metric', 'label': 'validation_dist_target', 'value': (0.09185034888131278, 0.24130247320447648), 'epoch': 6}
2022-08-30 Tuesday 20:44:58:INFO: {'type': 'metric', 'label': 'validation_acc', 'epoch': 6, 'value': 0.8928571428571429, 'num_correct': 25, 'num_example': 28}
2022-08-30 Tuesday 20:44:58:INFO: {'type': 'metric', 'label': 'validation_precision', 'epoch': 6, 'value': 1.0, 'positive': 11.0, 'total': 11.0}
2022-08-30 Tuesday 20:44:58:INFO: {'type': 'metric', 'label': 'validation_recall', 'epoch': 6, 'value': 0.7857142686843872, 'positive': 11.0, 'total': 14.0}
2022-08-30 Tuesday 20:44:58:INFO: Epoch: 7
2022-08-30 Tuesday 20:44:58:INFO: LR: 0.001
2022-08-30 Tuesday 20:44:59:INFO: {'type': 'metric', 'label': 'training_loss', 'epoch': 7, 'value': 0.38427922491869215, 'sum': 278.2181588411331, 'num_example': 724}
2022-08-30 Tuesday 20:44:59:INFO: {'type': 'metric', 'label': 'training_dist_target', 'value': (0.2321793045128248, 0.19597951615054304), 'epoch': 7}
2022-08-30 Tuesday 20:44:59:INFO: {'type': 'metric', 'label': 'training_acc', 'epoch': 7, 'value': 0.8397790055248618, 'num_correct': 608, 'num_example': 724}
2022-08-30 Tuesday 20:44:59:INFO: {'type': 'metric', 'label': 'training_precision', 'epoch': 7, 'value': 0.8379120826721191, 'positive': 305.0, 'total': 364.0}
2022-08-30 Tuesday 20:44:59:INFO: {'type': 'metric', 'label': 'training_recall', 'epoch': 7, 'value': 0.8425414562225342, 'positive': 305.0, 'total': 362.0}
2022-08-30 Tuesday 20:44:59:INFO: {'type': 'metric', 'label': 'validation_loss', 'epoch': 7, 'value': 0.28319308161735535, 'sum': 7.92940628528595, 'num_example': 28}
2022-08-30 Tuesday 20:44:59:INFO: {'type': 'metric', 'label': 'validation_dist_target', 'value': (0.09492613588060651, 0.22948341710226877), 'epoch': 7}
2022-08-30 Tuesday 20:44:59:INFO: {'type': 'metric', 'label': 'validation_acc', 'epoch': 7, 'value': 0.8571428571428571, 'num_correct': 24, 'num_example': 28}
2022-08-30 Tuesday 20:44:59:INFO: {'type': 'metric', 'label': 'validation_precision', 'epoch': 7, 'value': 0.9166666865348816, 'positive': 11.0, 'total': 12.0}
2022-08-30 Tuesday 20:44:59:INFO: {'type': 'metric', 'label': 'validation_recall', 'epoch': 7, 'value': 0.7857142686843872, 'positive': 11.0, 'total': 14.0}
2022-08-30 Tuesday 20:44:59:INFO: Epoch: 8
2022-08-30 Tuesday 20:44:59:INFO: LR: 0.001
2022-08-30 Tuesday 20:45:00:INFO: {'type': 'metric', 'label': 'training_loss', 'epoch': 8, 'value': 0.34120261784416533, 'sum': 247.03069531917572, 'num_example': 724}
2022-08-30 Tuesday 20:45:00:INFO: {'type': 'metric', 'label': 'training_dist_target', 'value': (0.11239947535056435, 0.2869134081002757), 'epoch': 8}
2022-08-30 Tuesday 20:45:00:INFO: {'type': 'metric', 'label': 'training_acc', 'epoch': 8, 'value': 0.8577348066298343, 'num_correct': 621, 'num_example': 724}
2022-08-30 Tuesday 20:45:00:INFO: {'type': 'metric', 'label': 'training_precision', 'epoch': 8, 'value': 0.9608541131019592, 'positive': 270.0, 'total': 281.0}
2022-08-30 Tuesday 20:45:00:INFO: {'type': 'metric', 'label': 'training_recall', 'epoch': 8, 'value': 0.7458563446998596, 'positive': 270.0, 'total': 362.0}
2022-08-30 Tuesday 20:45:00:INFO: {'type': 'metric', 'label': 'validation_loss', 'epoch': 8, 'value': 0.3094901740550995, 'sum': 8.665724873542786, 'num_example': 28}
2022-08-30 Tuesday 20:45:00:INFO: {'type': 'metric', 'label': 'validation_dist_target', 'value': (0.23953686441693986, 0.11542800494602748), 'epoch': 8}
2022-08-30 Tuesday 20:45:00:INFO: {'type': 'metric', 'label': 'validation_acc', 'epoch': 8, 'value': 0.8928571428571429, 'num_correct': 25, 'num_example': 28}
2022-08-30 Tuesday 20:45:00:INFO: {'type': 'metric', 'label': 'validation_precision', 'epoch': 8, 'value': 0.8666666746139526, 'positive': 13.0, 'total': 15.0}
2022-08-30 Tuesday 20:45:00:INFO: {'type': 'metric', 'label': 'validation_recall', 'epoch': 8, 'value': 0.9285714030265808, 'positive': 13.0, 'total': 14.0}
2022-08-30 Tuesday 20:45:00:INFO: Epoch: 9
2022-08-30 Tuesday 20:45:00:INFO: LR: 0.001
2022-08-30 Tuesday 20:45:01:INFO: {'type': 'metric', 'label': 'training_loss', 'epoch': 9, 'value': 0.28404519999224837, 'sum': 205.64872479438782, 'num_example': 724}
2022-08-30 Tuesday 20:45:01:INFO: {'type': 'metric', 'label': 'training_dist_target', 'value': (0.24180967636529913, 0.13816712047513677), 'epoch': 9}
2022-08-30 Tuesday 20:45:01:INFO: {'type': 'metric', 'label': 'training_acc', 'epoch': 9, 'value': 0.8867403314917127, 'num_correct': 642, 'num_example': 724}
2022-08-30 Tuesday 20:45:01:INFO: {'type': 'metric', 'label': 'training_precision', 'epoch': 9, 'value': 0.8723404407501221, 'positive': 328.0, 'total': 376.0}
2022-08-30 Tuesday 20:45:01:INFO: {'type': 'metric', 'label': 'training_recall', 'epoch': 9, 'value': 0.9060773253440857, 'positive': 328.0, 'total': 362.0}
2022-08-30 Tuesday 20:45:01:INFO: {'type': 'metric', 'label': 'validation_loss', 'epoch': 9, 'value': 0.26170507073402405, 'sum': 7.327741980552673, 'num_example': 28}
2022-08-30 Tuesday 20:45:01:INFO: {'type': 'metric', 'label': 'validation_dist_target', 'value': (0.171185987336295, 0.14858722686767578), 'epoch': 9}
2022-08-30 Tuesday 20:45:01:INFO: {'type': 'metric', 'label': 'validation_acc', 'epoch': 9, 'value': 0.8571428571428571, 'num_correct': 24, 'num_example': 28}
2022-08-30 Tuesday 20:45:01:INFO: {'type': 'metric', 'label': 'validation_precision', 'epoch': 9, 'value': 0.8571428656578064, 'positive': 12.0, 'total': 14.0}
2022-08-30 Tuesday 20:45:01:INFO: {'type': 'metric', 'label': 'validation_recall', 'epoch': 9, 'value': 0.8571428656578064, 'positive': 12.0, 'total': 14.0}
2022-08-30 Tuesday 20:45:01:INFO: Epoch: 10
2022-08-30 Tuesday 20:45:01:INFO: LR: 0.001
2022-08-30 Tuesday 20:45:02:INFO: {'type': 'metric', 'label': 'training_loss', 'epoch': 10, 'value': 0.2260323837811117, 'sum': 163.64744585752487, 'num_example': 724}
2022-08-30 Tuesday 20:45:02:INFO: {'type': 'metric', 'label': 'training_dist_target', 'value': (0.1443172633977226, 0.1601557810662201), 'epoch': 10}
2022-08-30 Tuesday 20:45:02:INFO: {'type': 'metric', 'label': 'training_acc', 'epoch': 10, 'value': 0.9129834254143646, 'num_correct': 661, 'num_example': 724}
2022-08-30 Tuesday 20:45:02:INFO: {'type': 'metric', 'label': 'training_precision', 'epoch': 10, 'value': 0.9516616463661194, 'positive': 315.0, 'total': 331.0}
2022-08-30 Tuesday 20:45:02:INFO: {'type': 'metric', 'label': 'training_recall', 'epoch': 10, 'value': 0.8701657652854919, 'positive': 315.0, 'total': 362.0}
2022-08-30 Tuesday 20:45:02:INFO: {'type': 'metric', 'label': 'validation_loss', 'epoch': 10, 'value': 0.26078125834465027, 'sum': 7.3018752336502075, 'num_example': 28}
2022-08-30 Tuesday 20:45:02:INFO: {'type': 'metric', 'label': 'validation_dist_target', 'value': (0.17016032763889857, 0.10578668117523193), 'epoch': 10}
2022-08-30 Tuesday 20:45:02:INFO: {'type': 'metric', 'label': 'validation_acc', 'epoch': 10, 'value': 0.8571428571428571, 'num_correct': 24, 'num_example': 28}
2022-08-30 Tuesday 20:45:02:INFO: {'type': 'metric', 'label': 'validation_precision', 'epoch': 10, 'value': 0.8571428656578064, 'positive': 12.0, 'total': 14.0}
2022-08-30 Tuesday 20:45:02:INFO: {'type': 'metric', 'label': 'validation_recall', 'epoch': 10, 'value': 0.8571428656578064, 'positive': 12.0, 'total': 14.0}
2022-08-30 Tuesday 20:45:02:INFO: Epoch: 11
2022-08-30 Tuesday 20:45:02:INFO: LR: 0.001
2022-08-30 Tuesday 20:45:03:INFO: {'type': 'metric', 'label': 'training_loss', 'epoch': 11, 'value': 0.18671618632519443, 'sum': 135.18251889944077, 'num_example': 724}
2022-08-30 Tuesday 20:45:03:INFO: {'type': 'metric', 'label': 'training_dist_target', 'value': (0.11614572145662255, 0.11683927978599928), 'epoch': 11}
2022-08-30 Tuesday 20:45:03:INFO: {'type': 'metric', 'label': 'training_acc', 'epoch': 11, 'value': 0.9295580110497238, 'num_correct': 673, 'num_example': 724}
2022-08-30 Tuesday 20:45:03:INFO: {'type': 'metric', 'label': 'training_precision', 'epoch': 11, 'value': 0.9560117125511169, 'positive': 326.0, 'total': 341.0}
2022-08-30 Tuesday 20:45:03:INFO: {'type': 'metric', 'label': 'training_recall', 'epoch': 11, 'value': 0.90055251121521, 'positive': 326.0, 'total': 362.0}
2022-08-30 Tuesday 20:45:03:INFO: {'type': 'metric', 'label': 'validation_loss', 'epoch': 11, 'value': 0.2398114651441574, 'sum': 6.7147210240364075, 'num_example': 28}
2022-08-30 Tuesday 20:45:03:INFO: {'type': 'metric', 'label': 'validation_dist_target', 'value': (0.1441420316696167, 0.08823743888310023), 'epoch': 11}
2022-08-30 Tuesday 20:45:03:INFO: {'type': 'metric', 'label': 'validation_acc', 'epoch': 11, 'value': 0.8928571428571429, 'num_correct': 25, 'num_example': 28}
2022-08-30 Tuesday 20:45:03:INFO: {'type': 'metric', 'label': 'validation_precision', 'epoch': 11, 'value': 0.8666666746139526, 'positive': 13.0, 'total': 15.0}
2022-08-30 Tuesday 20:45:03:INFO: {'type': 'metric', 'label': 'validation_recall', 'epoch': 11, 'value': 0.9285714030265808, 'positive': 13.0, 'total': 14.0}
2022-08-30 Tuesday 20:45:03:INFO: Epoch: 12
2022-08-30 Tuesday 20:45:03:INFO: LR: 0.001
2022-08-30 Tuesday 20:45:05:INFO: {'type': 'metric', 'label': 'training_loss', 'epoch': 12, 'value': 0.15201119428181517, 'sum': 110.05610466003418, 'num_example': 724}
2022-08-30 Tuesday 20:45:05:INFO: {'type': 'metric', 'label': 'training_dist_target', 'value': (0.07985460560624771, 0.09253412057023022), 'epoch': 12}
2022-08-30 Tuesday 20:45:05:INFO: {'type': 'metric', 'label': 'training_acc', 'epoch': 12, 'value': 0.9447513812154696, 'num_correct': 684, 'num_example': 724}
2022-08-30 Tuesday 20:45:05:INFO: {'type': 'metric', 'label': 'training_precision', 'epoch': 12, 'value': 0.9680232405662537, 'positive': 333.0, 'total': 344.0}
2022-08-30 Tuesday 20:45:05:INFO: {'type': 'metric', 'label': 'training_recall', 'epoch': 12, 'value': 0.919889509677887, 'positive': 333.0, 'total': 362.0}
2022-08-30 Tuesday 20:45:05:INFO: {'type': 'metric', 'label': 'validation_loss', 'epoch': 12, 'value': 0.2383681833744049, 'sum': 6.674309134483337, 'num_example': 28}
2022-08-30 Tuesday 20:45:05:INFO: {'type': 'metric', 'label': 'validation_dist_target', 'value': (0.15887265545981272, 0.030839983906064714), 'epoch': 12}
2022-08-30 Tuesday 20:45:05:INFO: {'type': 'metric', 'label': 'validation_acc', 'epoch': 12, 'value': 0.9285714285714286, 'num_correct': 26, 'num_example': 28}
2022-08-30 Tuesday 20:45:05:INFO: {'type': 'metric', 'label': 'validation_precision', 'epoch': 12, 'value': 0.875, 'positive': 14.0, 'total': 16.0}
2022-08-30 Tuesday 20:45:05:INFO: {'type': 'metric', 'label': 'validation_recall', 'epoch': 12, 'value': 1.0, 'positive': 14.0, 'total': 14.0}
2022-08-30 Tuesday 20:45:05:INFO: Calculating recall rate: sun2011
2022-08-30 Tuesday 20:49:25:INFO: [] Throughput: 0.7062283868918608 bugs per second (bugs=184 ,seconds=260.53894662857056)
2022-08-30 Tuesday 20:49:25:INFO: {'type': 'metric', 'label': 'recall_rate', 'k': 1, 'rate': 0.2826086956521739, 'hit': 52, 'total': 184, 'epoch': 0}
2022-08-30 Tuesday 20:49:25:INFO: {'type': 'metric', 'label': 'recall_rate', 'k': 2, 'rate': 0.3804347826086957, 'hit': 70, 'total': 184, 'epoch': 0}
2022-08-30 Tuesday 20:49:25:INFO: {'type': 'metric', 'label': 'recall_rate', 'k': 3, 'rate': 0.44565217391304346, 'hit': 82, 'total': 184, 'epoch': 0}
2022-08-30 Tuesday 20:49:25:INFO: {'type': 'metric', 'label': 'recall_rate', 'k': 4, 'rate': 0.483695652173913, 'hit': 89, 'total': 184, 'epoch': 0}
2022-08-30 Tuesday 20:49:25:INFO: {'type': 'metric', 'label': 'recall_rate', 'k': 5, 'rate': 0.4945652173913043, 'hit': 91, 'total': 184, 'epoch': 0}
2022-08-30 Tuesday 20:49:25:INFO: {'type': 'metric', 'label': 'recall_rate', 'k': 6, 'rate': 0.4945652173913043, 'hit': 91, 'total': 184, 'epoch': 0}
2022-08-30 Tuesday 20:49:25:INFO: {'type': 'metric', 'label': 'recall_rate', 'k': 7, 'rate': 0.5163043478260869, 'hit': 95, 'total': 184, 'epoch': 0}
2022-08-30 Tuesday 20:49:25:INFO: {'type': 'metric', 'label': 'recall_rate', 'k': 8, 'rate': 0.5380434782608695, 'hit': 99, 'total': 184, 'epoch': 0}
2022-08-30 Tuesday 20:49:25:INFO: {'type': 'metric', 'label': 'recall_rate', 'k': 9, 'rate': 0.5489130434782609, 'hit': 101, 'total': 184, 'epoch': 0}
2022-08-30 Tuesday 20:49:25:INFO: {'type': 'metric', 'label': 'recall_rate', 'k': 10, 'rate': 0.5597826086956522, 'hit': 103, 'total': 184, 'epoch': 0}
2022-08-30 Tuesday 20:49:25:INFO: {'type': 'metric', 'label': 'recall_rate', 'k': 11, 'rate': 0.5652173913043478, 'hit': 104, 'total': 184, 'epoch': 0}
2022-08-30 Tuesday 20:49:25:INFO: {'type': 'metric', 'label': 'recall_rate', 'k': 12, 'rate': 0.5815217391304348, 'hit': 107, 'total': 184, 'epoch': 0}
2022-08-30 Tuesday 20:49:25:INFO: {'type': 'metric', 'label': 'recall_rate', 'k': 13, 'rate': 0.5815217391304348, 'hit': 107, 'total': 184, 'epoch': 0}
2022-08-30 Tuesday 20:49:25:INFO: {'type': 'metric', 'label': 'recall_rate', 'k': 14, 'rate': 0.592391304347826, 'hit': 109, 'total': 184, 'epoch': 0}
2022-08-30 Tuesday 20:49:25:INFO: {'type': 'metric', 'label': 'recall_rate', 'k': 15, 'rate': 0.592391304347826, 'hit': 109, 'total': 184, 'epoch': 0}
2022-08-30 Tuesday 20:49:25:INFO: {'type': 'metric', 'label': 'recall_rate', 'k': 16, 'rate': 0.6032608695652174, 'hit': 111, 'total': 184, 'epoch': 0}
2022-08-30 Tuesday 20:49:25:INFO: {'type': 'metric', 'label': 'recall_rate', 'k': 17, 'rate': 0.6032608695652174, 'hit': 111, 'total': 184, 'epoch': 0}
2022-08-30 Tuesday 20:49:25:INFO: {'type': 'metric', 'label': 'recall_rate', 'k': 18, 'rate': 0.6086956521739131, 'hit': 112, 'total': 184, 'epoch': 0}
2022-08-30 Tuesday 20:49:25:INFO: {'type': 'metric', 'label': 'recall_rate', 'k': 19, 'rate': 0.6086956521739131, 'hit': 112, 'total': 184, 'epoch': 0}
2022-08-30 Tuesday 20:49:25:INFO: {'type': 'metric', 'label': 'recall_rate', 'k': 20, 'rate': 0.6086956521739131, 'hit': 112, 'total': 184, 'epoch': 0}
2022-08-30 Tuesday 20:49:25:INFO: {'type': 'metric', 'label': 'MAP', 'value': 0.38066689758133515, 'sum': 70.04270915496566, 'total': 184, 'epoch': 0}
2022-08-30 Tuesday 20:49:25:INFO: [inf, 85, 12, 14, 2, 1, 2114, inf, 12, 1, 1, 16, 7, 3, 4, 3, 1, 9, 18, 2, 1, 4, 1, 3, 3, 87, 310, 10, 1, 138, 29, 12, 487, 40, 2, 1, 1, 436, 1, 44, inf, 36, 1, 1, inf, 1, 8, 1, 1769, 1, 1, 1, inf, 7, 2, 1, 1, inf, 44, 1, 1, 145, 90, 23, 2, 2, 1, 1, 8, 29, 2, 2, 1, 67, 1, 8, 73, 563, 3, 1, 3, 1, 145, 28, 1, 5, 26, 64, inf, 1, 1, 1, 250, 8, inf, 3, 11, 4, 334, 23, 2, 31, 1, 2, 210, 125, 163, 2, 2, 4, 59, 2, 1, 1, 2, 1, 2, 3, 1, 407, 28, 3, inf, 16, 10, 1, 257, 9, 165, 1, inf, 7, inf, 993, 1133, 793, 14, 3, 24, 42, inf, 4, 1203, 1, inf, 144, 1, 1, inf, 1, inf, 1, 288, 7, 1, 1, 147, 2, 123, 5, 3, 84, 25, 1, 2, 543, 1, 2, inf, 1, 77, 1, 1, inf, 3, 198, 4, inf, 4, 1, 1679, inf, 168, 1]
2022-08-30 Tuesday 20:49:25:INFO: It completed at: 2022-08-30 20:49:25.852017
2022-08-30 Tuesday 20:49:25:INFO: Completed after: 0:04:37.409843
