2022-08-27 Saturday 04:45:47:INFO: {'bug_database': 'dataset/mozilla-old/mozilla-old_soft_clean.json', 'database_name': 'mozilla-old-sampled', 'epochs': 12, 'lr': 0.001, 'l2': 0.0, 'batch_size': 256, 'ranking_batch_size': 512, 'ranking_n_workers': 2, 'cuda': True, 'cache_folder': None, 'pairs_training': 'dataset/mozilla-old/training_split_mozilla-old_pairs_random_1.txt', 'pairs_validation': 'dataset/mozilla-old/sampled_validation_mozilla-old_pairs_random_1.txt', 'neg_pair_generator': {'type': 'none', 'training': None, 'rate': 1, 'pre_list_file': None, 'k': 0, 'n_tries': 0, 'preselected_length': None, 'random_anchor': True}, 'loss': 'bce', 'margin': 0, 'categorical': {'lexicons': 'dataset/mozilla-old/categorical_lexicons.json', 'bn_last_layer': False, 'emb_size': 20, 'hidden_sizes': [40], 'dropout': 0.0, 'activation': 'relu', 'batch_normalization': False, 'layer_norm': False}, 'compare_aggregation': {'word_embedding': 'word_embedding/mozilla-old/glove_42B_300d_mozilla-old.npy', 'norm_word_embedding': False, 'lexicon': 'word_embedding/mozilla-old/glove_42B_300d_mozilla-old.lxc', 'sent_representation': None, 'tokenizer': 'white_space', 'bow': False, 'frequency': False, 'extractor': {'update_embedding': False, 'filters': ['TransformLowerCaseFilter'], 'hidden_size': 150, 'dropout': 0.0, 'layer_norm': False, 'txt_field_emb_size': 5, 'field_word_combination': 'cat', 'emb_dropout': 0.0, 'scaled_attention': True, 'model': 'linear', 'use_categorical': False, 'bidirectional': True}, 'matching': {'type': 'full', 'scaled_attention': True, 'comparison_hidden_size': 100, 'dropout': 0.0, 'residual': True, 'layer_norm': False, 'attention_hidden_size': 200, 'attention': 'dot_product', 'comparison_func': 'submult+nn'}, 'aggregate': {'model': 'lstm', 'window': [3, 4, 5], 'nfilters': 100, 'hidden_size': 150, 'dropout': 0.0, 'bidirectional': True, 'num_layers': 1, 'self_att_hidden': 50, 'layer_norm': False, 'n_hops': 20}, 'classifier': {'hidden_size': [300], 'output_act': 'sigmoid', 'hadamard_diff_textual': True, 'hadamard_diff_categorical': True, 'textual_hidden_layer': 600, 'categorical_hidden_layer': 40, 'categorical_dropout': 0.0, 'dropout': 0.0, 'only_candidate': False, 'layer_norm': False, 'batch_normalization': False}}, 'random_switch': True, 'recall_estimation_train': None, 'recall_estimation': None, 'sample_size_rr_tr': 0, 'sample_size_rr_val': 0, 'rr_val_epoch': 100, 'rr_train_epoch': 100, 'ranking_result_file': None, 'optimizer': 'adam', 'lr_scheduler': None, 'save': None, 'save_by_epoch': None, 'load': None, 'recall_rate': {'type': 'sun2011', 'dataset': 'dataset/mozilla-old/test_mozilla-old.txt', 'result_file': None, 'group_by_master': True, 'window': 365}, 'pair_test_dataset': None, 'rep': {'model': None, 'input': None, 'training': None, 'rate': 1, 'neg_training': 10000, 'k': 1000}, 'rr_scorer': 'general', 'seed': 101341600}
2022-08-27 Saturday 04:45:47:INFO: It started at: 2022-08-27 04:45:47.285636
2022-08-27 Saturday 04:46:01:INFO: Turning CUDA on
2022-08-27 Saturday 04:46:01:INFO: Using Categorical Information.
2022-08-27 Saturday 04:46:02:INFO: Lexicon size: 97236
2022-08-27 Saturday 04:46:02:INFO: Word Embedding size: 300
2022-08-27 Saturday 04:46:02:INFO: Use white space tokenizer to tokenize summary information
2022-08-27 Saturday 04:46:02:INFO: BoW=False and TF=False
2022-08-27 Saturday 04:46:02:INFO: Using Summary and Description information.
2022-08-27 Saturday 04:46:02:INFO: Using BCE Loss: margin=0
2022-08-27 Saturday 04:46:10:INFO: Not generate dynamically the negative examples.
2022-08-27 Saturday 04:46:25:INFO: Training size: 68400
2022-08-27 Saturday 04:46:25:INFO: Validation size: 2418
2022-08-27 Saturday 04:46:25:INFO: Adam
2022-08-27 Saturday 04:46:25:INFO: Scheduler: Constant
2022-08-27 Saturday 04:46:25:INFO: Epoch: 1
2022-08-27 Saturday 04:46:25:INFO: LR: 0.001
2022-08-27 Saturday 04:47:52:INFO: {'type': 'metric', 'label': 'training_loss', 'epoch': 1, 'value': 0.1669978485295647, 'sum': 11422.652839422226, 'num_example': 68400}
2022-08-27 Saturday 04:47:52:INFO: {'type': 'metric', 'label': 'training_dist_target', 'value': (0.09853468052127905, 0.100782607013022), 'epoch': 1}
2022-08-27 Saturday 04:47:52:INFO: {'type': 'metric', 'label': 'training_acc', 'epoch': 1, 'value': 0.9335964912280702, 'num_correct': 63858, 'num_example': 68400}
2022-08-27 Saturday 04:47:52:INFO: {'type': 'metric', 'label': 'training_precision', 'epoch': 1, 'value': 0.9464683532714844, 'positive': 31436.0, 'total': 33214.0}
2022-08-27 Saturday 04:47:52:INFO: {'type': 'metric', 'label': 'training_recall', 'epoch': 1, 'value': 0.9191812872886658, 'positive': 31436.0, 'total': 34200.0}
2022-08-27 Saturday 04:47:53:INFO: {'type': 'metric', 'label': 'validation_loss', 'epoch': 1, 'value': 0.17447953034620625, 'sum': 421.8915043771267, 'num_example': 2418}
2022-08-27 Saturday 04:47:53:INFO: {'type': 'metric', 'label': 'validation_dist_target', 'value': (0.11930761502930899, 0.040698620975264055), 'epoch': 1}
2022-08-27 Saturday 04:47:53:INFO: {'type': 'metric', 'label': 'validation_acc', 'epoch': 1, 'value': 0.9437551695616212, 'num_correct': 2282, 'num_example': 2418}
2022-08-27 Saturday 04:47:53:INFO: {'type': 'metric', 'label': 'validation_precision', 'epoch': 1, 'value': 0.9207842946052551, 'positive': 1174.0, 'total': 1275.0}
2022-08-27 Saturday 04:47:53:INFO: {'type': 'metric', 'label': 'validation_recall', 'epoch': 1, 'value': 0.9710504412651062, 'positive': 1174.0, 'total': 1209.0}
2022-08-27 Saturday 04:47:53:INFO: Epoch: 2
2022-08-27 Saturday 04:47:53:INFO: LR: 0.001
2022-08-27 Saturday 04:49:18:INFO: {'type': 'metric', 'label': 'training_loss', 'epoch': 2, 'value': 0.09466046764488109, 'sum': 6474.775986909866, 'num_example': 68400}
2022-08-27 Saturday 04:49:18:INFO: {'type': 'metric', 'label': 'training_dist_target', 'value': (0.05141574368839375, 0.05197606760158873), 'epoch': 2}
2022-08-27 Saturday 04:49:18:INFO: {'type': 'metric', 'label': 'training_acc', 'epoch': 2, 'value': 0.9664181286549708, 'num_correct': 66103, 'num_example': 68400}
2022-08-27 Saturday 04:49:18:INFO: {'type': 'metric', 'label': 'training_precision', 'epoch': 2, 'value': 0.9669505953788757, 'positive': 33032.0, 'total': 34161.0}
2022-08-27 Saturday 04:49:18:INFO: {'type': 'metric', 'label': 'training_recall', 'epoch': 2, 'value': 0.9658479690551758, 'positive': 33032.0, 'total': 34200.0}
2022-08-27 Saturday 04:49:19:INFO: {'type': 'metric', 'label': 'validation_loss', 'epoch': 2, 'value': 0.16028794556289197, 'sum': 387.57625237107277, 'num_example': 2418}
2022-08-27 Saturday 04:49:19:INFO: {'type': 'metric', 'label': 'validation_dist_target', 'value': (0.08715711416933929, 0.05610227584838867), 'epoch': 2}
2022-08-27 Saturday 04:49:19:INFO: {'type': 'metric', 'label': 'validation_acc', 'epoch': 2, 'value': 0.9520264681555004, 'num_correct': 2302, 'num_example': 2418}
2022-08-27 Saturday 04:49:19:INFO: {'type': 'metric', 'label': 'validation_precision', 'epoch': 2, 'value': 0.9439480304718018, 'positive': 1162.0, 'total': 1231.0}
2022-08-27 Saturday 04:49:19:INFO: {'type': 'metric', 'label': 'validation_recall', 'epoch': 2, 'value': 0.9611248970031738, 'positive': 1162.0, 'total': 1209.0}
2022-08-27 Saturday 04:49:19:INFO: Epoch: 3
2022-08-27 Saturday 04:49:19:INFO: LR: 0.001
2022-08-27 Saturday 04:50:44:INFO: {'type': 'metric', 'label': 'training_loss', 'epoch': 3, 'value': 0.07407594475481245, 'sum': 5066.794621229172, 'num_example': 68400}
2022-08-27 Saturday 04:50:44:INFO: {'type': 'metric', 'label': 'training_dist_target', 'value': (0.04017828309309413, 0.04039401428044191), 'epoch': 3}
2022-08-27 Saturday 04:50:44:INFO: {'type': 'metric', 'label': 'training_acc', 'epoch': 3, 'value': 0.9743421052631579, 'num_correct': 66645, 'num_example': 68400}
2022-08-27 Saturday 04:50:44:INFO: {'type': 'metric', 'label': 'training_precision', 'epoch': 3, 'value': 0.9740509986877441, 'positive': 33333.0, 'total': 34221.0}
2022-08-27 Saturday 04:50:44:INFO: {'type': 'metric', 'label': 'training_recall', 'epoch': 3, 'value': 0.9746491312980652, 'positive': 33333.0, 'total': 34200.0}
2022-08-27 Saturday 04:50:45:INFO: {'type': 'metric', 'label': 'validation_loss', 'epoch': 3, 'value': 0.16566844970431577, 'sum': 400.5863113850355, 'num_example': 2418}
2022-08-27 Saturday 04:50:45:INFO: {'type': 'metric', 'label': 'validation_dist_target', 'value': (0.06326125731046187, 0.052269287006829375), 'epoch': 3}
2022-08-27 Saturday 04:50:45:INFO: {'type': 'metric', 'label': 'validation_acc', 'epoch': 3, 'value': 0.9528535980148883, 'num_correct': 2304, 'num_example': 2418}
2022-08-27 Saturday 04:50:45:INFO: {'type': 'metric', 'label': 'validation_precision', 'epoch': 3, 'value': 0.9484029412269592, 'positive': 1158.0, 'total': 1221.0}
2022-08-27 Saturday 04:50:45:INFO: {'type': 'metric', 'label': 'validation_recall', 'epoch': 3, 'value': 0.9578163623809814, 'positive': 1158.0, 'total': 1209.0}
2022-08-27 Saturday 04:50:45:INFO: Epoch: 4
2022-08-27 Saturday 04:50:45:INFO: LR: 0.001
2022-08-27 Saturday 04:52:10:INFO: {'type': 'metric', 'label': 'training_loss', 'epoch': 4, 'value': 0.05851600219370329, 'sum': 4002.494550049305, 'num_example': 68400}
2022-08-27 Saturday 04:52:10:INFO: {'type': 'metric', 'label': 'training_dist_target', 'value': (0.031220644034488855, 0.03157693264602918), 'epoch': 4}
2022-08-27 Saturday 04:52:10:INFO: {'type': 'metric', 'label': 'training_acc', 'epoch': 4, 'value': 0.9800584795321637, 'num_correct': 67036, 'num_example': 68400}
2022-08-27 Saturday 04:52:10:INFO: {'type': 'metric', 'label': 'training_precision', 'epoch': 4, 'value': 0.9791897535324097, 'positive': 33549.0, 'total': 34262.0}
2022-08-27 Saturday 04:52:10:INFO: {'type': 'metric', 'label': 'training_recall', 'epoch': 4, 'value': 0.9809648990631104, 'positive': 33549.0, 'total': 34200.0}
2022-08-27 Saturday 04:52:11:INFO: {'type': 'metric', 'label': 'validation_loss', 'epoch': 4, 'value': 0.16904446483890906, 'sum': 408.7495159804821, 'num_example': 2418}
2022-08-27 Saturday 04:52:11:INFO: {'type': 'metric', 'label': 'validation_dist_target', 'value': (0.07523224706783878, 0.04566336900759966), 'epoch': 4}
2022-08-27 Saturday 04:52:11:INFO: {'type': 'metric', 'label': 'validation_acc', 'epoch': 4, 'value': 0.9524400330851944, 'num_correct': 2303, 'num_example': 2418}
2022-08-27 Saturday 04:52:11:INFO: {'type': 'metric', 'label': 'validation_precision', 'epoch': 4, 'value': 0.9411290287971497, 'positive': 1167.0, 'total': 1240.0}
2022-08-27 Saturday 04:52:11:INFO: {'type': 'metric', 'label': 'validation_recall', 'epoch': 4, 'value': 0.9652605652809143, 'positive': 1167.0, 'total': 1209.0}
2022-08-27 Saturday 04:52:11:INFO: Epoch: 5
2022-08-27 Saturday 04:52:11:INFO: LR: 0.001
2022-08-27 Saturday 04:53:36:INFO: {'type': 'metric', 'label': 'training_loss', 'epoch': 5, 'value': 0.04545425169736321, 'sum': 3109.0708160996437, 'num_example': 68400}
2022-08-27 Saturday 04:53:37:INFO: {'type': 'metric', 'label': 'training_dist_target', 'value': (0.024024431491325125, 0.024270738624689873), 'epoch': 5}
2022-08-27 Saturday 04:53:37:INFO: {'type': 'metric', 'label': 'training_acc', 'epoch': 5, 'value': 0.9847514619883041, 'num_correct': 67357, 'num_example': 68400}
2022-08-27 Saturday 04:53:37:INFO: {'type': 'metric', 'label': 'training_precision', 'epoch': 5, 'value': 0.9833241105079651, 'positive': 33729.0, 'total': 34301.0}
2022-08-27 Saturday 04:53:37:INFO: {'type': 'metric', 'label': 'training_recall', 'epoch': 5, 'value': 0.9862280488014221, 'positive': 33729.0, 'total': 34200.0}
2022-08-27 Saturday 04:53:37:INFO: {'type': 'metric', 'label': 'validation_loss', 'epoch': 5, 'value': 0.19112019492290155, 'sum': 462.128631323576, 'num_example': 2418}
2022-08-27 Saturday 04:53:37:INFO: {'type': 'metric', 'label': 'validation_dist_target', 'value': (0.06870574769745, 0.04812828857510222), 'epoch': 5}
2022-08-27 Saturday 04:53:37:INFO: {'type': 'metric', 'label': 'validation_acc', 'epoch': 5, 'value': 0.9470636889991728, 'num_correct': 2290, 'num_example': 2418}
2022-08-27 Saturday 04:53:37:INFO: {'type': 'metric', 'label': 'validation_precision', 'epoch': 5, 'value': 0.9383617043495178, 'positive': 1157.0, 'total': 1233.0}
2022-08-27 Saturday 04:53:37:INFO: {'type': 'metric', 'label': 'validation_recall', 'epoch': 5, 'value': 0.9569892287254333, 'positive': 1157.0, 'total': 1209.0}
2022-08-27 Saturday 04:53:37:INFO: Epoch: 6
2022-08-27 Saturday 04:53:37:INFO: LR: 0.001
2022-08-27 Saturday 04:55:03:INFO: {'type': 'metric', 'label': 'training_loss', 'epoch': 6, 'value': 0.03215659840849408, 'sum': 2199.511331140995, 'num_example': 68400}
2022-08-27 Saturday 04:55:03:INFO: {'type': 'metric', 'label': 'training_dist_target', 'value': (0.016852807839624367, 0.017034971816846503), 'epoch': 6}
2022-08-27 Saturday 04:55:03:INFO: {'type': 'metric', 'label': 'training_acc', 'epoch': 6, 'value': 0.9893567251461989, 'num_correct': 67672, 'num_example': 68400}
2022-08-27 Saturday 04:55:03:INFO: {'type': 'metric', 'label': 'training_precision', 'epoch': 6, 'value': 0.9883286356925964, 'positive': 33872.0, 'total': 34272.0}
2022-08-27 Saturday 04:55:03:INFO: {'type': 'metric', 'label': 'training_recall', 'epoch': 6, 'value': 0.9904093742370605, 'positive': 33872.0, 'total': 34200.0}
2022-08-27 Saturday 04:55:03:INFO: {'type': 'metric', 'label': 'validation_loss', 'epoch': 6, 'value': 0.19251754147834874, 'sum': 465.5074152946472, 'num_example': 2418}
2022-08-27 Saturday 04:55:03:INFO: {'type': 'metric', 'label': 'validation_dist_target', 'value': (0.07056179403568517, 0.040600944492223345), 'epoch': 6}
2022-08-27 Saturday 04:55:03:INFO: {'type': 'metric', 'label': 'validation_acc', 'epoch': 6, 'value': 0.9503722084367245, 'num_correct': 2298, 'num_example': 2418}
2022-08-27 Saturday 04:55:03:INFO: {'type': 'metric', 'label': 'validation_precision', 'epoch': 6, 'value': 0.9366479516029358, 'positive': 1168.0, 'total': 1247.0}
2022-08-27 Saturday 04:55:03:INFO: {'type': 'metric', 'label': 'validation_recall', 'epoch': 6, 'value': 0.9660876989364624, 'positive': 1168.0, 'total': 1209.0}
2022-08-27 Saturday 04:55:03:INFO: Epoch: 7
2022-08-27 Saturday 04:55:03:INFO: LR: 0.001
2022-08-27 Saturday 04:56:29:INFO: {'type': 'metric', 'label': 'training_loss', 'epoch': 7, 'value': 0.027998362917300554, 'sum': 1915.0880235433578, 'num_example': 68400}
2022-08-27 Saturday 04:56:29:INFO: {'type': 'metric', 'label': 'training_dist_target', 'value': (0.014743327034680903, 0.014764999616564366), 'epoch': 7}
2022-08-27 Saturday 04:56:29:INFO: {'type': 'metric', 'label': 'training_acc', 'epoch': 7, 'value': 0.990453216374269, 'num_correct': 67747, 'num_example': 68400}
2022-08-27 Saturday 04:56:29:INFO: {'type': 'metric', 'label': 'training_precision', 'epoch': 7, 'value': 0.9890090823173523, 'positive': 33924.0, 'total': 34301.0}
2022-08-27 Saturday 04:56:29:INFO: {'type': 'metric', 'label': 'training_recall', 'epoch': 7, 'value': 0.991929829120636, 'positive': 33924.0, 'total': 34200.0}
2022-08-27 Saturday 04:56:30:INFO: {'type': 'metric', 'label': 'validation_loss', 'epoch': 7, 'value': 0.19743818680642555, 'sum': 477.405535697937, 'num_example': 2418}
2022-08-27 Saturday 04:56:30:INFO: {'type': 'metric', 'label': 'validation_dist_target', 'value': (0.05665800431427431, 0.0545896111291928), 'epoch': 7}
2022-08-27 Saturday 04:56:30:INFO: {'type': 'metric', 'label': 'validation_acc', 'epoch': 7, 'value': 0.9503722084367245, 'num_correct': 2298, 'num_example': 2418}
2022-08-27 Saturday 04:56:30:INFO: {'type': 'metric', 'label': 'validation_precision', 'epoch': 7, 'value': 0.9474116563796997, 'positive': 1153.0, 'total': 1217.0}
2022-08-27 Saturday 04:56:30:INFO: {'type': 'metric', 'label': 'validation_recall', 'epoch': 7, 'value': 0.9536807537078857, 'positive': 1153.0, 'total': 1209.0}
2022-08-27 Saturday 04:56:30:INFO: Epoch: 8
2022-08-27 Saturday 04:56:30:INFO: LR: 0.001
2022-08-27 Saturday 04:57:56:INFO: {'type': 'metric', 'label': 'training_loss', 'epoch': 8, 'value': 0.01927831697185137, 'sum': 1318.6368808746338, 'num_example': 68400}
2022-08-27 Saturday 04:57:56:INFO: {'type': 'metric', 'label': 'training_dist_target', 'value': (0.01008325610806817, 0.010242952864769606), 'epoch': 8}
2022-08-27 Saturday 04:57:56:INFO: {'type': 'metric', 'label': 'training_acc', 'epoch': 8, 'value': 0.9936988304093567, 'num_correct': 67969, 'num_example': 68400}
2022-08-27 Saturday 04:57:56:INFO: {'type': 'metric', 'label': 'training_precision', 'epoch': 8, 'value': 0.9925610423088074, 'positive': 34024.0, 'total': 34279.0}
2022-08-27 Saturday 04:57:56:INFO: {'type': 'metric', 'label': 'training_recall', 'epoch': 8, 'value': 0.9948537945747375, 'positive': 34024.0, 'total': 34200.0}
2022-08-27 Saturday 04:57:57:INFO: {'type': 'metric', 'label': 'validation_loss', 'epoch': 8, 'value': 0.26830014248738315, 'sum': 648.7497445344925, 'num_example': 2418}
2022-08-27 Saturday 04:57:57:INFO: {'type': 'metric', 'label': 'validation_dist_target', 'value': (0.046723387870441495, 0.06849830696856907), 'epoch': 8}
2022-08-27 Saturday 04:57:57:INFO: {'type': 'metric', 'label': 'validation_acc', 'epoch': 8, 'value': 0.9466501240694789, 'num_correct': 2289, 'num_example': 2418}
2022-08-27 Saturday 04:57:57:INFO: {'type': 'metric', 'label': 'validation_precision', 'epoch': 8, 'value': 0.9553119540214539, 'positive': 1133.0, 'total': 1186.0}
2022-08-27 Saturday 04:57:57:INFO: {'type': 'metric', 'label': 'validation_recall', 'epoch': 8, 'value': 0.9371381402015686, 'positive': 1133.0, 'total': 1209.0}
2022-08-27 Saturday 04:57:57:INFO: Epoch: 9
2022-08-27 Saturday 04:57:57:INFO: LR: 0.001
2022-08-27 Saturday 04:59:23:INFO: {'type': 'metric', 'label': 'training_loss', 'epoch': 9, 'value': 0.01573104903499503, 'sum': 1076.0037539936602, 'num_example': 68400}
2022-08-27 Saturday 04:59:23:INFO: {'type': 'metric', 'label': 'training_dist_target', 'value': (0.008450075159372206, 0.008363568218130814), 'epoch': 9}
2022-08-27 Saturday 04:59:23:INFO: {'type': 'metric', 'label': 'training_acc', 'epoch': 9, 'value': 0.9947222222222222, 'num_correct': 68039, 'num_example': 68400}
2022-08-27 Saturday 04:59:23:INFO: {'type': 'metric', 'label': 'training_precision', 'epoch': 9, 'value': 0.993870198726654, 'positive': 34049.0, 'total': 34259.0}
2022-08-27 Saturday 04:59:23:INFO: {'type': 'metric', 'label': 'training_recall', 'epoch': 9, 'value': 0.9955847859382629, 'positive': 34049.0, 'total': 34200.0}
2022-08-27 Saturday 04:59:24:INFO: {'type': 'metric', 'label': 'validation_loss', 'epoch': 9, 'value': 0.28850856756774523, 'sum': 697.613716378808, 'num_example': 2418}
2022-08-27 Saturday 04:59:24:INFO: {'type': 'metric', 'label': 'validation_dist_target', 'value': (0.054429087193175914, 0.052187890430636596), 'epoch': 9}
2022-08-27 Saturday 04:59:24:INFO: {'type': 'metric', 'label': 'validation_acc', 'epoch': 9, 'value': 0.9491315136476427, 'num_correct': 2295, 'num_example': 2418}
2022-08-27 Saturday 04:59:24:INFO: {'type': 'metric', 'label': 'validation_precision', 'epoch': 9, 'value': 0.9458128213882446, 'positive': 1152.0, 'total': 1218.0}
2022-08-27 Saturday 04:59:24:INFO: {'type': 'metric', 'label': 'validation_recall', 'epoch': 9, 'value': 0.9528536200523376, 'positive': 1152.0, 'total': 1209.0}
2022-08-27 Saturday 04:59:24:INFO: Epoch: 10
2022-08-27 Saturday 04:59:24:INFO: LR: 0.001
2022-08-27 Saturday 05:00:50:INFO: {'type': 'metric', 'label': 'training_loss', 'epoch': 10, 'value': 0.013348971023197062, 'sum': 913.0696179866791, 'num_example': 68400}
2022-08-27 Saturday 05:00:50:INFO: {'type': 'metric', 'label': 'training_dist_target', 'value': (0.007059826847242072, 0.007160714247770476), 'epoch': 10}
2022-08-27 Saturday 05:00:50:INFO: {'type': 'metric', 'label': 'training_acc', 'epoch': 10, 'value': 0.9953654970760234, 'num_correct': 68083, 'num_example': 68400}
2022-08-27 Saturday 05:00:50:INFO: {'type': 'metric', 'label': 'training_precision', 'epoch': 10, 'value': 0.9946278929710388, 'positive': 34067.0, 'total': 34251.0}
2022-08-27 Saturday 05:00:50:INFO: {'type': 'metric', 'label': 'training_recall', 'epoch': 10, 'value': 0.9961110949516296, 'positive': 34067.0, 'total': 34200.0}
2022-08-27 Saturday 05:00:52:INFO: {'type': 'metric', 'label': 'validation_loss', 'epoch': 10, 'value': 0.3015776997612369, 'sum': 729.2148780226707, 'num_example': 2418}
2022-08-27 Saturday 05:00:52:INFO: {'type': 'metric', 'label': 'validation_dist_target', 'value': (0.05902563924134714, 0.04760277537494972), 'epoch': 10}
2022-08-27 Saturday 05:00:52:INFO: {'type': 'metric', 'label': 'validation_acc', 'epoch': 10, 'value': 0.9495450785773366, 'num_correct': 2296, 'num_example': 2418}
2022-08-27 Saturday 05:00:52:INFO: {'type': 'metric', 'label': 'validation_precision', 'epoch': 10, 'value': 0.9443989992141724, 'positive': 1155.0, 'total': 1223.0}
2022-08-27 Saturday 05:00:52:INFO: {'type': 'metric', 'label': 'validation_recall', 'epoch': 10, 'value': 0.9553349614143372, 'positive': 1155.0, 'total': 1209.0}
2022-08-27 Saturday 05:00:52:INFO: Epoch: 11
2022-08-27 Saturday 05:00:52:INFO: LR: 0.001
2022-08-27 Saturday 05:02:17:INFO: {'type': 'metric', 'label': 'training_loss', 'epoch': 11, 'value': 0.01027297841188939, 'sum': 702.6717233732343, 'num_example': 68400}
2022-08-27 Saturday 05:02:17:INFO: {'type': 'metric', 'label': 'training_dist_target', 'value': (0.005624600665394301, 0.0055861122095794006), 'epoch': 11}
2022-08-27 Saturday 05:02:17:INFO: {'type': 'metric', 'label': 'training_acc', 'epoch': 11, 'value': 0.9963011695906433, 'num_correct': 68147, 'num_example': 68400}
2022-08-27 Saturday 05:02:17:INFO: {'type': 'metric', 'label': 'training_precision', 'epoch': 11, 'value': 0.9959386587142944, 'positive': 34086.0, 'total': 34225.0}
2022-08-27 Saturday 05:02:17:INFO: {'type': 'metric', 'label': 'training_recall', 'epoch': 11, 'value': 0.996666669845581, 'positive': 34086.0, 'total': 34200.0}
2022-08-27 Saturday 05:02:18:INFO: {'type': 'metric', 'label': 'validation_loss', 'epoch': 11, 'value': 0.37445562868398313, 'sum': 905.4337101578712, 'num_example': 2418}
2022-08-27 Saturday 05:02:18:INFO: {'type': 'metric', 'label': 'validation_dist_target', 'value': (0.05063161325415271, 0.054903765371557695), 'epoch': 11}
2022-08-27 Saturday 05:02:18:INFO: {'type': 'metric', 'label': 'validation_acc', 'epoch': 11, 'value': 0.9499586435070306, 'num_correct': 2297, 'num_example': 2418}
2022-08-27 Saturday 05:02:18:INFO: {'type': 'metric', 'label': 'validation_precision', 'epoch': 11, 'value': 0.95333331823349, 'positive': 1144.0, 'total': 1200.0}
2022-08-27 Saturday 05:02:18:INFO: {'type': 'metric', 'label': 'validation_recall', 'epoch': 11, 'value': 0.9462365508079529, 'positive': 1144.0, 'total': 1209.0}
2022-08-27 Saturday 05:02:18:INFO: Epoch: 12
2022-08-27 Saturday 05:02:18:INFO: LR: 0.001
2022-08-27 Saturday 05:03:44:INFO: {'type': 'metric', 'label': 'training_loss', 'epoch': 12, 'value': 0.010871056796198613, 'sum': 743.5802848599851, 'num_example': 68400}
2022-08-27 Saturday 05:03:44:INFO: {'type': 'metric', 'label': 'training_dist_target', 'value': (0.005762165317742313, 0.00586079937847037), 'epoch': 12}
2022-08-27 Saturday 05:03:44:INFO: {'type': 'metric', 'label': 'training_acc', 'epoch': 12, 'value': 0.9958333333333333, 'num_correct': 68115, 'num_example': 68400}
2022-08-27 Saturday 05:03:44:INFO: {'type': 'metric', 'label': 'training_precision', 'epoch': 12, 'value': 0.9955580234527588, 'positive': 34067.0, 'total': 34219.0}
2022-08-27 Saturday 05:03:44:INFO: {'type': 'metric', 'label': 'training_recall', 'epoch': 12, 'value': 0.9961110949516296, 'positive': 34067.0, 'total': 34200.0}
2022-08-27 Saturday 05:03:45:INFO: {'type': 'metric', 'label': 'validation_loss', 'epoch': 12, 'value': 0.26920052455711996, 'sum': 650.9268683791161, 'num_example': 2418}
2022-08-27 Saturday 05:03:45:INFO: {'type': 'metric', 'label': 'validation_dist_target', 'value': (0.051380792070361975, 0.062135228250912146), 'epoch': 12}
2022-08-27 Saturday 05:03:45:INFO: {'type': 'metric', 'label': 'validation_acc', 'epoch': 12, 'value': 0.944995864350703, 'num_correct': 2285, 'num_example': 2418}
2022-08-27 Saturday 05:03:45:INFO: {'type': 'metric', 'label': 'validation_precision', 'epoch': 12, 'value': 0.9498327970504761, 'positive': 1136.0, 'total': 1196.0}
2022-08-27 Saturday 05:03:45:INFO: {'type': 'metric', 'label': 'validation_recall', 'epoch': 12, 'value': 0.9396195411682129, 'positive': 1136.0, 'total': 1209.0}
2022-08-27 Saturday 05:03:45:INFO: Calculating recall rate: sun2011
2022-08-27 Saturday 07:57:22:INFO: RR calculation - 500 duplicate reports were processed
2022-08-27 Saturday 10:15:21:INFO: RR calculation - 1000 duplicate reports were processed
2022-08-27 Saturday 12:42:20:INFO: RR calculation - 1500 duplicate reports were processed
2022-08-27 Saturday 15:03:22:INFO: RR calculation - 2000 duplicate reports were processed
2022-08-27 Saturday 17:37:26:INFO: RR calculation - 2500 duplicate reports were processed
2022-08-27 Saturday 20:17:44:INFO: RR calculation - 3000 duplicate reports were processed
2022-08-27 Saturday 22:56:08:INFO: RR calculation - 3500 duplicate reports were processed
2022-08-28 Sunday 01:26:59:INFO: RR calculation - 4000 duplicate reports were processed
2022-08-28 Sunday 03:58:47:INFO: RR calculation - 4500 duplicate reports were processed
2022-08-28 Sunday 06:28:18:INFO: RR calculation - 5000 duplicate reports were processed
2022-08-28 Sunday 08:59:36:INFO: RR calculation - 5500 duplicate reports were processed
2022-08-28 Sunday 11:52:47:INFO: RR calculation - 6000 duplicate reports were processed
2022-08-28 Sunday 14:45:14:INFO: RR calculation - 6500 duplicate reports were processed
2022-08-28 Sunday 17:38:27:INFO: RR calculation - 7000 duplicate reports were processed
2022-08-28 Sunday 20:26:55:INFO: RR calculation - 7500 duplicate reports were processed
2022-08-28 Sunday 23:02:37:INFO: RR calculation - 8000 duplicate reports were processed
2022-08-29 Monday 01:35:00:INFO: RR calculation - 8500 duplicate reports were processed
2022-08-29 Monday 04:26:07:INFO: RR calculation - 9000 duplicate reports were processed
2022-08-29 Monday 07:27:05:INFO: RR calculation - 9500 duplicate reports were processed
2022-08-29 Monday 10:22:13:INFO: RR calculation - 10000 duplicate reports were processed
2022-08-29 Monday 13:26:48:INFO: RR calculation - 10500 duplicate reports were processed
2022-08-29 Monday 16:33:07:INFO: RR calculation - 11000 duplicate reports were processed
2022-08-29 Monday 19:33:13:INFO: RR calculation - 11500 duplicate reports were processed
2022-08-29 Monday 22:26:29:INFO: RR calculation - 12000 duplicate reports were processed
2022-08-30 Tuesday 01:39:04:INFO: RR calculation - 12500 duplicate reports were processed
2022-08-30 Tuesday 04:58:57:INFO: RR calculation - 13000 duplicate reports were processed
2022-08-30 Tuesday 08:17:42:INFO: RR calculation - 13500 duplicate reports were processed
2022-08-30 Tuesday 10:32:35:INFO: [] Throughput: 0.04964940321266413 bugs per second (bugs=13848 ,seconds=278915.7392423153)
2022-08-30 Tuesday 10:32:35:INFO: {'type': 'metric', 'label': 'recall_rate', 'k': 1, 'rate': 0.1231946851530907, 'hit': 1706, 'total': 13848, 'epoch': 0}
2022-08-30 Tuesday 10:32:35:INFO: {'type': 'metric', 'label': 'recall_rate', 'k': 2, 'rate': 0.19858463316002312, 'hit': 2750, 'total': 13848, 'epoch': 0}
2022-08-30 Tuesday 10:32:35:INFO: {'type': 'metric', 'label': 'recall_rate', 'k': 3, 'rate': 0.25064991334488734, 'hit': 3471, 'total': 13848, 'epoch': 0}
2022-08-30 Tuesday 10:32:35:INFO: {'type': 'metric', 'label': 'recall_rate', 'k': 4, 'rate': 0.29267764298093585, 'hit': 4053, 'total': 13848, 'epoch': 0}
2022-08-30 Tuesday 10:32:35:INFO: {'type': 'metric', 'label': 'recall_rate', 'k': 5, 'rate': 0.3230791450028885, 'hit': 4474, 'total': 13848, 'epoch': 0}
2022-08-30 Tuesday 10:32:35:INFO: {'type': 'metric', 'label': 'recall_rate', 'k': 6, 'rate': 0.34510398613518195, 'hit': 4779, 'total': 13848, 'epoch': 0}
2022-08-30 Tuesday 10:32:35:INFO: {'type': 'metric', 'label': 'recall_rate', 'k': 7, 'rate': 0.3663344887348354, 'hit': 5073, 'total': 13848, 'epoch': 0}
2022-08-30 Tuesday 10:32:35:INFO: {'type': 'metric', 'label': 'recall_rate', 'k': 8, 'rate': 0.3856152512998267, 'hit': 5340, 'total': 13848, 'epoch': 0}
2022-08-30 Tuesday 10:32:35:INFO: {'type': 'metric', 'label': 'recall_rate', 'k': 9, 'rate': 0.4038128249566724, 'hit': 5592, 'total': 13848, 'epoch': 0}
2022-08-30 Tuesday 10:32:35:INFO: {'type': 'metric', 'label': 'recall_rate', 'k': 10, 'rate': 0.41746100519930673, 'hit': 5781, 'total': 13848, 'epoch': 0}
2022-08-30 Tuesday 10:32:35:INFO: {'type': 'metric', 'label': 'recall_rate', 'k': 11, 'rate': 0.43197573656845756, 'hit': 5982, 'total': 13848, 'epoch': 0}
2022-08-30 Tuesday 10:32:35:INFO: {'type': 'metric', 'label': 'recall_rate', 'k': 12, 'rate': 0.44403523974581166, 'hit': 6149, 'total': 13848, 'epoch': 0}
2022-08-30 Tuesday 10:32:35:INFO: {'type': 'metric', 'label': 'recall_rate', 'k': 13, 'rate': 0.45537261698440207, 'hit': 6306, 'total': 13848, 'epoch': 0}
2022-08-30 Tuesday 10:32:35:INFO: {'type': 'metric', 'label': 'recall_rate', 'k': 14, 'rate': 0.46634893125361065, 'hit': 6458, 'total': 13848, 'epoch': 0}
2022-08-30 Tuesday 10:32:35:INFO: {'type': 'metric', 'label': 'recall_rate', 'k': 15, 'rate': 0.47508665511265163, 'hit': 6579, 'total': 13848, 'epoch': 0}
2022-08-30 Tuesday 10:32:35:INFO: {'type': 'metric', 'label': 'recall_rate', 'k': 16, 'rate': 0.48447429231658, 'hit': 6709, 'total': 13848, 'epoch': 0}
2022-08-30 Tuesday 10:32:35:INFO: {'type': 'metric', 'label': 'recall_rate', 'k': 17, 'rate': 0.4921288272674754, 'hit': 6815, 'total': 13848, 'epoch': 0}
2022-08-30 Tuesday 10:32:35:INFO: {'type': 'metric', 'label': 'recall_rate', 'k': 18, 'rate': 0.5006499133448874, 'hit': 6933, 'total': 13848, 'epoch': 0}
2022-08-30 Tuesday 10:32:35:INFO: {'type': 'metric', 'label': 'recall_rate', 'k': 19, 'rate': 0.5084488734835355, 'hit': 7041, 'total': 13848, 'epoch': 0}
2022-08-30 Tuesday 10:32:35:INFO: {'type': 'metric', 'label': 'recall_rate', 'k': 20, 'rate': 0.514948006932409, 'hit': 7131, 'total': 13848, 'epoch': 0}
2022-08-30 Tuesday 10:32:35:INFO: {'type': 'metric', 'label': 'MAP', 'value': 0.21979074972060883, 'sum': 3043.662302130991, 'total': 13848, 'epoch': 0}
2022-08-30 Tuesday 10:32:35:INFO: [3, 12, 164, 48, 3, 46, 21, 14, 2, 15941, 5, 14, 11, 1, 267, 5, 1, 5, 6666, 5, 6, 1, 1, 12, 3, 1, 45, 43, inf, 788, 12, 1, 3, 9, 3, 1, 1, 3, 4, 13, 2, 10, 55, 128, 23, 68, 2599, 4, 172, 1, 2, inf, 165, 7, 3, 400, 32, 46, 34, 3, 3, 3, 657, 4, 25, inf, 4, 28, 153, 1, inf, 11, 4, 14, inf, 33, 2, 140, 981, 843, 7, inf, inf, 64, 5, 3, 14, 671, 408, inf, 139, 2, 4, 30, 81, 73, 1, 121, 1, 106, 26, 10, inf, 17, 1, 1, inf, 57, inf, 3, 1, 362, 245, inf, 23, 1, 163, 26, 1, 171, 59, 493, 534, 4, 73, 183, 3903, 3, 1, 2135, 18, 3, 28, 6597, 10, 174, 9, 13, inf, 5, 41, 5041, 2, 4082, 18, 137, 5, 19, 9, 5182, 61, 548, 24, 3, 1392, 28, 117, 3, 901, 1, 1, 843, 12, 10, 62, 36, 2, 10, 677, 18, 1, 16, 1, 11, 67, 28, 2, 3, 41, 117, 186, inf, 4, 2, 2, 2335, 16, 634, 281, 1, 192, 23, 391, 20, 2, 2, 195, 15, 3, 1, 48, inf, 2, 300, 62, 1, 3, 34, 29, 3, 10, 2387, 4, 14, 1513, 24, 126, 13, 13759, 57, 279, 6, inf, 51, 2, 267, 6, 5, 100, 13, 320, 49, 48, 11, 13, 135, 153, 2, 60, 105, 3, 32, 546, 4, 10, 1, 2968, 3, 1, 12, 4, 1, 7, 28, 114, 1, 1, 11, 3, inf, 123, 11, 17, 14, 1653, 2, 17, 36, 13, inf, 28, 11, 1147, 21, 3163, 12, 272, 1, 3, 5, 33, 2408, 1308, 35, 686, inf, 3, 6, 2, 11, 5, 1, 2, 1, 148, 5, 5, 44, 1, 4, 3, 2, inf, 1, 1, 1, 70, 78, 47, 7, 367, 55, 2, 34, 45, 31, inf, 22, 40, 4737, 1, inf, 1, 6, 46, 601, 2, 63, 638, 143, 103, 1, 2, 10, 2, 2, 3, 5488, 18, 6, 11, inf, 9, 31, 2, 11, 734, 1, 24, 1, 2, 8, inf, 29, 5, 16194, 1, 19, 24, 319, inf, 5400, 1, 28333, 2434, 3, 7, 241, 2, 7, 7, 73, 1, 36, 45, 2, 1, 74, 13, 1265, 8, 1, 3, 1093, 1732, 107, 91, 335, 538, 2, 1, 1, 81, 1, inf, inf, 337, 6, 764, 5, 64, 42, 1128, 1, 5, 19, 2, 2, 187, 38, 10, 14, 8, 96, 24, 3, 34, 2, 5, 1, 9, 1, 35, 1, 260, 447, 61694, 162, 7, 358, 4, 352, 24, 5, 17, 5, 2, 44, 36, 9, 213, 630, 34, 55, 14, inf, 16, 1, 4, 1, 4, 5098, 26593, inf, 5, 59, 470, 29, 6, 512, 1151, 39, 108, 14, 4, 1, 144, 44, 12, 54, 34, 3612, 4, 3, 2, 904, 3, inf, 2, 216, 102, 15, 671, 67, 61, 99, 3046, inf, 8, 2, 3, 13, 19, 1, 12, inf, 107, 119, 3, 1, 4, inf, 62, 1, 40, 4272, 7, 1, 9, 2, 267, 116, 1, 2, 166, 1, 1, 1, 1487, 46, 6, 1, 712, 17, 18, inf, 1, 1, 37, 1, 1, 2800, 1218, inf, 5, 41, 91, 2, 1, 1, 26, 9, 57, 6, 1, 57, 30, 87, 198, 17, 280, 5, 1, inf, 80, 123, 1, 8462, 23, 1, 1, 1, 67, 24, 3, 232, 43, 302, 16, 17, 1, 1, 252, 8, 1, 225, 116, 223, 61, 2258, 7, 5, 2, 20, 886, 844, 2, 2, inf, inf, 646, 4, 44, 252, 4, 10, 1, 1, 62, 1653, 1, 8, inf, inf, 26, 160, 2, 31, 2, 17, 80, 103, 3, 20, 1, 3, 7167, 341, 8, 51, 39, inf, 23, 1, 588, 8, 24, 46, 3, 53, inf, 35, 250, 3, 160, inf, 12, 35005, inf, 1471, 1, 1, inf, 21, 8, 2, 15, inf, 7, 1, 40, 176, 110, 3, 135, 7858, 1, 19, 60, 128, 55, inf, 38, 5394, 1, 2, 9, 93, 91, 1, 4, 43, inf, 6, 1, 67, 14, 35, 18, 3, 35443, 6, 3, 403, 2, 1997, 20, 22, 983, 1, 2, 59, inf, 89, 1, 5, 6, 42, 9, 79, 2, 11, 125, 38, 11, 4, 14, 1, 3, 5, 52, 252, 387, 7, 43, 1, 284, 18, 172, 1, inf, 102, 18, 94, 4, 10, 11, 16, 13, 1, 109, 41, 1814, 5, 2390, 579, 2, 2, 24, 23, 151, 13, 33, 3, 1, 22, 51, 2, 100, inf, inf, 346, 33, inf, 396, 53, 116, 2, 43052, 229, 2, 2, inf, inf, 16, 2, 11, 2, 113, 8, 6, 74, 3, 282, 541, 22, 497, 41, 21, inf, 30, 4, 391, 25, 3, 96, 32, 47, 48, inf, 74, 84, 316, 5, 378, 131, 129, 9183, 8, 126, 315, 3, 35, inf, 50, 55, 427, 208, 98, 2, inf, 4, 4, 2, 708, 15, 864, 2, 53, inf, 1288, 93, 12, 1, 486, 1, 2, 45, 1219, 19, 26, 16, 21, 191, 41, 3, 9, 48, 838, inf, 38, 13, 11, 13, 49, 550, 743, 10, 2420, inf, 115, 214, 1, 46, 8, 4, 4, 116, 132, 4, 2, 3, 137, inf, 53, 683, 10, 1, 7, inf, 1, 33, 186, 2, 13, 7, 1, 6, 2338, 9, 4, 17, 1, inf, 4, 16, 957, 597, 18, 7, 7, 1, 2920, 61, 15598, 892, 5, 191, inf, 1, 232, 7, 103, 11, 7, 1, 1360, 74, 3, 1, 3, 2742, 2, 2, 16, 2, 2, 7, 13, 34, 19, 37, 18, 730, 2789, 1, 30, 1, 2, 8, 14, 172, 19, 2, 3, 1484, 596, 3460, 10, 692, 1, 2, 4, 30, 8, 6, 3, 1, 2, 4, 5, 346, 1, 59, 2, 8, 19, 3, 6, 14, 11, 1, 13, 147, 130, 4, 1301, 1, inf, inf, 884, 4, inf, 2, 1312, 1264, 1, 356, 2, 102, 4, inf, 1, 2, 40, 1070, 1, 135, inf, 10, 24, 1, 9, 86, 3, 27, 73, 4, 16, 2, 177, inf, 76, 29, inf, 233, 110, inf, 15, 20, 243, inf, 176, 27, 28, 385, 1, 27, inf, 8, 5, 2, 12, 1, 1, 41, 1, 10, 1, 247, 2, 1, 1, 1209, 2, 2, 11, 140, 4335, 45, 1, 1159, 1, 4, 1781, 7, 281, 14, 63, inf, 6, 110, 4, 61, 1, 2, 5, 1, 1, 48, 21, 1297, 20, 79, 25, 85, inf, 12, 8, 1, 120, 16, 2132, 10, 34, 238, 46, 7, 1, 4, 1, 2, 1, 7, 362, 17, 1, 1710, 4, 54, 1, 239, 1, 20, 1, 8, 2, 5, 12, 16, 1538, 68, 3, 31, 43, 14, 21, 583, 904, 7, 11, 5, 12, 111, inf, 3417, 4, 20, 1, 5, 1, 4034, 13, 3, 9, 1, 44, 35, 43, 45, 15, 82, 11, 63, 2, 28, 16, 1461, 110, 20, 1175, 196, 3, 20, 85, 2, 2518, 1, 7, 1, 1, 2, 2, 9, 5, 4, 1, 53, 166, 20, 23, 226, 518, 1, 2, 1, 1, 710, inf, 2, 2, 1, 1057, 30, 1, 5, 452, 13, 9, 44, 35, 769, 25357, 1318, 1, 5, 4, inf, 2, 1, 1, 73, 54, 2, 216, 1, 5, 398, 7, 12, 2, 360, 1, 15, 1, 15, 3, 14, 3, 365, 55, 16885, inf, 22, 1262, 98, 22, 6, 4, 78, 1, 4, inf, 6, 13, 4, 23, 170, 593, 386, 79, 2, 395, 2, inf, 4, 42, 450, 3, 8, 2, 15, 308, 87, 3, 3, 1726, 10, 68, 356, 25, 1, 2, 31, 2508, 1, 48, 1, 4, 12, 8, inf, 90, 1, 22, inf, inf, 1, 65, 9, 4692, 11, 1, 2, 3, 6, 43, 45, 1, 351, 4, 29, 38, 131, 55, 8, 5, 197, 90, 30, 27, 15, 25, 1, 2, 4, 1, 4, 1302, 8, inf, 2, 186, 583, 31, 21, 21, 10, 1, 1670, 769, 3, 10, 7, 2, 13, 28, 19, 14, 3, 20956, 103, 4, 4, 3, 26, 15, 463, 1, 211, 1262, 7, 50, 2, 3865, 14, 3, 14, 3, 17, 4, 1, 1, 17, 70, 8, 6, 18, 32, 11, 15, 29, 3, 5963, 267, 33456, 4, 8, 83, inf, 117, 17, 9, 20, 29, 61, 26, 7, inf, 23, 5, 82, 1, inf, 2, 1, 30, inf, 2, 452, inf, 143, 317, 203, 13, 1, 3, 2, 284, 6, 43, 8, 1, 76, 3, 16, inf, 2, 3, 32, 7035, 49, 268, 5, inf, 2, 3, 197, 19, 135, 1, inf, 1, 80, 54, 9, 1, 76, 7, 28, 9, 6, 1, 9, 7, 1754, 2, 49, 136, 1269, 1, 15, 8, inf, 1, 29, 176, 476, 1, 169, 9, 10, 7, inf, 9, 9, 1, 2, 10, 1, 1, 68, 19, 60, 46, 1051, 75, 268, 1, 2, 12, 111, 15, 122, 1, 1, 1, 1, 108, 19, 173, 16, 30, 1, 2, 1, 1, 2, 10, 3, 2, 4, 5, 5, 5, 2, 555, 293, 76, 23, 1, 6, 4, 1, 1, 11, 3, inf, 2, 1, 1, 33, 13, 3, 42, inf, 2, 43, 16, 10, 32, 1, 231, 49, 2, 108, 10, 11, 10, 8, 90, 33, 9, 82, 11, 6810, 14, 6, 3, 81, 1, 1, 25, 1, 2, 30, 75, 163, 2, 7, 12, 10, 8, 16, 98, 2, 392, 106, 274, 3, 27, 3, 16, 1, 5, 8, 4, 13, 2552, 1, 1, 45, 75, 9, 1, 2, 21, 4, 64, 313, 25, 1, 19, 15, 50, 585, 1, 25, 1, 4, 2, 11, 22, 20, 1, 11, 1, 3, 201, 1766, 443, 3, inf, 99, 29, 1, 2, 9, 2600, 23, 5, 3, 1, 3, inf, 4816, 17, 433, 11, 70, 3, inf, 103, 8, 4, 318, 922, 38, 41, 96, 170, 64, 30, 5, 59, 43, 507, 23, 1, inf, 3, 143, 3, 10, 3, 17, 408, 3, 4, 2, inf, 18, 8, 29, 3, 5, 27, 95, 1, 2, 4, 1, 6, 2, 194, 21, 1, 1, 5854, 26, 1070, 163, 15, 52, 6, 1, 26, 9, 13819, 74, 24, 21, 263, 56, 1, 88, inf, 5, 552, 4, 60, 5, 89, 2, 51, 57, 17, inf, 216, 610, 9, 252, 317, 33, 3, 1, 406, 457, 22648, 53, inf, 4, 112, 73, 2, 2, 5, 53, 58, 21, 306, 48, 168, 2, 30, 31, 340, 1, 1, 73, 9, 4, 1, 117, 4, 12, 12821, 37, 1, 218, 34, 287, 39, 21, 4, 4, 3, 1307, 2, 273, 89, 577, inf, 4, 1, 13, inf, 2, 1, 2, 1, 5, 83, 19, 1, 40, 1, 251, 837, 3, 12, 497, 85, 40, 4, 2, 352, 178, 16, 1, 13, 1, 3, 641, 149, 1127, 65, 76, 18, 14, 16, 1, 307, 4, 10, 77, 122, 2, 48, 6, 18, 18, 589, 36, inf, 2, 6, inf, 1, 3, 1, 1, 13, 101, inf, 3, 4, 53, 1807, 2, 185, inf, inf, 4, 2905, 100, 56, 22, 4850, 1, 26, 15, 18, 2, 1154, 378, 4, 1, 87, 35, 11, 29, 2, 1, 258, 18, 38, 42, 1, 3, 479, 1, 2439, inf, 35, 106, 36, 505, 26897, 209, 8, 652, 1, 1, 574, 24, 124, 1, 87, 155, 8, 68, 24, 2, inf, 1, 749, 5, 12, 1, 9, 5, 8, 33, 729, 189, 35, 4, 20, 96, 18, 11, 1834, 18, 101, 2, inf, 1, 6, 89, 203, 4047, 12, 209, 209, 155, 570, 47, 15, 5, 8, 7, 6, 1, 10, inf, 2, 213, 10, 7, 7, 6, inf, 88, 1, 5, 99, 2, 380, 6, 15, 96, 1, 24, 1, 3, 1303, 22, 9, 2, 1, 1, 1, 1, 1, 4, 1, 1, 2, 42, 8, 28, inf, 1, 26, 1, 12, 13, 128, 3, 165, 1337, 122, 19, 29, 18, 110, 28, 8, 1, 7, 6, 8, 37, 7, 9, 95, 2, inf, 168, 2380, 28, 111, 2, 15, 6, 120, 1, 7, 89, 3, inf, 1, 2, 570, 94, 1, 432, 92, 314, 30, 2, 85, 153, 1, 28, 2, 1, 1104, 83, 3, 2, inf, 240, 8, 7, 1, 4, 1, 1, 8, 8, 151, 9, 1, 2, 25, 265, 39, 5, 5, 1434, 35, 1, 12, 1, 31, 548, 7, 2696, 199, 11, 6, 5, inf, 1, inf, 32, 664, 2349, 832, 18, 143, inf, 39, 53, 641, 1, 25445, 4, 19, 3, 22, 56, inf, 194, 56, 10, 1, 818, 28, 222, 21, 6, 10, 7, 66, 2, 5, 16, 11, 2, 133, 7, 40, 411, 681, 44, 11, 77, 8, 83, 2, 51, 9, 5, 25, 1, 3007, 1, 1, inf, 10, 2, 14139, 2, 14, 98, 33, 21, 244, 714, 5, 166, 2, 499, inf, 1, 43, 92, 1, 376, 410, 13, 119, 75, 26, 2, 11, 4, 11, 54392, 50, 460, 169, 1, 3, 3, 4, 40, 25, 2791, 1212, 3, 3, 8, 204, 135, 11073, 1, 60, 280, 28, 2369, 38, inf, 7, 4, 85, 1, inf, 93, 65, 66, 85, inf, 8455, 46, 22, 55, inf, 9, 6587, 8, 63, 19, 35, 78, 22, 8, 3, 1167, 4, 1, 603, 1, 8, 13, 1, 100, 6726, 31, 268, 4, inf, 20, 4, 62, 2, 3, 322, 2, 126, 2, 1105, 59, 5, 152, 1, 20, 3, 2, 1, 30, 56, 19, 2, 4, 1, 16, 17, inf, 90, 11, 130, 4, 2, 12, 1, 230, 35, 3, 2, 9, 5, 32, inf, 11, 59, 7, 30, 3131, 38397, 31, 4, 351, 22, 12, 792, 4, 911, 10, 9, 231, 5267, 135, 118, 8, 3993, 7, 213, 13, 6, 2, 1, 1, 61, 21, 336, 14, inf, 50, 11, 292, 1, 43, 66, 30251, 130, inf, 6, 4, 1, 6, inf, 126, 1, 4, 11, 11, inf, inf, 1, 327, 83, 6, 13788, inf, inf, 17, 1, 164, 5, inf, 3, 14954, 35, 171, 1, 1, 2, 214, 939, 7, 1287, 6, 10724, 986, 254, 1, 12, 25, 63, 32, 6, 1, 1, inf, 17, inf, 1, 36, 8394, 6, 5, 1, 27, 20, 10, 174, 1, 57, 19, 150, 9, 2, 2, 7841, inf, 10, 35, 9, 96, 3, 5, 5, 10, 10, 10, 18, 17, 10, 266, 28668, 159, 23, 10, inf, 12, 2, 2, 1, 2017, 51, 1, 69, 166, 19, 541, 107, 9, 9, 9, 9, 5, 1, 1, 6, 2, 6, 16, 16, 7, 17, 7, 1, 4, 1, 1, 1, 1, 3918, 9, 2794, 2, 3, 8, 27, 7, 143, 1, 34, 9, 5, 3, 264, 271, inf, 6, 11, 38, 29, 1, 8, 26, 67, 466, 19, 105, 14, 17, 4, 2, 327, 5, 9, 4, 2, 36, 1, 13, 2, 6, 2, 8, 1, 21, 69, 22, 80, 2, 7, 156, 2, 23, 3, 1, 1, 1, 3, 1, 1, 5, 74971, 25, 1, 2, 1, 2, 2, 2, 2, 21, 1, 21, 21, 7, 3, 7, 4, 3, 6, 1, 5, 3, 22, 4, 14, 339, 2, 35, 25, 1645, 5, 21, 8334, 3, 30, 47, 1, 2312, 130, 24, 4, 3369, 654, 171, 16, 2707, 19, 373, 27, 122, 14, 357, 7, 4, 11, 142, inf, 1, 3, 22, 13, 2, 607, 9, 2, 752, 36, 24, 3, 1, 76, 63, 1, 14, 5, 41, 5, 1, inf, 1, 16, 4, inf, 78, 6, 282, 76, 6, 731, 727, 34, 75, 908, 17, 1, 5, 1, 13, 3, 178, 15, 13, 1342, 1, 80, 2, 41, 303, 3, 1, 1, 59, 9, 6, 45, 37, 23, 145, 63, 529, 40, 2, 9, 21, 11, 18, 2, 108, 375, 1, 28, inf, 3, 125, inf, 9, inf, 3, 35, 51, 1205, 7, 111, 31, inf, 1171, 1, 5, 8, 3, 23, 16, 125, 3747, 7, 6, 5, 5371, 56, 3, 2, 7, 1, 3, 34, 1, 3, 285, 915, 776, 295, 1, 47, 407, 12, 35, 49, 74, 6, 12, 104, 123, 175, 3, inf, 26, 1235, 1, 1, 72117, 1, 2, inf, 32, 11, 1, 1451, 12, 1, inf, 36, 2, 31, 170, 74, 20, 1148, 113, 2, 238, 48, 150, 28, 86, 13, 3, 3007, 313, 10, 160, 1, 4, 101, 358, inf, 157, 19, 1, 40, 177, 1, 52, 43, 2, 1, 38, 190, 9515, 11, 10, 10, 2289, 7, inf, 207, 1, 34, 2, 16, 1207, 9, 2294, 51753, 2, 2, 51, 37, 4, 1, 6, 306, 3, 1302, 15, 52, 32, 6, 57, 58, 79, 1, 284, 414, 4, 4, 3, 73, 49, 147, 109, 3376, 300, 11, 27, 1, 2, 2124, 32215, 2, 1, 18, 5, 12, 49, 3, 4, 12, 31594, 171, 10, 3, 11, 19, 85, 39, 1, 11, inf, 5, 7, 2, 49, 1, 2, 28, 17, 71, 2, 231, 31, 88, 3, 2, inf, 14, 2, 124, 3, 214, 14, 30, 258, 2, 265, 5, inf, 388, 84, 155, 60, 28, 4, 109, 1, 17, 33, 146, 316, 2, 195, 8, 5, 4, 9, 64, 4, 20, 5806, 3, 21, 2, 18, inf, 5, 1, 69, 32, 324, 692, 32, 4, 1, 20, 120, 10, 39, 1423, 30, 46, 97, 77, 1, 2, 1, 2, 3, 27, 111, 12, 10, 2, 2226, 20, 18194, 30, 11, 13, 3, 12, 73, 4, 110, 2, 515, 564, 11, 130, 138, 553, 36999, 7, 14, 129, 21, 148, 643, 651, inf, 12, inf, 1, 17, 1, 59, 3, 529, 7, 3402, 340, inf, 256, 37, 11, 5, 1, 9, 2, 364, 1, 641, 18, inf, 54, 4, 13, 9, 24020, inf, 5, 8, 1, 2, 12, inf, 1, 171, 3, inf, 240, 78, 1, 187, 23, 19, 4, 1, 16, 17, 1, 9, 7, 18, 29, 12, inf, 2, 153, 302, 16, 1, 22, 48, 1433, 54, 75, 2, 1, 11675, 1, 39, 11, 5, 13, 14, inf, 85, 59, 1, 1, 228, 1, 160, 1, 3, 7, 441, 8, 3, 16, 4, 8, 10, inf, 219, 25, 49, 30, 28, 17, 142, 2, 44, 334, 8, 9, 267, 1, 70, 79, 1902, 3, 3, 2, 22, 141, 10, 108, 33, 8, 376, 120, 5, 4, 760, 90, 103, 1, 4, 5, 3, 38, 4, 148, 8, 1169, 1, 4, 1, 2113, 600, 265, inf, 21202, 39, 1585, 831, 35, 550, 1325, 14, 2, 148, 11, 75, 432, 2, 81, 1, 8, 25, 4, 298, 5404, 14, 34, 130, 4, 21, 2, 4, 5, 7, 27, 15, 4, 77, 10, 14, 4, 141, 6, 1222, 11, 18, 47, 1, 41, 144, 1, 33, 1, 50, 480, 2, inf, 99, 548, 15, 72, 1, 2, 121, 5, 1, 1, 103, 186, 30, 94, 8, 2744, 1222, 6, 10, 17, 2748, 823, 12, inf, 43, 88, 264, 14, 4, 138, 183, 18, 29, 78, 5, 522, 34, 3, 5, 3, 25, 19, 2, 13, 241, 964, 1, 9, 2, 2, 14, 1, 1, 18, 6, 5, 1, 2, 1, 5, 28, 30, 1, 4436, 3, 27, 39, 11, 933, 806, 151, 371, 5, 938, 47655, 90, 6, 17, 41, 4644, 12, 1724, 6, 112, 9, 3, 309, 39, 6, 119, 2, 1273, 1, 1190, 41, 37, 2, 441, 26, 22, 1, 5, 2, 45, 7, 153, inf, 114, 2103, 13, 1, 5, inf, 289, 65, 65, 7, 14, 1, 621, 3, 2, 24, 281, 38, 184, 63, 139, 72, 1, 1575, 22, 34, 102, 1, 31, 11, 10, 63, 2, 724, 12, 644, 1, 42, 57, 23, 2, 6, 67, 6, 18, 34, 43, 24, 34, 48, 5, 5, 87, 4, 13, inf, 100, 2662, 10, 31, 1, 1, 18, 91, 1, 5, 2, 5, 1, 1, 5, 94, 6951, 116, 4, 1, 11, 3, 4, 882, 2, 4, 2, 1, 277, 961, 3, 77, 14, 623, 188, 3, 19, 19, 98, 26, 36, 284, 10, 24, 50, 230, 13, 29, 414, 84, 4, 1, 9, 9, 7, inf, 141, 10, 703, 6, 9, 50, 7, 48, 268, 4, 4, 13, 13, 6, 3, 467, 2, 4, 41, 8, 2, 146, 2, 724, 17, 1, 1, 5, 32, 3, 81, 1947, 4, 73, 2, 2, 155, 320, 10, 2605, 20, 4, 1, 1831, 42, inf, 781, 43, inf, 2, 15, 12, 28, 297, 1, inf, 427, inf, 913, 11, 5094, 21, 7, 1, 371, 24, 24, 6, 34, inf, 5, 69, 2, 76, 9, 15, inf, 6, 2, 10, 11510, 3036, inf, inf, 9, 764, 79, 58, 16, 3, 98, 95, 82, 147, 1, 8, 18, 2, inf, 71, 16, 4479, 1, 1034, 519, 4, 79, 164, 573, 64, 11, 4, 3, 3, 1, 4, 19, 968, 3149, 3, 17, 1, 15, 309, 248, 1, 1, 5, 823, 319, 1, inf, 3, 1, 4, 4, 1, inf, 1, 14, 1, 21, 4, inf, inf, 5, 1, 4, 1112, 11, 23, 1, 148, 66, inf, 136, 7, 73, inf, 14, 91, 260, 3, 1793, 205, 767, 24, 1, 10, 7, 19, 53, 1, 53, 11, 58, 6, 229, 2, 1, 5, 3, 16, 1, inf, 59, 3, 41, 32, 37, 375, 76, 252, 277, 13, 16, 3, 36, 16, 80, 1, 42, 8, 6, inf, 10, 2, 155, inf, 1, 199, 84, 46, 9594, 1, inf, 918, 43, 11, 67, 4, 1, 55, 15, 139, 3, 42, inf, 3, 2, 13, 19, 1, 1, 9, inf, 25861, 5, 18, 2, 1, 4, 372, 65, 41, 4, 15, 2, 1, 7, 408, 1260, 20, 142, 175, 105, 49, 7, 27, inf, 11, 6, 3, 34, 101, 10, 1, 808, 3, 2, 77, 1, 36, 1, 10, 56, 8, 1, 12, 1, 3, 210, inf, 49, 1, inf, 1, 8, 22, 48, 32, 5, 1, 118, 2, 1, 5, 46, inf, 32, 19, inf, 8, 1, 571, 35, 3265, 81, 59, 2, 1602, 8, 3, inf, 1, 4, 142, 2, 15, 25, 2, 18190, inf, 5, 59, 37, 84, 1, 1, 1, 1, 1, 31, 160, 13, 202, inf, inf, 135, 4, 16, 4, 1, 51, 16, 17, inf, 4597, 469, 255, 1, 4, 1, 2, inf, 46, 7, 114, 6, 1, 4, 9, 135, 4850, 17, 6854, 93, 4, 2, 385, 69, 75, 3, 2, 41, 488, 407, 36, 2, 1, 1, inf, 8, 18, inf, 159, 3, 9, 137, 3068, 51, 77, 2, 152, 6, 55, 298, 4, 41, 11, 9939, 502, 618, 175, 29, 16, 42, 248, 227, inf, 506, 268, 32, 15, 328, 20, 5, 24, 96, 12, 80, 221, 1696, 18, 2, 915, 460, 268, inf, 53, 13, 11, 94, 61, 6, 69, inf, 84, 3, 5, 1, 4, 271, inf, 60, 5, 2, 6, 4, 911, 1, 2, 44, 16, 14, 63, 15, 6, 82, 10, 31, 6, 183, 421, 1, 2, 4, 13, 33, 1, 3, 22523, 1, 248, 10, 15, 1071, 3, 1050, 2, 1, 189, 10222, 16, inf, 133, inf, 1, 48, 11, 500, 20, inf, 12, 375, 632, 39, 3, 403, 3, 11, 306, 96, 1, 1910, 8, 32, 2, 5, inf, 43, 2, inf, 38, 69, 10, 15, 4, 44, inf, 58, 4, 222, inf, 173, 107, 89, 6, inf, 1, 1, 3, 2, 14, 14, 7, 1, 1665, 41, 1, 3, 2, 3, 4, 1, 13, 10, 92, 88, 12, 55, 290, 282, 151, 1, 744, 3, 173, 66, 63, 19, 41, 477, 8, 177, 18, 22, 75, 1, inf, 1, 4, 1618, inf, 18, 15, 6, 1, 422, 1, 1823, 2, inf, 709, 34, 3725, 35450, 23, 734, inf, 37, inf, 17, 43, 9, 3010, 1, 13, 19, 1, 18, inf, 5327, 4, 18, 7, 1, 1, 750, 1604, 1, 1, 359, 11, 1, 13, 6, inf, 21, 22, 17, 14, 8, 6, 2, 74, 2, 1, 204, 327, 262, 3, 283, 35, 59, 1, 2, 84, 5, 358, 2, 6, 1, 5, 2, 6408, 1, 10, 2543, 2, 33, 55, 79, 36, 3, inf, 21, 1, 13, 24, 1, 197, 46, 18, 21, 28, 7, 51, 2437, 1, 115, 5, 5, 41, 1, inf, inf, 8, 4, 61, inf, 26, 5, 7, inf, 39, 9, 1, 987, 242, 219, inf, 25, 1, 107, 12, 261, 3, 4, 2, 6, 1, 4, 3, 1, 13, inf, 11, 1, 19, 2, 231, 2, 1, 248, 27, 8, 1, 1, 101, 299, 212, 63, 109, 314, 312, 33, 5, 5, 269, 49, inf, 16, 285, 99, 3466, 45, 49, 33, 21, inf, 11, 2, 35, 96, 38, 38, 63, 618, 1, 115, 1, 118, 132, 7, 3, 106, inf, 7, 103, 15217, 78513, 17, 217, 10, inf, 581, 1, 4, 2, 1, 1, 4, inf, 99, 4, 1, 4, 1, inf, 6, 10, 44, 563, 308, 31, 268, 1, 6181, 5, 824, 5, 938, 774, 40, 1, inf, 2370, 1062, 1498, 11, 264, 255, 25, inf, 2, 3, 1, 64, 3, 31, 1, 14, 19, 93, 23, 59, 4, 1202, 180, 65, 3, 161, 110, 73, 156, 8, 2, 2867, 8, 3, 1, 2, 7, 18, 3, 82, 20, 1, 4, 3, 5, 28, 21, 4, 40, inf, 10, 7, 2, 1, 31, 18, 70, 121, 162, 8, 37, 2, 1000, 6113, 1, 1, 4, 99, 16, 3, 628, 2, inf, 116, 6, 1, inf, 3, 2, 8, 45, 4, 2, 1, 1, 93, 180, 7, 2, 11, 1, inf, 3, 4, 161, 10, 10, 1, 32, 16, 32, 605, 1, 2, 107, 7, 6, 137, 1, 5, 38, 48, 4, 18, 190, 5, 214, 184, 129, 2, 4, 4, 6, 47, 20, 14, 5, 2, 5726, 256, 99, 10, 4, 1, 6, 6, 2, 17, 1, 2, inf, 1, 2, 25, 6455, inf, 57, inf, inf, 16, 16, 6, inf, 12, 7, 1737, 68, 1, 47, 1, inf, 3, 11, 97, 4, 4, 114, 151, 25, 13, 83, 1, 141, 14, 3, 6, 2645, 5, 1, 2, 26, 1055, 109, 10, 313, 404, 2, 87, 496, 3, inf, 19, 1, inf, 84, 252, 1, 2, 13, 485, 1, 313, 145, 515, 55, 3, 1, 15, 1, 2, 62, 23, 39, 1, 179, 14, 5, 5, 15, inf, 1, 30, 3, 8, 203, inf, 2, 3, 19239, 2, 8, 2, 1, 1, 5, 14, 2, 1, 7, 3, inf, 1726, 254, 1, 162, 1, 167, inf, 2, 1, 48349, 65, 1135, 1, 671, 1, 2372, 25, 121, 21, 1, 4329, 1, 308, 5, 2864, 6247, 3, 2, 1, 2, 1, 1, 2, 3, 2, 2, 1, 2, 1, 1, 2, 3, 1, 2, 3, 3, 4, inf, 16, 11, 142, 109, 1535, 123, 4, 2, 64100, inf, 1, 39, inf, 99, 277, 25, 28, 1, 673, 334, 16, 1, 75, 1, 707, 4, 21, 21, 3, 975, 41, 9, 55, 96, 21, 9, 214, 656, 1, 9, 40, 209, 572, 66, 5, 8, 2, 8219, 141, 2, 5, 162, 2, 4, 1, 1, 7, 192, 9, 2, 36, 36, 4, 13781, 7, 132, 239, 1, 1, 1, 1, 42, 13, 1, 84, 2, 1282, 19, 1, 43, 54655, 4, 37, 6, 1414, 41, 100, 81, inf, 9, 31, 2, 66, 1, 77865, 34, 2417, 143, 14, 5, 570, 77, 559, 90, 59, 13, 42, 43, 8, 2265, inf, 1, 6, 304, 1, 26, 30, 1, 2, inf, 82, 3, 3, 27, 2, 5, 1, 1, 1, 8, 2, 2, 5, 119, 6, 99, 3, 3, 19, 19, 6, 29, 117, 79, 18, 1057, 2, 4, 175, 10, 3, 7, 29, 7, 997, 371, 21, 43, 49, 1, 2166, 4, 1, 14, 10, 52, inf, 22, 1, 2, inf, 2, 76, 7, 38, 111, 45, 815, 4, 2, 2, inf, 12, 323, 4, inf, 2, inf, 4, 37, 8, 2688, 1, 2, 6, 14, 1, 168, 38, 29, 7, 1, 12, 54, 40, inf, 1, 84, 8, 434, 1, 27, 3, 2, 1, 83, 1, 2, 10, 1, 15, inf, 1, inf, 130, 3, 32, 985, 48, 47, 58, inf, 21, 2, 59, 50, 17, 7, 200, 1, 1385, 28, 27620, 1, 11, 4, 60, 55, inf, 5, inf, 1, 18, 281, 40, 46, 40, 1, 2, 55, 1, 2, 510, inf, 709, 20, 11, 4, 3, 6, 3, 21, 5, 9, 7, 130, 3474, 9827, 39, 15, 232, 1, 2, 6, 277, 228, 4, 189, 1, 98, 619, 336, 3, 61, 2, 141, 1, 399, 4, 11, 8, 9, 98, 2, 3, 1, 4, 1, 37, 4, 2, 37, 1, 4, 4, 91, 1, 35, 28, 3, 8, 2, 1, 8, 2, inf, inf, 62, 3, 3, 63, 1, 1, 5, 46, 11, 98, 73, 80, 87, 4, 2, inf, 3, 37, inf, 19, 114, 2108, 31, 361, 466, 38, 71, 648, 2, 11, 16, 285, 152, 48, 171, 2, 1, 6, 17, 127, 57, inf, 70, 6, 5, 12, 45, 1, 21, 5, 1, 3, 1, 78, 13, 1, 5, 2, 10, 159, 364, 1, 274, 10, 16, 135, 65, 13385, 1, inf, inf, 2, 278, 1, 2, 129, 2, 263, inf, 5815, 153, 654, 2, 74, 112, 7, 1, 63, 210, 1, 81, 32, 169, 1, 1, 248, inf, inf, 1, 22, 28, 4, 5, 302, 654, 52, 7, 2, 30, 37, 12, 46, 4, 8, 9, 162, 5, 6, 17, 5441, 163, 28, 13, 1632, 9, 4, 1, 7, 81, 3, inf, 84, 50, 3, 32, 60, 4, 199, 65, 22, 7, 4, 13, 14, inf, 443, 391, inf, 3, 7, 2, 1, 1, 46, 10, 95, 15, 69, 2, 215, 21, 31, 197, 1, 25, inf, 8, 18, 11, 1, 13, 134, 275, 3, inf, 1, 285, 1, 2, 4, 2, 14, inf, 8, 2, 123, 198, 131, 10, 1326, 345, 79, 5, 126, 3, 32, 1, 7, 231, 2, 476, 423, 7, 84, inf, 114, 88, 81, 27, 556, 3, 1, 4, 92, 5, 43, 46, 148, 40, 93, 38, 11, 124, 2, 1, 2, inf, 7, 1130, 1, 60, 80, 27, 31, 586, inf, 1, 46, 3349, inf, 27, inf, 186, 66, 13, 5, 218, 1, 18, 16287, 520, 12, 1, 1202, 12, 2, 9, inf, 3, 5691, 64, 211, 1672, 3, 2, 15, 17, 3, 1238, 2093, 17, 5471, 86, 78, 113, 2, 78, 346, 39, 8, 32, 137, 204, 1, inf, 10, 2, 47, 2242, 8, 2615, 420, 3215, 453, 14, 481, 6, 2, 7, 21, inf, 40, 69, 1, 9, 6, 1, 5, 34, 3, 26, 22, 215, 264, 15, inf, inf, 20, 1, 1, 11, 38, 3, 3, 72, 14, 3, 28, 3060, 9, 247, 4, 2, 9, 60, 662, 198, 2, 4, 38, 25, 60, 131, 1, inf, 1, 13, 191, 4059, inf, 9, 4, 364, 1, 10, 10, 4, 5, inf, 1, 2, 2369, 16, 8, 3774, 49, 718, 47, 57, 1, 22, 2, 1, 100, inf, inf, inf, inf, 2, 48, 13, 3, 15, 6, 8, 22, 136, 1, inf, 7, inf, 46, 43, 18, 11, 5, 3, 2, 2, 2, inf, 4, 25, 157, 26, inf, 24, 6, 34035, 203, inf, 70, 29, inf, 8486, 16, 8, 8, 1, 2, 94, 16, 1, inf, 18, 840, 56, 10, 23, 3, 6, 20, 3, 5, 1, 1, 3, 19, 3, 8, 1, 9, 2, 1142, 31, 9, 1, 17, 137, 2, 4, 8, 345, 1, 2, 3, 73, 15, 2, 87, 2, 9, 4, 96, 11, inf, 91, 19, 44, 1, 247, 7, 180, 5, 299, 12, 7760, 23, 92, 204, 5, 2, 91, 104, 5, 1869, 10, 13310, 5, 540, inf, 4, inf, inf, inf, 4, inf, 1, 4, 3, 206, 9, 60, inf, 1, 8, 2, 8, 95, 3256, 111, 32, 1, 74, 80, 3, 268, 17, 3, 6, 4, 12, 19, 7, 5, 594, 101, 6896, 133, 2, 63, 709, inf, 1, 15, 82, 214, 108, 286, 1, 2, 6, 291, 185, 61, 1, 43, 2, 965, 272, 3, 1, 12, 6, 1, 8987, 69, inf, 14, 328, 9, 14, 11, inf, 2, 702, inf, inf, 28, 15, 11, 746, 47, 791, 2, 4, 14, 29, 48, 38, 2, 3, 29, 1, 1, inf, 1, 262, 4, 542, 4072, 62, 281, 2, 65, 2, 651, 11, 123, 3, 77, 5, 20, 1, 34, 84478, 2, 59, 11, 14, 2, 59, 1, 5, 14, 5, 2, 217, 7, 43, 3, 41, 11, 309, 14, 2, inf, 591, 1, 57, 2, 1, 2, 202, 3, inf, 105, 4, 2, 5, 55, 16, 25, 1428, 32, 394, 1, 2115, 13, 758, 1, 3, inf, 73, 9, 292, 350, 84, 8, 1, 25359, 189, 737, 78, 4, 78, 11, 3, 32, 16, 9, 10, 8, 247, 14, 50, 522, 260, 14, 84, 30, 7, 232, 6, 13, 1, 2, 5, 6, 1, 68, 4, 61, 2, 2, 1, 6, 1, 107, 1, 2, 17, 17, 19, 44, 124, 410, 1, 1, 55, 1, 1, 33, 101, 4, 3, 2, inf, 30, 51, 6, 1085, 2, 70, 1, 18, inf, 52, 50, 8, 238, 36, 5, 3, 1, 7, 2, 188, inf, 16, 1, 10, 9, 86, 7, 7794, 8, 22, 23, 1, 16, 353, 3, 9, 5, 1401, 67, 6, inf, 4, 153, 1726, 38, 1, 3, 3288, 3, inf, 131, 169, 2, 85, 385, 1, 6, 5, 1, 3, 18, 9, 1, 3, 1, 1, 13, inf, 1, 41, 1, 3, 21, 1, 1, 119, 2, 2, 498, 1, 10, 20, 1, 229, 1160, 4, inf, 76, 1, 10, 3608, inf, 2, 6, 7, 6053, 15, 3850, inf, 4, 2, 3, 1, 35, 3, 43, 207, 2, 1, 176, inf, 6, 31, 2, 1, 1, 1, 2, 1, 2, 2, 1, 2, 1, 1, 1, 1, 1, 1, 1, 2, 2, 2, 1, 1, 1, 1, 1, 1, 2, 1, 1, 1, 1, 1, 1, 2, 1, 1, 2, 218, 2, 1, 57, 14, 13, 2675, 48, 1, 47, 1, 6395, 14, 3, 61, 3, 1, 143, 1, 71, 1037, 2885, 14, 1, 420, 1439, 84, 39, 230, 7, 31, 126, 113, 153, 11, 15, 3632, 2, 1, inf, 680, 813, 420, inf, 8, 3, 50, 629, 49, 76, 2, 1, 349, 5593, 52, 9, 9, 535, 444, 5, 86, 16, 72, 20, 3, 22, 1, 10, 3, 384, 1, 10, 29, 16, 146, 6, 40, 40, 1, 1, 179, 7796, inf, 23, 37, 1, inf, 1, 1, 691, 913, 16, 4, 27, 44, 478, 8, 57, 229, 969, 82, 7, 9, 5, 7, 159, 5, 1, 11, 9, 5, 8, inf, 67, inf, 21, 124, 4, 8, 16, 50, inf, 111, 36, 40, 3, 3, inf, 7, 1, 11, 13, 17, 210, 4, 117, 13, 12, 132, 1, 1, 187, 1, 2532, 34, 4, 2, 58, 47, 22, 47, 26, 46, 131, 534, 75, 208, 2, 7, 8, 1, 4, 101, 2, 43, 82, 13, 182, 1, 1781, 14, 2, 13, 611, 1, 38, 307, inf, 1, 1, 3, 2, 1, 1, 20, 65, 11, 2, 11, 245, 500, 141, 9, 36637, 1, inf, 2, 1, 149, 23, 24, 11, 5, 2, 25, 14, 41, 120, 106, 68, 21, inf, 53, 22149, 1, 45, 15, 2374, 4, 10, 78, 676, 20, 7, 33, 9, 45, 118, 232, 1, 48, 14, 20, 3, 787, 18, 391, 15, 13, 90, 1, 57, 870, 54, 62, 808, 8, 8, 64, 400, 4, 1, 2691, 288, 370, 5, 19, 7, 63293, 62, 380, 6, 2, 960, 2, 59, 56, 6, 72, 42, 1, 34, 32, 1, 46, 105, 3, 664, 1, 591, 2, 18, 10, 3, 48, 53, 2489, 5, 9, 9, 21, 23, 8, 4606, 4, 3, 836, 13, 2, 1, 4, 5, 4, 24, 37, 7, 48, 1, inf, 81, 32908, 13, 1, 7, 2, 6, 1433, inf, inf, 210, inf, 20, 4, 4, 33, 50, 3, 3, inf, 18, 40, 1, 47, 63, 42, 1848, 62, 1, 323, 28, 2, inf, 20, 11, inf, 271, 36, 59, 490, 27, 2, 10, 4, inf, 109, 71, 20, 6, 261, 79, 1520, 702, 3, 106, 346, 28, 94, 31, 6, 37, 12, 53, 11, 5, 575, 2, 661, 9, 1, 55, 143, 22, 5, 3, 48, 11, 17, 13, 6, 7, 11, inf, 41, 1, 94, 8, 7, 7, 195, inf, 2, inf, 5, 64, 17, 2, 2, 4, 5, 6, 21, 6, 56, 6, 33, 99, 1490, 6, inf, inf, inf, 2, 41, 673, 179, 6, 17, 14, inf, 13, 2, 25, inf, inf, 2, 32, 14574, 2, 7, 3, 1, 1, 10, 1433, 34, 1, 1255, 10, 11, 46, 3068, 4, 6, 1, 5, 1, 2, 23, 505, 39, 18, 120, 1, 50, 14, 128, 13, 2, 7, inf, 1, inf, 5, 15915, 3868, 10, 17, 31, 21, 1469, 26, 420, 101, 9, inf, 44, 21, 712, 27, 32, 2, 1, 2, 14, 293, 579, 65, 1252, 17, inf, 48, 4, 114, 1, 54, inf, 528, 37, 14324, 47, 2577, 260, 7, 13, 77, 58, 524, inf, 356, 10, 20, 1, 16, 1132, inf, 5, inf, 342, 89, 20, 186, 149, 211, 3, 127, 10, 3, 26, 40, 7, 103, 49, 3, 1, 15, 49, 1, 5, 832, 16, 811, 3, 12, 3, 22, 5, 8, 359, 1602, 3, 44, 7, inf, 95, 5, inf, 1, 3, 4, 5, 3, 1, 2, 23, 43, inf, 28, 29, 30, 1, 1, 11, 38303, 2, 59, 18, 38, 19, 59, 2, 7, 1, inf, 2, 4, 19, 13, 4, 8, 21, 4, 11, 13, 4, 12, 544, 881, 1, 516, 5692, 4, 73, 128, 2089, 19, 45, 10, inf, 1, 50, 20, 1122, inf, 19, 1, 1, 31, 5, 60, 36, 647, 7, inf, 21, 45, 12, 372, 65, 55, 44, 3629, 12, 6, 2, 69, inf, 23, 36235, 1, 557, 42, 4, 39, 30, 20, 42, 53, 9, 14, inf, 209, 38, 5, 218, 29, 4, 2686, 338, 3, 1, 8, 141, 39, 9, 2, 55, 16190, 3, 4, 325, 3, 4, 12, 16, 21, 3, 4, inf, inf, inf, 300, 14, 1, 257, 7, 3, 36, 1, 21, 66, 89, 2456, 1, 44, 1, 7, 3, 13, 456, 45, 90, 18, 423, 6, 81, inf, 6, 5, 2, 262, 1, 2, 47, 3, 4, 87, 4, 2102, 168, 11, 668, 74, 90, 74, 83, 270, 76, 45, 15, 834, 16, 58, inf, 2, 1, 1, inf, inf, 8, 13, 3, 4, 2, 908, 4, 55, 29401, 30, 3, 234, 469, 58, 26, 2048, 217, 105, 7, 4, 4, 21109, 62, 10, 1, 302, 1, 3, 3, 127, 39, inf, 9, 285, inf, 7, 11, 24, 339, 43, 137, 7, 5858, 1056, 60, 1, 139, 330, inf, 58, 75, 29, 2, 104, 202, 256, 4, inf, inf, 5, 106, 5, 39, 1092, 65, 42, 8, 8, 5041, 405, 29, 4, 5, 6, 8, 32, 1, 8, 28, 93, 4, 1022, 2880, inf, 3, 15, 16, 3, 1, 1, 63, 190, 1, 12, 45, 6146, 12, 3742, inf, 1, 1, 1, 2, 26, 298, 18, 2, 32177, 93, 2, 33, 14, 2, 1, 401, inf, 2, 31, 16, 1, 1, 4, 53, 42, 908, 844, 252, 1, 60743, 9, 4, 1, 337, 8, 117, 1173, 53, 45, 46, 3, 4659, 1, 22, 3, 463, 4, 6347, 914, 6, 1, 21, inf, 36, inf, 1735, 4, 1, 10, 2, 2, inf, 1, inf, inf, 1, 7, 7, 7, 21, 121, 1, 65, 1, 27, 18, 2, 8, 2, 23, 19, 70, 18, 305, 2, 223, 4, 2, 17722, 1, 2, 152, 1, inf, 4, 74684, 47, 18, 54, inf, 2, 1, 3, 2, 11, 22, 252, 211, 1046, 2, 542, 231, 1691, 10236, 3, 1, 1191, 34979, 2, 1, inf, 11, 13, 33, 1, 1, 57, 105, 3, 124, 660, 185, 2, 6, 186, 6, 12, 16, 33, 28, 2, 16, 7, 1, 4, 20, 1, 2007, inf, 1, 1, 2, 39, 4, 3, 3, 31, 1, 12, 89, 52, 2, 5, 95, 3, 63, 4, 488, 1, 60, 207, 13, 12, 1, 6, 480, 40, 2, 15, 13656, 1, 11, 44, inf, 275, 143, 15, 1, 14, 7, 3, 1, 10, 112, 652, 17, 107, 142, 25, 72, 9, 47, 24, 10, 7, 3270, inf, 3, inf, 4, 2, 1797, 14, 1, 1, 78, 3321, 6061, 21529, 1, 5, inf, 1, 6, 2, 3, 28, 39, 73, 2, 4, 1228, 12, 49, 827, 2, 2, 12, 12, 15, 12, 9, 4985, 18, 266, 1, 69, 64, 319, 4, 257, 28, 1, 101, 23, 2, 1, 1432, 5185, 2, 2, 6, 34, inf, 5, 6, 1, inf, 1, 167, 2, 11, 1, 321, 21, 3, 8, 1136, 2, 180, 313, 22, 2, 31, 2, 946, 1, 2, 11, 1, 25, 88, 2, 67, 513, 14, 67, 9, 110, 32, 627, 18, 27, 37, 2, 71, 18, 19, 282, 53, 90, 87, 85, 392, 2410, 7, 4, 11268, 329, 1, 50, 3038, 4, 19, 323, 21, 6, 3, 483, 1, 30, 64, 342, 592, 2, 7, 8, 2, 27, 2, 18, 1, 10149, 28, 13, 2, 11, 1, 1137, 75, 64, 79, 175, 120, 1719, 45, 53, 35, 1, 538, 482, 8, 2, 24, 7, 26, inf, 94, 21, 398, 98, 116, 53, 2, 2714, 4399, 4, 117, 10, 17, 14, 30, 4, 9343, 29, 12, 81, 131, 847, 17, 42, 46, 46, 18, 9, 1, 2, 620, inf, 1540, 1, 82, 64, inf, 15, 5, 2, 354, 2, 2, 458, 128, 60, 1, 2, 14, 186, 60, 3, inf, 1, 3, 552, 31, 3, 1, 8, 11, 1, 3, inf, 34, inf, 5, 4, 3, 221, 18827, 3, 260, 3362, 126, 1, 366, 3, 1, 145, 822, 1, 13, 2, 16, 915, 4, 1, 88, 2325, 1371, 738, 1622, 20, 30, 1, 11, 3, 4, 152, 693, 4, 64, 9, 1, 88, 2, inf, 5, 13, 12, 81, inf, inf, 39, 5, inf, 62, 22, 724, 5, 13, 11, 196, 39, 6, 148, 52, inf, 2, 404, 704, 59, 792, 9, 6, 118, 81, 1, 471, 26, 1, 32, 188, 15, inf, 3, 1577, 83, inf, 10, 13, 1, 20, 8600, 6, 57, 8, 66, 269, 33, 136, 25, 57, 3, 174, 24, 51, 26, 1, 14, 6, 1857, 15, 6, 1, inf, 44, 496, 77, 112, 5, 14, 1, 16, 24, 2, 892, 107, 6, 8, 104, 4, 49, 2, 1186, 1, 4, 216, 131, 85, 2, 25, 1, 89, 1, 820, 6424, 3, 1, 1, inf, 616, 30, 1, 2, 5, 5, inf, 132, 281, 2, 9, 3, 5179, 5, 1, 1, 3, 43, 31, 6, 1, 11, 190, 1, 102, 77, 7, 68, 9832, 73, 4157, 3, 4, inf, 511, 2, 9, 22, 110, 3, 7, 97, inf, 13, 48, 53, 3, 42, 62, 4, 1983, 26, 134, 4, 89, 5, 15, 399, 81, 13, 38, 6, 13194, 40, 473, 3, inf, 17, 2, 8, 119, 236, 9, 40, 2, 12, 31, 3, 548, 7, 441, 41, inf, 3, 21, 40, 62, 183, 1, 161, 7, 6377, 139, 30, 50, 12, 783, 2, 14, 22, 1, 100, 716, 7, 1552, 91, 52, 2789, 446, inf, 3, 75, inf, 2, 8, inf, 1, 80, inf, 37, 4, 21, 58, 70421, 8, 65, 49, 9, 15, 195, 18, 35, 76, 6443, 1, 2, 1974, 138, 51, 19, 29, 1, 34, 60, inf, 2, 4, 1248, 10, 7, 753, 21, 13, 11, 1, 19, 2, 509, inf, 8, 9465, 409, 2, 15, 1, 1, 99, 3, 2, 145, 5513, 88, 125, 2, 37, 12, 1, 11, 3, 56, 6, 36, 43, 9084, 59, 9, 73, 194, 3587, 553, 13480, 173, 69, 7, 60, 219, 2, 12, 65, 12, 254, 185, 2, 7, 3, 36, 1, 1300, 4, 22, 23, 33, 113, 131, 161, 89827, 777, 12, 23, inf, 3, 5, 77, 1, 2391, 23091, 2, 10, 7, 7, 3458, 1, 31, 8, 56, 7609, 86, 116, 20, 82, 5, 39195, 1, 37082, 115, 995, 96, 1, 472, 22, 5, 7, 259, inf, 4, 2, 1, 17, 1, 2, 35, 2, 16, 1, 2, 66, 7, 71, 290, 9, 1, 5, 322, 107, 381, 7, 6, 143, 974, 3, 9, 10, 21, 105, 1, 185, 15, 352, 14, 243, 190, 1, 15, 4051, 440, inf, 627, 3193, inf, 65, 98, 5, 1319, 8, 474, 5, 6, 2, 615, 10, 668, 1, 2, 32, inf, 222, 3, 2, 1, 3, inf, 1, 1, 604, 2783, 14, 9, inf, 266, 360, 10, 15, 5, 3, 206, 5, 1, 3, 206, 61, 205, 238, 60, 51, inf, 9, 1, 1, 132, 20, inf, 65, inf, 6, 18, 158, inf, 118, 2, 1, 1, 10, 1, 1, 3505, 1737, 12, inf, 43, inf, 7, 5, 126, 471, 12, 426, 5, 17, 331, 1, inf, 1, 1224, inf, 10, inf, 3, 53, 2, inf, 38, 1, 55, 4506, 15, 7, 25, 4, 7, 12, 10, 120, 1, 1, 39, 141, 7, 10, 10616, 772, 8, 2, 4, 159, 7, 2, 36, 11823, 3, 14, 113, 1286, 2, 116, 162, 1, 5, 21, 100, 1, 5, 2, 3, 4, 182, 2, 13, 11, 111, 2322, 194, 201, 93, 50, 60, 2, 4839, 4, 6, 12, inf, 6, 1765, 15, 19, 8, 5, 4, 1145, 189, 1247, 4, 2, 40, 26, 206, 1, 4, 70, 58, 2, 68, 3924, 2, 19, 26, 1, 6, 12, 6, 5, 7899, 11691, 1, 5, 7838, 55, 154, 31, 5, 1, 9, 133, 177, 672, 243, 303, 220, 5, 96, 8, 3972, 1, 135, 7, 28, 4, 42, 1, 73, 47, 1, 141, 9109, 10, 42, 80, 162, 12, 69, 32, 1, 16, 523, 798, 7, 366, 78, 15, 2550, 39, 1915, 246, 3, 632, 22, 4, 2140, 4, inf, 9, 1, 4019, 3, inf, 55, 11, 17, 14, inf, 39, 11, inf, 7, inf, 117, 32946, 286, 1, 96, 2, 6, 1, inf, 39, 313, 1, 3135, inf, inf, 70, 9, 1, 46, 29, 1, 3, 12, 3, 1, 159, 11, 2, 4, 15, 16, 5, 220, 3, 3878, 21, 5, 6, 25, 29, 5, 25, 3, 432, 23, 9, 38, 8, inf, 1, 148, 58, 776, 3, 5, 445, 26, 54, 26, 2, 26, 26, 28, 26, 23, 23, 110, 1696, 1496, 21, 5, 3, 159, 28, 7760, 13, 153, 99, 2, 201, 4, 14, 1412, 10, 26, 26, 7317, 1, 128, 28, 430, 597, 5, 4, 59, 8, 13, 8, 2, 25, 3961, 2, 4, 197, 6, inf, 12, 3, inf, 189, 11, 287, 6, 175, 3935, 11, 3, 78, 13, 17, inf, 4, 1390, 1, 5, 209, 7, 2, 196, 13, inf, 73, 235, 1, 289, inf, 7, 5, 165, 1212, 143, 4, 272, 4, 9, 58, 15, 162, 1, 3, 22, 133, 13, 1, 1, 2, 2448, 34, 112, 8, 8, 284, 1, 3, 1, 8, 18, inf, 27, 18, 33, 1, 6339, 7, 4, 6, inf, inf, 95, 4, 3, 34, inf, 2, 578, 12, 7, 112, 9, 10, 997, 340, inf, 3003, 1, 2952, 510, 879, inf, 32, inf, 3, inf, 37, 12, 4, inf, inf, 20345, 1176, 1, 1, inf, 5, 10, 87, inf, 17, 238, 13, 1, 61, 13, 450, 98, 4, 1, 331, 29, 52, 1, 1, 6, 27, 1, 2011, 32, 3, 18, 14, 1634, 366, 354, 88, 10, 10, 9, 406, 12, 367, 1, 3, 1, 38, 3, 1, 71, 3, inf, 1, 74, 3, 10, 3301, 2, 4, 1, 10, 1, 19, 13, 5, 2, 1374, 1029, 128, 1, 15, 114, 305, 19, inf, 27, inf, 4, 14, 148, 23, 9, 24, inf, 73, 5, 11, 20, 62, 1696, 20, 230, 20, 10307, 16, 9, 9, 7430, 34, 26, 1995, 2, inf, 2, 1, 32, 316, 3, 9, 1, 123, 7, 1, 349, 1, 8, 17, 59, 5, 2, 1, 1232, 231, 1, 1, 2586, 182, 4, inf, 2, 10, 1, 1, 1, 30, 1329, 26, 3, 33, 2, 27, 57, 1, 7, 30, 170, 38, 1, 1, 2, 3, 4, 50, 3, 10, inf, 1, 1, 38, inf, 23, 23, 31, 26, 496, 3, 958, 30, inf, 10, 2, 44, 10, 2, 1, 1086, 240, 9, 42, 77, 4, 4, 2, 1157, 600, 234, inf, 3, 4, inf, 136, 47219, 1, 196, 5, 146, 84, 108, 1, 224, 437, 6, 9, 7, 5, 1627, 41, 76, 15, inf, inf, 5, 2, inf, 280, 62, 21, 31, inf, 3, 375, 22, 1, 45, 567, 98, 228, 245, 257, 1, 6, 3, 1, 1, 67, 147, 5, 137, 1, 130, 120, 2, 83, 3, 31, 7, 34, 2, 2, 14, 19, inf, inf, 126, 1, 2, 47, 14, 5, 33, 2, 4, 58, 2, 20, 89, 6, 44, 196, 5472, 57, inf, 1, inf, 15, 3, 240, 11, 1906, 36, 54, 99, 31, 32, 22, 275, 5, 63, 28, 3, 20, 3, 274, 4, 21, 13, 195, 219, inf, 2, 1, 8, 2189, 269, 1281, 2031, 14, 1, 4, 1, 49, 1, inf, 1, 63, 550, 53, 1610, 1, 200, 3, inf, 12, inf, 2, 361, inf, 1, 1335, 90, 1, 7, 2, 1503, 1, 21, 142, 2670, 7, 3, 3, 1597, 287, 5, 5, 23, 11, 18, inf, 117, 9, 189, 18, 475, 1, 1010, 2, 6, 1, 11, 1, 5772, 3, 5, 1, 4, 1, 3, 3, 4, 4, 24, 3, 1758, 26, 5, 796, inf, 1, inf, 74, 1, 40, 9, 4, 187, 32, 1, 8599, 110, 2, 154, 9, inf, 4, 156, 62, 10, 1, 84, 2, 23, 3, 35, 2, 1, 379, 46, 14, 1, 1, 14, 1, 3, 118, 25, 12, 228, inf, 8, 96, 9, inf, 127, 13, 1, 1, 20, 8, 2, 5, inf, inf, 289, 1, 27, 1, 1132, 46, 3, 48, 4, 16, 54, 5, 2, 35, 16, 14, 2, 7, 6, 17, 1, 32, 4, 1, 305, 11, 155, 2390, 10, 3, inf, 3, 7, inf, 449, 2, 7, 7, 14, 95, 327, 9, 3, 12, 176, inf, 4, 91, 4, 1165, 19, 1, inf, 212, 17, 8, 18, 37, 29, 1, 7, 9, 2, 74, 11, inf, 1, 10, 21, 4, 56, 5, 2, 10, 25, 8, 74, 267, 137, 1, 5, 1, 7, 76, 7, 12, 5, 3, 3, 2, 10, 2, 8, 207, 14, 1085, 498, 1, 27, 1, 2, 7, 15, 35, 54, 5, 3596, 108, inf, 1, 5, 3, 193, 22, 55, 281, 280, 1, 5, 143, 326, 3, 5, 6, 207, 2, 271, 36, 1, inf, 96, 4, 90, 5, 1, 1, 27, 6, 28, 5, 3, 27, 2, 2, 11, 1, 7, 1, inf, 26, 1684, 1393, 3, 30, 79, 17, 2, 1, 2, 425, 714, 5, 1, 1, 34, 71, 5, 10, inf, 18668, 12, 1852, 16, 1, 88, 34, 15439, 29, 112752, 1, 1896, 286, 5, 18, 6474, 23, inf, 1, 84, 13, 1, 4, 6, 4, 30, inf, 1, 5, 113, inf, 16, 1, 1144, 9, inf, 2074, 4, 298, inf, 414, 75, 6, 233, 35, 13, 3407, 26, inf, 12, inf, inf, 520, 3, 79, 221, 34, 1, 3, 113, 2, 26, 208, 333, 16, 11, 88, 1, 61, 3, 20, 18, 54, 3, 1, 4378, 1, inf, 1, 4, 11, 3, 24, 89, 9, 115, 113, 1, 2, 4, inf, 3, 1, 3, 1886, 136, 5, 3, 1104, 5730, 7, 32, 104, 7, 64, 536, inf, 2, 20, 11, 925, 88, 2, 7, 1, 4, 1, 16, 7, 1, 5, 149, 4, 89, 1, 6, 390, 4, 23, 1, 7, 5, 1, 3, 33, 336, 1, inf, 2427, 300, 13, 5, 3261, 3, 1, 590, 6, 1, inf, 1, 27, 1, 26, 9, 52, 3, 207, 21, 11, 284, 5, 12, 311, 6, 2, 9, 9, 1, 42, 1, 10, 2, inf, 28, 13819, 1, 6, inf, 33, 58, 94, 1797, 54, 3, 1, 36, 2, 24, 75, 73, inf, 4, 3, 4, 7, 1231, 4, 1, 3, 42, 215, inf, 23, 7, 8, 10, 8, inf, 7, 110, 25, 29, 121, 883, 2, 7, 27, 2, inf, 187, 2, 2, 4, 1, 6, 20131, 27, 47, 1, 138, 21, 20, 119, 3, 41, 1, 6, 78, 17, 22, 764, 121, 3, 6, 1, 206, 2, 25, 5800, 17, 17, 4, 8, 9068, 3, 7, inf, 4, 942, 5, 1, 3, 4, 662, 248, 14, 414, 2, 8, 2, 7, 19, 2, 2, 5, 1, 2, 1, 38, 2, 4745, 58, 13, 12, 53, 51, 4, 407, 1126, 1, 2, inf, inf, 37, 5, 2, 8, 75, 24, inf, 10, 1, 37, 7, 661, 192, 14311, inf, 25, 396, 8, 3, 10, 23, 106, 5, 368, 3, 12, inf, 6, 11, 35, 6, 12, inf, 34, 3, 1, 2, 9, 28, 10, 2, inf, 2, 5, 3, 8, 1, 15, 2, 4, 33, 1, 303, 5, 486, 1894, 1, 214, 15, 1, 5, 38, 3, 5, 13, 3, 3, 1, 14, 8, 28, 3, inf, 36, 15, 1, 4, 1428, 3, 35, 33, 8, 117, 34, 30, 3, 3, 7, 9, 210, 1, inf, 4, 18, 46, 2, 237, 27, 188, 205, 22, 418, 4, 60, 2, 18, 1, 26, 5, 28, inf, 11, 10, 314, 4, 6395, 40, 2, 308, 2, 38, 28703, 4, 6058, 7, 1, 16, 16, 1, 985, 294, 4, 1, 4, 6, 4, 16, 50, 15, 15, inf, 1253, 427, 134, 21, 1, 141, 9, 2, 139, 14, 222, 4, 50, 1, 12, 653, 2, 13, inf, 6, 15, 2, 3, 67, 2, 96, 1847, inf, 65, 70, 5892, 1272, 3, 1, 2, 3, 119, 2, 1, 25, 1, 3, inf, 8, 12, 2809, 57, 4, 9854, 511, 426, inf, 26, 2, 1, 44, 2, 1, inf, 3, 3, 120, inf, 2, 1, 1113, 59, 9, 46, 27, 22, 2, 29, 49, inf, 1, 8, 2, 3012, 16, 1, 257, 12, 1, 3, 1, 46, 2, 17, 1036, 71, 923, 420, 4, 28, 200, 100, 17, 3, 1, 2, 35, 2, 19, 4, 10, inf, 11, 24, 216, 24, 70, 1, 23, inf, 3, 4, 1, 15, 13, 6, 4, inf, 1, 2, 13, inf, 74, 558, 923, 4321, 2244, 1, 1103, 6, 117, inf, 7, 5, 4, 213, 127, 2, 8, 3429, 413, 39, 55, 57, 7, 32, 49, 9, 2, 3, inf, 41, 1, 35, 2, 22, 114, 6, 2, 3, 4, 9, 82, 145, 4, 3135, 1, 1, 1, 1, 4, 5, 1, inf, 72, 2563, 1, 65, 6, 347, 39, 65, 4, 14, 87, 4, 157, 1, 5, 973, 2, 3, 12, 17, 413, 5, 973, 1, 420, 9, 78, 18, 7, inf, 1, 123, 9, 1, 27, 4, 12, 770, 556, 15, 18, 1, 8, inf, 1, 30, 1, 11, 47, 20, 12, 11, 2, 111, 17, 20, 103, 42, 5, 855, 24, 1, 30, 1642, 34, 17340, 677, 4233, 36, 346, 421, 14, 36, 10, 3, 1, 4, 1, 6, 24, 4, 3, 18, 57, 1, 293, 1435, 3, 22, 570, 59, 168, inf, 7608, 2854, 29, 173, 267, inf, 5, 1, 40, 2, 42, 2, inf, 4, 1, 17, 4603, 58, 39, 6, 61, inf, 394, 3, 1, 27275, 5, 2, 832, 8, 7, 34, 2, 1, 10064, 2, 5, 1, 266, 728, 458, 12, 1, 4, 28, 1, 25134, 112, 69, 4, 21, 49, 5, 29, 23, 1, 1, 4, 1, 34, 2, 7, 6, 8, 8, 2321, 93, 6, 7, 45, 56, 22, 34, 2, 2, 1, 4, 10, 16, 52, 2006, 3, 16, 1178, inf, 16, 221, 1, 7, 27, 5, 4052, 6, 287, 85, 4, 2092, 8, 3, 5, 24, 1, 1, 5, inf, 363, 166, 176, 4, 1, 372, 18, 170, 382, 25, 1, 155, 4, 3, 1, 1, 2, 6, 281, 3, 8364, 890, 3147, 1980, 298, 28, inf, 245, 23, 51, 2, 3, 3148, 836, inf, 564, 4, 119, 13, 4, 16, 249, 2, 1, 529, 145, 19, 32, 1, 1262, 18, 4, 6, 1, 139, 250, 1539, 6, 2, 2601, 2, 6, 302, 74, 3, 42, 17486, 17, 99, 3, inf, 1, 880, 43, 9, 4, 29, 2, 191, 2894, 2, 1, 1, 3, 2, 9, 33, 2, 71, 18, 18, 1, 19, 2, 56579, 1, 190, 66, 14, 2, 223, 2, 2, 3, 2, 3, 82, 31, 902, 34, 3, 15, 1, 459, 1, 4, 17, 1, 2, 4, 8, 199, inf, 972, 56004, 142, 1, 39, 2, 4, 252, 339, 1, 1, 4, 4, 8, 51, 8, 77, 2, 4, 3, 135, 447, 7, 114, 6, 594, 3, 2, 3, 2, 1, 14, inf, 1190, 4, 9, 19, 22, 5, 26, 14, 15, 7, 1091, 30516, 8895, 23339, 1, 1, 16, 249, 2, 102, 2, 5, 18, 12, 1602, 9, 78, 12755, 7446, 23, 2, 14, 57, 1, 220, 2, 1445, 37, 2, 28, 1439, 1, 20, 2, 1217, 1, 1, 165, 73, 94, 3, 153, 2, 28, 1, 24, 1, 2, 1, 2593, 608, 19, 9, 112, 1, 7, 1406, 3, 19, 1, inf, 18, 229, 616, 1, 18, 147, 1, 2, 6342, 331, 1, 22, 2, 1, 25, 13996, 19, 19, 33, 32, 2, 1, 1, 8, inf, 39, 9, 2, 52, 2, 4, 280, 1, 6, 462, 3, 11, 284, 13, 2, 1, 25, 73, 24, 31, 206, 1, 16, inf, 1101, 31, 9, 2, 1, 1393, 2, 188, inf, 41, 5, 19, 13, 25, 161, 58, 1, 45, 3, 1, inf, 1, 5, 9, 8, 197, inf, inf, 4, 36, 5, 5, 2, inf, 74, 38, 125, 2, 48, 18, 1, 16, 2, 78, 2, 5, 45, 20, inf, 507, 31, 86650, 14, 16, 5, inf, 15, 1, 34, 1, 6, 3, 424, 4, 25, 1, 145, 292, 4, 193, inf, 1499, 278, 3, 4, inf, inf, 8, 3, 21, 2, 1, 13, 276, 115, 4, 175, 1484, inf, 14, 20287, 2, 115, inf, 8, 5, 2978, 803, 32, 37, 2, 1, 11, 28, 5, 315, 29, 13, 1, 3, inf, inf, 6, inf, 657, 1698, 1, 36, 1, 1, 12, 11, 274, 4, 2, 3, 5238, 3, 353, inf, 4, 1, 387, 2, 7, 28, 2907, 4, 11, 60, inf, 20, 18, 2, 1, 24, 4, 14, inf, 3, inf, 2, 2, 14669, 68, 681, inf, 46, 63, 7, 15, 41, 688, 115, 2, 4, 1, 5, 12, inf, 206, 1, inf, 3, 6, 36, 33, inf, 17, 2, 10, 2, 1, 39, 4, 1, 8787, 85, 1, 324, 153, 2, 1149, 34, 42, 9, 1, 3, 269, 2, 6, 1, 5, 94, 28, 16, 42, 208, 41, 8, 307, 1, 1, 74, 4, 1, 2, 4, 34, 2, 86, 16, 9, 63, 144, 2324, 3, 1, 1, 3, 267, 3, 9, 87, 86, 940, 3, 4, 615, 90, 72, inf, 3, 273, 1, 14084, 52, 33, 2, 94, 4, 9, 1, 4931, 1, 1, 3, 335, 3, 2, 1, inf, inf, 8, 2250, 1, 6, 288, 458, 6, 29, inf, 7, 25, 69, 3, 1, 248, 2, 1, 1, 9, 68, 1, 9, 33639, 55, 2, 7, 1, 20, 7, 19, 3, 2, 8, inf, 10, 1, 3, 1, 12, 59, 3, 731, 18, 11, 25, 1, 12, 4, 3, 15, 1, 8, 1, 51, 4, 26, 11, 656, 5, 1, 18, 4138, 716, 2, 237, 1, 79, 2, 2, 4, 1, 90, 5, 4, 453, 2, 1, 9, 11, 194, 1, 2, 5, 113, inf, 30, 4, 19, 1, 90, 4, inf, 411, 8, 3, 38, 2, 1, 2, inf, 3, 11, 2, 1, 10, 2, 1107, 9291, 2, 65, 106, 170, 102, 28, 1, 3, inf, 1, 7, 1, 22, 3012, 3, 2, 7, 2, inf, 30, 5, inf, 62, 822, 4, inf, 1, 48, 3, 1, inf, 170, 57, 1, 28, 50, inf, 12, 23, 1, 2, 20342, inf, 43, 60, 5, 10, 3, 1, 3, 7, 1, 180, 5, inf, inf, 21, 146, 14, 17, 2, 11, 4, 59, 1, 4, 10, 11, 63, 3, 5, 29, inf, 29, 82, 106, inf, 149, 11, 1, 9, 15, 213, 2, 10, inf, 2220, 30, 5, 21, 1, 6, 1, 11, 1, 7, 2, 3, 2, inf, 1, 1, 2, inf, 1136, 1, 1, 1024, 3, 9, 2, 9, 1, 502, 10, 102, 1, 22151, 30, 6, inf, 6, 66, 3, 3, 45, inf, 3, 1, 1, 1291, 1, 3, 1, 66, 4, 30, 7, 6, 1030, 1, 5, 248, 26, 12, 28240, inf, 13, 4, 171, 188, 5, 3, 1, 4, 5, 9, inf, 11, 18, 6, 1884, 5, inf, 124, 14, 2, inf, 3, 3, 31, 3, 21, inf, 8, 73, 109, 6, 677, 21, 3, 22, 198, 2, 2, inf, 5, 1, 1, 1, inf, 3, inf, 1, 3, 3, 1, 1, 2, 13, 7, 10, 4, 20, 3083, 293, 56, 8, 47895, 21, 23, 55, 9, 3, 3, 1, inf, 73, 9, 12, 477, 413, 46, 77, 370, 64, 26, 385, 13, 29, 1, 3, 2, 5, 257, 468, 4, 7, 1, 8, 19, 39, 3, 4, 13, 13, 114, 33, 1, 29, 12, 469, 17, 6, 3, 12, 49, 18, 1832, 76, 4, 1441, 2, 246, 136, inf, inf, 3, 24, 255, 135, 161, 11, 3525, 1, 30, 57, 16, 25, 7, 5338, 108, 1, 4, 2, 321, 6, 2, 6, 8, 1, 11, inf, 59, 2, inf, 3888, inf, 481, 1, 2, 4, 43, 57, 9, 84, 276, 1998, 5, 5211, 161, 3, 1, 1, 5704, 3546, 133, 5, 4, 64, inf, 18, 29, 11, 13, 38, 4, 4, 98, inf, 29, 2, 1, 3, 1, 88, 2217, 26, 181, 93986, 1, 6, 1, 58, 12, 1, 162, 137, 2, 25, 1, 59, 8, 2, 7351, 4, 3, 2, 1, 3, 84, 13, 2, 29, inf, 40, 14, 1498, 16, 263, 63, 4, 163, 12, inf, 44, 9973, 13, 2281, 38, 1, 4, 478, 1, 60, 7, 2, 1, inf, 1, 8, 5, 22, 4, 13, 72, 40, 74, 51, 15, 131, 270, 172, 44, 817, 1, 5065, 20, 4, 18, 11, 297, 15, 87, 208, 390, 2, inf, 320, 2, 31, 8, 2, 10, 1057, 153, 225, 3, 1, 1, 1, 16, 111, 1294, inf, 339, 1, 1, 2, 2, 3, 2, 9, 860, 4, 5, 47, 8, 1, 3098, 89, 264, 4, 2, 4, 92, 97, 3, 1, 58, 1, 3, 104, inf, 49, 95, 2, 4, 31, 1171, inf, 1, 4, 93, 677, 3, 642, 432, 41, 31, 4, 21, 3, 37, 595, 2497, 3, 17, 1, 76, 133, 1, 801, 87, 1, 474, 186, 23, 759, 1, 519, 3, 1, 9297, 414, 7, 43, 2, 85, 3, inf, 19, 3, 138, 155, 57, 6, 19, 70, 22, 78, inf, 2, 47, 3, 291, 1, 4, inf, 27, 484, 1, 8, 22, 2, 2, 171, 393, inf, 18, 2, 4501, inf, 401, 19, 1, 9589, 4, 46360, 465, 313, 27412, 9005, 5, inf, 2738, 41, 42, 13, 17, 7, 5, 53, 71, 4, 450, 17, 56, 6, 13, 10050, 870, 47, 57, 338, 25, inf, 4, 11, 20, 4, 307, 1, 109, 3109, 175, 2767, 1277, 4204, 897, 43, 8, 2, 44, 4, 2, 3, 29495, 5, 7, 267, 2, 2, 9, 9, 1, 816, 180, 1, 19, 24, 29, 112, 8, 3, 1, 61, 13, 9, 94, 23, 21, 75, inf, 6, 238, 1, 27, 5, 7, 10, 511, 57, 26, 29, 9, 20, 1, 2, 3, 2, inf, 162, 7, 675, 122, 22, 3, 8, inf, 74, 52, 4, 1, 21, 12, 43, 1, 2, 941, 22, 3727, 1844, 8, 356, 9, 9, 10, 5, 40, 91, 24, 2, 17, 5, 8, 6648, 9, 279, 6, 1, 451, 1, 2382, 1, 421, 9, 1, 48, 18, 2, 19, 2, 134, inf, 1, 541, 1, 3, 63, 3, 3, 2, 1, inf, inf, 1, 15, 21, 13, 33, 186, 3, 1, 1, 109997, 1, 156, 7, 1, 30, 96, 3976, 6307, 126, 164, 5, 3, 3, 1, 255, 4, 1513, 17, 196, 2, 2, 2, 518, 73, 562, 19, 43253, 3, 37, 2, 12, 85, 16, 878, 85586, inf, 161, inf, 3, 5, inf, 14, 18, 3, 3805, 3, 9, inf, 2, 5, inf, 1408, 3, 3, 2, 10, 1, 6, 75, 689, 121, 26, 92, 1, 1, 1, 1, 172, 9790, 9007, 1, 287, inf, 4, 5, 670, 2, 177, 12501, 58, 59, 72, 761, 14, 4, 1, 522, 1, 27, 4, 47, 9, 102, 31, 36, 10, 459, 2, 1, 1, 40, 135, 35, 106, 6, 3, 9, 42, 3, 188, 2, 3, 4879, 2, 5, 6287, 427, 41, 66, 28, 16, inf, 27, 26, 25, 24, 3, 8, 3, 1082, 11, 1, 3, 1, 128, 71, 15, 2, 34, 34, 60, 49, 27, inf, 2, 15, 2, 4, inf, 14, 2, 1, 3, 1, 3, 1, 309, 1, 34, inf, 2, 3, 5, 1511, 10, 1, 39, 3, 131, 3, 198, 62, 13, 6, 14, 23, 19, 4, 277, 47, inf, inf, 217, 2, 43, 16, 1, 537, 11, inf, 10, 18859, 19, 29, 10, 394, 6, 1, 33, 669, 129, 6, 1, 47, 103, 1, 9, 7, 38, 4, 14, 3153, 1, 1306, 1, 279, 7, 3, 42, inf, 6, 8, 2, 3704, 5, 1, inf, 26, 6, 26408, 2, 4, inf, 484, 16, 1, 3, 4, 14, 104, 7, 1, 27, 104, 23, 1, 99, 91, 7, 18, 32, 26, 139, 1, 26, 90, inf, 1, 4, 1, inf, 9, 2, 3, 12, 31, 3, 19, 23, 2, 3, 52, 563, 53, 19, inf, inf, 39, 2, 9, 1, 21, 16, inf, 106, 6, 3, 1, 8, 104, 17, 22, 8, 12, inf, 8, 2629, 29, 98, 22, 462, 1, 79, 2, 56, 1552, 4130, 345, 32, 428, 47, inf, 70, 88, 5, 3, 4, 8, 1, 8, 562, 141, 1378, 12, 913, 9, 23717, 2, 16, 20, 122, 2, 24, 2, 1, 8628, 1, 6611, 63, 11, 24, 1, 26, 3, 3, 3, 171, 9, 1, 1, 5, 4, 1124, 22, 95, 34, 66, 435, 1854, 3, 4, 150, 1, 42, 4, 1, 8, 2, 3, 36, 6, 16, 3, 8, 3, 3235, 12, 35, 5, 35, 206, 3, inf, 3, 260, 24, 2, 6, 5, 49, inf, 10, 2, 4, 8, 3, 33, 1079, 1, 16, 42, 2, 22, 5, 2, 8, 14, 115, 25, 4, 1, 20, 3, 332, 4, 1, 63, 452, 132, 3, 9, 28, 3590, 17543, 524, 8, 18, 2362, 8, 1, 975, 7830, 5, inf, 53, 69, 1484, 186, 1, 51, 2259, 3228, 256, 10, 1, 9, 19, 1244, 50, 149, inf, 4, 1397, 409, 6, 16, inf, 40, 11, 9, 70, 60857, 21, 370, 20, 241, 3, 2, 2, 240, 1, 1840, inf, 84, 4, 200, 5, 1, 22, 614, 8, inf, 15, 42, 2, 44, 4, 44, 526, 5, 450, 5, inf, 7, 44, 1, 68, 258, 6, 11, 6, 3, 2, 354, 2, 230, 6, 1, 6, 21, 136, 1, 50, 5, 6, 1544, 23, 2, 2, 3, 6, 19, 1, 22, 308, 4, 26, 1, 3531, inf, 2, 1, 1, inf, 3, 6741, 126, 1, 1, 2, 272, 258, 2, 149, 1, 74, 4835, 5, 37, 3, 1, 549, 186, 1, 5, 1, 1, 69, 52, 8, 2, 12, 4, 79, 2, 85, 26, 1197, 2, 7, inf, 88, 4, 2, 123, 30, 317, 6878, 44, 1, 1, inf, 78, 1592, 1, 9, 1, 3942, 2, 102, 199, inf, 74, 389, 3, 3, 39, 4, 1, 9, 8, 20, 1, 3, 41, 4, 346, 153, 79, 4, 1, 49, 32, 27, 10455, 1, 11, 3, 4, 31, 4, 16, 3, 2, inf, 41623, 2, 2, 882, 9, 2, 64, 211, 111, 3, 5, 1, 2, 3, 459, 22, 1, 1, 1, 13, 67, 5, 13, 1, 38, 11, 10, 3, 12090, 105, 1, 1, 2364, 18, 1, 3, 2, 8, 914, 11, 29, 17, 110, 32, 6, 46, 6, 203, 1, 479, 30, 391, 64, 4, 5, 5, 2, 25, 1650, 13, 819, 43, 36, 1, 2257, 1, 1706, 33, 110, 408, 154, 3, 14, 4, 111, 5, inf, 4, 32, 1, 137, 3, 457, inf, 10, 1, 709, 9, 9, 43, 7, 2, 3, 41349, 2186, 2, inf, 4338, 2, 45, 51, 1, inf, 2, 208, 502, 2, inf, 72, 271, 2, 65, 1, 20, 14, 113, 13, 1, 5, 431, 3, 14, 7, 13, 32, 3, 58, 9, 19, 59, 20, 6, 19, 1, 3, inf, 1, 6, 38, 942, 79, 2, 46, 27, 1, 1, 2, 117, inf, 56, 11, 21, 1, 2523, 128, 4, 1, 50, 26, 24, 5, 289, 13915, 323, 39, 20, 1, 2, 29, 88, 1383, 5, 297, 9413, 1, 483, 5, 2, 12, 9, 1276, inf, 94, 295, 25, 4425, 3, 23, 3, 5, 3, 43, 1, 17, 6, 22, 2, 4858, inf, 171, 31, 2, 65, 427, 424, 382, 355, 2, 4, 112, 42, inf, 71, 2, 19, 20, 2, inf, inf, 105, 207, 23, 1, 10, 2, 1, 1, 4101, 2, 7, 61, 74, 3, 72, 115, 34, 1121, 100, 8, 2, 1, 2, 2, 19, 2, 6, 7, 5, 63, 15, 449, 44, 7, 839, 3483, 2, 1, 9, 4, inf, 12, inf, 48, inf, 48, 1, 131, inf, 1392, 15, 3, 20, 214, 3, 1, 31, 1, 63, 17, 2, inf, 9, 2, 1, 373, 14, 1, 109, 4, 75, 55, 6, 67, 42, 38, 5, 4, 198, 2, 54, inf, 34, 7, 13, 165, 276, 9, 13, 2758, 148, 17, inf, 13, 426, 84, 18, 7, 18, 2, 8, 28, 2233, 281, 1, 32, 3, inf, 5007, 14, inf, 2, 1188, 36, 1, 198, 5, 22, 748, 60, inf, 2, 6, 22, 386, 185, 3, 184, 9, 2, 3, 5, 3, 614, 36, 170, 401, 11, inf, 11, 168, 201, 44, 23, 1, 61, 4, 4, 92, 235, 2, 2, inf, 3, 79, 37, 47, 15, 296, 276, 1, 67, 139, 67, 1, 4, 1, 1, 1, inf, 1257, 3, 3, 39, 247, inf, 25, 61, 3618, 32, 1, 6, 5, 1, 12, 1, 89, 45, 301, 2, 47, 56, 2, 97, 12, 27, 11, 76, 4, 32, 1, 6, 2, 192, 22, 22, 1, 53, 9, 1, 3, 1, 88, 2, 156, 352, 36, 50, 2, inf, 84, 6, 3, 175, 3153, inf, inf, 2778, 2, 42, 25, inf, 266, 666, 14, 1, 14, 398, 144, 6, 3, 334, 1, 11, 1, 81, 1, inf, 21, 1, 4, 12, 64, 1599, 195, 1, 184, 34, 3, 606, 17, 22, inf, 2097, 1286, 38, 19, 5243, inf, 14, 101, 1, 84, 2, 128, 849, 155, 577, 185, 2253, 5, 2, 3, 2, 7, 87, 66, 78, 1, 2, 1, 24, 68, 1, 9, 2, 8, 50, 1, 764, 15, 91, 29, 73, 1, 19, 7, 5, 842, 52, 2, 61, 205, 62, inf, inf, 5, 2, 141, 2, 1, 2, 2, 2, 3, 40, 14, 2, 734, 20, 67, 22, 159, 10274, 24, inf, 18785, 19, 6887, 8, 85, 1358, 46, inf, 6, 15, 58, 23, 1, 44, 4, 1, 25, 17, 5, inf, 29, 19, 4656, 23, 2, 7, 1, inf, 41, 76, 230, 11, 213, 8, 5132, 1, 165, 56, inf, 8, 153, 11, 8, 3, 770, 6, 40273, 1, 496, 14, 9, 192, inf, 18021, 1, 87, 2, 1634, 7, 953, 2, 5721, 39, 2, 6, 11, 80, 12, 1542, inf, inf, 8, 3, 12, 158, 50, 6926, 5, 8, 12, 736, 43, 89, inf, 7901, 1, 87, 15, 26, 23, 33, 74, 140, 58, inf, 1, 35, 2, inf, 2357, 37, 8, 1, 2, 1, inf, 144, 99, 1, 64, 221, 10, 28, 53, 48, 38, 18, inf, 1, 12, 1, 74, 2, 4, inf, 4, 23, 1, 23, 137, 162, inf, 1, 14, 477, 12, 3, 3, 43, 11, 1566, 7459, 1, 1495, 23, 25, 24, 84, 1, inf, 380, 5, inf, 2, 12, 171, 1, 196, 636, 2, 4, 53, 39, 962, 136, 3, 1, 2323, 3, 3, 1, 3, 168, 77, 94, 3, 1200, 1, 19, 23, 32, 3493, 1, 4, 16, 142, 4, inf, 1324, 22, 2405, 11496, 10, inf, 1, 106, 1, 21, 10, 223, 155, 387, 6847, 1111, 2, 425, 90, 109, 49, 5, 15, 3, 6, 1, 49, 8807, 6, 2, 1, 3, 39, 9, inf, 2, inf, 32, 1, 29, 122, 1, 17, inf, inf, 20, 26, 42, 2183, 3, 11, 7, 1, 27, 87, 109, 236, 2507, 3, 19, 605, 1, inf, 15, 18, 17, 1068, 6, 133, 3, 3423, 1, 9, 11, 16, 4, 2, 1, 1, inf, 15, 5, 12, 13, 7, 112, 1, inf, 1, 10, 1522, 2, 1671, 4680, 768, 14, 4, 3, 10, 54, 5, 2, 2, 1, 5, 17, 17, 3, 240, 419, 4, 3, 123, 1, 6, 71, 13, 6834, 1, 121, 1, 18, 142, 21, 2, 30, 39, 1327, 2, 5, 3, 6, 4, inf, 7, inf, 2, 30, 1, 5, 19, 258, 20, 1, 27, 10, 96, 25, inf, 1, 4, 1, 2, 8, 2, inf, 4, 5, 2, 115, 57, 3, 2, 30, 16, 136, 1, 2, 5, 43, 276, 21, 2, 6, 7, 14, 12420, 24, 7, 12, 4, 234, 1, 926, 14, 244, 442, 3, 108, 1, 12, inf, 11, 4, 11, 6, 18, 51, 15, inf, 9, 53, 13, 44, 5, 51, 62, 31, 11, 3, 39, 2, 2, 1, 3, 8, 80, 907, 124, 30, 2, 3, 65, 8690, 145, inf, 502, 12, 501, 2, 6, 4, 2, 68, inf, 128, 6, 258, 258, 23225, 1, 28, 132, 1, 491, 53, inf, 115, 10, 3518, 1, 198, 7, 3, 6, 700, 1003, 23, 31, 87, 118, 1, 2, 41, inf, 7, 1, 192, 2, 21, 2, 159, 216, 4, 87, 13, 2, 1, 701, 41, 3, 5, 20, 146, 198, 1, 8, 6, 78, 19, 2, 2, 378, 512, 5, 1342, 39, 4, 7, 1, 42, 2, 2, 1613, 1, 1, 34, 63, 37, 7, 653, 47, 547, 3, 202, 845, 3, 1875, 3, 14, 41, 96, 11, 133, 22, 35, 8, 71, 1, 3, 9, 1, 55, 18598, 45, 14, 3, 3, inf, 1, 726, 67, 4, 4, 5, 5, 1, 10, 2, inf, 1, 1, 4, 9, 2, 163, 66, 32, 7824, 20, 537, 2, 4, 209, 23, 8, 1, 8518, 487, 16, 2, 1, 3, 2, 10, 8, 5, 674, inf, 3, 502, 66, 58, 3, 8, 1, 1406, 1, 13, 3, 6, 12, 4077, 1, 4, 490, inf, 20, 8, 278, 4, 146, 23, 70, 11635, 1, 15, 82, 155, 10, 16, 11, 9, 63, 25, 48, inf, 20, 2, 33, 8, 2, 3, 5148, 11608, 1, 1, 1941, 5, 3, 13, 9, 343, 7, 2, 1, inf, 2, 63, 4, 5, 4, 65, 2, 2, 1, 3, 1, 1819, 68, 6, 49, inf, 3, 2, 1, 779, 228, 181, 8, inf, 6, 61, 6, 126, 1, 509, inf, 9, 315, 11, inf, 439, 1, 4, 425, inf, 824, 29, 5, inf, 329, 1, 4, 1, 2, 3703, 6, 11, 68, 114, 114, 44, 287, 2, 21, 37, 2, 69, 30, 19, 504, 87, 742, 1, 1, 1193, 2, 3, 135, 47372, 2, 2, inf, 75, 1708, inf, 1335, 2056, 4, 1, 1087, 400, 1080, 5, 2, 1, 5, 1, 3, 8, 3, 1, inf, 107, 1, 4416, 1, inf, 12, 343, 77, 10, 8, 57, 4, 1461, 5296, 12, 3, inf, 8, 2, 3, 16, 1, 3, 6, 1, 11, 143, 1, 1, 50, 25, 27, inf, 2, 6909, inf, 6, 486, 672, 773, 1, 1, 2, 11, 933, 4, inf, 7, 1, 4, 20, 60, 7, inf, 8, inf, inf, 9, 22, 2, 3, 168, 9, inf, 3, 8, 1, 1, 4, 104, 3, 1, 365, 190, 9, 8, 51, 4, 4725, 7, inf, 2, 1, 4, 62, inf, 27, inf, 2, 42, 1, 2, 671, 2, 27, 514, 90, 31, 15, inf, 1, 41, 7, inf, 399, 13, 17, 1, 1, 3347, 3157, 167, 12, 8, 1367, 14, 49, 14, 4, 4, 15, 1, 2, 67, 921, 2334, 2, 194, 9, 2, 10, 25, 22, 785, 337, 3, 2, 18, 36, 598, 239, 9, 15, 229, 8, 3, 54, 3, 155, 1, 273, 144, 3, 2254, 4, 396, 10, 55, 17, 5, 21, 801, 1, 58, inf, 36626, 10, 85, 684, 29, 9, 50, 23, 242, 2, 1, 9, 127, 6, 3, 8, 1417, 857, 3, 7, 17, 21256, 1, 4, 1, 1, 79, 637, 1, 5, 1, 2, 14, 1, 4, 79, 10, 17, 1, 207, 2, 4, 9, 29, 7, 69, 3, 59, 11, inf, 155, 208, 2161, 284, 1835, 2, 2, 1049, 195, 3, 34, 3, 7, inf, 12, 2, 22, 2, 1, 53, 13, 11, 3, 1465, 10, 9, 16, 66, 22, inf, 6, 83, 1, 2, 64, 2, 3, 129, 17, 21, 43, 1, 76, 3, 1, 15, 40, 3, 32, 8, 4376, 772, 2458, 29726, 10, 1, 21, 4, 30, 69, 4, 6, 16, 9, 12, 62, inf, 296, 15, 342, 4, inf, 2674, 1, 12, 202, 16, 7, 178, 1, 652, 5, 1, 3, 9, 19, 5, 33, 17, 1, 15553, 4, 180, 8, 564, 51, 11, 1, 9, 146, 7, 39, 2, 1, 9, 16, 4, 168, 1, 572, 7, 43, 1, 1, 6, 8, 10, 36, 8, inf, 1, 99, 2, 83, 19, 9, 1, 54459, 696, 3249, 2, 3, 9, 4, 5, 1, 3, inf, inf, 5, 13, 828, 142, 214, 50, 99, 163, 62, 2, 4, 7, 6, 2475, 1, 4, 27, 40, 89, 4, 4, 22, 25, 8, 6, 3542, 18, 244, 15, 398, 9, 41, 1, 4, 8, 1, 3, 11, 14, 1, inf, 1, 1, 5, 4, 583, 171, 37, 5, 7, 17, 281, 12, 14, 75, 4, 2, 1, 50, 2, inf, 1, 13, 1, 340, 1, 76, 1, inf, 49, inf, 108, 20, 2, 47, 7, 9, 520, inf, 6, 1, 7, 649, 2, 4, 17014, 56, 53, 1, 8, 1, 1, 216, 60, 23, 263, 820, 1, 8, inf, 1168, 17, 49, 2, 2723, 42, 4, 1, 100, 37, 3, 2, 8, 1, 1, 6, 4, inf, inf, 835, 1, 1, 27, 355, 5, 25, 29, 63, inf, 48, 1819, 2, 25, 198, 95, 1, 142, 3, 1, inf, 411, 58, 72, 261, 128, 11, 2, 5863, 4, 5, 2, 4, 167, 1, 16, 2, 2, 12, 12, inf, 1, 116, 2, 2, 1, 96, 6, 1, 4990, 4, 5, 123, 49, 1, 113, inf, 6, 235, 22, 58, 13, 4, 14, 514, 1, 40, 2, 7, 6563, inf, 422, 33, 33, 4, inf, 1, 1, 2, 21, inf, 777, 557, inf, 33, 72, 4, 31, 1, inf, 9, 2, 5, 3, 22, 1419, 17619, 97, 54, 22, 233, 142, 3, 3, 11, 630, 15, inf, inf, 3, inf, 6, 217, inf, inf, 3, 7, inf, 2, 13653, 154, 8, 23, inf, 1, 428, 7, 4, inf, 28, 8, 6, 22, 170, 14, 19, 3, 6, 84, 395, 6, 2, 1, 1, inf, 17, 7, 6, 18, 12, 1, inf, 1, 2, 89, 14, 2, 1574, inf, 2, 3, 3, 2, 7, 5, 1040, 79, 6, 8856, 22, 898, 36, 127, 3263, 2, 2, 8, 10, 3, 70, 94, 29, 225, 15, 44, 786, 12, 20, 37, 3, 4, 4, 5, 6, inf, 1281, 1179, 225, inf, 1, 81, 6, 50649, 9, 1, 19, 8, 10, 8, 60, 192, 4, 167, 2, 72, 12, 56, 102, inf, 11, inf, 1689, 12, 233, 8, 1, 450, 1, 2, 3, 2, 1, 2, 284, 2, 1, 1, 4, 52, 1, 52, 207, 19, 2, inf, 158, 2, 29, 34090, 6, 622, 2, 13, 2, 1, 5, 2, 53, 2246, 12, 5, 94, 15, 163, 1, inf, 3, 4, 14, 2, 1, 2, 40, 108, 14, inf, 10, 3645, 3, 2, 19, 12, 16, inf, 3, 3, 6, 225, 3, 5, 100, 3, 6, 4, 684, 15, 1, 38, 57, 2, 77, 22, 2, 63, 6, 2364, 3, 89, 1416, 193, 11, 8, 1, 6, 26, 1, 12, 1, 140, 303, 293, 1596, 20, 3, 7, 28, 2, 16, 306, 2, 4, 1, 1, 1, 18, 3901, 528, 159, 1, 16, 287, 15, 4, 2, inf, 5, 1, 165, 671, 14, 7289, 185, 41, 2, inf, 154, 157, 2, 1, 96, 3, 2, 16, 101, 2737, 56, 1, 4, 2, 347, 35, 4, 2, 1, 80, 4, 2, 5, 4688, 7, 1, 9, 2, 4851, 1610, 24, 12, 5, 44, 1, 514, 35, 21, 278, 2, 5, 1, inf, inf, 98, 54, 3, 1, 127, 7, 8, 3, 60, 5, 18, inf, 5, 3635, 116, 675, 12, 1, 594, 5, 1, 258, 1, 186, 1, 14, 19, 650, 30, 11, inf, 141, 11876, 18, 4, 1, 6, inf, 26, 6, 5, 94, 2, 2, 2, 115, 604, 47, 4, 20, inf, 15, 11, 101, 178, 165, 3, 8, 1, 1, 2, 3, 283, inf, 7, 7, 2, 1, 73, 12, 324, 40, 4, 34, 3, 3, 133, 5, inf, 1, 1858, 24, 5, 1, 2, 37, 70, 1, 65, 1456, 27, 779, 4, 5, inf, 5711, 7, 30, 33, 160, 26, 58, 9, 33, 39, 144, 1, 82, 2, 50, 50, 1, 71, 1, 286, 2, inf, 4, 148, 30, 786, 3146, 43, 21, 1696, 1, 15, 1, 5, 15875, 7940, 2, 6, 3089, 22571, 13, inf, 3910, 1, inf, 8, 9, 7, 749, 1, 36, 88, inf, 845, inf, 1, 83, 385, 5, 1, 1011, 2, 6, inf, 52, 2, 213, 87, 36, 23, 2, inf, 986, 1, 1632, 365, 9, 186, inf, 9, 30, 13776, 238, inf, 2, inf, 6, 4, 2, 2, 80, 3722, 77, 34, 305, 50, 364, 4, 4513, 12, inf, 1, 56, 16, 601, 21, 7, 1, inf, 1, 4, 2, 6, inf, 16, 682, 204, 418, 178, 1564, inf, 2, inf, 1, 4, 2422, 42, 1529, 99, inf, 1, 1, 1, 471, 2, 6005, 2568, 3, 104, inf, 1, 11, 99, 51, inf, 5, 1, 90, 2, 82, 9, 555, 4, 1, 26, 17, 1, inf, 26, 362, 110, 3247, 101, 1, 2, 5, 1, 5, inf, inf, 90, 8, 2, 21, 2, 7, 24, 82, 122, 7, 4, 7, 162, 3303, 6, 7, 24, 1439, 25, 467, 1, 1, 2, 2, 210, 3, 1, 188, 9, 4, 3557, inf, 7, 4, 4, 109, 4503, 18, 14, 9, 2, 9, 194, 35, 14, 584, 9, 121, 4, 1316, 2165, 4, 7, 1, 16, 16, 2, inf, inf, 3, 33, 8212, 939, 1, 27, 1010, 24, inf, 62, 49, inf, 5, 1, 3, inf, inf, 79, 2, 843, 20, 17, 5, 155, 4, 1, inf, 6, 16, inf, 78, 74, 82, 2, 435, 23, 441, 2, 1898, 1, 19, 3, 41, 12, 155, 1, 3, 4, 155, 2, 2, 7, 18, 429, 306, 11, 6, 1010, 11, 10, 171, 776, 1, 219, 5, 8, 174, 3, 129, 10, 48, 53, 15, 144, 3, 5, 1062, 969, 5, 18, 44, 3, 15, inf, 5, 1, 1, 123, 3, 10488, 457, 77, 48, 8, 16, 9, 792, 131, 7, inf, 2, 1, 1, 8, 4, 27405, 10, 15, inf, 13, inf, inf, 33, 1, 8, 79, 2, 2, 2, inf, 4, 2, 6, 11, inf, 2, 13, 9, 1, 399, inf, 6, 13, 3, inf, 352, 3, 8, 1, 24, 5, 9, 8, 34, 1, 1, inf, 3, 118, 66, 46, 10, 20, 7, 2, 82, inf, 1, 1, 1, 1, 13, 4, 2, 3, 11, 56, 4288, 3599, 4, 531, 2463, 6, 9, 32, 49, 7, 3, 154, 52, 12, 7, inf, inf, 8, 7, 1, 14, inf, inf, 77, 3, 42, 1, inf, 31, 7, 1, 1, 477, 5, 24, 47, 9, inf, 16, 5, inf, 2, 13, 152, 1, 1, 11, inf, 630, 296, 12]
2022-08-30 Tuesday 10:32:35:INFO: It completed at: 2022-08-30 10:32:35.586253
2022-08-30 Tuesday 10:32:35:INFO: Completed after: 3 days, 5:46:48.300617
