2022-08-27 Saturday 15:58:39:INFO: {'bug_database': 'dataset/mozilla-old/mozilla-old_soft_clean.json', 'database_name': 'mozilla-old-sampled', 'epochs': 12, 'lr': 0.001, 'l2': 0.0, 'batch_size': 256, 'ranking_batch_size': 512, 'ranking_n_workers': 2, 'cuda': True, 'cache_folder': None, 'pairs_training': 'dataset/mozilla-old/training_split_mozilla-old_pairs_random_1.txt', 'pairs_validation': 'dataset/mozilla-old/sampled_validation_mozilla-old_pairs_random_1.txt', 'neg_pair_generator': {'type': 'none', 'training': None, 'rate': 1, 'pre_list_file': None, 'k': 0, 'n_tries': 0, 'preselected_length': None, 'random_anchor': True}, 'loss': 'bce', 'margin': 0, 'categorical': {'lexicons': 'dataset/mozilla-old/categorical_lexicons.json', 'bn_last_layer': False, 'emb_size': 20, 'hidden_sizes': [40], 'dropout': 0.0, 'activation': 'relu', 'batch_normalization': False, 'layer_norm': False}, 'compare_aggregation': {'word_embedding': 'word_embedding/mozilla-old/glove_42B_300d_mozilla-old.npy', 'norm_word_embedding': False, 'lexicon': 'word_embedding/mozilla-old/glove_42B_300d_mozilla-old.lxc', 'sent_representation': None, 'tokenizer': 'white_space', 'bow': False, 'frequency': False, 'extractor': {'update_embedding': False, 'filters': ['TransformLowerCaseFilter'], 'hidden_size': 150, 'dropout': 0.0, 'layer_norm': False, 'txt_field_emb_size': 5, 'field_word_combination': 'cat', 'emb_dropout': 0.0, 'scaled_attention': True, 'model': 'linear', 'use_categorical': False, 'bidirectional': True}, 'matching': {'type': 'full', 'scaled_attention': True, 'comparison_hidden_size': 100, 'dropout': 0.0, 'residual': True, 'layer_norm': False, 'attention_hidden_size': 200, 'attention': 'dot_product', 'comparison_func': 'submult+nn'}, 'aggregate': {'model': 'lstm', 'window': [3, 4, 5], 'nfilters': 100, 'hidden_size': 150, 'dropout': 0.0, 'bidirectional': True, 'num_layers': 1, 'self_att_hidden': 50, 'layer_norm': False, 'n_hops': 20}, 'classifier': {'hidden_size': [300], 'output_act': 'sigmoid', 'hadamard_diff_textual': True, 'hadamard_diff_categorical': True, 'textual_hidden_layer': 600, 'categorical_hidden_layer': 40, 'categorical_dropout': 0.0, 'dropout': 0.0, 'only_candidate': False, 'layer_norm': False, 'batch_normalization': False}}, 'random_switch': True, 'recall_estimation_train': None, 'recall_estimation': None, 'sample_size_rr_tr': 0, 'sample_size_rr_val': 0, 'rr_val_epoch': 100, 'rr_train_epoch': 100, 'ranking_result_file': None, 'optimizer': 'adam', 'lr_scheduler': None, 'save': None, 'save_by_epoch': None, 'load': None, 'recall_rate': {'type': 'sun2011', 'dataset': 'dataset/mozilla-old/test_mozilla-old.txt', 'result_file': None, 'group_by_master': True, 'window': 365}, 'pair_test_dataset': None, 'rep': {'model': None, 'input': None, 'training': None, 'rate': 1, 'neg_training': 10000, 'k': 1000}, 'rr_scorer': 'general', 'seed': 210488855}
2022-08-27 Saturday 15:58:39:INFO: It started at: 2022-08-27 15:58:39.837889
2022-08-27 Saturday 15:58:46:INFO: Turning CUDA on
2022-08-27 Saturday 15:58:46:INFO: Using Categorical Information.
2022-08-27 Saturday 15:58:46:INFO: Lexicon size: 97938
2022-08-27 Saturday 15:58:46:INFO: Word Embedding size: 300
2022-08-27 Saturday 15:58:46:INFO: Use white space tokenizer to tokenize summary information
2022-08-27 Saturday 15:58:46:INFO: BoW=False and TF=False
2022-08-27 Saturday 15:58:46:INFO: Using Summary and Description information.
2022-08-27 Saturday 15:58:46:INFO: Using BCE Loss: margin=0
2022-08-27 Saturday 15:58:49:INFO: Not generate dynamically the negative examples.
2022-08-27 Saturday 15:58:54:INFO: Training size: 68400
2022-08-27 Saturday 15:58:54:INFO: Validation size: 2418
2022-08-27 Saturday 15:58:54:INFO: Adam
2022-08-27 Saturday 15:58:54:INFO: Scheduler: Constant
2022-08-27 Saturday 15:58:54:INFO: Epoch: 1
2022-08-27 Saturday 15:58:54:INFO: LR: 0.001
2022-08-27 Saturday 16:00:24:INFO: {'type': 'metric', 'label': 'training_loss', 'epoch': 1, 'value': 0.16521520713790816, 'sum': 11300.720168232918, 'num_example': 68400}
2022-08-27 Saturday 16:00:24:INFO: {'type': 'metric', 'label': 'training_dist_target', 'value': (0.09903042780377014, 0.09947541748222552), 'epoch': 1}
2022-08-27 Saturday 16:00:24:INFO: {'type': 'metric', 'label': 'training_acc', 'epoch': 1, 'value': 0.9320175438596491, 'num_correct': 63750, 'num_example': 68400}
2022-08-27 Saturday 16:00:24:INFO: {'type': 'metric', 'label': 'training_precision', 'epoch': 1, 'value': 0.9360207915306091, 'positive': 31718.0, 'total': 33886.0}
2022-08-27 Saturday 16:00:24:INFO: {'type': 'metric', 'label': 'training_recall', 'epoch': 1, 'value': 0.9274268746376038, 'positive': 31718.0, 'total': 34200.0}
2022-08-27 Saturday 16:00:25:INFO: {'type': 'metric', 'label': 'validation_loss', 'epoch': 1, 'value': 0.16280138250394138, 'sum': 393.6537428945303, 'num_example': 2418}
2022-08-27 Saturday 16:00:25:INFO: {'type': 'metric', 'label': 'validation_dist_target', 'value': (0.06646249627554289, 0.07261661520864078), 'epoch': 1}
2022-08-27 Saturday 16:00:25:INFO: {'type': 'metric', 'label': 'validation_acc', 'epoch': 1, 'value': 0.945822994210091, 'num_correct': 2287, 'num_example': 2418}
2022-08-27 Saturday 16:00:25:INFO: {'type': 'metric', 'label': 'validation_precision', 'epoch': 1, 'value': 0.9461920261383057, 'positive': 1143.0, 'total': 1208.0}
2022-08-27 Saturday 16:00:25:INFO: {'type': 'metric', 'label': 'validation_recall', 'epoch': 1, 'value': 0.9454094171524048, 'positive': 1143.0, 'total': 1209.0}
2022-08-27 Saturday 16:00:25:INFO: Epoch: 2
2022-08-27 Saturday 16:00:25:INFO: LR: 0.001
2022-08-27 Saturday 16:01:53:INFO: {'type': 'metric', 'label': 'training_loss', 'epoch': 2, 'value': 0.0913638547742576, 'sum': 6249.287666559219, 'num_example': 68400}
2022-08-27 Saturday 16:01:53:INFO: {'type': 'metric', 'label': 'training_dist_target', 'value': (0.049441174955395926, 0.04997932152615653), 'epoch': 2}
2022-08-27 Saturday 16:01:53:INFO: {'type': 'metric', 'label': 'training_acc', 'epoch': 2, 'value': 0.9678070175438597, 'num_correct': 66198, 'num_example': 68400}
2022-08-27 Saturday 16:01:53:INFO: {'type': 'metric', 'label': 'training_precision', 'epoch': 2, 'value': 0.9686291813850403, 'positive': 33069.0, 'total': 34140.0}
2022-08-27 Saturday 16:01:53:INFO: {'type': 'metric', 'label': 'training_recall', 'epoch': 2, 'value': 0.9669298529624939, 'positive': 33069.0, 'total': 34200.0}
2022-08-27 Saturday 16:01:54:INFO: {'type': 'metric', 'label': 'validation_loss', 'epoch': 2, 'value': 0.15072556519133676, 'sum': 364.4544166326523, 'num_example': 2418}
2022-08-27 Saturday 16:01:54:INFO: {'type': 'metric', 'label': 'validation_dist_target', 'value': (0.06312698840700565, 0.06757654642841854), 'epoch': 2}
2022-08-27 Saturday 16:01:54:INFO: {'type': 'metric', 'label': 'validation_acc', 'epoch': 2, 'value': 0.9520264681555004, 'num_correct': 2302, 'num_example': 2418}
2022-08-27 Saturday 16:01:54:INFO: {'type': 'metric', 'label': 'validation_precision', 'epoch': 2, 'value': 0.9520264863967896, 'positive': 1151.0, 'total': 1209.0}
2022-08-27 Saturday 16:01:54:INFO: {'type': 'metric', 'label': 'validation_recall', 'epoch': 2, 'value': 0.9520264863967896, 'positive': 1151.0, 'total': 1209.0}
2022-08-27 Saturday 16:01:54:INFO: Epoch: 3
2022-08-27 Saturday 16:01:54:INFO: LR: 0.001
2022-08-27 Saturday 16:03:23:INFO: {'type': 'metric', 'label': 'training_loss', 'epoch': 3, 'value': 0.07378211935709791, 'sum': 5046.696964025497, 'num_example': 68400}
2022-08-27 Saturday 16:03:23:INFO: {'type': 'metric', 'label': 'training_dist_target', 'value': (0.040047853277092094, 0.04042143621465616), 'epoch': 3}
2022-08-27 Saturday 16:03:23:INFO: {'type': 'metric', 'label': 'training_acc', 'epoch': 3, 'value': 0.9736695906432749, 'num_correct': 66599, 'num_example': 68400}
2022-08-27 Saturday 16:03:23:INFO: {'type': 'metric', 'label': 'training_precision', 'epoch': 3, 'value': 0.9735449552536011, 'positive': 33304.0, 'total': 34209.0}
2022-08-27 Saturday 16:03:23:INFO: {'type': 'metric', 'label': 'training_recall', 'epoch': 3, 'value': 0.9738011956214905, 'positive': 33304.0, 'total': 34200.0}
2022-08-27 Saturday 16:03:23:INFO: {'type': 'metric', 'label': 'validation_loss', 'epoch': 3, 'value': 0.16647613552037696, 'sum': 402.5392956882715, 'num_example': 2418}
2022-08-27 Saturday 16:03:23:INFO: {'type': 'metric', 'label': 'validation_dist_target', 'value': (0.054524499981535475, 0.0719167077906177), 'epoch': 3}
2022-08-27 Saturday 16:03:23:INFO: {'type': 'metric', 'label': 'validation_acc', 'epoch': 3, 'value': 0.9540942928039702, 'num_correct': 2307, 'num_example': 2418}
2022-08-27 Saturday 16:03:23:INFO: {'type': 'metric', 'label': 'validation_precision', 'epoch': 3, 'value': 0.9597989916801453, 'positive': 1146.0, 'total': 1194.0}
2022-08-27 Saturday 16:03:23:INFO: {'type': 'metric', 'label': 'validation_recall', 'epoch': 3, 'value': 0.9478908181190491, 'positive': 1146.0, 'total': 1209.0}
2022-08-27 Saturday 16:03:23:INFO: Epoch: 4
2022-08-27 Saturday 16:03:23:INFO: LR: 0.001
2022-08-27 Saturday 16:04:53:INFO: {'type': 'metric', 'label': 'training_loss', 'epoch': 4, 'value': 0.056794480184714, 'sum': 3884.7424446344376, 'num_example': 68400}
2022-08-27 Saturday 16:04:53:INFO: {'type': 'metric', 'label': 'training_dist_target', 'value': (0.030060818105587486, 0.030830897563382198), 'epoch': 4}
2022-08-27 Saturday 16:04:53:INFO: {'type': 'metric', 'label': 'training_acc', 'epoch': 4, 'value': 0.9803362573099416, 'num_correct': 67055, 'num_example': 68400}
2022-08-27 Saturday 16:04:53:INFO: {'type': 'metric', 'label': 'training_precision', 'epoch': 4, 'value': 0.9795650243759155, 'positive': 33555.0, 'total': 34255.0}
2022-08-27 Saturday 16:04:53:INFO: {'type': 'metric', 'label': 'training_recall', 'epoch': 4, 'value': 0.9811403751373291, 'positive': 33555.0, 'total': 34200.0}
2022-08-27 Saturday 16:04:53:INFO: {'type': 'metric', 'label': 'validation_loss', 'epoch': 4, 'value': 0.18819494104217754, 'sum': 455.0553674399853, 'num_example': 2418}
2022-08-27 Saturday 16:04:53:INFO: {'type': 'metric', 'label': 'validation_dist_target', 'value': (0.08780365881592504, 0.03893104557955531), 'epoch': 4}
2022-08-27 Saturday 16:04:53:INFO: {'type': 'metric', 'label': 'validation_acc', 'epoch': 4, 'value': 0.944995864350703, 'num_correct': 2285, 'num_example': 2418}
2022-08-27 Saturday 16:04:53:INFO: {'type': 'metric', 'label': 'validation_precision', 'epoch': 4, 'value': 0.9236220717430115, 'positive': 1173.0, 'total': 1270.0}
2022-08-27 Saturday 16:04:53:INFO: {'type': 'metric', 'label': 'validation_recall', 'epoch': 4, 'value': 0.9702233076095581, 'positive': 1173.0, 'total': 1209.0}
2022-08-27 Saturday 16:04:53:INFO: Epoch: 5
2022-08-27 Saturday 16:04:53:INFO: LR: 0.001
2022-08-27 Saturday 16:06:23:INFO: {'type': 'metric', 'label': 'training_loss', 'epoch': 5, 'value': 0.043356055219423525, 'sum': 2965.5541770085692, 'num_example': 68400}
2022-08-27 Saturday 16:06:23:INFO: {'type': 'metric', 'label': 'training_dist_target', 'value': (0.02277738096105338, 0.0230952888988612), 'epoch': 5}
2022-08-27 Saturday 16:06:23:INFO: {'type': 'metric', 'label': 'training_acc', 'epoch': 5, 'value': 0.9856432748538012, 'num_correct': 67418, 'num_example': 68400}
2022-08-27 Saturday 16:06:23:INFO: {'type': 'metric', 'label': 'training_precision', 'epoch': 5, 'value': 0.984086275100708, 'positive': 33764.0, 'total': 34310.0}
2022-08-27 Saturday 16:06:23:INFO: {'type': 'metric', 'label': 'training_recall', 'epoch': 5, 'value': 0.9872514605522156, 'positive': 33764.0, 'total': 34200.0}
2022-08-27 Saturday 16:06:24:INFO: {'type': 'metric', 'label': 'validation_loss', 'epoch': 5, 'value': 0.19509153598049045, 'sum': 471.7313340008259, 'num_example': 2418}
2022-08-27 Saturday 16:06:24:INFO: {'type': 'metric', 'label': 'validation_dist_target', 'value': (0.07559584506392183, 0.04053798246423108), 'epoch': 5}
2022-08-27 Saturday 16:06:24:INFO: {'type': 'metric', 'label': 'validation_acc', 'epoch': 5, 'value': 0.9491315136476427, 'num_correct': 2295, 'num_example': 2418}
2022-08-27 Saturday 16:06:24:INFO: {'type': 'metric', 'label': 'validation_precision', 'epoch': 5, 'value': 0.9337060451507568, 'positive': 1169.0, 'total': 1252.0}
2022-08-27 Saturday 16:06:24:INFO: {'type': 'metric', 'label': 'validation_recall', 'epoch': 5, 'value': 0.9669148325920105, 'positive': 1169.0, 'total': 1209.0}
2022-08-27 Saturday 16:06:24:INFO: Epoch: 6
2022-08-27 Saturday 16:06:24:INFO: LR: 0.001
2022-08-27 Saturday 16:07:53:INFO: {'type': 'metric', 'label': 'training_loss', 'epoch': 6, 'value': 0.03428449827328063, 'sum': 2345.059681892395, 'num_example': 68400}
2022-08-27 Saturday 16:07:53:INFO: {'type': 'metric', 'label': 'training_dist_target', 'value': (0.017890765070670136, 0.01796721161108965), 'epoch': 6}
2022-08-27 Saturday 16:07:53:INFO: {'type': 'metric', 'label': 'training_acc', 'epoch': 6, 'value': 0.9886111111111111, 'num_correct': 67621, 'num_example': 68400}
2022-08-27 Saturday 16:07:53:INFO: {'type': 'metric', 'label': 'training_precision', 'epoch': 6, 'value': 0.9869168400764465, 'positive': 33870.0, 'total': 34319.0}
2022-08-27 Saturday 16:07:53:INFO: {'type': 'metric', 'label': 'training_recall', 'epoch': 6, 'value': 0.9903509020805359, 'positive': 33870.0, 'total': 34200.0}
2022-08-27 Saturday 16:07:54:INFO: {'type': 'metric', 'label': 'validation_loss', 'epoch': 6, 'value': 0.21708892492887105, 'sum': 524.9210204780102, 'num_example': 2418}
2022-08-27 Saturday 16:07:54:INFO: {'type': 'metric', 'label': 'validation_dist_target', 'value': (0.0486045583799124, 0.06964232923572374), 'epoch': 6}
2022-08-27 Saturday 16:07:54:INFO: {'type': 'metric', 'label': 'validation_acc', 'epoch': 6, 'value': 0.944995864350703, 'num_correct': 2285, 'num_example': 2418}
2022-08-27 Saturday 16:07:54:INFO: {'type': 'metric', 'label': 'validation_precision', 'epoch': 6, 'value': 0.9498327970504761, 'positive': 1136.0, 'total': 1196.0}
2022-08-27 Saturday 16:07:54:INFO: {'type': 'metric', 'label': 'validation_recall', 'epoch': 6, 'value': 0.9396195411682129, 'positive': 1136.0, 'total': 1209.0}
2022-08-27 Saturday 16:07:54:INFO: Epoch: 7
2022-08-27 Saturday 16:07:54:INFO: LR: 0.001
2022-08-27 Saturday 16:09:24:INFO: {'type': 'metric', 'label': 'training_loss', 'epoch': 7, 'value': 0.023901326279019752, 'sum': 1634.850717484951, 'num_example': 68400}
2022-08-27 Saturday 16:09:24:INFO: {'type': 'metric', 'label': 'training_dist_target', 'value': (0.012746616405331427, 0.012417417914546721), 'epoch': 7}
2022-08-27 Saturday 16:09:24:INFO: {'type': 'metric', 'label': 'training_acc', 'epoch': 7, 'value': 0.9921052631578947, 'num_correct': 67860, 'num_example': 68400}
2022-08-27 Saturday 16:09:24:INFO: {'type': 'metric', 'label': 'training_precision', 'epoch': 7, 'value': 0.9906419515609741, 'positive': 33981.0, 'total': 34302.0}
2022-08-27 Saturday 16:09:24:INFO: {'type': 'metric', 'label': 'training_recall', 'epoch': 7, 'value': 0.9935964941978455, 'positive': 33981.0, 'total': 34200.0}
2022-08-27 Saturday 16:09:25:INFO: {'type': 'metric', 'label': 'validation_loss', 'epoch': 7, 'value': 0.22512565598791548, 'sum': 544.3538361787796, 'num_example': 2418}
2022-08-27 Saturday 16:09:25:INFO: {'type': 'metric', 'label': 'validation_dist_target', 'value': (0.04510246445266938, 0.0759083370811393), 'epoch': 7}
2022-08-27 Saturday 16:09:25:INFO: {'type': 'metric', 'label': 'validation_acc', 'epoch': 7, 'value': 0.9425144747725392, 'num_correct': 2279, 'num_example': 2418}
2022-08-27 Saturday 16:09:25:INFO: {'type': 'metric', 'label': 'validation_precision', 'epoch': 7, 'value': 0.9518581032752991, 'positive': 1127.0, 'total': 1184.0}
2022-08-27 Saturday 16:09:25:INFO: {'type': 'metric', 'label': 'validation_recall', 'epoch': 7, 'value': 0.93217533826828, 'positive': 1127.0, 'total': 1209.0}
2022-08-27 Saturday 16:09:25:INFO: Epoch: 8
2022-08-27 Saturday 16:09:25:INFO: LR: 0.001
2022-08-27 Saturday 16:10:54:INFO: {'type': 'metric', 'label': 'training_loss', 'epoch': 8, 'value': 0.023146980752765434, 'sum': 1583.2534834891558, 'num_example': 68400}
2022-08-27 Saturday 16:10:54:INFO: {'type': 'metric', 'label': 'training_dist_target', 'value': (0.011933727709396758, 0.012320988228795125), 'epoch': 8}
2022-08-27 Saturday 16:10:54:INFO: {'type': 'metric', 'label': 'training_acc', 'epoch': 8, 'value': 0.9922222222222222, 'num_correct': 67868, 'num_example': 68400}
2022-08-27 Saturday 16:10:54:INFO: {'type': 'metric', 'label': 'training_precision', 'epoch': 8, 'value': 0.9911021590232849, 'positive': 33973.0, 'total': 34278.0}
2022-08-27 Saturday 16:10:54:INFO: {'type': 'metric', 'label': 'training_recall', 'epoch': 8, 'value': 0.993362545967102, 'positive': 33973.0, 'total': 34200.0}
2022-08-27 Saturday 16:10:55:INFO: {'type': 'metric', 'label': 'validation_loss', 'epoch': 8, 'value': 0.20973507533692642, 'sum': 507.1394121646881, 'num_example': 2418}
2022-08-27 Saturday 16:10:55:INFO: {'type': 'metric', 'label': 'validation_dist_target', 'value': (0.06500990712218684, 0.04565767220370132), 'epoch': 8}
2022-08-27 Saturday 16:10:55:INFO: {'type': 'metric', 'label': 'validation_acc', 'epoch': 8, 'value': 0.9491315136476427, 'num_correct': 2295, 'num_example': 2418}
2022-08-27 Saturday 16:10:55:INFO: {'type': 'metric', 'label': 'validation_precision', 'epoch': 8, 'value': 0.9393203854560852, 'positive': 1161.0, 'total': 1236.0}
2022-08-27 Saturday 16:10:55:INFO: {'type': 'metric', 'label': 'validation_recall', 'epoch': 8, 'value': 0.9602977633476257, 'positive': 1161.0, 'total': 1209.0}
2022-08-27 Saturday 16:10:55:INFO: Epoch: 9
2022-08-27 Saturday 16:10:55:INFO: LR: 0.001
2022-08-27 Saturday 16:12:24:INFO: {'type': 'metric', 'label': 'training_loss', 'epoch': 9, 'value': 0.016971265803042212, 'sum': 1160.8345809280872, 'num_example': 68400}
2022-08-27 Saturday 16:12:24:INFO: {'type': 'metric', 'label': 'training_dist_target', 'value': (0.009092934141003619, 0.009206218862394143), 'epoch': 9}
2022-08-27 Saturday 16:12:24:INFO: {'type': 'metric', 'label': 'training_acc', 'epoch': 9, 'value': 0.9941666666666666, 'num_correct': 68001, 'num_example': 68400}
2022-08-27 Saturday 16:12:24:INFO: {'type': 'metric', 'label': 'training_precision', 'epoch': 9, 'value': 0.9929990172386169, 'positive': 34041.0, 'total': 34281.0}
2022-08-27 Saturday 16:12:24:INFO: {'type': 'metric', 'label': 'training_recall', 'epoch': 9, 'value': 0.9953508973121643, 'positive': 34041.0, 'total': 34200.0}
2022-08-27 Saturday 16:12:25:INFO: {'type': 'metric', 'label': 'validation_loss', 'epoch': 9, 'value': 0.32415817350124504, 'sum': 783.8144635260105, 'num_example': 2418}
2022-08-27 Saturday 16:12:25:INFO: {'type': 'metric', 'label': 'validation_dist_target', 'value': (0.052803083724281434, 0.05894356882207348), 'epoch': 9}
2022-08-27 Saturday 16:12:25:INFO: {'type': 'metric', 'label': 'validation_acc', 'epoch': 9, 'value': 0.9474772539288668, 'num_correct': 2291, 'num_example': 2418}
2022-08-27 Saturday 16:12:25:INFO: {'type': 'metric', 'label': 'validation_precision', 'epoch': 9, 'value': 0.9485903978347778, 'positive': 1144.0, 'total': 1206.0}
2022-08-27 Saturday 16:12:25:INFO: {'type': 'metric', 'label': 'validation_recall', 'epoch': 9, 'value': 0.9462365508079529, 'positive': 1144.0, 'total': 1209.0}
2022-08-27 Saturday 16:12:25:INFO: Epoch: 10
2022-08-27 Saturday 16:12:25:INFO: LR: 0.001
2022-08-27 Saturday 16:13:53:INFO: {'type': 'metric', 'label': 'training_loss', 'epoch': 10, 'value': 0.010833965293540243, 'sum': 741.0432260781527, 'num_example': 68400}
2022-08-27 Saturday 16:13:53:INFO: {'type': 'metric', 'label': 'training_dist_target', 'value': (0.005678100792574271, 0.005829564078509459), 'epoch': 10}
2022-08-27 Saturday 16:13:53:INFO: {'type': 'metric', 'label': 'training_acc', 'epoch': 10, 'value': 0.996154970760234, 'num_correct': 68137, 'num_example': 68400}
2022-08-27 Saturday 16:13:53:INFO: {'type': 'metric', 'label': 'training_precision', 'epoch': 10, 'value': 0.9957635998725891, 'positive': 34082.0, 'total': 34227.0}
2022-08-27 Saturday 16:13:53:INFO: {'type': 'metric', 'label': 'training_recall', 'epoch': 10, 'value': 0.9965497255325317, 'positive': 34082.0, 'total': 34200.0}
2022-08-27 Saturday 16:13:54:INFO: {'type': 'metric', 'label': 'validation_loss', 'epoch': 10, 'value': 0.3177403985492645, 'sum': 768.2962836921215, 'num_example': 2418}
2022-08-27 Saturday 16:13:54:INFO: {'type': 'metric', 'label': 'validation_dist_target', 'value': (0.06568080280515357, 0.03974950382589209), 'epoch': 10}
2022-08-27 Saturday 16:13:54:INFO: {'type': 'metric', 'label': 'validation_acc', 'epoch': 10, 'value': 0.9491315136476427, 'num_correct': 2295, 'num_example': 2418}
2022-08-27 Saturday 16:13:54:INFO: {'type': 'metric', 'label': 'validation_precision', 'epoch': 10, 'value': 0.9371980428695679, 'positive': 1164.0, 'total': 1242.0}
2022-08-27 Saturday 16:13:54:INFO: {'type': 'metric', 'label': 'validation_recall', 'epoch': 10, 'value': 0.96277916431427, 'positive': 1164.0, 'total': 1209.0}
2022-08-27 Saturday 16:13:54:INFO: Epoch: 11
2022-08-27 Saturday 16:13:54:INFO: LR: 0.001
2022-08-27 Saturday 16:15:24:INFO: {'type': 'metric', 'label': 'training_loss', 'epoch': 11, 'value': 0.010758334758231274, 'sum': 735.8700974630192, 'num_example': 68400}
2022-08-27 Saturday 16:15:24:INFO: {'type': 'metric', 'label': 'training_dist_target', 'value': (0.005763931621146206, 0.005684907554883009), 'epoch': 11}
2022-08-27 Saturday 16:15:24:INFO: {'type': 'metric', 'label': 'training_acc', 'epoch': 11, 'value': 0.9962280701754386, 'num_correct': 68142, 'num_example': 68400}
2022-08-27 Saturday 16:15:24:INFO: {'type': 'metric', 'label': 'training_precision', 'epoch': 11, 'value': 0.9957641959190369, 'positive': 34087.0, 'total': 34232.0}
2022-08-27 Saturday 16:15:24:INFO: {'type': 'metric', 'label': 'training_recall', 'epoch': 11, 'value': 0.9966959357261658, 'positive': 34087.0, 'total': 34200.0}
2022-08-27 Saturday 16:15:24:INFO: {'type': 'metric', 'label': 'validation_loss', 'epoch': 11, 'value': 0.3453169736958812, 'sum': 834.9764423966408, 'num_example': 2418}
2022-08-27 Saturday 16:15:24:INFO: {'type': 'metric', 'label': 'validation_dist_target', 'value': (0.05136839075459243, 0.05279879692273262), 'epoch': 11}
2022-08-27 Saturday 16:15:24:INFO: {'type': 'metric', 'label': 'validation_acc', 'epoch': 11, 'value': 0.9499586435070306, 'num_correct': 2297, 'num_example': 2418}
2022-08-27 Saturday 16:15:24:INFO: {'type': 'metric', 'label': 'validation_precision', 'epoch': 11, 'value': 0.9503311514854431, 'positive': 1148.0, 'total': 1208.0}
2022-08-27 Saturday 16:15:24:INFO: {'type': 'metric', 'label': 'validation_recall', 'epoch': 11, 'value': 0.9495450854301453, 'positive': 1148.0, 'total': 1209.0}
2022-08-27 Saturday 16:15:24:INFO: Epoch: 12
2022-08-27 Saturday 16:15:24:INFO: LR: 0.001
2022-08-27 Saturday 16:16:53:INFO: {'type': 'metric', 'label': 'training_loss', 'epoch': 12, 'value': 0.007249386628098481, 'sum': 495.8580453619361, 'num_example': 68400}
2022-08-27 Saturday 16:16:54:INFO: {'type': 'metric', 'label': 'training_dist_target', 'value': (0.003925436065332796, 0.003938490920945218), 'epoch': 12}
2022-08-27 Saturday 16:16:54:INFO: {'type': 'metric', 'label': 'training_acc', 'epoch': 12, 'value': 0.9974707602339181, 'num_correct': 68227, 'num_example': 68400}
2022-08-27 Saturday 16:16:54:INFO: {'type': 'metric', 'label': 'training_precision', 'epoch': 12, 'value': 0.9973689317703247, 'positive': 34117.0, 'total': 34207.0}
2022-08-27 Saturday 16:16:54:INFO: {'type': 'metric', 'label': 'training_recall', 'epoch': 12, 'value': 0.9975730776786804, 'positive': 34117.0, 'total': 34200.0}
2022-08-27 Saturday 16:16:54:INFO: {'type': 'metric', 'label': 'validation_loss', 'epoch': 12, 'value': 0.30794833983834663, 'sum': 744.6190857291222, 'num_example': 2418}
2022-08-27 Saturday 16:16:54:INFO: {'type': 'metric', 'label': 'validation_dist_target', 'value': (0.04554510491263088, 0.06419467610500389), 'epoch': 12}
2022-08-27 Saturday 16:16:54:INFO: {'type': 'metric', 'label': 'validation_acc', 'epoch': 12, 'value': 0.9483043837882548, 'num_correct': 2293, 'num_example': 2418}
2022-08-27 Saturday 16:16:54:INFO: {'type': 'metric', 'label': 'validation_precision', 'epoch': 12, 'value': 0.9546979665756226, 'positive': 1138.0, 'total': 1192.0}
2022-08-27 Saturday 16:16:54:INFO: {'type': 'metric', 'label': 'validation_recall', 'epoch': 12, 'value': 0.9412738084793091, 'positive': 1138.0, 'total': 1209.0}
2022-08-27 Saturday 16:16:54:INFO: Calculating recall rate: sun2011
2022-08-27 Saturday 18:30:59:INFO: RR calculation - 500 duplicate reports were processed
2022-08-27 Saturday 20:43:59:INFO: RR calculation - 1000 duplicate reports were processed
2022-08-27 Saturday 22:53:40:INFO: RR calculation - 1500 duplicate reports were processed
2022-08-28 Sunday 01:00:00:INFO: RR calculation - 2000 duplicate reports were processed
2022-08-28 Sunday 03:18:18:INFO: RR calculation - 2500 duplicate reports were processed
2022-08-28 Sunday 05:28:30:INFO: RR calculation - 3000 duplicate reports were processed
2022-08-28 Sunday 07:45:15:INFO: RR calculation - 3500 duplicate reports were processed
2022-08-28 Sunday 09:55:40:INFO: RR calculation - 4000 duplicate reports were processed
2022-08-28 Sunday 12:08:56:INFO: RR calculation - 4500 duplicate reports were processed
2022-08-28 Sunday 14:32:57:INFO: RR calculation - 5000 duplicate reports were processed
2022-08-28 Sunday 16:45:43:INFO: RR calculation - 5500 duplicate reports were processed
2022-08-28 Sunday 19:16:43:INFO: RR calculation - 6000 duplicate reports were processed
2022-08-28 Sunday 21:41:43:INFO: RR calculation - 6500 duplicate reports were processed
2022-08-29 Monday 00:15:15:INFO: RR calculation - 7000 duplicate reports were processed
2022-08-29 Monday 02:43:10:INFO: RR calculation - 7500 duplicate reports were processed
2022-08-29 Monday 05:03:20:INFO: RR calculation - 8000 duplicate reports were processed
2022-08-29 Monday 07:34:17:INFO: RR calculation - 8500 duplicate reports were processed
2022-08-29 Monday 10:05:42:INFO: RR calculation - 9000 duplicate reports were processed
2022-08-29 Monday 12:43:16:INFO: RR calculation - 9500 duplicate reports were processed
2022-08-29 Monday 15:14:06:INFO: RR calculation - 10000 duplicate reports were processed
2022-08-29 Monday 17:48:25:INFO: RR calculation - 10500 duplicate reports were processed
2022-08-29 Monday 20:35:48:INFO: RR calculation - 11000 duplicate reports were processed
2022-08-29 Monday 23:16:11:INFO: RR calculation - 11500 duplicate reports were processed
2022-08-30 Tuesday 01:58:05:INFO: RR calculation - 12000 duplicate reports were processed
2022-08-30 Tuesday 04:41:25:INFO: RR calculation - 12500 duplicate reports were processed
2022-08-30 Tuesday 07:22:17:INFO: RR calculation - 13000 duplicate reports were processed
2022-08-30 Tuesday 10:12:01:INFO: RR calculation - 13500 duplicate reports were processed
2022-08-30 Tuesday 12:05:58:INFO: [] Throughput: 0.05672206102247663 bugs per second (bugs=13848 ,seconds=244137.81428909302)
2022-08-30 Tuesday 12:05:58:INFO: {'type': 'metric', 'label': 'recall_rate', 'k': 1, 'rate': 0.10391392258809937, 'hit': 1439, 'total': 13848, 'epoch': 0}
2022-08-30 Tuesday 12:05:58:INFO: {'type': 'metric', 'label': 'recall_rate', 'k': 2, 'rate': 0.1748266897746967, 'hit': 2421, 'total': 13848, 'epoch': 0}
2022-08-30 Tuesday 12:05:58:INFO: {'type': 'metric', 'label': 'recall_rate', 'k': 3, 'rate': 0.22559214326978624, 'hit': 3124, 'total': 13848, 'epoch': 0}
2022-08-30 Tuesday 12:05:58:INFO: {'type': 'metric', 'label': 'recall_rate', 'k': 4, 'rate': 0.2624927787406124, 'hit': 3635, 'total': 13848, 'epoch': 0}
2022-08-30 Tuesday 12:05:58:INFO: {'type': 'metric', 'label': 'recall_rate', 'k': 5, 'rate': 0.29332755632582325, 'hit': 4062, 'total': 13848, 'epoch': 0}
2022-08-30 Tuesday 12:05:58:INFO: {'type': 'metric', 'label': 'recall_rate', 'k': 6, 'rate': 0.31780762564991333, 'hit': 4401, 'total': 13848, 'epoch': 0}
2022-08-30 Tuesday 12:05:58:INFO: {'type': 'metric', 'label': 'recall_rate', 'k': 7, 'rate': 0.33903812824956675, 'hit': 4695, 'total': 13848, 'epoch': 0}
2022-08-30 Tuesday 12:05:58:INFO: {'type': 'metric', 'label': 'recall_rate', 'k': 8, 'rate': 0.356946851530907, 'hit': 4943, 'total': 13848, 'epoch': 0}
2022-08-30 Tuesday 12:05:58:INFO: {'type': 'metric', 'label': 'recall_rate', 'k': 9, 'rate': 0.3757221259387637, 'hit': 5203, 'total': 13848, 'epoch': 0}
2022-08-30 Tuesday 12:05:58:INFO: {'type': 'metric', 'label': 'recall_rate', 'k': 10, 'rate': 0.38951473136915077, 'hit': 5394, 'total': 13848, 'epoch': 0}
2022-08-30 Tuesday 12:05:58:INFO: {'type': 'metric', 'label': 'recall_rate', 'k': 11, 'rate': 0.4031629116117851, 'hit': 5583, 'total': 13848, 'epoch': 0}
2022-08-30 Tuesday 12:05:58:INFO: {'type': 'metric', 'label': 'recall_rate', 'k': 12, 'rate': 0.4157279029462738, 'hit': 5757, 'total': 13848, 'epoch': 0}
2022-08-30 Tuesday 12:05:58:INFO: {'type': 'metric', 'label': 'recall_rate', 'k': 13, 'rate': 0.42749855574812246, 'hit': 5920, 'total': 13848, 'epoch': 0}
2022-08-30 Tuesday 12:05:58:INFO: {'type': 'metric', 'label': 'recall_rate', 'k': 14, 'rate': 0.4381860196418255, 'hit': 6068, 'total': 13848, 'epoch': 0}
2022-08-30 Tuesday 12:05:58:INFO: {'type': 'metric', 'label': 'recall_rate', 'k': 15, 'rate': 0.44634604274985556, 'hit': 6181, 'total': 13848, 'epoch': 0}
2022-08-30 Tuesday 12:05:58:INFO: {'type': 'metric', 'label': 'recall_rate', 'k': 16, 'rate': 0.4547949162333911, 'hit': 6298, 'total': 13848, 'epoch': 0}
2022-08-30 Tuesday 12:05:58:INFO: {'type': 'metric', 'label': 'recall_rate', 'k': 17, 'rate': 0.46360485268630847, 'hit': 6420, 'total': 13848, 'epoch': 0}
2022-08-30 Tuesday 12:05:58:INFO: {'type': 'metric', 'label': 'recall_rate', 'k': 18, 'rate': 0.47299248989023684, 'hit': 6550, 'total': 13848, 'epoch': 0}
2022-08-30 Tuesday 12:05:58:INFO: {'type': 'metric', 'label': 'recall_rate', 'k': 19, 'rate': 0.48122472559214324, 'hit': 6664, 'total': 13848, 'epoch': 0}
2022-08-30 Tuesday 12:05:58:INFO: {'type': 'metric', 'label': 'recall_rate', 'k': 20, 'rate': 0.4884459849797805, 'hit': 6764, 'total': 13848, 'epoch': 0}
2022-08-30 Tuesday 12:05:58:INFO: {'type': 'metric', 'label': 'MAP', 'value': 0.19741050147035735, 'sum': 2733.7406243615087, 'total': 13848, 'epoch': 0}
2022-08-30 Tuesday 12:05:58:INFO: [7, 4, 986, 48, 16, 2, 141, 47, 2, 2519, 2, 57, 22, 1, 388, 4, 1, 5, 4818, 3, 2, 1, 1, 8, 5, 1, 59, 34, inf, 663, 26, 5, 2, 1, 1, 5, 1, 7, 7, 51, 1, 16, 11, 144, 51, 996, 4885, 3, 702, 2, 1, inf, 51, 4, 20, 330, 42, 23, 68, 2, 17, 3, 761, 248, 14, inf, 3, 128, 86, 5, inf, 8, 6, 10, inf, 10, 2, 112, 2641, 1164, 1, inf, inf, 46, 6, 3, 24, 383, 763, inf, 67, 3, 2, 141, 70, 96, 1, 1159, 5, 86, 129, 10, inf, 33, 3, 2, inf, 57, inf, 2, 4, 410, 51, inf, 11, 1, 17, 47, 1, 129, 8, 605, 1305, 3, 121, 127, 1652, 2, 1, 2220, 13, 19, 26, 5870, 16, 286, 3, 12, inf, 5, 93, 895, 4, 1130, 274, 1044, 2, 269, 12, 5818, 26, 325, 57, 4, 496, 12, 39, 3, 1076, 2, 1, 1221, 107, 29, 566, 510, 4, 27, 709, 7, 4, 14, 167, 114, 163, 5, 4, 150, 524, 11, 322, inf, 13, 7, 6, 177, 39, 71, 185, 1, 648, 115, 796, 47, 18, 4, 88, 267, 5, 2, 17, inf, 1, 430, 7, 2, 2, 15, 14, 2, 14, 1507, 8, 41, 2387, 113, 149, 163, 17375, 98, 674, 3, inf, 46, 2, 51, 2, 2, 30, 23, 259, 28, 85, 104, 32, 103, 26, 2, 58, 89, 145, 29, 217, 27, 9, 1, 8857, 3, 2, 1, 2, 1, 1, 57, 57, 1, 41, 10, 6, inf, 1227, 7, 94, 8, 619, 1, 4, 58, 333, inf, 78, 115, 4008, 12, 2878, 18, 4, 2, 2, 5, 55, 2226, 1346, 837, 3, inf, 1, 5, 6, 12, 1, 1, 1, 1, 28, 89, 31, 37, 1, 3, 2, 2, inf, 4, 10, 23, 52, 58, 498, 8, 573, 38, 5, 40, 17, 133, inf, 4, 59, 1622, 8, inf, 8, 470, 121, 494, 1, 33, 1139, 78, 51, 1, 2, 9, 6, 28, 7, 32179, 44, 62, 2, inf, 12, 109, 3, 13, 236, 1, 16, 1, 10, 2, inf, 27, 18, 24775, 5, 14, 73, 407, inf, 1221, 3, 21948, 1603, 4, 538, 579, 1, 3, 9, 156, 1, 112, 25, 3, 1, 14, 8, 2417, 6, 1, 1, 2325, 858, 69, 604, 490, 234, 3, 1, 2, 28, 3, inf, inf, 237, 5, 701, 14, 40, 471, 2925, 1, 2, 5, 23, 2, 181, 164, 152, 6, 9, 73, 111, 2, 65, 4, 42, 81, 13, 1, 12, 1, 919, 574, 76599, 81, 54, 762, 6, 315, 246, 5, 5, 2, 3, 119, 40, 12, 67, 884, 30, 52, 12, inf, 34, 4, 9, 1, 71, 1646, 48140, inf, 16, 175, 526, 11, 18, 984, 2997, 49, 84, 9, 12, 1, 6969, 4, 1, 20, 16, 364, 11, 2, 1, 140, 1, inf, 1, 603, 88, 2, 252, 21, 68, 61, 720, inf, 244, 1, 2, 7, 26, 3, 11, inf, 4, 243, 1, 1, 2, inf, 27, 1, 63, 3104, 2, 1, 17, 1, 174, 66, 1, 2, 88, 2, 2, 2, 432, 11, 5, 1, 505, 587, 8, inf, 1, 17, 45, 3, 9, 1025, 107, inf, 17, 33, 21, 1, 1, 21, 66, 20, 202, 7, 1, 86, 96, 6, 23, 15, 25, 4, 1, inf, 125, 251, 1, 7315, 3, 6, 2, 1, 65, 15, 3, 80, 1, 229, 1, 6, 1, 4, 48, 8, 3, 289, 136, 524, 70, 98, 27, 3, 6, 8, 19, 392, 2, 1, inf, inf, 37, 13, 4, 25, 1, 12, 13, 3, 106, 6290, 1, 16, inf, inf, 54, 102, 11, 2, 3, 4, 130, 328, 41, 2, 1, 1, 9030, 76, 13, 19, 14, inf, 22, 1, 291, 3, 44, 77, 2, 211, inf, 62, 104, 6, 20, inf, 1, 15320, inf, 5322, 1, 1, inf, 11, 38, 1, 35, inf, 7, 2, 135, 170, 296, 1, 541, 2017, 6, 117, 112, 185, 61, inf, 453, 1935, 1, 9, 13, 67, 94, 1, 2, 88, inf, 8, 1, 114, 101, 4, 103, 5, 56663, 5, 1, 315, 5, 535, 23, 2, 87, 1, 2, 62, inf, 66, 2, 20, 13, 42, 11, 39, 4, 16, 144, 64, 20, 6, 26, 2, 3, 20, 511, 105, 31, 60, 73, 3, 312, 57, 98, 5, inf, 95, 30, 259, 1, 18, 9, 2, 60, 1, 612, 59, 573, 43, 543, 283, 1, 8, 38, 48, 198, 10, 15, 3, 1, 63, 25, 2, 53, inf, inf, 289, 11, inf, 127, 332, 522, 19, 21701, 304, 1, 7, inf, inf, 22, 4, 10, 68, 54, 5, 13, 111, 51, 39, 209, 20, 806, 12, 6, inf, 85, 4, 701, 62, 5, 349, 168, 299, 104, inf, 98, 427, 170, 36, 220, 38, 39, 12160, 5, 110, 377, 2, 5, inf, 49, 11, 43, 251, 297, 1, inf, 73, 1, 41, 1134, 12, 1961, 1, 54, inf, 3166, 620, 14, 5, 2152, 3, 1, 38, 1508, 23, 19, 35, 6, 92, 25, 35, 9, 33, 506, inf, 25, 4, 146, 13, 83, 233, 928, 11, 780, inf, 95, 47, 5, 18, 17, 1, 8, 64, 172, 2, 2, 2, 175, inf, 89, 474, 20, 1, 4, inf, 1, 10, 190, 3, 13, 9, 1, 1, 692, 1, 49, 6, 37, inf, 820, 8, 1364, 683, 14, 8, 7, 3, 653, 5, 4443, 56, 44, 65, inf, 1, 626, 17, 58, 7, 34, 2, 6822, 56, 1, 4, 5, 1166, 11, 4, 2, 2, 2, 44, 3, 39, 10, 24, 40, 617, 1209, 2, 134, 13, 2, 7, 248, 163, 59, 1, 4, 1009, 858, 636, 2, 583, 1, 3, 6, 50, 119, 7, 4, 1, 9, 3, 17, 1163, 1, 312, 2, 2, 10, 2, 79, 91, 8, 1, 34, 80, 46, 1, 449, 1, inf, inf, 1568, 1, inf, 2, 9903, 716, 1, 397, 8, 137, 2, inf, 4, 8, 90, 7107, 33, 441, inf, 6, 5, 2, 5, 51, 14, 64, 71, 1, 4, 2, 211, inf, 32, 49, inf, 1395, 9, inf, 34, 7, 155, inf, 101, 2, 19, 557, 2, 20, inf, 4, 78, 71, 119, 1, 1, 4, 9, 3, 4, 822, 9, 1, 13, 200, 3, 3, 24, 195, 10221, 119, 5, 46, 17, 4, 2225, 11, 784, 3, 57, inf, 2, 81, 3, 53, 1, 7, 8, 2, 10, 12, 32, 517, 7, 113, 63, 88, inf, 144, 7, 1, 19, 24, 376, 13, 9, 493, 50, 1, 1, 1, 2, 1, 1, 4, 9, 9, 1, 346, 1, 81, 1, 189, 1, 133, 1, 10, 2, 6, 4, 27, 928, 282, 7, 8, 39, 8, 532, 58, 339, 99, 5, 121, 22, 52, inf, 3049, 3, 40, 8, 4, 1, 2300, 72, 34, 200, 2, 2, 3, 2, 3, 45, 66, 8, 29, 7, 56, 20, 778, 42, 3, 3387, 37, 4, 4, 4, 9, 3252, 1, 14, 1, 5, 2, 20, 16, 3, 27, 3, 18, 16, 25, 125, 210, 11, 7, 5, 1, 1, 302, inf, 8, 2, 4, 537, 95, 4, 3, 1313, 16, 3, 8, 112, 1529, 11521, 993, 1, 6, 38, inf, 25, 4, 1, 2, 22, 20, 222, 7, 8, 1701, 5, 6, 21, 58, 2, 5, 1, 9, 3, 46, 2, 391, 43, 14859, inf, 193, 1974, 100, 116, 7, 1, 39, 1, 1, inf, 7, 6, 2, 3, 341, 47, 28, 154, 2, 443, 4, inf, 50, 2, 50, 2, 3, 9, 8, 30, 26, 21, 3, 1000, 24, 87, 634, 44, 1, 5, 5, 3623, 4, 43, 2, 3, 34, 24, inf, 167, 63, 102, inf, inf, 1, 31, 1, 7539, 44, 10, 2, 3, 17, 5, 14, 1, 1281, 9, 37, 89, 41, 43, 12, 2, 27, 351, 94, 48, 19, 13, 8, 5, 17, 1, 4, 1063, 26, inf, 2, 93, 334, 55, 56, 3, 9, 3, 39052, 191, 88, 2, 1, 2, 6, 20, 22, 15, 16, 19354, 265, 6, 2, 2, 39, 5, 114, 5, 36, 1664, 28, 182, 13, 2716, 11, 2, 43, 1, 9, 1, 1, 1, 59, 53, 48, 2, 9, 61, 90, 26, 10, 3, 3085, 103, 59067, 2, 3, 89, inf, 226, 6, 30, 19, 27, 16, 11, 8, inf, 18, 4, 17, 1, inf, 42, 3, 7, inf, 4, 573, inf, 134, 708, 297, 212, 1, 4, 1, 225, 2, 15, 11, 1, 18, 3, 3, inf, 21, 2, 11, 2432, 39, 539, 63, inf, 4, 46, 1635, 22, 7, 3, inf, 8, 49, 73, 15, 3, 257, 81, 29, 23, 13, 4, 2, 7, 493, 276, 49, 55, 2477, 1, 13, 7, inf, 3, 30, 527, 455, 1, 83, 16, 26, 16, inf, 51, 3, 1, 12, 4, 1, 1, 162, 15, 28, 29, 2070, 106, 815, 1, 2, 32, 173, 18, 34, 3, 3, 1, 8, 463, 67, 956, 241, 14, 43, 7, 2, 3, 2, 2, 4, 2, 4, 5, 5, 5, 1, 28, 202, 176, 9, 5, 3, 12, 11, 1, 17, 3, inf, 3, 1, 2, 48, 21, 5, 28, inf, 3, 18, 48, 21, 64, 1, 39, 85, 21, 17, 4, 1, 1, 55, 286, 81, 3, 8, 20, 623, 9, 2, 24, 13, 1, 1, 39, 1, 4, 155, 51, 75, 1, 7, 4, 3, 2, 6, 38, 3, 31, 46, 346, 30, 23, 16, 32, 4, 9, 6, 9, 239, 1779, 3, 6, 10, 13, 15, 1, 1, 2, 5, 202, 9, 29, 6, 2, 5, 201, 94, 1, 62, 5, 2, 2, 18, 6, 5, 2, 113, 2, 14, 85, 412, 7109, 6, inf, 8, 10, 12, 2, 36, 376, 6, 11, 5, 1, 12, inf, 16053, 11, 700, 11, 29, 10, inf, 526, 14, 1, 99, 707, 34, 33, 32, 32, 83, 8, 7, 24, 25, 298, 16, 5, inf, 1, 164, 2, 12, 3, 9, 10, 1, 13, 1, inf, 22, 20, 80, 6, 11, 35, 58, 1, 9, 1, 1, 25, 1, 21, 28, 7, 1, 2608, 51, 2830, 346, 2, 54, 14, 8, 159, 19, 35190, 159, 47, 12, 822, 49, 2, 88, inf, 1, 102, 10, 11, 1, 460, 3, 25, 53, 34, inf, 33, 2962, 3, 35, 114, 7, 1, 7, 10, 171, 23230, 291, inf, 20, 25, 278, 7, 2, 2, 344, 91, 5, 223, 43, 69, 1, 619, 63, 287, 4, 106, 6, 14, 1, 12, 176, 6, 28, 18897, 2, 1, 546, 242, 314, 257, 11, 1, 4, 1, 648, 34, 208, 44, 382, inf, 5, 1, 11, inf, 11, 1, 3, 1, 22, 7, 17, 1, 19, 2, 117, 330, 9, 25, 305, 18, 62, 3, 3, 352, 117, 21, 4, 11, 1, 8, 153, 22, 1515, 246, 92, 132, 19, 41, 1, 318, 39, 24, 2, 19, 1, 73, 6, 7, 7, 839, 3, inf, 2, 70, inf, 40, 4, 1, 1, 58, 116, inf, 1, 72, 317, 7261, 9, 164, inf, inf, 53, 949, 44, 4, 16, 1804, 3, 22, 32, 11, 13, 1102, 390, 11, 3, 56, 7, 6, 165, 3, 8, 640, 14, 60, 42, 1, 3, 1870, 3, 4879, inf, 51, 101, 56, 1052, 22750, 207, 11, 1203, 1, 5, 421, 131, 165, 3, 708, 208, 1, 231, 25, 1, inf, 1, 260, 7, 57, 1, 44, 2, 17, 69, 116, 2409, 55, 71, 58, 68, 96, 12, 1127, 5, 41, 3, inf, 11, 6, 120, 206, 1376, 70, 207, 207, 873, 2171, 12, 2, 32, 5, 7, 3, 1, 56, inf, 1, 464, 19, 2, 1, 3, inf, 40, 1, 5, 152, 15, 17, 5, 11, 108, 1, 116, 1, 2, 1186, 47, 25, 1, 1, 3, 2, 2, 2, 26, 5, 1, 1, 7, 2, 18, inf, 1, 161, 1, 158, 65, 96, 6, 201, 1013, 588, 55, 7, 218, 23, 13, 1, 1, 3, 4, 19, 34, 43, 3, 16, 7, inf, 254, 2640, 77, 40, 10, 5, 16, 34, 2, 18, 224, 4, inf, 5, 2, 375, 91, 1, 268, 354, 715, 61, 1, 44, 469, 23, 20, 1, 1, 626, 13, 12, 1, inf, 1015, 10, 1, 1, 2, 1, 1, 48, 130, 12, 6, 69, 2, 49, 286, 56, 5, 3, 150, 38, 3, 32, 2, 46, 350, 17, 2630, 467, 6, 4, 1, inf, 1, inf, 70, 117, 2176, 2115, 97, 107, inf, 10, 60, 569, 26, 67472, 10, 9, 29, 21, 16, inf, 106, 209, 19, 2, 519, 42, 353, 17, 22, 26, 96, 116, 1, 134, 26, 1, 76, 131, 10, 1, 389, 1130, 42, 5, 25, 2, 819, 17, 102, 2, 2, 43, 236, 440, 23, 1, inf, 5, 1, 2465, 2, 17, 595, 9, 29, 233, 578, 6, 103, 1, 111, inf, 3, 6, 497, 5, 90, 228, 17, 35, 56, 20, 2, 4, 11, 29, 11189, 3, 173, 94, 318, 7, 27, 15, 45, 13, 23275, 527, 3, 2, 9, 638, 49, 12571, 3, 92, 379, 22, 247, 14, inf, 1, 1, 113, 2, inf, 122, 119, 19, 734, inf, 7187, 18, 67, 62, inf, 3, 2763, 31, 13, 3, 144, 45, 78, 100, 11, 216, 6, 20, 1427, 5, 53, 1, 3, 90, 12082, 255, 23, 1, inf, 109, 3, 151, 4, 12, 32, 8, 284, 2, 1435, 22, 28, 75, 6, 407, 26, 3, 2, 91, 28, 4, 3, 4, 25, 14, 5, inf, 33, 2, 3, 29, 7, 39, 1, 621, 92, 2, 6, 6, 26, 14, inf, 1, 26, 26, 49, 1316, 15633, 29, 8, 500, 18, 149, 2479, 2, 56, 10, 5, 167, 999, 83, 251, 2, 1579, 80, 52, 2, 4, 7, 1, 1, 154, 4, 685, 9, inf, 85, 105, 636, 1, 79, 77, 44209, 121, inf, 11, 1, 1, 8, inf, 288, 2, 3, 14, 19, inf, inf, 3, 367, 125, 67, 25339, inf, inf, 32, 3, 21, 6, inf, 1, 9491, 37, 44, 9, 11, 2, 154, 1754, 9, 157, 4, 18189, 1945, 513, 21, 10, 68, 64, 50, 26, 2, 4, inf, 3, inf, 1, 10, 4130, 12, 4, 1, 1714, 3, 8, 68, 3, 78, 82, 70, 79, 3, 5, 5997, inf, 1, 31, 8, 26, 7, 24, 5, 7, 4, 1, 4, 5, 1, 2553, 6215, 194, 22, 23, inf, 5, 70, 88, 2, 444, 373, 1, 409, 207, 50, 86, 25, 12, 12, 12, 12, 3, 2, 2, 7, 13, 7, 5, 5, 28, 18, 12, 1, 43, 1, 2, 2, 4, 38, 94, 2093, 20, 3, 13, 163, 4, 445, 22, 30, 4, 7, 59, 1092, 256, inf, 84, 35, 294, 8, 22, 12, 19, 234, 677, 12, 87, 19, 20, 12, 1, 152, 3, 2, 3, 2, 168, 1, 23, 1, 21, 2, 2, 2, 25, 79, 13, 31, 1, 1, 85, 5, 38, 3, 1, 1, 1, 3, 1, 1, 3, 71720, 6, 1, 2, 1, 2, 2, 2, 2, 6, 1, 6, 6, 2, 5, 2, 7, 4, 1, 1, 2, 3, 63, 3, 9, 84, 2, 1, 6, 4827, 19, 9, 2426, 2, 23, 45, 1, 2078, 36, 6, 9, 987, 243, 53, 42, 7544, 1, 851, 86, 135, 28, 541, 147, 3, 2, 47, inf, 1, 2, 192, 47, 4, 426, 68, 7, 2539, 70, 13, 3, 1, 6, 19, 1, 6, 2, 53, 3, 1, inf, 1, 21, 30, inf, 736, 25, 195, 103, 15, 355, 528, 15, 76, 765, 24, 8, 30, 1, 9, 3, 484, 134, 21, 458, 63, 6, 1, 545, 429, 3, 1, 4, 34, 36, 58, 11, 92, 286, 29, 7, 357, 21, 1, 17, 64, 12, 32, 2, 373, 179, 1, 35, inf, 96, 32, inf, 8, inf, 29, 178, 74, 419, 1, 1044, 92, inf, 376, 1, 19, 2, 3, 2, 60, 52, 1304, 4, 76, 8, 14705, 65, 2, 9, 19, 73, 6, 60, 19, 2, 423, 93, 1525, 360, 3, 38, 821, 13, 295, 22, 373, 23, 118, 161, 164, 103, 13, inf, 28, 796, 5, 3, 61512, 1, 1, inf, 51, 71, 6, 1130, 40, 1, inf, 202, 1, 78, 280, 40, 9, 152, 46, 2, 328, 125, 82, 11, 115, 9, 23, 1126, 305, 16, 291, 2, 5, 54, 27, inf, 5, 79, 4, 18, 100, 5, 49, 102, 13, 4, 57, 36, 7110, 13, 36, 5, 1839, 2, inf, 1000, 3, 374, 14, 28, 519, 37, 442, 31547, 1, 2, 23, 35, 3, 1, 2, 99, 4, 540, 79, 10, 16, 13, 19, 2, 38, 1, 1948, 154, 8, 2, 14, 86, 50, 13, 847, 37097, 107, 93, 41, 8, 8, 1176, 31065, 4, 6, 30, 5, 12, 43, 13, 1, 11, 9130, 299, 2, 4, 12, 17, 377, 13, 1, 134, inf, 2, 14, 1, 15, 5, 15, 101, 3, 165, 3, 549, 79, 72, 2, 4, inf, 8, 1, 27, 3, 317, 23, 109, 155, 3, 9, 17, inf, 25, 29, 263, 94, 26, 29, 49, 1, 21, 222, 30, 221, 2, 106, 13, 2, 18, 11, 61, 6, 18, 1634, 5, 51, 1, 31, inf, 9, 3, 70, 95, 799, 22, 217, 1, 1, 18, 42, 13, 31, 1439, 14, 112, 12, 26, 3, 5, 1, 5, 1, 15, 50, 8, 2, 3, 3893, 71, 4264, 18, 3, 7, 1, 1, 34, 1, 23, 3, 2061, 997, 1, 109, 55, 672, 32339, 7, 3, 64, 17, 533, 410, 5213, inf, 25, inf, 4, 4, 11, 435, 17, 359, 138, 11939, 66, inf, 580, 21, 16, 5, 2, 20, 23, 88, 1, 1315, 58, inf, 495, 2, 7, 2, 19830, inf, 32, 12, 1, 8, 13, inf, 2, 111, 3, inf, 105, 4, 1, 227, 7, 12, 7, 1, 64, 29, 1, 3, 40, 70, 117, 57, inf, 60, 103, 2416, 28, 1, 7, 18, 2239, 72, 51, 4, 3, 27875, 19, 13, 25, 10, 6, 20, inf, 60, 51, 1, 1, 583, 1, 187, 2, 6, 1, 373, 13, 2, 3, 29, 23, 39, inf, 82, 31, 639, 7, 3, 48, 413, 3, 345, 342, 25, 10, 11, 35, 9, 107, 2762, 1, 1, 2, 1, 345, 1, 127, 15, 122, 218, 438, 17, 3, 657, 731, 86, 11, 2, 15, 15, 132, 1, 242, 4, 1154, 6, 8, 1, 1649, 734, 5, inf, 12806, 9, 690, 380, 46, 938, 8678, 67, 7, 622, 2, 5, 81, 1, 18, 5, 29, 3, 13, 882, 295, 332, 9, 456, 1, 9, 5, 3, 3, 53, 23, 3, 4, 1, 63, 38, 5, 11, 4, 2402, 19, 114, 279, 2, 8, 19, 1, 11, 1, 3, 12, 12, inf, 280, 240, 3, 40, 2, 3, 19, 24, 2, 3, 63, 11, 8, 26, 61, 4742, 2696, 8, 226, 40, 1738, 789, 3, inf, 6, 46, 154, 8, 28, 17, 92, 26, 3, 520, 6, 98, 44, 11, 5, 91, 15, 15, 65, 3, 174, 104, 1, 1, 3, 1, 9, 1, 4, 44, 118, 10, 18, 2, 1, 3, 38, 206, 1, 9972, 1, 11, 77, 7, 768, 7, 60, 376, 5, 466, 15839, 21, 9, 18, 1156, 11996, 9, 3021, 20, 65, 3, 1, 513, 152, 4, 382, 4, 408, 1, 649, 143, 62, 1, 819, 29, 106, 100, 3, 15, 67, 18, 108, inf, 59, 3419, 2, 10, 27, inf, 113, 76, 160, 3, 2, 1, 1893, 182, 41, 52, 2849, 1, 30, 122, 27, 94, 41, 289, 9, 14, 16, 1, 128, 4, 7, 116, 1, 52, 10, 557, 1, 4, 714, 13, 13, 2, 38, 27, 158, 3, 8, 1, 2, 92, 10, 17, 67, 17, 32, inf, 20, 3523, 15, 10, 1, 1, 99, 10, 2, 1, 334, 86, 1, 1, 1, 6, 1790, 371, 8, 6, 29, 10, 7, 626, 16, 1, 7, 2, 55, 113, 4, 27, 228, 1161, 56, 2, 14, 3, 1240, 45, 51, 65, 8, 9, 121, 456, 18, 104, 325, 9, 16, 2, 5, 3, 3, inf, 55, 9, 217, 2, 5, 75, 6, 16, 45, 6, 3, 23, 37, 1, 16, 604, 7, 16, 368, 68, 2, 6, 4, 62, 430, 1, 1, 7, 21, 3, 264, 569, 3, 124, 20, 1, 135, 322, 164, 2950, 27, 1, 13, 586, 36, inf, 129, 30, inf, 9, 40, 80, 94, 469, 1, inf, 236, inf, 235, 2, 4606, 4, 13, 1, 32, 5, 73, 8, 42, inf, 20, 154, 6, 649, 24, 21, inf, 2, 1, 1, 17876, 2601, inf, inf, 2, 68, 7, 146, 278, 1, 150, 44, 62, 37, 3, 124, 55, 21, inf, 9, 11, 10750, 1, 1343, 3165, 22, 510, 354, 2049, 278, 13, 36, 2, 5, 1, 9, 49, 229, 2066, 3, 222, 1, 10, 78, 492, 1, 1, 5, 167, 397, 6, inf, 2, 3, 30, 3, 2, inf, 52, 2, 1, 44, 41, inf, inf, 23, 4, 9, 955, 5, 29, 2, 259, 1351, inf, 61, 5, 50, inf, 20, 63, 110, 9, 808, 42, 349, 140, 2, 7, 5, 7, 315, 1, 21, 6, 579, 6, 339, 5, 4, 4, 3, 17, 1, inf, 445, 1, 37, 24, 6, 260, 23, 324, 322, 9, 58, 37, 21, 8, 22, 1, 7, 8, 2, inf, 4, 17, 297, inf, 8, 139, 879, 40, 1125, 21, inf, 566, 9, 5, 36, 3, 1, 9, 14, 283, 1, 87, inf, 1, 1, 122, 57, 2, 1, 3, inf, 12770, 13, 19, 121, 1, 5, 42, 112, 21, 3, 3, 18, 1, 67, 537, 143, 10, 361, 127, 115, 5, 10, 27, inf, 7, 45, 5, 90, 2125, 15, 24, 361, 4, 2, 189, 5, 205, 2, 47, 503, 15, 1, 9, 1, 1, 41, inf, 124, 1, inf, 3, 9, 37, 129, 178, 2, 1, 48, 2, 1, 6, 317, inf, 10, 40, inf, 66, 1, 214, 14, 4641, 3, 540, 5, 951, 2, 1, inf, 2, 9, 60, 6, 9, 19, 1, 9485, inf, 3, 555, 247, 109, 1, 1, 1, 1, 1, 17, 413, 19, 112, inf, inf, 70, 13, 180, 5, 1, 11, 4, 87, inf, 4615, 145, 1188, 25, 2, 1, 9, inf, 25, 8, 172, 2, 5, 1, 4, 8, 1116, 30, 5182, 24, 9, 23, 263, 104, 436, 16, 1, 125, 367, 18, 101, 11, 19, 1, inf, 20, 4, inf, 188, 5, 2, 134, 2315, 89, 59, 5, 92, 10, 185, 256, 4, 171, 21, 6851, 122, 100, 56, 16, 14, 20, 911, 1145, inf, 563, 96, 14, 123, 1320, 59, 16, 21, 675, 6, 21, 678, 79, 38, 3, 1500, 1, 323, inf, 19, 47, 1, 22, 85, 1, 40, inf, 85, 8, 3, 9, 3, 124, inf, 42, 1, 8, 30, 1, 412, 2, 3, 105, 43, 6, 99, 8, 7, 192, 8, 4, 3, 134, 336, 1, 5, 4, 31, 38, 1, 4, 7734, 2, 209, 2, 72, 5633, 2, 47, 19, 4, 508, 4759, 1, inf, 185, inf, 3, 14, 1, 180, 45, inf, 2, 2253, 603, 85, 7, 181, 2, 3, 223, 18, 22, 1917, 9, 123, 3, 19, inf, 381, 2, inf, 216, 175, 3, 16, 13, 37, inf, 104, 1, 42, inf, 109, 11, 61, 5, inf, 2, 1, 1, 2, 3, 5, 54, 1, 1693, 8, 2, 1, 2, 3, 2, 2, 4, 1, 37, 9, 13, 14, 262, 952, 534, 1, 1051, 1, 167, 23, 165, 24, 53, 213, 11, 122, 18, 28, 31, 1, inf, 1, 1, 644, inf, 17, 10, 8, 4, 1140, 2, 1032, 3, inf, 1792, 1, 19262, 35214, 39, 642, inf, 37, inf, 45, 86, 8, 17006, 1, 12, 24, 4, 198, inf, 10210, 3, 53, 10, 6, 9, 1134, 1147, 4, 1, 200, 111, 1, 5, 9, inf, 26, 16, 21, 21, 4, 1, 7, 14, 4, 2, 152, 273, 168, 25, 171, 18, 25, 1, 3, 12, 5, 176, 3, 1, 1, 3, 1, 8175, 1, 39, 328, 2, 17, 51, 38, 15, 3, inf, 17, 1, 4, 18, 1, 95, 135, 14, 13, 32, 3, 140, 6312, 3, 10, 19, 11, 44, 4, inf, inf, 33, 3, 35, inf, 54, 6, 2, inf, 80, 2, 1, 840, 44, 25, inf, 235, 1, 216, 1, 22, 2, 16, 125, 6, 1, 3, 3, 3, 19, inf, 95, 1, 24, 779, 525, 12, 1, 161, 15, 6, 1, 6, 12, 59, 332, 24, 632, 377, 908, 47, 4, 33, 32, 147, inf, 142, 306, 364, 1391, 92, 86, 267, 44, inf, 7, 2, 5, 9, 58, 28, 66, 1602, 1, 17, 1, 48, 130, 72, 3, 127, inf, 1, 18, 13790, 38933, 26, 8, 7, inf, 231, 8, 4, 69, 3, 2, 2, inf, 177, 27, 2, 2, 2, inf, 1, 8, 119, 992, 12, 167, 166, 1, 7391, 23, 3807, 29, 1670, 594, 112, 33, inf, 1492, 437, 6276, 19, 294, 604, 59, inf, 124, 3, 19, 13, 1, 105, 8, 14, 109, 15, 24, 400, 15, 1624, 62, 70, 3, 38, 10, 15, 10, 15, 3, 586, 19, 16, 19, 2, 41, 313, 14, 198, 165, 5, 10, 2, 82, 23, 65, 6, 9, inf, 26, 23, 13, 1, 67, 102, 234, 81, 29, 23, 36, 1, 1162, 1053, 1, 1, 6, 30, 14, 1, 565, 4, inf, 119, 1, 1, inf, 18, 51, 9, 50, 3, 4, 4, 2, 81, 4, 39, 2, 5, 1, inf, 3, 5, 440, 9, 2, 1, 5, 8, 19, 146, 2, 5, 5, 2, 8, 62, 1, 2, 72, 2, 11, 18, 79, 59, 233, 266, 205, 1, 3, 1, 31, 95, 52, 48, 22, 10, 153, 186, 37, 1, 102, 1, 15, 13, 1, 22, 3, 2, inf, 2, 10, 10, 1275, inf, 61, inf, inf, 14, 9, 17, inf, 27, 2, 1393, 174, 1, 79, 3, inf, 3, 55, 307, 1, 1, 90, 31, 278, 16, 161, 3, 39, 2, 3, 6, 8157, 1, 2, 3, 62, 1266, 44, 1, 4858, 306, 2, 320, 370, 5, inf, 3, 3, inf, 42, 37, 5, 2, 8, 144, 10, 76, 7, 39, 40, 22, 2, 10, 1, 2, 63, 5, 12, 52, 11, 7, 1, 6, 11, inf, 1, 52, 4, 9, 143, inf, 37, 6, 5416, 9, 6, 1, 1, 2, 374, 2, 4, 1, 1, 2, inf, 969, 136, 5, 7, 9, 67, inf, 2, 25, 29815, 48, 3605, 19, 1175, 16, 719, 31, 346, 7, 3, 1535, 7, 62, 12, 1651, 3222, 5, 2, 1, 3, 1, 2, 2, 2, 2, 1, 1, 1, 2, 1, 2, 3, 1, 4, 2, 2, 6, inf, 17, 4, 305, 79, 350, 4, 1, 1, 45783, inf, 1, 55, inf, 141, 192, 21, 45, 1, 1052, 245, 4, 3, 34, 1, 169, 1, 66, 9, 7, 538, 25, 5, 25, 56, 58, 24, 551, 463, 1, 51, 179, 134, 268, 18, 4, 4, 9, 7687, 216, 3, 4, 52, 14, 1, 1, 1, 6, 24, 34, 3, 14, 191, 46, 7153, 12, 18, 294, 1, 1, 1, 1, 44, 58, 2, 6, 2, 117, 18, 44, 70, 25267, 2, 19, 3, 215, 46, 367, 68, inf, 8, 11, 7, 325, 1, 4564, 4, 2910, 53, 40, 1, 531, 33, 383, 286, 157, 5, 8, 9, 11, 3645, inf, 1, 6, 75, 3, 12, 24, 2, 5, inf, 151, 2, 2, 20, 1, 1, 4, 1, 1, 1, 99, 111, 15, 15, 1, 1169, 31, 1, 5, 8, 28, 4, 6, 117, 17, 47, 3, 2, 146, 3, 4, 6, 59, 23, 199, 688, 46, 8, 291, 1, 2622, 23, 2, 6, 1, 137, inf, 17, 1, 9, inf, 2, 11, 5, 65, 53, 107, 24, 6, 2, 4, inf, 4, 45, 8, inf, 1, inf, 15, 17, 18, 1991, 3, 5, 1, 5, 12, 4390, 229, 379, 3, 2, 6, 51, 27, inf, 2, 283, 57, 1103, 2, 64, 2, 7, 1, 58, 1, 1, 11, 1, 56, inf, 2, inf, 308, 8, 26, 263, 28, 78, 4, inf, 28, 1, 189, 52, 7, 37, 42, 3, 251, 27, 46800, 39, 24, 10, 49, 44, inf, 99, inf, 4, 62, 1865, 93, 65, 36, 2, 1, 39, 10, 14, 243, inf, 796, 30, 6, 2, 46, 7, 3, 4, 1, 46, 40, 312, 2906, 777, 321, 10, 194, 2, 4, 22, 248, 121, 1, 46, 8, 198, 1731, 210, 2, 50, 2, 108, 1, 208, 3, 6, 4, 10, 63, 3, 17, 1, 221, 1, 28, 1, 1, 6, 2, 64, 1, 1219, 34, 308, 4, 4, 4, 9, 1, 1, 2, inf, inf, 95, 11, 1, 572, 1, 1, 20, 33, 312, 32, 2, 56, 14, 2, 4, inf, 3, 12, inf, 8, 2821, 2785, 33, 247, 536, 109, 339, 433, 3, 92, 27, 183, 187, 771, 98, 9, 2, 4, 50, 1348, 117, inf, 59, 1, 22, 1, 6, 83, 47, 10, 2, 16, 1, 120, 12, 11, 12, 1, 8, 29, 220, 4, 1, 17, 56, 1673, 7, 79294, 1, inf, inf, 1, 287, 1, 2, 115, 15, 143, inf, 1968, 347, 1885, 2, 332, 77, 13, 2, 57, 45, 2, 895, 34, 217, 1, 16, 35, inf, inf, 1, 11, 5, 10, 1, 127, 3195, 29, 18, 182, 6, 14, 26, 46, 6, 1, 24, 194, 2, 12, 16, 3912, 903, 23, 112, 1577, 8, 1, 1, 7, 29, 56, inf, 53, 42, 61, 24, 25, 2, 1184, 46, 7, 2, 6, 6, 100, inf, 1893, 289, inf, 18, 9, 5, 1, 3, 2391, 240, 43, 11, 116, 5, 93, 58, 53, 308, 36, 8, inf, 27, 3, 94, 15, 15, 22, 759, 40, inf, 1, 1724, 1, 4, 62, 2, 11, inf, 18, 5, 3330, 142, 35, 245, 3320, 168, 199, 1, 532, 24, 406, 2, 33, 336, 5, 599, 1063, 10, 18, inf, 420, 160, 356, 13, 82, 12, 1, 1, 112, 1, 27, 26, 34, 2, 40, 21, 2, 17, 3, 1, 7, inf, 8, 175, 1, 130, 53, 12, 88, 599, inf, 1, 52, 259, inf, 2, inf, 27, 152, 26, 23, 21, 1, 6, 5559, 494, 39, 149, 1383, 22, 1, 4, inf, 17, 1450, 52, 32, 789, 8, 1, 66, 13, 2, 1142, 2286, 13, 1710, 54, 22, 63, 2, 63, 191, 199, 2, 40, 31, 6, 1, inf, 24, 1, 79, 586, 4, 497, 389, 1604, 52, 18, 1468, 29, 7, 43, 2, inf, 124, 555, 9, 57, 35, 1, 30, 105, 3, 5, 78, 16, 294, 19, inf, inf, 10, 1, 1, 5, 10, 4, 3, 49, 9, 40, 19, 685, 15, 583, 11, 71, 3, 33, 145, 234, 2, 2, 22, 1, 89, 633, 12, inf, 2, 5, 45, 3478, inf, 42, 3, 32, 1, 8, 2, 6, 2, inf, 1, 3, 2506, 12, 23, 543, 10, 247, 49, 101, 1, 20, 1, 1, 292, inf, inf, inf, inf, 19, 16, 1, 2, 120, 8, 127, 16, 142, 1, inf, 11, inf, 81, 6, 77, 5, 2, 1, 2, 3, 29, inf, 26, 20, 252, 21, inf, 403, 2, 19443, 1337, inf, 36, 81, inf, 5087, 69, 14, 10, 5, 4, 198, 285, 6, inf, 105, 395, 7, 17, 30, 14, 5, 4, 10, 6, 3, 1, 14, 3, 1, 7, 2, 16, 1, 762, 41, 17, 2, 21, 168, 8, 1, 10, 173, 1, 2, 1, 103, 25, 3, 259, 47, 5, 5, 79, 5, inf, 13, 1, 48, 2, 202, 3, 116, 3, 164, 3, 12299, 85, 45, 538, 2, 1, 104, 143, 11, 1270, 177, 26036, 2, 26, inf, 1, inf, inf, inf, 13, inf, 1, 4, 18, 141, 51, 21, inf, 1, 4, 3, 27, 125, 1045, 121, 244, 6, 64, 93, 10, 87, 11, 5, 2, 1, 301, 26, 1, 9, 3670, 45, 754, 308, 3, 64, 366, inf, 12, 6, 96, 122, 32, 493, 1, 19, 25, 1196, 229, 78, 4, 161, 4, 580, 146, 13, 2, 4, 134, 2, 9962, 307, inf, 57, 114, 5, 11, 38, inf, 3, 6154, inf, inf, 21, 123, 2, 673, 569, 1184, 9, 89, 78, 6, 7, 20, 1, 6, 13, 1, 1, inf, 2, 905, 1, 400, 10426, 74, 313, 2, 26, 2, 125, 10, 4, 4, 447, 19, 12, 137, 84, 81302, 6, 9, 96, 26, 13, 72, 1, 2, 76, 60, 1, 51, 46, 14, 6, 119, 23, 37, 6, 35, inf, 1626, 4, 102, 1, 2, 2, 923, 1, inf, 28, 11, 2, 38, 20, 9, 44, 344, 24, 140, 19, 2605, 28, 523, 1, 5, inf, 87, 2, 34, 127, 199, 20, 1, 26340, 997, 563, 49, 13, 48, 1, 1, 12, 1, 4, 10, 8, 5, 18, 40, 521, 868, 46, 7, 122, 35, 176, 7, 4, 1, 4, 29, 65, 1, 18, 3, 22, 14, 2, 1, 19, 4, 36, 1, 1, 2, 4, 10, 19, 387, 394, 3, 3, 2, 1, 1, 12, 2, 18, 2, 1, inf, 9, 4, 25, 804, 4, 2, 1, 12, inf, 27, 1, 9, 32, 6, 25, 2, 1, 7, 4, 2299, inf, 8, 1, 58, 8, 248, 4, 2694, 18, 14, 22, 2, 74, 33, 2, 18, 4, 100, 36, 2, inf, 2, 240, 2176, 141, 3, 5, 10790, 1, inf, 113, 216, 5, 18, 1736, 1, 22, 3, 3, 2, 38, 13, 1, 1, 6, 2, 36, inf, 2, 16, 6, 4, 3, 2, 1, 76, 1, 11, 333, 1, 2, 42, 3, 723, 2317, 9, inf, 109, 2, 18, 6929, inf, 11, 13, 6, 5989, 8, 418, inf, 2, 3, 3, 2, 4, 4, 147, 2260, 2, 1, 231, inf, 1, 12, 1, 3, 3, 2, 3, 3, 3, 3, 3, 3, 3, 2, 2, 2, 3, 3, 3, 3, 2, 1, 3, 1, 5, 3, 3, 3, 2, 3, 2, 2, 1, 3, 2, 2, 3, 3, 3, 56, 2, 1, 164, 9, 73, 904, 129, 2, 55, 20, 1723, 19, 3, 25, 1, 25, 33, 1, 136, 978, 6222, 27, 1, 1099, 559, 13, 46, 89, 23, 147, 150, 11, 697, 7, 13, 23019, 9, 1, inf, 408, 290, 1369, inf, 7, 5, 66, 325, 33, 43, 1, 1, 1003, 21683, 18, 26, 19, 11683, 493, 18, 176, 161, 69, 40, 1, 3, 1, 186, 2, 146, 2, 12, 5, 119, 54, 1, 103, 15, 5, 2, 190, 9920, inf, 6, 25, 2, inf, 2, 1, 390, 240, 17, 8, 3, 11, 9, 5, 444, 171, 1747, 37, 14, 24, 3, 1, 264, 15, 3, 15, 25, 4, 8, inf, 17, inf, 22, 1, 5, 2, 3, 40, inf, 269, 78, 40, 9, 3, inf, 4, 4, 8, 8, 171, 41, 3, 137, 25, 19, 534, 1, 5, 752, 3, 1750, 45, 18, 1, 2, 28, 111, 17, 28, 3, 259, 249, 215, 760, 4, 23, 121, 2, 5, 26, 1, 46, 35, 24, 366, 2, 4224, 10, 1, 5, 229, 9, 5, 112, inf, 2, 2, 2, 8, 3, 3, 14, 33, 59, 2, 38, 67, 392, 26, 35, 16070, 2, inf, 1, 2, 151, 4, 22, 13, 18, 21, 16, 28, 70, 29, 169, 187, 94, inf, 325, 22702, 2, 10, 7, 4969, 89, 51, 29, 1930, 56, 50, 1, 55, 261, 86, 193, 4, 112, 359, 5, 10, 488, 19, 516, 172, 12, 41, 3, 32, 3870, 26, 14, 904, 18, 3, 39, 396, 11, 5, 535, 209, 786, 3, 4, 2, 13669, 39, 384, 3, 1, 22, 9, 3, 15, 5, 104, 32, 3, 68, 401, 6, 35, 280, 3, 860, 1, 162, 2, 67, 9, 1, 30, 88, 1046, 26, 4, 32, 7, 2, 9, 225, 9, 74, 95, 4, 1, 2, 3, 14, 3, 414, 192, 1, 14, 227, inf, 220, 50182, 10, 32, 37, 7, 3, 1772, inf, inf, 91, inf, 22, 4, 12, 120, 40, 85, 2, inf, 17, 93, 1, 42, 41, 192, 2587, 19, 3, 143, 78, 1, inf, 2, 100, inf, 236, 15, 370, 828, 5, 96, 5, 40, inf, 118, 39, 22, 2, 83, 77, 2298, 571, 7, 226, 268, 6, 27, 8, 9, 70, 44, 14, 7, 5, 471, 31, 421, 5, 1, 248, 23, 10, 19, 1, 11, 10, 60, 12, 30, 4, 6, inf, 22, 4, 1056, 4, 1, 1, 129, inf, 3, inf, 5, 106, 7, 3, 1, 5, 1, 16, 2, 46, 54, 5, 25, 138, 2348, 1, inf, inf, inf, 2, 31, 2247, 15, 97, 22, 314, inf, 59, 5, 32, inf, inf, 25, 18, 8372, 1, 13, 36, 58, 2, 59, 204, 49, 1, 29645, 18, 32, 155, 3234, 69, 284, 1, 13, 1, 1, 55, 426, 26, 10, 10, 1, 115, 2, 101, 6, 6, 1, inf, 1, inf, 6, 35520, 5788, 1, 166, 622, 45, 1155, 5, 749, 94, 3, inf, 64, 41, 1176, 201, 52, 1, 2, 4, 3, 725, 602, 59, 1115, 3, inf, 65, 1, 34, 13, 83, inf, 860, 94, 1051, 39, 4947, 1257, 13, 11, 602, 21, 28, inf, 563, 18, 42, 1, 172, 1276, inf, 60, inf, 157, 215, 10, 229, 20, 38, 7, 35, 5, 48, 72, 6, 1, 35, 103, 1, 1, 44, 116, 3, 10, 426, 7, 399, 8, 57, 5, 10, 3, 1, 446, 3390, 8, 556, 94, inf, 263, 6, inf, 1, 8, 7, 8, 7, 1, 4, 121, 231, inf, 47, 9, 1, 1, 1, 347, 66636, 4, 103, 55, 33, 39, 50, 3, 3, 3, inf, 7, 53, 32, 4, 46, 2, 359, 41, 3, 9, 2, 37, 66, 230, 2, 542, 3870, 5, 316, 128, 622, 9, 47, 56, inf, 1, 39, 30, 1625, inf, 31, 1, 2, 74, 9, 122, 20, 315, 2, inf, 9, 66, 4, 225, 41, 122, 7, 722, 16, 2, 6, 46, inf, 10, 10110, 1, 199, 21, 3, 6, 20, 61, 37, 1351, 17, 7, inf, 642, 35, 7, 27, 7, 39, 5964, 199, 5, 1, 2, 96, 28, 2, 2, 84, 10981, 37, 7, 64, 4, 3, 38, 22, 32, 2, 13, inf, inf, inf, 199, 9, 2, 322, 14, 1, 6, 1, 26, 14, 1042, 107, 4, 22, 3, 64, 7, 5, 397, 18, 44, 50, 22, 51, 50, inf, 2, 12, 1, 51, 1, 9, 14, 6, 16, 55, 9, 553, 293, 2, 1628, 30, 28, 30, 39, 299, 5, 8, 6, 397, 153, 107, inf, 3, 1, 1, inf, inf, 23, 7, 2, 20, 22, 521, 39, 39, 16508, 22, 2, 188, 295, 71, 4, 1488, 49, 19, 5, 1, 3, 10908, 97, 2, 2, 968, 1, 2, 1, 77, 39, inf, 47, 164, inf, 161, 8, 32, 1553, 42, 6, 14, 4991, 958, 237, 7, 149, 152, inf, 30, 81, 22, 6, 91, 757, 62, 13, inf, inf, 2, 112, 2, 349, 196, 57, 64, 2, 71, 1469, 441, 9, 28, 27, 2, 1, 2, 3, 3, 4, 429, 6, 2119, 16261, inf, 88, 34, 8, 31, 1, 4, 13, 216, 1, 9, 317, 5144, 22, 7237, inf, 6, 2, 1, 2, 106, 115, 8, 1, 10523, 35, 4, 66, 9, 1, 1, 522, inf, 1, 77, 17, 1, 38, 2, 121, 73, 484, 360, 31, 2, 34363, 33, 21, 79, 570, 39, 152, 526, 37, 36, 1, 4, 86, 2, 5, 22, 779, 2, 40120, 220, 17, 1, 47, inf, 80, inf, 1062, 35, 140, 5, 5, 4, inf, 1, inf, inf, 68, 3, 2, 7, 137, 46, 55, 58, 116, 11, 22, 7, 13, 4, 7, 13, 81, 7, 408, 2, 72, 3, 2, 89595, 2, 7, 34, 2, inf, 2, 66233, 18, 116, 32, inf, 1, 11, 5, 18, 5, 9, 314, 252, 442, 1, 137, 195, 6304, 14389, 5, 1, 448, 17365, 4, 1, inf, 10, 15, 15, 7, 1, 126, 11, 21, 131, 731, 361, 1, 11, 146, 19, 14, 149, 7, 85, 27, 2, 43, 6, 4, 8, 5, 421, inf, 4, 1, 9, 44, 3, 28, 37, 49, 2, 8, 6, 4, 1, 5, 27, 1, 378, 6, 349, 1, 30, 178, 3, 25, 1, 9, 278, 56, 1, 4, 2020, 8, 33, 109, inf, 15, 17, 64, 11, 6, 4, 6, 14, 10, 17, 1377, 23, 607, 58, 27, 140, 5, 220, 570, 12, 9, 6750, inf, 11, inf, 6, 5, 3851, 145, 1, 5, 21, 2141, 9390, 6346, 4, 7, inf, 4, 11, 4, 2, 27, 21, 137, 16, 21, 2679, 2, 25, 353, 5, 1, 52, 2, 5, 2, 8, 2408, 33, 614, 2, 5, 79, 177, 53, 124, 49, 1, 21, 35, 1, 1, 34, 520, 2, 3, 7, 14, inf, 4, 2, 1, inf, 2, 14, 4, 4, 1, 58, 16, 2, 12, 1862, 2, 245, 39, 46, 1, 4, 11, 537, 65, 6, 2, 7, 133, 407, 2, 106, 586, 2, 8, 39, 240, 11, 1168, 34, 12, 15, 42, 7, 10, 41, 290, 23, 26, 764, 6, 334, 2426, 15, 4, 1213, 396, 8, 3, 2699, 7, 7, 101, 27, 21, 2, 122, 1, 121, 53, 436, 630, 79, 3, 7, 1, 71, 7, 111, 1, 8741, 26, 80, 1, 6, 4, 678, 24, 16, 45, 21, 6, 2467, 33, 2, 42, 41, 700, 2770, 16, 1, 51, 616, 2, inf, 26, 40, 295, 38, 64, 386, 5, 5361, 5198, 10, 67, 7, 18, 32, 111, 39, 17, 8, 38, 30, 71, 177, 7, 4, 31, 64, 20, 2, 6, 4, 583, inf, 4350, 3, 30, 4, inf, 10, 11, 12, 1068, 1, 1, 724, 68, 35, 1, 3, 6, 708, 81, 5, inf, 13, 3, 294, 212, 1, 1, 10, 3, 3, 16, inf, 215, inf, 2, 3, 5, 145, 11325, 2, 678, 2069, 163, 1, 309, 13, 1, 15, 260, 1, 29, 2, 20, 2745, 1, 1, 100, 1632, 2036, 1039, 6681, 17, 130, 3, 10, 5, 88, 143, 384, 1, 23, 3, 1, 61, 4, inf, 2, 4, 16, 37, inf, inf, 5, 9, inf, 47, 2, 2005, 1, 6, 6, 132, 17, 4, 561, 66, inf, 1, 158, 558, 258, 438, 32, 3, 166, 154, 3, 14, 10, 4, 1, 31, 1, inf, 38, 3338, 10, inf, 5, 12, 43, 3, 5443, 6, 6, 14, 73, 42, 15, 1, 2, 22, 5, 83, 47, 20, 49, 9, 18, 21, 924, 387, 12, 1, inf, 26, 393, 276, 271, 9, 21, 1, 14, 30, 2, 176, 6, 13, 3, 17, 3, 36, 3, 1327, 2, 2, 72, 180, 455, 1, 3, 1, 36, 1, 146, 15108, 46, 2, 22, inf, 222, 141, 1, 6, 2, 29, inf, 87, 103, 3, 10, 110, 819, 2, 2, 2, 31, 23, 40, 2, 2, 15, 581, 4, 994, 614, 2, 85, 10460, 37, 3019, 1, 3, inf, 146, 3, 94, 75, 20, 4, 15, 9, inf, 27, 9, 393, 1, 30, 73, 18, 1680, 5, 125, 18, 6, 4, 42, 1200, 734, 4, 235, 32, 6018, 72, 3357, 4, inf, 20, 5, 1, 141, 233, 1, 69, 2, 36, 129, 19, 1165, 8, 282, 190, inf, 16, 16, 59, 59, 658, 2, 7, 169, 2858, 259, 14, 101, 1, 763, 2, 10, 5, 3, 209, 322, 122, 120, 135, 532, 1590, 192, inf, 1, 149, inf, 4, 8, inf, 311, 78, inf, 48, 9, 14, 158, 71226, 15, 143, 30, 6, 49, 1294, 18, 41, 948, 2604, 1, 1, 1520, 375, 11, 393, 7, 1, 3, 10, inf, 27, 32, 2200, 8, 13, 160, 64, 9, 132, 1, 4, 1, 988, inf, 9, 1445, 392, 1, 26, 16, 3, 82, 12, 27, 74, 13398, 19, 350, 2, 330, 2, 3, 28, 2, 18, 1, 128, 34, 50109, 27, 2037, 180, 225, 2986, 1541, 3831, 160, 10, 5, 43, 1041, 2, 2, 728, 21, 171, 59, 4, 2, 2, 23, 59, 126, 3, 24, 54, 38, 234, 130, 5, 82029, 6047, 10, 4, inf, 173, 47, 31, 1, 2335, 19371, 64, 2, 18, 2, 95, 1, 21, 5, 6, 715, 273, 66, 182, 115, 3, 15907, 1, 744, 78, 731, 64, 1, 366, 34, 5, 2, 776, inf, 2, 3, 2, 36, 2, 1, 20, 7, 35, 1, 33, 39, 8, 40, 103, 8, 4, 1, 200, 76, 973, 3, 4, 9, 7296, 17, 13, 3, 2, 358, 1, 3055, 26, 25, 3, 371, 150, 6, 29, 2052, 707, inf, 1453, 4004, inf, 208, 629, 1, 2915, 8, 368, 5, 2, 2, 141, 15, 483, 1, 4, 82, inf, 226, 3, 3, 9, 2, inf, 2, 1, 6, 9648, 6, 36, inf, 1508, 477, 7, 14, 1, 26, 753, 35, 1, 18, 674, 42, 194, 567, 18, 34, inf, 14, 1, 3, 17, 61, inf, 59, inf, 16, 53, 48, inf, 4, 1, 3, 2, 41, 4, 1, 375, 276, 75, inf, 9, inf, 43, 27, 114, 646, 35, 348, 4, 50, 58, 1, inf, 5, 1288, inf, 8, inf, 12, 111, 4, inf, 15, 6, 6, 6802, 80, 15, 322, 117, 10, 11, 8, 43, 6, 3, 18, 88, 11, 18, 8903, 2065, 31, 1, 7, 141, 3, 17, 320, 10220, 31, 16, 128, 788, 2, 302, 21, 1, 9, 5, 6, 1, 30, 2, 7, 13, 1614, 1, 7, 8, 27, 640, 105, 16, 69, 38, 32, 1, 2504, 12, 1, 35, inf, 10, 1701, 14, 3, 209, 9, 23, 294, 419, 360, 4, 1, 4, 101, 100, 1, 13, 194, 58, 1, 28, 25890, 3, 7, 90, 2, 16, 16, 11, 1, 3211, 302, 3, 8, 84257, 69, 104, 13, 27, 1, 4, 123, 136, 383, 50, 337, 65, 31, 152, 10, 6381, 2, 107, 16, 7, 3, 31, 8, 1232, 3, 2, 229, 4003, 10, 19, 29, 17, 21, 320, 79, 1, 16, 249, 551, 3, 160, 212, 28, 465, 21, 235, 61, 16, 2091, 39, 9, 2105, 3, inf, 9, 1, 1166, 19, inf, 773, 47, 5, 49, inf, 69, 6, inf, 1, inf, 63, 30685, 180, 1, 1052, 1, 3, 2, inf, 15, 249, 3, 145, inf, inf, 83, 5, 3, 116, 7, 15, 12, 21, 2, 4, 295, 16, 1, 1, 104, 23, 96, 157, 2, 6160, 31, 14, 7, 64, 2, 3, 19, 4, 675, 99, 14, 91, 5, inf, 11, 78, 2, 1002, 1, 13, 426, 22, 35, 23, 2, 7, 9, 8, 7, 12, 63, 19, 1304, 646, 13, 58, 2, 384, 28, 5353, 170, 100, 65, 5, 151, 7, 29, 687, 1, 21, 22, 2914, 1, 12, 75, 42, 1252, 78, 3, 3, 53, 72, 132, 2, 18, 13937, 10, 1, 134, 6, inf, 21, 96, inf, 12, 57, 635, 30, 23, 601, 9, 51, 23, 24, 52, inf, 3, 95, 2, 13, 17, 40, 14, 146, 24, inf, 111, 90, 1, 272, inf, 4, 5, 45, 1682, 254, 5, 176, 12, 5, 74, 41, 3791, 1, 1, 2, 54, 68, 1, 1, 3, 246, 23, 38, 3, 12, 96, 1, 6, 1, 1, 58, inf, 49, 4, 43, 2, 542, 24, 2, 4, inf, inf, 70, 4, 5, 3, inf, 3, 293, 5, 9, 37, 3, 55, 62, 784, inf, 3064, 4, 4072, 98, 1173, inf, 22, inf, 1, inf, 244, 2, 16, inf, inf, 11714, 8569, 4, 62, inf, 2, 157, 223, inf, 14, 26, 9, 6, 70, 2, 2150, 157, 2, 1, 220, 4, 20, 2, 2, 30, 5, 2, 633, 32, 1, 357, 2, 225, 334, 927, 19, 23, 3, 54, 525, 13, 108, 11, 13, 3, 25, 3, 1, 34, 41, inf, 3, 413, 6, 7, 2164, 2, 1, 3, 7, 1, 3, 11, 17, 3, 250, 851, 363, 16, 2, 232, 141, 4, inf, 60, inf, 4, 12, 127, 31, 44, 10, inf, 2, 1, 8, 54, 1237, 2017, 3, 309, 40, 1395, 11, 15, 1, 9394, 10, 6, 770, 1, inf, 1, 1, 116, 123, 4, 10, 3, 3, 47, 1, 328, 4, 45, 181, 83, 6, 3, 1, 1736, 35, 1, 22, 2335, 51, 5, inf, 7, 5, 3, 1, 1, 76, 1022, 65, 8, 227, 26, 10, 39, 1, 7, 132, 245, 131, 1, 2, 1, 3, 1, 54, 34, 6, inf, 2, 2, 14, inf, 182, 12, 30, 22, 527, 8, 31, 55, inf, 29, 2, 78, 6, 1, 6, 954, 194, 15, 67, 1, 4, 1, 9, 1875, 2044, 243, inf, 41, 11, inf, 4, 16157, 1, 410, 20, 41, 113, 88, 14, 122, 74, 18, 11, 6, 5, 25029, 49, 31, 12, inf, inf, 7, 15, inf, 284, 325, 186, 21, inf, 3, 205, 7, 1, 396, 189, 235, 755, 118, 871, 1, 5, 1, 2, 11, 24, 159, 13, 222, 1, 113, 33, 6, 100, 3, 2, 4, 23, 19, 2, 9, 130, inf, inf, 24, 1, 2, 91, 11, 4, 15, 5, 3, 225, 1, 67, 9, 7, 25, 730, 1162, 49, inf, 1, inf, 26, 43, 20, 34, 936, 12, 12, 12, 428, 31, 251, 378, 7, 89, 18, 13, 5, 7, 3, 1, 18, 4, 105, 107, inf, 17, 2, 4, 3411, 46, 11, 1625, 480, 1, 45, 1, 82, 1, inf, 2, 72, 265, 126, 446, 1, 755, 12, inf, 9, inf, 18, 1950, inf, 3, 2141, 105, 1, 2, 3, 268, 1, 37, 171, 160, 8, 3, 383, 1612, 102, 4, 4, 50, 12, 13, inf, 24, 21, 1035, 10, 1740, 2, 1872, 2, 5, 3, 29, 1, 5581, 4, 6, 11, 4, 2, 4, 4, 9, 5, 32, 4, 2016, 55, 9, 521, inf, 4, inf, 48, 2, 112, 16, 4, 861, 39, 2, 1166, 165, 3, 1152, 4, inf, 4, 92, 69, 11, 5, 29, 2, 8, 5, 18, 7, 5, 495, 170, 11, 1, 1, 4, 1, 1, 54, 33, 2, 102, inf, 61, 21, 13, inf, 136, 303, 2, 27, 15, 22, 19, 1, inf, inf, 400, 1, 14, 2, 675, 55, 13, 26, 3, 43, 48, 9, 15, 17, 16, 54, 1, 5, 9, 156, 1, 49, 1, 3, 79, 2, 423, 301, 2, 8, inf, 3, 13, inf, 2362, 4, 7, 13, 22, 11, 500, 12, 1, 6, 42, inf, 18, 26, 33, 1549, 43, 1, inf, 146, 17, 6, 11, 11, 16, 2, 3, 17, 6, 1883, 3, inf, 1, 5, 11, 208, 68, 22, 4, 2, 41, 27, 392, 25, 38, 1, 3, 1, 2, 210, 38, 2, 3, 1, 3, 1, 16, 4, 4, 31, 21, 1941, 2720, 5, 24, 1, 2, 4, 15, 68, 396, 2, 1822, 81, inf, 2, 3, 7, 33, 70, 7, 610, 9, 8, 6, 22, 436, 1, 3, 30, 273, 1, 40, 548, 2, inf, 155, 4, 214, 127, 4, 2, 24, 1, 48, 3, 4, 15, 7, 6, 26, 4, 1, 2, inf, 39, 5, 59, 40, 68, 33, 15, 1, 6, 1, 368, 8077, 7, 3, 40, 14, 147, 1, 19, inf, 13286, 27, 23, 137, 15, 37, 280, 11257, 68, 86777, 1, 462, 187, 3, 3, 9204, 29, inf, 3, 121, 37, 50, 4, 1, 4, 1, inf, 295, 9, 162, inf, 3, 4, 219, 10, inf, 4264, 3, 3, inf, 6491, 40, 8, 73, 4, 23, 2102, 10, inf, 32, inf, inf, 130, 4, 343, 207, 5, 3, 7, 66, 2, 28, 442, 288, 20, 8, 13, 1, 11, 2, 21, 11, 7, 4, 2, 16199, 6, inf, 1, 3, 6, 1, 166, 32, 7, 78, 92, 1, 62, 3, inf, 1, 1, 2, 3089, 116, 4, 63, 513, 6808, 6, 53, 366, 9, 21, 1140, inf, 2, 151, 4, 1008, 755, 1, 27, 1, 26, 1, 5, 7, 1, 4, 1296, 2, 14, 5, 3, 683, 4, 18, 1, 59, 2, 2, 4, 3, 225, 1, inf, 2089, 85, 8, 5, 1668, 11, 1, 312, 41, 8, inf, 3, 20, 2, 20, 10, 52, 4, 662, 12, 133, 292, 9, 17, 263, 1, 8, 11, 13, 6, 20, 12, 7, 158, inf, 592, 55012, 1, 14, inf, 18, 197, 79, 1812, 70, 20, 28, 19, 4, 13, 86, 43, inf, 1, 40, 8, 2, 1536, 16, 1, 2, 28, 13, inf, 49, 5, 26, 83, 798, inf, 6, 49, 67, 23, 223, 633, 3, 2, 2, 10, inf, 275, 1, 1, 20, 1, 7, 27799, 32, 47, 1, 12, 8, 79, 691, 1, 77, 4, 7, 338, 35, 12, 638, 487, 3, 3, 4, 125, 2, 8, 1635, 65, 7, 6, 4, 1962, 15, 10, inf, 4, 1727, 47, 9, 3, 49, 3848, 44, 61, 436, 2, 9, 7, 8, 21, 1, 3, 25, 57, 2, 2, 23, 7, 7324, 120, 1, 32, 74, 20, 20, 22, 3537, 1, 1, inf, inf, 104, 21, 114, 413, 70, 51, inf, 9, 2, 186, 20, 201, 53, 1103, inf, 22, 148, 3, 76, 5, 6, 38, 6, 155, 9, 13, inf, 5, 2, 83, 2, 9, inf, 112, 2, 4, 3, 7, 12, 37, 1, inf, 5, 5, 8, 60, 1, 14, 24, 11, 112, 1, 189, 2, 2545, 3170, 2, 70, 6, 3, 6, 239, 106, 7, 201, 3, 2, 1, 21, 12, 12, 4, inf, 41, 2, 3, 38, 1789, 4, 16, 51, 73, 262, 40, 23, 3, 1, 1, 1, 468, 1, inf, 4, 16, 88, 6, 448, 16, 832, 360, 10, 3, 1, 47, 17, 764, 5, 483, 5, 2, inf, 48, 3, 83, 5, 5692, 27, 306, 687, 13, 8, 10238, 7, 5136, 466, 23, 5, 4, 6, 2616, 429, 9, 8, 6, 37, 39, 5, 65, 4, 2, inf, 1173, 52, 10, 19, 1, 11, 7, 1, 189, 5, 95, 6, 10, 78, 3, 2060, 16, 6, inf, 32, 27, 1, 3, 65, 2, 20, 4930, inf, 58, 17, 4165, 2654, 1, 2, 34, 1, 120, 10, 3, 10, 4, 2, inf, 13, 23, 5988, 63, 4, 5632, 1586, 1414, inf, 11, 5, 2, 22, 15, 1, inf, 2, 136, 254, inf, 21, 8, 5143, 9, 42, 36, 26, 29, 2, 159, 246, inf, 1, 1, 1, 1255, 36, 2, 156, 22, 20, 1, 4, 17, 1, 8, 1411, 73, 869, 657, 2, 19, 46, 273, 2, 2, 2, 20, 4, 1, 10, 8, 7, inf, 15, 153, 539, 32, 12, 1, 121, inf, 6, 4, 1, 33, 12, 60, 8, inf, 3, 51, 1, inf, 18, 6, 779, 204, 3965, 2, 3647, 7, 4, inf, 25, 27, 4, 73, 31, 3, 7, 2393, 72, 83, 33, 336, 10, 3, 50, 4, 12, 4, inf, 33, 5, 41, 2, 22, 33, 4, 7, 1, 5, 8, 38, 44, 26, 810, 5, 1, 2, 1, 1, 5, 1, inf, 57, 132, 24, 20, 15, 87, 4, 86, 3, 21, 97, 6, 47, 3, 6, 562, 2, 2, 32, 33, 91, 1, 652, 38, 607, 27, 131, 20, 8, inf, 3, 39, 3, 2, 39, 6, 18, 986, 250, 251, 26, 1, 29, inf, 1, 14, 3, 51, 71, 17, 9, 7, 1, 83, 2, 83, 63, 12, 1, 2492, 163, 1, 3, 188, 21, 2740, 100, 28104, 129, 107, 1215, 14, 162, 2, 8, 3, 78, 4, 3, 69, 3, 12, 15, 78, 1, 423, 474, 1, 17, 592, 587, 19, inf, 2596, 4091, 59, 35, 141, inf, 11, 9, 92, 10, 43, 4, inf, 12, 1, 6, 3680, 59, 28, 2, 28, inf, 475, 4, 1, 12749, 8, 13, 913, 2, 5, 37, 3, 7, 8343, 54, 37, 42, 249, 4777, 862, 4, 5, 1, 7, 1, 5354, 2, 78, 13, 31, 249, 3, 41, 40, 1, 2, 2, 5, 31, 11, 61, 2, 6, 9, 63, 94, 2, 18, 30, 35, 118, 7, 2, 2, 1, 10, 15, 20, 40, 1446, 1, 10, 2894, inf, 4, 843, 1, 11, 5, 9, 11845, 64, 138, 34, 13, 720, 3, 2, 4, 49, 3, 8, 1, inf, 2132, 81, 32, 7, 14, 193, 29, 252, 382, 65, 2, 84, 2, 3, 2, 1, 2, 20, 8, 1, 16027, 761, 6546, 2139, 35, 1, inf, 703, 50, 48, 3, 3, 2459, 704, inf, 240, 42, 260, 40, 4, 13, 498, 10, 5, 25, 889, 5, 20, 2, 767, 25, 3, 3, 2, 684, 90, 690, 20, 1, 2875, 78, 8, 321, 57, 13, 5, 9221, 91, 276, 5, inf, 1, 957, 26, 6, 3, 88, 1, 227, 3686, 2, 1, 1, 78, 1, 76, 16, 2, 74, 12, 29, 1, 28, 2, 27477, 41, 113, 39, 6, 2, 88, 30, 1, 3, 5, 2, 16, 8, 1067, 7, 18, 53, 5, 35, 1, 7, 111, 1, 54, 3, 48, 247, inf, 282, 13124, 89, 2, 477, 4, 2, 366, 196, 2, 2, 3, 64, 6, 4, 3, 92, 1, 1, 2, 47, 142, 8, 34, 2, 1244, 12, 2, 1, 1, 1, 1, inf, 161, 9, 209, 59, 22, 52, 20, 4, 24, 3, 18587, 56902, 53074, 11582, 12, 1, 5, 702, 4, 56, 2, 6, 15, 31, 1881, 3, 120, 826, 5014, 12, 1, 9, 99, 1, 229, 4, 2059, 45, 3, 85, 2798, 3, 5, 5, 7792, 1, 40, 774, 1703, 515, 1, 895, 2, 2, 1, 119, 1, 1, 1, 195, 1660, 8, 5, 74, 1, 17, 224, 4, 31, 2, inf, 3, 568, 208, 18, 19, 124, 1, 11, 2196, 48, 21, 5, 60, 2, 13, 15533, 37, 33, 400, 39, 2, 1, 1, 8, inf, 21, 6, 1, 82, 1, 2, 223, 1, 1, 320, 2, 13, 60, 9, 1, 3, 40, 445, 144, 741, 393, 2, 156, inf, 825, 41, 26, 4, 6, 2124, 2, 122, inf, 431, 3, 28, 6, 11, 72, 116, 2, 4, 13, 1, inf, 2, 16, 28, 5, 75, inf, inf, 3, 162, 4, 3, 2, inf, 12, 3, 463, 2, 22, 2, 1, 27, 10, 37, 4, 2, 49, 8, inf, 255, 3, 15912, 6, 13, 22, inf, 3, 4, 264, 6, 6, 3, 212, 2, 6, 7, 547, 440, 5, 56, inf, 347, 435, 7, 2, inf, inf, 5, 6, 68, 1, 1, 42, 54, 79, 1, 25, 17509, inf, 43, 1564, 4, 26, inf, 20, 10, 4395, 1766, 12, 9, 7, 1, 9, 58, 8, 328, 59, 72, 3, 20, inf, inf, 59, inf, 2778, 272, 4, 68, 2, 1, 2, 96, 77, 3, 6, 23, 909, 7, 652, inf, 4, 1, 443, 3, 26, 11, 1769, 10, 33, 1, inf, 15, 39, 33, 2, 36, 2, 9, inf, 3, inf, 3, 1, 24450, 60, 334, inf, 30, 203, 1, 84, 136, 86, 591, 7, 18, 1, 3, 40, inf, 679, 10, inf, 3, 9, 72, 6, inf, 15, 6, 7, 9, 1, 139, 7, 1, 19062, 3, 3, 283, 11, 2, 3309, 21, 52, 3, 6, 5, 572, 6, 2, 1, 11, 82, 10, 3, 52, 153, 232, 13, 242, 7, 15, 3, 14, 2, 7, 7, 6, 5, 47, 18, 35, 520, 133, 9394, 3, 1, 1, 6, 343, 6, 5, 56, 44, 55, 7, 6, 723, 52, 47, inf, 3, 181, 1, 9599, 51, 39, 8, 88, 8, 34, 3, 3540, 3, 2, 7, 575, 5, 16, 1, inf, inf, 1, 2713, 3, 138, 364, 732, 187, 3, inf, 6, 71, 15, 3, 1, 168, 4, 3, 3, 20, 45, 7, 96, 5464, 52, 1, 10, 1, 52, 4, 2, 7, 2, 20, inf, 72, 2, 10, 3, 3, 31, 3, 610, 24, 13, 33, 1, 5, 2, 19, 60, 9, 36, 3, 33, 4, 416, 13, 1481, 3, 3, 23, 3603, 372, 1, 16, 1, 30, 2, 11, 4, 2, 827, 2, 7, 670, 1, 1, 14, 5, 133, 1, 20, 6, 177, inf, 53, 7, 18, 1, 233, 5, inf, 580, 22, 6, 27, 2, 1, 1, inf, 6, 8, 11, 1, 13, 4, 2506, 43325, 11, 28, 161, 94, 26, 32, 19, 10, inf, 4, 14, 12, 20, 721, 1, 1, 20, 14, inf, 129, 38, inf, 15, 1238, 2, inf, 13, 269, 1, 3, inf, 25, 23, 4, 97, 92, inf, 3, 1, 1, 7, 3439, inf, 18, 21, 2, 2, 1, 1, 7, 2, 2, 335, 2, inf, inf, 15, 35, 11, 84, 24, 19, 2, 104, 1, 1, 35, 7, 129, 9, 6, 10, inf, 38, 82, 76, inf, 48, 42, 1, 6, 7, 1, 3, 19, inf, 1936, 117, 7, 11, 1, 7, 15, 1, 2, 4, 2, 64, 1, inf, 3, 2, 18, inf, 2534, 13, 2, 562, 3, 15, 11, 5, 1, 769, 3, 204, 2, 9609, 10, 31, inf, 18, 13, 2, 12, 66, inf, 7, 6, 4, 511, 2, 3, 1, 3, 14, 1, 4, 9, 1229, 1, 3, 93, 18, 23, 11787, inf, 11, 1, 207, 35, 9, 4, 2, 3, 44, 4, inf, 2, 75, 6, 2271, 4, inf, 28, 62, 5, inf, 47, 4, 57, 1, 59, inf, 8, 70, 93, 2, 704, 2, 7, 89, 296, 2, 30, inf, 6, 2, 1, 7, inf, 5, inf, 1, 5, 1, 4, 1, 3, 8, 10, 7, 52, 6, 794, 502, 55, 23, 29264, 9, 31, 142, 8, 17, 5, 2, inf, 184, 60, 2, 94, 1183, 479, 46, 38, 207, 30, 419, 7, 42, 77, 1, 1, 6, 3, 74, 48, 11, 2, 6, 50, 12, 2, 2, 12, 24, 61, 19, 2, 835, 16, 179, 11, 4, 4, 13, 140, 1, 364, 12, 14, 567, 1, 386, 103, inf, inf, 1, 51, 371, 169, 948, 6, 1244, 1, 18, 58, 14, 47, 18, 9192, 124, 1, 2, 6, 332, 4, 4, 22, 2, 4, 64, inf, 192, 3, inf, 2682, inf, 14, 1, 2, 9, 117, 3, 71, 25, 59, 5496, 33, 494, 38, 5, 4, 1, 14784, 494, 60, 1, 4, 2, inf, 55, 42, 136, 24, 11, 2, 63, 51, inf, 268, 2, 3, 2, 1, 128, 346, 11, 230, 16574, 9, 6, 1, 14, 90, 1, 610, 86, 1, 63, 1, 55, 12, 7, 4419, 6, 11, 2, 1, 4, 39, 57, 2, 16, inf, 40, 21, 547, 18, 410, 65, 9, 325, 4, inf, 14, 3574, 31, 3701, 6, 39, 31, 643, 2, 54, 3, 5, 5, inf, 9, 34, 4, 2, 30, 20, 46, 26, 51, 26, 4, 107, 220, 2341, 378, 5183, 1, 1941, 5, 2, 5, 20, 427, 30, 15, 864, 161, 2, inf, 36, 1, 26, 15, 1, 20, 2212, 42, 298, 7, 1, 1, 13, 16, 189, 1602, inf, 17, 1, 4, 11, 2, 2, 171, 11, 1758, 28, 16, 11, 8, 18, 307, 19, 63, 5, 1, 5, 19, 9, 6, 2, 92, 1, 58, 92, inf, 60, 63, 2, 2, 22, 810, inf, 1, 10, 25, 1219, 2, 3594, 751, 7, 17, 6, 7, 4, 12, 211, 4502, 3, 6, 6, 8, 7, 2, 800, 162, 1, 5369, 257, 5, 435, 1, 230, 5, 7, 11997, 172, 10, 221, 3, 11, 2, inf, 32, 29, 22, 47, 50, 9, 4, 69, 61, 121, inf, 4, 3, 3, 274, 2, 17, inf, 1, 528, 1, 7, 33, 4, 2, 17, 506, inf, 4, 1, 2916, inf, 158, 42, 1, 6272, 5, 1552, 82, 388, 16920, 12915, 5, inf, 6454, 70, 32, 36, 9, 18, 14, 2, 30, 15, 522, 5, 111, 5, 60, 55271, 208, 56, 165, 122, 17, inf, 7, 1, 121, 2, 81, 4, 29, 863, 103, 74, 2657, 2056, 1513, 19, 19, 7, 61, 1, 4, 1, 10323, 1, 7, 33, 5, 1, 35, 21, 12, 413, 333, 1, 7, 16, 31, 10, 45, 3, 23, 660, 82, 3, 149, 107, 35, 126, inf, 4, 534, 18, 190, 9, 4, 32, 2448, 738, 23, 3, 35, 30, 2, 1, 3, 4, inf, 143, 17, 102, 679, 64, 9, 6, inf, 47, 30, 3, 1, 2, 38, 33, 1, 10, 739, 83, 510, 8623, 6, 328, 31, 9, 4, 38, 232, 132, 12, 3, 61, 4, 38, 3301, 1, 286, 7, 1, 26, 1, 2113, 4, 1536, 7, 1, 87, 34, 2, 8, 2, 1012, inf, 1, 473, 1, 161, 32, 3, 3, 8, 4, inf, inf, 1, 10, 69, 106, 10, 960, 11, 1, 1, 86293, 1, 76, 33, 1, 1, 1784, 4693, 10240, 129, 128, 7, 1, 27, 1, 96, 73, 2144, 7, 294, 50, 3, 5, 59, 24, 1625, 10, 14372, 4, 64, 34, 24, 365, 1, 728, 41013, inf, 63, inf, 3, 32, inf, 3, 12, 50, 285, 23, 6, inf, 2, 4, inf, 7586, 3, 2, 2, 3, 1, 13, 464, 2460, 3, 8, 66, 4, 3, 4, 5, 125, 33812, 3916, 5, 12, inf, 1, 1, 2599, 2, 41, 1752, 17, 83, 97, 194, 157, 2, 6, 862, 8, 24, 16, 16, 20, 122, 17, 339, 12, 1735, 11, 7, 4, 48, 124, 18, 547, 2, 2, 14, 3, 8, 34, 26, 49, 3395, 6, 2, 5086, 493, 1, 79, 17, 24, inf, 9, 22, 64, 255, 1, 6, 42, 555, 71, 35, 2, 13, 774, 143, 17, 2, 143, 22, 83, 333, 8, inf, 2, 217, 4, 15, inf, 19, 14, 1, 2, 5, 2, 1, 755, 3, 162, inf, 3, 5, 50, 3910, 23, 1, 156, 2, 70, 12, 68, 28, 2, 5, 6, 12, 6, 20, 243, 1, inf, inf, 135, 7, 17, 47, 9, 172, 4, inf, 1, 4926, 20, 32, 44, 509, 9, 2, 8, 161, 2, 2, 1, 96, 40, 1, 4, 8, 323, 8, 23, 1876, 4, 814, 1, 731, 2, 2, 60, inf, 256, 71, 5, 2131, 9, 2, inf, 8, 5, 32452, 1, 1, inf, 105, 5, 1, 21, 14, 39, 27, 2, 2, 62, 67, 210, 1, 20, 19, 3, 23, 29, 8, 176, 1, 12, 139, inf, 1, 9, 2, inf, 22, 2, 8, 34, 53, 15, 19, 15, 1, 1, 72, 300, 97, 39, inf, inf, 103, 1, 2, 5, 53, 9, inf, 28, 20, 2, 4, 15, 709, 130, 9, 1, 3, inf, 5, 209, 6, 17, 101, 995, 1, 23, 1, 49, 1957, 5216, 713, 34, 43, 78, inf, 103, 114, 123, 3, 56, 19, 2, 6, 532, 276, 3363, 20, 1763, 10, 20419, 2, 54, 47, 48, 1, 9, 26, 3, 20446, 1, 7050, 48, 66, 87, 5, 160, 6, 5, 27, 525, 17, 1, 1, 6, 29, 1423, 260, 22, 8, 47, 1250, 1179, 34, 8, 132, 1, 43, 9, 2, 6, 10, 2, 5, 3, 11, 9, 13, 3, 5223, 5, 17, 3, 1, 149, 6, inf, 1, 95, 6, 37, 51, 5, 28, inf, 4, 2, 1, 4, 6, 56, 2711, 1, 2, 252, 10, 1, 1, 7, 4, 4, 139, 7, 4, 4, 1, 2, 195, 143, 1, 74, 92, 12, 5, 6, 12, 5370, 17266, 1240, 127, 378, 4052, 1, 2, 2257, 8093, 86, inf, 29, 36, 658, 92, 2, 149, 47, 9420, 381, 10, 2, 8, 124, 3865, 29, 123, inf, 4, 1927, 149, 9, 285, inf, 116, 3, 28, 64, 99798, 2, 212, 5, 82, 6, 24, 5, 618, 3, 139, inf, 543, 5, 257, 29, 1, 55, 1217, 105, inf, 79, 39, 16, 12, 75, 51, 193, 5, 916, 5, inf, 3, 204, 1, 92, 1306, 3, 5, 10, 49, 2, 166, 6, 127, 27, 1, 14, 12, 501, 2, 362, 11, 9, 1142, 16, 1, 4, 5, 5, 9, 1, 24, 188, 4, 73, 2, 338, inf, 33, 4, 1, inf, 4, 12224, 2, 2, 14, 2, 83, 217, 4, 354, 2, 54, 18238, 3, 11, 5, 1, 587, 170, 12, 3, 52, 4, 9, 111, 9, 30, 172, 1, 111, 30, 95, 3, 2163, 2, 12, inf, 19, 2, 8, 877, 3, 63, 155, 56, 1, 1, inf, 264, 561, 1, 47, 1, 4440, 33, 155, 41, inf, 65, 248, 2, 8, 69, 2, 1, 11, 16, 46, 3, 1, 8, 4, 27, 33, 30, 3, 2, 3, 23, 60, 16994, 2, 22, 11, 9, 63, 5, 6, 4, 191, inf, 20723, 25, 3, 176, 31, 13, 28, 13, 27, 1, 6, 5, 26, 1, 1242, 13, 26, 1, 2, 10, 217, 1, 28, 4, 11, 17, 1, 2, 23835, 79, 2, 1, 7852, 4, 3, 1, 52, 7, 221, 1, 38, 5, 78, 19, 1, 3, 4, 136, 1, 435, 2, 990, 183, 2, 2, 4, 3, 12, 952, 43, 382, 22, 48, 1, 188, 20, 4878, 6, 316, 243, 75, 11, 84, 6, 14, 5, inf, 1, 2, 1, 68, 4, 890, inf, 9, 8, 815, 5, 29, 14, 6, 3, 9, 10671, 413, 4, inf, 921, 30, 9, 204, 1, inf, 2, 292, 213, 2, inf, 80, 125, 5, 415, 5, 22, 2, 80, 22, 1, 4, 259, 2, 15, 11, 28, 76, 8, 18, 7, 11, 9, 4, 8, 35, 1, 2, inf, 13, 42, 31, 1089, 59, 5, 26, 1, 1, 1, 2, 275, inf, 27, 16, 7, 2, 1495, 329, 3, 2, 159, 14, 30, 2, 325, 6153, 433, 52, 7, 1, 17, 9, 59, 359, 6, 512, 2835, 1, 119, 1, 3, 16, 8, 3261, inf, 114, 107, 3, 3643, 18, 36, 4, 4, 5, 6, 1, 6, 34, 65, 3, 3969, inf, 125, 5, 14, 1395, 1497, 136, 168, 49, 3, 12, 238, 30, inf, 161, 2, 27, 5, 2, inf, inf, 103, 534, 6, 1, 16, 5, 2, 1, 2837, 2, 7, 37, 47, 1, 203, 155, 5, 358, 15, 3, 5, 10, 1, 4, 7, 9, 73, 27, 1, 109, 12, 300, 6, 6, 12911, 48927, 11, 1, 23, 12, inf, 65, inf, 29, inf, 72, 1, 53, inf, 1329, 3, 1, 10, 866, 74, 72, 21, 3, 8, 9, 50, inf, 8, 2, 2, 1044, 20, 1, 138, 1, 7, 56, 4, 341, 85, 11, 5, 32, 182, 2, 9, inf, 22, 6, 135, 125, 1500, 2, 4, 799, 1852, 15, inf, 3, 5077, 35, 3, 10, 6, 5, 62, 6, 814, 217, 1, 14, 1, inf, 21116, 18, inf, 2, 345, 101, 1, 189, 9, 17, 531, 610, inf, 2, 4, 11, 2095, 133, 69, 39, 8, 2, 7, 16, 11, 557, 12, 3, 168, 5, inf, 74, 152, 609, 51, 12, 4, 47, 2, 2, 34, 296, 4, 1, inf, 4, 162, 14, 192, 2, 597, 490, 114, 52, 100, 774, 4, 1, 1, 1, 4, inf, 161, 1, 169, 112, 13, inf, 2, 657, 1085, 70, 4, 17, 3, 1, 54, 3, 19, 253, 21, 5, 5, 46, 3, 87, 16, 31, 2, 2164, 21, 251, 1, 12, 66, 65, 90, 30, 1, 36, 9, 1, 1, 1, 78, 6, 3241, 80, 8, 411, 2, inf, 8, 16, 1, 130, 451, inf, inf, 3143, 15, 198, 103, inf, 635, 624, 64, 9, 83, 162, 58, 12, 18, 176, 12, 45, 1, 12, 2, inf, 49, 2, 2, 6, 10, 3640, 442, 8, 288, 87, 3, 207, 29, 26, inf, 4215, 1275, 1, 37, 5394, inf, 29, 44, 1, 42, 4, 29, 414, 112, 151, 104, 1584, 2, 193, 2, 3, 6, 27, 92, 10, 1, 1, 1, 47, 36, 8, 136, 263, 19, 14, 1, 180, 18, 712, 26, 20, 2, 48, 2, 29, 365, 13, 6, 18, 1105, 126, inf, inf, 33, 5, 244, 10, 1, 2, 1, 1, 1, 5, 7, 12, 568, 77, 146, 502, 1200, 6727, 31, inf, 52545, 9, 3975, 6, 9, 477, 12, inf, 5, 20, 269, 10, 2, 171, 7, 1, 10, 1, 8, inf, 71, 5, 5806, 435, 173, 7, 10, inf, 30, 12, 17, 5, 1164, 32, 4816, 2, 352, 10, inf, 7, 761, 18, 11, 1, 1727, 10, 40133, 1, 741, 99, 5, 8, inf, 37701, 1, 5, 2, 270, 2, 1275, 8, 1997, 66, 1, 2, 5, 131, 12, 2407, inf, inf, 5, 2, 2, 161, 8, 997, 5, 35, 87, 1080, 189, 21, inf, 14402, 5, 77, 14, 64, 5, 77, 72, 4, 119, inf, 3, 19, 12, inf, 9739, 39, 8, 5, 5, 212, inf, 103, 14, 2, 353, 543, 13, 26, 55, 3313, 13, 6, inf, 2, 7, 7, 118, 3, 4, inf, 7, 25, 1, 6, 1882, 1891, inf, 1, 14, 81, 28, 3, 4, 150, 2, 2262, 27511, 1, 568, 15, 16, 551, 589, 6, inf, 528, 4, inf, 2, 5, 16, 1, 152, 1694, 7, 5, 23, 40, 697, 919, 73, 7, 1042, 18, 2, 9, 3, 75, 30, 200, 5, 563, 2, 20, 630, 87, 3878, 1, 4, 51, 26, 8, inf, 563, 218, 1404, 17705, 4, inf, 3, 52, 3, 38, 40, 1943, 36, 964, 2429, 1501, 156, 111, 31, 8, 43, 39, 12, 1, 3, 1, 15, 35992, 7, 5, 2, 3, 32, 138, inf, 4, inf, 20, 1, 1, 31, 1, 3, inf, inf, 18, 411, 45, 1752, 57, 5, 23, 13, 60, 181, 138, 182, 2937, 4, 3, 544, 1, inf, 108, 15, 66, 384, 4, 39, 2, 14177, 6, 92, 9, 10, 2, 2, 1, 1, inf, 7, 55, 33, 29, 6, 36, 1, inf, 25, 1, 1508, 4, 618, 5662, 1344, 3, 6, 13, 5, 3, 7, 1, 4, 9, 10, 8, 99, 57, 484, 38, 4, 13, 75, 9, 12, 790, 1, 21946, 1, 366, 2, 22, 199, 15, 2, 9, 18, 982, 3, 2, 8, 1, 7, inf, 96, inf, 3, 137, 1, 27, 5, 401, 32, 1, 18, 30, 721, 30, inf, 1, 15, 1, 28, 14, 1, inf, 2, 1, 19, 6, 122, 9, 2, 5, 18, 34, 1, 2, 80, 19, 25, 11, 4, 1, 5, 18, 1701, 19, 4, 14, 10, 254, 1, 6404, 93, 307, 173, 11, 10, 3, 3, inf, 17, 2, 18, 1, 62, 49, 18, inf, 26, 14, 83, 193, 14, 47, 120, 6, 14, 36, 71, 1, 2, 8, 26, 13, 91, 753, 200, 24, 2, 15, 297, 15698, 70, inf, 556, 65, 611, 4, 28, 16, 23, 235, inf, 179, 2, 126, 1, 19869, 6, 66, 57, 1, 3310, 26, inf, 97, 59, 7734, 1, 90, 8, 1, 13, 795, 1300, 19, 38, 13, 505, 1, 7, 9, inf, 17, 2, 196, 2, 25, 4, 44, 16, 7, 255, 174, 9, 2, 265, 18, 6, 2, 41, 108, 161, 2, 1, 5, 17, 80, 2, 12, 135, 699, 6, 918, 142, 1, 2, 1, 87, 2, 22, 4416, 56, 2, 56, 23, 24, 4, 1480, 59, 628, 14, 254, 436, 2, 718, 1, 88, 45, 120, 14, 63, 11, 23, 2, 267, 1, 4, 250, 1, 53, 13911, 3, 37, 34, 9, inf, 1, 791, 492, 2, 9, 4, 4, 3, 30, 3, inf, 1, 4, 14, 9, 5, 91, 225, 10, 6770, 17, 557, 5, 5, 354, 31, 31, 2, 18547, 206, 9, 6, 1, 17, 7, 87, 72, 22, 301, inf, 4, 578, 54, 156, 3, 40, 2, 422, 1, 6, 17, 17, 113, 2681, 1, 11, 2537, inf, 60, 11, 145, 9, 11, 64, 58, 5468, 1, 398, 41, 33, 8, 10, 14, 1, 32, 5, 900, inf, 100, 10, 4, 5, 12, 57, 17015, 3157, 3, 2, 1325, 2, 19, 8, 13, 485, 50, 5, 2, inf, 5, 35, 7, 6, 6, 2, 8, 2, 1, 5, 3, 178, 75, 13, 8, inf, 2, 8, 19, 55, 164, 454, 85, inf, 2, 156, 6, 53, 2, 10880, inf, 3, 314, 32, inf, 620, 11, 3, 27, inf, 467, 43, 8, inf, 163, 2, 7, 6, 10, 1485, 3, 12, 461, 1139, 24, 36, 37, 1, 11, 28, 2, 1, 22, 23, 748, 72, 1014, 5, 3, 240, 8, 31, 248, 7433, 2, 24, inf, 47, 1062, inf, 723, 8083, 14, 5, 689, 545, 1893, 2, 9, 1, 51, 1, 3, 34, 18, 5, inf, 227, 2, 4501, 3, inf, 2, 380, 41, 21, 3, 20, 11, 1549, 4862, 31, 1, inf, 5, 1, 14, 30, 2, 6, 6, 17, 24, 121, 1, 1, 123, 13, 36, inf, 2, 6454, inf, 3, 190, 610, 397, 1, 1, 2, 11, 55, 16, inf, 6, 5, 23, 50, 24, 9, inf, 18, inf, inf, 42, 59, 3, 15, 73, 515, inf, 3, 5, 4, 4, 4, 162, 2, 1, 578, 10, 34, 6, 8, 40, 2340, 7, inf, 2, 3, 85, 10, inf, 26, inf, 3, 15, 2, 1, 289, 4, 5, 223, 172, 22, 2, inf, 1, 124, 20, inf, 1310, 9, 183, 1, 2, 255, 4550, 8, 1, 25, 116, 15, 119, 22, 9, 7, 119, 1, 3, 322, 1955, 7155, 7, 218, 23, 6, 1, 10, 118, 24, 858, 3, 9, 256, 58, 839, 258, 7, 328, 26, 20, 6, 85, 7, 88, 4, 254, 244, 8, 1281, 1, 309, 3, 76, 407, 4, 39, 545, 1, 573, inf, 16646, 107, 65, 6824, 5, 3, 75, 19, 11, 2, 1, 12, 92, 36, 2, 30, 675, 137, 80, 3, 47, 68612, 1, 2, 72, 1, 158, 288, 1, 2, 4, 8, 7, 1, 1, 184, 1, 25, 1, 152, 3, 13, 1, 11, 87, 74, 67, 28, 13, inf, 268, 170, 152, 104, 21313, 4, 453, 251, 194, 2, 49, 4, 22, inf, 6, 10, 2, 1, 13, 142, 1, 7, 1, 1370, 24, 3, 7, 63, 34, inf, 20, 60, 1, 1, 326, 356, 2, 177, 8, 25, 37, 1, 255, 4, 1, 2, 38, 8, 30, 19, 7126, 6715, 1982, 2240, 8, 1, 145, 8, 16, 36, 1, 3, 238, 1, 5, 33, inf, 21, 33, 1172, 1, inf, 1053, 1, 46, 362, 10, 24, 187, 14, 1481, 5, 12, 6, 5, 14, 3, 17, 37, 1, 77132, 4, 58, 11, 786, 45, 2, 1, 1, 673, 56, 375, 3, 2, 1, 61, 6, 149, 1, 30, 11, 205, 4, 1, 141, 9, 1, 109, 8, inf, 1, 96, 2, 634, 55, 3797, 1, 27292, 2223, 1072, 7, 1, 69, 11, 35, 1, 1, inf, inf, 71, 2, 16870, 152, 740, 9, 90, 219, 154, 17, 24, 14, 14, 11717, 7, 2, 14, 18, 1, 33, 4, 4, 14, 51, 3, 1185, 18, 993, 31, 243, 39, 80, 5, 3, 5, 3, 17, 36, 22, 4, inf, 2, 2, 3, 4, 510, 76, 37, 2, 5, 1, 63, 19, 203, 13, 12, 2, 2, 245, 1, inf, 1, 25, 1, 78, 2, 32, 1, inf, 108, inf, 45, 4, 1, 41, 3, 1, 415, inf, 12, 1, 5, 1146, 3, 22, 12093, 10, 208, 13, 6, 1, 2, 628, 37, 9, 133, 245, 3, 4, inf, 668, 922, 17, 1, 4016, 47, 28, 1, 310, 367, 5, 2, 33, 2, 2, 9, 2, inf, inf, 335, 1, 4, 7, 174, 3, 7, 73, 81, inf, 35, 1398, 1, 46, 196, 102, 1, 123, 15, 25, inf, 1386, 8, 28, 106, 33, 3, 18, 1932, 16, 3, 1, 1, 136, 2, 8, 1, 11, 26, 15, inf, 1, 299, 1, 13, 41, 34, 4, 3, 5048, 2, 3, 3, 1, 9, 132, inf, 18, 140, 37, 102, 1, 2, 28, 109, 2, 350, 2, 17, 222, inf, 527, 9, 34, 12, inf, 8, 1, 2, 30, inf, 8228, 206, inf, 24, 69, 16, 64, 4, inf, 1, 1, 3, 7, 158, 9415, 8652, 558, 473, 6, 43, 177, 17, 4, 92, 2052, 167, inf, inf, 2, inf, 58, 29, inf, inf, 4, 9, inf, 3, 13289, 20, 44, 14, inf, 1, 365, 2, 14, inf, 22, 7, 8, 1138, 306, 19, 5, 7, 16, 75, 1087, 1, 6, 3, 2, inf, 141, 14, 2, 21, 36, 3, inf, 1, 1, 16, 29, 1, 1162, inf, 1, 6, 3, 74, 7, 1, 1635, 36, 8, 5619, 28, 859, 11, 208, 1313, 6, 1, 6, 2, 6, 140, 1187, 19, 92, 25, 6, 437, 387, 13, 44, 3, 254, 1, 4, 1, inf, 739, 420, 724, inf, 1, 97, 13, 73126, 9, 29, 79, 6, 3, 5, 35, 220, 1, 72, 31, 93, 5, 187, 108, inf, 12, inf, 351, 27, 1517, 16, 3, 355, 2, 2, 7, 1, 1, 2, 351, 2, 3, 10, 5, 33, 10, 37, 221, 1, 2, inf, 20, 3, 4, 71139, 5, 1148, 68, 2, 4, 1, 9, 1, 37, 1121, 14, 53, 28, 39, 488, 2, inf, 15, 3, 19, 8, 9, 2, 41, 136, 5, inf, 3, 5107, 2, 16, 65, 5, 86, inf, 1, 12, 20, 185, 5, 2, 82, 1, 27, 4, 300, 10, 1, 274, 50, 91, 74, 9, 4, 28, 4, 2442, 1, 13, 155, 827, 710, 7, 1, 12, 4, 1, 19, 1, 980, 87, 113, 1817, 30, 3, 2, 19, 1, 39, 591, 2, 5, 2, 46, 4, 32, 1707, 45, 49, 2, 37, 195, 9, 2, 1, inf, 5, 3, 3, 298, 90, 2280, 44, 8, 1, inf, 217, 219, 9, 1, 205, 1, 1, 7, 159, 1508, 36, 2, 38, 1, 862, 5, 13, 3, 2, 15, 3, 1, 1, 1930, 22, 1, 51, 2, 1419, 2821, 133, 14, 7, 13, 11, 161, 36, 50, 282, 11, 66, 1, inf, inf, 27, 212, 3, 1, 128, 30, 27, 2, 11, 10, 11, inf, 1, 2713, 25, 3669, 10, 2, 760, 3, 1, 608, 1, 131, 1, 52, 43, 308, 18, 4, inf, 256, 58872, 59, 1, 1, 75, inf, 12, 46, 10, 36, 6, 11, 2, 79, 1003, 292, 5, 7, inf, 54, 14, 61, 186, 96, 1, 12, 3, 4, 1, 5, 425, inf, 12, 9, 23, 1, 64, 148, 94, 35, 3, 7, 1, 5, 537, 101, inf, 1, 3535, 14, 2, 1, 2, 30, 40, 1, 36, 1547, 110, 6017, 1, 2, inf, 2167, 3, 134, 184, 337, 9, 13, 9, 205, 33, 14, 4, 56, 4, 120, 29, 4, 46, 1, 457, 8, inf, 1, 666, 288, 2429, 1844, 98, 9, 1570, 1, 10, 1, 57, 5857, 10681, 1, 4, 757, 8247, 14, inf, 3470, 138, inf, 11, 15, 14, 1351, 1, 17, 36, inf, 400, inf, 13, 46, 46, 8, 1, 1002, 1, 2, inf, 6, 3, 222, 37, 103, 26, 1, inf, 2160, 14, 1710, 1180, 1, 609, inf, 14, 69, 8133, 1008, inf, 16, inf, 3, 2, 4, 5, 186, 369, 85, 65, 54, 134, 218, 4, 5807, 9, inf, 1, 460, 19, 124, 18, 2, 2, inf, 1, 11, 1, 28, inf, 14, 742, 386, 105, 164, 1084, inf, 3, inf, 1, 31, 2256, 126, 6872, 6, inf, 1, 4, 1, 69, 2, 465, 2547, 31, 244, inf, 2, 17, 718, 16, inf, 10, 1, 25, 1, 83, 570, 242, 2, 1, 54, 49, 10, inf, 37, 47, 32, 2029, 50, 3, 1, 3, 117, 44, inf, inf, 68, 4, 1, 27, 1, 3, 38, 57, 30, 2, 56, 14, 927, 637, 11, 53, 13, 708, 22, 103, 5, 3, 12, 10, 352, 1, 1, 26, 32, 15, 2650, inf, 12, 5, 5, 111, 2036, 2, 52, 651, 1, 40, 572, 53, 9, 367, 8, 10, 16, 702, 1010, 6, 2, 10, 165, 12, 5, inf, inf, 39, 13, 2694, 250, 1, 19, 1402, 10, inf, 45, 33, inf, 3, 1, 1, inf, inf, 52, 2, 413, 19, 14, 5, 217, 2, 2, inf, 3, 65, inf, 55, 33, 164, 2, 1175, 3, 70, 1, 8361, 1, 17, 4, 6, 34, 217, 1, 1, 67, 217, 2, 7, 68, 12, 8, 461, 19, 15, 630, 12, 3, 105, 1896, 1, 46, 3, 23, 65, 3, 120, 2, 51, 16, 61, 163, 5, 1, 1138, 80, 1, 30, 13, 1, 4, inf, 3, 1, 1, 45, 14, 13741, 1137, 432, 39, 6, 11, 7, 637, 212, 6, inf, 2, 17, 1, 14, 2, 37832, 9, 4, inf, 55, inf, inf, 57, 1, 60, 11, 1, 1, 3, inf, 11, 3, 7, 11, inf, 1, 50, 38, 1, 2802, inf, 63, 1, 3, inf, 150, 7, 15, 1, 41, 1, 17, 51, 46, 1, 1, inf, 10, 173, 133, 10, 33, 8, 7, 10, 46, inf, 18, 1, 2, 5, 3, 4, 4, 3, 5, 2, 27976, 7885, 4, 519, 2774, 41, 3, 32, 45, 3, 26, 17, 48, 11, 6, inf, inf, 8, 10, 1, 32, inf, inf, 132, 6, 19, 27, inf, 109, 42, 1, 1, 285, 41, 116, 17, 4, inf, 23, 5, inf, 1, 134, 33, 1, 30, 12, inf, 675, 245, 10]
2022-08-30 Tuesday 12:05:58:INFO: It completed at: 2022-08-30 12:05:58.103536
2022-08-30 Tuesday 12:05:58:INFO: Completed after: 2 days, 20:07:18.265647
