2022-08-27 Saturday 15:58:57:INFO: {'bug_database': 'dataset/mozilla/mozilla_soft_clean.json', 'database_name': 'mozilla-sampled', 'epochs': 12, 'lr': 0.001, 'l2': 0.0, 'batch_size': 256, 'ranking_batch_size': 512, 'ranking_n_workers': 2, 'cuda': True, 'cache_folder': None, 'pairs_training': 'dataset/mozilla/sampled_age_training_split_mozilla_pairs_random_1.txt', 'pairs_validation': 'dataset/mozilla/validation_mozilla_pairs_random_1.txt', 'neg_pair_generator': {'type': 'none', 'training': None, 'rate': 1, 'pre_list_file': None, 'k': 0, 'n_tries': 0, 'preselected_length': None, 'random_anchor': True}, 'loss': 'bce', 'margin': 0, 'categorical': {'lexicons': 'dataset/mozilla/categorical_lexicons.json', 'bn_last_layer': False, 'emb_size': 20, 'hidden_sizes': [40], 'dropout': 0.0, 'activation': 'relu', 'batch_normalization': False, 'layer_norm': False}, 'compare_aggregation': {'word_embedding': 'word_embedding/mozilla/glove_42B_300d_mozilla.npy', 'norm_word_embedding': False, 'lexicon': 'word_embedding/mozilla/glove_42B_300d_mozilla.lxc', 'sent_representation': None, 'tokenizer': 'white_space', 'bow': False, 'frequency': False, 'extractor': {'update_embedding': False, 'filters': ['TransformLowerCaseFilter'], 'hidden_size': 150, 'dropout': 0.0, 'layer_norm': False, 'txt_field_emb_size': 5, 'field_word_combination': 'cat', 'emb_dropout': 0.0, 'scaled_attention': True, 'model': 'linear', 'use_categorical': False, 'bidirectional': True}, 'matching': {'type': 'full', 'scaled_attention': True, 'comparison_hidden_size': 100, 'dropout': 0.0, 'residual': True, 'layer_norm': False, 'attention_hidden_size': 200, 'attention': 'dot_product', 'comparison_func': 'submult+nn'}, 'aggregate': {'model': 'lstm', 'window': [3, 4, 5], 'nfilters': 100, 'hidden_size': 150, 'dropout': 0.0, 'bidirectional': True, 'num_layers': 1, 'self_att_hidden': 50, 'layer_norm': False, 'n_hops': 20}, 'classifier': {'hidden_size': [300], 'output_act': 'sigmoid', 'hadamard_diff_textual': True, 'hadamard_diff_categorical': True, 'textual_hidden_layer': 600, 'categorical_hidden_layer': 40, 'categorical_dropout': 0.0, 'dropout': 0.0, 'only_candidate': False, 'layer_norm': False, 'batch_normalization': False}}, 'random_switch': True, 'recall_estimation_train': None, 'recall_estimation': None, 'sample_size_rr_tr': 0, 'sample_size_rr_val': 0, 'rr_val_epoch': 100, 'rr_train_epoch': 100, 'ranking_result_file': None, 'optimizer': 'adam', 'lr_scheduler': None, 'save': None, 'save_by_epoch': None, 'load': None, 'recall_rate': {'type': 'sun2011', 'dataset': 'dataset/mozilla/test_mozilla.txt', 'result_file': None, 'group_by_master': True, 'window': 365}, 'pair_test_dataset': None, 'rep': {'model': None, 'input': None, 'training': None, 'rate': 1, 'neg_training': 10000, 'k': 1000}, 'rr_scorer': 'general', 'seed': 645858898}
2022-08-27 Saturday 15:58:57:INFO: It started at: 2022-08-27 15:58:57.569345
2022-08-27 Saturday 15:59:07:INFO: Turning CUDA on
2022-08-27 Saturday 15:59:07:INFO: Using Categorical Information.
2022-08-27 Saturday 15:59:08:INFO: Lexicon size: 95848
2022-08-27 Saturday 15:59:08:INFO: Word Embedding size: 300
2022-08-27 Saturday 15:59:08:INFO: Use white space tokenizer to tokenize summary information
2022-08-27 Saturday 15:59:08:INFO: BoW=False and TF=False
2022-08-27 Saturday 15:59:08:INFO: Using Summary and Description information.
2022-08-27 Saturday 15:59:09:INFO: Using BCE Loss: margin=0
2022-08-27 Saturday 15:59:17:INFO: Not generate dynamically the negative examples.
2022-08-27 Saturday 15:59:41:INFO: Training size: 68400
2022-08-27 Saturday 15:59:42:INFO: Validation size: 2418
2022-08-27 Saturday 15:59:42:INFO: Adam
2022-08-27 Saturday 15:59:42:INFO: Scheduler: Constant
2022-08-27 Saturday 15:59:42:INFO: Epoch: 1
2022-08-27 Saturday 15:59:42:INFO: LR: 0.001
2022-08-27 Saturday 16:01:38:INFO: {'type': 'metric', 'label': 'training_loss', 'epoch': 1, 'value': 0.13799890320552022, 'sum': 9439.124979257584, 'num_example': 68400}
2022-08-27 Saturday 16:01:38:INFO: {'type': 'metric', 'label': 'training_dist_target', 'value': (0.07990574329568628, 0.08144010700503287), 'epoch': 1}
2022-08-27 Saturday 16:01:38:INFO: {'type': 'metric', 'label': 'training_acc', 'epoch': 1, 'value': 0.9455263157894737, 'num_correct': 64674, 'num_example': 68400}
2022-08-27 Saturday 16:01:38:INFO: {'type': 'metric', 'label': 'training_precision', 'epoch': 1, 'value': 0.9478046298027039, 'positive': 32250.0, 'total': 34026.0}
2022-08-27 Saturday 16:01:38:INFO: {'type': 'metric', 'label': 'training_recall', 'epoch': 1, 'value': 0.9429824352264404, 'positive': 32250.0, 'total': 34200.0}
2022-08-27 Saturday 16:01:39:INFO: {'type': 'metric', 'label': 'validation_loss', 'epoch': 1, 'value': 0.13793011669707358, 'sum': 333.5150221735239, 'num_example': 2418}
2022-08-27 Saturday 16:01:39:INFO: {'type': 'metric', 'label': 'validation_dist_target', 'value': (0.057345061385010374, 0.0959302493616803), 'epoch': 1}
2022-08-27 Saturday 16:01:39:INFO: {'type': 'metric', 'label': 'validation_acc', 'epoch': 1, 'value': 0.9474772539288668, 'num_correct': 2291, 'num_example': 2418}
2022-08-27 Saturday 16:01:39:INFO: {'type': 'metric', 'label': 'validation_precision', 'epoch': 1, 'value': 0.9745613932609558, 'positive': 1111.0, 'total': 1140.0}
2022-08-27 Saturday 16:01:39:INFO: {'type': 'metric', 'label': 'validation_recall', 'epoch': 1, 'value': 0.9189412593841553, 'positive': 1111.0, 'total': 1209.0}
2022-08-27 Saturday 16:01:39:INFO: Epoch: 2
2022-08-27 Saturday 16:01:39:INFO: LR: 0.001
2022-08-27 Saturday 16:03:35:INFO: {'type': 'metric', 'label': 'training_loss', 'epoch': 2, 'value': 0.06441724059046709, 'sum': 4406.139256387949, 'num_example': 68400}
2022-08-27 Saturday 16:03:35:INFO: {'type': 'metric', 'label': 'training_dist_target', 'value': (0.0334291924928364, 0.03418043943525058), 'epoch': 2}
2022-08-27 Saturday 16:03:35:INFO: {'type': 'metric', 'label': 'training_acc', 'epoch': 2, 'value': 0.978406432748538, 'num_correct': 66923, 'num_example': 68400}
2022-08-27 Saturday 16:03:35:INFO: {'type': 'metric', 'label': 'training_precision', 'epoch': 2, 'value': 0.9781966805458069, 'positive': 33469.0, 'total': 34215.0}
2022-08-27 Saturday 16:03:35:INFO: {'type': 'metric', 'label': 'training_recall', 'epoch': 2, 'value': 0.9786257147789001, 'positive': 33469.0, 'total': 34200.0}
2022-08-27 Saturday 16:03:36:INFO: {'type': 'metric', 'label': 'validation_loss', 'epoch': 2, 'value': 0.11828119447031131, 'sum': 286.00392822921276, 'num_example': 2418}
2022-08-27 Saturday 16:03:36:INFO: {'type': 'metric', 'label': 'validation_dist_target', 'value': (0.0804064583443136, 0.055256782532527096), 'epoch': 2}
2022-08-27 Saturday 16:03:36:INFO: {'type': 'metric', 'label': 'validation_acc', 'epoch': 2, 'value': 0.9536807278742763, 'num_correct': 2306, 'num_example': 2418}
2022-08-27 Saturday 16:03:36:INFO: {'type': 'metric', 'label': 'validation_precision', 'epoch': 2, 'value': 0.9477550983428955, 'positive': 1161.0, 'total': 1225.0}
2022-08-27 Saturday 16:03:36:INFO: {'type': 'metric', 'label': 'validation_recall', 'epoch': 2, 'value': 0.9602977633476257, 'positive': 1161.0, 'total': 1209.0}
2022-08-27 Saturday 16:03:36:INFO: Epoch: 3
2022-08-27 Saturday 16:03:36:INFO: LR: 0.001
2022-08-27 Saturday 16:05:31:INFO: {'type': 'metric', 'label': 'training_loss', 'epoch': 3, 'value': 0.04854540270322945, 'sum': 3320.505544900894, 'num_example': 68400}
2022-08-27 Saturday 16:05:31:INFO: {'type': 'metric', 'label': 'training_dist_target', 'value': (0.024684789605133716, 0.024965124912777838), 'epoch': 3}
2022-08-27 Saturday 16:05:31:INFO: {'type': 'metric', 'label': 'training_acc', 'epoch': 3, 'value': 0.9847368421052631, 'num_correct': 67356, 'num_example': 68400}
2022-08-27 Saturday 16:05:31:INFO: {'type': 'metric', 'label': 'training_precision', 'epoch': 3, 'value': 0.9834645390510559, 'positive': 33723.0, 'total': 34290.0}
2022-08-27 Saturday 16:05:31:INFO: {'type': 'metric', 'label': 'training_recall', 'epoch': 3, 'value': 0.9860526323318481, 'positive': 33723.0, 'total': 34200.0}
2022-08-27 Saturday 16:05:32:INFO: {'type': 'metric', 'label': 'validation_loss', 'epoch': 3, 'value': 0.1330794348289791, 'sum': 321.7860734164715, 'num_example': 2418}
2022-08-27 Saturday 16:05:32:INFO: {'type': 'metric', 'label': 'validation_dist_target', 'value': (0.024699513186493424, 0.08100603946089449), 'epoch': 3}
2022-08-27 Saturday 16:05:32:INFO: {'type': 'metric', 'label': 'validation_acc', 'epoch': 3, 'value': 0.9582299421009098, 'num_correct': 2317, 'num_example': 2418}
2022-08-27 Saturday 16:05:32:INFO: {'type': 'metric', 'label': 'validation_precision', 'epoch': 3, 'value': 0.9851138591766357, 'positive': 1125.0, 'total': 1142.0}
2022-08-27 Saturday 16:05:32:INFO: {'type': 'metric', 'label': 'validation_recall', 'epoch': 3, 'value': 0.9305210709571838, 'positive': 1125.0, 'total': 1209.0}
2022-08-27 Saturday 16:05:32:INFO: Epoch: 4
2022-08-27 Saturday 16:05:32:INFO: LR: 0.001
2022-08-27 Saturday 16:07:27:INFO: {'type': 'metric', 'label': 'training_loss', 'epoch': 4, 'value': 0.03705824458023958, 'sum': 2534.7839292883873, 'num_example': 68400}
2022-08-27 Saturday 16:07:27:INFO: {'type': 'metric', 'label': 'training_dist_target', 'value': (0.018421440548018406, 0.018671223183124384), 'epoch': 4}
2022-08-27 Saturday 16:07:27:INFO: {'type': 'metric', 'label': 'training_acc', 'epoch': 4, 'value': 0.9887426900584795, 'num_correct': 67630, 'num_example': 68400}
2022-08-27 Saturday 16:07:27:INFO: {'type': 'metric', 'label': 'training_precision', 'epoch': 4, 'value': 0.9874598979949951, 'positive': 33860.0, 'total': 34290.0}
2022-08-27 Saturday 16:07:27:INFO: {'type': 'metric', 'label': 'training_recall', 'epoch': 4, 'value': 0.9900584816932678, 'positive': 33860.0, 'total': 34200.0}
2022-08-27 Saturday 16:07:28:INFO: {'type': 'metric', 'label': 'validation_loss', 'epoch': 4, 'value': 0.1487337424673257, 'sum': 359.6381892859936, 'num_example': 2418}
2022-08-27 Saturday 16:07:28:INFO: {'type': 'metric', 'label': 'validation_dist_target', 'value': (0.02032873963796964, 0.0845910625284225), 'epoch': 4}
2022-08-27 Saturday 16:07:28:INFO: {'type': 'metric', 'label': 'validation_acc', 'epoch': 4, 'value': 0.9553349875930521, 'num_correct': 2310, 'num_example': 2418}
2022-08-27 Saturday 16:07:28:INFO: {'type': 'metric', 'label': 'validation_precision', 'epoch': 4, 'value': 0.9841688871383667, 'positive': 1119.0, 'total': 1137.0}
2022-08-27 Saturday 16:07:28:INFO: {'type': 'metric', 'label': 'validation_recall', 'epoch': 4, 'value': 0.92555832862854, 'positive': 1119.0, 'total': 1209.0}
2022-08-27 Saturday 16:07:28:INFO: Epoch: 5
2022-08-27 Saturday 16:07:28:INFO: LR: 0.001
2022-08-27 Saturday 16:09:26:INFO: {'type': 'metric', 'label': 'training_loss', 'epoch': 5, 'value': 0.02822371172600246, 'sum': 1930.5018820585683, 'num_example': 68400}
2022-08-27 Saturday 16:09:26:INFO: {'type': 'metric', 'label': 'training_dist_target', 'value': (0.013580100737098191, 0.014006877457886412), 'epoch': 5}
2022-08-27 Saturday 16:09:26:INFO: {'type': 'metric', 'label': 'training_acc', 'epoch': 5, 'value': 0.9915350877192982, 'num_correct': 67821, 'num_example': 68400}
2022-08-27 Saturday 16:09:26:INFO: {'type': 'metric', 'label': 'training_precision', 'epoch': 5, 'value': 0.9903164505958557, 'positive': 33953.0, 'total': 34285.0}
2022-08-27 Saturday 16:09:26:INFO: {'type': 'metric', 'label': 'training_recall', 'epoch': 5, 'value': 0.9927777647972107, 'positive': 33953.0, 'total': 34200.0}
2022-08-27 Saturday 16:09:27:INFO: {'type': 'metric', 'label': 'validation_loss', 'epoch': 5, 'value': 0.12434608663676493, 'sum': 300.6688374876976, 'num_example': 2418}
2022-08-27 Saturday 16:09:27:INFO: {'type': 'metric', 'label': 'validation_dist_target', 'value': (0.053809405753590826, 0.0435784176620597), 'epoch': 5}
2022-08-27 Saturday 16:09:27:INFO: {'type': 'metric', 'label': 'validation_acc', 'epoch': 5, 'value': 0.9574028122415219, 'num_correct': 2315, 'num_example': 2418}
2022-08-27 Saturday 16:09:27:INFO: {'type': 'metric', 'label': 'validation_precision', 'epoch': 5, 'value': 0.9570248126983643, 'positive': 1158.0, 'total': 1210.0}
2022-08-27 Saturday 16:09:27:INFO: {'type': 'metric', 'label': 'validation_recall', 'epoch': 5, 'value': 0.9578163623809814, 'positive': 1158.0, 'total': 1209.0}
2022-08-27 Saturday 16:09:27:INFO: Epoch: 6
2022-08-27 Saturday 16:09:27:INFO: LR: 0.001
2022-08-27 Saturday 16:11:25:INFO: {'type': 'metric', 'label': 'training_loss', 'epoch': 6, 'value': 0.023777504228845194, 'sum': 1626.3812892530113, 'num_example': 68400}
2022-08-27 Saturday 16:11:25:INFO: {'type': 'metric', 'label': 'training_dist_target', 'value': (0.011451604249928016, 0.011512376613784254), 'epoch': 6}
2022-08-27 Saturday 16:11:25:INFO: {'type': 'metric', 'label': 'training_acc', 'epoch': 6, 'value': 0.9929824561403509, 'num_correct': 67920, 'num_example': 68400}
2022-08-27 Saturday 16:11:25:INFO: {'type': 'metric', 'label': 'training_precision', 'epoch': 6, 'value': 0.9916885495185852, 'positive': 34005.0, 'total': 34290.0}
2022-08-27 Saturday 16:11:25:INFO: {'type': 'metric', 'label': 'training_recall', 'epoch': 6, 'value': 0.9942982196807861, 'positive': 34005.0, 'total': 34200.0}
2022-08-27 Saturday 16:11:26:INFO: {'type': 'metric', 'label': 'validation_loss', 'epoch': 6, 'value': 0.15166819705708742, 'sum': 366.7337004840374, 'num_example': 2418}
2022-08-27 Saturday 16:11:26:INFO: {'type': 'metric', 'label': 'validation_dist_target', 'value': (0.06004695452571014, 0.04133110740541721), 'epoch': 6}
2022-08-27 Saturday 16:11:26:INFO: {'type': 'metric', 'label': 'validation_acc', 'epoch': 6, 'value': 0.9528535980148883, 'num_correct': 2304, 'num_example': 2418}
2022-08-27 Saturday 16:11:26:INFO: {'type': 'metric', 'label': 'validation_precision', 'epoch': 6, 'value': 0.9462102651596069, 'positive': 1161.0, 'total': 1227.0}
2022-08-27 Saturday 16:11:26:INFO: {'type': 'metric', 'label': 'validation_recall', 'epoch': 6, 'value': 0.9602977633476257, 'positive': 1161.0, 'total': 1209.0}
2022-08-27 Saturday 16:11:26:INFO: Epoch: 7
2022-08-27 Saturday 16:11:26:INFO: LR: 0.001
2022-08-27 Saturday 16:13:23:INFO: {'type': 'metric', 'label': 'training_loss', 'epoch': 7, 'value': 0.01901301109237455, 'sum': 1300.489958718419, 'num_example': 68400}
2022-08-27 Saturday 16:13:23:INFO: {'type': 'metric', 'label': 'training_dist_target', 'value': (0.009140039747417497, 0.009185954562404699), 'epoch': 7}
2022-08-27 Saturday 16:13:23:INFO: {'type': 'metric', 'label': 'training_acc', 'epoch': 7, 'value': 0.9944298245614035, 'num_correct': 68019, 'num_example': 68400}
2022-08-27 Saturday 16:13:23:INFO: {'type': 'metric', 'label': 'training_precision', 'epoch': 7, 'value': 0.9930314421653748, 'positive': 34058.0, 'total': 34297.0}
2022-08-27 Saturday 16:13:23:INFO: {'type': 'metric', 'label': 'training_recall', 'epoch': 7, 'value': 0.9958479404449463, 'positive': 34058.0, 'total': 34200.0}
2022-08-27 Saturday 16:13:24:INFO: {'type': 'metric', 'label': 'validation_loss', 'epoch': 7, 'value': 0.21322737645274653, 'sum': 515.5837962627411, 'num_example': 2418}
2022-08-27 Saturday 16:13:24:INFO: {'type': 'metric', 'label': 'validation_dist_target', 'value': (0.02389239407058981, 0.0792508922005804), 'epoch': 7}
2022-08-27 Saturday 16:13:24:INFO: {'type': 'metric', 'label': 'validation_acc', 'epoch': 7, 'value': 0.9524400330851944, 'num_correct': 2303, 'num_example': 2418}
2022-08-27 Saturday 16:13:24:INFO: {'type': 'metric', 'label': 'validation_precision', 'epoch': 7, 'value': 0.9764808416366577, 'positive': 1121.0, 'total': 1148.0}
2022-08-27 Saturday 16:13:24:INFO: {'type': 'metric', 'label': 'validation_recall', 'epoch': 7, 'value': 0.9272125959396362, 'positive': 1121.0, 'total': 1209.0}
2022-08-27 Saturday 16:13:24:INFO: Epoch: 8
2022-08-27 Saturday 16:13:24:INFO: LR: 0.001
2022-08-27 Saturday 16:15:20:INFO: {'type': 'metric', 'label': 'training_loss', 'epoch': 8, 'value': 0.013292233977325218, 'sum': 909.1888040490448, 'num_example': 68400}
2022-08-27 Saturday 16:15:20:INFO: {'type': 'metric', 'label': 'training_dist_target', 'value': (0.006338696147288653, 0.0064562064391827725), 'epoch': 8}
2022-08-27 Saturday 16:15:20:INFO: {'type': 'metric', 'label': 'training_acc', 'epoch': 8, 'value': 0.9962719298245614, 'num_correct': 68145, 'num_example': 68400}
2022-08-27 Saturday 16:15:20:INFO: {'type': 'metric', 'label': 'training_precision', 'epoch': 8, 'value': 0.9950127005577087, 'positive': 34116.0, 'total': 34287.0}
2022-08-27 Saturday 16:15:20:INFO: {'type': 'metric', 'label': 'training_recall', 'epoch': 8, 'value': 0.9975438714027405, 'positive': 34116.0, 'total': 34200.0}
2022-08-27 Saturday 16:15:21:INFO: {'type': 'metric', 'label': 'validation_loss', 'epoch': 8, 'value': 0.19914075663210046, 'sum': 481.5223495364189, 'num_example': 2418}
2022-08-27 Saturday 16:15:21:INFO: {'type': 'metric', 'label': 'validation_dist_target', 'value': (0.049886617806452774, 0.04623617112291461), 'epoch': 8}
2022-08-27 Saturday 16:15:21:INFO: {'type': 'metric', 'label': 'validation_acc', 'epoch': 8, 'value': 0.9536807278742763, 'num_correct': 2306, 'num_example': 2418}
2022-08-27 Saturday 16:15:21:INFO: {'type': 'metric', 'label': 'validation_precision', 'epoch': 8, 'value': 0.9514403343200684, 'positive': 1156.0, 'total': 1215.0}
2022-08-27 Saturday 16:15:21:INFO: {'type': 'metric', 'label': 'validation_recall', 'epoch': 8, 'value': 0.9561620950698853, 'positive': 1156.0, 'total': 1209.0}
2022-08-27 Saturday 16:15:21:INFO: Epoch: 9
2022-08-27 Saturday 16:15:21:INFO: LR: 0.001
2022-08-27 Saturday 16:17:17:INFO: {'type': 'metric', 'label': 'training_loss', 'epoch': 9, 'value': 0.013159017318979515, 'sum': 900.0767846181989, 'num_example': 68400}
2022-08-27 Saturday 16:17:17:INFO: {'type': 'metric', 'label': 'training_dist_target', 'value': (0.006272572193469897, 0.006334535329662569), 'epoch': 9}
2022-08-27 Saturday 16:17:17:INFO: {'type': 'metric', 'label': 'training_acc', 'epoch': 9, 'value': 0.9959210526315789, 'num_correct': 68121, 'num_example': 68400}
2022-08-27 Saturday 16:17:17:INFO: {'type': 'metric', 'label': 'training_precision', 'epoch': 9, 'value': 0.9948070049285889, 'positive': 34099.0, 'total': 34277.0}
2022-08-27 Saturday 16:17:17:INFO: {'type': 'metric', 'label': 'training_recall', 'epoch': 9, 'value': 0.9970467686653137, 'positive': 34099.0, 'total': 34200.0}
2022-08-27 Saturday 16:17:18:INFO: {'type': 'metric', 'label': 'validation_loss', 'epoch': 9, 'value': 0.169181364838795, 'sum': 409.0805401802063, 'num_example': 2418}
2022-08-27 Saturday 16:17:18:INFO: {'type': 'metric', 'label': 'validation_dist_target', 'value': (0.06307357603898218, 0.03043885641200568), 'epoch': 9}
2022-08-27 Saturday 16:17:18:INFO: {'type': 'metric', 'label': 'validation_acc', 'epoch': 9, 'value': 0.9586435070306039, 'num_correct': 2318, 'num_example': 2418}
2022-08-27 Saturday 16:17:18:INFO: {'type': 'metric', 'label': 'validation_precision', 'epoch': 9, 'value': 0.9460981488227844, 'positive': 1176.0, 'total': 1243.0}
2022-08-27 Saturday 16:17:18:INFO: {'type': 'metric', 'label': 'validation_recall', 'epoch': 9, 'value': 0.9727047085762024, 'positive': 1176.0, 'total': 1209.0}
2022-08-27 Saturday 16:17:18:INFO: Epoch: 10
2022-08-27 Saturday 16:17:18:INFO: LR: 0.001
2022-08-27 Saturday 16:19:14:INFO: {'type': 'metric', 'label': 'training_loss', 'epoch': 10, 'value': 0.011719347341367375, 'sum': 801.6033581495285, 'num_example': 68400}
2022-08-27 Saturday 16:19:14:INFO: {'type': 'metric', 'label': 'training_dist_target', 'value': (0.0056357477279558674, 0.005295238963693206), 'epoch': 10}
2022-08-27 Saturday 16:19:14:INFO: {'type': 'metric', 'label': 'training_acc', 'epoch': 10, 'value': 0.9964912280701754, 'num_correct': 68160, 'num_example': 68400}
2022-08-27 Saturday 16:19:14:INFO: {'type': 'metric', 'label': 'training_precision', 'epoch': 10, 'value': 0.9955349564552307, 'positive': 34113.0, 'total': 34266.0}
2022-08-27 Saturday 16:19:14:INFO: {'type': 'metric', 'label': 'training_recall', 'epoch': 10, 'value': 0.9974561333656311, 'positive': 34113.0, 'total': 34200.0}
2022-08-27 Saturday 16:19:15:INFO: {'type': 'metric', 'label': 'validation_loss', 'epoch': 10, 'value': 0.24817355703084898, 'sum': 600.0836609005928, 'num_example': 2418}
2022-08-27 Saturday 16:19:15:INFO: {'type': 'metric', 'label': 'validation_dist_target', 'value': (0.012470073281572415, 0.1001055191330322), 'epoch': 10}
2022-08-27 Saturday 16:19:15:INFO: {'type': 'metric', 'label': 'validation_acc', 'epoch': 10, 'value': 0.9487179487179487, 'num_correct': 2294, 'num_example': 2418}
2022-08-27 Saturday 16:19:15:INFO: {'type': 'metric', 'label': 'validation_precision', 'epoch': 10, 'value': 0.9891794323921204, 'positive': 1097.0, 'total': 1109.0}
2022-08-27 Saturday 16:19:15:INFO: {'type': 'metric', 'label': 'validation_recall', 'epoch': 10, 'value': 0.9073614478111267, 'positive': 1097.0, 'total': 1209.0}
2022-08-27 Saturday 16:19:15:INFO: Epoch: 11
2022-08-27 Saturday 16:19:15:INFO: LR: 0.001
2022-08-27 Saturday 16:21:13:INFO: {'type': 'metric', 'label': 'training_loss', 'epoch': 11, 'value': 0.010111159323088346, 'sum': 691.6032976992428, 'num_example': 68400}
2022-08-27 Saturday 16:21:13:INFO: {'type': 'metric', 'label': 'training_dist_target', 'value': (0.0048481930026952015, 0.005048099545358915), 'epoch': 11}
2022-08-27 Saturday 16:21:13:INFO: {'type': 'metric', 'label': 'training_acc', 'epoch': 11, 'value': 0.9968567251461988, 'num_correct': 68185, 'num_example': 68400}
2022-08-27 Saturday 16:21:13:INFO: {'type': 'metric', 'label': 'training_precision', 'epoch': 11, 'value': 0.9962038397789001, 'positive': 34115.0, 'total': 34245.0}
2022-08-27 Saturday 16:21:13:INFO: {'type': 'metric', 'label': 'training_recall', 'epoch': 11, 'value': 0.9975146055221558, 'positive': 34115.0, 'total': 34200.0}
2022-08-27 Saturday 16:21:14:INFO: {'type': 'metric', 'label': 'validation_loss', 'epoch': 11, 'value': 0.16046849681978093, 'sum': 388.01282531023026, 'num_example': 2418}
2022-08-27 Saturday 16:21:14:INFO: {'type': 'metric', 'label': 'validation_dist_target', 'value': (0.054664481465140094, 0.047692122195159434), 'epoch': 11}
2022-08-27 Saturday 16:21:14:INFO: {'type': 'metric', 'label': 'validation_acc', 'epoch': 11, 'value': 0.9507857733664186, 'num_correct': 2299, 'num_example': 2418}
2022-08-27 Saturday 16:21:14:INFO: {'type': 'metric', 'label': 'validation_precision', 'epoch': 11, 'value': 0.9481908082962036, 'positive': 1153.0, 'total': 1216.0}
2022-08-27 Saturday 16:21:14:INFO: {'type': 'metric', 'label': 'validation_recall', 'epoch': 11, 'value': 0.9536807537078857, 'positive': 1153.0, 'total': 1209.0}
2022-08-27 Saturday 16:21:14:INFO: Epoch: 12
2022-08-27 Saturday 16:21:14:INFO: LR: 0.001
2022-08-27 Saturday 16:23:12:INFO: {'type': 'metric', 'label': 'training_loss', 'epoch': 12, 'value': 0.008040085155353474, 'sum': 549.9418246261775, 'num_example': 68400}
2022-08-27 Saturday 16:23:12:INFO: {'type': 'metric', 'label': 'training_dist_target', 'value': (0.004037725385193365, 0.003955923365919213), 'epoch': 12}
2022-08-27 Saturday 16:23:12:INFO: {'type': 'metric', 'label': 'training_acc', 'epoch': 12, 'value': 0.9976461988304094, 'num_correct': 68239, 'num_example': 68400}
2022-08-27 Saturday 16:23:12:INFO: {'type': 'metric', 'label': 'training_precision', 'epoch': 12, 'value': 0.9970503449440002, 'positive': 34140.0, 'total': 34241.0}
2022-08-27 Saturday 16:23:12:INFO: {'type': 'metric', 'label': 'training_recall', 'epoch': 12, 'value': 0.9982455968856812, 'positive': 34140.0, 'total': 34200.0}
2022-08-27 Saturday 16:23:13:INFO: {'type': 'metric', 'label': 'validation_loss', 'epoch': 12, 'value': 0.2022667472721428, 'sum': 489.0809949040413, 'num_example': 2418}
2022-08-27 Saturday 16:23:13:INFO: {'type': 'metric', 'label': 'validation_dist_target', 'value': (0.03236634342802567, 0.056954605900817315), 'epoch': 12}
2022-08-27 Saturday 16:23:13:INFO: {'type': 'metric', 'label': 'validation_acc', 'epoch': 12, 'value': 0.9561621174524401, 'num_correct': 2312, 'num_example': 2418}
2022-08-27 Saturday 16:23:13:INFO: {'type': 'metric', 'label': 'validation_precision', 'epoch': 12, 'value': 0.9677693247795105, 'positive': 1141.0, 'total': 1179.0}
2022-08-27 Saturday 16:23:13:INFO: {'type': 'metric', 'label': 'validation_recall', 'epoch': 12, 'value': 0.9437551498413086, 'positive': 1141.0, 'total': 1209.0}
2022-08-27 Saturday 16:23:13:INFO: Calculating recall rate: sun2011
2022-08-27 Saturday 18:42:55:INFO: RR calculation - 500 duplicate reports were processed
2022-08-27 Saturday 20:59:11:INFO: RR calculation - 1000 duplicate reports were processed
2022-08-27 Saturday 23:08:23:INFO: RR calculation - 1500 duplicate reports were processed
2022-08-28 Sunday 01:11:03:INFO: RR calculation - 2000 duplicate reports were processed
2022-08-28 Sunday 03:14:17:INFO: RR calculation - 2500 duplicate reports were processed
2022-08-28 Sunday 05:26:54:INFO: RR calculation - 3000 duplicate reports were processed
2022-08-28 Sunday 08:04:09:INFO: RR calculation - 3500 duplicate reports were processed
2022-08-28 Sunday 11:20:59:INFO: RR calculation - 4000 duplicate reports were processed
2022-08-28 Sunday 14:18:56:INFO: RR calculation - 4500 duplicate reports were processed
2022-08-28 Sunday 17:08:02:INFO: RR calculation - 5000 duplicate reports were processed
2022-08-28 Sunday 19:12:27:INFO: RR calculation - 5500 duplicate reports were processed
2022-08-28 Sunday 21:25:21:INFO: RR calculation - 6000 duplicate reports were processed
2022-08-28 Sunday 22:25:37:INFO: [] Throughput: 0.05760310274168955 bugs per second (bugs=6229 ,seconds=108136.53611564636)
2022-08-28 Sunday 22:25:37:INFO: {'type': 'metric', 'label': 'recall_rate', 'k': 1, 'rate': 0.22491571680847647, 'hit': 1401, 'total': 6229, 'epoch': 0}
2022-08-28 Sunday 22:25:37:INFO: {'type': 'metric', 'label': 'recall_rate', 'k': 2, 'rate': 0.3154599454165998, 'hit': 1965, 'total': 6229, 'epoch': 0}
2022-08-28 Sunday 22:25:37:INFO: {'type': 'metric', 'label': 'recall_rate', 'k': 3, 'rate': 0.37196981859046396, 'hit': 2317, 'total': 6229, 'epoch': 0}
2022-08-28 Sunday 22:25:37:INFO: {'type': 'metric', 'label': 'recall_rate', 'k': 4, 'rate': 0.41547599935784235, 'hit': 2588, 'total': 6229, 'epoch': 0}
2022-08-28 Sunday 22:25:37:INFO: {'type': 'metric', 'label': 'recall_rate', 'k': 5, 'rate': 0.45223952480333923, 'hit': 2817, 'total': 6229, 'epoch': 0}
2022-08-28 Sunday 22:25:37:INFO: {'type': 'metric', 'label': 'recall_rate', 'k': 6, 'rate': 0.47808637020388506, 'hit': 2978, 'total': 6229, 'epoch': 0}
2022-08-28 Sunday 22:25:37:INFO: {'type': 'metric', 'label': 'recall_rate', 'k': 7, 'rate': 0.5012040455931931, 'hit': 3122, 'total': 6229, 'epoch': 0}
2022-08-28 Sunday 22:25:37:INFO: {'type': 'metric', 'label': 'recall_rate', 'k': 8, 'rate': 0.5230374056830952, 'hit': 3258, 'total': 6229, 'epoch': 0}
2022-08-28 Sunday 22:25:37:INFO: {'type': 'metric', 'label': 'recall_rate', 'k': 9, 'rate': 0.5410178198747793, 'hit': 3370, 'total': 6229, 'epoch': 0}
2022-08-28 Sunday 22:25:37:INFO: {'type': 'metric', 'label': 'recall_rate', 'k': 10, 'rate': 0.5548242093433938, 'hit': 3456, 'total': 6229, 'epoch': 0}
2022-08-28 Sunday 22:25:37:INFO: {'type': 'metric', 'label': 'recall_rate', 'k': 11, 'rate': 0.5667041258628993, 'hit': 3530, 'total': 6229, 'epoch': 0}
2022-08-28 Sunday 22:25:37:INFO: {'type': 'metric', 'label': 'recall_rate', 'k': 12, 'rate': 0.5797078182693851, 'hit': 3611, 'total': 6229, 'epoch': 0}
2022-08-28 Sunday 22:25:37:INFO: {'type': 'metric', 'label': 'recall_rate', 'k': 13, 'rate': 0.5909455771391877, 'hit': 3681, 'total': 6229, 'epoch': 0}
2022-08-28 Sunday 22:25:37:INFO: {'type': 'metric', 'label': 'recall_rate', 'k': 14, 'rate': 0.5997752448226039, 'hit': 3736, 'total': 6229, 'epoch': 0}
2022-08-28 Sunday 22:25:37:INFO: {'type': 'metric', 'label': 'recall_rate', 'k': 15, 'rate': 0.60748113661904, 'hit': 3784, 'total': 6229, 'epoch': 0}
2022-08-28 Sunday 22:25:37:INFO: {'type': 'metric', 'label': 'recall_rate', 'k': 16, 'rate': 0.6155081072403275, 'hit': 3834, 'total': 6229, 'epoch': 0}
2022-08-28 Sunday 22:25:37:INFO: {'type': 'metric', 'label': 'recall_rate', 'k': 17, 'rate': 0.6232139990367636, 'hit': 3882, 'total': 6229, 'epoch': 0}
2022-08-28 Sunday 22:25:37:INFO: {'type': 'metric', 'label': 'recall_rate', 'k': 18, 'rate': 0.6310804302456253, 'hit': 3931, 'total': 6229, 'epoch': 0}
2022-08-28 Sunday 22:25:37:INFO: {'type': 'metric', 'label': 'recall_rate', 'k': 19, 'rate': 0.6376625461550811, 'hit': 3972, 'total': 6229, 'epoch': 0}
2022-08-28 Sunday 22:25:37:INFO: {'type': 'metric', 'label': 'recall_rate', 'k': 20, 'rate': 0.6426392679402794, 'hit': 4003, 'total': 6229, 'epoch': 0}
2022-08-28 Sunday 22:25:37:INFO: {'type': 'metric', 'label': 'MAP', 'value': 0.33154484281373686, 'sum': 2065.192825886767, 'total': 6229, 'epoch': 0}
2022-08-28 Sunday 22:25:37:INFO: [2, 218, 2, 4, 1, 21, 3, 3, 1, 192, 4, 2, 65, 1, 4, 2, 2, 2, inf, 221, 1, 251, 39, 2, 103, 189, 2301, 1, 118, 162, 19, 6, 3, 99, inf, 56, 3, inf, 1, 2, 1, 1, 6, 107, 2, 7, 542, 1, 1, 9, 2, 30, 33615, 1, 2, 135, 4, 1, 319, 1, 11, 1, 8, inf, 1, 7, inf, 5, 60, 63, 3, 157, 1270, 12, 7, 17, 22, 12, 2, 2, 18, 2, 1, 1, 331, 1, 1, 1, 32, 15319, 3, 425, 4, 22, 100, 1, 14, 2, 1, 4524, 2, 26, 15586, 796, 300, 48, 3, 3, 9, 72, 13, 2, 133, inf, 2, 1, 1, 7, 1, 1, 1, 1, 970, 6, 1, 1, 1, 1, 334, 1, 40, 1, 63, 19, 104, 28, 4, 1, 9, 10, 1, 211, 350, 16, 4, 17, 4, 47, 1, inf, inf, 2, 3, 10, 9, 2, 319, 1, 196, 51, 1, 97, 1, 168, 7, 1, 8, 68, 11, 16, 10, 13, 7, 3, inf, 1, 2, 4, 6, 38, 1, 2, 1, 69, 3, 2, 52, 8, 68, 1, 4, 14, 8, 8, 332, 8, 2, 5, 32, 44, 1, 8, 8, 5, 119, 12, 5, 124, 19, 3, 10, 1, 9, 28, inf, 32, 11, 3519, 1, 13, 6, 8, 408, 1, 1, 3, 2, 2, 1, 1392, 2, inf, 1, 2, 1, 2, 55, 47, inf, 3, 2, 3, 3, 20, 179, 6, 4, 8, 2, 2, 2, 326, 1, 1, 13, 1, inf, 37, inf, 1, inf, 27, 9, 7, 1, 2, 1060, 1, inf, 13409, 5, 8, 3, 1, 1, 21, 4, 2, 1137, 1, 14, 2, 2, 1, 40, 23, 1, 1, 1, 1, 58, 23, 6, 50, 1529, 790, 2, 142, 1, 4854, 1, 1, 2, 1, 8, 51, 10, 3, 1, 2, 40, 122, 9, 1, 12641, 1, 30, 1, 23, 22, 1, 12, 1, 1, 2, 1551, 2, 703, 85, 8, 500, 1, 1, 7, 15, 1, 1, 4, 5, 3, 31, 8, 1, 12, 393, 2, 2, inf, 3142, 1, 387, 6, 1, 8, 8, 2, 58, 39, 71, 1, 152, 51, 54, 1, 212, 36, 3, 27, 1, 4, 3, 1, 2, 1, 3, 22, 8, 1, 77, 10, 1, 1, 1, 26, 372, 5, 213, 10, 744, 77, 230, 27, 8, 1, 115, 6, 27, 6, inf, 18, 5, 2, 81, 5759, 31, 421, 1, 4, 2, 1, 1633, inf, 2, 1022, 7, 9, 17, 1, 4, 3, 40, 14, 4, 3, 1, 1, 112, 6, 7, 54, 2, 1, 18, 3, 1, 25, 38, 52, 78, 2, 25, 1, 934, 326, 68, 26, 16, 9, 2018, 7, 1, 78, 3, 18, 1, 8, 1, 96, 3, 44, 2, 8, 7, 115, 1, 6649, 6, 27, 3, 2179, 1, 3283, 39, 8, inf, 6, 1, inf, 15, 6, 9, 55, 13, 95, 1, 2, 263, 22, 23, 1, 8956, 5, 443, 8, 282, 1, 19, 25, 29, 85, 20, 1, 38, 44, 79, 521, 2, 28, 131, 1, 11, 7, 425, 12, 5, inf, 18, 6, 2, 2, 365, 7, 3, inf, 1, 1, 11, 3, 1, 2, 9, 1, 36, 1, 9, 1066, 1, 6, 1, 15, 4, 9, 9, 13, 94, 194, 2, 40, 1, 3, inf, 265, 1, 1, 2, 15819, 1, 1, 1, 2, 1, 13, 1, 126, 1, 9, 51, 1, 37, 2553, 529, 1, 4, 14, 4, 1, inf, 1274, 98, 7, 1, inf, inf, 17, 8314, 7, 7, 1, 1, 764, 4, inf, inf, 22, 1, 19, 1, 18, 1, 6183, 1, 1, 1, 36, 8, 18, 2, 4, 23, 14072, 95, 13, 328, 66, 1, 1, 164, 33, 134, 16, 2, 2, 1, 1, 35, 115, 57, 25, 2, inf, 5, 3, 10, 8, 61, 40, inf, 13, 6, 1, 1, 2, inf, 1, 12, inf, 9, 12, 499, 6, 2, 21, inf, inf, 1369, 1, 6, 5, 3, 1, 2, 3, 7, 8, 282, 5, 83, 6, 4, 2, 126, 353, 21, 128, 15, 2, inf, 1, inf, 2, 39, 70, 1825, 3, 7, 5, 367, 14, 3, 26, 5, 39, 3, 26, 1, 4, 1, 1047, 60, 14, 8, 11, 9336, 2, 1, 11, 1, 1, 150, 11, 2, 5551, 37, 7, 3, 85, 5, 31, 25, 170, 2, 42, 59, 7, 2, 2807, 1, 29, 35, 2, 192, 1, 3, 53, 134, 2825, 1, 7, 239, 66, 2, inf, 1, 72, 13, 2, inf, 1, 26, 3, 23, 292, 1, 3, 7, 1, 2, 20, 42, inf, inf, 47, 2, 44, 12, 12, 2, 2659, 8, 51, 1, 26, 68, 785, 25, 97, 64, 1, inf, 11, 2, 108, 16454, 11, 314, 2, 14, 2, 3, 1, inf, 49, 2, 173, 283, 98, 3, 2, 5, 2, 2, 1, 2, 99, 9, 6, 6, 2877, 1, 1, 1, 1, 113, 35, 2, 1, 418, 87, 4, 19, 198, 25, 72, 8, inf, 2, 1, 2, 5, 1879, 3, 17, 1, 3, 3, inf, 4, 2469, 109, 194, 480, 18, 184, 15, 1, 1, 1, 18, 2, 8, 1409, 78, 1, 5, 2, 34, 18, 8942, 6, 126, 5, 2, 1, 3, 13300, 1785, 2326, 676, 13, 1, 1, 1, 2, 1, 70, inf, 148, 33, 45, 89, 49, 1, 1, 2, 19, 1, 5, 24, 369, 874, 21, 1, 3, 10, 2, 10, 57, 4, 33, inf, 1, 1, 1, 1, inf, 55, 16, 23, 6, 6, 56, 127, 1, 820, 15, inf, 8, 290, 32, 128, 1, 1, 4, 15, 40, 7, 1, 6, 2, 1518, 3, 72, 108, 98, 13, 12, 628, 9, 182, 2, 1, 1, 14, inf, 3, 1, 4, 32, 3, 2, 1, inf, 20, 1, 33, 3928, 1, 6, inf, 23, 3, 4, 1, 15, 176, 1, 4, 933, 2, 609, 59, 1, inf, 12, 10, 16, 16, 1, 1, 9, 1097, 44, 11, 1, 19, 12, inf, 391, 4, 4, 1, 1, 1, inf, 39, 8, 1, 22, 534, 4, 25, 6, 7, 13, 317, 1, 1, 2, 7, 164, 3, 1, 5, 7, 1, 12, 31, 3, 34, 140, 36, 211, 1, 1, 453, 1, 2, 1, inf, 299, 115, 1, inf, 1, inf, 2, 4, 1, 1, 3, 18, inf, 12, inf, 21, 26, 4, 80, 1, 111, 1, 36, 5, 13, 1, 1, 2, 18, 13, 1, 82, 4, 8, 109, 2, 6, 4, 14, 1, 5, 1, 41, 1503, 3, 262, 1, inf, inf, 1, 1, inf, 1, 1, 202, 1, 2, 1, 3, 9, inf, 1, 4, 106, 10, 56, 3, 343, 178, 6, 1, 28, 118, 51, 6, 358, inf, 2, 3, 173, 12, 1, 15, inf, 667, 1, 5, 1758, inf, 13, 1, 8, 25, 348, 3246, 21, 204, 5, inf, 2, 4, inf, 32, 58, 55, 13283, 1737, 34, 1, 31, 55, 2, 8, 5604, 2, 16, 2, 5, inf, 359, 1, 26, 28, 3, 51, 45, 2079, 1, 685, 1, 1, 4, 90, 3, 7, inf, 7, 89, 12, 6, inf, inf, 1, 2, 1, 1, 304, 1, 4, 19, 48, 8, 3, 12, 1, 6, 240, 127, 1, 2, 1, 1, 4, 31, 65, 266, 31, 16, 1, 1, 1, 20, 9, 1, 5, 1, 6, 1369, 30, 12, 5, 1, 148, 1, 61, 39, 4, 1, 826, 1, 11, 1, 10, 12, 2, 1, 3, 7, 9, 312, 5, 2, 1, 21, 3, 1, 3, inf, 11, 2, 1, 15050, 5, 1, 1, 2, 1, 182, 2, 8, 2, 43, 4, 81, 13, 2, 3, 2, 2977, 1, 3579, 1, 106, 7, 1, 122, 1, 3284, 22, 22, 23, 23, 24, 53, 15, 51, 30, 167, 22, 99, 10, 1, 67, 2, 1, 2, 1, 4, 2, 97, 20, 9, 8, 4, 1, 2, 142, 3, 144, 3, 3, 6, 116, 62, 139, 55, 4, 4815, 1, 18, 1, 227, 3, 1, 3, 1, 1, 55, 1, 44, 63, 41, 542, 1, 1, 6, 1, 1, 9, 3, 1, 9985, 50, 82, 2, inf, 213, 3, 51, 1, 149, 39, 19, 4, 24, 6, 40, 86, 409, 1, 31214, 1, 7, 1, 718, 6, 1, 1287, 4, 22, 20, 29, 1, 8, 527, inf, 19076, 160, 1, 10, 2, 75, 1, 7, 35, 3, 1, 1, 7, 1, 23, 51, 1, 40, inf, 33, 1, inf, 70, 1, 5, inf, 10, 1, 101, 12, 26, 3, 2, 1, inf, 3, 1, 212, 204, 1, 32, 62, 4, 9, 17, 38, 47, 1, 2, 8, 25, 5, 1, 1, 3, 209, 1, inf, inf, 5, 1, 1131, 251, 659, 2, 124, 5, 1, 1, 2, 3, inf, 1, 2, 5, 4262, 2, 1, 8, 1, 3, 1, 4, 36, 6, 20, inf, 2, 5, 54, 1, 1, 2, 2, 2, 10, 22, inf, 87, 485, 4633, 16, 30, 423, 7, 1, 1, 5, 3, inf, 41, 34, inf, 33, 8, 29, 1, 5, 3, 326, 1, 51, 406, 2, 60, inf, 32, 6, 277, 4, 1, 2, 4, 2, inf, 1, 1, 98, inf, inf, 1, 4, 1, 221, 1, 1, 6, inf, 10, 29, 1, 1095, 331, 6, 11, 56, 1, 1, 1, 2, 1, 69, 69, 1, 1, 2, 456, 4, 1117, 1, 90, 80, 17, 8, 5, 5019, 2, 1, 1, 1, 2, 1249, 2, 4, 6, 6, 482, 7, 8, 8, 1, 211, 1, 9, 2, 144, 2, 3, 4, 6, 6, 7, 268, 2, 3, 5, 7, 2, 1, 1, 1, 1, 8, 88, 567, 1, inf, 10, 47, 1, inf, 9, 1083, 2, 23, 18, 44, 104, 63, 17, 126, 1, 177, 11, 8921, 5, inf, 1, 4468, 24, 2, 1, 1, 2, 3, 4, 6, 6, 7, 8, 1, 10, 11, 12, 11, 20, 1, 21, 1, 1, 4, 1631, 260, 21, 40, 1, 4, 1, 1334, 1003, 2, 49, 8, 1, 13, 10, 12, 12, 153, 30, 45, 6, 89, 60, inf, 5, 14, 479, 5870, 56, 133, inf, inf, 1, 2, 43, inf, 1, 10, 4, 9, 4, 15, 722, 2, 7, 196, 16, 124, inf, 33, 44, 14, 19, 163, 1, 3, 19, 1, 10, 7, 12, 15, 4, 6, 304, 19, 9, 4, 3, 35, 17, 79, inf, 5, 28, 13, 4, 3, 17, 6, 107, 1, 71, 9, 26, 26, 2, 6, 23, inf, 21, 59, 217, 16, 1, 5779, 134, 144, 1, 24, 193, 2, 9, 11, 10, 1, 944, 2, 36, 763, 61, inf, 119, 3, 65, 1, 46, 64, 179, 54, 3, 50, 111, 5, 39, 107, 11, 1, 139, 32, 6, 32, inf, 4, 14, 3, 6, 61, 151, 34, 9071, 126, 1, 2, 57, 1, 13, 1, 3, 1, 3, 5, 1, 1, 33, 7, inf, 4, 41, 2, 4, 7, 1, 11, 4, 3, 4, 4, 9, 2, 1, 16, 5, 1, 54, 4, 1, 5, 141, 36, 1, 340, 4385, 17, 45, 2, 3, 34, 2, 322, 1, 1, 7, 5, 270, 44, 1, 197, 4, 1, 20, 211, 1, 1, 1, 131, 4, 6, 2, 1, 19844, 5, 76, 288, 155, 1, 1, 1, 2, 37, 75, 97, 6, 6, 4, 329, 4, 1, 1, 1, 598, 39, 1, 2, 2, 67, 9, 1, 1, 1, 1, inf, 2, 422, 1, 3, 10248, 104, 2, 4, 54, 4, 1, 2, 1, 3, 11, 53, 31, 13, 1, 2, 7, 1, 1, 1, 4, 28, 6, 4267, 3, 1, 2, 3, 6, 5, 12, 7, 2, 27, 1, inf, 1, 946, 60, 15, 1771, 1, 1, 1, 1, 16, 2, 216, 4, 3, 8, 6, inf, 5, 3, 11, 4, 2, 13, 7, 1, 20, 10, 1355, 3, 1, 2273, 146, 5, 3, 2, 7, 58, 1, 5, 1, 3, 14, 2, 12, 11, 1, 9921, 1, 2, 13, inf, 2, 26, 8, 4, 1, 17, 1, 17, 2, 21, 40, 621, 4, 14, 4, 3, 19, 37, 2, inf, 74, 7, 1, 2, 11, 2, 8, 7, 7, 1, 1, 2, 548, 3, 1, 6, 4, 1, 9, 34, 246, 7, 1642, 5, 1, 15, 4, 32, 4, 11, 1, 1, 10, 55, inf, 100, 1, 51, 299, 34, 10, 41, 1, 55, inf, 1, 172, 129, inf, 12, 51, 757, 5, 17, 10, 1, 1, inf, 4, 6, 246, 2486, 3, 1, 8, 15, 715, 2, 461, 1, 9, 3, 1, 12, 1, 1, 28, 1, 188, 47, 1, 219, 14, 6, 41, 3, 1, 5, 11, 12, 3, 1, 1, 221, 1, 95, 3, 2, 49, 25, 36, 4824, inf, 9, 2, 2, inf, 1, 52, 1, 7, 2, 1, 9, inf, 1, 10, 521, 11, inf, 98, 2028, 33, 1, 1, 1, 486, 5, 17, 135, 1, 12, 118, inf, 1, 5, 2, 3, inf, 1, 2, 1, 110, 3, 6, 1, 1757, 1, 46, inf, inf, 449, 3, 1, 3, 1, 1855, 2, inf, 4, 5, 1, 3, 5, 3, 1, 2, 9, 186, 1, 5, 1, 19, 3, 2, 9, 91, 3, 6, inf, 4, 103, 2, 3, inf, 70, 9, 1, 321, inf, 1, 2, 1, 1, 1, 1, 593, 2, 1, 15, 1, 3, inf, 5, 2, 1, 39923, inf, 40, 5, 1, 38, 6, inf, 5, 118, 7, 6, 1, 79, 38, 47, 5, 4, 589, 338, 2, 8, 1, 1, 1, 110, 433, inf, inf, 3, 217, 36, 12, 5, 2, inf, 6, 3, 2453, 5, 1, 18, 1, 1, 5, 75, 7, 10, 1, 1, 3, 2, 5, 1, 13, 1, 43, 2, 2, 1, 1, 29, 42, 1, 468, 9021, 1, 2, 1, 12, 7, 1, 8, 2242, 4, 11, 15, 12, 1, inf, 1, 3, 1, 1, inf, inf, 4239, 6, 1, 2, 1, 984, 2, 5, 7, 1, 5649, 3, 1, 22, 961, 8, 5473, 23, 1, 1, 23, 13, 1, inf, 1, 18, 6, 1, 17, 88, inf, 190, 22, 839, 13, 13578, 22, 32, 2, 1, 1, 1, 45, 1, 49, 1, 4, 9, 1, inf, 1981, inf, 1, 25, 3, 8953, 2, 2, 4, 11, 3, 6, 7, 1, inf, 6, 11, 3, 8, inf, 5, 2, inf, 8393, 12, 1, 73, 1, 1, 2, 2, 14, 5, 12, inf, 1, 5, 21, 1, inf, 1, 3, 1195, 1, inf, 6, 64, 1, 3, 1, 18, 9, inf, 1, 1, 22, 7, 4738, inf, 21, inf, 20, 1, 200, 12, 315, 8, 11, 1, 2592, 3424, 1474, 2, 1, 1, 2410, 1, inf, 4, inf, 1, 7, 3, 2, 210, 1236, 4, inf, 36, 5, 1, 1, 786, 656, 1, 352, 29, 1, 5, 1, 8, 20, 1, 1, 2, 2, 1, 4, 1, 1, 192, 1, 1, 2, 2, 14, 3, inf, 5, 1, inf, inf, 2, 32, 6689, 59, 1, 10, 5, 19, 5, 4, 4, 16, 20, 7, 9, 2, 10, inf, 41, 5, 8, 4, 1406, 5, 106, 1, 1, inf, 11, 21, 1, 1, 49, 9, 12, 1, 1, 1, 1, 1, 1, 26, 2, 334, 10015, 1, 3, 3, 55, 1, 1, 4, 794, inf, 2, 1, 7, 3, inf, 3, 117, 276, 2, 893, 12, 1, 18, 2, 18, 11, 5, 1, 9, 10, 592, 14, 61, 160, 202, 9, 1, 67, 33787, 63, 19, 6, 529, 1, 28, 1, 21, 30, 56, 215, 32197, inf, 4, 93, 8, 1, 3, 1, 31281, 730, 17, 144, 2, 1, 1, 9, inf, 1, 1128, 1, 3, 30, 10, 27, 49, 435, 6, 4, 1718, 99, 23, 66, 66, 66, 69, 8, 2, 5, 65, 870, 150, 1, 248, 2, 5, 1, 1, 4, 14, 2, 51, 1, 1, 1, 911, 28, 887, 7, 4, 1, 2, inf, 25, 1, 1, 1, 1, inf, 1029, 162, 5, 1, inf, inf, 57, 8, inf, 4, 1, 1, 11, 6, 1852, 8, 4, 1, 2, 3, 167, 1, 6, 87, inf, 38, 6, 59, inf, 1, inf, 2, 2, 3, 3, 8, 6, 1, 10, 202, 1, 21, 1613, 1, 1, 2, 1, 4009, 8, 48, 5, 1, 2, 2, 33, 16, 1302, 9397, 54, 47, 3, 772, 5, 8, 19, 15, inf, 238, 12, 410, 17, 54, 2, 5, 59, 27, 4, 921, 1, 198, 1, 4, 3, 71, 50, 3, 1, 1, 85, 1, 1, 67, 2, 1, 2, 1, 7, 3, 14, 1, 60, 2, 1, 1, 1, 23, 7, 105, 944, 9, 11, 1, 1, 1, 78, 1, 2, 74, 5, 6, 3, 83, 695, 39, 2, 1, 1, 9, inf, 2720, 1, 33, 1, 37, 20, 1, 1, 2, 12, 2, 1, 7, inf, 1, 2, 38, 23, 25, 132, 1, 1, 1, 16, 1, 11, 3, 1, 15, 1, 1, 3, 1, 3, 1, 164, inf, 153, inf, 3, inf, 1, 9, 1, 10, 12, 3, 1, 1, 2, 1, 2, 10, 9, 119, 12, 20, 9, 389, 42, 4, 1, 3, 1, 7, 2049, inf, 34, 5, 809, inf, 1, 356, 2, 1, 1, 50, 2, 12, 222, 2, 48, 1, 1, 33, 88, 1, inf, 84, 142, 24, 57, 4, 39, 209, inf, 6, 2, 1, 7, 2, 1, 15, 1, 50, 1, 1, 1, 66, 9, 4, 1, 1218, 15, 98, 1, 8, 259, 1, 2, 8, 105, 988, 16, 134, 4, 10, 1, 53, 2, 33, 1, 1, 56, 1, 6, inf, 1, 4, 20, 5, 5, 8, 3456, 265, 3744, 1, 5, 35, 161, 3194, 1, 216, 6, 136, inf, 1, 1, 63, 2, 7, 14295, 6, 12, 5, 5, 5, 11, 3339, 1706, 3, 1, 1734, 18, 3, 82, 9, inf, 55, 8, 1, 2, 2, 9, 17, 594, inf, 1, 21, 13, 1, 12, 24, 100, 18, 1, 752, 1, 11, 16, 1, 1, 2, 3, 47, 5, 1, 732, 20050, 1, 594, 231, 1344, 16, 1, 1, 2, 38, 21, 6, 6, 8, 4, 69, 5, 1, 6, 1, 10, 2, 1, 491, 1, 65, 2, 50, 4, 1, inf, 4, 4, 2, 1, 466, 1, 1341, 2, 4, inf, inf, 1, 451, 69, 2, 3, 1, 1, 1, 1, inf, 1, 1, 1, 4, 4, 1, 2, 96, 1, 339, 23, 1, 1, 2, 5, 3, 9, 9, inf, 2319, 2, 4, 1, 5, 1, 6, 25, 450, 2, 7, 133, inf, 5, inf, 76, 3, 1, 1, 10980, 1, 1, 112, inf, 6, 4, 4, 2, 606, 6, 1, inf, 1, 1, 1439, 6, 14, 17, 9, 931, 18, 2, 19, 5, 1, 30565, 10908, 2, 2, 9, 35, 1, 1, 1, 1, 16, 20, 16, 16, 58, 6, 31, 3, 2, 7, 7, 1, 21, 4, 1, 5, 160, 8, 1, 4, 49, 5, 2, 1, 1, 80, inf, 6, 32, 1, 1, 3, 3, 13, 2, 3, 9, 4, inf, 29, 87, inf, 3, 17, 1, 25, 71, 4884, 1, 7713, 11, 1, 88, 1, 1, 3834, 4, 3, 1, 9, 1, 4690, inf, 30, 7, 76, 24, 125, 9, 18, 754, 1, 2, 889, 41, 155, 158, 26, 4, 10, 1, 2, 324, 13, inf, 4, 1, 1367, 5, inf, 8, 458, 161, 1, 2081, 6839, 340, 12389, 3, 1, 1, 3, 33, 2, 1, 6, 2, 2789, 2, 1, 21, 652, 1, 1, 5, 5, inf, 105, 1, 2, 12, 28, 7, 3, inf, 11, 1399, 1, 1, 11, 1, 6, 8, 6, 5, 12, 2, 13, 75, 3, 4, 47, 25, 2, 1, 2, 1, 1, 2, 2, 1, 3, 3, 3, 3, 3, 23, 2, 547, 18, 14, 11, 2, 1, 28, 1, 10, 1, 535, 65, 1, inf, inf, 35, 2, inf, 1, 10, 8, 153, 3, 4, 66, 88, 2, inf, 1, 1, 1, 154, 878, 1, 20857, 3, 1, 1, 12, 1, 10, 1, 5, 11, 1, 7, 570, inf, 9, 1, 420, 12, 1, 13, 11, 15, 1, 1, 106, 4, 19, 80, inf, 1, 1, 1, 2, inf, 86, 35, 26, 19, 100, 1, 1, 1856, 16, inf, 1, 10, 2, 1, 4, 87, 10, 6371, 11, 23, 1, 4, 1, 1, 25, 97, 1, 1918, 5, 3, 1, 6, 2, 7, 69, 132, 1, 2, 23, 23, 1, 4, inf, 1, 96, 23, inf, 1, 4, 4, inf, 1, inf, 71, 17, 641, 3, 1383, 1, 1, 1, 6, 7, 2, 5, 16, 70, 851, 2, 1, 38, 260, 609, 37, 33, 1, 2, 1, 1, 3, 23, 8, 34, 392, 14, 1646, 615, 1, 15, 1, 26, inf, 1, 13, 9, 7, 5, 1, 5, 7, 2, 13, 295, 3, 4, 8, 13, 10, inf, inf, 4, 3, 13, 3, inf, 34662, 28, 1, 14, 1, 4, 1, 3, 45, 202, 26, 41, 2, 15, 10, 83, 41, 1, inf, 1, 12, 2327, 2, 2, 3, 8, 288, 6, inf, 309, 2, 8, 3, 4, 2, 28, 1, 32, 118, 14, 1, 7, 5, 4, 24, 8, 4, 28, 2, 1, 372, 35, 54, 1, 5, 2, 4, 1, 4, 32, 1, 2, 6, 4, 49, 2, 4, 1, 72, 77, 3, 6, 119, 19, 1, 1, 53, 4, 4, 561, 4, 3, 45, 70, 2, 7, 1, 2, 1, 1581, 1, 5, 2521, 98, 394, 7, 1, 1, 553, 1, 1, 4, 542, 1, 6, 7, 4, 11, 1, 3, 27, 2, 68, 494, 1, 4, 1, 926, 5, 12, 174, 1, 62, 853, 20, 11, 1, 9, 188, 7704, 2, 6, 5662, 1, 1, 836, 708, 12, 1, 2853, 1, 14, 1, 19, 7, 4, 1, 62, 1, 12, 18, 4, inf, 1, 65, 15, 2, 3, 2122, 10, 5, 21, 37, 19, 19, 1, 1, 1, 116, 35, 35, 16, 1, 2, 10, 3, 1, 2, 18, 18, 1, 1, 5, 54, 2, 9, 2, 3, 8, 2, 1, 9, 2, 5, 1805, inf, 4, 1, 478, inf, 4, 17, 1, 3, 5, 234, 15, 24, 103, inf, 36, 1, 5, 1, 13, 1, 2, 3, 456, 1, 300, 117, 4, 2, 18, 233, 1, 1748, 3, 1, 7, 1, 22, 44, 1373, inf, 53, 3, 31, 4, 46, 2, 6, 43, 4, 3, 3, 3, 2, 2, 2, 2, 4, 32, 5, 20, 144, 1, 21, 111, 269, 1036, 8, 186, 35, 23, 2, 1, 2, 77, 1974, 116, 3, 201, 673, 17, 1979, 3, 13, 1, 22, 1, 7, 7, 1, 641, 17, 253, 1, 1, 13, inf, 2, inf, 2, 1, 7, 1, 5, 2, 9, 1, 151, 117, 1, 112, 8, 1, 3914, 9, 1, 12, 10, 1, 79, 3, 4, inf, 2, 8, 12, 2, 1, 44, inf, 1, 41, 1, 2, 12, 33, 5, 4, 1, 407, 1, 2, 6, 22, 19, 23349, 71, 234, inf, 17, 2, inf, inf, 6, 6, 9, 2, 450, 3, 13, 5, 48, inf, 1, 7, 46, 86, 13, 46, 10, 5, 2, 51, 37, 18, 10, 6, 16, 11, 12, 86, inf, 13, 1, 5, 1, 16, 12, 3, 114, 26, 9, 419, 1, 1, 1, 59, 42, 9, inf, 7, 1, 28, 15, 1, 14, 164, 1, 218, 5, 6, 1, 6, 8, 48, 7, 5, 15, 142, 2461, 1, 6121, 3, 1, 3757, 2, 17, 228, 15, 40, 4, 3, inf, 6, 73, 113, 17, 26, 9, 1, 4, 8, 6, 19, 1, 398, 20, 1, 81, 2, 1, 63, 8, 7, 1, 5, 9, 282, 26, 1, 1, 102, 5, 1, 9, 1666, 36, 338, 4, 3, 9, 2, 6, 1, 15, 19, 39, 6, 3249, 19, 8, 126, 7, 4, 4, 27, 1, 7, 68, 3, 5, 2, 143, 1, 12, 120, 16, 3, 5, 10599, 1, 5, 2, 1, 3, 9, 37, 16, 32, inf, 2, 4, 7, 1, 1, 10, 20, 4, 50, 2, 1, 8, 6, 19703, 4, 6, 8, 143, 5, inf, 1, 57, 5, 1, inf, 19, 489, 13, 6, 957, 347, 211, 2, 1439, 5, 24, 156, 1, 62, 1, 287, 1, 1, 2, 1, 151, 7, 58, 108, 3002, 5, 5, 1, 1, 5, 391, 1, 1162, 1, 6, 6, 55, 40, 3, 2, 3459, 95, 35, 102, 1, 536, 14, 5, 1, 10, 84, 59, 13, 6, 17, 7210, 3, 78, inf, 1, 1, 27, 4, 177, 1, 5, 11, 2, 6, 1126, 1, 14501, 1, 2, 372, 1, 1, 1, 1, 2, 1, 1, 60, 1, 1, 80, 42, 5, 4, 116, 1, 65, 402, 2, 3, inf, 2, 3, 20, 3, 2, 2, 2, 2, 3, 5, 1, 1, 1, 56, 3, 8, 98, 1, 28, inf, 2, 130, 14, 1, 13, 11081, 2, 4, 2, 4, 7, 6, 3, 1, 2, 1, 5, 1, 1, 1, 473, 12, inf, 1916, 1, 361, 1, 5, 1269, 108, 4, 1, inf, 23, 182, 4, 1, 41, 31, 10, 2, 2, 1, 1, 2, 35, 53, 2, 1, inf, 18, 203, 160, 1, inf, 7, 13, 9, 2, inf, 2, 1, 5, 16, 2, 8, 2, 1, 14, inf, 1, 2, 2, 470, 1, 2289, 4, 30, 104, 4, 125, 251, 1, 18, inf, 7, 6, 9, 21, 6, 1, 150, 4, 2, 122, 67, 36, inf, 1, 3, 1281, 11, 3, 1, 1, 5, 65, 37, 18, 4, 10, 67, 53, 2, 124, 2, 10, 2, 18, 9658, 3, 1, 10, 22, 23, 21, 78, 5, 5, 28, 24, 1, 16, inf, 2, 1, 1, 17, 1544, 248, 9, 29, 19, 314, 6, 18, 6814, 3, 1, 15, 8, 6, 52, 16, 387, 7, 1, 2, 273, 229, 1, 1, 5, 50, 143, 33, inf, 14, 3, 1, 7500, 13, 8, 134, 14, 42, 148, 26, 1464, 3, 1, 1, 327, 6, 1, 37, 2, 92, 132, 1, 4, 41, 691, 2028, 2, 318, 22, 1, 4, 7, 4, 1, 11, 1, inf, 2, 127, 2, 2, 89, 3, 1, 42, 2144, 4, 45, 1, 3, 23, 4, 587, 271, 58, 1, 573, 5, 3, inf, 1, 3, 1, 6, 3, 4, 2, 222, 7, 1, 1, 27, 162, 2, 34, 1, 1, 9, 1, 1, 1, 166, 3, 1, 1, 2, 8, 133, 1, inf, 3, 5, 12, 3, 114, 13, 2, 307, 4, 17, 26, 24, 99, 5, 5, 1, 2, 17, 10, 11, 57, 19, 16, 66, 542, 5, 1, 3, 2, 6, 59, 70, 5, 1, 18, 2, 39, 1, 7, 1, 2, 16, 1, 5, 264, 420, 1, 1, 422, 1, inf, 3, 2141, 1, 124, 11, 151, 2, 8, 14, 2, 3, 25, 12, 12, 20, 8, 5, 8, 21, 1, 6, 9, 2, inf, 2879, 1, 1307, 23, 17, 1, 3, inf, inf, 3, 2, inf, 1, 1, 240, 6, 2, 6, 97, 73, 2, 137, 1, inf, 2, 1, 19, 18, 1899, 134, 92, 157, 2, 27, 46, 126, 207, 16, 2, 2, 45, 3, 33, 4, 1, 3, 1, 27, 1, 53, 31, 154, 3, 31, 2, 8, 1, 1, 1, 36, 1, 2, 5, 2, 1, 54, 13, 1366, 21, 3, 24, 404, 807, 2, 21, 381, 3, 1, 2, 3, 1, 1, inf, 3, 1, 11, 2, 49, 6024, 5, 1, 12, 3, 15, 4, 13, inf, 73, 601, 13, 6, 9, 1, 1, 2, 30, 71, 1, 2, 10, 1, inf, 6, 3, 30, 1, 2, 24, 1, 1, 15409, 12, 2, 256, 2, 4, 1, 12, 9, 136, 3, 74, 8783, 5, 3, 39, 1, 47, 1, 58, 1, 5, 1, 3, 1, 5, 1, 11, inf, 6, 90, 1, 1, 14, 1, 1, 2, 5, 74, 18, 8, 14, 54, 45, 46, 2, 1, 8, 7, 172, 1, 2, 1, 1, 1, 1, 12, 1, 1, 1, 1, 3, 1, 1, 1, inf, inf, 93, inf, 4, 1, 5, 4, 2, 2, 1, 1, 1, 1, inf, 58, 168, 4, 1, 2, 1, 1, inf, inf, 4, 1, 3, 1, 1, inf, 1, inf, 1, inf, 3, 1, 4, 3, 1, 2, 1, 3, 14, 47, 2, 1, 2, 3, 3, 8, 3, 258, inf, 1, inf, 44, 17, 1, 2, 1, 1, 256, 22, 1, 9, 809, 1, inf, inf, 8, 9, 1, 47, 2, 2, 1, 77, 10, 1094, 5, 1, 1, 69, 1, 4, 2, 1, 1, 105, 34, 18, 87, inf, 5, 125, 1, 1, 1, 74, 1, 8, 2, 29, 4, 1788, 3, inf, 1587, 4, 18, 51, 28, 11, 1, 4, 865, 16, 3, 2, inf, 1, 131, 124, 1704, 90, 2, 191, 1, 2, inf, 52, 11, 1, 28, 16, 609, 12264, 298, 89, 2, 7, 864, 4, 113, 26, 3, 41, 1, 105, 569, 20, 14, inf, 78, 1, 80, 345, 1, 24, inf, 1, 11, 2, 2, 305, 7, 3, 4, 5593, 1, 1, 4, 7, 14, inf, 1, 3, 5, 44, 1, 1, 105, 3, 6, 2, 1, 2074, 2, 1, 2, 8, 665, 1, 844, 71, 69, 2, 25, 1, 142, 1, 3, 9, 6, 16, 3, 4, 12, 2116, 1, 3, 7, 12, 5, 3, 94, 51, 1, 2, 1, 590, 941, 37, 2, 1, 7, 6, 83, 1, 53, 1, 2, 6, 23, 12, 55, 56, 5, 28, 2, 21, 8, 2, 1, 13, 1, 2, 500, 7, 1, 283, 321, 31, 4, 7, 3, 188, 2021, 3, 80, 1, 1, 6, 5, 4, 136, 1, 10522, 3, 3, 2, 1, 1, 1, inf, 15, 353, 3, 3, 2, 1, 3, 2, 43, 1, 1, 1, 4, 6, inf, 5, 1, 394, 1, 3, 1, 1, 3, 3, 38, 9, 2, 4, 3, 3, 24, 3, 27, 14, 14, 8, 2, 4, 21, 13, inf, 9682, 2, 67, 1, 12, 37, 11, 2, 1, 2, 7, 581, 16, 1, 3, 12, 88, 2, 6, 161, inf, inf, inf, 35, 105, 3432, 3, 450, 4, 2, 25, 2, 1025, 56, 10, 208, 3, 5, 1, 1, inf, 2, 1, 1, 2, 2, 4, 86, 20, 205, 8, 949, 120, 83, 1, 7, 5, 57, 484, 3, 10, 10, 4, 901, 20, 1, 7, 2, 2, 19, 3, 5, 177, 3, 1, 13, 1, 12, 1, 1, 1, 1, 2, 2, 31, 3, 124, 7, 1, 1, 99, 2, 1, 5, 1, 5, 2, 16, 24, 2, 3, inf, 1, 200, 376, 8, 3, 45, 535, 3, inf, 81, 1, 535, 7, 1, 40, 7, 13, 6, 2, inf, 2, 91, 1, 1, 1, inf, 9, 23, 1, 1, 1, 5, 15, 2, 7, 3, inf, 1, 16, 39, 14, 28, 28, 14513, 158, 12, 27, 10, 33, 2, 378, 213, 5, 11, 1, 1, 15, 8, 209, 23, 8, 34, 7, 4, 1, 4, 308, 8, 13803, 2, 67, 3, 2, inf, 1, inf, 28, 88, 5, 3, inf, 28, 1, 829, inf, 4, 4, 10, 1, 1, 1, 81, 2, 2, 9, 5, 3, 1, 273, 2, 1, 8, 2, 20, 32, 99, 505, 7, 2, 3, 1, 107, 17, 124, 2, 3, 32, 7, 1, 15, 100, 15, 2, 2, 35, 51, 1, 6, 7, 1, 2, 22, 17, 8, 1, 16, 1, 8, inf, 14, 3, 3, 1, 3552, inf, 15, 139, 65, 6, 1, 9, 1, 1020, 3, 4, 14, 1, 4, 8, 15, 1, 1, 1, 2, 16, 16, 1, 66, 1, 10, 5, 6, 4, 92, 48, 1, 1, 124, 8, 1, 13, 7, 91, 23, 1, 24, 26, 1, 36, 2, 24, 813, inf, 4, 5, 1, 3, 3, 44, 13, 18, 1, 13, 28, 245, 1, 5, 221, 2, 41, 2, 7, 6, 7, 5999, 211, 5064, 10461, 13, 4, 3, 1, 1, 377, 47, 3, 84, 2, 1, 1, inf, 45, 1, 26, 7, 2, 58, inf, 3, inf, 10, inf, 1, 26, 1, 4844, 3, 8, 8, inf, 4, 1, 5, 1, 8, 2, 63, 18, 1, 43, 201, 10, 1, 1, 13, inf, inf, 1, 19, 1, inf, 10, 125, 1, 2, 19326, 3, inf, 33, 2824, 4, 43, 825, 7, 47, 59, 7, 8, 231, 1, 1, 534, 61, 1, 1, 2, 2, 1, 5, 1, 1, 312, 13, 2, 2, 1, 1, inf, 1, 4, 3, 114, 2, 10, 1, 7, 11294, 10, 9, 54, 9, 1, 8, 67, 2, 9, 2, 12, 9, 45, 17, 142, 1, 2, 1, 338, 33, 99, 9, 22, 1, inf, 132, 1, 82, 3, inf, 3, 813, 976, 25, 44, 1, 5, 1, 23, 187, inf, 10, 98, 43, 305, 4, inf, 352, 29, 15, 62, 2, 4686, 2, 5, 1, 2, 1, inf, 27, 1, 23, 5, 95, 66, 4, 1, inf, 50, 90, 47, inf, 10, 18, 33, 2, 51, 2, 14, 5, 40, inf, 4, 11, inf, 4930, inf, 2, 28, 1, 4, 1, 4, 31, inf, 1079, 30, 3, 1, 39, 77, inf, 1, 1, 10, 535, 1, 6, 1, 6, 7, 4, 5, 9690, 4, 1370, 77, 88, 292, 3, 1, 4, 7, 9, 2, 59, 16, 347, 3, 2, 26, 1, 423, 11, 5, 7, 13, 25, 4, 2, 4, 1, 5, 17, 7, 8, inf, 15, 159, 1, 1, 10, 81, 2, 2, 1, 1, 2, 23, 28, 24, 2, 1, 2207, 2, 1, 127, 14, 1, 1, 1, 1, 1, 1, 17, 1, 50, 45, 18, inf, 5, 1, 34, 12, 8, inf, 1, 18, 1, 59, 9, 8, 1, 5, inf, 5, 583, 5, 1, 1, 1, inf, inf, inf, 2, 223, 3, 5, 17, 2, 24, 3, 177, 1, 6, 1, 9, 5, 85, 1762, 34, 48, 51, 1, 34, 9, 30, inf, 12, 26, 1, 1, 89, 14, 18, 5, 6, 32, 19, 6, 267, 7, 44, 1, 3, 403, 9, 8, 31, 13, 12, 53, 4, 1, 14, 92, 2, 3, 6, 1, 1, 93, 3, 2, 1, 8, 2, 16, 6, 2, 1, 2, 5, 1, 43, inf, 8, 1, 29, 31, 9, 1, 1, 411, 46, 33, 9, 1, 1, 18, 1, 2, 1, 45, 1, 1, 1, 15035, 10, 26, 1, inf, 1, 34, inf, 34, 5, 174, 4, 34, 2, 4, 25, inf, 5, 3, inf, 20, 1, 19, 1, 1, inf, 1, 3, 4, inf, 10, 1, 10, 35, 1388, inf, 1, 1, 5, 1, 179, 97, 2, 1, 1, 1006, 3, 1, 423, 2, 29, 9679, 2, 1, inf, 4, 282, 1266, 16, inf, 1, 5, 1, 20, 1, 1, 2, inf, 4, 428, 1, 7, 4, 159, 2, 5, 2, 87, 2, 74, 15, 40, 61, 2, 190, 6, 1, 10, inf, 4, 22, 1, 8, 11, 5, 8, 143, 9, 5, 11, 5, 1, 1, 2, 1, 81, 19, 4, 1, 103, 105, 1, 4453, 3, 1, 4287, 98, 107, 8, 1, 9, 19, 5, 6, 351, 4, 4, 1, 2, 66, inf, 1, 5118, 13, 14, 1, 131, 8, 59, 1531, 1352, 3, 19, 81, 7, 147, 9, 3, 16, 1, 4, 15, 1, 2, 2, 47, 28, 23, 1, 2, 1, inf, 1, 2, 1074, 13, 2, 1, inf, 152, 1, 1, 2, 119, 43, 2, 3261, 25, 11, 122, 7, 14, 6, 4, inf, 13, 1422, 53, 29, 566, 15, 1829, 21, 48, 2, 47, 9, 14, 67, 6, 49, 17, inf, 1078, inf, 5, 57, 3, 2, 5, 29, 39, 1, 8, 12, 15, 4, 119, 3, 8, 5, 1, 2, 2, 96, 1, 257, 3, 23, 406, 46, 3, 1, 213, 1, 275, 168, 1, 3, 38, inf, inf, 2, 4, 28, 3, 26, 5, 9, 4, 30, inf, 1243, 49, 441, 1, 1, 1, 4, 4, inf, 1, 11, 1, 97, 30, 1, 25, 30, 3, 471, 7, 2, 1, 77, 1, 1, 11, 11, 5, 43, 42, 756, 1, 1, 1, 213, 61, inf, 114, 1, 1189, 274, 1, inf, inf, 2, 2, 124, 6395, 114, 3, 29, 2, 1, 1, inf, 124, 1, 1, 16, 4, 4, 32, 1, 5, 12, inf, 7, 33, 5, 6, 5, 43, 13, 3, 4, 11, 1, 537, 10, 1, 1, 4, 428, 1, inf, 1, 10, 3, 2, 1, 1, inf, 48, 5, inf, 17, 26, 4, 21, 2, inf, 946, 3, 17, 122, 42, 19, 14, 152, 3, 1, 3, 4, 1, 5, 1, 104, 8478, 13, 11, 2, inf, 815, 106, 202, 2, 164, 4, 6, 128, 20, 3, 1, 10, 539, 1, 2, 3, 36, 6, 1, 30, inf, inf, 1, 29, 767, 13, 1, 324, 1, inf, 1, 1, 3, 1, 2, 35, 30, 1, 1, 137, 41, 1, 4, 2, 1, 10, 22, 25, 63, 1, 1, 2, 41, 3, 7, 2, 618, 855, 5, 2, 1, 10, inf, 175, 1, 1, 2, 1, 327, 360, 4, 599, 5, 4, 9, inf, 3, 9, 5, 109, 1, 11, 3303, 1, 2, 381, 1, 1, 3, 21, 43, 31, 2, 2, 1, 14, 17, inf, 36, 7334, 25, 2, 1, 1, 7, 1, 4, 1206, 3, 1, 3, 32, 1, 1, 5, 1, 1059, 1, 38, 17, inf, 78, 3, 3, 1269, 1, 1, 7, 1, 1, 3, 8, 1, 1, 2, 1, 21, 1, 1, 4, 315, inf, 1, 9, 9, 18, 5, 59, 17, 13, 39, 1, 2, 1, 15, 1, 3, 3, 5, 1, 3, 14, 11, 7, 2, 8, 10, 11, 13, 60, 33, 61, 29, 175, inf, 1, 2, 467, 508, 1, 1, 1, 14, inf, 1, 17, 32, 1, 1, 24, 8, 1, 18, 1, 4, 2, 4, 1, 42, 11, 1, 1, 140, 1, 27, 3, 3, 5, 1, 1, 1, 33, 7, 22, 1, 2, 1, 274, 1, 169, 4, 17, 15, 1, 1, 19999, 23, 1, 4, 1, 2, inf, 18, 223, 1, 274, 4, 3, 1, 2, inf, 38, 3, 1, 1899, 173, 8151, 15, 1, inf]
2022-08-28 Sunday 22:25:37:INFO: It completed at: 2022-08-28 22:25:37.656104
2022-08-28 Sunday 22:25:37:INFO: Completed after: 1 day, 6:26:40.086759
