2022-08-28 Sunday 22:03:22:INFO: {'bug_database': 'dataset/mozilla/mozilla_soft_clean.json', 'database_name': 'mozilla-sampled', 'epochs': 12, 'lr': 0.001, 'l2': 0.0, 'batch_size': 256, 'ranking_batch_size': 512, 'ranking_n_workers': 2, 'cuda': True, 'cache_folder': None, 'pairs_training': 'dataset/mozilla/sampled_age_training_split_mozilla_pairs_random_1.txt', 'pairs_validation': 'dataset/mozilla/validation_mozilla_pairs_random_1.txt', 'neg_pair_generator': {'type': 'none', 'training': None, 'rate': 1, 'pre_list_file': None, 'k': 0, 'n_tries': 0, 'preselected_length': None, 'random_anchor': True}, 'loss': 'bce', 'margin': 0, 'categorical': {'lexicons': 'dataset/mozilla/categorical_lexicons.json', 'bn_last_layer': False, 'emb_size': 20, 'hidden_sizes': [40], 'dropout': 0.0, 'activation': 'relu', 'batch_normalization': False, 'layer_norm': False}, 'compare_aggregation': {'word_embedding': 'word_embedding/mozilla/glove_42B_300d_mozilla.npy', 'norm_word_embedding': False, 'lexicon': 'word_embedding/mozilla/glove_42B_300d_mozilla.lxc', 'sent_representation': None, 'tokenizer': 'white_space', 'bow': False, 'frequency': False, 'extractor': {'update_embedding': False, 'filters': ['TransformLowerCaseFilter'], 'hidden_size': 150, 'dropout': 0.0, 'layer_norm': False, 'txt_field_emb_size': 5, 'field_word_combination': 'cat', 'emb_dropout': 0.0, 'scaled_attention': True, 'model': 'linear', 'use_categorical': False, 'bidirectional': True}, 'matching': {'type': 'full', 'scaled_attention': True, 'comparison_hidden_size': 100, 'dropout': 0.0, 'residual': True, 'layer_norm': False, 'attention_hidden_size': 200, 'attention': 'dot_product', 'comparison_func': 'submult+nn'}, 'aggregate': {'model': 'lstm', 'window': [3, 4, 5], 'nfilters': 100, 'hidden_size': 150, 'dropout': 0.0, 'bidirectional': True, 'num_layers': 1, 'self_att_hidden': 50, 'layer_norm': False, 'n_hops': 20}, 'classifier': {'hidden_size': [300], 'output_act': 'sigmoid', 'hadamard_diff_textual': True, 'hadamard_diff_categorical': True, 'textual_hidden_layer': 600, 'categorical_hidden_layer': 40, 'categorical_dropout': 0.0, 'dropout': 0.0, 'only_candidate': False, 'layer_norm': False, 'batch_normalization': False}}, 'random_switch': True, 'recall_estimation_train': None, 'recall_estimation': None, 'sample_size_rr_tr': 0, 'sample_size_rr_val': 0, 'rr_val_epoch': 100, 'rr_train_epoch': 100, 'ranking_result_file': None, 'optimizer': 'adam', 'lr_scheduler': None, 'save': None, 'save_by_epoch': None, 'load': None, 'recall_rate': {'type': 'sun2011', 'dataset': 'dataset/mozilla/test_mozilla.txt', 'result_file': None, 'group_by_master': True, 'window': 365}, 'pair_test_dataset': None, 'rep': {'model': None, 'input': None, 'training': None, 'rate': 1, 'neg_training': 10000, 'k': 1000}, 'rr_scorer': 'general', 'seed': 897752952}
2022-08-28 Sunday 22:03:22:INFO: It started at: 2022-08-28 22:03:22.343681
2022-08-28 Sunday 22:03:26:INFO: Turning CUDA on
2022-08-28 Sunday 22:03:26:INFO: Using Categorical Information.
2022-08-28 Sunday 22:03:27:INFO: Lexicon size: 96875
2022-08-28 Sunday 22:03:27:INFO: Word Embedding size: 300
2022-08-28 Sunday 22:03:27:INFO: Use white space tokenizer to tokenize summary information
2022-08-28 Sunday 22:03:27:INFO: BoW=False and TF=False
2022-08-28 Sunday 22:03:27:INFO: Using Summary and Description information.
2022-08-28 Sunday 22:03:27:INFO: Using BCE Loss: margin=0
2022-08-28 Sunday 22:03:29:INFO: Not generate dynamically the negative examples.
2022-08-28 Sunday 22:03:39:INFO: Training size: 68400
2022-08-28 Sunday 22:03:39:INFO: Validation size: 2418
2022-08-28 Sunday 22:03:39:INFO: Adam
2022-08-28 Sunday 22:03:39:INFO: Scheduler: Constant
2022-08-28 Sunday 22:03:39:INFO: Epoch: 1
2022-08-28 Sunday 22:03:39:INFO: LR: 0.001
2022-08-28 Sunday 22:05:51:INFO: {'type': 'metric', 'label': 'training_loss', 'epoch': 1, 'value': 0.13763285786174892, 'sum': 9414.087477743626, 'num_example': 68400}
2022-08-28 Sunday 22:05:51:INFO: {'type': 'metric', 'label': 'training_dist_target', 'value': (0.08003974707503068, 0.08163013698239076), 'epoch': 1}
2022-08-28 Sunday 22:05:51:INFO: {'type': 'metric', 'label': 'training_acc', 'epoch': 1, 'value': 0.9447368421052632, 'num_correct': 64620, 'num_example': 68400}
2022-08-28 Sunday 22:05:51:INFO: {'type': 'metric', 'label': 'training_precision', 'epoch': 1, 'value': 0.9446588158607483, 'positive': 32313.0, 'total': 34206.0}
2022-08-28 Sunday 22:05:51:INFO: {'type': 'metric', 'label': 'training_recall', 'epoch': 1, 'value': 0.9448245763778687, 'positive': 32313.0, 'total': 34200.0}
2022-08-28 Sunday 22:05:52:INFO: {'type': 'metric', 'label': 'validation_loss', 'epoch': 1, 'value': 0.12625449898940064, 'sum': 305.28337855637074, 'num_example': 2418}
2022-08-28 Sunday 22:05:52:INFO: {'type': 'metric', 'label': 'validation_dist_target', 'value': (0.08976465182623851, 0.05715247419276841), 'epoch': 1}
2022-08-28 Sunday 22:05:52:INFO: {'type': 'metric', 'label': 'validation_acc', 'epoch': 1, 'value': 0.9545078577336642, 'num_correct': 2308, 'num_example': 2418}
2022-08-28 Sunday 22:05:52:INFO: {'type': 'metric', 'label': 'validation_precision', 'epoch': 1, 'value': 0.9463850259780884, 'positive': 1165.0, 'total': 1231.0}
2022-08-28 Sunday 22:05:52:INFO: {'type': 'metric', 'label': 'validation_recall', 'epoch': 1, 'value': 0.9636062979698181, 'positive': 1165.0, 'total': 1209.0}
2022-08-28 Sunday 22:05:52:INFO: Epoch: 2
2022-08-28 Sunday 22:05:52:INFO: LR: 0.001
2022-08-28 Sunday 22:08:03:INFO: {'type': 'metric', 'label': 'training_loss', 'epoch': 2, 'value': 0.06395446188268605, 'sum': 4374.485192775726, 'num_example': 68400}
2022-08-28 Sunday 22:08:03:INFO: {'type': 'metric', 'label': 'training_dist_target', 'value': (0.033622279696994356, 0.0340160978206417), 'epoch': 2}
2022-08-28 Sunday 22:08:03:INFO: {'type': 'metric', 'label': 'training_acc', 'epoch': 2, 'value': 0.9784502923976608, 'num_correct': 66926, 'num_example': 68400}
2022-08-28 Sunday 22:08:03:INFO: {'type': 'metric', 'label': 'training_precision', 'epoch': 2, 'value': 0.9780868291854858, 'positive': 33476.0, 'total': 34226.0}
2022-08-28 Sunday 22:08:03:INFO: {'type': 'metric', 'label': 'training_recall', 'epoch': 2, 'value': 0.9788303971290588, 'positive': 33476.0, 'total': 34200.0}
2022-08-28 Sunday 22:08:04:INFO: {'type': 'metric', 'label': 'validation_loss', 'epoch': 2, 'value': 0.11840834382634896, 'sum': 286.3113753721118, 'num_example': 2418}
2022-08-28 Sunday 22:08:04:INFO: {'type': 'metric', 'label': 'validation_dist_target', 'value': (0.052138523290332826, 0.056252956883388675), 'epoch': 2}
2022-08-28 Sunday 22:08:04:INFO: {'type': 'metric', 'label': 'validation_acc', 'epoch': 2, 'value': 0.9582299421009098, 'num_correct': 2317, 'num_example': 2418}
2022-08-28 Sunday 22:08:04:INFO: {'type': 'metric', 'label': 'validation_precision', 'epoch': 2, 'value': 0.960132896900177, 'positive': 1156.0, 'total': 1204.0}
2022-08-28 Sunday 22:08:04:INFO: {'type': 'metric', 'label': 'validation_recall', 'epoch': 2, 'value': 0.9561620950698853, 'positive': 1156.0, 'total': 1209.0}
2022-08-28 Sunday 22:08:04:INFO: Epoch: 3
2022-08-28 Sunday 22:08:04:INFO: LR: 0.001
2022-08-28 Sunday 22:10:15:INFO: {'type': 'metric', 'label': 'training_loss', 'epoch': 3, 'value': 0.04964886470496306, 'sum': 3395.9823458194733, 'num_example': 68400}
2022-08-28 Sunday 22:10:15:INFO: {'type': 'metric', 'label': 'training_dist_target', 'value': (0.0252921613804691, 0.025416599560899342), 'epoch': 3}
2022-08-28 Sunday 22:10:15:INFO: {'type': 'metric', 'label': 'training_acc', 'epoch': 3, 'value': 0.9841228070175438, 'num_correct': 67314, 'num_example': 68400}
2022-08-28 Sunday 22:10:15:INFO: {'type': 'metric', 'label': 'training_precision', 'epoch': 3, 'value': 0.9831057190895081, 'positive': 33693.0, 'total': 34272.0}
2022-08-28 Sunday 22:10:15:INFO: {'type': 'metric', 'label': 'training_recall', 'epoch': 3, 'value': 0.9851754307746887, 'positive': 33693.0, 'total': 34200.0}
2022-08-28 Sunday 22:10:16:INFO: {'type': 'metric', 'label': 'validation_loss', 'epoch': 3, 'value': 0.15881590187746794, 'sum': 384.0168507397175, 'num_example': 2418}
2022-08-28 Sunday 22:10:16:INFO: {'type': 'metric', 'label': 'validation_dist_target', 'value': (0.024810303923904254, 0.09932285857851393), 'epoch': 3}
2022-08-28 Sunday 22:10:16:INFO: {'type': 'metric', 'label': 'validation_acc', 'epoch': 3, 'value': 0.9478908188585607, 'num_correct': 2292, 'num_example': 2418}
2022-08-28 Sunday 22:10:16:INFO: {'type': 'metric', 'label': 'validation_precision', 'epoch': 3, 'value': 0.9847806692123413, 'positive': 1100.0, 'total': 1117.0}
2022-08-28 Sunday 22:10:16:INFO: {'type': 'metric', 'label': 'validation_recall', 'epoch': 3, 'value': 0.909842848777771, 'positive': 1100.0, 'total': 1209.0}
2022-08-28 Sunday 22:10:16:INFO: Epoch: 4
2022-08-28 Sunday 22:10:16:INFO: LR: 0.001
2022-08-28 Sunday 22:12:27:INFO: {'type': 'metric', 'label': 'training_loss', 'epoch': 4, 'value': 0.038909749449748135, 'sum': 2661.426862362772, 'num_example': 68400}
2022-08-28 Sunday 22:12:27:INFO: {'type': 'metric', 'label': 'training_dist_target', 'value': (0.01979156287267194, 0.01965688714681313), 'epoch': 4}
2022-08-28 Sunday 22:12:27:INFO: {'type': 'metric', 'label': 'training_acc', 'epoch': 4, 'value': 0.9875292397660819, 'num_correct': 67547, 'num_example': 68400}
2022-08-28 Sunday 22:12:27:INFO: {'type': 'metric', 'label': 'training_precision', 'epoch': 4, 'value': 0.985923707485199, 'positive': 33830.0, 'total': 34313.0}
2022-08-28 Sunday 22:12:27:INFO: {'type': 'metric', 'label': 'training_recall', 'epoch': 4, 'value': 0.9891812801361084, 'positive': 33830.0, 'total': 34200.0}
2022-08-28 Sunday 22:12:28:INFO: {'type': 'metric', 'label': 'validation_loss', 'epoch': 4, 'value': 0.15380829193061596, 'sum': 371.90844988822937, 'num_example': 2418}
2022-08-28 Sunday 22:12:28:INFO: {'type': 'metric', 'label': 'validation_dist_target', 'value': (0.024092959805497263, 0.08165358826579684), 'epoch': 4}
2022-08-28 Sunday 22:12:28:INFO: {'type': 'metric', 'label': 'validation_acc', 'epoch': 4, 'value': 0.9532671629445822, 'num_correct': 2305, 'num_example': 2418}
2022-08-28 Sunday 22:12:28:INFO: {'type': 'metric', 'label': 'validation_precision', 'epoch': 4, 'value': 0.9798598885536194, 'positive': 1119.0, 'total': 1142.0}
2022-08-28 Sunday 22:12:28:INFO: {'type': 'metric', 'label': 'validation_recall', 'epoch': 4, 'value': 0.92555832862854, 'positive': 1119.0, 'total': 1209.0}
2022-08-28 Sunday 22:12:28:INFO: Epoch: 5
2022-08-28 Sunday 22:12:28:INFO: LR: 0.001
2022-08-28 Sunday 22:14:39:INFO: {'type': 'metric', 'label': 'training_loss', 'epoch': 5, 'value': 0.030016242811205792, 'sum': 2053.111008286476, 'num_example': 68400}
2022-08-28 Sunday 22:14:39:INFO: {'type': 'metric', 'label': 'training_dist_target', 'value': (0.014534356322204858, 0.014858553890596357), 'epoch': 5}
2022-08-28 Sunday 22:14:39:INFO: {'type': 'metric', 'label': 'training_acc', 'epoch': 5, 'value': 0.9910672514619883, 'num_correct': 67789, 'num_example': 68400}
2022-08-28 Sunday 22:14:39:INFO: {'type': 'metric', 'label': 'training_precision', 'epoch': 5, 'value': 0.9895071387290955, 'positive': 33949.0, 'total': 34309.0}
2022-08-28 Sunday 22:14:39:INFO: {'type': 'metric', 'label': 'training_recall', 'epoch': 5, 'value': 0.9926608204841614, 'positive': 33949.0, 'total': 34200.0}
2022-08-28 Sunday 22:14:39:INFO: {'type': 'metric', 'label': 'validation_loss', 'epoch': 5, 'value': 0.15741374159371982, 'sum': 380.6264271736145, 'num_example': 2418}
2022-08-28 Sunday 22:14:39:INFO: {'type': 'metric', 'label': 'validation_dist_target', 'value': (0.029821226377936806, 0.07613284061327762), 'epoch': 5}
2022-08-28 Sunday 22:14:39:INFO: {'type': 'metric', 'label': 'validation_acc', 'epoch': 5, 'value': 0.9553349875930521, 'num_correct': 2310, 'num_example': 2418}
2022-08-28 Sunday 22:14:39:INFO: {'type': 'metric', 'label': 'validation_precision', 'epoch': 5, 'value': 0.9774501323699951, 'positive': 1127.0, 'total': 1153.0}
2022-08-28 Sunday 22:14:39:INFO: {'type': 'metric', 'label': 'validation_recall', 'epoch': 5, 'value': 0.93217533826828, 'positive': 1127.0, 'total': 1209.0}
2022-08-28 Sunday 22:14:39:INFO: Epoch: 6
2022-08-28 Sunday 22:14:39:INFO: LR: 0.001
2022-08-28 Sunday 22:16:51:INFO: {'type': 'metric', 'label': 'training_loss', 'epoch': 6, 'value': 0.023333851488535864, 'sum': 1596.0354418158531, 'num_example': 68400}
2022-08-28 Sunday 22:16:51:INFO: {'type': 'metric', 'label': 'training_dist_target', 'value': (0.011512491301529938, 0.011314369216997024), 'epoch': 6}
2022-08-28 Sunday 22:16:51:INFO: {'type': 'metric', 'label': 'training_acc', 'epoch': 6, 'value': 0.9929970760233918, 'num_correct': 67921, 'num_example': 68400}
2022-08-28 Sunday 22:16:51:INFO: {'type': 'metric', 'label': 'training_precision', 'epoch': 6, 'value': 0.9914594888687134, 'positive': 34014.0, 'total': 34307.0}
2022-08-28 Sunday 22:16:51:INFO: {'type': 'metric', 'label': 'training_recall', 'epoch': 6, 'value': 0.9945613741874695, 'positive': 34014.0, 'total': 34200.0}
2022-08-28 Sunday 22:16:51:INFO: {'type': 'metric', 'label': 'validation_loss', 'epoch': 6, 'value': 0.15499281424742478, 'sum': 374.77262485027313, 'num_example': 2418}
2022-08-28 Sunday 22:16:51:INFO: {'type': 'metric', 'label': 'validation_dist_target', 'value': (0.029847843672639582, 0.06711367775922575), 'epoch': 6}
2022-08-28 Sunday 22:16:51:INFO: {'type': 'metric', 'label': 'validation_acc', 'epoch': 6, 'value': 0.9582299421009098, 'num_correct': 2317, 'num_example': 2418}
2022-08-28 Sunday 22:16:51:INFO: {'type': 'metric', 'label': 'validation_precision', 'epoch': 6, 'value': 0.9751286506652832, 'positive': 1137.0, 'total': 1166.0}
2022-08-28 Sunday 22:16:51:INFO: {'type': 'metric', 'label': 'validation_recall', 'epoch': 6, 'value': 0.940446674823761, 'positive': 1137.0, 'total': 1209.0}
2022-08-28 Sunday 22:16:51:INFO: Epoch: 7
2022-08-28 Sunday 22:16:51:INFO: LR: 0.001
2022-08-28 Sunday 22:19:02:INFO: {'type': 'metric', 'label': 'training_loss', 'epoch': 7, 'value': 0.01820982139759114, 'sum': 1245.5517835952342, 'num_example': 68400}
2022-08-28 Sunday 22:19:02:INFO: {'type': 'metric', 'label': 'training_dist_target', 'value': (0.008560722876498094, 0.00868141604097266), 'epoch': 7}
2022-08-28 Sunday 22:19:02:INFO: {'type': 'metric', 'label': 'training_acc', 'epoch': 7, 'value': 0.9949561403508772, 'num_correct': 68055, 'num_example': 68400}
2022-08-28 Sunday 22:19:02:INFO: {'type': 'metric', 'label': 'training_precision', 'epoch': 7, 'value': 0.9938730597496033, 'positive': 34065.0, 'total': 34275.0}
2022-08-28 Sunday 22:19:02:INFO: {'type': 'metric', 'label': 'training_recall', 'epoch': 7, 'value': 0.996052622795105, 'positive': 34065.0, 'total': 34200.0}
2022-08-28 Sunday 22:19:03:INFO: {'type': 'metric', 'label': 'validation_loss', 'epoch': 7, 'value': 0.16363381847702244, 'sum': 395.66657307744026, 'num_example': 2418}
2022-08-28 Sunday 22:19:03:INFO: {'type': 'metric', 'label': 'validation_dist_target', 'value': (0.05594840179897716, 0.038003986191414325), 'epoch': 7}
2022-08-28 Sunday 22:19:03:INFO: {'type': 'metric', 'label': 'validation_acc', 'epoch': 7, 'value': 0.9549214226633581, 'num_correct': 2309, 'num_example': 2418}
2022-08-28 Sunday 22:19:03:INFO: {'type': 'metric', 'label': 'validation_precision', 'epoch': 7, 'value': 0.9471544623374939, 'positive': 1165.0, 'total': 1230.0}
2022-08-28 Sunday 22:19:03:INFO: {'type': 'metric', 'label': 'validation_recall', 'epoch': 7, 'value': 0.9636062979698181, 'positive': 1165.0, 'total': 1209.0}
2022-08-28 Sunday 22:19:03:INFO: Epoch: 8
2022-08-28 Sunday 22:19:03:INFO: LR: 0.001
2022-08-28 Sunday 22:21:15:INFO: {'type': 'metric', 'label': 'training_loss', 'epoch': 8, 'value': 0.015358671911975794, 'sum': 1050.5331587791443, 'num_example': 68400}
2022-08-28 Sunday 22:21:15:INFO: {'type': 'metric', 'label': 'training_dist_target', 'value': (0.007243670849170405, 0.007386041590344836), 'epoch': 8}
2022-08-28 Sunday 22:21:15:INFO: {'type': 'metric', 'label': 'training_acc', 'epoch': 8, 'value': 0.9956578947368421, 'num_correct': 68103, 'num_example': 68400}
2022-08-28 Sunday 22:21:15:INFO: {'type': 'metric', 'label': 'training_precision', 'epoch': 8, 'value': 0.9944002032279968, 'positive': 34095.0, 'total': 34287.0}
2022-08-28 Sunday 22:21:15:INFO: {'type': 'metric', 'label': 'training_recall', 'epoch': 8, 'value': 0.9969298243522644, 'positive': 34095.0, 'total': 34200.0}
2022-08-28 Sunday 22:21:15:INFO: {'type': 'metric', 'label': 'validation_loss', 'epoch': 8, 'value': 0.17473475792814228, 'sum': 422.50864467024803, 'num_example': 2418}
2022-08-28 Sunday 22:21:15:INFO: {'type': 'metric', 'label': 'validation_dist_target', 'value': (0.06130689939651931, 0.04111406071507507), 'epoch': 8}
2022-08-28 Sunday 22:21:15:INFO: {'type': 'metric', 'label': 'validation_acc', 'epoch': 8, 'value': 0.9507857733664186, 'num_correct': 2299, 'num_example': 2418}
2022-08-28 Sunday 22:21:15:INFO: {'type': 'metric', 'label': 'validation_precision', 'epoch': 8, 'value': 0.9445350766181946, 'positive': 1158.0, 'total': 1226.0}
2022-08-28 Sunday 22:21:15:INFO: {'type': 'metric', 'label': 'validation_recall', 'epoch': 8, 'value': 0.9578163623809814, 'positive': 1158.0, 'total': 1209.0}
2022-08-28 Sunday 22:21:15:INFO: Epoch: 9
2022-08-28 Sunday 22:21:15:INFO: LR: 0.001
2022-08-28 Sunday 22:23:27:INFO: {'type': 'metric', 'label': 'training_loss', 'epoch': 9, 'value': 0.01789296602209409, 'sum': 1223.8788759112358, 'num_example': 68400}
2022-08-28 Sunday 22:23:27:INFO: {'type': 'metric', 'label': 'training_dist_target', 'value': (0.008952654206210322, 0.009117864117636319), 'epoch': 9}
2022-08-28 Sunday 22:23:27:INFO: {'type': 'metric', 'label': 'training_acc', 'epoch': 9, 'value': 0.9941666666666666, 'num_correct': 68001, 'num_example': 68400}
2022-08-28 Sunday 22:23:27:INFO: {'type': 'metric', 'label': 'training_precision', 'epoch': 9, 'value': 0.992826521396637, 'positive': 34047.0, 'total': 34293.0}
2022-08-28 Sunday 22:23:27:INFO: {'type': 'metric', 'label': 'training_recall', 'epoch': 9, 'value': 0.9955263137817383, 'positive': 34047.0, 'total': 34200.0}
2022-08-28 Sunday 22:23:28:INFO: {'type': 'metric', 'label': 'validation_loss', 'epoch': 9, 'value': 0.22657793702371265, 'sum': 547.8654517233372, 'num_example': 2418}
2022-08-28 Sunday 22:23:28:INFO: {'type': 'metric', 'label': 'validation_dist_target', 'value': (0.025801395512100485, 0.07886780816923004), 'epoch': 9}
2022-08-28 Sunday 22:23:28:INFO: {'type': 'metric', 'label': 'validation_acc', 'epoch': 9, 'value': 0.9511993382961125, 'num_correct': 2300, 'num_example': 2418}
2022-08-28 Sunday 22:23:28:INFO: {'type': 'metric', 'label': 'validation_precision', 'epoch': 9, 'value': 0.9755885004997253, 'positive': 1119.0, 'total': 1147.0}
2022-08-28 Sunday 22:23:28:INFO: {'type': 'metric', 'label': 'validation_recall', 'epoch': 9, 'value': 0.92555832862854, 'positive': 1119.0, 'total': 1209.0}
2022-08-28 Sunday 22:23:28:INFO: Epoch: 10
2022-08-28 Sunday 22:23:28:INFO: LR: 0.001
2022-08-28 Sunday 22:25:39:INFO: {'type': 'metric', 'label': 'training_loss', 'epoch': 10, 'value': 0.011087420420906349, 'sum': 758.3795567899942, 'num_example': 68400}
2022-08-28 Sunday 22:25:39:INFO: {'type': 'metric', 'label': 'training_dist_target', 'value': (0.005304044396071034, 0.005326248796014061), 'epoch': 10}
2022-08-28 Sunday 22:25:39:INFO: {'type': 'metric', 'label': 'training_acc', 'epoch': 10, 'value': 0.9967105263157895, 'num_correct': 68175, 'num_example': 68400}
2022-08-28 Sunday 22:25:39:INFO: {'type': 'metric', 'label': 'training_precision', 'epoch': 10, 'value': 0.9955368638038635, 'positive': 34128.0, 'total': 34281.0}
2022-08-28 Sunday 22:25:39:INFO: {'type': 'metric', 'label': 'training_recall', 'epoch': 10, 'value': 0.9978947639465332, 'positive': 34128.0, 'total': 34200.0}
2022-08-28 Sunday 22:25:40:INFO: {'type': 'metric', 'label': 'validation_loss', 'epoch': 10, 'value': 0.1910543797785729, 'sum': 461.96949030458927, 'num_example': 2418}
2022-08-28 Sunday 22:25:40:INFO: {'type': 'metric', 'label': 'validation_dist_target', 'value': (0.04854100405233176, 0.035531542831654384), 'epoch': 10}
2022-08-28 Sunday 22:25:40:INFO: {'type': 'metric', 'label': 'validation_acc', 'epoch': 10, 'value': 0.9582299421009098, 'num_correct': 2317, 'num_example': 2418}
2022-08-28 Sunday 22:25:40:INFO: {'type': 'metric', 'label': 'validation_precision', 'epoch': 10, 'value': 0.9518760442733765, 'positive': 1167.0, 'total': 1226.0}
2022-08-28 Sunday 22:25:40:INFO: {'type': 'metric', 'label': 'validation_recall', 'epoch': 10, 'value': 0.9652605652809143, 'positive': 1167.0, 'total': 1209.0}
2022-08-28 Sunday 22:25:40:INFO: Epoch: 11
2022-08-28 Sunday 22:25:40:INFO: LR: 0.001
2022-08-28 Sunday 22:27:51:INFO: {'type': 'metric', 'label': 'training_loss', 'epoch': 11, 'value': 0.010724459772286882, 'sum': 733.5530484244227, 'num_example': 68400}
2022-08-28 Sunday 22:27:51:INFO: {'type': 'metric', 'label': 'training_dist_target', 'value': (0.005263168172987739, 0.00518130132852242), 'epoch': 11}
2022-08-28 Sunday 22:27:51:INFO: {'type': 'metric', 'label': 'training_acc', 'epoch': 11, 'value': 0.9966081871345029, 'num_correct': 68168, 'num_example': 68400}
2022-08-28 Sunday 22:27:51:INFO: {'type': 'metric', 'label': 'training_precision', 'epoch': 11, 'value': 0.9960280656814575, 'positive': 34104.0, 'total': 34240.0}
2022-08-28 Sunday 22:27:51:INFO: {'type': 'metric', 'label': 'training_recall', 'epoch': 11, 'value': 0.9971929788589478, 'positive': 34104.0, 'total': 34200.0}
2022-08-28 Sunday 22:27:52:INFO: {'type': 'metric', 'label': 'validation_loss', 'epoch': 11, 'value': 0.20838527351839667, 'sum': 503.87559136748314, 'num_example': 2418}
2022-08-28 Sunday 22:27:52:INFO: {'type': 'metric', 'label': 'validation_dist_target', 'value': (0.030762698898836045, 0.07058834221069235), 'epoch': 11}
2022-08-28 Sunday 22:27:52:INFO: {'type': 'metric', 'label': 'validation_acc', 'epoch': 11, 'value': 0.9532671629445822, 'num_correct': 2305, 'num_example': 2418}
2022-08-28 Sunday 22:27:52:INFO: {'type': 'metric', 'label': 'validation_precision', 'epoch': 11, 'value': 0.9724137783050537, 'positive': 1128.0, 'total': 1160.0}
2022-08-28 Sunday 22:27:52:INFO: {'type': 'metric', 'label': 'validation_recall', 'epoch': 11, 'value': 0.9330024719238281, 'positive': 1128.0, 'total': 1209.0}
2022-08-28 Sunday 22:27:52:INFO: Epoch: 12
2022-08-28 Sunday 22:27:52:INFO: LR: 0.001
2022-08-28 Sunday 22:30:03:INFO: {'type': 'metric', 'label': 'training_loss', 'epoch': 12, 'value': 0.009015622968180922, 'sum': 616.6686110235751, 'num_example': 68400}
2022-08-28 Sunday 22:30:03:INFO: {'type': 'metric', 'label': 'training_dist_target', 'value': (0.004358268791477962, 0.004398030476611957), 'epoch': 12}
2022-08-28 Sunday 22:30:03:INFO: {'type': 'metric', 'label': 'training_acc', 'epoch': 12, 'value': 0.9971637426900585, 'num_correct': 68206, 'num_example': 68400}
2022-08-28 Sunday 22:30:03:INFO: {'type': 'metric', 'label': 'training_precision', 'epoch': 12, 'value': 0.9964669346809387, 'positive': 34127.0, 'total': 34248.0}
2022-08-28 Sunday 22:30:03:INFO: {'type': 'metric', 'label': 'training_recall', 'epoch': 12, 'value': 0.9978654980659485, 'positive': 34127.0, 'total': 34200.0}
2022-08-28 Sunday 22:30:04:INFO: {'type': 'metric', 'label': 'validation_loss', 'epoch': 12, 'value': 0.2042565159530458, 'sum': 493.8922555744648, 'num_example': 2418}
2022-08-28 Sunday 22:30:04:INFO: {'type': 'metric', 'label': 'validation_dist_target', 'value': (0.04307987051033796, 0.046145049474572625), 'epoch': 12}
2022-08-28 Sunday 22:30:04:INFO: {'type': 'metric', 'label': 'validation_acc', 'epoch': 12, 'value': 0.9574028122415219, 'num_correct': 2315, 'num_example': 2418}
2022-08-28 Sunday 22:30:04:INFO: {'type': 'metric', 'label': 'validation_precision', 'epoch': 12, 'value': 0.9585406184196472, 'positive': 1156.0, 'total': 1206.0}
2022-08-28 Sunday 22:30:04:INFO: {'type': 'metric', 'label': 'validation_recall', 'epoch': 12, 'value': 0.9561620950698853, 'positive': 1156.0, 'total': 1209.0}
2022-08-28 Sunday 22:30:04:INFO: Calculating recall rate: sun2011
2022-08-29 Monday 00:19:12:INFO: RR calculation - 500 duplicate reports were processed
2022-08-29 Monday 01:57:21:INFO: RR calculation - 1000 duplicate reports were processed
2022-08-29 Monday 03:40:38:INFO: RR calculation - 1500 duplicate reports were processed
2022-08-29 Monday 05:22:03:INFO: RR calculation - 2000 duplicate reports were processed
2022-08-29 Monday 07:00:11:INFO: RR calculation - 2500 duplicate reports were processed
2022-08-29 Monday 08:42:25:INFO: RR calculation - 3000 duplicate reports were processed
2022-08-29 Monday 10:20:29:INFO: RR calculation - 3500 duplicate reports were processed
2022-08-29 Monday 12:04:32:INFO: RR calculation - 4000 duplicate reports were processed
2022-08-29 Monday 13:37:41:INFO: RR calculation - 4500 duplicate reports were processed
2022-08-29 Monday 15:16:26:INFO: RR calculation - 5000 duplicate reports were processed
2022-08-29 Monday 16:46:47:INFO: RR calculation - 5500 duplicate reports were processed
2022-08-29 Monday 18:17:24:INFO: RR calculation - 6000 duplicate reports were processed
2022-08-29 Monday 18:57:14:INFO: [] Throughput: 0.08460197469897313 bugs per second (bugs=6229 ,seconds=73627.12303304672)
2022-08-29 Monday 18:57:14:INFO: {'type': 'metric', 'label': 'recall_rate', 'k': 1, 'rate': 0.27323807994862737, 'hit': 1702, 'total': 6229, 'epoch': 0}
2022-08-29 Monday 18:57:14:INFO: {'type': 'metric', 'label': 'recall_rate', 'k': 2, 'rate': 0.3583239685342752, 'hit': 2232, 'total': 6229, 'epoch': 0}
2022-08-29 Monday 18:57:14:INFO: {'type': 'metric', 'label': 'recall_rate', 'k': 3, 'rate': 0.4103387381602183, 'hit': 2556, 'total': 6229, 'epoch': 0}
2022-08-29 Monday 18:57:14:INFO: {'type': 'metric', 'label': 'recall_rate', 'k': 4, 'rate': 0.4477444212554182, 'hit': 2789, 'total': 6229, 'epoch': 0}
2022-08-29 Monday 18:57:14:INFO: {'type': 'metric', 'label': 'recall_rate', 'k': 5, 'rate': 0.4800128431529941, 'hit': 2990, 'total': 6229, 'epoch': 0}
2022-08-29 Monday 18:57:14:INFO: {'type': 'metric', 'label': 'recall_rate', 'k': 6, 'rate': 0.5052175309038369, 'hit': 3147, 'total': 6229, 'epoch': 0}
2022-08-29 Monday 18:57:14:INFO: {'type': 'metric', 'label': 'recall_rate', 'k': 7, 'rate': 0.5254454968694815, 'hit': 3273, 'total': 6229, 'epoch': 0}
2022-08-29 Monday 18:57:14:INFO: {'type': 'metric', 'label': 'recall_rate', 'k': 8, 'rate': 0.5414994381120565, 'hit': 3373, 'total': 6229, 'epoch': 0}
2022-08-29 Monday 18:57:14:INFO: {'type': 'metric', 'label': 'recall_rate', 'k': 9, 'rate': 0.556590142880077, 'hit': 3467, 'total': 6229, 'epoch': 0}
2022-08-29 Monday 18:57:14:INFO: {'type': 'metric', 'label': 'recall_rate', 'k': 10, 'rate': 0.5692727564617114, 'hit': 3546, 'total': 6229, 'epoch': 0}
2022-08-29 Monday 18:57:14:INFO: {'type': 'metric', 'label': 'recall_rate', 'k': 11, 'rate': 0.5819553700433456, 'hit': 3625, 'total': 6229, 'epoch': 0}
2022-08-29 Monday 18:57:14:INFO: {'type': 'metric', 'label': 'recall_rate', 'k': 12, 'rate': 0.5912666559640392, 'hit': 3683, 'total': 6229, 'epoch': 0}
2022-08-29 Monday 18:57:14:INFO: {'type': 'metric', 'label': 'recall_rate', 'k': 13, 'rate': 0.6000963236474555, 'hit': 3738, 'total': 6229, 'epoch': 0}
2022-08-29 Monday 18:57:14:INFO: {'type': 'metric', 'label': 'recall_rate', 'k': 14, 'rate': 0.610049767217852, 'hit': 3800, 'total': 6229, 'epoch': 0}
2022-08-29 Monday 18:57:14:INFO: {'type': 'metric', 'label': 'recall_rate', 'k': 15, 'rate': 0.6195215925509713, 'hit': 3859, 'total': 6229, 'epoch': 0}
2022-08-29 Monday 18:57:14:INFO: {'type': 'metric', 'label': 'recall_rate', 'k': 16, 'rate': 0.6272274843474073, 'hit': 3907, 'total': 6229, 'epoch': 0}
2022-08-29 Monday 18:57:14:INFO: {'type': 'metric', 'label': 'recall_rate', 'k': 17, 'rate': 0.6333279820195858, 'hit': 3945, 'total': 6229, 'epoch': 0}
2022-08-29 Monday 18:57:14:INFO: {'type': 'metric', 'label': 'recall_rate', 'k': 18, 'rate': 0.6391074008669129, 'hit': 3981, 'total': 6229, 'epoch': 0}
2022-08-29 Monday 18:57:14:INFO: {'type': 'metric', 'label': 'recall_rate', 'k': 19, 'rate': 0.6436025044148338, 'hit': 4009, 'total': 6229, 'epoch': 0}
2022-08-29 Monday 18:57:14:INFO: {'type': 'metric', 'label': 'recall_rate', 'k': 20, 'rate': 0.6490608444373094, 'hit': 4043, 'total': 6229, 'epoch': 0}
2022-08-29 Monday 18:57:14:INFO: {'type': 'metric', 'label': 'MAP', 'value': 0.37072709127396186, 'sum': 2309.2590515455086, 'total': 6229, 'epoch': 0}
2022-08-29 Monday 18:57:14:INFO: [2, 73, 21, 7, 2, 1, 9, 4, 2, 53, 2, 3, 2, 2, 6, 37, 1, 4, inf, 470, 1, 3363, 14, 3, 76, 99, 378, 1, 164, 651, 5, 5, 2, 34, inf, 25, 7, inf, 1, 1, 1, 1, 2, 926, 3, 1, 883, 3, 21, 3, 3, 19, 31981, 2, 6, 135, 1, 1, 343, 1, 13, 1, 43, inf, 1, 9, inf, 34, 47, 155, 4, 25, 1149, 3, 166, 48, 56, 15, 1, 2, 16, 12, 1, 2, 2008, 1, 1, 1, 84, 14926, 5, 690, 5, 4, 23, 1, 8, 1, 1, 5526, 1, 35, 15048, 2957, 773, 21, 4, 16, 27, 107, 1, 1, 225, inf, 1, 1, 1, 15, 1, 1, 2, 2, 655, 2, 1, 1, 1, 1, 230, 2, 53, 1, 104, 177, 102, 103, 8, 6, 4, 72, 1, 19, 465, 14, 27, 17, 4, 32, 1, inf, inf, 8, 32, 64, 4, 2, 762, 1, 463, 50, 1, 38, 1, 20, 6, 1, 9, 86, 14, 6, 4, 15, 1, 1, inf, 1, 2, 3, 4, 24, 1, 1, 2, 158, 7, 1, 145, 8, 49, 1, 10, 15, 12, 17, 487, 7, 4, 1, 6, 35, 1, 70, 9, 7, 148, 6, 16, 1, 14, 6, 12, 1, 6, 34, inf, 29, 9, 17047, 4, 48, 1, 1, 218, 1, 2, 3, 3, 4, 10, 5886, 1, inf, 1, 2, 1, 1, 67, 73, inf, 4, 2, 2, 1, 10, 15, 2, 14, 8, 2, 1, 6, 774, 1, 1, 1, 1, inf, 31, inf, 1, inf, 39, 10, 9, 2, 1, 212, 1, inf, 3149, 9, 20, 1, 1, 1, 44, 3, 2, 94, 6, 12, 2, 1, 6, 43, 34, 1, 2, 4, 1, 61, 82, 7, 28, 3493, 1195, 2, 61, 1, 7485, 1, 1, 6, 1, 14, 219, 28, 1, 1, 1, 51, 262, 13, 1, 8211, 1, 18, 1, 23, 11, 1, 5, 1, 2, 1, 445, 3, 843, 108, 8, 161, 2, 1, 2, 1, 1, 1, 4, 5, 7, 40, 12, 1, 8, 74, 1, 2, inf, 4875, 6, 494, 11, 3, 33, 4, 1, 153, 580, 10, 3, 119, 28, 11, 1, 826, 256, 3, 12, 43, 4, 5, 1, 1, 1, 1, 13, 5, 3, 240, 25, 14, 1, 1, 28, 164, 72, 60, 1, 166, 12, 303, 8, 32, 1, 136, 2, 8, 6, inf, 2, 2, 5, 36, 141, 1, 73, 1, 40, 6, 1, 2491, inf, 1, 537, 17, 3, 10, 5, 27, 2, 889, 73, 2, 1, 1, 1, 22, 1, 1, 35, 3, 1, 17, 5, 1, 16, 32, 57, 43, 1, 19, 1, 147, 85, 11, 274, 13, 2, 2659, 1, 1, 99, 1, 247, 1, 5, 1, 386, 3, 46, 2, 35, 6, 5, 1, 2228, 2, 14, 1, 5123, 1, 7058, 16, 2, inf, 89, 2, inf, 24, 3, 1, 1490, 48, 42, 2, 2, 620, 7, 7, 6, 47331, 16, 244, 3, 118, 1, 23, 2, 14, 347, 3, 1, 16, 193, 11, 568, 3, 20, 130, 4, 1, 24, 224, 13, 4, inf, 17, 1, 1, 2, 60, 5, 5, inf, 34, 1, 13, 3, 7, 12, 1, 1, 29, 6, 141, 1729, 1, 2, 1, 736, 1, 3, 38, 13, 42, 636, 5, 56, 1, 1, inf, 358, 6, 1, 9, 35497, 2, 17, 5, 5, 1, 14, 1, 64, 1, 17, 70, 1, 17, 1452, 212, 1, 17, 20, 1, 1, inf, 123, 15, 3, 33, inf, inf, 2, 5597, 3, 7, 4, 3, 205, 1, inf, inf, 6, 1, 2, 1, 17, 1, 3340, 1, 1, 1, 13, 6, 43, 10, 3, 12, 1935, 582, 11, 666, 30, 1, 2, 85, 19, 165, 19, 1, 1, 1, 1, 5, 35, 44, 29, 25, inf, 73, 2, 132, 1, 203, 57, inf, 9, 1, 1, 1, 1, inf, 1, 12, inf, 5, 23, 2565, 9, 3, 6, inf, inf, 400, 1, 100, 3, 3, 1, 3, 3, 2, 13, 392, 2, 31, 2, 3, 1, 156, 310, 23, 9, 1, 1, inf, 1, inf, 4, 488, 38, 1787, 2, 3, 62, 53, 7, 2, 31, 12, 376, 15, 2, 1, 1, 1, 23, 146, 36, 8, 1, 6891, 3, 1, 11, 1, 7, 45, 35, 21, 737, 52, 1, 2, 139, 1, 18, 9, 65, 3, 115, 4, 4, 1, 246, 2, 8, 13, 4, 177, 1, 5, 92, 120, 11546, 1, 10, 571, 168, 3, inf, 1, 264, 306, 1, inf, 9, 25, 5, 7, 394, 1, 9, 10, 2, 1, 9, 4, inf, inf, 64, 2, 20, 17, 24, 2, 1434, 5, 13, 1, 33, 368, 274, 179, 63, 86, 1, inf, 1, 2, 73, 18075, 6, 484, 1, 12, 4, 1, 1, inf, 13, 1, 60, 405, 144, 67, 3, 3, 1, 4, 10, 1, 13, 5, 10, 6, 456, 1, 3, 1, 1, 67, 10, 1, 2, 868, 6, 18, 4, 184, 110, 91, 15, inf, 4, 1, 1, 6, 384, 1, 166, 1, 34, 2, inf, 2, 2267, 43, 104, 411, 9, 107, 2, 1, 1, 1, 2, 18, 19, 549, 114, 6, 1, 2, 22, 62, 12835, 2, 111, 10, 18, 1, 4, 7123, 762, 1121, 1256, 6, 1, 1, 1, 3, 1, 349, inf, 91, 5, 2, 153, 40, 1, 3, 2, 15, 7, 2, 26, 896, 260, 3, 1, 3, 5, 1, 12, 10, 4, 9, inf, 2, 1, 1, 1, inf, 7, 1, 15, 5, 28, 88, 31, 1, 3309, 136, inf, 4, 160, 34, 135, 1, 1, 11, 45, 21, 1, 1, 28, 10, 1851, 1, 80, 379, 37, 11, 2, 410, 3, 73, 43, 1, 1, 26, inf, 3, 2, 2, 56, 2, 1, 1, inf, 12, 1, 18, 949, 1, 3, inf, 24, 13, 1, 1, 4, 73, 1, 6, 180, 1, 105, 71, 1, inf, 20, 4, 6, 8, 1, 2, 12, 561, 26, 2, 1, 2, 12, inf, 370, 2, 5, 1, 135, 1, inf, 57, 11, 1, 24, 478, 9, 51, 1, 4, 2, 825, 1, 1, 3, 3, 654, 6, 2, 2, 5, 1, 6, 2, 6, 38, 8, 22, 426, 1, 1, 4595, 4, 3, 1, inf, 55, 9, 3, inf, 1, inf, 1, 4, 1, 2, 7, 8, inf, 9, inf, 28, 7, 4, 112, 1, 146, 1, 112, 22, 2, 1, 1, 1, 45, 19, 1, 25, 3, 7, 73, 1, 1, 11, 1019, 1, 2, 1, 16, 936, 2, 281, 16, inf, inf, 1, 1, inf, 4, 1, 324, 1, 12, 1, 52, 9, inf, 2, 5, 115, 31, 3, 5, 8, 219, 2, 1, 8, 248, 6, 18, 82, inf, 1, 7, 75, 10, 1, 5, inf, 2383, 1, 1, 3577, inf, 30, 1, 7, 6, 158, 781, 5, 5, 4, inf, 2, 5, inf, 15, 128, 11, 30796, 11, 6, 6, 312, 55, 1, 15, 10932, 1, 26, 1, 2, inf, 157, 1, 2, 244, 3, 14, 3, 3604, 1, 129, 8, 1, 4, 199, 14, 8, inf, 12, 121, 2, 27, inf, inf, 1, 2, 1, 1, 410, 2, 1, 17, 131, 14, 1, 119, 2, 1, 231, 71, 1, 1, 1, 1, 1, 23, 80, 155, 17, 28, 1, 1, 1, 694, 4, 1, 2, 2, 2, 198, 15, 3, 1, 1, 1282, 1, 53, 30, 16, 1, 1276, 1, 13, 2, 39, 76, 1, 30, 7, 1, 27, 485, 4, 2, 1, 1, 3, 1, 1, inf, 32, 2, 1, 5412, 1, 3, 1, 3, 1, 110, 2, 5, 1, 164, 15, 292, 6, 4, 4, 1, 8360, 2, 3351, 1, 137, 12, 1, 181, 5, 2784, 5, 1, 1, 1, 1, 41, 4, 49, 4, 44, 104, 78, 56, 1, 36, 1, 1, 14, 1, 1, 2, 202, 1, 5, 17, 30, 1, 16, 3074, 3, 214, 3, 2, 18, 17, 48, 318, 55, 2, 21735, 1, 4, 1, 1806, 3, 1, 2, 1, 8, 58, 1, 215, 62, 48, 99, 1, 1, 3, 1, 1, 1, 4, 1, 20713, 45, 19, 5, inf, 23, 2, 25, 2, 20, 21, 14, 7, 11, 2, 14, 1, 826, 1, 32622, 11, 3, 3, 1296, 14, 2, 272, 9, 12, 31, 14, 2, 3, 1056, inf, 4484, 440, 1, 4, 36, 48, 1, 22, 106, 2, 1, 2, 11, 2, 13, 52, 1, 41, inf, 116, 7, inf, 155, 1, 1, inf, 1, 4, 16, 1, 2, 14, 3, 1, inf, 2, 1, 1861, 28, 1, 68, 58, 1, 2, 4, 69, 33, 1, 1, 9, 39, 42, 1, 2, 2, 243, 3, inf, inf, 4, 1, 5323, 118, 119, 1, 428, 1, 1, 1, 4, 4, inf, 6, 1, 1, 3005, 1, 1, 2, 2, 1, 1, 2, 11, 2, 39, inf, 1, 14, 34, 1, 1, 1, 1, 1, 9, 73, inf, 145, 126, 5981, 429, 32, 47, 1, 3, 1, 2, 3, inf, 8, 40, inf, 30, 15, 11, 2, 13, 1, 44, 1, 55, 311, 1, 8, inf, 12, 2, 106, 5, 1, 3, 6, 1, inf, 1, 1, 99, inf, inf, 1, 69, 1, 4397, 1, 1, 3, inf, 3, 40, 1, 289, 1978, 2, 25, 51, 1, 1, 1, 95, 1, 38, 40, 1, 1, 2, 366, 1, 69, 1, 337, 309, 21, 2, 5, 1040, 1, 1, 1, 1, 1, 3058, 1, 3, 1, 1, 53, 1, 7, 8, 9, 1084, 1, 1, 9, 410, 1, 2, 3, 1, 1, 1, 94, 1, 2, 1, 2, 3, 1, 2, 1, 1, 9, 94, 4118, 2, inf, 2, 29, 1, inf, 28, 1586, 1, 23, 31, 416, 315, 59, 10, 409, 4, 232, 22, 2244, 3, inf, 1, 655, 60, 2, 1, 1, 1, 2, 3, 1, 1, 1, 6, 8, 12, 8, 4, 12, 1, 1, 37, 1, 1, 1, 3058, 77, 34, 5, 1, 1, 1, 10514, 1159, 1, 52, 6, 2, 5, 3, 4, 4, 107, 5, 52, 2, 187, 14, inf, 2, 21, 331, 6841, 44, 29, inf, inf, 5, 1, 41, inf, 1, 20, 2, 5, 4, 50, 1350, 2, 34, 68, 2, 79, inf, 81, 15, 4, 7, 26, 1, 2, 17, 1, 7, 8, 66, 6, 39, 8, 759, 7, 10, 1, 1, 19, 10, 727, inf, 1, 7, 1, 3, 2, 10, 1, 110, 1, 235, 18, 15, 15, 1, 2, 16, inf, 2, 87, 118, 25, 1, 1298, 74, 91, 1, 15, 209, 6, 12, 5, 30, 1, 423, 9, 50, 2211, 41, inf, 103, 1, 136, 1, 116, 29, 197, 56, 5, 34, 119, 6, 1, 16, 11, 21, 21, 40, 1, 16, inf, 2, 3, 14, 1, 69, 28, 21, 11484, 67, 1, 1, 23, 1, 7, 29, 1, 1, 4, 16, 1, 1, 2, 7, inf, 4, 7, 3, 6, 12, 1, 35, 7, 7, 1, 1, 8, 47, 1, 47, 5, 3, 13, 4, 1, 1, 39, 1, 4, 133, 466, 101, 139, 10, 2, 1, 2, 82, 1, 1, 5, 101, 198, 6, 1, 41, 2, 1, 2, 602, 1, 1, 1, 281, 1, 23, 1, 1, 37673, 3, 46, 68, 125, 1, 1, 2, 1, 39, 178, 111, 4, 12, 4, 801, 1, 1, 6, 1, 87, 3, 4, 2, 6, 105, 6, 14, 2, 1, 1, inf, 2, 102, 1, 1, 23369, 77, 18, 12, 94, 4, 1, 1, 1, 4, 23, 100, 54, 21, 1, 2, 5, 1, 1, 2, 40, 14, 9, 1727, 2, 1, 3, 1, 7, 6, 9, 4, 4, 10, 2, inf, 1, 22268, 22, 13, 76, 3, 3, 1, 16, 14, 1, 711, 2, 8, 9, 3, inf, 1, 2, 42, 3, 89, 70, 1, 1, 19, 2, 1344, 3, 111, 7933, 40, 38, 2, 1, 236, 133, 1, 1, 2, 188, 5, 2, 11, 11, 1, 3143, 1, 1, 2, inf, 2, 17, 2, 3, 1, 13, 1, 7, 3, 13, 225, 744, 2, 26, 2, 2, 34, 70, 1, inf, 89, 7, 1, 2, 9, 2, 2, 4, 13, 2, 1, 4, 297, 1, 1, 74, 1, 1, 8, 38, 1229, 9, 1013, 4, 2, 559, 19, 169, 5, 1, 1, 1, 7, 19, inf, 75, 1, 37, 145, 22, 4, 46, 2, 2, inf, 11, 42, 86, inf, 1, 20, 1839, 4, 109, 2, 1, 1, inf, 3, 5, 60, 180, 2, 1, 179, 11, 1816, 17, 410, 1, 22, 1, 1, 1, 7, 6, 111, 1, 76, 158, 1, 6564, 14, 11, 53, 2, 1, 21, 4, 16, 1, 1, 1, 22, 5, 8, 1, 2, 106, 1, 7, 1545, inf, 4, 1, 54, inf, 1, 99, 6, 7, 1, 1, 5, inf, 76, 2, 278, 10, inf, 19, 261, 7, 1, 5, 4, 554, 31, 8, 29, 21, 1, 219, inf, 4, 1, 5, 17, inf, 1, 5, 2, 77, 1, 16, 1, 303, 1, 39, inf, inf, 1238, 4, 1, 2, 3, 77, 2, inf, 1, 3, 1, 1, 1, 3, 1, 5, 1, 68, 4, 19, 1, 1, 1, 4, 4, 457, 81, 4, inf, 1, 329, 1, 11, inf, 279, 6, 1, 98, inf, 1, 1, 1, 1, 1, 1, 2253, 1, 1, 1, 1, 5, inf, 10, 2, 1, 24145, inf, 11, 4, 1, 23, 2, inf, 42, 1072, 15, 2, 2, 52, 25, 34, 7, 5, 83, 172, 1, 14, 1, 1, 50, 115, 71, inf, inf, 3, 20, 47, 24, 2, 3, inf, 7, 5, 1911, 3, 1, 808, 1, 1, 5, 15, 12, 4, 3, 18, 5, 1, 3, 1, 15, 1, 34, 1, 2, 1, 51, 19, 78, 1, 9, 3339, 3, 1, 1, 6, 3, 1, 1, 957, 10, 6, 25, 1, 1, inf, 1, 5, 2, 1, inf, inf, 7654, 35, 2, 1, 2, 259, 20, 31, 7, 2, 6338, 2, 41, 2, 2303, 2, 1636, 1, 1, 1, 1, 1, 1, inf, 1, 1, 7, 1, 1, 45, inf, 84, 1, 116, 36, 2185, 28, 22, 2, 1, 5, 1, 30, 1, 50, 8, 11, 2, 1, inf, 900, inf, 1, 60, 1, 22205, 1, 2, 1, 5, 3, 1, 11, 1, inf, 4, 11, 2, 1, inf, 11, 16, inf, 36756, 49, 1, 59, 1, 1, 1, 1, 3, 7, 2, inf, 1, 35, 2, 1, inf, 1, 14, 3635, 1, inf, 2, 119, 3, 6, 1, 69, 16, inf, 2, 2, 3, 4, 1190, inf, 10, inf, 15, 3, 428, 14, 306, 4, 3, 13, 11233, 618, 863, 1, 1, 1, 859, 1, inf, 1, inf, 6, 12, 5, 2, 237, 386, 1, inf, 55, 6, 1, 1, 229, 34, 1, 138, 26, 10, 7, 1, 3, 26, 1, 1, 3, 3, 1, 3, 1, 1, 18, 1, 1, 1, 5, 5, 3, inf, 20, 1, inf, inf, 1, 114, 13414, 187, 4, 4, 1, 11, 2, 1, 3, 2, 10, 11, 1, 1, 2, inf, 130, 12, 6, 7, 4185, 15, 42, 1, 7, inf, 1, 87, 1, 1, 75, 19, 8, 1, 1, 1, 1, 1, 1, 1362, 1, 303, 4229, 1, 9, 141, 28, 6, 11, 1, 1937, inf, 10, 1, 5, 1, inf, 9, 214, 368, 1, 391, 1, 5, 3, 1, 2, 19, 11, 1, 1, 1, 2324, 3, 56, 167, 224, 1, 1, 241, 1973, 2, 21, 31, 121, 1, 5, 3, 27, 6, 53, 226, 35766, inf, 1, 64, 10, 1, 5, 1, 30308, 8036, 294, 131, 33, 1, 2, 42, inf, 1, 666, 2, 17, 9, 461, 9, 40, 112, 1, 17, 127, 68, 23, 53, 53, 53, 53, 5, 9, 1, 53, 971, 294, 1, 6, 1, 13, 3, 1, 1, 22, 2, 27, 1, 1, 1, 348, 10, 867, 3, 1, 1, 6, inf, 18, 1, 10, 1, 1, inf, 1077, 185, 11, 1, inf, inf, 20, 1, inf, 1, 1, 1, 24, 11, 1107, 116, 2, 1, 14, 10, 7, 1, 32, 6, inf, 48, 1, 29, inf, 1, inf, 1, 2, 5, 3, 9, 39, 48, 5, 649, 1, 5, 3373, 1, 1, 1, 2, 10204, 1, 10, 10, 1, 1, 4, 19, 60, 341, 6386, 89, 274, 2, 599, 2, 20, 5, 22, inf, 315, 7, 187, 23, 278, 1, 1, 53, 73, 6, 27432, 2, 201, 1, 3, 105, 24, 40, 6, 1, 1, 78, 1, 24, 119, 1, 1, 3, 8, 2, 2, 6, 1, 6, 1, 7, 1, 1, 80, 3, 21, 708, 20, 2, 1, 1, 3, 90, 1, 10, 114, 11, 2, 1, 94, 311, 1024, 1, 1, 2, 5, inf, 1057, 1, 16, 5, 11, 2, 208, 1, 1, 2247, 1, 1, 3, inf, 1, 1, 2, 5, 2, 99, 1, 1, 20, 7, 1, 9, 1, 1, 9, 2, 1, 1, 1, 2, 1, 236, inf, 290, inf, 5, inf, 1, 24, 2, 4, 6, 1, 1, 2, 4, 1, 4, 1, 3, 78, 1, 2, 53, 111, 5, 12, 2, 1, 1, 6, 989, inf, 3, 1, 13, inf, 1, 430, 1, 4, 1, 5, 2, 35, 195, 1, 40, 1, 6, 8, 130, 1, inf, 72, 977, 28, 184, 9, 15, 72, inf, 2, 2, 1, 1, 32, 1, 2, 3, 15, 1, 2, 1, 127, 7, 5, 1, 834, 20, 67, 2, 1, 24, 3, 1, 15, 130, 1156, 267, 111, 27, 3, 1, 22, 5, 5, 1, 1, 65, 1, 1, inf, 1, 5, 24, 8, 26, 1, 9805, 370, 3322, 1, 10, 40, 85, 2153, 1, 1274, 5, 770, inf, 1, 1, 207, 1, 5, 13005, 37, 30, 1, 1, 1, 11, 3364, 457, 1, 1, 1700, 15, 4, 38, 1, inf, 20, 2, 3, 2, 5, 5, 25, 32, inf, 4, 373, 68, 1, 14, 11, 669, 30, 1, 604, 1, 4, 8, 1, 1, 3, 3, 27, 1, 1, 344, 28476, 1, 488, 3082, 182, 13, 2, 1, 3, 21, 31, 1, 1, 2, 6, 489, 1, 4, 4, 1, 90, 1, 14, 142, 1, 78, 7, 91, 4, 1, inf, 10, 14, 1, 1, 244, 1, 1541, 1, 37, inf, inf, 5, 265, 30, 1, 1, 2, 3, 1, 1, inf, 1, 1, 1, 10, 1, 4, 2, 144, 2, 1, 43, 1, 1, 7, 6, 1, 3, 2, inf, 1247, 3, 2, 1, 5, 3, 9, 15, 211, 1, 7, 14, inf, 21, inf, 120, 2, 1, 1, 14208, 278, 10, 1221, inf, 1, 1, 2, 2, 1215, 8, 2, inf, 1, 1, 155, 3, 9, 6, 33, 1725, 12, 1, 12, 13, 1, 51948, 17890, 3, 1, 1, 74, 1, 1, 2, 1, 2, 2, 2, 1, 21, 5, 122, 3, 1, 3, 3, 2, 2, 13, 1, 1, 1388, 14, 2, 14, 19, 3, 2, 2, 1, 37, inf, 7, 62, 1, 1, 3, 8, 5, 2, 1, 97, 1, inf, 49, 54, inf, 2, 62, 1, 108, 15, 11702, 2, 1717, 6, 1, 163, 2, 1, 1082, 1, 20, 1, 3, 1, 3613, inf, 13, 3, 77, 2, 565, 5, 55, 5297, 1, 2, 3986, 94, 65, 66, 2, 3, 7, 1, 3, 35, 9, inf, 1, 1, 64, 2, inf, 7, 1262, 13, 2, 18793, 3173, 4338, 623, 1, 1, 2, 1, 4, 5, 1, 5, 15, 1782, 2, 1, 2, 465, 1, 1, 1, 17, inf, 586, 2, 2, 1, 213, 3, 1, inf, 17, 2196, 4, 1, 17, 2, 2, 6, 8, 1, 11, 3, 18, 55, 1, 12, 198, 42, 1, 1, 1, 1, 1, 1, 2, 1, 3, 1, 2, 2, 2, 21, 8, 2452, 18, 1, 1, 2, 1, 95, 1, 11, 4, 539, 1516, 1, inf, inf, 15, 2, inf, 1, 15, 5, 917, 5, 1, 556, 171, 2, inf, 1, 1, 1, 157, 98, 2, 28717, 1, 1, 1, 10, 1, 7, 3, 1, 6, 1, 36, 92, inf, 16, 2, 499, 66, 1, 6, 3, 3, 1, 2, 94, 1, 45, 10, inf, 1, 1, 1, 1, inf, 27, 23, 3, 4, 4, 1, 1, 129, 13, inf, 17, 6, 1, 1, 9, 115, 83, 708, 38, 2, 1, 3, 1, 1, 4, 1034, 1, 114, 5, 4, 1, 7, 4, 7, 98, 2, 40, 4, 1, 1, 2, 10, inf, 1, 80, 61, inf, 1, 1, 2, inf, 1, inf, 237, 17, 3645, 2, 909, 1, 1, 1, 1, 1, 37, 6, 3, 123, 2811, 11, 23, 53, 32, 569, 368, 13, 4, 1, 1, 1, 2, 4, 2, 18, 234, 4, 146, 323, 1, 9, 1, 4, inf, 1, 11, 9, 26, 3, 30, 5, 6, 1, 7, 88, 1, 5, 4, 1, 6, inf, inf, 7, 1, 48, 1, inf, 566, 4, 2, 32, 1, 5, 1, 2, 206, 15, 44, 20, 2, 4, 9, 116, 94, 1, inf, 1, 1, 21503, 3, 1, 10, 41, 608, 2, inf, 1127, 9, 5, 1, 2, 1, 3, 2, 10, 140, 7, 1, 7, 1, 1, 3, 22, 16, 44, 12, 4, 22, 15, 1236, 101, 52, 16, 8, 1, 1, 1, 1, 2, 6, 8, 77, 9, 1, 1, 14, 50, 1, 2, 156, 1, 1, 1, 761, 16, 23, 257, 31, 2, 16, 101, 1, 3, 1, 1, 1, 3347, 1, 1, 909, 11, 2632, 1, 1, 1, 59, 1, 1, 1, 2191, 1, 8, 9, 5, 3, 2, 1, 2, 1, 156, 7, 1, 14, 1, 5387, 23, 16, 11, 1, 102, 649, 5, 1, 1, 1, 172, 30314, 5, 1, 10713, 1, 2, 925, 785, 43, 6, 58, 1, 1, 1, 3, 2, 1, 6, 15, 1, 107, 2, 4, inf, 1, 271, 113, 3, 12, 2214, 11, 8, 8, 25, 17, 14, 1, 1, 3, 42, 57, 6, 124, 1, 2, 16, 7, 1, 2, 19, 32, 31, 6, 5, 16, 1, 31, 7, 27, 9, 19, 7, 8, 7, 3, 14359, inf, 39, 3, 62, inf, 4, 146, 1, 1, 5, 176, 1, 3, 104, inf, 7, 1, 6, 1, 3, 1, 11, 2, 98, 1, 128, 276, 2, 2, 48, 135, 3, 145, 1, 1, 33, 1, 50, 33, 1909, inf, 14, 4, 13, 6, 32, 30, 9, 4, 1, 1, 2, 1, 2, 1, 1, 1, 2, 15, 5, 485, 9, 1, 36, 30, 259, 204, 10, 113, 56, 1, 1, 1, 6, 144, 2204, 260, 1, 245, 483, 5, 2739, 5, 11, 1, 10, 1, 3, 8, 1, 144, 3, 71, 1, 1, 4, inf, 3, inf, 6, 1, 7, 1, 6, 1, 9, 7, 20, 35, 1, 324, 17, 1, 1298, 4, 1, 5, 11, 3, 404, 1, 2, inf, 1, 4, 1, 2, 1, 26, inf, 1, 13, 1, 2, 2, 37, 23, 3, 1, 104, 1, 5, 1, 22, 5, 3905, 49, 866, inf, 13, 3, inf, inf, 4, 3, 1, 5, 450, 27, 5, 10, 22, inf, 1, 1, 46, 246, 18, 87, 53, 1, 5, 64, 19, 4, 8, 4, 6, 22, 4, 371, inf, 1, 7, 3, 2, 1, 11, 1, 101, 10, 1, 1260, 1, 1, 1, 16, 38, 3, inf, 7, 1, 4, 2, 1, 2, 13, 1, 436, 17, 2, 2, 2, 21, 45, 3, 2, 5, 116, 2213, 1, 5795, 1, 1, 548, 1, 3, 570, 14, 8, 4, 13, inf, 1, 89, 23, 11, 29, 3, 1, 3, 30, 13, 20, 1, 236, 1, 1, 249, 4, 2, 6, 3, 2, 1, 3, 10, 40, 41, 5, 1, 671, 3, 1, 1, 19, 2, 234, 1, 28, 8, 6, 1, 2, 22, 18, 16, 9, 3216, 54, 6, 1, 2, 10, 1, 43, 1, 4, 35, 32, 19, 3, 503, 15, 1, 187, 3, 26, 16, 22147, 1, 3, 2, 1, 1, 2, 454, 42, 5, inf, 15, 10, 134, 8, 14, 4, 15, 1, 33, 1, 4, 41, 4, 16746, 8, 1, 4, 331, 1, inf, 1, 103, 6, 1, inf, 14, 590, 15, 2, 58, 1011, 307, 9, 2828, 7, 1, 144, 1, 48, 1, 460, 1, 1, 1, 1, 720, 2, 106, 8, 5242, 2, 1, 2, 2, 17, 129, 8, 1210, 1, 8, 36, 82, 13, 16, 3, 1996, 26, 755, 153, 1, 9188, 3, 3, 1, 8, 5, 86, 2, 2, 14, 14688, 5, 707, inf, 2, 1, 177, 1, 228, 1, 1, 180, 1, 1, 24, 1, 13996, 9, 1, 546, 18, 1, 1, 1, 3, 1, 1, 30, 1, 1, 6, 8, 8, 4, 96, 1, 5, 204, 2, 3, inf, 4, 1, 23, 13, 2, 4, 1, 3, 101, 1, 2, 1, 1, 46, 3, 29, 113, 1, 7, inf, 1, 50, 454, 1, 1, 1406, 1, 2, 2, 2, 8, 2, 1, 12, 2, 4, 2, 1, 1, 1, 54, 55, inf, 463, 1, 580, 1, 4, 165, 177, 4, 1, inf, 69, 5, 5, 1, 99, 227, 3, 8, 1, 1, 1, 3, 23, 38, 1, 1, inf, 7, 30, 2042, 1, inf, 2, 4, 9, 1, inf, 6, 18, 11, 109, 1, 5, 2, 4, 18, inf, 1, 1, 2, 241, 3, 1381, 3, 36, 101, 1, 103, 54, 3, 3, inf, 17, 1, 4, 29, 2, 1, 255, 1, 1, 103, 26, 48, inf, 1, 1, 759, 32, 3, 1, 1, 7, 22, 10, 14, 2, 12, 10, 136, 2, 111, 1, 11, 1, 2, 9637, 7, 1, 6, 45, 6, 11, 247, 12, 18, 100, 6, 1, 29, inf, 10, 5, 1, 7, 3162, 93, 7, 130, 5, 222, 8, 52, 1805, 1, 5, 11, 4, 6, 57, 3, 8, 12, 1, 1, 408, 277, 1, 1, 6, 65, 155, 70, inf, 20, 5, 1, 11686, 69, 4, 1210, 21, 266, 623, 7, 1111, 3, 1, 3, 44, 9, 1, 1, 5, 16, 72, 1, 1, 167, 490, 1739, 6, 449, 8, 1, 1, 3, 1, 3, 6, 1, inf, 2, 106, 2, 2, 14, 1, 1, 4, 15063, 4, 22, 14, 7, 1, 3, 92, 98, 51, 5, 504, 1, 43, inf, 1, 4, 1, 7, 1, 1, 8, 614, 20, 1, 1, 7, 13, 37, 64, 1, 5, 9, 1, 2, 1, 182, 4, 1, 3, 1, 4, 307, 1, inf, 1, 6, 9, 3, 60, 2, 1, 330, 6, 25, 20, 12, 26, 1, 3, 1, 1, 7, 2, 4, 11, 1, 3, 27, 503, 1, 1, 1, 6, 5, 4, 45, 123, 1, 26, 4, 2, 3, 5, 3, 8, 82, 1, 6, 51, 12301, 1, 1, 292, 1, inf, 20, 2314, 4, 351, 22, 87, 120, 9, 3, 1, 3, 19, 4, 2, 28, 37, 8, 17, 4, 1, 13, 5, 10, inf, 241, 1, 1265, 5, 5, 1, 2, inf, inf, 1, 2, inf, 1, 1, 57, 3, 1, 4, 23, 12, 10, 115, 2, inf, 1, 2, 1, 94, 1879, 114, 337, 324, 2, 41, 12, 126, 85, 1, 1, 3, 15, 1, 6, 126, 15, 1, 1, 23, 1, 314, 18, 553, 2, 5, 3, 106, 2, 1, 1, 8, 1, 7, 7, 2, 1, 174, 4, 3647, 1, 7, 39, 149, 1399, 2, 13, 3199, 1, 7, 2, 3, 1, 2, inf, 1, 1, 5, 1, 62, 11828, 1, 1, 34, 1, 48, 4, 11, inf, 15, 2424, 43, 2, 2, 1, 1, 7, 350, 38, 1, 2, 8, 1, inf, 1, 1, 2, 1, 16, 11, 1, 1, 117, 3, 3, 119, 31, 6, 6, 1, 19, 2, 1, 399, 27669, 1, 1, 21, 7, 282, 3, 29, 9, 3, 1, 28, 1, 6, 6, 67, inf, 52, 36, 2, 1, 1, 2, 30, 24, 4, 312, 91, 4, 10, 17, 36, 88, 59, 2, 5, 3, 260, 2, 1, 1, 1, 1, 1, 3, 1, 1, 1, 1, 1, 1, 1, 1, inf, inf, 16, inf, 34, 2, 2, 2, 12, 5, 1, 1, 1, 1, inf, 79, 32, 5, 1, 4, 1, 1, inf, inf, 5, 1, 2, 1, 1, inf, 1, inf, 1, inf, 8, 1, 2, 5, 1, 1, 1, 2, 9, 88, 5, 1, 1, 2, 7, 9, 2, 74, inf, 1, inf, 6, 21, 1, 2, 1, 1, 424, 135, 1, 1, 375, 1, inf, inf, 3, 60, 1, 1, 1, 1, 2, 127, 23, 1101, 9, 1, 1, 152, 1, 3, 1, 1, 6, 193, 70, 1, 37, inf, 1, 999, 2, 1, 1, 76, 1, 22, 1, 23, 2, 151, 1, inf, 96, 6, 63, 53, 23, 3, 1, 4, 184, 15, 4, 2, inf, 1, 246, 122, 1839, 457, 5, 9, 1, 8, inf, 4, 36, 5, 32, 22, 43, 9624, 209, 69, 2, 5, 1943, 3, 1696, 13, 1, 26, 1, 44, 3124, 8, 572, inf, 42, 1, 40, 195, 8, 18, inf, 1, 36, 7, 3, 530, 15, 2, 2, 5739, 2, 1, 2, 11, 5, inf, 1, 2, 48, 53, 4, 1, 32, 2, 5, 1, 1, 4799, 1, 1, 2, 8, 38, 5, 651, 21, 18, 1, 21, 8, 559, 1, 9, 17, 1, 1, 3, 1, 44, 576, 1, 3, 34, 15, 1, 2, 179, 8, 3, 7, 2, 600, 950, 41, 3, 2, 4, 65, 11, 1, 1, 1, 3, 116, 7, 2, 42, 23, 11, 57, 2, 33, 7, 1, 1, 27, 1, 1, 271, 6, 1, 289, 116, 30, 2, 1, 3, 50, 9707, 6, 110, 1, 1, 1, 8, 1, 47, 3, 1336, 5, 4, 2, 1, 2, 5, inf, 4, 93, 3, 1, 1, 3, 7, 2, 68, 16, 1, 1, 7, 3, inf, 1, 2, 1014, 1, 1, 4, 1, 1, 16, 198, 62, 8, 4, 7, 1, 18, 2, 65, 11, 23, 18, 1, 39, 7, 5, inf, 3644, 1, 29, 18, 22, 52, 18, 1, 1, 1, 18, 523, 88, 1, 3, 8, 4, 2, 1, 68, inf, inf, inf, 16, 16, 1472, 1, 445, 10, 3, 28, 1, 804, 113, 7, 364, 3, 2, 16, 1, inf, 5, 3, 1, 8, 1, 1, 208, 9, 41, 1, 213, 108, 12, 1, 1, 2, 58, 242, 27, 6, 31, 7, 65, 22, 1, 33, 2, 2, 79, 117, 3, 20, 10, 1, 8, 1, 4, 1, 4, 1, 1, 1, 2, 71, 1, 112, 9, 1, 1, 5, 3, 1, 5, 1, 5, 2, 7, 7, 1, 1, inf, 1, 1004, 130, 3, 3, 157, 85, 30, inf, 133, 2, 1614, 5, 3, 42, 2, 71, 144, 1, inf, 1, 12, 1, 1, 1, inf, 59, 13, 1, 1, 1, 14, 28, 2, 25, 1, inf, 1, 3, 60, 99, 24, 155, 7562, 30, 2, 8, 10, 14, 41, 98, 357, 1, 1, 1, 1, 27, 2, 67, 3, 3, 1, 1, 1, 1, 1, 320, 6, 10441, 8, 97, 3, 1, inf, 1, inf, 8, 81, 1, 1, inf, 25, 3, 3957, inf, 1, 2, 10, 1, 1, 1, 22, 3, 1, 9, 10, 1, 1, 615, 1, 1, 3, 1, 2, 57, 42, 242, 4, 1, 1, 1, 74, 1, 36, 16, 1, 10, 3, 1, 1, 35, 6, 1, 2, 33, 118, 1, 4, 8, 1, 2, 1, 5, 98, 1, 18, 2, 5, inf, 3, 2, 15, 3, 526, inf, 6, 85, 83, 4, 1, 1, 1, 194, 10, 12, 15, 1, 269, 4, 1, 1, 1, 1, 1, 5, 33, 16, 71, 1, 4, 1, 1, 1, 45, 12, 1, 1, 4, 1, 1, 6, 1, 87, 143, 1, 13, 4, 2, 25, 1, 31, 2025, inf, 1, 2, 6, 1, 1, 9, 9, 264, 1, 14, 15, 240, 1, 5, 230, 125, 58, 2, 9, 89, 1, 8365, 38, 5149, 11319, 1, 6, 4, 1, 1, 60, 139, 23, 26, 2, 1, 3, inf, 1, 67, 9, 3, 1, 1, inf, 3, inf, 12, inf, 1, 38, 1, 1943, 4, 10, 2, inf, 12, 2, 1, 1, 2, 1, 84, 1, 1, 54, 180, 18, 5, 1, 19, inf, inf, 1, 3, 1, inf, 10, 3, 3, 1, 10914, 2, inf, 29, 2994, 3, 39, 1603, 12, 63, 144, 21, 4, 27, 15, 1, 161, 77, 1, 2, 2, 2, 1, 7, 1, 1, 735, 26, 8, 1, 1, 1, inf, 1, 11, 1, 114, 1, 17, 2, 2, 1690, 2, 4, 4, 3, 1, 2, 27, 5, 6, 13, 25, 4, 15, 8, 129, 1, 46, 1, 176, 3, 124, 26, 94, 15, inf, 4, 1, 95, 4, inf, 45, 2603, 990, 390, 66, 1, 2, 1, 6, 349, inf, 42, 45, 3, 23, 1, inf, 566, 14, 15, 87, 3, 2830, 3, 5, 2, 6, 4, inf, 9, 2, 17, 653, 5, 5, 1, 1, inf, 12, 122, 11, inf, 4, 33, 15, 1, 336, 4, 33, 1, 30, inf, 2, 4, inf, 4649, inf, 5, 36, 1, 2, 1, 2, 89, inf, 678, 42, 2, 1, 17, 1280, inf, 1, 1, 5, 302, 5, 2, 1, 3, 3, 11, 2, 1323, 1, 1188, 6, 46, 1035, 3, 1, 2, 7, 7, 7, 116, 9, 420, 1, 1, 1, 1, 203, 1, 5, 14, 3, 10, 2, 1, 1, 1, 5, 39, 5, 1, inf, 2, 283, 1, 1, 9, 28, 14, 12, 1, 6, 2, 126, 82, 2, 9, 2, 52, 1, 4, 42, 14, 1, 1, 1, 1, 1, 6, 9, 1, 1, 1, 3, inf, 7, 6, 32, 43, 4, inf, 1, 75, 6, 134, 2, 6, 8, 1, inf, 1, 293, 6, 6, 1, 1, inf, inf, inf, 24, 23, 1, 3, 14, 1, 23, 7, 285, 3, 79, 1, 4, 9, 43, 1058, 1, 16, 15, 1, 106, 8, 15, inf, 4, 28, 1, 41, 28, 6, 1, 4, 1, 2, 2, 1, 137, 72, 3, 1, 4, 253, 11, 11, 8, 689, 1, 1, 2, 1, 40, 14, 1, 3, 3, 8, 1, 30, 2, 7, 1, 1, 3, 1, 1, 1, 1, 1, 12, 5, 1, inf, 1, 2, 1, 1, 10, 1, 3, 1092, 20, 71, 1, 7, 2, 7, 2, 24, 1, 104, 2, 1, 10, 26060, 32, 1, 2, inf, 1, 64, inf, 19, 1, 324, 2, 1, 1, 3, 10, inf, 4, 8, inf, 5, 3, 140, 2, 1, inf, 1, 1, 1, inf, 1, 2, 4, 20, 2520, inf, 1, 1, 1, 4, 51, 266, 2, 5, 1, 342, 5, 1, 333, 1, 26, 1365, 3, 1, inf, 7, 379, 141, 14, inf, 2, 1, 1, 73, 4, 6, 1, inf, 26, 3591, 1, 20, 2, 52, 1, 21, 5, 316, 1, 23, 13, 70, 139, 2, 257, 3, 1, 5, inf, 4, 33, 1, 10, 26, 4, 6, 68, 14, 1, 5, 1, 3, 1, 2, 1, 122, 25, 2, 3, 35, 120, 1, 6053, 2, 1, 459, 30, 142, 4, 1, 9, 15, 1, 1, 214, 5, 4, 1, 3, 47, inf, 3, 9083, 3, 3, 5, 1497, 11, 4, 371, 2357, 2, 31, 6, 7, 526, 25, 2, 9, 1, 22, 3, 1, 9, 17, 47, 65, 20, 1, 3, 1, inf, 1, 1, 33, 5, 1, 7, inf, 70, 1, 1, 10, 197, 58, 1, 785, 1, 4, 194, 1, 134, 9, 4, inf, 4, 2048, 18, 131, 1203, 14, 466, 4, 47, 1, 67, 96, 13, 42, 6, 6, 13, inf, 1393, inf, 15, 37, 3, 6, 8, 8, 37, 1, 42, 21, 3, 1, 395, 61, 4, 6, 80, 35, 1, 38, 829, 431, 8, 5, 58, 12, 1, 1, 11, 2, 409, 11, 1, 1, 164, inf, inf, 2, 6, 36, 4, 54, 3, 58, 2, 23, inf, 1068, 42, 177, 1, 2, 1, 1, 1, inf, 1, 11, 1, 32, 1482, 1, 10, 193, 1, 158, 42, 1, 1, 16, 1, 1, 72, 170, 27, 162, 184, 1201, 1, 5, 1, 1859, 3, inf, 1467, 1, 1481, 1766, 1, inf, inf, 1, 1, 365, 2466, 352, 3, 11, 1, 1, 4, inf, 195, 1, 1, 4, 1, 1, 20, 1, 1, 1, inf, 5, 122, 3, 6, 12, 6, 6, 6, 4, 28, 3, 163, 2, 2, 1, 1, 1369, 1, inf, 11, 2, 3, 1, 1, 1, inf, 18, 11, inf, 31, 8, 1, 20, 2, inf, 1076, 4, 1, 86, 130, 4, 10, 84, 1, 1, 2, 1, 1, 5, 1, 29, 1894, 357, 12, 1, inf, 1266, 47, 1, 1, 132, 11, 14, 201, 16, 7, 1, 2, 32, 1, 4, 22, 4, 183, 1, 8, inf, inf, 1, 1, 319, 18, 1, 337, 1, inf, 2, 1, 2, 1, 3, 8, 3, 10, 2, 91, 4, 1, 1, 5, 1, 2, 81, 9, 221, 9, 1, 2, 56, 1, 6, 1, 2385, 198, 5, 1, 3, 10, inf, 746, 2, 1, 20, 1, 630, 160, 18, 1479, 1, 8, 9, inf, 6, 7, 1, 196, 1, 59, 10448, 1, 1, 98, 1, 1, 40, 2, 26, 13, 1, 1, 5, 21, 37, inf, 13, 10612, 13, 1, 2, 1, 189, 1, 1, 3790, 3, 1, 1, 73, 1, 1, 481, 1, 650, 1, 4, 10, inf, 122, 8, 88, 207, 1, 1, 1, 1, 1, 3, 22, 1, 1, 1, 1, 1, 1, 2, 1, 98, inf, 1, 61, 170, 3, 14, 29, 11, 11, 23, 1, 2, 1, 2, 1, 3, 14, 5, 1, 1, 9, 4, 1, 2, 2, 10, 33, 1, 22, 64, 16, 98, 36, inf, 13, 4, 743, 2535, 1, 1, 1, 160, inf, 1, 9, 29, 1, 1, 3, 1, 2, 22, 1, 1, 1, 6, 1, 230, 43, 3, 6, 165, 1, 3, 1, 1, 3, 1, 9, 7, 7, 62, 32, 1, 2, 1, 81, 1, 77, 2, 2, 23, 5, 1, 5805, 2, 1, 5, 1, 11, inf, 151, 12, 7, 97, 1, 1, 3, 3, inf, 21, 2, 1, 1406, 66, 7723, 13, 1, inf]
2022-08-29 Monday 18:57:14:INFO: It completed at: 2022-08-29 18:57:14.665776
2022-08-29 Monday 18:57:14:INFO: Completed after: 20:53:52.322095
