2022-08-27 Saturday 11:38:00:INFO: {'bug_database': 'dataset/mozilla/mozilla_soft_clean.json', 'database_name': 'mozilla-sampled-jira', 'epochs': 12, 'lr': 0.001, 'l2': 0.0, 'batch_size': 256, 'ranking_batch_size': 512, 'ranking_n_workers': 2, 'cuda': True, 'cache_folder': 'scratch/temp/', 'pairs_training': 'dataset/mozilla/sampled_jira_training_split_mozilla_pairs_random_1.txt', 'pairs_validation': 'dataset/mozilla/sampled_jira_validation_mozilla_pairs_random_1.txt', 'neg_pair_generator': {'type': 'none', 'training': None, 'rate': 1, 'pre_list_file': None, 'k': 0, 'n_tries': 0, 'preselected_length': None, 'random_anchor': True}, 'loss': 'bce', 'margin': 0, 'categorical': {'lexicons': 'dataset/mozilla/categorical_lexicons.json', 'bn_last_layer': False, 'emb_size': 20, 'hidden_sizes': [40], 'dropout': 0.0, 'activation': 'relu', 'batch_normalization': False, 'layer_norm': False}, 'compare_aggregation': {'word_embedding': 'word_embedding/mozilla/glove_42B_300d_mozilla.npy', 'norm_word_embedding': False, 'lexicon': 'word_embedding/mozilla/glove_42B_300d_mozilla.lxc', 'sent_representation': None, 'tokenizer': 'white_space', 'bow': False, 'frequency': False, 'extractor': {'update_embedding': False, 'filters': ['TransformLowerCaseFilter'], 'hidden_size': 150, 'dropout': 0.0, 'layer_norm': False, 'txt_field_emb_size': 5, 'field_word_combination': 'cat', 'emb_dropout': 0.0, 'scaled_attention': True, 'model': 'linear', 'use_categorical': False, 'bidirectional': True}, 'matching': {'type': 'full', 'scaled_attention': True, 'comparison_hidden_size': 100, 'dropout': 0.0, 'residual': True, 'layer_norm': False, 'attention_hidden_size': 200, 'attention': 'dot_product', 'comparison_func': 'submult+nn'}, 'aggregate': {'model': 'lstm', 'window': [3, 4, 5], 'nfilters': 100, 'hidden_size': 150, 'dropout': 0.0, 'bidirectional': True, 'num_layers': 1, 'self_att_hidden': 50, 'layer_norm': False, 'n_hops': 20}, 'classifier': {'hidden_size': [300], 'output_act': 'sigmoid', 'hadamard_diff_textual': True, 'hadamard_diff_categorical': True, 'textual_hidden_layer': 600, 'categorical_hidden_layer': 40, 'categorical_dropout': 0.0, 'dropout': 0.0, 'only_candidate': False, 'layer_norm': False, 'batch_normalization': False}}, 'random_switch': True, 'recall_estimation_train': None, 'recall_estimation': None, 'sample_size_rr_tr': 0, 'sample_size_rr_val': 0, 'rr_val_epoch': 100, 'rr_train_epoch': 100, 'ranking_result_file': None, 'optimizer': 'adam', 'lr_scheduler': None, 'save': None, 'save_by_epoch': None, 'load': None, 'recall_rate': {'type': 'sun2011', 'dataset': 'dataset/mozilla/test_mozilla.txt', 'result_file': None, 'group_by_master': True, 'window': 365}, 'pair_test_dataset': None, 'rep': {'model': None, 'input': None, 'training': None, 'rate': 1, 'neg_training': 10000, 'k': 1000}, 'rr_scorer': 'general', 'seed': 519591758}
2022-08-27 Saturday 11:38:00:INFO: It started at: 2022-08-27 11:38:00.920704
2022-08-27 Saturday 11:38:09:INFO: Turning CUDA on
2022-08-27 Saturday 11:38:09:INFO: Using Categorical Information.
2022-08-27 Saturday 11:38:14:INFO: Lexicon size: 95848
2022-08-27 Saturday 11:38:14:INFO: Word Embedding size: 300
2022-08-27 Saturday 11:38:14:INFO: Use white space tokenizer to tokenize summary information
2022-08-27 Saturday 11:38:14:INFO: BoW=False and TF=False
2022-08-27 Saturday 11:38:14:INFO: Using Summary and Description information.
2022-08-27 Saturday 11:38:14:INFO: Using BCE Loss: margin=0
2022-08-27 Saturday 11:38:21:INFO: Not generate dynamically the negative examples.
2022-08-27 Saturday 11:38:22:INFO: Training size: 626
2022-08-27 Saturday 11:38:22:INFO: Validation size: 26
2022-08-27 Saturday 11:38:22:INFO: Adam
2022-08-27 Saturday 11:38:22:INFO: Scheduler: Constant
2022-08-27 Saturday 11:38:22:INFO: Epoch: 1
2022-08-27 Saturday 11:38:22:INFO: LR: 0.001
2022-08-27 Saturday 11:38:23:INFO: {'type': 'metric', 'label': 'training_loss', 'epoch': 1, 'value': 0.6958267374541431, 'sum': 435.58753764629364, 'num_example': 626}
2022-08-27 Saturday 11:38:23:INFO: {'type': 'metric', 'label': 'training_dist_target', 'value': (0.4781855135299146, 0.5215789319608158), 'epoch': 1}
2022-08-27 Saturday 11:38:23:INFO: {'type': 'metric', 'label': 'training_acc', 'epoch': 1, 'value': 0.48881789137380194, 'num_correct': 306, 'num_example': 626}
2022-08-27 Saturday 11:38:23:INFO: {'type': 'metric', 'label': 'training_precision', 'epoch': 1, 'value': 0.4810810685157776, 'positive': 89.0, 'total': 185.0}
2022-08-27 Saturday 11:38:23:INFO: {'type': 'metric', 'label': 'training_recall', 'epoch': 1, 'value': 0.2843450605869293, 'positive': 89.0, 'total': 313.0}
2022-08-27 Saturday 11:38:23:INFO: {'type': 'metric', 'label': 'validation_loss', 'epoch': 1, 'value': 0.6842710375785828, 'sum': 17.791046977043152, 'num_example': 26}
2022-08-27 Saturday 11:38:23:INFO: {'type': 'metric', 'label': 'validation_dist_target', 'value': (0.5409400646503155, 0.4454170740567721), 'epoch': 1}
2022-08-27 Saturday 11:38:23:INFO: {'type': 'metric', 'label': 'validation_acc', 'epoch': 1, 'value': 0.5, 'num_correct': 13, 'num_example': 26}
2022-08-27 Saturday 11:38:23:INFO: {'type': 'metric', 'label': 'validation_precision', 'epoch': 1, 'value': 0.5, 'positive': 13.0, 'total': 26.0}
2022-08-27 Saturday 11:38:23:INFO: {'type': 'metric', 'label': 'validation_recall', 'epoch': 1, 'value': 1.0, 'positive': 13.0, 'total': 13.0}
2022-08-27 Saturday 11:38:23:INFO: Epoch: 2
2022-08-27 Saturday 11:38:23:INFO: LR: 0.001
2022-08-27 Saturday 11:38:24:INFO: {'type': 'metric', 'label': 'training_loss', 'epoch': 2, 'value': 0.6803318722941243, 'sum': 425.8877520561218, 'num_example': 626}
2022-08-27 Saturday 11:38:24:INFO: {'type': 'metric', 'label': 'training_dist_target', 'value': (0.5370466214018508, 0.44472682818818016), 'epoch': 2}
2022-08-27 Saturday 11:38:24:INFO: {'type': 'metric', 'label': 'training_acc', 'epoch': 2, 'value': 0.5511182108626198, 'num_correct': 345, 'num_example': 626}
2022-08-27 Saturday 11:38:24:INFO: {'type': 'metric', 'label': 'training_precision', 'epoch': 2, 'value': 0.5278745889663696, 'positive': 303.0, 'total': 574.0}
2022-08-27 Saturday 11:38:24:INFO: {'type': 'metric', 'label': 'training_recall', 'epoch': 2, 'value': 0.9680511355400085, 'positive': 303.0, 'total': 313.0}
2022-08-27 Saturday 11:38:24:INFO: {'type': 'metric', 'label': 'validation_loss', 'epoch': 2, 'value': 0.6568570733070374, 'sum': 17.07828390598297, 'num_example': 26}
2022-08-27 Saturday 11:38:24:INFO: {'type': 'metric', 'label': 'validation_dist_target', 'value': (0.4586151196406438, 0.5024712635920598), 'epoch': 2}
2022-08-27 Saturday 11:38:24:INFO: {'type': 'metric', 'label': 'validation_acc', 'epoch': 2, 'value': 0.6923076923076923, 'num_correct': 18, 'num_example': 26}
2022-08-27 Saturday 11:38:24:INFO: {'type': 'metric', 'label': 'validation_precision', 'epoch': 2, 'value': 1.0, 'positive': 5.0, 'total': 5.0}
2022-08-27 Saturday 11:38:24:INFO: {'type': 'metric', 'label': 'validation_recall', 'epoch': 2, 'value': 0.38461539149284363, 'positive': 5.0, 'total': 13.0}
2022-08-27 Saturday 11:38:24:INFO: Epoch: 3
2022-08-27 Saturday 11:38:24:INFO: LR: 0.001
2022-08-27 Saturday 11:38:25:INFO: {'type': 'metric', 'label': 'training_loss', 'epoch': 3, 'value': 0.6152179243084722, 'sum': 385.1264206171036, 'num_example': 626}
2022-08-27 Saturday 11:38:25:INFO: {'type': 'metric', 'label': 'training_dist_target', 'value': (0.45531219263046313, 0.4579134931960426), 'epoch': 3}
2022-08-27 Saturday 11:38:25:INFO: {'type': 'metric', 'label': 'training_acc', 'epoch': 3, 'value': 0.7763578274760383, 'num_correct': 486, 'num_example': 626}
2022-08-27 Saturday 11:38:25:INFO: {'type': 'metric', 'label': 'training_precision', 'epoch': 3, 'value': 0.8810572624206543, 'positive': 200.0, 'total': 227.0}
2022-08-27 Saturday 11:38:25:INFO: {'type': 'metric', 'label': 'training_recall', 'epoch': 3, 'value': 0.6389776468276978, 'positive': 200.0, 'total': 313.0}
2022-08-27 Saturday 11:38:26:INFO: {'type': 'metric', 'label': 'validation_loss', 'epoch': 3, 'value': 0.5360954999923706, 'sum': 13.938482999801636, 'num_example': 26}
2022-08-27 Saturday 11:38:26:INFO: {'type': 'metric', 'label': 'validation_dist_target', 'value': (0.3546463159414438, 0.4527725806603065), 'epoch': 3}
2022-08-27 Saturday 11:38:26:INFO: {'type': 'metric', 'label': 'validation_acc', 'epoch': 3, 'value': 0.7692307692307693, 'num_correct': 20, 'num_example': 26}
2022-08-27 Saturday 11:38:26:INFO: {'type': 'metric', 'label': 'validation_precision', 'epoch': 3, 'value': 1.0, 'positive': 7.0, 'total': 7.0}
2022-08-27 Saturday 11:38:26:INFO: {'type': 'metric', 'label': 'validation_recall', 'epoch': 3, 'value': 0.5384615659713745, 'positive': 7.0, 'total': 13.0}
2022-08-27 Saturday 11:38:26:INFO: Epoch: 4
2022-08-27 Saturday 11:38:26:INFO: LR: 0.001
2022-08-27 Saturday 11:38:27:INFO: {'type': 'metric', 'label': 'training_loss', 'epoch': 4, 'value': 0.44247458508601206, 'sum': 276.98909026384354, 'num_example': 626}
2022-08-27 Saturday 11:38:27:INFO: {'type': 'metric', 'label': 'training_dist_target', 'value': (0.3372976528569913, 0.321046079690464), 'epoch': 4}
2022-08-27 Saturday 11:38:27:INFO: {'type': 'metric', 'label': 'training_acc', 'epoch': 4, 'value': 0.8115015974440895, 'num_correct': 508, 'num_example': 626}
2022-08-27 Saturday 11:38:27:INFO: {'type': 'metric', 'label': 'training_precision', 'epoch': 4, 'value': 0.8545454740524292, 'positive': 235.0, 'total': 275.0}
2022-08-27 Saturday 11:38:27:INFO: {'type': 'metric', 'label': 'training_recall', 'epoch': 4, 'value': 0.7507987022399902, 'positive': 235.0, 'total': 313.0}
2022-08-27 Saturday 11:38:27:INFO: {'type': 'metric', 'label': 'validation_loss', 'epoch': 4, 'value': 0.37903207540512085, 'sum': 9.854833960533142, 'num_example': 26}
2022-08-27 Saturday 11:38:27:INFO: {'type': 'metric', 'label': 'validation_dist_target', 'value': (0.1076362866621751, 0.35236534705528844), 'epoch': 4}
2022-08-27 Saturday 11:38:27:INFO: {'type': 'metric', 'label': 'validation_acc', 'epoch': 4, 'value': 0.7692307692307693, 'num_correct': 20, 'num_example': 26}
2022-08-27 Saturday 11:38:27:INFO: {'type': 'metric', 'label': 'validation_precision', 'epoch': 4, 'value': 1.0, 'positive': 7.0, 'total': 7.0}
2022-08-27 Saturday 11:38:27:INFO: {'type': 'metric', 'label': 'validation_recall', 'epoch': 4, 'value': 0.5384615659713745, 'positive': 7.0, 'total': 13.0}
2022-08-27 Saturday 11:38:27:INFO: Epoch: 5
2022-08-27 Saturday 11:38:27:INFO: LR: 0.001
2022-08-27 Saturday 11:38:28:INFO: {'type': 'metric', 'label': 'training_loss', 'epoch': 5, 'value': 0.35135396886557435, 'sum': 219.94758450984955, 'num_example': 626}
2022-08-27 Saturday 11:38:28:INFO: {'type': 'metric', 'label': 'training_dist_target', 'value': (0.17891701646506214, 0.1827419093622567), 'epoch': 5}
2022-08-27 Saturday 11:38:28:INFO: {'type': 'metric', 'label': 'training_acc', 'epoch': 5, 'value': 0.8514376996805112, 'num_correct': 533, 'num_example': 626}
2022-08-27 Saturday 11:38:28:INFO: {'type': 'metric', 'label': 'training_precision', 'epoch': 5, 'value': 0.8525640964508057, 'positive': 266.0, 'total': 312.0}
2022-08-27 Saturday 11:38:28:INFO: {'type': 'metric', 'label': 'training_recall', 'epoch': 5, 'value': 0.8498402833938599, 'positive': 266.0, 'total': 313.0}
2022-08-27 Saturday 11:38:28:INFO: {'type': 'metric', 'label': 'validation_loss', 'epoch': 5, 'value': 0.39722877740859985, 'sum': 10.327948212623596, 'num_example': 26}
2022-08-27 Saturday 11:38:28:INFO: {'type': 'metric', 'label': 'validation_dist_target', 'value': (0.031951409119826094, 0.29935449820298415), 'epoch': 5}
2022-08-27 Saturday 11:38:28:INFO: {'type': 'metric', 'label': 'validation_acc', 'epoch': 5, 'value': 0.8846153846153846, 'num_correct': 23, 'num_example': 26}
2022-08-27 Saturday 11:38:28:INFO: {'type': 'metric', 'label': 'validation_precision', 'epoch': 5, 'value': 1.0, 'positive': 10.0, 'total': 10.0}
2022-08-27 Saturday 11:38:28:INFO: {'type': 'metric', 'label': 'validation_recall', 'epoch': 5, 'value': 0.7692307829856873, 'positive': 10.0, 'total': 13.0}
2022-08-27 Saturday 11:38:28:INFO: Epoch: 6
2022-08-27 Saturday 11:38:28:INFO: LR: 0.001
2022-08-27 Saturday 11:38:29:INFO: {'type': 'metric', 'label': 'training_loss', 'epoch': 6, 'value': 0.29333247410984464, 'sum': 183.62612879276276, 'num_example': 626}
2022-08-27 Saturday 11:38:29:INFO: {'type': 'metric', 'label': 'training_dist_target', 'value': (0.051151473682147626, 0.24816676374441518), 'epoch': 6}
2022-08-27 Saturday 11:38:29:INFO: {'type': 'metric', 'label': 'training_acc', 'epoch': 6, 'value': 0.8849840255591054, 'num_correct': 554, 'num_example': 626}
2022-08-27 Saturday 11:38:29:INFO: {'type': 'metric', 'label': 'training_precision', 'epoch': 6, 'value': 0.9839357137680054, 'positive': 245.0, 'total': 249.0}
2022-08-27 Saturday 11:38:29:INFO: {'type': 'metric', 'label': 'training_recall', 'epoch': 6, 'value': 0.7827476263046265, 'positive': 245.0, 'total': 313.0}
2022-08-27 Saturday 11:38:29:INFO: {'type': 'metric', 'label': 'validation_loss', 'epoch': 6, 'value': 0.28479981422424316, 'sum': 7.404795169830322, 'num_example': 26}
2022-08-27 Saturday 11:38:29:INFO: {'type': 'metric', 'label': 'validation_dist_target', 'value': (0.1959833732018104, 0.1713077838604267), 'epoch': 6}
2022-08-27 Saturday 11:38:29:INFO: {'type': 'metric', 'label': 'validation_acc', 'epoch': 6, 'value': 0.8846153846153846, 'num_correct': 23, 'num_example': 26}
2022-08-27 Saturday 11:38:29:INFO: {'type': 'metric', 'label': 'validation_precision', 'epoch': 6, 'value': 0.9166666865348816, 'positive': 11.0, 'total': 12.0}
2022-08-27 Saturday 11:38:29:INFO: {'type': 'metric', 'label': 'validation_recall', 'epoch': 6, 'value': 0.8461538553237915, 'positive': 11.0, 'total': 13.0}
2022-08-27 Saturday 11:38:29:INFO: Epoch: 7
2022-08-27 Saturday 11:38:29:INFO: LR: 0.001
2022-08-27 Saturday 11:38:30:INFO: {'type': 'metric', 'label': 'training_loss', 'epoch': 7, 'value': 0.24527622402285615, 'sum': 153.54291623830795, 'num_example': 626}
2022-08-27 Saturday 11:38:30:INFO: {'type': 'metric', 'label': 'training_dist_target', 'value': (0.2233594705502446, 0.07856935738755491), 'epoch': 7}
2022-08-27 Saturday 11:38:30:INFO: {'type': 'metric', 'label': 'training_acc', 'epoch': 7, 'value': 0.889776357827476, 'num_correct': 557, 'num_example': 626}
2022-08-27 Saturday 11:38:30:INFO: {'type': 'metric', 'label': 'training_precision', 'epoch': 7, 'value': 0.840782105922699, 'positive': 301.0, 'total': 358.0}
2022-08-27 Saturday 11:38:30:INFO: {'type': 'metric', 'label': 'training_recall', 'epoch': 7, 'value': 0.9616613388061523, 'positive': 301.0, 'total': 313.0}
2022-08-27 Saturday 11:38:30:INFO: {'type': 'metric', 'label': 'validation_loss', 'epoch': 7, 'value': 0.29749050736427307, 'sum': 7.7347531914711, 'num_example': 26}
2022-08-27 Saturday 11:38:30:INFO: {'type': 'metric', 'label': 'validation_dist_target', 'value': (0.16898441314697266, 0.21194263604971078), 'epoch': 7}
2022-08-27 Saturday 11:38:30:INFO: {'type': 'metric', 'label': 'validation_acc', 'epoch': 7, 'value': 0.9230769230769231, 'num_correct': 24, 'num_example': 26}
2022-08-27 Saturday 11:38:30:INFO: {'type': 'metric', 'label': 'validation_precision', 'epoch': 7, 'value': 1.0, 'positive': 11.0, 'total': 11.0}
2022-08-27 Saturday 11:38:30:INFO: {'type': 'metric', 'label': 'validation_recall', 'epoch': 7, 'value': 0.8461538553237915, 'positive': 11.0, 'total': 13.0}
2022-08-27 Saturday 11:38:30:INFO: Epoch: 8
2022-08-27 Saturday 11:38:30:INFO: LR: 0.001
2022-08-27 Saturday 11:38:31:INFO: {'type': 'metric', 'label': 'training_loss', 'epoch': 8, 'value': 0.19911621330073848, 'sum': 124.64674952626228, 'num_example': 626}
2022-08-27 Saturday 11:38:31:INFO: {'type': 'metric', 'label': 'training_dist_target', 'value': (0.09961593036834425, 0.17428134272273738), 'epoch': 8}
2022-08-27 Saturday 11:38:31:INFO: {'type': 'metric', 'label': 'training_acc', 'epoch': 8, 'value': 0.9265175718849841, 'num_correct': 580, 'num_example': 626}
2022-08-27 Saturday 11:38:31:INFO: {'type': 'metric', 'label': 'training_precision', 'epoch': 8, 'value': 0.9651567935943604, 'positive': 277.0, 'total': 287.0}
2022-08-27 Saturday 11:38:31:INFO: {'type': 'metric', 'label': 'training_recall', 'epoch': 8, 'value': 0.884984016418457, 'positive': 277.0, 'total': 313.0}
2022-08-27 Saturday 11:38:31:INFO: {'type': 'metric', 'label': 'validation_loss', 'epoch': 8, 'value': 0.35162216424942017, 'sum': 9.142176270484924, 'num_example': 26}
2022-08-27 Saturday 11:38:31:INFO: {'type': 'metric', 'label': 'validation_dist_target', 'value': (0.09312776418832633, 0.3068224099966196), 'epoch': 8}
2022-08-27 Saturday 11:38:31:INFO: {'type': 'metric', 'label': 'validation_acc', 'epoch': 8, 'value': 0.8846153846153846, 'num_correct': 23, 'num_example': 26}
2022-08-27 Saturday 11:38:31:INFO: {'type': 'metric', 'label': 'validation_precision', 'epoch': 8, 'value': 1.0, 'positive': 10.0, 'total': 10.0}
2022-08-27 Saturday 11:38:31:INFO: {'type': 'metric', 'label': 'validation_recall', 'epoch': 8, 'value': 0.7692307829856873, 'positive': 10.0, 'total': 13.0}
2022-08-27 Saturday 11:38:31:INFO: Epoch: 9
2022-08-27 Saturday 11:38:31:INFO: LR: 0.001
2022-08-27 Saturday 11:38:33:INFO: {'type': 'metric', 'label': 'training_loss', 'epoch': 9, 'value': 0.19040467616277762, 'sum': 119.19332727789879, 'num_example': 626}
2022-08-27 Saturday 11:38:33:INFO: {'type': 'metric', 'label': 'training_dist_target', 'value': (0.09848883814705066, 0.16774903014064216), 'epoch': 9}
2022-08-27 Saturday 11:38:33:INFO: {'type': 'metric', 'label': 'training_acc', 'epoch': 9, 'value': 0.9281150159744409, 'num_correct': 581, 'num_example': 626}
2022-08-27 Saturday 11:38:33:INFO: {'type': 'metric', 'label': 'training_precision', 'epoch': 9, 'value': 0.9589040875434875, 'positive': 280.0, 'total': 292.0}
2022-08-27 Saturday 11:38:33:INFO: {'type': 'metric', 'label': 'training_recall', 'epoch': 9, 'value': 0.894568681716919, 'positive': 280.0, 'total': 313.0}
2022-08-27 Saturday 11:38:33:INFO: {'type': 'metric', 'label': 'validation_loss', 'epoch': 9, 'value': 0.28654995560646057, 'sum': 7.450298845767975, 'num_example': 26}
2022-08-27 Saturday 11:38:33:INFO: {'type': 'metric', 'label': 'validation_dist_target', 'value': (0.20012806012080267, 0.1748812382037823), 'epoch': 9}
2022-08-27 Saturday 11:38:33:INFO: {'type': 'metric', 'label': 'validation_acc', 'epoch': 9, 'value': 0.9230769230769231, 'num_correct': 24, 'num_example': 26}
2022-08-27 Saturday 11:38:33:INFO: {'type': 'metric', 'label': 'validation_precision', 'epoch': 9, 'value': 0.9230769276618958, 'positive': 12.0, 'total': 13.0}
2022-08-27 Saturday 11:38:33:INFO: {'type': 'metric', 'label': 'validation_recall', 'epoch': 9, 'value': 0.9230769276618958, 'positive': 12.0, 'total': 13.0}
2022-08-27 Saturday 11:38:33:INFO: Epoch: 10
2022-08-27 Saturday 11:38:33:INFO: LR: 0.001
2022-08-27 Saturday 11:38:34:INFO: {'type': 'metric', 'label': 'training_loss', 'epoch': 10, 'value': 0.166048357519098, 'sum': 103.94627180695534, 'num_example': 626}
2022-08-27 Saturday 11:38:34:INFO: {'type': 'metric', 'label': 'training_dist_target', 'value': (0.15879483878041228, 0.06988938776448893), 'epoch': 10}
2022-08-27 Saturday 11:38:34:INFO: {'type': 'metric', 'label': 'training_acc', 'epoch': 10, 'value': 0.9281150159744409, 'num_correct': 581, 'num_example': 626}
2022-08-27 Saturday 11:38:34:INFO: {'type': 'metric', 'label': 'training_precision', 'epoch': 10, 'value': 0.8895348906517029, 'positive': 306.0, 'total': 344.0}
2022-08-27 Saturday 11:38:34:INFO: {'type': 'metric', 'label': 'training_recall', 'epoch': 10, 'value': 0.9776358008384705, 'positive': 306.0, 'total': 313.0}
2022-08-27 Saturday 11:38:34:INFO: {'type': 'metric', 'label': 'validation_loss', 'epoch': 10, 'value': 0.2938893139362335, 'sum': 7.6411221623420715, 'num_example': 26}
2022-08-27 Saturday 11:38:34:INFO: {'type': 'metric', 'label': 'validation_dist_target', 'value': (0.09304837997143085, 0.22463450065025917), 'epoch': 10}
2022-08-27 Saturday 11:38:34:INFO: {'type': 'metric', 'label': 'validation_acc', 'epoch': 10, 'value': 0.8846153846153846, 'num_correct': 23, 'num_example': 26}
2022-08-27 Saturday 11:38:34:INFO: {'type': 'metric', 'label': 'validation_precision', 'epoch': 10, 'value': 1.0, 'positive': 10.0, 'total': 10.0}
2022-08-27 Saturday 11:38:34:INFO: {'type': 'metric', 'label': 'validation_recall', 'epoch': 10, 'value': 0.7692307829856873, 'positive': 10.0, 'total': 13.0}
2022-08-27 Saturday 11:38:34:INFO: Epoch: 11
2022-08-27 Saturday 11:38:34:INFO: LR: 0.001
2022-08-27 Saturday 11:38:35:INFO: {'type': 'metric', 'label': 'training_loss', 'epoch': 11, 'value': 0.13070569856288716, 'sum': 81.82176730036736, 'num_example': 626}
2022-08-27 Saturday 11:38:35:INFO: {'type': 'metric', 'label': 'training_dist_target', 'value': (0.06349695528658053, 0.11683180537848427), 'epoch': 11}
2022-08-27 Saturday 11:38:35:INFO: {'type': 'metric', 'label': 'training_acc', 'epoch': 11, 'value': 0.9552715654952076, 'num_correct': 598, 'num_example': 626}
2022-08-27 Saturday 11:38:35:INFO: {'type': 'metric', 'label': 'training_precision', 'epoch': 11, 'value': 0.9830508232116699, 'positive': 290.0, 'total': 295.0}
2022-08-27 Saturday 11:38:35:INFO: {'type': 'metric', 'label': 'training_recall', 'epoch': 11, 'value': 0.9265175461769104, 'positive': 290.0, 'total': 313.0}
2022-08-27 Saturday 11:38:35:INFO: {'type': 'metric', 'label': 'validation_loss', 'epoch': 11, 'value': 0.31979918479919434, 'sum': 8.314778804779053, 'num_example': 26}
2022-08-27 Saturday 11:38:35:INFO: {'type': 'metric', 'label': 'validation_dist_target', 'value': (0.05056444498208853, 0.24284133544335), 'epoch': 11}
2022-08-27 Saturday 11:38:35:INFO: {'type': 'metric', 'label': 'validation_acc', 'epoch': 11, 'value': 0.8846153846153846, 'num_correct': 23, 'num_example': 26}
2022-08-27 Saturday 11:38:35:INFO: {'type': 'metric', 'label': 'validation_precision', 'epoch': 11, 'value': 1.0, 'positive': 10.0, 'total': 10.0}
2022-08-27 Saturday 11:38:35:INFO: {'type': 'metric', 'label': 'validation_recall', 'epoch': 11, 'value': 0.7692307829856873, 'positive': 10.0, 'total': 13.0}
2022-08-27 Saturday 11:38:35:INFO: Epoch: 12
2022-08-27 Saturday 11:38:35:INFO: LR: 0.001
2022-08-27 Saturday 11:38:36:INFO: {'type': 'metric', 'label': 'training_loss', 'epoch': 12, 'value': 0.1070731942312786, 'sum': 67.0278195887804, 'num_example': 626}
2022-08-27 Saturday 11:38:36:INFO: {'type': 'metric', 'label': 'training_dist_target', 'value': (0.0613563266425087, 0.08247184296385549), 'epoch': 12}
2022-08-27 Saturday 11:38:36:INFO: {'type': 'metric', 'label': 'training_acc', 'epoch': 12, 'value': 0.9600638977635783, 'num_correct': 601, 'num_example': 626}
2022-08-27 Saturday 11:38:36:INFO: {'type': 'metric', 'label': 'training_precision', 'epoch': 12, 'value': 0.9675324559211731, 'positive': 298.0, 'total': 308.0}
2022-08-27 Saturday 11:38:36:INFO: {'type': 'metric', 'label': 'training_recall', 'epoch': 12, 'value': 0.9520766735076904, 'positive': 298.0, 'total': 313.0}
2022-08-27 Saturday 11:38:36:INFO: {'type': 'metric', 'label': 'validation_loss', 'epoch': 12, 'value': 0.25585976243019104, 'sum': 6.652353823184967, 'num_example': 26}
2022-08-27 Saturday 11:38:36:INFO: {'type': 'metric', 'label': 'validation_dist_target', 'value': (0.08433270454406738, 0.15010565060835618), 'epoch': 12}
2022-08-27 Saturday 11:38:36:INFO: {'type': 'metric', 'label': 'validation_acc', 'epoch': 12, 'value': 0.9615384615384616, 'num_correct': 25, 'num_example': 26}
2022-08-27 Saturday 11:38:36:INFO: {'type': 'metric', 'label': 'validation_precision', 'epoch': 12, 'value': 1.0, 'positive': 12.0, 'total': 12.0}
2022-08-27 Saturday 11:38:36:INFO: {'type': 'metric', 'label': 'validation_recall', 'epoch': 12, 'value': 0.9230769276618958, 'positive': 12.0, 'total': 13.0}
2022-08-27 Saturday 11:38:36:INFO: Calculating recall rate: sun2011
2022-08-27 Saturday 14:51:19:INFO: RR calculation - 500 duplicate reports were processed
2022-08-27 Saturday 17:44:40:INFO: RR calculation - 1000 duplicate reports were processed
2022-08-27 Saturday 20:30:00:INFO: RR calculation - 1500 duplicate reports were processed
2022-08-27 Saturday 23:12:31:INFO: RR calculation - 2000 duplicate reports were processed
2022-08-28 Sunday 01:45:11:INFO: RR calculation - 2500 duplicate reports were processed
2022-08-28 Sunday 04:28:05:INFO: RR calculation - 3000 duplicate reports were processed
2022-08-28 Sunday 07:08:22:INFO: RR calculation - 3500 duplicate reports were processed
2022-08-28 Sunday 09:53:24:INFO: RR calculation - 4000 duplicate reports were processed
2022-08-28 Sunday 12:24:55:INFO: RR calculation - 4500 duplicate reports were processed
2022-08-28 Sunday 14:50:20:INFO: RR calculation - 5000 duplicate reports were processed
2022-08-28 Sunday 17:11:58:INFO: RR calculation - 5500 duplicate reports were processed
2022-08-28 Sunday 19:27:03:INFO: RR calculation - 6000 duplicate reports were processed
2022-08-28 Sunday 20:27:09:INFO: [] Throughput: 0.052741241750439906 bugs per second (bugs=6229 ,seconds=118104.91739034653)
2022-08-28 Sunday 20:27:09:INFO: {'type': 'metric', 'label': 'recall_rate', 'k': 1, 'rate': 0.24048803981377428, 'hit': 1498, 'total': 6229, 'epoch': 0}
2022-08-28 Sunday 20:27:09:INFO: {'type': 'metric', 'label': 'recall_rate', 'k': 2, 'rate': 0.30871729009471827, 'hit': 1923, 'total': 6229, 'epoch': 0}
2022-08-28 Sunday 20:27:09:INFO: {'type': 'metric', 'label': 'recall_rate', 'k': 3, 'rate': 0.35029699791298763, 'hit': 2182, 'total': 6229, 'epoch': 0}
2022-08-28 Sunday 20:27:09:INFO: {'type': 'metric', 'label': 'recall_rate', 'k': 4, 'rate': 0.37935463156204846, 'hit': 2363, 'total': 6229, 'epoch': 0}
2022-08-28 Sunday 20:27:09:INFO: {'type': 'metric', 'label': 'recall_rate', 'k': 5, 'rate': 0.39894043987799005, 'hit': 2485, 'total': 6229, 'epoch': 0}
2022-08-28 Sunday 20:27:09:INFO: {'type': 'metric', 'label': 'recall_rate', 'k': 6, 'rate': 0.4156365387702681, 'hit': 2589, 'total': 6229, 'epoch': 0}
2022-08-28 Sunday 20:27:09:INFO: {'type': 'metric', 'label': 'recall_rate', 'k': 7, 'rate': 0.42864023117675387, 'hit': 2670, 'total': 6229, 'epoch': 0}
2022-08-28 Sunday 20:27:09:INFO: {'type': 'metric', 'label': 'recall_rate', 'k': 8, 'rate': 0.4405201476962594, 'hit': 2744, 'total': 6229, 'epoch': 0}
2022-08-28 Sunday 20:27:09:INFO: {'type': 'metric', 'label': 'recall_rate', 'k': 9, 'rate': 0.450473591266656, 'hit': 2806, 'total': 6229, 'epoch': 0}
2022-08-28 Sunday 20:27:09:INFO: {'type': 'metric', 'label': 'recall_rate', 'k': 10, 'rate': 0.459463798362498, 'hit': 2862, 'total': 6229, 'epoch': 0}
2022-08-28 Sunday 20:27:09:INFO: {'type': 'metric', 'label': 'recall_rate', 'k': 11, 'rate': 0.4673302295713598, 'hit': 2911, 'total': 6229, 'epoch': 0}
2022-08-28 Sunday 20:27:09:INFO: {'type': 'metric', 'label': 'recall_rate', 'k': 12, 'rate': 0.4743939637180928, 'hit': 2955, 'total': 6229, 'epoch': 0}
2022-08-28 Sunday 20:27:09:INFO: {'type': 'metric', 'label': 'recall_rate', 'k': 13, 'rate': 0.48097607962754857, 'hit': 2996, 'total': 6229, 'epoch': 0}
2022-08-28 Sunday 20:27:09:INFO: {'type': 'metric', 'label': 'recall_rate', 'k': 14, 'rate': 0.4873976561245786, 'hit': 3036, 'total': 6229, 'epoch': 0}
2022-08-28 Sunday 20:27:09:INFO: {'type': 'metric', 'label': 'recall_rate', 'k': 15, 'rate': 0.4931770749719056, 'hit': 3072, 'total': 6229, 'epoch': 0}
2022-08-28 Sunday 20:27:09:INFO: {'type': 'metric', 'label': 'recall_rate', 'k': 16, 'rate': 0.49751163910740087, 'hit': 3099, 'total': 6229, 'epoch': 0}
2022-08-28 Sunday 20:27:09:INFO: {'type': 'metric', 'label': 'recall_rate', 'k': 17, 'rate': 0.5015251244180446, 'hit': 3124, 'total': 6229, 'epoch': 0}
2022-08-28 Sunday 20:27:09:INFO: {'type': 'metric', 'label': 'recall_rate', 'k': 18, 'rate': 0.5053780703162627, 'hit': 3148, 'total': 6229, 'epoch': 0}
2022-08-28 Sunday 20:27:09:INFO: {'type': 'metric', 'label': 'recall_rate', 'k': 19, 'rate': 0.5082677797399262, 'hit': 3166, 'total': 6229, 'epoch': 0}
2022-08-28 Sunday 20:27:09:INFO: {'type': 'metric', 'label': 'recall_rate', 'k': 20, 'rate': 0.5124418044629957, 'hit': 3192, 'total': 6229, 'epoch': 0}
2022-08-28 Sunday 20:27:09:INFO: {'type': 'metric', 'label': 'MAP', 'value': 0.31531154645408727, 'sum': 1964.0756228625096, 'total': 6229, 'epoch': 0}
2022-08-28 Sunday 20:27:09:INFO: [3392, 160, 45, 3, 2, 1, 1, 1, 6, 320, 1, 2, 438, 1, 2, 8, 1, 120, inf, 55, 8, 11202, 1526, 118, 569, 224, 2060, 8, 4811, 7887, 1207, 50, 148, 4, inf, 7, 1, inf, 1, 6, 1, 1, 2, 50, 3, 2, 5185, 1, 13, 4, 1, 20, 46372, 1, 4, 25, 2, 1, 249, 1, 1455, 2819, 543, inf, 41, 11, inf, 251, 2445, 22, 1, 92, 4005, 92, 212, 262, 534, 13, 186, 1, 55, 44, 206, 1, 427, 1, 1, 175, 292, 7494, 24, 5861, 5, 84, 3810, 2, 23, 1, 60, 3730, 26, 29, 25427, 12793, 1950, 54, 1, 6, 422, 4838, 7, 1378, 2048, inf, 1, 1, 3, 1, 1, 1, 25, 46, 315, 1111, 1, 1, 1, 1, 183, 1, 31, 381, 24, 7, 493, 177, 3, 1, 41, 2, 1, 206, 10, 14, 8, 1, 1, 7, 3, inf, inf, 1072, 432, 4, 6, 7, 314, 1, 12408, 61, 248, 119, 1, 8798, 15, 1, 10, 941, 1, 8, 125, 5, 1, 8, inf, 5, 1, 1, 197, 1882, 1, 1, 1, 1429, 2, 3999, 123, 32, 27, 1, 9, 240, 104, 119, 1308, 90, 1, 16, 4, 1797, 15, 425, 5, 35, 606, 1, 1, 848, 1, 17, 3, 1, 110, 12, inf, 4, 11, 25141, 167, 2, 1, 1, 506, 1, 1, 10, 1919, 14, 986, 1597, 515, inf, 1, 7, 1, 1, 24, 3376, inf, 2, 1, 2, 1844, 748, 105, 1, 161, 13, 1, 1, 1, 9498, 1, 1, 1, 1, inf, 44, inf, 1, inf, 62, 148, 3061, 12, 1, 7115, 1, inf, 26300, 876, 65, 21, 1, 1, 11417, 164, 1, 11524, 2, 3, 2, 2, 14, 1, 1, 1, 830, 2, 1, 885, 1429, 11, 266, 9708, 6050, 1, 791, 1, 52181, 26, 1, 5, 1, 7, 3909, 467, 6, 1, 14, 237, 4758, 3, 2, 48732, 34, 2, 1, 1, 1, 2, 19, 3, 1, 16, 365, 48, 7402, 532, 899, 2709, 1, 1, 5, 4, 24, 1, 19, 1279, 3, 16265, 2, 77, 22, 1172, 3, 2875, inf, 9382, 1, 10702, 17, 1, 32, 47, 339, 663, 149, 10, 2, 10, 34, 219, 917, 536, 524, 3, 1, 375, 402, 4, 1, 7, 8, 1, 2, 1021, 185, 6, 2, 1, 14, 1, 1, 292, 1524, 471, 1, 72, 1, 4459, 106, 275, 1, 75, 2, 5, 3, inf, 388, 1, 1, 2436, 2340, 1910, 12402, 641, 5, 1, 3, 903, inf, 1, 10585, 8, 525, 6, 1, 94, 2, 784, 854, 21, 1, 1, 3, 27, 1, 1, 29, 252, 1, 1289, 459, 2, 1, 1, 124, 1080, 6, 1160, 53, 185, 524, 1597, 212, 250, 1, 1512, 155, 1, 6841, 1, 5, 2, 3, 86, 429, 2, 12, 2, 499, 12, 402, 7, 189, 39, 129, 1, 2420, 22, 1421, 1, 1, inf, 1, 40, inf, 11, 1, 1, 7456, 10, 35, 457, 1, 2752, 1, 1, 1, 5231, 22, 4129, 277, 473, 13, 4001, 56, 1, 13233, 953, 2, 1, 384, 10, 867, 175, 1, 778, 1, 3, 5, 73, 4, 1, inf, 1, 3, 3, 1, 226, 27, 596, inf, 413, 1, 16, 2, 1, 1, 1, 1, 1, 1, 1, 322, 9, 2, 5, 1687, 67, 6, 11, 1, 222, 331, 132, 4477, 16, 1, inf, 4463, 3, 3, 587, 15360, 3426, 1, 531, 93, 1, 1027, 25, 4300, 23, 149, 139, 6, 1, 1750, 4995, 1, 1, 1953, 1, 1, inf, 1374, 10, 184, 1, inf, inf, 541, 185, 28, 140, 1, 7, 466, 1, inf, inf, 1, 2, 1, 54, 260, 5, 3056, 1, 3, 2, 135, 5, 30, 134, 3106, 1, 9075, 12, 2, 25, 529, 3, 4, 66, 152, 114, 1042, 3, 2, 1, 1, 330, 288, 579, 1, 351, inf, 113, 1, 825, 2, 40, 379, inf, 5, 17, 574, 1, 1, inf, 1, 1335, inf, 1, 545, 1487, 5, 6, 2, inf, inf, 535, 1, 143, 49, 1, 1, 1, 9, 4, 24, 161, 257, 4, 5, 62, 3, 131, 311, 6, 979, 32, 1, inf, 5, inf, 6, 161, 47, 406, 5, 240, 2587, 702, 1, 3, 99, 1, 1281, 1, 31, 3, 1, 26, 1014, 79, 69, 7, 1, 37693, 64, 19623, 144, 1, 1, 837, 4, 2, 203, 3528, 157, 6, 659, 2, 538, 1, 52, 11, 220, 21, 2, 6, 1710, 792, 5149, 1, 31, 206, 1, 90, 10319, 23, 26245, 1, 6, 13770, 27, 1, inf, 777, 3971, 1871, 2, inf, 1, 256, 38, 12, 4521, 1, 6, 1, 1, 2, 27644, 542, inf, inf, 22, 10, 1, 40, 2, 1, 2457, 4, 269, 1, 3502, 12478, 989, 16, 33, 34, 6, inf, 2, 664, 1, 8615, 176, 2649, 1, 1, 422, 1, 1, inf, 8, 1, 4956, 1886, 3905, 115, 5, 21, 1, 2, 1, 181, 2, 17, 466, 4, 6225, 3, 1, 2, 5, 812, 1, 15, 1, 4823, 49, 6, 2, 154, 9, 102, 182, inf, 807, 1, 2, 33, 567, 1, 945, 2, 5, 1, inf, 1, 9410, 229, 5025, 50, 179, 14, 3, 97, 4, 1, 26, 134, 30, 41, 3, 22, 1, 2, 20, 1, 5955, 3, 54, 18, 1, 1, 4, 8835, 4788, 147, 918, 2227, 1, 3, 1, 9, 1, 22, inf, 10, 1, 1710, 213, 399, 170, 1, 1, 198, 1, 1, 219, 7464, 3903, 1, 1561, 1, 827, 1, 1, 581, 7, 8, inf, 1, 188, 1, 1, inf, 325, 38, 3712, 2, 440, 63, 300, 1, 7182, 37, inf, 735, 1474, 269, 2371, 1, 1, 1, 82, 415, 8, 3, 2, 2, 3957, 1, 2787, 3870, 27839, 5, 5, 9368, 1, 257, 2, 29, 37, 902, inf, 3, 1, 1, 72, 70, 1, 1, inf, 447, 2, 41, 17619, 10, 6, inf, 39, 3, 1, 3, 565, 286, 1, 2, 100, 1, 1481, 299, 1, inf, 1, 2, 14, 10, 2180, 2, 6, 3308, 822, 48, 1, 2, 22, inf, 9, 9, 81, 1, 115, 3, inf, 8, 4, 1, 7, 303, 412, 2481, 1, 91, 356, 727, 1, 1, 86, 1, 50, 1, 1, 9, 198, 20, 227, 1, 5, 56, 1695, 13, 13467, 2, 1, 395, 685, 1, 2, inf, 210, 81, 633, inf, 1, inf, 1, 1356, 1, 1, 2, 6, inf, 2098, inf, 1, 5, 2, 8, 1, 29, 62, 568, 14, 4, 1, 2, 1, 42, 5, 1, 291, 23, 12, 363, 1, 2, 3, 5530, 1, 2, 3270, 177, 205, 2, 1987, 2, inf, inf, 1, 1, inf, 3, 2, 1058, 1, 238, 2, 7, 67, inf, 1, 4, 233, 28, 11, 3, 277, 883, 1559, 4, 219, 9504, 1, 5, 722, inf, 1, 8, 135, 10, 1, 24, inf, 46155, 1, 1, 1747, inf, 58, 289, 1, 45, 1939, 2337, 3, 4332, 6, inf, 1812, 2, inf, 10, 1215, 67, 37321, 1858, 1604, 15, 1158, 35, 1, 5, 4565, 214, 36, 1, 3, inf, 106, 2, 51, 29, 1, 1, 2, 1733, 1, 4621, 1, 1, 7, 5271, 22, 523, inf, 8, 203, 1, 9, inf, inf, 22, 1, 1, 136, 5760, 12, 2, 277, 603, 2, 2, 32, 3, 1, 198, 21, 1, 581, 1, 1, 1, 10, 71, 5657, 112, 1419, 1, 375, 6, 1041, 74, 7, 1, 2, 1, 2354, 3391, 3, 8, 4, 6568, 1, 217, 29, 9, 2, 10012, 10, 3, 1, 261, 287, 1, 30, 2, 8, 46, 817, 849, 2, 5, 320, 1, 3, 83, inf, 102, 1, 4, 51200, 2, 102, 60, 1, 1, 110, 1, 2841, 2, 85, 2, 24, 14, 4, 1, 1, 45563, 6, 7227, 1, 1211, 283, 52, 41, 342, 1167, 25, 1, 1, 1, 1, 98, 3, 28, 86, 2, 758, 754, 367, 1, 1, 1, 5, 1, 11, 1, 1, 4809, 39, 2, 2074, 2312, 3, 35, 5940, 3, 214, 4, 3, 1, 11, 1, 3121, 5, 1679, 2448, 1, 1, 17, 2681, 3430, 36, 67, 1, 1, 1, 2, 3243, 1, 1, 83, 1, 1, 6, 1, 1, 1, 3, 2, 14203, 2, 94, 74, inf, 7834, 1, 18, 1, 1596, 11, 333, 10, 14, 3, 33, 1, 1, 2, 31268, 9, 5, 2, 4873, 300, 1, 6745, 3, 311, 18, 27, 1, 1, 1536, inf, 42046, 1372, 1, 1292, 11, 60, 3, 1, 60, 3, 1, 1, 161, 1, 24, 1, 1, 1, inf, 8455, 2, inf, 2, 1, 54, inf, 1, 1, 86, 1270, 3, 26, 1, 6, inf, 5, 49, 12784, 26, 1, 980, 3, 515, 4, 1, 53, 25, 7, 1, 3375, 125, 90, 1, 2, 11, 88, 4, inf, inf, 22, 2, 5008, 5482, 7317, 1, 98, 10, 2, 1, 7, 375, inf, 1, 1, 4, 9896, 1, 20, 1, 3, 1, 1, 27, 440, 106, 1, inf, 1, 5, 1, 1, 3, 1, 1, 1, 11, 58, inf, 4532, 95, 28054, 213, 269, 39, 18, 76, 1, 1, 13, inf, 3, 1, inf, 4, 50, 2322, 1, 7, 1, 16613, 162, 1342, 84, 1, 47512, inf, 83, 1, 3268, 1, 3, 3, 2, 11, inf, 4, 1, 355, inf, inf, 1, 666, 1, 4669, 1, 1, 3, inf, 407, 26, 1, 2212, 13347, 3, 2, 58, 2, 1, 1, 8072, 4, 82, 281, 5, 471, 15, 434, 2, 4687, 1, 141, 2211, 225, 3, 11, 123, 2, 1, 1, 2, 2, 22518, 1, 2, 1, 2, 951, 1, 111, 3, 1, 71, 3, 16, 376, 2072, 1, 2, 2, 1, 2, 1, 3204, 1, 2, 1, 1, 1, 1, 1, 1, 87, 2, 38, 6779, 4, inf, 1, 12, 4, inf, 3673, 3835, 419, 1196, 304, 2, 723, 4518, 1174, 2948, 1852, 7692, 8, 8590, 3, inf, 1, 3482, 20, 5, 36, 2, 1, 2, 2, 1, 2, 1, 1, 3, 7, 2, 2, 8, 111, 17, 545, 17, 1, 10, 7006, 94, 3, 412, 1, 2, 1, 3547, 8843, 1, 1, 1, 1, 4, 7, 3, 1, 3, 3, 1, 1, 17, 19, inf, 15, 2, 5784, 1592, 80, 2778, inf, inf, 6, 3, 6562, inf, 1, 19, 1, 1, 1, 236, 56, 5, 23, 3201, 14, 1161, inf, 44, 9, 13, 78, 1292, 61, 1, 1009, 1, 1, 33, 278, 1, 3, 2, 4810, 1, 15, 778, 1, 81, 22, 59, inf, 2, 455, 1, 4, 1, 1314, 4, 156, 1, 221, 107, 5, 4, 3, 7, 8, inf, 1160, 103, 71, 137, 7, 2228, 830, 864, 1, 2, 2227, 6, 62, 502, 7, 1, 83, 27, 15, 10192, 4, inf, 207, 3, 286, 4, 4612, 1361, 4853, 4037, 1, 373, 243, 7, 1703, 2, 2, 1, 9376, 197, 4, 8, inf, 8, 34, 4, 1, 1, 1502, 8, 30909, 142, 153, 1, 215, 1, 778, 1634, 2, 26, 1, 29, 2, 1, 125, 70, inf, 2, 3068, 94, 8, 1, 13, 2150, 81, 43, 11, 13, 80, 5, 3, 116, 1, 3, 1, 3, 1, 1, 3362, 65, 14, 780, 3571, 194, 80, 1, 2, 1, 183, 239, 760, 1, 1, 9, 2023, 81, 1, 58, 1, 72, 6, 1486, 1, 1, 2403, 4433, 1, 863, 1, 1, 15785, 1, 308, 938, 884, 1, 1, 1, 4, 40, 1829, 180, 1, 4, 13, 3723, 124, 1, 1, 45, 1724, 30, 3, 14, 8, 310, 13, 193, 732, 356, 6, inf, 106, 4454, 1, 5, 42160, 1007, 218, 140, 505, 3, 6, 1, 1, 4732, 609, 28, 15, 2, 6, 33, 9, 1, 1, 1, 86, 56, 2, 10807, 95, 1, 3, 54, 76, 7, 4, 219, 7, 87, 450, inf, 20, 8276, 99, 2, 153, 4, 14, 1, 34, 1162, 6, 3897, 1, 3, 138, 54, inf, 1, 1, 569, 13, 101, 1158, 1, 1, 254, 43, 2265, 10, 4, 6834, 27, 6, 3487, 1, 8895, 24, 8, 2, 1, 1, 406, 3014, 1945, 5660, 1, 8592, 1, 1598, 175, inf, 45, 89, 1, 3, 9, 7, 1, 1, 691, 137, 1766, 55, 3, 15, 4, 1, 40, 129, 1, inf, 143, 4, 1, 1, 4, 1, 3200, 2, 12, 1, 2, 13, 4236, 22, 2, 4104, 1, 1, 33, 583, 9827, 390, 9259, 1, 1, 1409, 1, 163, 93, 1, 31, 1, 431, 1308, inf, 1804, 9, 2214, 104, 143, 4, 160, 1, 78, inf, 106, 2, 25, inf, 1, 63, 15760, 338, 7, 10, 1, 1, inf, 1, 63, 240, 2120, 1, 3124, 8, 2, 4305, 1, 7954, 422, 29, 2, 65, 1, 473, 1, 14, 1, 364, 1, 1, 25553, 28, 35, 2993, 1, 1, 2, 160, 31, 2, 1, 201, 2440, 92, 3669, 2, 8, 3, 3, 1, 24593, inf, 3626, 3, 3874, inf, 1, 224, 5, 1, 3, 2, 7, inf, 3, 4, 351, 2, inf, 11, 332, 1, 3, 2, 6, 415, 4577, 1, 476, 241, 20, 411, inf, 7, 214, 5, 2, inf, 1, 1, 1, 403, 778, 1, 1, 851, 1, 209, inf, inf, 2663, 2, 4, 1, 1, 4495, 8, inf, 1, 382, 1, 2, 1, 4, 1, 1545, 240, 26, 1, 372, 31, 1, 1323, 3476, 6, 102, 49, 49, inf, 1, 313, 1, 1, inf, 6631, 1, 1, 277, inf, 1, 4, 2, 1, 1, 1, 388, 2, 3, 3, 1, 24, inf, 14, 1, 1, 44219, inf, 162, 2568, 1, 78, 3, inf, 35, 17801, 4, 17, 5, 41, 36, 12, 1, 1, 203, 2450, 2, 89, 2, 1, 2, 1695, 5484, inf, inf, 73, 11, 21, 4, 1, 7, inf, 1, 1, 6323, 4, 2, 2853, 1, 1140, 17, 679, 984, 35, 2, 1960, 2, 23, 15, 7, 54, 1, 16, 2, 3, 1, 1, 64, 1, 1, 3291, 40801, 2, 2, 1, 24, 170, 2, 29, 49711, 4, 2449, 2368, 122, 45, inf, 2, 15, 9, 1, inf, inf, 926, 4, 3, 4, 1, 11259, 2, 9422, 19, 1, 2122, 97, 22, 6, 940, 1, 37554, 1, 10, 1, 1, 1, 1, inf, 1, 1, 24, 2, 3, 334, inf, 1597, 1, 7568, 5, 39349, 179, 36, 1, 2, 1, 1, 350, 1, 480, 1, 4, 32, 1, inf, 2110, inf, 16, 2, 4, 4252, 1, 9, 1, 1, 3, 1, 15, 7, inf, 2, 3, 31, 1, inf, 300, 6, inf, 53489, 32, 2, 8602, 1, 2, 1, 1, 41, 2, 1, inf, 1, 3070, 1292, 18, inf, 129, 1486, 7890, 1, inf, 33, 3599, 46, 4, 1, 72, 17, inf, 1, 1, 4, 1, 8929, inf, 78, inf, 140, 2, 2117, 1, 57, 1, 1, 1, 7751, 5707, 3618, 1, 1, 1, 4870, 1, inf, 1, inf, 1, 4, 1, 1, 637, 580, 1, inf, 1902, 80, 1, 1, 456, 4588, 1, 231, 4655, 15, 2140, 1, 4, 1081, 1, 1, 1, 1, 1, 1, 1, 1, 2331, 1, 1, 1, 1, 4063, 1, inf, 813, 1, inf, inf, 9160, 235, 29938, 329, 1, 1, 2, 36, 8, 1, 2, 11, 1, 5, 1, 1, 1, inf, 207, 39, 7, 6, 11456, 3, 199, 1, 10, inf, 1, 2, 1, 4, 3568, 5, 4550, 1, 1, 1, 5, 1, 4, 2581, 1, 116, 313, 1, 42, 1075, 475, 1, 1, 2279, 936, inf, 6, 1415, 3, 1, inf, 1168, 3063, 303, 3, 18, 6, 2, 6, 1, 2, 64, 67, 594, 1, 1, 341, 1, 29, 33, 2527, 2, 1, 408, 2022, 5, 334, 4, 15675, 2, 1, 1, 31, 2, 299, 1134, 49965, inf, 106, 836, 4349, 47, 3, 4, 13678, 30037, 11617, 6, 2225, 17, 4, 868, inf, 1, 10110, 1, 38, 3, 5110, 9, 37, 33, 1, 28, 9813, 2501, 5, 21, 1, 1, 1, 8, 2, 3, 27, 2786, 1015, 1, 42, 1, 4, 1, 1, 1, 6, 1, 3, 1, 37, 1, 1, 3, 297, 21, 3, 1, 1, inf, 7603, 1, 1, 1, 20, inf, 5502, 7153, 15, 20, inf, inf, 2264, 166, inf, 1, 20, 1, 2, 2, 367, 255, 99, 1, 221, 718, 157, 1, 1601, 7, inf, 5, 6, 75, inf, 1, inf, 2, 1, 5, 2, 3, 207, 492, 196, 30, 6, 1, 12057, 1, 1, 5286, 157, 3470, 1198, 8, 1, 1, 189, 1, 59, 2, 4, 3572, 1, 1, 768, 9360, 4, 1241, 4, 33, inf, 4548, 1, 3332, 420, 27, 1, 24, 2671, 246, 6, 8793, 1, 1143, 1, 1, 15934, 650, 1125, 45, 1, 1, 3, 1, 1, 154, 1, 5, 1, 5, 1, 14, 1, 1, 8, 3, 1, 1, 1, 109, 4, 4, 245, 13, 1, 1, 6, 1, 191, 1, 6, 14, 2, 5, 30, 2320, 311, 72, 441, 3, 4, 12, inf, 2399, 1, 1, 71, 12, 1, 119, 1, 2, 506, 3, 12, 3, inf, 52, 1, 1892, 1032, 175, 3, 2, 2, 355, 217, 1, 36, 140, 11, 7, 3, 1, 2, 1, 5, 1, 6555, inf, 676, inf, 6, inf, 6, 9, 1, 1, 11, 10, 1, 1, 1, 1, 1, 1, 4, 136, 1, 1, 297, 194, 722, 33, 5, 1, 4, 425, 1926, inf, 1, 1, 573, inf, 4, 62, 1, 1, 15, 117, 59, 76, 792, 23, 1, 1, 16, 26, 67, 1, inf, 26, 5685, 3924, 580, 7, 3, 17, inf, 14, 26, 5, 4, 1367, 1, 4, 10, 1347, 1, 3, 1, 149, 1, 45, 91, 2115, 3, 4511, 1, 1, 3, 2, 889, 1, 4523, 8830, 557, 261, 1, 5, 1, 4258, 11, 330, 1, 1, 8, 1, 3, inf, 1, 9, 8, 80, 329, 106, 52496, 311, 14773, 1, 1, 18, 148, 50226, 1, 11571, 372, 10, inf, 1, 1, 8, 52, 25, 439, 58, 41, 1, 1, 1, 2, 14469, 182, 1, 1, 4157, 235, 2, 381, 1, inf, 204, 28, 73, 2, 41, 2, 426, 1827, inf, 27, 1410, 25, 1, 2322, 640, 360, 35, 1, 1190, 1, 235, 3, 19, 1, 9, 2, 3, 6, 73, 205, 32462, 1, 46, 2388, 1022, 1159, 1, 1, 3, 59, 2355, 13, 2, 1, 4, 900, 1, 2, 3, 1, 69, 2, 2, 675, 4, 391, 3, 7, 5, 6, inf, 1, 1, 4, 1, 44288, 1, 88, 9, 1, inf, inf, 1, 2931, 40, 1, 1, 2, 1, 3, 1, inf, 19, 1, 1, 47, 1, 26, 1, 870, 1, 57, 14, 1, 1, 6, 1, 3128, 7, 156, inf, 497, 13, 852, 6, 139, 20, 9, 27, 1736, 1, 21, 5040, inf, 13, inf, 4116, 30, 9, 1, 49367, 46, 1, 1, inf, 1, 1, 1, 1, 16118, 13, 48, inf, 1, 46, 4704, 3, 2322, 16, 809, 10901, 2, 1, 1635, 1639, 1, 57392, 565, 2, 1, 1, 2, 4, 10, 1, 1, 1, 1, 1, 1, 1, 23, 62, 309, 25, 2, 1037, 608, 948, 50, 5, 438, 7244, 364, 35, 259, 228, 933, 1, 1, 994, 124, inf, 1579, 39, 2, 1, 2, 1, 28, 1201, 1, 10, 120, inf, 2847, 4173, inf, 149, 969, 1, 2, 1468, 3736, 4, 1012, 135, 254, 537, 2005, 3, 951, 1, 10, 1, 3, 209, 2324, inf, 32, 12, 636, 20, 9100, 2, 12, 5669, 1, 5, 5607, 5028, 3709, 7158, 371, 1, 21, 14, 637, 22, 51, inf, 10, 1, 531, 1, inf, 13, 119, 226, 1, 7950, 5408, 233, 22564, 1, 2, 1, 3, 30, 3, 41, 4, 2, 10295, 7, 2, 3075, 217, 1, 1, 1, 3, inf, 1, 9, 369, 1, 1839, 7, 8, inf, 3, 5894, 11, 1, 2, 384, 5, 44, 287, 6, 103, 7, 412, 9, 2, 11, 133, 1012, 1, 1, 2, 1, 1, 1, 2, 1, 1, 1, 1, 1, 1, 620, 5, 51696, 5, 26, 3, 2, 223, 32, 38, 24, 2, 1178, 150, 1, inf, inf, 139, 2, inf, 1, 81, 20, 8429, 13, 1, 1, 111, 1, inf, 1, 2, 1, 15, 613, 1, 51712, 1, 1, 11, 237, 6, 1042, 1, 1, 12, 1, 8, 61, inf, 1, 1, 166, 2, 1, 164, 1, 17, 1, 1, 760, 2144, 46, 1370, inf, 31, 1, 4, 1, inf, 4017, 285, 5, 1, 8934, 1, 19, 541, 8, inf, 1, 22, 1, 2, 1, 597, 70, 3216, 1160, 1, 1, 2, 22, 8, 1, 2109, 1, 4111, 369, 101, 36, 858, 4, 6, 157, 1439, 38, 1, 1, 1, 1, 11, inf, 1, 31, 300, inf, 17, 1, 15, inf, 31, inf, 1224, 9, 20021, 1227, 351, 2, 1, 1, 1, 1, 24, 227, 2, 1207, 2681, 1, 174, 1, 63, 201, 621, 315, 9, 2, 1, 1, 1, 1, 5, 181, 14, 320, 333, 947, 1, 14, 1, 69, inf, 3, 6, 1, 6, 3, 160, 2, 208, 1, 373, 8, 3, 3169, 5, 1, 1, inf, inf, 8, 1, 2084, 2387, inf, 341, 15, 1, 2, 2, 115, 1, 10, 150, 144, 2, 3, 1, 766, 6, 3440, 953, 4, inf, 913, 194, 12706, 4, 2, 4607, 8, 12308, 3, inf, 6241, 414, 59, 1, 1, 5, 1338, 1, 2, 2955, 12, 2, 16, 1, 1, 2, 126, 27, 7, 1, 15, 177, 10, 10, 51, 94, 783, 1373, 1, 1, 16, 1, 2, 1, 4, 58, 475, 2, 1, 168, 6, 1, 1, 6296, 1, 1, 1, 14, 27, 3412, 1424, 3, 3, 28, 1, 11, 766, 1075, 1, 1, 3863, 1, 16, 52240, 36, 10553, 221, 1, 1, 574, 1, 1, 1998, 13589, 1, 2, 1, 13, 1149, 1763, 9, 1, 5, 4671, 527, 3, 1, 1, 7437, 5, 14, 773, 1, 43, 3421, 585, 9, 51, 3, 36, 38899, 1, 1, 3323, 23, 3, 2880, 13925, 78, 86, 5202, 1, 1, 180, 1, 1, 46, 8, 2, 3, 10, 382, 1, inf, 1, 45, 6577, 3, 75, 7008, 6, 7, 1, 5, 1, 6, 7, 1, 1, 15, 565, 1, 9, 1, 542, 33, 199, 308, 1, 144, 3, 1, 145, 14, 321, 4, 1, 1259, 30, 2, 1, 198, 58, 16, 1, 5816, inf, 339, 8, 512, inf, 52, 97, 1, 1109, 4, 1988, 33, 1, 128, inf, 11, 1, 1, 1, 54, 43, 5, 111, 226, 1, 246, 175, 976, 1465, 5, 122, 2, 126, 2, 1, 42, 1, 143, 856, 6834, inf, 1675, 268, 72, 458, 348, 82, 8, 4, 1, 2, 1, 2, 1, 1, 1, 1, 1, 55, 7, 314, 1, 3, 24, 307, 669, 1229, 76, 386, 577, 1, 11, 1, 1, 74, 6002, 1951, 2, 95, 2968, 1, 123, 160, 3626, 18, 1895, 2, 2, 82, 1, 93, 5, 6, 1, 1, 1, inf, 15, inf, 19, 14, 5, 1, 5, 1, 2, 2, 243, 82, 4, 289, 4, 1, 101, 5, 1, 1, 1, 3, 35, 1, 1, inf, 1, 1, 1, 2, 1, 844, inf, 1, 2903, 256, 1, 202, 1277, 100, 1, 56, 3556, 63, 6, 2, 314, 1, 3207, 1, 3183, inf, 6, 11, inf, inf, 2, 2, 5, 1, 235, 15, 1, 9, 8, inf, 39, 1, 8, 58, 1, 21, 13, 1, 1, 2, 13, 69, 3, 3, 85, 11, 88, 39, inf, 3, 1, 2, 85, 1924, 35, 2, 36, 186, 8, 6781, 3, 1, 1, 8, 30, 4, inf, 292, 1, 27, 5, 1, 68, 166, 1, 178, 1, 1107, 18, 8, 7, 685, 1, 1, 790, 1324, 20001, 2, 580, 1, 1, 4376, 4, 5, 1524, 29, 4220, 7, 6, inf, 7, 25, 3421, 38, 879, 31, 2, 12, 2, 5, 93, 2, 3950, 364, 449, 503, 39, 3, 2, 6, 40, 1, 4, 12, 289, 1, 22, 43, 331, 5, 1, 187, 456, 4, 2325, 7, 2833, 1, 1, 4, 20, 1, 7, 7, 583, 2976, 27, 24, 18, 2153, 6, 1, 201, 1, 7, 81, 1, 608, 4, 3163, 2, 15, 6, 35, 2014, 648, 7240, 1, 7, 1, 2, 4, 92, 5812, 80, 206, inf, 2, 3, 1276, 4, 303, 2, 5, 3, 132, 1, 1, 53, 155, 50756, 14, 5329, 4223, 3338, 1, inf, 1, 210, 4, 1899, inf, 5, 1334, 11, 2270, 2267, 4706, 222, 113, 973, 4, 2, 1661, 1, 3600, 1, 403, 1, 1, 3, 1, 4757, 1, 212, 3116, 1518, 95, 410, 1, 10, 3, 6467, 3, 21057, 1, 8, 1, 1, 1, 54, 2, 40113, 476, 150, 3095, 2, 618, 1, 44, 1, 45, 2704, 1370, 22, 15, 31, 19884, 548, 175, inf, 2, 1, 3032, 326, 734, 1, 2, 254, 981, 698, 7966, 1, 3042, 2, 1, 10055, 20, 1, 4, 1, 871, 1, 4, 434, 2, 1430, 108, 1385, 1, 1, 39, 1, 1703, 3380, 1939, 2, inf, 2, 19, 35, 4016, 10, 4, 1, 2, 23, 1, 51, 12, 12, 470, 3, 14, 66, 1, 8, inf, 1, 6888, 274, 177, 1, 3126, 46, 1, 1, 482, 1, 4, 3, 626, 391, 1, 6, 2, 43, 3, 77, 9, inf, 2777, 1, 9258, 1, 1, 1119, 31, 1286, 1, inf, 7546, 2653, 1, 31, 1830, 818, 16, 12, 1, 1, 1, 1, 18, 7, 1, 1, inf, 2725, 26, 14603, 2, inf, 37, 1, 13, 4, inf, 1, 439, 86, 89, 1, 6, 12, 284, 82, inf, 19, 1, 4608, 6825, 1, 1408, 2, 1, 19, 258, 43, 2, 4, 12, inf, 40, 2, 1, 12, 1, 54, 12150, 3, 1, 51, 100, 15, inf, 10, 1, 5510, 16, 1, 1, 1, 3, 1609, 9, 335, 1, 41, 236, 113, 239, 79, 1, 1, 1, 1803, 1816, 458, 9, 7, 205, 33, 10, 35, 4, 2572, 44, 41, 1, 169, inf, 1, 271, 1, 1, 8008, 92, 1, 16, 2, 1592, 50, 347, 4989, 2, 6, 266, 88, 2, 82, 579, 53, 2, 3, 2, 83, 141, 1, 1, 20, 23, 15, 12, inf, 193, 2, 1, 9828, 2, 2, 786, 13, 65, 1277, 2065, 5185, 2, 1396, 1, 19, 13, 3, 414, 10, 163, 48, 1, 7, 318, 88, 31461, 1, 1687, 8, 2, 723, 9, 5, 8, 2, 1, inf, 2243, 1, 2, 1, 14, 2, 16, 4, 13433, 828, 411, 8, 2, 2, 410, 1050, 1291, 467, 3, 635, 21, 7, inf, 2, 9, 1, 13, 5, 3, 2, 1861, 102, 9, 1, 720, 144, 108, 377, 1, 2, 65, 2, 1, 1, 2347, 2, 1, 72, 1, 28, 5515, 3, inf, 961, 4, 26, 1, 17, 3, 2, 1268, 3, 144, 16, 6, 1, 1, 28, 183, 3, 1, 4, 26, 13, 609, 18, 108, 267, 1, 1, 292, 7, 86, 98, 1271, 227, 242, 21, 2, 3, 30, 4, 3, 1, 27, 2, 6, 47, 627, 2, 1, 1364, 1, inf, 1, 12461, 1, 3041, 2, 3811, 73, 16, 10, 24, 1, 9, 4, 18, 1503, 20, 897, 47, 1, 29, 4, 4, 6, inf, 9144, 1, 1852, 2, 903, 5075, 3, inf, inf, 1, 1, inf, 83, 2, 370, 3, 1, 1342, 28, 9, 2, 47, 2, inf, 1, 2, 198, 19, 41126, 47, 376, 1619, 3, 1428, 75, 7, 2832, 92, 3, 3, 66, 1, 9, 3163, 8, 2, 1, 156, 1, 679, 4, 330, 1, 56, 4, 10, 1, 2, 2, 4, 1, 26, 2, 1, 2, 52, 1, 603, 1, 958, 431, 552, 8291, 1, 233, 4592, 1, 3, 117, 75, 246, 1, inf, 6, 1, 1497, 145, 161, 53977, 3, 1, 693, 1, 88, 43, 1785, inf, 2, 19492, 32, 15, 8, 7, 1, 5, 4509, 204, 1, 1, 116, 2206, inf, 6, 1, 48, 510, 2, 24, 1, 1, 2065, 22, 3, 545, 30, 9, 1, 1414, 191, 79, 978, 20, 17226, 1, 3, 1662, 7, 5156, 39, 80, 1070, 1, 4, 1792, 1, 125, 8, 1, inf, 840, 894, 6, 14, 165, 1, 44, 208, 1, 859, 323, 9, 1, 6, 16, 1670, 57, 628, 4, 2, 170, 20, 1, 2, 1, 1, 1, 17, 2, 48, 3, 1, 2, 1, 9, 5, inf, inf, 1889, inf, 681, 2, 2, 3, 1176, 7, 1, 15, 1, 1, inf, 36, 233, 11, 2, 7, 4, 1, inf, inf, 3, 2, 2, 6, 1, inf, 1, inf, 4, inf, 24, 67, 88, 126, 2, 2, 1, 9, 2, 654, 250, 1, 2, 53, 5, 712, 490, 28, inf, 1, inf, 43, 91, 1, 6, 2, 1, 5687, 622, 1, 1, 3, 3, inf, inf, 2, 54, 21, 3702, 1, 270, 1, 3, 19, 899, 243, 50, 2, 1550, 1, 53, 13, 4, 226, 353, 122, 3, 36, inf, 1, 314, 1, 1, 1, 4203, 1, 978, 707, 132, 1, 3060, 13, inf, 21, 3, 3290, 2967, 92, 7, 5, 3, 2401, 52, 1, 6, inf, 1, 2, 101, 9504, 42, 26, 31, 1, 210, inf, 8206, 33, 133, 3, 67, 145, 7500, 1308, 5698, 74, 447, 4330, 1525, 1910, 5, 1, 255, 1, 21, 2775, 1348, 451, inf, 4, 1, 1396, 1772, 1114, 231, inf, 1, 406, 1105, 1, 501, 1, 1432, 2, 7212, 3, 1, 740, 107, 3, inf, 1, 2, 5174, 10, 1, 1, 150, 3, 1549, 1, 1, 16454, 1, 20, 3, 103, 207, 2094, 24, 106, 25, 3, 15, 3052, 4199, 1097, 7, 795, 7, 230, 2, 1, 11, 3395, 1, 22, 23, 26, 1, 2, 28, 31, 126, 898, 42, 56, 26326, 186, 46, 18, 58, 713, 1, 10, 66, 70, 2, 316, 5, 1, 1, 35, 208, 91, 215, 95, 4, 3, 1, 93, 1, 1, 555, 8, 1, 3592, 3486, 97, 3, 1, 2, 1916, 8170, 6, 172, 36, 1, 1, 8846, 1, 55, 5, 27243, 442, 4, 1, 1, 3, 1, inf, 13, 33, 62, 1, 2, 2, 554, 1, 18, 12, 2, 1, 51, 1, inf, 1, 1, 11902, 1, 1, 2, 5, 1, 2, 197, 808, 627, 1, 61, 446, 22, 18, 1328, 92, 4, 17, 3, 2731, 83, 552, inf, 2335, 4, 97, 27, 10, 860, 191, 2, 1, 2, 2, 1232, 81, 30, 43, 1, 1, 2, 9, 6711, inf, inf, inf, 15, 3, 13846, 1, 122, 1, 4262, 1196, 47, 18402, 5, 45, 8703, 18, 2, 13, 1, inf, 1, 1, 1, 3, 1, 2, 1780, 1, 4829, 1, 3255, 45, 617, 255, 2, 3541, 758, 4933, 15, 1, 2, 104, 243, 2159, 36, 16, 2, 1, 43, 76, 4, 130, 1491, 1, 4, 1, 21, 1608, 485, 122, 1, 1, 1, 5155, 6, 8739, 1, 1, 1, 539, 3, 1, 150, 16, 44, 4276, 169, 1216, 2, 44, inf, 1, 232, 2385, 3, 14, 357, 33, 152, inf, 363, 1, 1206, 2154, 1, 1357, 1, 1598, 65, 1, inf, 1, 37, 4, 626, 1, inf, 78, 1, 8, 1, 2, 4323, 6, 45, 1, 1, inf, 1, 12, 3, 397, 17, 33, 761, 5494, 37, 74, 4, 1, 2, 72, 6398, 1, 705, 2, 1, 1, 1, 85, 1, 11, 137, 33, 9, 35, 2, 7594, 1665, 9309, 191, 1, 198, 1, inf, 11, inf, 1191, 2280, 1, 1, inf, 683, 6, 4018, inf, 103, 1, 4, 1, 1, 1, 56, 2, 2, 1, 2, 5, 1, 450, 1, 1, 10, 2, 9, 69, 99, 3133, 1, 1, 1258, 12, 482, 1066, 120, 11, 1201, 1, 1, 1, 2556, 3445, 8, 12, 3, 25, 2522, 271, 1, 1, 2, 20, 1, 1745, 227, 284, 119, 828, 3, inf, 37, 5, 157, 289, 305, inf, 5, 7380, 30697, 29, 266, 2386, 1, 2337, 46, 8, 1715, 2, 3078, 861, 24, 6, 1, 1, 1, 1, 126, 1, 179, 1, 21, 1, 1, 1, 1, 1, 1, 3, 17, 1, 1, 1, 2, 154, 4, 6, 300, 23, 3, 1270, 6, 1298, 18634, inf, 1, 2880, 3, 1, 3, 845, 196, 448, 27, 6, 5084, 457, 2, 3, 60, 76, 3, 300, 820, 20, 1, 8371, 150, 5079, 31051, 328, 4, 5, 57, 755, 777, 1349, 132, 17, 1, 1, 1, inf, 1, 3, 10, 2345, 5, 27, inf, 1, inf, 2, inf, 34, 478, 3, 8250, 7, 1, 3316, inf, 39, 7, 9, 5, 20, 1, 2, 5, 7, 1094, 542, 90, 2, 1, 23, inf, inf, 1, 170, 2, inf, 4, 105, 1, 4, 15481, 2, inf, 12, 1427, 2, 26, 286, 2852, 71, 747, 468, 1, 1337, 3, 1109, 839, 145, 1, 26, 755, 1, 1, 213, 1, 1, 5911, 1085, 120, 1, 1, 1, inf, 5, 12, 5, 420, 868, 2, 4, 1, 37533, 3, 555, 4, 1, 2, 175, 55, 1, 1024, 28, 31, 2, 23, 4, 127, 7, 773, 1, 1424, 38, 7174, 1762, 366, 3, inf, 665, 6, 162, 7, inf, 2037, 4119, 11265, 2326, 2, 2, 1, 3, 1889, 172, inf, 247, 73, 418, 22, 1, inf, 132, 31, 12, 3212, 212, 7092, 1, 197, 1, 1, 275, inf, 3, 1, 1, 105, 10, 32, 22, 3, inf, 2464, 585, 172, inf, 36, 1034, 7, 12, 866, 3636, 12, 2, 14, inf, 18, 11, inf, 375, inf, 4, 5, 1, 5079, 3, 303, 61, inf, 1332, 19, 1, 1, 32, 3288, inf, 1, 36, 2, 7839, 12, 141, 1, 1, 53, 254, 8529, 12834, 1, 1689, 3130, 6, 1312, 1450, 2, 3, 1, 21, 6, 3156, 21, 440, 18, 1, 242, 4, 728, 9, 1, 1381, 9, 1, 2, 1, 4, 1562, 4, 4252, 1, 1, inf, 1922, 3180, 115, 1, 20, 15, 1, 26, 4, 5, 201, 678, 9, 1, 132, 15, 1797, 1, 4, 67, 2, 1, 1, 1, 1, 1, 1, 5, 14, 6, 11, 3, inf, 3, 16, 2, 2, 10, inf, 1, 168, 3, 1274, 104, 1, 6, 26, inf, 73, 2520, 12, 1, 1, 1, inf, inf, inf, 213, 197, 124, 2, 4, 7, 1, 16, 2749, 1, 34, 1, 408, 65, 156, 1046, 2, 299, 9, 1, 1126, 11, 18, inf, 45, 162, 2, 1230, 30, 3, 1, 2, 1973, 170, 2, 1, 3405, 3526, 1, 1, 4, 6663, 1, 171, 13, 12765, 5, 4, 3, 9, 13, 55, 1, 44, 2, 81, 1, 5, 2, 205, 556, 1, 628, 1, 1, 2, 1, 2, 10, 34, 2, inf, 2, 123, 2, 1, 185, 1, 11, 389, 3, 161, 1, 1, 45, 1123, 1, 6, 3, 27, 393, 107, 1, 26038, 20, 4, 1, inf, 9, 41, inf, 29, 29, 4375, 4, 50, 2, 3, 956, inf, 672, 4, inf, 15, 4, 23, 3, 1, inf, 1583, 1, 1, inf, 1, 69, 3, 22, 3610, inf, 1, 2, 2, 3, 50, 9717, 16, 3, 2, 1144, 1, 1, 2678, 17, 36, 4292, 263, 34, inf, 8, 1115, 7299, 4, inf, 2, 24, 2, 53, 54, 14, 2, inf, 1092, 598, 3, 4, 549, 1580, 1, 1195, 3049, 698, 2211, 65, 266, 516, 9, 7, 2674, 29, 1, 5, inf, 1, 50, 1, 2, 12, 244, 2, 100, 17, 6, 967, 1, 20, 33, 1, 1, 1, 11, 4, 64, 32, 109, 1, 3025, 4, 29, 1121, 23, 32, 1, 1, 9, 113, 1, 1, 6981, 4, 41, 9, 10, 18, inf, 30, 8419, 3, 32, 102, 4153, 11, 229, 6032, 6053, 174, 37, 3, 37, 2543, 11, 1, 1, 1, 2, 469, 1, 140, 3, 154, 24, 5, 10, 40, 65, inf, 211, 27, 69, 113, 5, 1, inf, 495, 1, 8, 60, 1827, 5, 1, 1468, 80, 1, 14324, 51, 2, 994, 9, inf, 3, 10279, 3152, 128, 265, 21, 523, 482, 241, 1, 8, 18, 31, 25, 1, 1, 10, inf, 1626, inf, 137, 2014, 3, 1, 4, 3, 228, 2, 386, 23, 2289, 1, 35, 1, 5, 3, 7, 48, 1, 44, 111, 6410, 15, 283, 1354, 1133, 1, 718, 675, 3, 2951, 4, 11, 2, 4364, inf, inf, 40, 1, 58, 271, 8, 1, 7, 1237, 339, inf, 221, 46, 1271, 14, 1252, 10, 1, 1, inf, 3, 5, 1, 596, 65, 1, 1416, 40, 3, 46, 201, 1, 1, 19, 1, 1, 1604, 155, 1, 19, 10, 2051, 17, 3967, 13, 6412, 28, inf, 21, 1, 4026, 22, 1, inf, inf, 4, 1, 17, 3797, 10835, 11, 1202, 133, 1, 7, inf, 1028, 8, 8, 1, 21, 12, 27, 6, 6, 1, inf, 14, 3293, 407, 1, 167, 279, 5, 18, 1, 1, 1, 377, 135, 2, 1, 2, 3583, 1, inf, 105, 5, 2, 95, 246, 1, inf, 216, 18, inf, 1, 78, 1, 492, 266, inf, 147, 2, 269, 9, 158, 2, 13, 22, 123, 23, 773, 1, 1, 5, 1, 107, 395, 98, 114, 1, inf, 4135, 8, 3299, 51, 352, 13, 5, 3245, 967, 1, 3, 2, 90, 4, 1, 8, 2, 1, 1, 25, inf, inf, 1, 4, 2737, 24, 21, 141, 418, inf, 1, 2010, 13, 657, 48, 1, 1, 1545, 3, 222, 1, 1, 91, 14, 1, 4, 1270, 10, 1436, 12, 1, 1, 36, 1, 1, 4, 1503, 1464, 2, 2, 1, 227, inf, 8762, 1, 1, 879, 4, 8820, 2305, 108, 4001, 3, 295, 7, inf, 1, 1, 1, 1279, 1, 93, 3165, 2, 95, 570, 1, 1, 54, 4, 6, 2, 1, 1, 3, 25, 5, inf, 1176, 28472, 4, 1, 3, 2, 1585, 28, 3, 13671, 1, 151, 46, 88, 12, 1, 3726, 1, 810, 1, 65, 373, inf, 275, 4, 1, 798, 328, 1, 1, 809, 8, 52, 3, 3, 1, 29, 4, 462, 1, 6, 5, 12, inf, 1, 58, 1, 920, 13, 12, 9, 4, 963, 2, 1, 1, 22, 1, 27, 14, 14, 1, 1, 1, 43, 44, 2, 2, 10, 8, 1, 2, 21, 8, 449, 11, inf, 201, 123, 9279, 13, 1, 1, 75, 1389, inf, 5, 4678, 1, 7, 1, 38, 1, 135, 34, 1, 177, 1, 31, 1, 1698, 177, 58, 16, 4, 491, 7063, 1, 11, 91, 1, 962, 4, 11, 880, 1263, 1, 1, 25, 24, 658, 190, 22, 97, 13, 1, 1, 17936, 570, 2, 1, 1, 141, inf, 36, 1530, 1, 1001, 1, 1, 352, 4976, inf, 1320, 1, 1, 1623, 22, 3003, 1014, 3, inf]
2022-08-28 Sunday 20:27:09:INFO: It completed at: 2022-08-28 20:27:09.184100
2022-08-28 Sunday 20:27:09:INFO: Completed after: 1 day, 8:49:08.263396
