2022-08-29 Monday 06:38:32:INFO: {'bug_database': 'dataset/mozilla/mozilla_soft_clean.json', 'database_name': 'mozilla-sampled-github', 'epochs': 12, 'lr': 0.001, 'l2': 0.0, 'batch_size': 256, 'ranking_batch_size': 512, 'ranking_n_workers': 2, 'cuda': True, 'cache_folder': None, 'pairs_training': 'dataset/mozilla/sampled_github_training_split_mozilla_pairs_random_1.txt', 'pairs_validation': 'dataset/mozilla/sampled_github_validation_mozilla_pairs_random_1.txt', 'neg_pair_generator': {'type': 'none', 'training': None, 'rate': 1, 'pre_list_file': None, 'k': 0, 'n_tries': 0, 'preselected_length': None, 'random_anchor': True}, 'loss': 'bce', 'margin': 0, 'categorical': {'lexicons': 'dataset/mozilla/categorical_lexicons.json', 'bn_last_layer': False, 'emb_size': 20, 'hidden_sizes': [40], 'dropout': 0.0, 'activation': 'relu', 'batch_normalization': False, 'layer_norm': False}, 'compare_aggregation': {'word_embedding': 'word_embedding/mozilla/glove_42B_300d_mozilla.npy', 'norm_word_embedding': False, 'lexicon': 'word_embedding/mozilla/glove_42B_300d_mozilla.lxc', 'sent_representation': None, 'tokenizer': 'white_space', 'bow': False, 'frequency': False, 'extractor': {'update_embedding': False, 'filters': ['TransformLowerCaseFilter'], 'hidden_size': 150, 'dropout': 0.0, 'layer_norm': False, 'txt_field_emb_size': 5, 'field_word_combination': 'cat', 'emb_dropout': 0.0, 'scaled_attention': True, 'model': 'linear', 'use_categorical': False, 'bidirectional': True}, 'matching': {'type': 'full', 'scaled_attention': True, 'comparison_hidden_size': 100, 'dropout': 0.0, 'residual': True, 'layer_norm': False, 'attention_hidden_size': 200, 'attention': 'dot_product', 'comparison_func': 'submult+nn'}, 'aggregate': {'model': 'lstm', 'window': [3, 4, 5], 'nfilters': 100, 'hidden_size': 150, 'dropout': 0.0, 'bidirectional': True, 'num_layers': 1, 'self_att_hidden': 50, 'layer_norm': False, 'n_hops': 20}, 'classifier': {'hidden_size': [300], 'output_act': 'sigmoid', 'hadamard_diff_textual': True, 'hadamard_diff_categorical': True, 'textual_hidden_layer': 600, 'categorical_hidden_layer': 40, 'categorical_dropout': 0.0, 'dropout': 0.0, 'only_candidate': False, 'layer_norm': False, 'batch_normalization': False}}, 'random_switch': True, 'recall_estimation_train': None, 'recall_estimation': None, 'sample_size_rr_tr': 0, 'sample_size_rr_val': 0, 'rr_val_epoch': 100, 'rr_train_epoch': 100, 'ranking_result_file': None, 'optimizer': 'adam', 'lr_scheduler': None, 'save': None, 'save_by_epoch': None, 'load': None, 'recall_rate': {'type': 'sun2011', 'dataset': 'dataset/mozilla/test_mozilla.txt', 'result_file': None, 'group_by_master': True, 'window': 365}, 'pair_test_dataset': None, 'rep': {'model': None, 'input': None, 'training': None, 'rate': 1, 'neg_training': 10000, 'k': 1000}, 'rr_scorer': 'general', 'seed': 40497300}
2022-08-29 Monday 06:38:32:INFO: It started at: 2022-08-29 06:38:32.666628
2022-08-29 Monday 06:38:41:INFO: Turning CUDA on
2022-08-29 Monday 06:38:41:INFO: Using Categorical Information.
2022-08-29 Monday 06:38:41:INFO: Lexicon size: 95848
2022-08-29 Monday 06:38:41:INFO: Word Embedding size: 300
2022-08-29 Monday 06:38:41:INFO: Use white space tokenizer to tokenize summary information
2022-08-29 Monday 06:38:41:INFO: BoW=False and TF=False
2022-08-29 Monday 06:38:41:INFO: Using Summary and Description information.
2022-08-29 Monday 06:38:42:INFO: Using BCE Loss: margin=0
2022-08-29 Monday 06:38:48:INFO: Not generate dynamically the negative examples.
2022-08-29 Monday 06:38:49:INFO: Training size: 724
2022-08-29 Monday 06:38:49:INFO: Validation size: 28
2022-08-29 Monday 06:38:49:INFO: Adam
2022-08-29 Monday 06:38:49:INFO: Scheduler: Constant
2022-08-29 Monday 06:38:49:INFO: Epoch: 1
2022-08-29 Monday 06:38:49:INFO: LR: 0.001
2022-08-29 Monday 06:38:51:INFO: {'type': 'metric', 'label': 'training_loss', 'epoch': 1, 'value': 0.6862410415601994, 'sum': 496.83851408958435, 'num_example': 724}
2022-08-29 Monday 06:38:51:INFO: {'type': 'metric', 'label': 'training_dist_target', 'value': (0.5096584762657544, 0.4815589314666242), 'epoch': 1}
2022-08-29 Monday 06:38:51:INFO: {'type': 'metric', 'label': 'training_acc', 'epoch': 1, 'value': 0.5262430939226519, 'num_correct': 381, 'num_example': 724}
2022-08-29 Monday 06:38:51:INFO: {'type': 'metric', 'label': 'training_precision', 'epoch': 1, 'value': 0.5264623761177063, 'positive': 189.0, 'total': 359.0}
2022-08-29 Monday 06:38:51:INFO: {'type': 'metric', 'label': 'training_recall', 'epoch': 1, 'value': 0.5220994353294373, 'positive': 189.0, 'total': 362.0}
2022-08-29 Monday 06:38:51:INFO: {'type': 'metric', 'label': 'validation_loss', 'epoch': 1, 'value': 0.6872456669807434, 'sum': 19.242878675460815, 'num_example': 28}
2022-08-29 Monday 06:38:51:INFO: {'type': 'metric', 'label': 'validation_dist_target', 'value': (0.4482854093824114, 0.5409798622131348), 'epoch': 1}
2022-08-29 Monday 06:38:51:INFO: {'type': 'metric', 'label': 'validation_acc', 'epoch': 1, 'value': 0.5357142857142857, 'num_correct': 15, 'num_example': 28}
2022-08-29 Monday 06:38:51:INFO: {'type': 'metric', 'label': 'validation_precision', 'epoch': 1, 'value': 1.0, 'positive': 1.0, 'total': 1.0}
2022-08-29 Monday 06:38:51:INFO: {'type': 'metric', 'label': 'validation_recall', 'epoch': 1, 'value': 0.0714285746216774, 'positive': 1.0, 'total': 14.0}
2022-08-29 Monday 06:38:51:INFO: Epoch: 2
2022-08-29 Monday 06:38:51:INFO: LR: 0.001
2022-08-29 Monday 06:38:52:INFO: {'type': 'metric', 'label': 'training_loss', 'epoch': 2, 'value': 0.6242796261666229, 'sum': 451.978449344635, 'num_example': 724}
2022-08-29 Monday 06:38:52:INFO: {'type': 'metric', 'label': 'training_dist_target', 'value': (0.4600069246239425, 0.45142703820328683), 'epoch': 2}
2022-08-29 Monday 06:38:52:INFO: {'type': 'metric', 'label': 'training_acc', 'epoch': 2, 'value': 0.712707182320442, 'num_correct': 516, 'num_example': 724}
2022-08-29 Monday 06:38:52:INFO: {'type': 'metric', 'label': 'training_precision', 'epoch': 2, 'value': 0.739130437374115, 'positive': 238.0, 'total': 322.0}
2022-08-29 Monday 06:38:52:INFO: {'type': 'metric', 'label': 'training_recall', 'epoch': 2, 'value': 0.6574585437774658, 'positive': 238.0, 'total': 362.0}
2022-08-29 Monday 06:38:52:INFO: {'type': 'metric', 'label': 'validation_loss', 'epoch': 2, 'value': 0.6347618103027344, 'sum': 17.773330688476562, 'num_example': 28}
2022-08-29 Monday 06:38:52:INFO: {'type': 'metric', 'label': 'validation_dist_target', 'value': (0.4005035332271031, 0.5175387518746513), 'epoch': 2}
2022-08-29 Monday 06:38:52:INFO: {'type': 'metric', 'label': 'validation_acc', 'epoch': 2, 'value': 0.6071428571428571, 'num_correct': 17, 'num_example': 28}
2022-08-29 Monday 06:38:52:INFO: {'type': 'metric', 'label': 'validation_precision', 'epoch': 2, 'value': 0.800000011920929, 'positive': 4.0, 'total': 5.0}
2022-08-29 Monday 06:38:52:INFO: {'type': 'metric', 'label': 'validation_recall', 'epoch': 2, 'value': 0.2857142984867096, 'positive': 4.0, 'total': 14.0}
2022-08-29 Monday 06:38:52:INFO: Epoch: 3
2022-08-29 Monday 06:38:52:INFO: LR: 0.001
2022-08-29 Monday 06:38:53:INFO: {'type': 'metric', 'label': 'training_loss', 'epoch': 3, 'value': 0.49992295342255694, 'sum': 361.9442182779312, 'num_example': 724}
2022-08-29 Monday 06:38:53:INFO: {'type': 'metric', 'label': 'training_dist_target', 'value': (0.312767102573458, 0.39187930828958584), 'epoch': 3}
2022-08-29 Monday 06:38:53:INFO: {'type': 'metric', 'label': 'training_acc', 'epoch': 3, 'value': 0.7762430939226519, 'num_correct': 562, 'num_example': 724}
2022-08-29 Monday 06:38:53:INFO: {'type': 'metric', 'label': 'training_precision', 'epoch': 3, 'value': 0.8703703880310059, 'positive': 235.0, 'total': 270.0}
2022-08-29 Monday 06:38:53:INFO: {'type': 'metric', 'label': 'training_recall', 'epoch': 3, 'value': 0.6491712927818298, 'positive': 235.0, 'total': 362.0}
2022-08-29 Monday 06:38:53:INFO: {'type': 'metric', 'label': 'validation_loss', 'epoch': 3, 'value': 0.5371946692466736, 'sum': 15.04145073890686, 'num_example': 28}
2022-08-29 Monday 06:38:53:INFO: {'type': 'metric', 'label': 'validation_dist_target', 'value': (0.38171165330069406, 0.3844691004071917), 'epoch': 3}
2022-08-29 Monday 06:38:53:INFO: {'type': 'metric', 'label': 'validation_acc', 'epoch': 3, 'value': 0.7857142857142857, 'num_correct': 22, 'num_example': 28}
2022-08-29 Monday 06:38:53:INFO: {'type': 'metric', 'label': 'validation_precision', 'epoch': 3, 'value': 0.8999999761581421, 'positive': 9.0, 'total': 10.0}
2022-08-29 Monday 06:38:53:INFO: {'type': 'metric', 'label': 'validation_recall', 'epoch': 3, 'value': 0.6428571343421936, 'positive': 9.0, 'total': 14.0}
2022-08-29 Monday 06:38:53:INFO: Epoch: 4
2022-08-29 Monday 06:38:53:INFO: LR: 0.001
2022-08-29 Monday 06:38:54:INFO: {'type': 'metric', 'label': 'training_loss', 'epoch': 4, 'value': 0.38284845345586704, 'sum': 277.18228030204773, 'num_example': 724}
2022-08-29 Monday 06:38:54:INFO: {'type': 'metric', 'label': 'training_dist_target', 'value': (0.2782974295853251, 0.1989967441031946), 'epoch': 4}
2022-08-29 Monday 06:38:54:INFO: {'type': 'metric', 'label': 'training_acc', 'epoch': 4, 'value': 0.8577348066298343, 'num_correct': 621, 'num_example': 724}
2022-08-29 Monday 06:38:54:INFO: {'type': 'metric', 'label': 'training_precision', 'epoch': 4, 'value': 0.8710601925849915, 'positive': 304.0, 'total': 349.0}
2022-08-29 Monday 06:38:54:INFO: {'type': 'metric', 'label': 'training_recall', 'epoch': 4, 'value': 0.8397790193557739, 'positive': 304.0, 'total': 362.0}
2022-08-29 Monday 06:38:54:INFO: {'type': 'metric', 'label': 'validation_loss', 'epoch': 4, 'value': 0.6704208850860596, 'sum': 18.771784782409668, 'num_example': 28}
2022-08-29 Monday 06:38:54:INFO: {'type': 'metric', 'label': 'validation_dist_target', 'value': (0.09441652468272618, 0.6048620768955776), 'epoch': 4}
2022-08-29 Monday 06:38:54:INFO: {'type': 'metric', 'label': 'validation_acc', 'epoch': 4, 'value': 0.6785714285714286, 'num_correct': 19, 'num_example': 28}
2022-08-29 Monday 06:38:54:INFO: {'type': 'metric', 'label': 'validation_precision', 'epoch': 4, 'value': 1.0, 'positive': 5.0, 'total': 5.0}
2022-08-29 Monday 06:38:54:INFO: {'type': 'metric', 'label': 'validation_recall', 'epoch': 4, 'value': 0.3571428656578064, 'positive': 5.0, 'total': 14.0}
2022-08-29 Monday 06:38:54:INFO: Epoch: 5
2022-08-29 Monday 06:38:54:INFO: LR: 0.001
2022-08-29 Monday 06:38:56:INFO: {'type': 'metric', 'label': 'training_loss', 'epoch': 5, 'value': 0.33084672343665067, 'sum': 239.53302776813507, 'num_example': 724}
2022-08-29 Monday 06:38:56:INFO: {'type': 'metric', 'label': 'training_dist_target', 'value': (0.18319457143709805, 0.19004664500115326), 'epoch': 5}
2022-08-29 Monday 06:38:56:INFO: {'type': 'metric', 'label': 'training_acc', 'epoch': 5, 'value': 0.8632596685082873, 'num_correct': 625, 'num_example': 724}
2022-08-29 Monday 06:38:56:INFO: {'type': 'metric', 'label': 'training_precision', 'epoch': 5, 'value': 0.874643862247467, 'positive': 307.0, 'total': 351.0}
2022-08-29 Monday 06:38:56:INFO: {'type': 'metric', 'label': 'training_recall', 'epoch': 5, 'value': 0.8480662703514099, 'positive': 307.0, 'total': 362.0}
2022-08-29 Monday 06:38:56:INFO: {'type': 'metric', 'label': 'validation_loss', 'epoch': 5, 'value': 0.3827483057975769, 'sum': 10.716952562332153, 'num_example': 28}
2022-08-29 Monday 06:38:56:INFO: {'type': 'metric', 'label': 'validation_dist_target', 'value': (0.20794103826795304, 0.30543579374040875), 'epoch': 5}
2022-08-29 Monday 06:38:56:INFO: {'type': 'metric', 'label': 'validation_acc', 'epoch': 5, 'value': 0.75, 'num_correct': 21, 'num_example': 28}
2022-08-29 Monday 06:38:56:INFO: {'type': 'metric', 'label': 'validation_precision', 'epoch': 5, 'value': 0.7692307829856873, 'positive': 10.0, 'total': 13.0}
2022-08-29 Monday 06:38:56:INFO: {'type': 'metric', 'label': 'validation_recall', 'epoch': 5, 'value': 0.7142857313156128, 'positive': 10.0, 'total': 14.0}
2022-08-29 Monday 06:38:56:INFO: Epoch: 6
2022-08-29 Monday 06:38:56:INFO: LR: 0.001
2022-08-29 Monday 06:38:57:INFO: {'type': 'metric', 'label': 'training_loss', 'epoch': 6, 'value': 0.2628984879393604, 'sum': 190.33850526809692, 'num_example': 724}
2022-08-29 Monday 06:38:57:INFO: {'type': 'metric', 'label': 'training_dist_target', 'value': (0.09074559659589061, 0.23192188621225937), 'epoch': 6}
2022-08-29 Monday 06:38:57:INFO: {'type': 'metric', 'label': 'training_acc', 'epoch': 6, 'value': 0.8853591160220995, 'num_correct': 641, 'num_example': 724}
2022-08-29 Monday 06:38:57:INFO: {'type': 'metric', 'label': 'training_precision', 'epoch': 6, 'value': 0.9543973803520203, 'positive': 293.0, 'total': 307.0}
2022-08-29 Monday 06:38:57:INFO: {'type': 'metric', 'label': 'training_recall', 'epoch': 6, 'value': 0.8093922734260559, 'positive': 293.0, 'total': 362.0}
2022-08-29 Monday 06:38:57:INFO: {'type': 'metric', 'label': 'validation_loss', 'epoch': 6, 'value': 0.39296457171440125, 'sum': 11.003008008003235, 'num_example': 28}
2022-08-29 Monday 06:38:57:INFO: {'type': 'metric', 'label': 'validation_dist_target', 'value': (0.33446999958583284, 0.14242453234536306), 'epoch': 6}
2022-08-29 Monday 06:38:57:INFO: {'type': 'metric', 'label': 'validation_acc', 'epoch': 6, 'value': 0.8214285714285714, 'num_correct': 23, 'num_example': 28}
2022-08-29 Monday 06:38:57:INFO: {'type': 'metric', 'label': 'validation_precision', 'epoch': 6, 'value': 0.7647058963775635, 'positive': 13.0, 'total': 17.0}
2022-08-29 Monday 06:38:57:INFO: {'type': 'metric', 'label': 'validation_recall', 'epoch': 6, 'value': 0.9285714030265808, 'positive': 13.0, 'total': 14.0}
2022-08-29 Monday 06:38:57:INFO: Epoch: 7
2022-08-29 Monday 06:38:57:INFO: LR: 0.001
2022-08-29 Monday 06:38:58:INFO: {'type': 'metric', 'label': 'training_loss', 'epoch': 7, 'value': 0.2499548391083986, 'sum': 180.9673035144806, 'num_example': 724}
2022-08-29 Monday 06:38:58:INFO: {'type': 'metric', 'label': 'training_dist_target', 'value': (0.21220260957327997, 0.07845371467632484), 'epoch': 7}
2022-08-29 Monday 06:38:58:INFO: {'type': 'metric', 'label': 'training_acc', 'epoch': 7, 'value': 0.9033149171270718, 'num_correct': 654, 'num_example': 724}
2022-08-29 Monday 06:38:58:INFO: {'type': 'metric', 'label': 'training_precision', 'epoch': 7, 'value': 0.8596059083938599, 'positive': 349.0, 'total': 406.0}
2022-08-29 Monday 06:38:58:INFO: {'type': 'metric', 'label': 'training_recall', 'epoch': 7, 'value': 0.9640883803367615, 'positive': 349.0, 'total': 362.0}
2022-08-29 Monday 06:38:58:INFO: {'type': 'metric', 'label': 'validation_loss', 'epoch': 7, 'value': 0.323081374168396, 'sum': 9.046278476715088, 'num_example': 28}
2022-08-29 Monday 06:38:58:INFO: {'type': 'metric', 'label': 'validation_dist_target', 'value': (0.25779407364981516, 0.18594324588775635), 'epoch': 7}
2022-08-29 Monday 06:38:58:INFO: {'type': 'metric', 'label': 'validation_acc', 'epoch': 7, 'value': 0.8571428571428571, 'num_correct': 24, 'num_example': 28}
2022-08-29 Monday 06:38:58:INFO: {'type': 'metric', 'label': 'validation_precision', 'epoch': 7, 'value': 0.8125, 'positive': 13.0, 'total': 16.0}
2022-08-29 Monday 06:38:58:INFO: {'type': 'metric', 'label': 'validation_recall', 'epoch': 7, 'value': 0.9285714030265808, 'positive': 13.0, 'total': 14.0}
2022-08-29 Monday 06:38:58:INFO: Epoch: 8
2022-08-29 Monday 06:38:58:INFO: LR: 0.001
2022-08-29 Monday 06:39:00:INFO: {'type': 'metric', 'label': 'training_loss', 'epoch': 8, 'value': 0.21773887997832747, 'sum': 157.64294910430908, 'num_example': 724}
2022-08-29 Monday 06:39:00:INFO: {'type': 'metric', 'label': 'training_dist_target', 'value': (0.10116529201275735, 0.18186477798124703), 'epoch': 8}
2022-08-29 Monday 06:39:00:INFO: {'type': 'metric', 'label': 'training_acc', 'epoch': 8, 'value': 0.9212707182320442, 'num_correct': 667, 'num_example': 724}
2022-08-29 Monday 06:39:00:INFO: {'type': 'metric', 'label': 'training_precision', 'epoch': 8, 'value': 0.939481258392334, 'positive': 326.0, 'total': 347.0}
2022-08-29 Monday 06:39:00:INFO: {'type': 'metric', 'label': 'training_recall', 'epoch': 8, 'value': 0.90055251121521, 'positive': 326.0, 'total': 362.0}
2022-08-29 Monday 06:39:00:INFO: {'type': 'metric', 'label': 'validation_loss', 'epoch': 8, 'value': 0.32694196701049805, 'sum': 9.154375076293945, 'num_example': 28}
2022-08-29 Monday 06:39:00:INFO: {'type': 'metric', 'label': 'validation_dist_target', 'value': (0.13835253034319198, 0.32941899980817524), 'epoch': 8}
2022-08-29 Monday 06:39:00:INFO: {'type': 'metric', 'label': 'validation_acc', 'epoch': 8, 'value': 0.7857142857142857, 'num_correct': 22, 'num_example': 28}
2022-08-29 Monday 06:39:00:INFO: {'type': 'metric', 'label': 'validation_precision', 'epoch': 8, 'value': 0.8999999761581421, 'positive': 9.0, 'total': 10.0}
2022-08-29 Monday 06:39:00:INFO: {'type': 'metric', 'label': 'validation_recall', 'epoch': 8, 'value': 0.6428571343421936, 'positive': 9.0, 'total': 14.0}
2022-08-29 Monday 06:39:00:INFO: Epoch: 9
2022-08-29 Monday 06:39:00:INFO: LR: 0.001
2022-08-29 Monday 06:39:01:INFO: {'type': 'metric', 'label': 'training_loss', 'epoch': 9, 'value': 0.18073046561433465, 'sum': 130.8488571047783, 'num_example': 724}
2022-08-29 Monday 06:39:01:INFO: {'type': 'metric', 'label': 'training_dist_target', 'value': (0.10333618669878712, 0.12842072439457172), 'epoch': 9}
2022-08-29 Monday 06:39:01:INFO: {'type': 'metric', 'label': 'training_acc', 'epoch': 9, 'value': 0.9295580110497238, 'num_correct': 673, 'num_example': 724}
2022-08-29 Monday 06:39:01:INFO: {'type': 'metric', 'label': 'training_precision', 'epoch': 9, 'value': 0.9380281567573547, 'positive': 333.0, 'total': 355.0}
2022-08-29 Monday 06:39:01:INFO: {'type': 'metric', 'label': 'training_recall', 'epoch': 9, 'value': 0.919889509677887, 'positive': 333.0, 'total': 362.0}
2022-08-29 Monday 06:39:01:INFO: {'type': 'metric', 'label': 'validation_loss', 'epoch': 9, 'value': 0.29667210578918457, 'sum': 8.306818962097168, 'num_example': 28}
2022-08-29 Monday 06:39:01:INFO: {'type': 'metric', 'label': 'validation_dist_target', 'value': (0.2589005742754255, 0.12084976264408656), 'epoch': 9}
2022-08-29 Monday 06:39:01:INFO: {'type': 'metric', 'label': 'validation_acc', 'epoch': 9, 'value': 0.8928571428571429, 'num_correct': 25, 'num_example': 28}
2022-08-29 Monday 06:39:01:INFO: {'type': 'metric', 'label': 'validation_precision', 'epoch': 9, 'value': 0.8235294222831726, 'positive': 14.0, 'total': 17.0}
2022-08-29 Monday 06:39:01:INFO: {'type': 'metric', 'label': 'validation_recall', 'epoch': 9, 'value': 1.0, 'positive': 14.0, 'total': 14.0}
2022-08-29 Monday 06:39:01:INFO: Epoch: 10
2022-08-29 Monday 06:39:01:INFO: LR: 0.001
2022-08-29 Monday 06:39:02:INFO: {'type': 'metric', 'label': 'training_loss', 'epoch': 10, 'value': 0.16831849466041965, 'sum': 121.86259013414383, 'num_example': 724}
2022-08-29 Monday 06:39:02:INFO: {'type': 'metric', 'label': 'training_dist_target', 'value': (0.12492139826822017, 0.07064427855265075), 'epoch': 10}
2022-08-29 Monday 06:39:02:INFO: {'type': 'metric', 'label': 'training_acc', 'epoch': 10, 'value': 0.93646408839779, 'num_correct': 678, 'num_example': 724}
2022-08-29 Monday 06:39:02:INFO: {'type': 'metric', 'label': 'training_precision', 'epoch': 10, 'value': 0.9179894328117371, 'positive': 347.0, 'total': 378.0}
2022-08-29 Monday 06:39:02:INFO: {'type': 'metric', 'label': 'training_recall', 'epoch': 10, 'value': 0.958563506603241, 'positive': 347.0, 'total': 362.0}
2022-08-29 Monday 06:39:02:INFO: {'type': 'metric', 'label': 'validation_loss', 'epoch': 10, 'value': 0.22837956249713898, 'sum': 6.394627749919891, 'num_example': 28}
2022-08-29 Monday 06:39:02:INFO: {'type': 'metric', 'label': 'validation_dist_target', 'value': (0.12513000624520437, 0.22028303146362305), 'epoch': 10}
2022-08-29 Monday 06:39:02:INFO: {'type': 'metric', 'label': 'validation_acc', 'epoch': 10, 'value': 0.8928571428571429, 'num_correct': 25, 'num_example': 28}
2022-08-29 Monday 06:39:02:INFO: {'type': 'metric', 'label': 'validation_precision', 'epoch': 10, 'value': 0.9230769276618958, 'positive': 12.0, 'total': 13.0}
2022-08-29 Monday 06:39:02:INFO: {'type': 'metric', 'label': 'validation_recall', 'epoch': 10, 'value': 0.8571428656578064, 'positive': 12.0, 'total': 14.0}
2022-08-29 Monday 06:39:02:INFO: Epoch: 11
2022-08-29 Monday 06:39:02:INFO: LR: 0.001
2022-08-29 Monday 06:39:03:INFO: {'type': 'metric', 'label': 'training_loss', 'epoch': 11, 'value': 0.14128826270445935, 'sum': 102.29270219802856, 'num_example': 724}
2022-08-29 Monday 06:39:03:INFO: {'type': 'metric', 'label': 'training_dist_target', 'value': (0.05646484332848649, 0.11117730746611706), 'epoch': 11}
2022-08-29 Monday 06:39:03:INFO: {'type': 'metric', 'label': 'training_acc', 'epoch': 11, 'value': 0.9433701657458563, 'num_correct': 683, 'num_example': 724}
2022-08-29 Monday 06:39:03:INFO: {'type': 'metric', 'label': 'training_precision', 'epoch': 11, 'value': 0.967930018901825, 'positive': 332.0, 'total': 343.0}
2022-08-29 Monday 06:39:03:INFO: {'type': 'metric', 'label': 'training_recall', 'epoch': 11, 'value': 0.9171270728111267, 'positive': 332.0, 'total': 362.0}
2022-08-29 Monday 06:39:03:INFO: {'type': 'metric', 'label': 'validation_loss', 'epoch': 11, 'value': 0.17501197755336761, 'sum': 4.900335371494293, 'num_example': 28}
2022-08-29 Monday 06:39:03:INFO: {'type': 'metric', 'label': 'validation_dist_target', 'value': (0.11108866759708949, 0.16614905425480433), 'epoch': 11}
2022-08-29 Monday 06:39:03:INFO: {'type': 'metric', 'label': 'validation_acc', 'epoch': 11, 'value': 0.9285714285714286, 'num_correct': 26, 'num_example': 28}
2022-08-29 Monday 06:39:03:INFO: {'type': 'metric', 'label': 'validation_precision', 'epoch': 11, 'value': 1.0, 'positive': 12.0, 'total': 12.0}
2022-08-29 Monday 06:39:03:INFO: {'type': 'metric', 'label': 'validation_recall', 'epoch': 11, 'value': 0.8571428656578064, 'positive': 12.0, 'total': 14.0}
2022-08-29 Monday 06:39:03:INFO: Epoch: 12
2022-08-29 Monday 06:39:03:INFO: LR: 0.001
2022-08-29 Monday 06:39:04:INFO: {'type': 'metric', 'label': 'training_loss', 'epoch': 12, 'value': 0.10908396533839611, 'sum': 78.97679090499878, 'num_example': 724}
2022-08-29 Monday 06:39:04:INFO: {'type': 'metric', 'label': 'training_dist_target', 'value': (0.06993369107746947, 0.0607025820905991), 'epoch': 12}
2022-08-29 Monday 06:39:04:INFO: {'type': 'metric', 'label': 'training_acc', 'epoch': 12, 'value': 0.9654696132596685, 'num_correct': 699, 'num_example': 724}
2022-08-29 Monday 06:39:04:INFO: {'type': 'metric', 'label': 'training_precision', 'epoch': 12, 'value': 0.9667590260505676, 'positive': 349.0, 'total': 361.0}
2022-08-29 Monday 06:39:04:INFO: {'type': 'metric', 'label': 'training_recall', 'epoch': 12, 'value': 0.9640883803367615, 'positive': 349.0, 'total': 362.0}
2022-08-29 Monday 06:39:05:INFO: {'type': 'metric', 'label': 'validation_loss', 'epoch': 12, 'value': 0.15940570831298828, 'sum': 4.463359832763672, 'num_example': 28}
2022-08-29 Monday 06:39:05:INFO: {'type': 'metric', 'label': 'validation_dist_target', 'value': (0.16830451147896902, 0.0662074089050293), 'epoch': 12}
2022-08-29 Monday 06:39:05:INFO: {'type': 'metric', 'label': 'validation_acc', 'epoch': 12, 'value': 0.9285714285714286, 'num_correct': 26, 'num_example': 28}
2022-08-29 Monday 06:39:05:INFO: {'type': 'metric', 'label': 'validation_precision', 'epoch': 12, 'value': 0.875, 'positive': 14.0, 'total': 16.0}
2022-08-29 Monday 06:39:05:INFO: {'type': 'metric', 'label': 'validation_recall', 'epoch': 12, 'value': 1.0, 'positive': 14.0, 'total': 14.0}
2022-08-29 Monday 06:39:05:INFO: Calculating recall rate: sun2011
2022-08-29 Monday 09:35:15:INFO: RR calculation - 500 duplicate reports were processed
2022-08-29 Monday 12:20:42:INFO: RR calculation - 1000 duplicate reports were processed
2022-08-29 Monday 15:01:25:INFO: RR calculation - 1500 duplicate reports were processed
2022-08-29 Monday 17:43:00:INFO: RR calculation - 2000 duplicate reports were processed
2022-08-29 Monday 20:18:26:INFO: RR calculation - 2500 duplicate reports were processed
2022-08-29 Monday 22:57:11:INFO: RR calculation - 3000 duplicate reports were processed
2022-08-30 Tuesday 01:40:39:INFO: RR calculation - 3500 duplicate reports were processed
2022-08-30 Tuesday 04:30:38:INFO: RR calculation - 4000 duplicate reports were processed
2022-08-30 Tuesday 07:06:55:INFO: RR calculation - 4500 duplicate reports were processed
2022-08-30 Tuesday 09:39:30:INFO: RR calculation - 5000 duplicate reports were processed
2022-08-30 Tuesday 12:11:55:INFO: RR calculation - 5500 duplicate reports were processed
2022-08-30 Tuesday 14:31:18:INFO: RR calculation - 6000 duplicate reports were processed
2022-08-30 Tuesday 15:32:05:INFO: [] Throughput: 0.05262162027210235 bugs per second (bugs=6229 ,seconds=118373.3980023861)
2022-08-30 Tuesday 15:32:05:INFO: {'type': 'metric', 'label': 'recall_rate', 'k': 1, 'rate': 0.26633488521432014, 'hit': 1659, 'total': 6229, 'epoch': 0}
2022-08-30 Tuesday 15:32:05:INFO: {'type': 'metric', 'label': 'recall_rate', 'k': 2, 'rate': 0.3387381602183336, 'hit': 2110, 'total': 6229, 'epoch': 0}
2022-08-30 Tuesday 15:32:05:INFO: {'type': 'metric', 'label': 'recall_rate', 'k': 3, 'rate': 0.3804784074490287, 'hit': 2370, 'total': 6229, 'epoch': 0}
2022-08-30 Tuesday 15:32:05:INFO: {'type': 'metric', 'label': 'recall_rate', 'k': 4, 'rate': 0.4064857922620003, 'hit': 2532, 'total': 6229, 'epoch': 0}
2022-08-30 Tuesday 15:32:05:INFO: {'type': 'metric', 'label': 'recall_rate', 'k': 5, 'rate': 0.43265371648739764, 'hit': 2695, 'total': 6229, 'epoch': 0}
2022-08-30 Tuesday 15:32:05:INFO: {'type': 'metric', 'label': 'recall_rate', 'k': 6, 'rate': 0.44951035479210144, 'hit': 2800, 'total': 6229, 'epoch': 0}
2022-08-30 Tuesday 15:32:05:INFO: {'type': 'metric', 'label': 'recall_rate', 'k': 7, 'rate': 0.462674586611013, 'hit': 2882, 'total': 6229, 'epoch': 0}
2022-08-30 Tuesday 15:32:05:INFO: {'type': 'metric', 'label': 'recall_rate', 'k': 8, 'rate': 0.4771231337293306, 'hit': 2972, 'total': 6229, 'epoch': 0}
2022-08-30 Tuesday 15:32:05:INFO: {'type': 'metric', 'label': 'recall_rate', 'k': 9, 'rate': 0.4870765772997271, 'hit': 3034, 'total': 6229, 'epoch': 0}
2022-08-30 Tuesday 15:32:05:INFO: {'type': 'metric', 'label': 'recall_rate', 'k': 10, 'rate': 0.49751163910740087, 'hit': 3099, 'total': 6229, 'epoch': 0}
2022-08-30 Tuesday 15:32:05:INFO: {'type': 'metric', 'label': 'recall_rate', 'k': 11, 'rate': 0.5063413067908171, 'hit': 3154, 'total': 6229, 'epoch': 0}
2022-08-30 Tuesday 15:32:05:INFO: {'type': 'metric', 'label': 'recall_rate', 'k': 12, 'rate': 0.5142077379996789, 'hit': 3203, 'total': 6229, 'epoch': 0}
2022-08-30 Tuesday 15:32:05:INFO: {'type': 'metric', 'label': 'recall_rate', 'k': 13, 'rate': 0.5215925509712634, 'hit': 3249, 'total': 6229, 'epoch': 0}
2022-08-30 Tuesday 15:32:05:INFO: {'type': 'metric', 'label': 'recall_rate', 'k': 14, 'rate': 0.5273719698185905, 'hit': 3285, 'total': 6229, 'epoch': 0}
2022-08-30 Tuesday 15:32:05:INFO: {'type': 'metric', 'label': 'recall_rate', 'k': 15, 'rate': 0.5318670733665115, 'hit': 3313, 'total': 6229, 'epoch': 0}
2022-08-30 Tuesday 15:32:05:INFO: {'type': 'metric', 'label': 'recall_rate', 'k': 16, 'rate': 0.5365227163268582, 'hit': 3342, 'total': 6229, 'epoch': 0}
2022-08-30 Tuesday 15:32:05:INFO: {'type': 'metric', 'label': 'recall_rate', 'k': 17, 'rate': 0.5421415957617595, 'hit': 3377, 'total': 6229, 'epoch': 0}
2022-08-30 Tuesday 15:32:05:INFO: {'type': 'metric', 'label': 'recall_rate', 'k': 18, 'rate': 0.5467972387221063, 'hit': 3406, 'total': 6229, 'epoch': 0}
2022-08-30 Tuesday 15:32:05:INFO: {'type': 'metric', 'label': 'recall_rate', 'k': 19, 'rate': 0.5517739605073045, 'hit': 3437, 'total': 6229, 'epoch': 0}
2022-08-30 Tuesday 15:32:05:INFO: {'type': 'metric', 'label': 'recall_rate', 'k': 20, 'rate': 0.5551452881682453, 'hit': 3458, 'total': 6229, 'epoch': 0}
2022-08-30 Tuesday 15:32:05:INFO: {'type': 'metric', 'label': 'MAP', 'value': 0.34486298303992113, 'sum': 2148.1515213556686, 'total': 6229, 'epoch': 0}
2022-08-30 Tuesday 15:32:05:INFO: [906, 213, 76, 15, 23, 1, 1, 1, 7, 98, 1, 2, 3177, 1, 2, 4, 1, 1, inf, 1, 3, 10843, 3528, 52, 55, 1010, 1673, 5, 6766, 6146, 1, 11, 2, 5, inf, 13, 1, inf, 1, 1, 1, 1, 4, 12, 4, 3, 7142, 1, 17, 6, 1, 35, 27013, 1, 1, 39, 6, 1, 132, 1, 10, 1315, 108, inf, 8, 3, inf, 37, 135, 19, 1, 115, 15144, 28, 192, 11, 102, 24, 8, 1, 1847, 29, 33, 1, 132, 1, 1, 9, 66, 30438, 6, 677, 1, 99, 2405, 2, 6, 1, 35, 15565, 12, 47, 40326, 7508, 6261, 23, 2, 2, 64, 339, 5, 311, 1095, inf, 1, 1, 4, 1, 1, 1, 145, 1, 5293, 304, 1, 1, 1, 1, 251, 1, 72, 1, 248, 21, 288, 190, 4, 4, 4, 8, 1, 842, 62, 5, 895, 1, 1, 6, 11, inf, inf, 823, 27, 7, 1, 12, 394, 1, 4703, 66, 1, 22, 1, 4045, 39, 1, 83, 1880, 3, 5, 23, 1, 1, 6, inf, 4, 1, 1, 10, 30, 1, 1, 1, 655, 2, 143, 79, 8, 100, 1, 8, 1, 46, 431, 1032, 4, 1, 3, 6, 297, 161, 578, 93, 3, 593, 2, 3, 2522, 1, 11, 5, 1, 1, 9, inf, 25, 6, 28372, 16, 2, 1, 1, 530, 1, 1, 43, 2019, 16, 2, 2541, 1736, inf, 1, 2, 5, 1, 72, 2797, inf, 2, 16, 1, 14, 468, 20, 1, 114, 9, 1, 1, 1, 20757, 1, 1, 1, 1, inf, 72, inf, 1, inf, 122, 277, 95, 2, 1, 17605, 1, inf, 49975, 28, 23, 103, 1, 1, 3499, 1936, 1, 49032, 1, 12, 5, 1, 18, 1, 1, 1, 2, 35, 1, 611, 243, 2, 264, 5238, 2684, 1, 181, 1, 49963, 12, 1, 6, 3, 2, 1882, 180, 36, 1, 25, 242, 4346, 10, 2, 41927, 8, 5, 1, 1, 1, 1, 1, 3, 1, 4, 591, 19, 19432, 325, 119, 1491, 1, 7, 10, 3, 2, 1, 21, 22, 12, 10640, 2, 2, 13, 22034, 1, 3494, inf, 9592, 1, 17739, 5, 1, 6, 188, 329, 416, 487, 74, 1, 5, 53, 188, 1163, 147, 62, 2, 1, 21, 184, 1, 1, 3, 2, 2, 22, 821, 24, 5, 2, 1, 1, 1, 2, 345, 3057, 102, 1, 86, 1, 1688, 45, 77, 2, 66, 5, 5, 2, inf, 468, 2, 1, 1707, 4000, 425, 2709, 300, 140, 1, 2, 674, inf, 3, 13662, 5, 42, 3, 1, 8, 2, 29, 314, 4, 1, 1, 23, 34, 1, 1, 1, 8, 1, 6235, 578, 1, 1, 1, 2096, 382, 2, 14, 173, 21, 89, 47, 38, 14, 1, 1456, 59, 1, 1114, 1, 45, 1, 5, 4, 450, 1, 25, 1, 995, 8, 699, 1, 270, 3, 146, 1, 344, 6, 6863, 1, 1, inf, 56, 477, inf, 10, 13, 1, 3146, 18, 44, 8, 1, 1594, 1, 1, 1, 2979, 56, 2446, 27, 515, 4, 379, 8, 1, 6765, 1230, 4, 1, 3198, 20, 158, 13, 1, 246, 6, 3, 2, 24, 3, 1, inf, 1, 2, 1, 1, 109, 30, 1824, inf, 259, 1, 45, 26, 1, 3, 1, 2, 18, 1, 1, 223, 1, 2, 5, 230, 17, 5, 26, 1, 99, 607, 175, 2185, 26, 1, inf, 3595, 1, 2, 277, 18404, 835, 1, 33, 125, 1, 61, 1, 2255, 1, 8, 96, 6, 2, 31518, 2866, 1, 1, 688, 1, 1, inf, 823, 3234, 101, 2, inf, inf, 42, 770, 293, 15, 3, 60, 1294, 1, inf, inf, 1, 2, 1, 108, 283, 4, 3180, 1, 2, 1, 90, 12, 37, 7, 222, 1, 30373, 8, 3, 22, 6905, 1, 1, 41, 243, 310, 1256, 2, 1, 1, 1, 260, 158, 388, 1, 349, inf, 108, 1, 3657, 2, 17, 78, inf, 10, 33, 739, 1, 1, inf, 1, 3011, inf, 1, 107, 1772, 2, 4, 4, inf, inf, 514, 1, 173, 233, 1, 1, 1, 1, 1, 57, 182, 3, 2, 5, 25, 37, 90, 349, 7, 4722, 623, 1, inf, 2, inf, 129, 253, 35, 452, 8, 964, 1800, 278, 1, 1, 47, 1, 868, 1, 95, 2, 1, 47, 534, 63, 1794, 32, 2, 17692, 13, 16112, 73, 1, 1, 979, 6, 2, 1776, 4030, 248, 4, 451, 2, 2, 1, 152, 5, 82, 11, 17, 19, 1074, 264, 3115, 1, 134, 71, 1, 380, 11408, 120, 11364, 1, 2, 4482, 28, 5, inf, 22, 655, 9906, 1, inf, 1, 996, 1, 6, 4461, 1, 3, 1, 1, 5, 32394, 3, inf, inf, 58, 5, 5, 39, 1, 1, 3948, 1, 554, 1, 509, 12358, 134, 10, 10, 91, 2, inf, 2, 169, 1, 10609, 1, 3497, 1, 1, 97, 3, 1, inf, 6, 1, 1871, 1950, 655, 83, 2, 8, 1, 9, 30, 124, 17, 6, 115, 2, 2268, 2, 1, 1, 7, 948, 16, 4, 3, 3352, 528, 21, 13, 4931, 8, 31, 175, inf, 201, 1, 1, 46, 424, 1, 506, 5, 5, 1, inf, 1, 7379, 198, 3157, 936, 221, 10, 1, 12, 1, 1, 1, 161, 48, 8, 4, 4, 1, 1, 14, 1, 20932, 1, 4, 23, 1, 1, 3, 5702, 8904, 120, 935, 141, 3, 2, 1, 21, 1, 44, inf, 154, 1, 71, 3317, 103, 1, 1, 2, 123, 1, 1, 344, 3609, 1061, 1, 4618, 16, 9, 6, 1, 458, 30, 13, inf, 1, 70, 1, 1, inf, 329, 57, 1516, 2, 29, 21, 1823, 1, 20392, 18, inf, 1, 819, 254, 500, 1, 1, 1, 3, 208, 12, 2, 3, 2, 1352, 1, 1968, 1047, 21725, 6, 4, 4295, 1, 77, 1, 176, 21, 611, inf, 3, 1, 1, 18, 9, 2, 1, inf, 530, 3, 18, 9108, 1, 5, inf, 21, 9, 2, 3, 38, 399, 1, 1, 204, 1, 3772, 378, 1, inf, 2, 2, 47, 5, 125, 1, 6, 651, 535, 143, 1, 6, 3, inf, 31, 6, 2, 1, 171, 2, inf, 89, 10, 1, 15, 54, 108, 13693, 1, 22, 131, 532, 1, 1, 358, 1, 226, 2, 1, 45, 153, 123, 25, 1, 1, 109, 241, 6, 9618, 3, 1, 583, 3, 1, 7, inf, 299, 294, 2, inf, 1, inf, 1, 5, 1, 1, 8, 8, inf, 614, inf, 1, 1, 2, 9, 1, 15, 1, 2230, 15, 21, 1, 3, 2, 23, 459, 1, 25, 17, 25, 277, 2, 1, 12, 8968, 1, 4, 782, 60, 116, 2, 16404, 7, inf, inf, 1, 51, inf, 3, 14, 975, 1, 834, 2, 4, 45, inf, 2, 3, 633, 65, 3, 5, 419, 1662, 10, 5, 14, 8518, 1, 2, 577, inf, 1, 24, 87, 13, 1, 103, inf, 38090, 1, 1, 1284, inf, 18, 813, 1, 18, 3609, 2660, 3, 8084, 6, inf, 54, 1, inf, 1094, 2497, 217, 22731, 1938, 22, 7, 2499, 27, 5, 11, 11036, 75, 25, 1, 2, inf, 262, 1, 26, 143, 1, 1, 3, 1572, 1, 10095, 1, 1, 7, 845, 11, 442, inf, 11, 60, 1, 3, inf, inf, 5, 2, 1, 1, 31022, 7, 5, 1066, 248, 2, 2, 84, 1, 1, 267, 6, 1, 30, 1, 1, 1, 5, 28, 4731, 46, 1059, 1, 1696, 2, 964, 5, 1, 1, 2, 1, 13, 187, 5, 16, 4, 2984, 1, 13, 90, 6, 3, 7504, 17, 6, 1, 25, 369, 1, 10, 2, 4, 10, 4596, 37, 3, 1, 3, 1, 11, 80, inf, 166, 5, 1, 51384, 8, 161, 3, 1, 1, 70, 1, 117, 1, 100, 6, 24, 19, 4, 1, 1, 17443, 3, 8937, 1, 311, 396, 6, 32, 572, 656, 27, 1, 1, 1, 1, 120, 3, 28, 125, 85, 27, 682, 70, 1, 3, 4, 2, 3, 2, 1, 1, 3482, 15, 1, 112, 419, 1, 2, 17285, 3, 120, 5, 8, 1, 11, 6, 4193, 1, 674, 21795, 1, 1, 12, 2783, 6681, 16, 232, 1, 1, 2, 1, 2119, 1, 1, 167, 1, 2, 6, 2, 1, 1, 1, 1, 16174, 2, 138, 4, inf, 1115, 4, 21, 1, 804, 5, 171, 33, 26, 1, 440, 1, 6, 1, 12432, 8, 3, 2, 8789, 726, 1, 8674, 1, 65, 7, 8, 1, 1, 1172, inf, 45234, 1546, 1, 199, 4, 56, 1, 1, 51, 2, 1, 1, 5, 3, 387, 1, 1, 1, inf, 4001, 13, inf, 78, 1, 543, inf, 1, 1, 109, 1065, 1, 21, 1, 5, inf, 1, 45, 4081, 26, 9, 82, 1, 2425, 4, 1, 39, 239, 3, 1, 1190, 27, 22, 2, 2, 6, 43, 7, inf, inf, 46, 1, 3308, 6057, 4433, 1, 90, 8, 1, 1, 5, 210, inf, 1, 2, 9, 9829, 1, 16, 2, 1, 1, 1, 46, 334, 4, 1, inf, 1, 4, 1, 1, 25, 1, 1, 1, 32, 59, inf, 5622, 256, 34962, 396, 3109, 57, 2, 105, 1, 1, 95, inf, 2, 1, inf, 9, 79, 2135, 1, 22, 1, 6330, 167, 628, 189, 1, 49929, inf, 147, 1, 200, 1, 1, 3, 5, 125, inf, 11, 1, 826, inf, inf, 1, 17, 2, 17685, 1, 1, 3, inf, 705, 25, 1, 3101, 8685, 15, 4, 106, 4, 2, 2, 8929, 5, 460, 31, 7, 1, 1302, 11, 3, 272, 1, 196, 1165, 52, 1, 19, 1144, 2, 1, 1, 2, 1, 15265, 1, 1, 1, 1, 1430, 1, 5, 8, 3, 170, 3, 22, 660, 12, 1, 1, 1, 1, 1, 1, 1343, 1, 1, 1, 1, 1, 1, 1, 1, 126, 3, 22, 10298, 2, inf, 1, 16, 2, inf, 1028, 4007, 226, 84, 77, 2, 47, 2990, 558, 31272, 26, 18526, 14, 8535, 1, inf, 1, 2322, 15, 32, 118, 2, 1, 1, 1, 1, 1, 1, 1, 5, 7, 1, 2, 14, 433, 7, 9704, 22, 1, 5, 12991, 108, 7, 87, 1, 2, 1, 2465, 6451, 1, 1, 1, 1, 2, 4, 1, 1, 4, 9, 1, 1, 11, 5, inf, 7, 1, 2537, 1753, 504, 3028, inf, inf, 5, 4, 1066, inf, 1, 31, 1, 1, 3, 128, 21, 1, 103, 7506, 9, 2115, inf, 52, 9, 292, 33, 2457, 37, 1, 6, 1, 1, 10, 357, 1, 1, 2, 1356, 1, 11, 204, 1, 744, 17, 316, inf, 1, 284, 1, 6, 2, 125, 10, 85, 1, 34, 9, 5, 4, 1, 5, 4, inf, 22, 42, 38, 114, 5, 1784, 917, 891, 1, 1, 216, 3, 19, 92, 9, 1, 644, 4, 14, 9696, 1, inf, 151, 11, 3624, 3, 1995, 9, 1008, 2571, 2, 648, 98, 3, 434, 2, 1, 1, 8006, 76, 3, 2, inf, 8, 11, 1, 2, 1, 81, 9, 41192, 182, 76, 1, 46, 1, 7, 19, 2, 69, 1, 13, 2, 2, 90, 1, inf, 55, 273, 3, 7, 1, 9, 776, 18, 72, 59, 11, 82, 10, 2, 8, 1, 4, 1, 2, 2, 6, 452, 6, 1, 490, 439, 4, 164, 1, 1, 1, 5, 117, 186, 1, 1, 17, 7297, 392, 1, 117, 1, 22, 3, 735, 1, 1, 987, 392, 1, 209, 34, 1, 45229, 1, 203, 377, 655, 1, 1, 2, 4, 42, 81, 247, 2, 3, 1, 535, 17, 1, 1, 1, 2761, 48, 1, 6, 8, 193, 60, 1964, 18, 3, 2, inf, 52, 1888, 1, 6, 28321, 118, 78, 4, 229, 2, 1, 1, 1, 699, 189, 5, 66, 2, 2, 55, 2, 3, 1, 1, 8, 42, 2, 15208, 25, 1, 3, 72, 131, 13, 2, 1, 6, 15, 1, inf, 21, 9367, 132, 2, 1227, 3, 15, 1, 44, 49, 6, 3435, 1, 12, 46, 14, inf, 1, 9, 506, 3, 51, 260, 1, 7, 38, 17, 4208, 9, 33, 2796, 30, 3, 1241, 1, 2975, 43, 43, 6, 1, 1, 419, 907, 720, 466, 1, 8831, 1, 19, 39, inf, 107, 81, 1, 3, 2, 28, 1, 1, 2, 39, 1864, 13, 4, 2, 11, 1, 26, 124, 2, inf, 654, 4, 3, 1, 1, 1, 426, 2, 29, 1, 1, 21, 242, 4, 2, 1394, 1, 1, 3, 80, 9292, 605, 11737, 2, 1, 376, 1, 79, 13, 1, 2, 1, 49, 11, inf, 43, 2, 2544, 103, 74, 3, 48, 1, 27, inf, 56, 5, 10, inf, 3, 47, 10197, 433, 761, 2, 1, 1, inf, 2, 8, 146, 12344, 1, 300, 77, 2, 1292, 1, 2901, 844, 8, 2, 37, 1, 21, 1, 491, 1, 920, 1, 1, 814, 24, 5, 4471, 1, 1, 2, 8, 12, 3, 1, 12, 743, 137, 4396, 2, 7, 1, 132, 1, 35881, inf, 554, 2, 6073, inf, 2, 967, 9, 1, 1, 2, 9, inf, 4, 4, 337, 1, inf, 3, 1773, 1, 3, 1, 3, 1599, 3821, 1, 938, 242, 59, 1511, inf, 2, 17, 2, 1, inf, 1, 2, 1, 127, 1314, 1, 1, 646, 4, 1451, inf, inf, 2976, 2, 4, 8, 1, 6436, 20, inf, 2, 81, 100, 2, 1, 3, 1, 334, 157, 45, 2, 96, 15, 1, 210, 422, 3, 98, 242, 126, inf, 1, 2140, 1, 1, inf, 4072, 1, 1, 964, inf, 2, 6, 3, 1, 1, 1, 294, 3, 2, 1, 3, 3, inf, 20, 1, 1, 46574, inf, 150, 4994, 1, 83, 3, inf, 5, 14686, 10, 22, 3, 41, 39, 12, 1, 2, 1595, 1473, 3, 175, 1, 1, 6, 1146, 11881, inf, inf, 39, 8, 29, 2, 1, 2, inf, 2, 1, 6113, 2, 1, 2173, 1, 84, 191, 95, 951, 62, 2, 1817, 2, 3, 31, 1, 11, 1, 405, 4, 3, 1, 1, 104, 1, 3, 375, 13722, 2, 3, 1, 5, 7, 1, 40, 50950, 1, 602, 712, 218, 152, inf, 2, 27, 1, 1, inf, inf, 2115, 2, 3, 8, 1, 5652, 2, 1800, 7, 1, 12705, 2, 22, 2, 7478, 1, 29743, 1, 12, 1, 1, 1, 1, inf, 1, 1, 4, 1, 1, 73, inf, 53, 1, 732, 2, 39003, 159, 13, 1, 1, 1, 2, 102, 1, 111, 1, 205, 18, 1, inf, 444, inf, 2, 3, 1, 10683, 1, 5, 1, 1, 1, 1, 4, 2, inf, 3, 10, 28, 1, inf, 126, 36, inf, 51529, 21, 3, 5016, 76, 1, 1, 1, 50, 1, 1, inf, 1, 5, 2161, 14, inf, 77, 2038, 15223, 1, inf, 2, 158, 8, 2, 1, 26, 16, inf, 1, 2, 3, 1, 11782, inf, 62, inf, 19, 1, 225, 1, 376, 6, 7, 4, 4798, 19881, 1758, 1, 1, 1, 4739, 1, inf, 1, inf, 1, 7, 1, 1, 188, 554, 1, inf, 2, 50, 1, 4, 304, 5743, 1, 465, 582, 5, 574, 2, 10, 17, 1, 1, 1, 1, 1, 1, 1, 1, 2229, 1, 1, 1, 2, 1080, 2, inf, 90, 1, inf, inf, 5899, 429, 11940, 1141, 1, 1, 1, 37, 2, 1, 2, 15, 1, 3, 1, 1, 2, inf, 64, 30, 3, 6, 6902, 3, 220, 1, 14, inf, 1, 3, 1, 3, 960, 13, 138, 1, 1, 1, 6, 1, 2, 4152, 1, 133, 585, 2, 70, 1737, 94, 1, 1, 48, 1232, inf, 2, 2574, 1, 1, inf, 298, 636, 379, 1, 2, 72, 4, 11, 1, 3, 29, 26, 50, 1, 1, 2681, 1, 22, 55, 159, 2, 1, 19, 563, 5, 34, 10, 9528, 1, 1, 2, 37, 3, 320, 33, 51180, inf, 19, 481, 158, 2, 5, 19, 28591, 35513, 10456, 5, 1687, 1, 193, 309, inf, 1, 15271, 1, 3, 3, 5769, 29, 480, 5, 1, 3, 5884, 10889, 4, 21, 1, 1, 21, 1, 2, 5, 28, 3460, 334, 1, 146, 1, 1, 1, 1, 4, 7, 1, 1, 1, 2, 1, 2, 3, 383, 12, 2, 1, 3, inf, 1225, 1, 1, 1, 14, inf, 3590, 16442, 5, 1, inf, inf, 106, 4, inf, 1, 4, 1, 2, 2, 283, 1278, 84, 1, 657, 349, 83, 1, 351, 34, inf, 8, 10, 33, inf, 1, inf, 2, 1, 5, 2, 7, 67, 460, 146, 50, 2, 3, 10497, 1, 2, 8807, 28, 2347, 1928, 22, 1, 1, 8, 17, 20, 150, 17, 3790, 389, 1, 29122, 1493, 3, 269, 6, 3, inf, 1869, 1, 444, 1028, 23, 1, 2, 377, 123, 2, 6624, 1, 167, 3, 1, 4294, 670, 1521, 28, 1, 1, 1, 1, 1, 131, 1, 1, 1, 5, 1, 13, 1, 1, 13, 6, 1, 1, 1, 258, 3, 25, 164, 36, 1, 1, 1, 2, 53, 1, 8, 22, 2, 1, 1, 168, 744, 36, 7, 1, 1, 391, inf, 3883, 4, 1, 1, 13, 4, 83, 1, 3, 3067, 3, 5, 8, inf, 33, 1, 2460, 619, 14, 9, 1, 1, 2292, 62, 1, 9, 170, 33, 5, 72, 1, 2, 1, 10, 1, 361, inf, 801, inf, 1, inf, 1, 6, 1, 1, 17, 15, 1, 1, 1, 3, 24, 1, 4, 220, 1, 1, 214, 246, 3942, 91, 4, 1, 25, 12, 1910, inf, 1, 1, 752, inf, 3, 2007, 1, 1, 16, 95, 17, 29, 316, 131, 1, 1, 76, 29, 3315, 1, inf, 70, 5616, 4419, 385, 3, 3, 5, inf, 2, 3, 16, 5, 59, 1, 7, 4, 10346, 1, 3, 1, 335, 5, 2, 18, 12221, 3, 1388, 1, 11, 4, 1, 2028, 1, 4287, 7687, 1495, 320, 1, 7, 1, 7210, 26, 962, 5, 1, 23, 1, 2, inf, 1, 5, 23, 2, 46, 50, 51284, 254, 34093, 1, 1, 127, 334, 47332, 1, 3261, 139, 22, inf, 1, 1, 48, 7, 80, 3322, 90, 4, 1, 1, 1, 2, 37617, 2249, 1, 1, 3974, 76, 11, 188, 1, inf, 5, 3, 4, 1, 1, 1, 105, 2228, inf, 91, 77, 22, 1, 1738, 1550, 504, 44, 1, 1661, 1, 53, 5, 133, 1, 9, 1, 68, 26, 133, 149, 34046, 1, 335, 2154, 825, 568, 1, 1, 2, 80, 3083, 7, 1, 2, 5, 175, 1, 1, 3, 1, 30, 2, 14, 98, 1, 117, 11, 23, 1, 30, inf, 1, 1, 8, 1, 42714, 1, 205, 1, 2, inf, inf, 1, 14274, 114, 1, 1, 2, 1, 3, 1, inf, 56, 1, 1, 7, 1, 86, 1, 188, 1, 414, 8, 1, 1, 4, 1, 5061, 5, 189, inf, 340, 4, 25, 1, 19, 3, 9, 96, 395, 1, 7, 2890, inf, 19, inf, 3057, 8, 3, 1, 47715, 58, 1, 1, inf, 1, 1, 1, 1, 3200, 27, 1, inf, 1, 61, 3716, 4, 952, 16, 470, 35301, 5, 1, 5074, 276, 1, 52682, 245, 4, 1, 1, 53, 5, 5, 2, 1, 1, 2, 1, 1, 1, 17, 23, 146, 7, 2, 33, 28, 20, 12, 10, 1, 6571, 658, 114, 87, 229, 15, 1, 1, 1480, 15, inf, 131, 22, 2, 1, 1, 2, 3, 17, 12, 13, 50, inf, 34, 1318, inf, 17, 183, 1, 2, 944, 3324, 2, 1120, 232, 116, 400, 80, 3, 5995, 1, 8, 1, 3, 139, 31879, inf, 5, 3, 628, 246, 22236, 1, 5, 7684, 1, 1, 8610, 3996, 463, 3465, 45, 1, 14, 1, 3, 4, 1226, inf, 3, 1, 376, 1, inf, 239, 43, 1395, 1, 34266, 1892, 162, 19044, 1, 1, 1, 2, 24, 1, 4, 7, 19, 4262, 4, 2, 1273, 154, 1, 1, 1, 3, inf, 144, 2, 10, 1, 1435, 11, 6, inf, 26, 6926, 15, 1, 1, 25, 8, 94, 29, 2, 21, 1, 43, 10, 2, 38, 739, 10, 2, 1, 2, 1, 1, 1, 3, 1, 3, 1, 1, 2, 1, 715, 5, 51198, 15, 4, 11, 2, 82, 165, 71, 3, 2, 1191, 3520, 2, inf, inf, 62, 1, inf, 1, 36, 15, 4434, 62, 2, 1, 42, 1, inf, 1, 2, 1, 350, 809, 1, 50970, 1, 1, 1, 412, 2, 481, 1, 1, 10, 1, 9, 451, inf, 1, 1, 120, 4, 1, 4, 1, 9, 1, 1, 2359, 27, 597, 4, inf, 16, 1, 419, 1, inf, 214, 89, 4, 1, 27153, 2, 28, 1923, 9, inf, 2, 18, 1, 35, 1, 877, 55, 2591, 53, 1, 1, 2, 1, 1, 1, 2624, 1, 6545, 8, 2, 9, 76, 3, 5, 108, 20, 81, 1, 1, 1, 1, 44, inf, 1, 31, 71, inf, 2, 1, 4, inf, 3, inf, 4870, 7, 11541, 13, 633, 2, 1, 10, 1, 1, 4, 111, 2, 121, 2270, 1, 133, 1, 40, 656, 3775, 298, 6, 65, 1, 1, 1, 7, 3, 591, 406, 75, 229, 2104, 1, 8, 2, 1627, inf, 1, 82, 9, 10, 2, 32, 1, 764, 1, 442, 24, 2, 33, 4, 1, 1, inf, inf, 99, 1, 3548, 612, inf, 277, 12, 6, 2, 6, 7, 1, 12, 67, 60, 1, 12, 1, 257, 3, 1553, 1201, 1, inf, 7, 8, 15349, 9, 13, 1149, 5, 4970, 2, inf, 6816, 77, 36, 1, 46, 1, 32, 1, 34, 6004, 10, 1, 5, 1, 1, 6, 6, 4, 2, 2, 146, 66, 1, 30, 23, 141, 18, 11, 1, 7, 602, 1, 1, 1, 1, 87, 12, 2, 1, 41, 6, 1, 1, 12350, 1, 1, 1, 385, 59, 1069, 172, 3, 1, 5, 1, 3, 9, 309, 1, 1, 2668, 1, 1, 51891, 189, 7242, 280, 1, 1, 531, 1, 1, 74, 17532, 1, 3, 1, 9, 83, 28, 1, 1, 6, 781, 151, 1, 1, 1, 7530, 1, 17, 669, 1, 27, 4157, 1058, 11, 5, 2, 71, 26305, 1, 1, 3534, 2, 1, 10629, 5849, 27, 38, 3691, 1, 2, 135, 1, 1, 21, 2, 3, 3, 325, 2, 1, inf, 1, 11, 1314, 5, 8, 6703, 2, 10, 2, 4, 2, 9, 10, 1, 1, 24, 104, 1, 30, 1, 82, 13, 76, 14, 1, 159, 3, 1, 43, 18, 160, 3, 1, 49, 25, 32, 1, 1, 37, 26, 2, 2270, inf, 416, 5, 1957, inf, 1, 3325, 1, 2053, 6, 138, 232, 1, 1060, inf, 8, 10, 1, 1, 88, 39, 5, 37, 979, 1, 59, 669, 1578, 3, 37, 237, 7, 378, 1, 1, 1790, 218, 75, 72, 6242, inf, 1490, 7, 98, 4825, 127, 18, 181, 6, 2, 1, 1, 3, 1, 1, 1, 1, 2, 22, 12, 125, 1, 1, 18, 3696, 3483, 323, 343, 2650, 69, 1, 3, 1, 1, 112, 4818, 1702, 2, 19, 336, 1, 1374, 61, 649, 4, 5, 1, 1, 1055, 1, 1573, 2, 12, 1, 1, 1, inf, 21, inf, 20, 4, 2, 1, 2, 1, 1, 2, 6, 22, 1, 198, 5, 1, 6, 6, 1, 1, 1, 1, 20, 1, 7, inf, 1, 1, 1, 2, 1, 60, inf, 1, 729, 3, 1, 3, 1611, 40, 2, 43, 918, 87, 5, 1, 8882, 3, 3094, 1, 3118, inf, 10, 12, inf, inf, 3, 2, 5, 3, 177, 5, 1, 8, 16, inf, 9, 1, 29, 19, 2, 29, 13, 1, 3, 1, 23, 62, 3, 1, 8, 23, 11, 331, inf, 16, 5, 1, 1, 141, 25, 1, 173, 415, 1658, 6370, 7, 1, 1, 20, 49, 10, inf, 101, 9, 42, 6, 1, 13, 71, 1, 133, 1, 15, 3, 149, 8, 1914, 4, 1, 120, 359, 17951, 1, 1416, 1, 1, 1720, 4, 8, 464, 4, 2186, 5, 33, inf, 9, 163, 727, 25, 14, 20, 1, 10, 1, 3, 10, 2, 682, 331, 94, 170, 33, 3, 1, 9, 31, 1, 2, 12, 212, 1, 2, 17, 139, 1, 1, 157, 2226, 1, 7797, 7, 287, 1, 1, 3, 4, 1, 3, 6, 187, 534, 19, 5, 55, 694, 10, 1, 99, 2, 1, 37, 29, 2658, 9, 435, 3, 22, 3, 33, 844, 227, 2796, 1, 3, 2, 2, 6, 3, 2533, 80, 1569, inf, 3, 2, 758, 2, 1019, 3, 1, 5, 105, 1, 14, 82, 1, 51678, 17, 709, 3555, 854, 1, inf, 1, 203, 6, 1750, inf, 4, 1062, 1, 153, 806, 5009, 335, 19, 18036, 2, 1, 2394, 2, 5155, 1, 53, 1, 1, 1, 1, 922, 1, 35, 1097, 4242, 16, 8, 1, 7, 3, 3355, 1, 15252, 1, 16, 1, 1, 1, 92, 1, 53045, 598, 226, 2213, 2, 1998, 1, 5, 2, 23, 52, 1222, 8, 15, 11, 13771, 723, 178, inf, 1, 1, 2317, 12, 9111, 2, 1, 50, 1, 1, 1094, 1, 6041, 4, 1, 2680, 313, 1, 125, 1, 2, 1, 3, 83, 1, 28, 431, 132, 1, 1, 39, 1, 1931, 3177, 271, 1, inf, 2, 6, 19, 197, 2, 2, 1, 4, 3, 1, 2, 2, 10, 2083, 5, 12, 124, 1, 13, inf, 1, 5125, 395, 3, 1, 1603, 1, 1, 1, 592, 11, 4, 1, 1, 108, 1, 3, 1, 7, 2, 26, 4, inf, 39728, 1, 9297, 1, 1, 2948, 3, 445, 1, inf, 6294, 14763, 1, 1, 67, 1131, 1, 7, 1, 1, 1, 1, 37, 19, 3, 1, inf, 2515, 14, 9256, 3, inf, 14, 1, 30, 2, inf, 1, 320, 26, 48, 1, 2, 5, 199, 4, inf, 5, 1, 1508, 3160, 1, 1577, 2, 1, 8, 114, 43, 20, 1, 7, inf, 55, 1, 1, 10, 1, 1, 7071, 5, 1, 55, 14, 85, inf, 204, 1, 2121, 20, 1, 1, 1, 9, 2006, 6, 70, 2, 82, 113, 682, 10, 92, 1, 1, 1, 121, 7794, 270, 10, 1, 61, 43, 20, 47, 6, 1612, 280, 6, 1, 716, inf, 1, 2573, 1, 1, 3339, 52, 1, 8, 1, 487, 102, 103, 750, 4, 2, 62, 25, 12, 45, 99, 217, 1, 2, 1, 278, 404, 5, 6, 9, 58, 57, 1, inf, 57, 2, 1, 29955, 1, 2, 791, 14, 17, 1002, 819, 4881, 2, 7, 2, 44, 8, 3, 344, 17, 88, 249, 1, 2, 399, 20, 9601, 1, 889, 13, 2, 98, 6, 2, 11, 13, 1, inf, 26, 1, 3, 1, 15, 1, 3, 8, 12330, 108, 137, 11, 10, 82, 37, 1822, 584, 35, 4, 1998, 2, 3, inf, 4, 16, 1, 40, 2, 1, 1, 71, 14, 9, 1, 85, 294, 104, 77, 4, 3, 164, 1, 1, 1, 2809, 2, 1, 18, 1, 31, 1291, 5, inf, 1, 4, 3, 1, 65, 5, 3, 2370, 2, 99, 28, 8, 1, 2, 68, 3, 3, 1, 26, 54, 8, 4, 14, 70, 251, 1, 1, 134, 13, 41, 151, 122, 129, 1, 43, 1, 13, 2, 1, 3, 1, 147, 2, 4, 24, 246, 2, 1, 385, 1, inf, 156, 11306, 1, 624, 19, 14688, 44, 66, 22, 1, 2, 7, 4, 68, 35, 5, 18, 4, 1, 1, 4, 1, 110, inf, 7761, 1, 12093, 1, 1537, 917, 4, inf, inf, 1, 1, inf, 1, 1, 462, 3, 1, 29, 69, 225, 2, 47, 2, inf, 1, 1, 74, 47, 47514, 47, 729, 208, 5, 2111, 164, 20, 592, 22, 1, 7, 45, 2, 32, 1656, 2, 2, 1, 39, 1, 95, 9, 86, 1, 7, 6, 6, 1, 1, 4, 5, 1, 7, 3, 1, 3, 5, 3, 302, 1, 40, 360, 177, 8229, 1, 42, 5398, 1, 1, 44, 4, 96, 2, inf, 1, 1, 1380, 129, 380, 53370, 7, 1, 862, 1, 18, 8, 709, inf, 1, 49169, 23, 4, 7, 2, 1, 2, 4363, 2, 5, 24, 94, 8, inf, 6, 1, 69, 41, 6, 27, 1, 1, 133, 34, 8, 900, 11, 10, 10, 2688, 24, 68, 52, 13, 2854, 1, 80, 22, 2, 4438, 5, 5, 745, 1, 1, 1530, 1, 39, 2, 1, inf, 1299, 22, 12, 3, 64, 1, 33, 235, 5, 225, 317, 5, 2, 6, 5, 482, 39, 1539, 3, 3, 152, 83, 1, 2, 1, 2, 1, 7, 2, 120, 3, 1, 1, 1, 4, 21, inf, inf, 1370, inf, 640, 2, 2, 5, 399, 5, 1, 1, 1, 1, inf, 9, 241, 3, 3, 2, 4, 1, inf, inf, 2, 2, 2, 1, 1, inf, 1, inf, 3, inf, 12, 10, 89, 46, 1, 2, 1, 2, 1, 18, 34, 1, 3, 5, 4, 1, 935, 16, inf, 1, inf, 30, 89, 1, 3, 3, 1, 10006, 4591, 1, 2, 3, 4, inf, inf, 38, 19, 10, 160, 1, 364, 2, 2, 21, 562, 10, 2, 2, 405, 1, 3, 3, 2, 54, 810, 66, 25, 31, inf, 1, 73, 1, 1, 1, 2373, 1, 57, 36, 64, 1, 1059, 4, inf, 26, 2, 1708, 46, 209, 6, 11, 11, 2702, 40, 2, 70, inf, 5, 1, 43, 13965, 18, 6, 7, 1, 117, inf, 1073, 1, 68, 3, 11, 40, 6798, 96, 10395, 4, 17, 526, 4, 2422, 4, 1, 42, 1, 68, 5282, 1373, 268, inf, 5, 1, 69, 1701, 440, 24, inf, 1, 348, 7, 1, 184, 1, 776, 1, 7077, 9, 1, 130, 41, 66, inf, 1, 3, 2373, 8, 1, 1, 1084, 3, 13, 2, 1, 4144, 1, 20, 3, 12, 124, 1259, 16, 29, 42, 1, 8, 500, 4657, 2, 345, 55, 8, 50, 1, 1, 11, 11204, 1, 21, 28, 2, 6, 3, 11, 11, 2, 343, 18, 103, 9006, 110, 42, 16, 57, 1295, 1, 16, 2, 1, 2, 62, 31, 1, 2, 108, 114, 123, 76, 710, 2, 3, 1, 70, 1, 1, 48, 1, 1, 148, 842, 57, 21, 1, 2, 3087, 5031, 12, 68, 58, 1, 1, 3749, 1, 8, 5, 24982, 2, 1, 1, 1, 1, 1, inf, 5, 42, 485, 1, 2, 2, 59, 1, 96, 7, 1, 1, 39, 1, inf, 1, 1, 5946, 1, 1, 1, 1, 1, 10, 46, 54, 241, 1, 108, 98, 1, 73, 595, 10, 3, 73, 5, 830, 505, 779, inf, 2074, 1, 143, 16, 1, 172, 53, 1, 1, 1, 1, 903, 148, 1, 180, 8, 19, 1, 23, 5031, inf, inf, inf, 46, 14, 10625, 1, 780, 30, 821, 26, 14, 14306, 3, 57, 5171, 8, 29, 9, 1, inf, 1, 2, 1, 2, 1, 2, 5483, 1, 2600, 1, 3419, 11, 29, 1, 1, 214, 35, 9202, 15, 1, 4, 1001, 223, 90, 21, 2, 3, 1, 71, 3, 2, 769, 14, 2, 5, 1, 10, 15, 14, 51, 1, 1, 1, 5095, 1, 2263, 1, 1, 1, 114, 2, 1, 55, 28, 1, 134, 61, 708, 17, 1, inf, 1, 147, 439, 3, 29, 1033, 296, 6, inf, 343, 1, 356, 184, 11, 44, 1, 246, 45, 4, inf, 1, 115, 7, 7, 1, inf, 84, 1, 1, 1, 1, 192, 7, 3, 5, 1, inf, 1, 6, 25, 185, 46, 39, 6154, 6005, 4, 153, 4, 17, 1, 6, 3611, 1, 26, 1, 1, 1, 1, 39, 1, 4, 167, 8, 5, 8, 1, 3968, 1179, 6327, 23, 2, 110, 1, inf, 390, inf, 26, 1753, 1, 1, inf, 705, 13, 2037, inf, 8, 1, 4, 1, 1, 1, 63, 1, 2, 1, 13, 4, 1, 464, 9, 1, 5, 2, 1, 57, 109, 1782, 7, 1, 10, 1, 180, 9, 81, 12, 420, 1, 5, 1, 12470, 1062, 10, 1, 3, 6, 2863, 8, 1, 1, 14, 2, 1, 2023, 260, 63, 113, 766, 3, inf, 2, 7, 11, 27, 161, inf, 14, 1688, 46688, 2, 198, 431, 1, 1343, 8, 6, 1488, 1, 1460, 42, 4, 1, 1, 1, 1, 1, 3, 1, 533, 1, 12, 1, 1, 1, 26, 1, 1, 18, 2, 1, 1, 1, 5, 111, 32, 1, 105, 11, 1, 25, 6, 1045, 26329, inf, 2, 1138, 40, 1, 2, 250, 66, 812, 10, 13, 5803, 795, 24, 1, 106, 1, 8, 200, 136, 24, 1, 9314, 9, 4813, 29460, 16, 5, 6, 22, 72, 860, 92, 22, 40, 1, 1, 2, inf, 1, 1, 19, 12, 1, 9, inf, 2, inf, 41, inf, 1, 3, 1, 3022, 2, 5, 522, inf, 6, 5, 1, 4, 12, 1, 2, 4, 108, 101, 185, 667, 1, 1, 1, inf, inf, 1, 348, 13, inf, 4, 271, 1, 1, 18618, 1, inf, 8, 5702, 2, 14, 221, 541, 514, 660, 6, 1, 211, 65, 129, 377, 68, 1, 2, 21, 1, 1, 255, 1, 1, 5240, 57, 15, 1, 1, 1, inf, 1, 120, 6, 88, 173, 5, 1, 1, 12211, 2, 505, 2, 1, 2, 533, 147, 1, 246, 428, 34, 2, 25, 13, 120, 1, 1028, 1, 901, 29, 2868, 20, 32, 2, inf, 1067, 2, 289, 2, inf, 127, 1662, 13147, 162, 4, 2, 1, 2, 2768, 71, inf, 419, 100, 695, 32, 2, inf, 718, 45, 7, 4914, 6, 20928, 1, 161, 1, 1, 3, inf, 2, 1, 2, 70, 7, 14, 206, 1, inf, 1606, 81, 17, inf, 4, 158, 9, 9, 648, 522, 25, 2, 21, inf, 1, 5, inf, 336, inf, 2, 2, 1, 2072, 3, 304, 180, inf, 1834, 46, 1, 1, 63, 8088, inf, 1, 5, 12, 6494, 10, 70, 3, 1, 13, 110, 2664, 22223, 1, 2856, 332, 5, 41, 24, 3, 1, 1, 1, 2, 900, 343, 529, 13, 1, 1, 1, 187, 9, 1, 85, 2, 1, 1, 1, 3, 734, 4, 1478, 1, 1, inf, 103, 3073, 200, 1, 19, 84, 3, 5, 6, 4, 65, 1554, 1, 1, 96, 1, 2738, 1, 12, 26, 1, 1, 1, 1, 1, 1, 1, 1, 10, 2, 1, 3, inf, 3, 11, 2, 4, 1, inf, 1, 28, 2, 35, 112, 1, 3, 69, inf, 183, 307, 8, 2, 1, 1, inf, inf, inf, 46, 79, 100, 4, 3, 5, 1, 16, 1930, 1, 108, 1, 59, 27, 29, 2170, 6, 18, 8, 1, 525, 2, 24, inf, 51, 6, 1, 1278, 103, 9, 1, 1, 7, 16, 1, 1, 1701, 189, 2, 1, 7, 6666, 1, 41, 13, 7813, 6, 2, 10, 2, 33, 37, 1, 100, 2, 18, 1, 2, 1, 4, 29, 1, 43, 1, 1, 11, 1, 2, 5, 5, 1, inf, 3, 42, 1, 1, 130, 1, 13, 556, 1, 53, 1, 1, 74, 1958, 1, 4, 2, 117, 149, 13, 1, 26187, 3, 3, 3, inf, 37, 41, inf, 25, 2, 1986, 2, 4, 8, 2, 3, inf, 3, 4, inf, 8, 2, 11, 2, 1, inf, 361, 1, 1, inf, 1, 37, 12, 77, 4708, inf, 1, 1, 1, 2, 250, 12600, 78, 3, 1, 843, 1, 1, 1744, 22, 8, 1559, 26, 56, inf, 5, 90, 4765, 4, inf, 1, 4, 1, 26, 3, 17, 1, inf, 359, 2022, 9, 11, 47, 722, 1, 7, 458, 1396, 85, 40, 118, 1701, 93, 17, 560, 19, 1, 5, inf, 2, 39, 1, 3, 14, 67, 3, 35, 31, 15, 108, 1, 2, 12, 2, 1, 3, 5, 3, 21, 27, 76, 1, 3850, 1, 7, 2795, 23, 30, 1, 4, 2, 5, 1, 1, 6596, 2, 35, 11, 1, 2, inf, 25, 32536, 4, 27, 39, 2409, 6, 160, 3271, 9238, 87, 109, 2, 21, 1748, 14, 1, 1, 1, 2, 6, 1, 9, 2, 53, 12, 4, 10, 8, 6, inf, 54, 8, 1003, 58, 5, 1, inf, 228, 1, 4, 36, 6923, 131, 1, 2450, 31, 1, 8939, 72, 2, 75, 2, inf, 1, 14912, 1032, 23, 705, 29, 529, 383, 1119, 1, 8, 17, 16, 46, 1, 1, 9, inf, 1220, inf, 6, 874, 1, 1, 6, 3, 5, 1, 172, 11, 46, 1, 32, 1, 10, 5, 9, 20, 1, 23, 553, 3910, 27, 50, 847, 2989, 1, 531, 326, 1, 514, 7, 1, 1, 1260, inf, inf, 12, 11, 37, 6, 42, 2, 15, 2, 420, inf, 499, 82, 2198, 1, 206, 1, 1, 1, inf, 1, 1, 1, 236, 25, 1, 406, 20, 1, 66, 150, 1, 1, 54, 2, 1, 1611, 22, 1, 32, 10, 1759, 7, 77, 1, 3849, 6, inf, 292, 1, 4245, 168, 1, inf, inf, 1, 1, 16, 3970, 24176, 4, 911, 149, 1, 1, inf, 675, 3, 5, 1, 11, 18, 21, 2, 5, 3, inf, 1, 197, 19, 1, 76, 318, 4, 4, 12, 5, 1, 42, 217, 2, 1, 1, 2364, 1, inf, 253, 1, 2, 55, 236, 1, inf, 360, 10, inf, 1, 21, 1, 291, 2, inf, 433, 3, 22, 79, 36, 2, 5, 8, 15, 41, 1140, 1, 1, 4, 1, 39, 2441, 74, 6, 1, inf, 1284, 30, 9319, 7, 255, 10, 18, 710, 2397, 1, 1, 5, 1566, 4, 1, 11, 1, 5, 1, 2, inf, inf, 1, 1, 11304, 42, 1, 1959, 271, inf, 1, 39, 5, 809, 5, 1, 1, 1448, 1, 116, 1, 1, 64, 1, 1, 7, 199, 7, 135, 2, 1, 1, 134, 1, 1, 1, 1534, 139, 1, 1, 1, 29, inf, 9957, 1, 1, 700, 1, 5751, 5908, 17, 7760, 2, 3, 1, inf, 1, 1, 1, 308, 1, 11, 6580, 2, 68, 40, 1, 2, 801, 3, 1, 4, 1, 1, 6, 3, 8, inf, 169, 10246, 10, 1, 2, 2, 3220, 31, 2, 3852, 1, 1, 19, 80, 155, 1, 1367, 1, 924, 1, 49, 42, inf, 367, 1, 2, 449, 103, 1, 1, 7, 4, 24, 2, 3, 1, 3, 47, 38, 2, 7, 3, 91, inf, 1, 57, 1, 344, 19, 4, 9, 4, 852, 4, 1, 7, 8, 1, 19, 3, 1, 1, 1, 2, 27, 4, 2, 2, 33, 21, 1, 13, 82, 10, 1178, 95, inf, 1, 158, 7997, 130, 1, 1, 8, 1485, inf, 1, 1964, 1, 1, 1, 15, 2, 4, 65, 1, 68, 1, 12, 1, 306, 17, 12, 43, 3, 2, 6075, 1, 23, 567, 1, 14, 7, 5, 115, 775, 1, 1, 13, 20, 9, 189, 1, 598, 3, 1, 1, 19431, 24, 1, 1, 1, 18, inf, 23, 4658, 1, 762, 1, 1, 34, 2902, inf, 526, 3, 1, 120, 13, 3189, 296, 1, inf]
2022-08-30 Tuesday 15:32:05:INFO: It completed at: 2022-08-30 15:32:05.642716
2022-08-30 Tuesday 15:32:05:INFO: Completed after: 1 day, 8:53:32.976088
