2022-08-27 Saturday 22:46:33:INFO: {'bug_database': 'dataset/mozilla/mozilla_soft_clean.json', 'database_name': 'mozilla-sampled-jira', 'epochs': 12, 'lr': 0.001, 'l2': 0.0, 'batch_size': 256, 'ranking_batch_size': 512, 'ranking_n_workers': 2, 'cuda': True, 'cache_folder': 'scratch/temp/', 'pairs_training': 'dataset/mozilla/sampled_jira_training_split_mozilla_pairs_random_1.txt', 'pairs_validation': 'dataset/mozilla/sampled_jira_validation_mozilla_pairs_random_1.txt', 'neg_pair_generator': {'type': 'none', 'training': None, 'rate': 1, 'pre_list_file': None, 'k': 0, 'n_tries': 0, 'preselected_length': None, 'random_anchor': True}, 'loss': 'bce', 'margin': 0, 'categorical': {'lexicons': 'dataset/mozilla/categorical_lexicons.json', 'bn_last_layer': False, 'emb_size': 20, 'hidden_sizes': [40], 'dropout': 0.0, 'activation': 'relu', 'batch_normalization': False, 'layer_norm': False}, 'compare_aggregation': {'word_embedding': 'word_embedding/mozilla/glove_42B_300d_mozilla.npy', 'norm_word_embedding': False, 'lexicon': 'word_embedding/mozilla/glove_42B_300d_mozilla.lxc', 'sent_representation': None, 'tokenizer': 'white_space', 'bow': False, 'frequency': False, 'extractor': {'update_embedding': False, 'filters': ['TransformLowerCaseFilter'], 'hidden_size': 150, 'dropout': 0.0, 'layer_norm': False, 'txt_field_emb_size': 5, 'field_word_combination': 'cat', 'emb_dropout': 0.0, 'scaled_attention': True, 'model': 'linear', 'use_categorical': False, 'bidirectional': True}, 'matching': {'type': 'full', 'scaled_attention': True, 'comparison_hidden_size': 100, 'dropout': 0.0, 'residual': True, 'layer_norm': False, 'attention_hidden_size': 200, 'attention': 'dot_product', 'comparison_func': 'submult+nn'}, 'aggregate': {'model': 'lstm', 'window': [3, 4, 5], 'nfilters': 100, 'hidden_size': 150, 'dropout': 0.0, 'bidirectional': True, 'num_layers': 1, 'self_att_hidden': 50, 'layer_norm': False, 'n_hops': 20}, 'classifier': {'hidden_size': [300], 'output_act': 'sigmoid', 'hadamard_diff_textual': True, 'hadamard_diff_categorical': True, 'textual_hidden_layer': 600, 'categorical_hidden_layer': 40, 'categorical_dropout': 0.0, 'dropout': 0.0, 'only_candidate': False, 'layer_norm': False, 'batch_normalization': False}}, 'random_switch': True, 'recall_estimation_train': None, 'recall_estimation': None, 'sample_size_rr_tr': 0, 'sample_size_rr_val': 0, 'rr_val_epoch': 100, 'rr_train_epoch': 100, 'ranking_result_file': None, 'optimizer': 'adam', 'lr_scheduler': None, 'save': None, 'save_by_epoch': None, 'load': None, 'recall_rate': {'type': 'sun2011', 'dataset': 'dataset/mozilla/test_mozilla.txt', 'result_file': None, 'group_by_master': True, 'window': 365}, 'pair_test_dataset': None, 'rep': {'model': None, 'input': None, 'training': None, 'rate': 1, 'neg_training': 10000, 'k': 1000}, 'rr_scorer': 'general', 'seed': 394425171}
2022-08-27 Saturday 22:46:33:INFO: It started at: 2022-08-27 22:46:33.538295
2022-08-27 Saturday 22:46:38:INFO: Turning CUDA on
2022-08-27 Saturday 22:46:38:INFO: Using Categorical Information.
2022-08-27 Saturday 22:46:38:INFO: Lexicon size: 96875
2022-08-27 Saturday 22:46:38:INFO: Word Embedding size: 300
2022-08-27 Saturday 22:46:38:INFO: Use white space tokenizer to tokenize summary information
2022-08-27 Saturday 22:46:38:INFO: BoW=False and TF=False
2022-08-27 Saturday 22:46:38:INFO: Using Summary and Description information.
2022-08-27 Saturday 22:46:38:INFO: Using BCE Loss: margin=0
2022-08-27 Saturday 22:46:40:INFO: Not generate dynamically the negative examples.
2022-08-27 Saturday 22:46:41:INFO: Training size: 626
2022-08-27 Saturday 22:46:41:INFO: Validation size: 26
2022-08-27 Saturday 22:46:41:INFO: Adam
2022-08-27 Saturday 22:46:41:INFO: Scheduler: Constant
2022-08-27 Saturday 22:46:41:INFO: Epoch: 1
2022-08-27 Saturday 22:46:41:INFO: LR: 0.001
2022-08-27 Saturday 22:46:42:INFO: {'type': 'metric', 'label': 'training_loss', 'epoch': 1, 'value': 0.6955972980386533, 'sum': 435.44390857219696, 'num_example': 626}
2022-08-27 Saturday 22:46:42:INFO: {'type': 'metric', 'label': 'training_dist_target', 'value': (0.5060979337357103, 0.49414993627383685), 'epoch': 1}
2022-08-27 Saturday 22:46:42:INFO: {'type': 'metric', 'label': 'training_acc', 'epoch': 1, 'value': 0.4744408945686901, 'num_correct': 297, 'num_example': 626}
2022-08-27 Saturday 22:46:42:INFO: {'type': 'metric', 'label': 'training_precision', 'epoch': 1, 'value': 0.46875, 'positive': 120.0, 'total': 256.0}
2022-08-27 Saturday 22:46:42:INFO: {'type': 'metric', 'label': 'training_recall', 'epoch': 1, 'value': 0.3833865821361542, 'positive': 120.0, 'total': 313.0}
2022-08-27 Saturday 22:46:42:INFO: {'type': 'metric', 'label': 'validation_loss', 'epoch': 1, 'value': 0.6851343512535095, 'sum': 17.813493132591248, 'num_example': 26}
2022-08-27 Saturday 22:46:42:INFO: {'type': 'metric', 'label': 'validation_dist_target', 'value': (0.48012263958270734, 0.5113077163696289), 'epoch': 1}
2022-08-27 Saturday 22:46:42:INFO: {'type': 'metric', 'label': 'validation_acc', 'epoch': 1, 'value': 0.5, 'num_correct': 13, 'num_example': 26}
2022-08-27 Saturday 22:46:42:INFO: {'type': 'metric', 'label': 'validation_precision', 'epoch': 1, 'value': 0.0, 'positive': 0.0, 'total': 0.0}
2022-08-27 Saturday 22:46:42:INFO: {'type': 'metric', 'label': 'validation_recall', 'epoch': 1, 'value': 0.0, 'positive': 0.0, 'total': 13.0}
2022-08-27 Saturday 22:46:42:INFO: Epoch: 2
2022-08-27 Saturday 22:46:42:INFO: LR: 0.001
2022-08-27 Saturday 22:46:43:INFO: {'type': 'metric', 'label': 'training_loss', 'epoch': 2, 'value': 0.6782169462012025, 'sum': 424.5638083219528, 'num_example': 626}
2022-08-27 Saturday 22:46:43:INFO: {'type': 'metric', 'label': 'training_dist_target', 'value': (0.5038746903879574, 0.4794750579248983), 'epoch': 2}
2022-08-27 Saturday 22:46:43:INFO: {'type': 'metric', 'label': 'training_acc', 'epoch': 2, 'value': 0.536741214057508, 'num_correct': 336, 'num_example': 626}
2022-08-27 Saturday 22:46:43:INFO: {'type': 'metric', 'label': 'training_precision', 'epoch': 2, 'value': 0.533527672290802, 'positive': 183.0, 'total': 343.0}
2022-08-27 Saturday 22:46:43:INFO: {'type': 'metric', 'label': 'training_recall', 'epoch': 2, 'value': 0.584664523601532, 'positive': 183.0, 'total': 313.0}
2022-08-27 Saturday 22:46:43:INFO: {'type': 'metric', 'label': 'validation_loss', 'epoch': 2, 'value': 0.6507623791694641, 'sum': 16.919821858406067, 'num_example': 26}
2022-08-27 Saturday 22:46:43:INFO: {'type': 'metric', 'label': 'validation_dist_target', 'value': (0.47563912318303037, 0.47990894317626953), 'epoch': 2}
2022-08-27 Saturday 22:46:43:INFO: {'type': 'metric', 'label': 'validation_acc', 'epoch': 2, 'value': 0.8846153846153846, 'num_correct': 23, 'num_example': 26}
2022-08-27 Saturday 22:46:43:INFO: {'type': 'metric', 'label': 'validation_precision', 'epoch': 2, 'value': 1.0, 'positive': 10.0, 'total': 10.0}
2022-08-27 Saturday 22:46:43:INFO: {'type': 'metric', 'label': 'validation_recall', 'epoch': 2, 'value': 0.7692307829856873, 'positive': 10.0, 'total': 13.0}
2022-08-27 Saturday 22:46:43:INFO: Epoch: 3
2022-08-27 Saturday 22:46:43:INFO: LR: 0.001
2022-08-27 Saturday 22:46:45:INFO: {'type': 'metric', 'label': 'training_loss', 'epoch': 3, 'value': 0.6040155480083186, 'sum': 378.1137330532074, 'num_example': 626}
2022-08-27 Saturday 22:46:45:INFO: {'type': 'metric', 'label': 'training_dist_target', 'value': (0.4540277182484587, 0.44407206526198706), 'epoch': 3}
2022-08-27 Saturday 22:46:45:INFO: {'type': 'metric', 'label': 'training_acc', 'epoch': 3, 'value': 0.7955271565495208, 'num_correct': 498, 'num_example': 626}
2022-08-27 Saturday 22:46:45:INFO: {'type': 'metric', 'label': 'training_precision', 'epoch': 3, 'value': 0.8268551230430603, 'positive': 234.0, 'total': 283.0}
2022-08-27 Saturday 22:46:45:INFO: {'type': 'metric', 'label': 'training_recall', 'epoch': 3, 'value': 0.7476038336753845, 'positive': 234.0, 'total': 313.0}
2022-08-27 Saturday 22:46:45:INFO: {'type': 'metric', 'label': 'validation_loss', 'epoch': 3, 'value': 0.5159071683883667, 'sum': 13.413586378097534, 'num_example': 26}
2022-08-27 Saturday 22:46:45:INFO: {'type': 'metric', 'label': 'validation_dist_target', 'value': (0.344486823448768, 0.43725178791926456), 'epoch': 3}
2022-08-27 Saturday 22:46:45:INFO: {'type': 'metric', 'label': 'validation_acc', 'epoch': 3, 'value': 0.7692307692307693, 'num_correct': 20, 'num_example': 26}
2022-08-27 Saturday 22:46:45:INFO: {'type': 'metric', 'label': 'validation_precision', 'epoch': 3, 'value': 1.0, 'positive': 7.0, 'total': 7.0}
2022-08-27 Saturday 22:46:45:INFO: {'type': 'metric', 'label': 'validation_recall', 'epoch': 3, 'value': 0.5384615659713745, 'positive': 7.0, 'total': 13.0}
2022-08-27 Saturday 22:46:45:INFO: Epoch: 4
2022-08-27 Saturday 22:46:45:INFO: LR: 0.001
2022-08-27 Saturday 22:46:46:INFO: {'type': 'metric', 'label': 'training_loss', 'epoch': 4, 'value': 0.4151077644703106, 'sum': 259.85746055841446, 'num_example': 626}
2022-08-27 Saturday 22:46:46:INFO: {'type': 'metric', 'label': 'training_dist_target', 'value': (0.31049495611708766, 0.30202545677891934), 'epoch': 4}
2022-08-27 Saturday 22:46:46:INFO: {'type': 'metric', 'label': 'training_acc', 'epoch': 4, 'value': 0.8194888178913738, 'num_correct': 513, 'num_example': 626}
2022-08-27 Saturday 22:46:46:INFO: {'type': 'metric', 'label': 'training_precision', 'epoch': 4, 'value': 0.8472222089767456, 'positive': 244.0, 'total': 288.0}
2022-08-27 Saturday 22:46:46:INFO: {'type': 'metric', 'label': 'training_recall', 'epoch': 4, 'value': 0.779552698135376, 'positive': 244.0, 'total': 313.0}
2022-08-27 Saturday 22:46:46:INFO: {'type': 'metric', 'label': 'validation_loss', 'epoch': 4, 'value': 0.35826149582862854, 'sum': 9.314798891544342, 'num_example': 26}
2022-08-27 Saturday 22:46:46:INFO: {'type': 'metric', 'label': 'validation_dist_target', 'value': (0.07892284026512733, 0.3327655792236328), 'epoch': 4}
2022-08-27 Saturday 22:46:46:INFO: {'type': 'metric', 'label': 'validation_acc', 'epoch': 4, 'value': 0.8461538461538461, 'num_correct': 22, 'num_example': 26}
2022-08-27 Saturday 22:46:46:INFO: {'type': 'metric', 'label': 'validation_precision', 'epoch': 4, 'value': 1.0, 'positive': 9.0, 'total': 9.0}
2022-08-27 Saturday 22:46:46:INFO: {'type': 'metric', 'label': 'validation_recall', 'epoch': 4, 'value': 0.692307710647583, 'positive': 9.0, 'total': 13.0}
2022-08-27 Saturday 22:46:46:INFO: Epoch: 5
2022-08-27 Saturday 22:46:46:INFO: LR: 0.001
2022-08-27 Saturday 22:46:47:INFO: {'type': 'metric', 'label': 'training_loss', 'epoch': 5, 'value': 0.40186441458833105, 'sum': 251.56712353229523, 'num_example': 626}
2022-08-27 Saturday 22:46:47:INFO: {'type': 'metric', 'label': 'training_dist_target', 'value': (0.16681236352402562, 0.21964558549582386), 'epoch': 5}
2022-08-27 Saturday 22:46:47:INFO: {'type': 'metric', 'label': 'training_acc', 'epoch': 5, 'value': 0.8258785942492013, 'num_correct': 517, 'num_example': 626}
2022-08-27 Saturday 22:46:47:INFO: {'type': 'metric', 'label': 'training_precision', 'epoch': 5, 'value': 0.8377483487129211, 'positive': 253.0, 'total': 302.0}
2022-08-27 Saturday 22:46:47:INFO: {'type': 'metric', 'label': 'training_recall', 'epoch': 5, 'value': 0.8083066940307617, 'positive': 253.0, 'total': 313.0}
2022-08-27 Saturday 22:46:47:INFO: {'type': 'metric', 'label': 'validation_loss', 'epoch': 5, 'value': 0.26122888922691345, 'sum': 6.79195111989975, 'num_example': 26}
2022-08-27 Saturday 22:46:47:INFO: {'type': 'metric', 'label': 'validation_dist_target', 'value': (0.1955400246840257, 0.14893891261174128), 'epoch': 5}
2022-08-27 Saturday 22:46:47:INFO: {'type': 'metric', 'label': 'validation_acc', 'epoch': 5, 'value': 0.8461538461538461, 'num_correct': 22, 'num_example': 26}
2022-08-27 Saturday 22:46:47:INFO: {'type': 'metric', 'label': 'validation_precision', 'epoch': 5, 'value': 0.8461538553237915, 'positive': 11.0, 'total': 13.0}
2022-08-27 Saturday 22:46:47:INFO: {'type': 'metric', 'label': 'validation_recall', 'epoch': 5, 'value': 0.8461538553237915, 'positive': 11.0, 'total': 13.0}
2022-08-27 Saturday 22:46:47:INFO: Epoch: 6
2022-08-27 Saturday 22:46:47:INFO: LR: 0.001
2022-08-27 Saturday 22:46:48:INFO: {'type': 'metric', 'label': 'training_loss', 'epoch': 6, 'value': 0.3132196388686427, 'sum': 196.07549393177032, 'num_example': 626}
2022-08-27 Saturday 22:46:48:INFO: {'type': 'metric', 'label': 'training_dist_target', 'value': (0.11848221495509528, 0.20386238829396403), 'epoch': 6}
2022-08-27 Saturday 22:46:48:INFO: {'type': 'metric', 'label': 'training_acc', 'epoch': 6, 'value': 0.8562300319488818, 'num_correct': 536, 'num_example': 626}
2022-08-27 Saturday 22:46:48:INFO: {'type': 'metric', 'label': 'training_precision', 'epoch': 6, 'value': 0.8912280797958374, 'positive': 254.0, 'total': 285.0}
2022-08-27 Saturday 22:46:48:INFO: {'type': 'metric', 'label': 'training_recall', 'epoch': 6, 'value': 0.8115016222000122, 'positive': 254.0, 'total': 313.0}
2022-08-27 Saturday 22:46:48:INFO: {'type': 'metric', 'label': 'validation_loss', 'epoch': 6, 'value': 0.3607378602027893, 'sum': 9.379184365272522, 'num_example': 26}
2022-08-27 Saturday 22:46:48:INFO: {'type': 'metric', 'label': 'validation_dist_target', 'value': (0.07127704070164607, 0.3199653625488281), 'epoch': 6}
2022-08-27 Saturday 22:46:48:INFO: {'type': 'metric', 'label': 'validation_acc', 'epoch': 6, 'value': 0.8461538461538461, 'num_correct': 22, 'num_example': 26}
2022-08-27 Saturday 22:46:48:INFO: {'type': 'metric', 'label': 'validation_precision', 'epoch': 6, 'value': 1.0, 'positive': 9.0, 'total': 9.0}
2022-08-27 Saturday 22:46:48:INFO: {'type': 'metric', 'label': 'validation_recall', 'epoch': 6, 'value': 0.692307710647583, 'positive': 9.0, 'total': 13.0}
2022-08-27 Saturday 22:46:48:INFO: Epoch: 7
2022-08-27 Saturday 22:46:48:INFO: LR: 0.001
2022-08-27 Saturday 22:46:49:INFO: {'type': 'metric', 'label': 'training_loss', 'epoch': 7, 'value': 0.22964118397273955, 'sum': 143.75538116693497, 'num_example': 626}
2022-08-27 Saturday 22:46:49:INFO: {'type': 'metric', 'label': 'training_dist_target', 'value': (0.1486802207776152, 0.14698625448793648), 'epoch': 7}
2022-08-27 Saturday 22:46:49:INFO: {'type': 'metric', 'label': 'training_acc', 'epoch': 7, 'value': 0.9089456869009584, 'num_correct': 569, 'num_example': 626}
2022-08-27 Saturday 22:46:49:INFO: {'type': 'metric', 'label': 'training_precision', 'epoch': 7, 'value': 0.9102563858032227, 'positive': 284.0, 'total': 312.0}
2022-08-27 Saturday 22:46:49:INFO: {'type': 'metric', 'label': 'training_recall', 'epoch': 7, 'value': 0.9073482155799866, 'positive': 284.0, 'total': 313.0}
2022-08-27 Saturday 22:46:49:INFO: {'type': 'metric', 'label': 'validation_loss', 'epoch': 7, 'value': 0.32386407256126404, 'sum': 8.420465886592865, 'num_example': 26}
2022-08-27 Saturday 22:46:49:INFO: {'type': 'metric', 'label': 'validation_dist_target', 'value': (0.3437177217923678, 0.1350950919664823), 'epoch': 7}
2022-08-27 Saturday 22:46:49:INFO: {'type': 'metric', 'label': 'validation_acc', 'epoch': 7, 'value': 0.8846153846153846, 'num_correct': 23, 'num_example': 26}
2022-08-27 Saturday 22:46:49:INFO: {'type': 'metric', 'label': 'validation_precision', 'epoch': 7, 'value': 0.8571428656578064, 'positive': 12.0, 'total': 14.0}
2022-08-27 Saturday 22:46:49:INFO: {'type': 'metric', 'label': 'validation_recall', 'epoch': 7, 'value': 0.9230769276618958, 'positive': 12.0, 'total': 13.0}
2022-08-27 Saturday 22:46:49:INFO: Epoch: 8
2022-08-27 Saturday 22:46:49:INFO: LR: 0.001
2022-08-27 Saturday 22:46:51:INFO: {'type': 'metric', 'label': 'training_loss', 'epoch': 8, 'value': 0.2304302372585851, 'sum': 144.24932852387428, 'num_example': 626}
2022-08-27 Saturday 22:46:51:INFO: {'type': 'metric', 'label': 'training_dist_target', 'value': (0.2249609548062943, 0.08701182325808005), 'epoch': 8}
2022-08-27 Saturday 22:46:51:INFO: {'type': 'metric', 'label': 'training_acc', 'epoch': 8, 'value': 0.8961661341853036, 'num_correct': 561, 'num_example': 626}
2022-08-27 Saturday 22:46:51:INFO: {'type': 'metric', 'label': 'training_precision', 'epoch': 8, 'value': 0.8444444537162781, 'positive': 304.0, 'total': 360.0}
2022-08-27 Saturday 22:46:51:INFO: {'type': 'metric', 'label': 'training_recall', 'epoch': 8, 'value': 0.9712460041046143, 'positive': 304.0, 'total': 313.0}
2022-08-27 Saturday 22:46:51:INFO: {'type': 'metric', 'label': 'validation_loss', 'epoch': 8, 'value': 0.33651337027549744, 'sum': 8.749347627162933, 'num_example': 26}
2022-08-27 Saturday 22:46:51:INFO: {'type': 'metric', 'label': 'validation_dist_target', 'value': (0.13573575019836426, 0.3001661484058087), 'epoch': 8}
2022-08-27 Saturday 22:46:51:INFO: {'type': 'metric', 'label': 'validation_acc', 'epoch': 8, 'value': 0.8846153846153846, 'num_correct': 23, 'num_example': 26}
2022-08-27 Saturday 22:46:51:INFO: {'type': 'metric', 'label': 'validation_precision', 'epoch': 8, 'value': 1.0, 'positive': 10.0, 'total': 10.0}
2022-08-27 Saturday 22:46:51:INFO: {'type': 'metric', 'label': 'validation_recall', 'epoch': 8, 'value': 0.7692307829856873, 'positive': 10.0, 'total': 13.0}
2022-08-27 Saturday 22:46:51:INFO: Epoch: 9
2022-08-27 Saturday 22:46:51:INFO: LR: 0.001
2022-08-27 Saturday 22:46:52:INFO: {'type': 'metric', 'label': 'training_loss', 'epoch': 9, 'value': 0.21938986700182905, 'sum': 137.338056743145, 'num_example': 626}
2022-08-27 Saturday 22:46:52:INFO: {'type': 'metric', 'label': 'training_dist_target', 'value': (0.07725831875785852, 0.22070965751672325), 'epoch': 9}
2022-08-27 Saturday 22:46:52:INFO: {'type': 'metric', 'label': 'training_acc', 'epoch': 9, 'value': 0.9089456869009584, 'num_correct': 569, 'num_example': 626}
2022-08-27 Saturday 22:46:52:INFO: {'type': 'metric', 'label': 'training_precision', 'epoch': 9, 'value': 0.9885495901107788, 'positive': 259.0, 'total': 262.0}
2022-08-27 Saturday 22:46:52:INFO: {'type': 'metric', 'label': 'training_recall', 'epoch': 9, 'value': 0.8274760246276855, 'positive': 259.0, 'total': 313.0}
2022-08-27 Saturday 22:46:52:INFO: {'type': 'metric', 'label': 'validation_loss', 'epoch': 9, 'value': 0.3205970823764801, 'sum': 8.335524141788483, 'num_example': 26}
2022-08-27 Saturday 22:46:52:INFO: {'type': 'metric', 'label': 'validation_dist_target', 'value': (0.13200770891629732, 0.27560012157146746), 'epoch': 9}
2022-08-27 Saturday 22:46:52:INFO: {'type': 'metric', 'label': 'validation_acc', 'epoch': 9, 'value': 0.8846153846153846, 'num_correct': 23, 'num_example': 26}
2022-08-27 Saturday 22:46:52:INFO: {'type': 'metric', 'label': 'validation_precision', 'epoch': 9, 'value': 1.0, 'positive': 10.0, 'total': 10.0}
2022-08-27 Saturday 22:46:52:INFO: {'type': 'metric', 'label': 'validation_recall', 'epoch': 9, 'value': 0.7692307829856873, 'positive': 10.0, 'total': 13.0}
2022-08-27 Saturday 22:46:52:INFO: Epoch: 10
2022-08-27 Saturday 22:46:52:INFO: LR: 0.001
2022-08-27 Saturday 22:46:53:INFO: {'type': 'metric', 'label': 'training_loss', 'epoch': 10, 'value': 0.1699644496646552, 'sum': 106.39774549007416, 'num_example': 626}
2022-08-27 Saturday 22:46:53:INFO: {'type': 'metric', 'label': 'training_dist_target', 'value': (0.11265054221351306, 0.1314096686939081), 'epoch': 10}
2022-08-27 Saturday 22:46:53:INFO: {'type': 'metric', 'label': 'training_acc', 'epoch': 10, 'value': 0.9376996805111821, 'num_correct': 587, 'num_example': 626}
2022-08-27 Saturday 22:46:53:INFO: {'type': 'metric', 'label': 'training_precision', 'epoch': 10, 'value': 0.9566666483879089, 'positive': 287.0, 'total': 300.0}
2022-08-27 Saturday 22:46:53:INFO: {'type': 'metric', 'label': 'training_recall', 'epoch': 10, 'value': 0.9169328808784485, 'positive': 287.0, 'total': 313.0}
2022-08-27 Saturday 22:46:53:INFO: {'type': 'metric', 'label': 'validation_loss', 'epoch': 10, 'value': 0.28876832127571106, 'sum': 7.5079763531684875, 'num_example': 26}
2022-08-27 Saturday 22:46:53:INFO: {'type': 'metric', 'label': 'validation_dist_target', 'value': (0.27831462713388294, 0.1331641123845027), 'epoch': 10}
2022-08-27 Saturday 22:46:53:INFO: {'type': 'metric', 'label': 'validation_acc', 'epoch': 10, 'value': 0.8846153846153846, 'num_correct': 23, 'num_example': 26}
2022-08-27 Saturday 22:46:53:INFO: {'type': 'metric', 'label': 'validation_precision', 'epoch': 10, 'value': 0.8571428656578064, 'positive': 12.0, 'total': 14.0}
2022-08-27 Saturday 22:46:53:INFO: {'type': 'metric', 'label': 'validation_recall', 'epoch': 10, 'value': 0.9230769276618958, 'positive': 12.0, 'total': 13.0}
2022-08-27 Saturday 22:46:53:INFO: Epoch: 11
2022-08-27 Saturday 22:46:53:INFO: LR: 0.001
2022-08-27 Saturday 22:46:54:INFO: {'type': 'metric', 'label': 'training_loss', 'epoch': 11, 'value': 0.1657285920728129, 'sum': 103.74609863758087, 'num_example': 626}
2022-08-27 Saturday 22:46:54:INFO: {'type': 'metric', 'label': 'training_dist_target', 'value': (0.16983688525117624, 0.05650626127712262), 'epoch': 11}
2022-08-27 Saturday 22:46:54:INFO: {'type': 'metric', 'label': 'training_acc', 'epoch': 11, 'value': 0.9361022364217252, 'num_correct': 586, 'num_example': 626}
2022-08-27 Saturday 22:46:54:INFO: {'type': 'metric', 'label': 'training_precision', 'epoch': 11, 'value': 0.895652174949646, 'positive': 309.0, 'total': 345.0}
2022-08-27 Saturday 22:46:54:INFO: {'type': 'metric', 'label': 'training_recall', 'epoch': 11, 'value': 0.9872204661369324, 'positive': 309.0, 'total': 313.0}
2022-08-27 Saturday 22:46:54:INFO: {'type': 'metric', 'label': 'validation_loss', 'epoch': 11, 'value': 0.2622342109680176, 'sum': 6.818089485168457, 'num_example': 26}
2022-08-27 Saturday 22:46:54:INFO: {'type': 'metric', 'label': 'validation_dist_target', 'value': (0.12260981706472543, 0.18440765600938064), 'epoch': 11}
2022-08-27 Saturday 22:46:54:INFO: {'type': 'metric', 'label': 'validation_acc', 'epoch': 11, 'value': 0.9230769230769231, 'num_correct': 24, 'num_example': 26}
2022-08-27 Saturday 22:46:54:INFO: {'type': 'metric', 'label': 'validation_precision', 'epoch': 11, 'value': 1.0, 'positive': 11.0, 'total': 11.0}
2022-08-27 Saturday 22:46:54:INFO: {'type': 'metric', 'label': 'validation_recall', 'epoch': 11, 'value': 0.8461538553237915, 'positive': 11.0, 'total': 13.0}
2022-08-27 Saturday 22:46:54:INFO: Epoch: 12
2022-08-27 Saturday 22:46:54:INFO: LR: 0.001
2022-08-27 Saturday 22:46:55:INFO: {'type': 'metric', 'label': 'training_loss', 'epoch': 12, 'value': 0.12431699613603159, 'sum': 77.82243958115578, 'num_example': 626}
2022-08-27 Saturday 22:46:55:INFO: {'type': 'metric', 'label': 'training_dist_target', 'value': (0.06330439991082627, 0.10471404931796625), 'epoch': 12}
2022-08-27 Saturday 22:46:55:INFO: {'type': 'metric', 'label': 'training_acc', 'epoch': 12, 'value': 0.9568690095846646, 'num_correct': 599, 'num_example': 626}
2022-08-27 Saturday 22:46:55:INFO: {'type': 'metric', 'label': 'training_precision', 'epoch': 12, 'value': 0.9798657894134521, 'positive': 292.0, 'total': 298.0}
2022-08-27 Saturday 22:46:55:INFO: {'type': 'metric', 'label': 'training_recall', 'epoch': 12, 'value': 0.9329073429107666, 'positive': 292.0, 'total': 313.0}
2022-08-27 Saturday 22:46:55:INFO: {'type': 'metric', 'label': 'validation_loss', 'epoch': 12, 'value': 0.2866080403327942, 'sum': 7.451809048652649, 'num_example': 26}
2022-08-27 Saturday 22:46:55:INFO: {'type': 'metric', 'label': 'validation_dist_target', 'value': (0.059234985938439004, 0.2104355005117563), 'epoch': 12}
2022-08-27 Saturday 22:46:55:INFO: {'type': 'metric', 'label': 'validation_acc', 'epoch': 12, 'value': 0.8846153846153846, 'num_correct': 23, 'num_example': 26}
2022-08-27 Saturday 22:46:55:INFO: {'type': 'metric', 'label': 'validation_precision', 'epoch': 12, 'value': 1.0, 'positive': 10.0, 'total': 10.0}
2022-08-27 Saturday 22:46:55:INFO: {'type': 'metric', 'label': 'validation_recall', 'epoch': 12, 'value': 0.7692307829856873, 'positive': 10.0, 'total': 13.0}
2022-08-27 Saturday 22:46:55:INFO: Calculating recall rate: sun2011
2022-08-28 Sunday 00:40:08:INFO: RR calculation - 500 duplicate reports were processed
2022-08-28 Sunday 02:25:35:INFO: RR calculation - 1000 duplicate reports were processed
2022-08-28 Sunday 04:14:14:INFO: RR calculation - 1500 duplicate reports were processed
2022-08-28 Sunday 06:00:33:INFO: RR calculation - 2000 duplicate reports were processed
2022-08-28 Sunday 07:44:25:INFO: RR calculation - 2500 duplicate reports were processed
2022-08-28 Sunday 09:30:16:INFO: RR calculation - 3000 duplicate reports were processed
2022-08-28 Sunday 11:14:44:INFO: RR calculation - 3500 duplicate reports were processed
2022-08-28 Sunday 13:00:13:INFO: RR calculation - 4000 duplicate reports were processed
2022-08-28 Sunday 14:41:25:INFO: RR calculation - 4500 duplicate reports were processed
2022-08-28 Sunday 16:21:40:INFO: RR calculation - 5000 duplicate reports were processed
2022-08-28 Sunday 17:57:25:INFO: RR calculation - 5500 duplicate reports were processed
2022-08-28 Sunday 19:29:28:INFO: RR calculation - 6000 duplicate reports were processed
2022-08-28 Sunday 20:12:51:INFO: [] Throughput: 0.08073598863326391 bugs per second (bugs=6229 ,seconds=77152.70606637001)
2022-08-28 Sunday 20:12:51:INFO: {'type': 'metric', 'label': 'recall_rate', 'k': 1, 'rate': 0.2401669609889228, 'hit': 1496, 'total': 6229, 'epoch': 0}
2022-08-28 Sunday 20:12:51:INFO: {'type': 'metric', 'label': 'recall_rate', 'k': 2, 'rate': 0.3143361695296195, 'hit': 1958, 'total': 6229, 'epoch': 0}
2022-08-28 Sunday 20:12:51:INFO: {'type': 'metric', 'label': 'recall_rate', 'k': 3, 'rate': 0.3470862096644726, 'hit': 2162, 'total': 6229, 'epoch': 0}
2022-08-28 Sunday 20:12:51:INFO: {'type': 'metric', 'label': 'recall_rate', 'k': 4, 'rate': 0.374538449189276, 'hit': 2333, 'total': 6229, 'epoch': 0}
2022-08-28 Sunday 20:12:51:INFO: {'type': 'metric', 'label': 'recall_rate', 'k': 5, 'rate': 0.39540857280462355, 'hit': 2463, 'total': 6229, 'epoch': 0}
2022-08-28 Sunday 20:12:51:INFO: {'type': 'metric', 'label': 'recall_rate', 'k': 6, 'rate': 0.4108203563974956, 'hit': 2559, 'total': 6229, 'epoch': 0}
2022-08-28 Sunday 20:12:51:INFO: {'type': 'metric', 'label': 'recall_rate', 'k': 7, 'rate': 0.4233424305667041, 'hit': 2637, 'total': 6229, 'epoch': 0}
2022-08-28 Sunday 20:12:51:INFO: {'type': 'metric', 'label': 'recall_rate', 'k': 8, 'rate': 0.43458018943650667, 'hit': 2707, 'total': 6229, 'epoch': 0}
2022-08-28 Sunday 20:12:51:INFO: {'type': 'metric', 'label': 'recall_rate', 'k': 9, 'rate': 0.4442125541820517, 'hit': 2767, 'total': 6229, 'epoch': 0}
2022-08-28 Sunday 20:12:51:INFO: {'type': 'metric', 'label': 'recall_rate', 'k': 10, 'rate': 0.45272114304061645, 'hit': 2820, 'total': 6229, 'epoch': 0}
2022-08-28 Sunday 20:12:51:INFO: {'type': 'metric', 'label': 'recall_rate', 'k': 11, 'rate': 0.46058757424947827, 'hit': 2869, 'total': 6229, 'epoch': 0}
2022-08-28 Sunday 20:12:51:INFO: {'type': 'metric', 'label': 'recall_rate', 'k': 12, 'rate': 0.4700593995825975, 'hit': 2928, 'total': 6229, 'epoch': 0}
2022-08-28 Sunday 20:12:51:INFO: {'type': 'metric', 'label': 'recall_rate', 'k': 13, 'rate': 0.4772836731417563, 'hit': 2973, 'total': 6229, 'epoch': 0}
2022-08-28 Sunday 20:12:51:INFO: {'type': 'metric', 'label': 'recall_rate', 'k': 14, 'rate': 0.4841868678760636, 'hit': 3016, 'total': 6229, 'epoch': 0}
2022-08-28 Sunday 20:12:51:INFO: {'type': 'metric', 'label': 'recall_rate', 'k': 15, 'rate': 0.48916358966126183, 'hit': 3047, 'total': 6229, 'epoch': 0}
2022-08-28 Sunday 20:12:51:INFO: {'type': 'metric', 'label': 'recall_rate', 'k': 16, 'rate': 0.4963878632204206, 'hit': 3092, 'total': 6229, 'epoch': 0}
2022-08-28 Sunday 20:12:51:INFO: {'type': 'metric', 'label': 'recall_rate', 'k': 17, 'rate': 0.5012040455931931, 'hit': 3122, 'total': 6229, 'epoch': 0}
2022-08-28 Sunday 20:12:51:INFO: {'type': 'metric', 'label': 'recall_rate', 'k': 18, 'rate': 0.5044148338417082, 'hit': 3142, 'total': 6229, 'epoch': 0}
2022-08-28 Sunday 20:12:51:INFO: {'type': 'metric', 'label': 'recall_rate', 'k': 19, 'rate': 0.5084283191523519, 'hit': 3167, 'total': 6229, 'epoch': 0}
2022-08-28 Sunday 20:12:51:INFO: {'type': 'metric', 'label': 'recall_rate', 'k': 20, 'rate': 0.5127628832878471, 'hit': 3194, 'total': 6229, 'epoch': 0}
2022-08-28 Sunday 20:12:51:INFO: {'type': 'metric', 'label': 'MAP', 'value': 0.3148593808806702, 'sum': 1961.2590835056947, 'total': 6229, 'epoch': 0}
2022-08-28 Sunday 20:12:51:INFO: [3336, 292, 43, 2, 8, 1, 1, 2, 7, 726, 1, 2, 5032, 1, 2, 1, 1, 43, inf, 2, 17, 11347, 1124, 614, 2302, 328, 2131, 5, 6695, 8967, 36, 9, 6, 2, inf, 17, 1, inf, 2, 1, 1, 1, 11, 14, 3, 1, 7293, 1, 14, 8, 3, 241, 49392, 1, 2, 6, 3, 1, 304, 1, 785, 3096, 1260, inf, 60, 13, inf, 91, 98, 45, 1, 220, 3851, 55, 36, 818, 89, 29, 1241, 1, 140, 6, 266, 1, 515, 1, 1, 995, 122, 28700, 29, 1184, 1, 440, 3350, 2, 19, 1, 62, 48177, 8, 51, 47837, 9932, 947, 70, 3, 16, 1556, 4009, 8, 1614, 1203, inf, 1, 1, 2, 1, 1, 1, 427, 1, 1000, 1990, 1, 1, 1, 1, 328, 1, 48, 644, 32, 11, 323, 454, 5, 1, 9, 1, 1, 476, 31, 8, 68, 2, 1, 18, 7, inf, inf, 1826, 851, 1, 11, 12, 101, 1, 3713, 86, 3, 390, 1, 6294, 11, 1, 8, 544, 7, 5, 18, 9, 1, 45, inf, 6, 1, 1, 2, 1071, 29, 1, 1, 3856, 3, 3470, 126, 35, 64, 1, 8, 6, 26, 200, 965, 5, 1, 17, 2, 505, 528, 116, 16, 16, 451, 2, 1, 868, 1, 5, 5, 1, 4, 34, inf, 383, 10, 6707, 180, 1, 1, 1, 1052, 1, 1, 7, 2110, 10, 208, 1013, 1396, inf, 1, 9, 3, 2, 61, 3481, inf, 2, 12, 2, 1951, 418, 71, 1, 291, 11, 2, 1, 1, 13989, 1, 1, 1, 1, inf, 46, inf, 1, inf, 8, 412, 4030, 51, 1, 27736, 1, inf, 20921, 1068, 258, 108, 1, 1, 4833, 392, 1, 46479, 1, 12, 2, 1, 175, 1, 1, 6, 79, 21, 1, 369, 1188, 30, 155, 7992, 3041, 1, 135, 1, 52634, 12, 2, 5, 11, 20, 969, 493, 450, 1, 11, 210, 6709, 15, 2, 51544, 5, 2, 1, 1, 1, 2, 2, 3, 1, 12, 1877, 22, 11429, 907, 1040, 1503, 1, 4, 5, 12, 377, 1, 23, 153, 38, 54394, 2, 72, 13, 20353, 3, 2866, inf, 13249, 1, 21807, 22, 1, 23, 2, 9, 393, 249, 44, 2, 9, 31, 270, 949, 526, 19, 4, 1, 428, 199, 4, 1, 10, 1, 1, 14, 6957, 95, 1, 1, 1, 16, 1, 1, 2635, 6287, 386, 1, 137, 1, 3798, 11, 879, 1, 22, 2, 7, 3, inf, 190, 1, 1, 3077, 4153, 2347, 6492, 99, 10, 1, 1, 3223, inf, 64, 8155, 4, 1458, 49, 1, 11, 2, 290, 409, 588, 1, 1, 2, 41, 1, 1, 1, 40, 1, 1232, 143, 2, 1, 1, 231, 616, 70, 441, 57, 26, 141, 1622, 190, 152, 1, 1033, 56, 1, 6548, 1, 8, 1, 4, 15, 1383, 2, 13, 1, 145, 15, 120, 3, 141, 16, 741, 1, 1291, 13, 3261, 2, 2, inf, 1, 143, inf, 11, 1, 1, 1219, 54, 2, 754, 1, 3027, 1, 1, 2, 1378, 98, 5094, 807, 732, 5, 2396, 503, 1, 18232, 663, 2, 1, 234, 10, 1943, 21, 2, 244, 1, 3, 2, 142, 1, 1, inf, 145, 1, 2, 1, 925, 214, 1330, inf, 152, 1, 34, 4, 1, 1, 1, 1, 2, 1, 3, 375, 6, 3, 3, 762, 116, 4, 6, 1, 215, 342, 160, 4433, 172, 1, inf, 8793, 1, 1, 278, 20136, 2529, 1, 79, 115, 1, 1595, 23, 1735, 16, 7, 113, 16, 3, 45376, 4477, 1, 1, 2259, 1, 1, inf, 2261, 68, 182, 2, inf, inf, 1378, 2040, 91, 30, 1, 39, 251, 1, inf, inf, 1, 2, 1, 65, 92, 12, 2652, 3, 6, 1, 208, 1, 114, 124, 2437, 1, 10428, 14, 1, 75, 13569, 3, 10, 296, 71, 28, 374, 3, 1, 1, 1, 384, 487, 374, 1, 499, inf, 107, 1, 1375, 2, 68, 474, inf, 5, 13, 210, 1, 1, inf, 1, 1055, inf, 1, 495, 1452, 3, 22, 2, inf, inf, 266, 1, 17, 188, 1, 1, 2, 2, 1, 63, 129, 342, 13, 9, 11, 1, 71, 172, 5, 876, 478, 1, inf, 5, inf, 34, 738, 26, 776, 22, 1016, 1697, 213, 1, 5, 33, 1, 2209, 1, 54, 5, 1, 87, 2337, 63, 154, 7, 9, 21776, 176, 10947, 52, 1, 1, 1392, 4, 4, 125, 1068, 921, 7, 1383, 2, 145, 2, 61, 13, 193, 32, 15, 307, 4164, 127, 4881, 1, 48, 82, 1, 48, 10136, 28, 15111, 1, 3, 4110, 41, 3, inf, 966, 1416, 2828, 5, inf, 2, 99, 2, 20, 2688, 1, 4, 1, 1, 4, 6063, 944, inf, inf, 13, 12, 7, 61, 1, 1, 8481, 4, 240, 1, 2587, 10992, 926, 18, 218, 80, 64, inf, 2, 1851, 2, 9145, 2, 1285, 1, 9, 143, 1, 1, inf, 3, 1, 5120, 2341, 3759, 92, 1, 9, 1, 16, 5, 89, 1, 16, 5, 1, 19316, 1, 1, 1, 236, 559, 1, 1, 1, 4478, 101, 5, 3, 4687, 55, 124, 26, inf, 1078, 1, 1, 33, 561, 1, 389, 1, 7, 1, inf, 1, 5542, 319, 1694, 74, 134, 21, 1, 500, 2, 1, 32, 24, 18, 43, 4, 12, 1, 2, 18, 1, 33196, 1, 47, 12, 24, 1, 5, 29386, 51545, 240, 1016, 2234, 2, 37, 1, 62, 2, 11, inf, 27, 1, 3184, 620, 510, 157, 1, 1, 59, 1, 1, 67, 3805, 2373, 1, 1178, 4, 3070, 4, 1, 591, 3, 9, inf, 1, 63, 1, 1, inf, 1474, 81, 3682, 3, 14, 8, 2648, 1, 10386, 21, inf, 733, 1608, 92, 1157, 1, 1, 1, 16, 1094, 1, 7, 3, 2, 5249, 1, 1551, 9290, 34632, 3, 4, 2968, 1, 39, 10, 6, 28, 1251, inf, 3, 1, 1, 91, 20, 1, 1, inf, 530, 4, 71, 29288, 8, 5, inf, 42, 6, 1, 4, 32, 1332, 1, 1, 198, 1, 1415, 1690, 2, inf, 2, 2, 5, 7, 1946, 2, 4, 4248, 1430, 91, 1, 2, 70, inf, 4, 5, 1, 1, 11995, 3, inf, 15, 5, 1, 12, 242, 337, 596, 1, 28, 275, 1386, 1, 1, 140, 1, 270, 8, 1, 17, 53, 5, 345, 1, 2, 17, 1017, 10, 24966, 1, 1, 3119, 368, 16, 2, inf, 161, 134, 214, inf, 1, inf, 2, 159, 1, 1, 4, 6, inf, 3481, inf, 2, 5, 1, 79, 1, 13, 269, 22353, 272, 6, 1, 2, 1, 28, 33, 2, 674, 181, 13, 211, 5, 18, 6, 6598, 1, 1, 1146, 62, 239, 2, 47986, 8, inf, inf, 1, 433, inf, 3, 599, 501, 1, 156, 2, 15, 48, inf, 1, 1, 590, 48, 21, 2, 123, 1735, 2161, 5, 28, 3705, 1, 2, 901, inf, 1, 47, 224, 15, 1, 91, inf, 53678, 1, 1, 1831, inf, 466, 665, 1, 42, 685, 4264, 8, 5175, 2, inf, 1910, 2, inf, 2173, 2621, 791, 35029, 1357, 912, 11, 1297, 12, 14, 17, 11083, 1577, 16, 1, 3, inf, 303, 1, 68, 22, 1, 1, 2, 811, 1, 2599, 1, 2, 7, 689, 30, 536, inf, 11, 114, 1, 3, inf, inf, 5, 1, 1, 61, 25395, 3, 2, 20, 858, 2, 2, 61, 3, 1, 242, 7, 1, 102, 1, 1, 1, 11, 99, 3822, 33, 2138, 1, 1043, 2, 865, 4, 1, 1, 3, 1, 505, 2149, 6, 3, 3, 2295, 1, 5117, 54, 7, 2, 2453, 24, 5, 1, 3, 4844, 93, 24, 1, 6, 135, 1034, 655, 5, 5, 548, 1, 3, 142, inf, 121, 2, 16, 51281, 3, 35, 61, 1, 1, 75, 1, 1565, 2, 53, 3, 20, 10, 4, 1, 1, 34883, 6, 9539, 1, 1264, 1318, 10, 30, 664, 1086, 28, 1, 1, 1, 1, 90, 3, 20, 119, 1, 222, 381, 1388, 1, 1, 12, 1, 1, 14, 1, 1, 5373, 10, 1, 972, 2274, 4, 177, 12343, 3, 146, 1, 5, 1, 21, 1, 3590, 1, 2804, 2267, 1, 2, 20, 715, 10251, 13, 214, 1, 1, 1, 2, 3115, 1, 1, 471, 1, 1, 20, 1, 1, 1, 5, 2, 13538, 2, 295, 109, inf, 5322, 2, 37, 1, 4574, 6, 397, 36, 25, 1, 824, 1, 1, 1, 23765, 8, 7, 5, 8088, 97, 1, 6123, 12, 101, 2, 102, 6, 1, 875, inf, 49778, 611, 9, 831, 36, 45, 427, 1, 50, 8, 1, 2, 793, 1, 49, 1, 1, 1, inf, 7802, 2, inf, 76, 1, 179, inf, 1, 1, 68, 1742, 2, 20, 1, 5, inf, 5, 28, 11198, 11, 1, 13502, 1, 430, 7, 1, 76, 914, 11, 2, 3481, 46, 204, 2, 2, 27, 71, 4, inf, inf, 21, 1, 48503, 7594, 4787, 1, 130, 12, 13, 1, 5, 256, inf, 1, 1, 10, 16803, 1, 49, 5, 8, 1, 1, 7, 1678, 3, 3, inf, 1, 4, 1, 2, 65, 1, 1, 1, 16, 260, inf, 5293, 48, 48963, 563, 95, 39, 7, 75, 1, 1, 36, inf, 3, 1, inf, 4, 77, 2603, 1, 64, 1, 2367, 170, 619, 42, 2, 38565, inf, 122, 1, 3364, 1, 3, 3, 3, 81, inf, 7, 1, 247, inf, inf, 1, 2311, 41, 25161, 1, 1, 2, inf, 278, 21, 1, 484, 12256, 17, 3, 60, 7, 1, 1, 5653, 6, 229, 188, 9, 1, 2296, 18, 1, 2124, 1, 121, 4387, 520, 1, 4, 966, 2, 1, 1, 2, 1, 11837, 1, 1, 1, 1, 796, 1, 25, 3, 1, 145, 3, 22, 1019, 300, 1, 2, 1, 1, 1, 1, 1418, 1, 2, 1, 1, 1, 2, 2, 1, 42, 4, 33, 11363, 3, inf, 1, 19, 273, inf, 625, 5116, 314, 1496, 94, 4, 1550, 3896, 638, 10405, 1371, 18603, 16, 11122, 1, inf, 1, 1204, 10, 32, 40, 3, 1, 2, 1, 1, 1, 1, 1, 5, 8, 1, 2, 8, 20, 34, 2106, 1, 1, 17, 17854, 172, 17, 772, 1, 4, 1, 16456, 3372, 1, 1, 1, 3, 5, 7, 1, 1, 4, 14, 1, 1, 33, 4, inf, 17, 2, 3983, 1050, 114, 42012, inf, inf, 19, 4, 5819, inf, 2, 70, 2, 1, 1, 242, 56, 5, 88, 3265, 41, 1860, inf, 61, 17, 261, 200, 2168, 93, 1, 586, 1, 2, 8, 985, 1, 9, 2, 5831, 1, 12, 155, 1, 509, 28, 91, inf, 3, 347, 1, 4, 3, 1684, 7, 78, 1, 402, 8, 6, 4, 1, 2, 4, inf, 171, 34, 105, 76, 4, 5000, 765, 780, 1, 1, 572, 7, 26, 599, 39, 1, 544, 4, 6, 10429, 1, inf, 145, 28, 827, 3, 2367, 103, 3542, 3258, 21, 271, 64, 12, 1131, 1, 1, 1, 9330, 310, 7, 2, inf, 8, 40, 6, 1, 1, 466, 9, 31443, 648, 355, 1, 250, 1, 386, 1622, 2, 22, 1, 26, 2, 1, 66, 74, inf, 4, 2171, 2, 19, 1, 37, 8372, 454, 323, 1, 10, 175, 2, 2, 228, 2, 3, 1, 1, 2, 2, 1772, 40, 5, 1020, 1051, 694, 188, 1, 2, 1, 3, 103, 1, 1, 1, 4, 2084, 294, 1, 88, 1, 78, 5, 7022, 1, 1, 1125, 5327, 1, 697, 1, 1, 31498, 1, 310, 773, 2138, 1, 1, 1, 4, 126, 210, 307, 1, 2, 30, 3963, 252, 1, 2, 11, 5401, 47, 2, 1, 8, 114, 1, 294, 98, 3085, 7, inf, 213, 4517, 1, 5, 18868, 128, 17, 4, 365, 3, 6, 1, 1, 6273, 286, 13, 12, 3, 4, 11, 43, 1, 1, 1, 74, 21, 2, 17326, 40, 1, 1, 74, 126, 3, 2, 4, 3, 132, 7, inf, 2, 4038, 81, 59, 324, 2, 20, 1, 192, 775, 9, 2161, 1, 15, 81, 27, inf, 1, 3, 487, 5, 33, 1713, 1, 73, 30, 19, 6207, 15, 13, 9206, 14, 3, 2877, 1, 2652, 125, 2, 1, 1, 1, 129, 2502, 384, 136, 1, 5398, 1, 383, 132, inf, 97, 41, 1, 3, 6, 9, 2, 1, 13, 86, 2986, 151, 4, 34, 10, 1, 23, 59, 2, inf, 226, 2, 1, 1, 1, 1, 3592, 4, 19, 1, 1, 30, 626, 6, 3, 4405, 1, 1, 44, 1181, 8092, 304, 17394, 1, 1, 3644, 3, 22, 24, 1, 4, 1, 186, 54, inf, 341, 4, 3902, 64, 102, 6, 961, 1, 180, inf, 104, 5, 23, inf, 1, 43, 13185, 332, 17, 1, 1, 1, inf, 153, 25, 66, 4724, 1, 2686, 1, 1, 2928, 1, 6840, 1540, 4, 25, 202, 1, 758, 6, 183, 1, 1406, 1, 1, 23017, 31, 94, 2808, 1, 2, 2, 27, 37, 2, 1, 263, 1201, 86, 8842, 2, 7, 3, 9, 1, 13645, inf, 4404, 3, 1046, inf, 2, 241, 8, 1, 1, 2, 162, inf, 3, 3, 313, 1, inf, 1, 552, 1, 3, 6, 3, 359, 5663, 1, 531, 25, 39, 414, inf, 1, 63, 2, 1, inf, 1, 4, 1, 394, 1817, 2, 1, 2847, 1, 1101, inf, inf, 3942, 2, 11, 38, 1, 4935, 15, inf, 2, 171, 1, 2, 1, 3, 1, 693, 458, 17, 1, 147, 5, 1, 1504, 2488, 13, 111, 368, 117, inf, 1, 1473, 1, 1, inf, 14090, 1, 1, 479, inf, 1, 4, 2, 1, 1, 1, 3998, 2, 3, 3, 1, 24, inf, 20, 1, 1, 39303, inf, 116, 583, 1, 74, 4, inf, 29, 15941, 7, 13, 6, 40, 36, 12, 1, 1, 58, 1941, 2, 179, 2, 1, 1, 710, 9158, inf, inf, 36, 8, 22, 6, 1, 2, inf, 2, 1, 10617, 1, 1, 7720, 1, 1046, 21, 244, 1258, 34, 2, 2070, 2, 6, 44, 8, 66, 1, 153, 2, 4, 1, 1, 6, 2, 1, 5400, 6922, 1, 2, 1, 10, 618, 1, 7, 50484, 2, 1428, 1442, 49, 83, inf, 2, 25, 1, 1, inf, inf, 27303, 71, 47, 16, 1, 2426, 2, 11068, 18, 1, 2978, 4, 13, 5, 2744, 1, 30223, 1, 3, 1, 1, 1, 1, inf, 1, 1, 2, 2, 2, 53, inf, 1221, 1, 3028, 6, 44248, 114, 31, 1, 1, 1, 3, 164, 1, 39, 1, 65, 2, 1, inf, 3021, inf, 5, 4, 1, 17088, 1, 12, 1, 8, 2, 1, 9, 4, inf, 12, 8, 26, 8, inf, 38, 37, inf, 55941, 47, 2, 6626, 5, 4, 1, 1, 42, 1, 1, inf, 1, 2966, 1018, 28, inf, 51, 5625, 17635, 1, inf, 29, 2400, 5, 2, 1, 410, 240, inf, 1, 1, 5, 1, 17274, inf, 59, inf, 117, 1, 188, 1, 225, 2, 2, 3, 4815, 33548, 17028, 1, 1, 1, 1177, 1, inf, 1, inf, 5, 7, 1, 3, 5326, 618, 1, inf, 1363, 74, 1, 1, 503, 5813, 1, 214, 3902, 1, 889, 1, 2, 353, 1, 1, 1, 1, 1, 1, 1, 1, 1334, 1, 1, 1, 2, 4718, 2, inf, 802, 1, inf, inf, 6766, 131, 11919, 1098, 1, 6, 3, 143, 21, 1, 1, 6, 1, 3, 2, 1, 1, inf, 126, 100, 4, 7, 10522, 3, 93, 1, 15, inf, 1, 2, 1, 5, 3436, 6, 4047, 1, 1, 1, 32, 1, 3, 3839, 1, 111, 594, 1, 18, 1043, 94, 1, 1, 1683, 978, inf, 2, 2096, 3, 1, inf, 60, 4783, 141, 1, 22, 1, 2, 5, 1, 2, 181, 135, 1173, 1, 1, 5945, 1, 26, 124, 627, 2, 1, 272, 556, 6, 20, 3, 23978, 2, 1, 3, 28, 2, 547, 597, 47406, inf, 152, 2039, 3383, 216, 3, 5, 19470, 21301, 10522, 8, 2162, 3, 3, 332, inf, 2, 9991, 1, 10, 10, 6417, 12, 56, 12, 1, 5, 4084, 3660, 41, 21, 1, 1, 21, 14, 3, 3, 28, 5142, 87, 1, 21, 1, 14, 1, 1, 1, 6, 1, 6, 1, 49, 1, 228, 16, 8695, 21, 3, 1, 3, inf, 2993, 1, 1, 1, 7, inf, 6075, 3458, 6, 14, inf, inf, 1821, 347, inf, 5, 1, 43, 1, 14, 489, 621, 110, 1, 325, 295, 83, 1, 213, 12, inf, 39, 10, 109, inf, 1, inf, 2, 1, 5, 2, 6, 61, 927, 400, 12, 4, 1, 9555, 1, 1, 8273, 188, 2196, 392, 4, 2, 1, 11, 1, 21, 7, 2, 4445, 12, 1, 10901, 1761, 5, 73, 7, 9, inf, 6431, 1, 2030, 2103, 7, 1, 20, 892, 264, 3, 9602, 1, 1249, 2, 1, 1932, 526, 3812, 22, 1, 1, 4, 1, 17, 160, 2, 4, 1, 5, 1, 11, 1, 1, 23, 344, 1, 1, 3, 79, 2, 28, 2059, 21, 1, 1, 4, 2, 452, 1, 5, 17, 2, 1, 1, 423, 38, 187, 651, 2, 1, 52, inf, 4055, 1, 1, 60, 11, 1, 367, 1, 2, 246, 3, 11, 7, inf, 911, 1, 1451, 645, 56, 12, 2, 1, 2847, 480, 1, 16, 488, 5, 10, 6, 1, 1, 8, 4, 2, 2478, inf, 666, inf, 2, inf, 1, 7, 1, 1, 17, 23, 1, 1, 1, 1, 1, 1, 3, 131, 1, 1, 233, 223, 6370, 148, 4, 1, 6, 826, 1979, inf, 1, 3, 213, inf, 3, 25, 2, 1, 35, 64, 42, 71, 1488, 120, 1, 1, 176, 10, 482, 1, inf, 1215, 5524, 5304, 762, 1, 4, 9, inf, 3, 25, 30, 4, 141, 1, 3, 2, 2516, 1, 2, 1, 165, 8, 52, 41, 5615, 13, 6085, 1, 4, 6, 1, 982, 1, 4352, 1041, 2810, 1172, 5, 5, 1, 5687, 138, 96, 2, 1, 19, 1, 3, inf, 1, 14, 26, 23, 318, 91, 53140, 1896, 27877, 39, 1, 125, 159, 40418, 1, 5404, 751, 12, inf, 1, 1, 21, 4, 81, 474, 43, 17, 1, 1, 1, 2, 12007, 41, 1, 1, 7875, 35, 1, 516, 1, inf, 65, 20, 450, 1, 1, 2, 276, 4667, inf, 54, 54, 135, 3, 2167, 698, 2500, 200, 1, 1132, 1, 226, 10, 8, 1, 16, 1, 1, 7, 51, 312, 21511, 1, 47, 2784, 1431, 1013, 1, 1, 6, 67, 777, 21, 2, 1, 3, 234, 1, 2, 3, 3, 82, 2, 2, 641, 2, 146, 8, 2, 2, 2, inf, 1, 8, 30, 1, 45372, 1, 719, 1, 1, inf, inf, 1, 6879, 29, 1, 1, 2, 1, 1, 1, inf, 93, 1, 1, 16, 1, 177, 1, 88, 2, 1848, 27, 1, 1, 2, 2, 3161, 8, 266, inf, 424, 26, 155, 1, 71, 4, 9, 1353, 211, 1, 14, 6001, inf, 11, inf, 18405, 57, 2, 1, 48936, 124, 1, 1, inf, 1, 1, 1, 1, 7258, 13, 8, inf, 1, 12, 2114, 12, 1104, 20, 2195, 31735, 2, 1, 106, 1681, 1, 57492, 1935, 2, 1, 1, 8, 58, 80, 2, 1, 1, 1, 1, 1, 1, 32, 18, 263, 25, 2, 150, 541, 114, 27, 6, 191, 8729, 613, 46, 88, 403, 1085, 15, 1, 1561, 166, inf, 1228, 33, 2, 1, 23, 1, 2, 993, 2, 6, 104, inf, 1037, 1418, inf, 2441, 2748, 1, 3, 1206, 4493, 3, 2303, 199, 143, 179, 603, 2, 126, 1, 6, 1, 3, 284, 2453, inf, 16, 4, 606, 117, 22164, 1, 27, 8176, 3, 1, 8084, 4619, 4728, 3417, 2186, 1, 14, 145, 1310, 20, 1366, inf, 9, 1, 278, 1, inf, 432, 51, 265, 1, 11290, 4317, 5402, 42332, 1, 1, 1, 2, 176, 2, 25, 4, 32, 14112, 4, 2, 1075, 130, 1, 1, 1, 3, inf, 1, 3, 14, 1, 1411, 9, 18, inf, 44, 5668, 10, 1, 2, 1072, 4, 42, 467, 6, 21, 5, 122, 52, 2, 43, 37, 20, 2, 1, 2, 1, 1, 1, 2, 1, 1, 1, 1, 2, 1, 390, 2, 49539, 8, 53, 20, 2, 325, 32, 20, 1, 1, 369, 259, 2, inf, inf, 342, 2, inf, 1, 74, 34, 21048, 101, 1, 1, 66, 1, inf, 1, 1, 1, 22, 459, 1, 50003, 1, 2, 15, 187, 2, 1428, 2, 1, 9, 1, 7, 164, inf, 2, 1, 136, 25, 2, 317, 1, 45, 1, 2, 603, 934, 28, 65, inf, 27, 1, 866, 1, inf, 477, 242, 5, 1, 4958, 1, 2, 1870, 8, inf, 3, 22, 1, 50, 1, 1095, 1056, 2277, 486, 1, 1, 2, 1, 1, 1, 1558, 1, 3901, 517, 106, 37, 88, 4, 5, 60, 138, 59, 1, 1, 1, 1, 21, inf, 1, 31, 1334, inf, 9, 1, 79, inf, 8, inf, 230, 12, 9507, 115, 289, 1, 1, 1, 1, 1, 95, 91, 2, 1245, 3925, 1, 436, 1, 6, 516, 383, 7, 7, 28, 1, 1, 1, 4, 10, 184, 71, 169, 104, 1438, 1, 10, 1, 184, inf, 3, 133, 4, 44, 2, 104, 1, 379, 1, 458, 8, 5, 1487, 2, 1, 2, inf, inf, 10, 1, 4182, 2197, inf, 6138, 14, 2, 1, 1, 139, 1, 8, 82, 66, 1, 12, 1, 145, 7, 1686, 1030, 4, inf, 1043, 42, 12278, 2, 2, 5645, 3, 16521, 2, inf, 6735, 103, 95, 1, 3, 1, 206, 1, 5, 2380, 10, 1, 12, 1, 1, 1, 364, 16, 3, 1, 55, 1161, 7, 14, 17, 211, 51, 61, 1, 18, 156, 1, 1, 2, 1, 42, 13, 2, 1, 105, 4, 1, 1, 20137, 1, 1, 1, 29, 312, 5475, 752, 3, 1, 38, 2, 3, 1656, 960, 1, 1, 5252, 1, 10, 56346, 24, 41248, 946, 1, 1, 526, 1, 1, 918, 17253, 1, 2, 1, 464, 323, 2064, 2, 1, 5, 4913, 173, 10, 1, 1, 4616, 6, 22, 620, 1, 380, 2938, 904, 4, 98, 3, 75, 23389, 3, 1, 3305, 14, 6, 12883, 3548, 94, 171, 9119, 4, 1, 182, 1, 1, 1, 31, 40, 2, 9, 2, 1, inf, 1, 7, 4536, 1, 139, 6822, 108, 4, 10, 4, 1, 3, 23, 1, 1, 24, 1775, 1, 17, 2, 158, 8, 257, 134, 3, 143, 5, 1, 173, 19, 2561, 4, 1, 241, 1, 7, 2, 4, 43, 39, 1, 11557, inf, 426, 2, 1664, inf, 13, 22124, 1, 1273, 5, 3799, 13, 16, 770, inf, 7, 5, 1, 1, 843, 926, 6, 413, 2819, 1, 638, 178, 374, 1518, 158, 149, 3, 5, 3, 1, 22, 322, 155, 279, 8212, inf, 1486, 471, 89, 2647, 418, 249, 409, 4, 2, 1, 1, 4, 1, 1, 1, 1, 1, 46, 6, 364, 1, 2, 21, 1423, 844, 635, 73, 308, 849, 1, 4, 1, 1, 300, 5377, 1361, 2, 15, 645, 1, 48, 102, 4017, 379, 1482, 1, 2, 103, 1, 177, 3, 15, 1, 1, 1, inf, 92, inf, 8, 18, 2, 1, 8, 1, 1, 2, 140, 117, 4, 259, 5, 1, 44, 5, 1, 1, 1, 5, 14, 1, 1, inf, 1, 1, 1, 3, 1, 2144, inf, 1, 446, 16, 1, 839, 2121, 125, 1, 38, 1366, 12, 10, 5, 747, 2, 3934, 1, 1357, inf, 3, 18, inf, inf, 2, 5, 10, 6, 233, 10, 1, 6, 24, inf, 1, 1, 12, 13, 1, 22, 14, 1, 1, 2, 11, 17, 2, 16, 12, 14, 23, 12, inf, 11, 77, 2, 81, 2786, 37, 1, 71, 814, 22, 9036, 1, 1, 1, 11, 34, 29, inf, 1173, 2, 14, 9, 1, 33, 384, 2, 153, 1, 147, 50, 1, 12, 1015, 176, 1, 706, 3196, 19746, 2, 1028, 2, 1, 4357, 4, 7, 1666, 11, 3508, 5, 6, inf, 16, 43, 3389, 55, 837, 69, 1, 9, 1, 9, 3, 9, 4449, 266, 548, 210, 11, 2, 1, 5, 30, 1, 1, 11, 777, 1, 3, 3, 421, 6, 1, 56, 4709, 2, 3863, 9, 844, 1, 1, 1, 16, 1, 6, 4, 23, 4460, 23, 5, 18, 3930, 6, 1, 714, 15, 3, 44, 18, 84, 31, 1447, 1, 21, 3, 34, 4296, 881, 9316, 1, 5, 1, 2, 2, 4, 3074, 40, 7454, inf, 5, 31, 4551, 2, 401, 1, 1, 3, 242, 1, 2, 61, 142, 50323, 16, 4775, 4586, 613, 1, inf, 1, 726, 4, 1958, inf, 6, 1088, 4, 2223, 2741, 4444, 955, 8, 8075, 5, 1, 3554, 2, 4334, 1, 508, 1, 1, 9, 1, 4407, 1, 67, 1196, 4656, 135, 431, 2, 4, 20, 7297, 4, 10724, 1, 97, 1, 1, 1, 23, 1, 56021, 371, 103, 4504, 2, 3239, 1, 153, 3, 31, 2123, 1495, 17, 11, 3, 19113, 1986, 681, inf, 1, 16, 3582, 237, 7731, 1, 1, 149, 9, 888, 1388, 1, 12077, 5, 1, 5044, 88, 1, 9, 1, 850, 1, 119, 1258, 1, 56, 126, 2038, 1, 1, 39, 2, 1373, 5217, 2610, 1, inf, 1, 19, 24, 1559, 13, 2, 1, 2, 5, 1, 4, 2, 3, 122, 4, 19, 129, 1, 14, inf, 1, 310, 440, 90, 1, 923, 29, 1, 1, 333, 1, 4, 13, 6, 315, 1, 28, 2, 37, 4, 86, 4, inf, 557, 1, 8370, 1, 1, 1142, 137, 1707, 1, inf, 6818, 37128, 1, 1, 1112, 1209, 12, 7, 1, 1, 1, 1, 141, 5, 13, 1, inf, 1945, 51, 16115, 2, inf, 25, 1, 23, 9, inf, 2, 294, 69, 16, 1, 2, 2, 658, 6, inf, 7, 1, 5447, 2654, 1, 2301, 2, 1, 3, 2, 43, 4, 15, 8, inf, 34, 1, 2, 35, 1, 64, 7061, 2, 1, 48, 117, 40, inf, 7, 1, 4406, 8, 1, 1, 1, 2, 1334, 7, 170, 11, 99, 172, 43, 886, 65, 1, 1, 1, 2176, 4956, 624, 13, 12, 65, 57, 26, 58, 6, 1405, 316, 69, 1, 821, inf, 2, 204, 1, 1, 2989, 47, 1, 7, 2, 529, 65, 156, 2155, 2, 1, 490, 75, 2, 82, 924, 68, 2, 2, 2, 161, 95, 2, 1, 5, 15, 196, 13, inf, 1263, 3, 1, 46238, 1, 1, 156, 13, 231, 1038, 194, 6265, 1, 1632, 3, 7, 9, 2, 631, 8, 91, 81, 1, 11, 331, 57, 9878, 1, 829, 11, 1, 862, 12, 5, 5, 23, 1, inf, 585, 1, 2, 1, 245, 2, 6, 4, 20530, 253, 521, 13, 2, 1, 887, 3756, 1237, 509, 4, 305, 3, 7, inf, 2, 83, 1, 219, 5, 6, 4, 1244, 26, 12, 1, 140, 190, 211, 181, 1, 1, 47, 7, 1, 1, 3275, 2, 1, 38, 1, 67, 4883, 3, inf, 16, 4, 33, 2, 19, 12, 2, 932, 3, 108, 14, 8, 1, 2, 54, 21, 4, 1, 5, 102, 18, 10, 22, 92, 446, 1, 1, 41, 129, 46, 4, 455, 82, 1, 17, 18, 1, 16, 4, 3, 1, 229, 2, 6, 32, 309, 2, 1, 253, 1, inf, 9, 16134, 15, 1210, 2, 4350, 187, 11, 30, 312, 4, 22, 5, 8, 3436, 12, 1033, 12, 1, 41, 3, 5, 1, inf, 8088, 1, 1844, 1, 628, 6343, 4, inf, inf, 1, 2, inf, 599, 3, 671, 3, 1, 1911, 48, 490, 2, 47, 2, inf, 1, 4, 143, 53, 47459, 47, 243, 1039, 2, 2771, 362, 6, 3848, 14, 4, 5, 8, 2, 11, 4047, 4, 2, 1, 232, 1, 824, 3, 617, 1, 9, 9, 13, 2, 2, 1, 3, 1, 13, 3, 1, 2, 42, 1, 329, 1, 256, 439, 290, 4827, 1, 18, 5805, 1, 2, 106, 67, 116, 6, inf, 3, 9, 1333, 72, 1388, 54831, 32, 1, 390, 1, 268, 23, 817, inf, 1, 22372, 62, 15, 1, 10, 1, 3, 4725, 619, 2, 1, 74, 2072, inf, 1, 1, 109, 1126, 3, 16, 1, 1, 2780, 28, 8, 271, 58, 6, 7, 2019, 51, 61, 1167, 8, 14586, 1, 16, 1365, 5, 5088, 14, 73, 880, 1, 2, 1840, 1, 645, 3, 2, inf, 1064, 2564, 16, 16, 820, 1, 125, 175, 1, 510, 86, 14, 2, 36, 81, 1330, 30, 192, 1, 1, 162, 157, 1, 2, 1, 1, 1, 23, 7, 9, 2, 1, 2, 2, 4, 42, inf, inf, 1078, inf, 653, 2, 2, 3, 2793, 9, 1, 1, 1, 1, inf, 39, 35, 12, 2, 4, 4, 1, inf, inf, 2, 2, 2, 1, 1, inf, 1, inf, 19, inf, 103, 9, 238, 136, 2, 2, 1, 160, 1, 1398, 139, 1, 2, 21, 6, 2, 522, 41, inf, 1, inf, 38, 88, 1, 6, 4, 2, 5701, 381, 1, 3, 3, 6, inf, inf, 1, 14, 51, 271, 1, 338, 2, 5, 15, 2453, 248, 612, 2, 1373, 1, 23, 21, 3, 31, 266, 176, 4, 11, inf, 1, 223, 1, 1, 1, 4500, 1, 337, 1026, 100, 1, 6612, 16, inf, 62, 2, 3586, 3620, 93, 29, 2, 10, 1713, 33, 3, 14, inf, 17, 10, 82, 12472, 1, 27, 22, 1, 187, inf, 7202, 61, 118, 3, 15, 320, 7363, 462, 7592, 473, 892, 790, 1328, 1872, 29, 1, 535, 1, 66, 12866, 4148, 208, inf, 5, 1, 1073, 689, 851, 9, inf, 1, 456, 32, 1, 564, 1, 1495, 2, 6085, 15, 1, 655, 11, 12, inf, 1, 2, 5837, 11, 1, 1, 142, 10, 503, 2, 1, 5582, 1, 23, 3, 324, 99, 3293, 139, 22, 30, 2, 4, 2151, 4564, 18, 8, 688, 2, 138, 1, 5, 15, 6527, 1, 12, 6, 24, 33, 3, 1, 4, 243, 449, 2, 154, 3298, 384, 43, 16, 71, 332, 1, 10, 56, 1, 2, 884, 28, 2, 3, 479, 530, 72, 75, 35, 4, 17, 1, 54, 1, 1, 189, 4, 1, 4367, 3630, 76, 9, 1, 2, 2452, 7655, 2, 144, 61, 1, 1, 5103, 1, 9, 2, 5694, 139, 2, 2, 1, 1, 1, inf, 127, 164, 234, 1, 1, 1, 170, 1, 45, 13, 2, 1, 39, 1, inf, 1, 2, 2997, 1, 1, 1, 10, 1, 8, 106, 1151, 552, 2, 54, 198, 43, 10, 2330, 7, 1, 11, 3, 1244, 218, 292, inf, 19109, 4, 218, 76, 1, 971, 290, 2, 1, 2, 1, 645, 129, 1, 14, 1, 6, 2, 12, 6571, inf, inf, inf, 4, 3, 12401, 2, 1600, 2, 4238, 1703, 29, 23357, 2, 37, 5010, 12, 13, 13, 1, inf, 2, 1, 1, 10, 1, 2, 5064, 1, 5095, 1, 9698, 10, 807, 1, 1, 3908, 979, 6629, 131, 1, 1, 544, 89, 3040, 141, 40, 9, 2, 23, 82, 4, 299, 2686, 1, 1, 1, 48, 479, 204, 26, 1, 1, 1, 5594, 216, 540, 1, 1, 1, 61, 2, 1, 67, 23, 37, 5136, 182, 476, 1, 4, inf, 1, 70, 2536, 2, 25, 680, 8, 322, inf, 20, 1, 872, 2718, 5, 436, 1, 4294, 46, 1, inf, 1, 30, 21, 267, 1, inf, 69, 1, 55, 1, 1, 3997, 9, 5, 3, 1, inf, 1, 3, 9, 505, 16, 27, 558, 1621, 64, 69, 4, 1, 2, 6, 4553, 1, 1302, 1, 1, 1, 1, 88, 5, 4, 212, 96, 13, 353, 2, 5322, 428, 8841, 10, 2, 287, 1, inf, 5, inf, 1931, 1023, 1, 1, inf, 507, 7, 4968, inf, 207, 1, 4, 1, 1, 1, 74, 1, 2, 1, 5, 1, 1, 360, 3, 1, 3, 4, 10, 127, 362, 1717, 1, 1, 850, 24, 933, 1526, 149, 19, 946, 1, 3, 1, 8093, 2948, 39, 8, 3, 17, 3425, 207, 2, 1, 23, 51, 1, 1760, 780, 298, 130, 259, 4, inf, 24, 7, 14, 2, 166, inf, 3, 2505, 46817, 20, 635, 3087, 1, 2160, 532, 11, 1167, 2, 3599, 968, 19, 20, 1, 1, 1, 1, 66, 1, 583, 1, 25, 1, 1, 1, 7, 1, 1, 15, 13, 1, 1, 1, 1, 61, 29, 1, 140, 2, 16, 1405, 7, 800, 2265, inf, 3, 3835, 2, 1, 1, 848, 53, 208, 90, 6, 2334, 345, 8, 2, 45, 14, 2, 403, 1091, 39, 2, 3705, 4, 4893, 47800, 31, 4, 6, 211, 458, 589, 132, 40, 40, 1, 1, 2, inf, 1, 5, 8, 3729, 28, 14, inf, 4, inf, 2, inf, 34, 385, 1, 950, 5, 1, 3677, inf, 32, 5, 1, 7, 14, 1, 2, 4, 116, 745, 23, 1584, 1, 2, 12, inf, inf, 1, 170, 2, inf, 4, 1692, 1, 2, 18803, 1, inf, 4, 8443, 2, 54, 189, 3253, 436, 1539, 20, 1, 2046, 1, 936, 167, 84, 1, 136, 756, 1, 1, 455, 1, 2, 6109, 365, 299, 1, 1, 1, inf, 5, 19, 6, 210, 421, 3, 1, 1, 28864, 2, 574, 1, 1, 1, 72, 1203, 2, 3301, 266, 34, 7, 9, 7, 150, 4, 190, 1, 1203, 41, 6435, 2766, 105, 4, inf, 713, 2, 206, 2, inf, 1412, 1881, 26403, 604, 1, 1, 1, 2, 3026, 615, inf, 19, 57, 463, 33, 1, inf, 102, 7, 50, 5248, 216, 37348, 1, 1566, 1, 1, 123, inf, 2, 1, 1, 26, 4, 16, 88, 1, inf, 5071, 785, 58, inf, 17, 1842, 6, 13, 250, 3457, 23, 2, 11, inf, 2, 12, inf, 22, inf, 4, 8, 1, 4462, 3, 202, 98, inf, 2845, 37, 1, 1, 55, 3297, inf, 1, 23, 4, 7459, 19, 149, 60, 2, 25, 83, 48, 43152, 1, 1113, 4107, 8, 1871, 1602, 4, 3, 1, 1, 4, 3971, 41, 422, 3, 2, 627, 5, 2114, 3, 1, 1157, 1, 1, 2, 1, 1, 1044, 5, 2679, 1, 1, inf, 2154, 2903, 269, 1, 25, 45, 2, 47, 67, 1, 152, 165, 6, 1, 99, 6, 2036, 1, 8, 155, 4, 1, 1, 1, 1, 1, 20, 4, 5, 5, 2, 4, inf, 2, 12, 5, 4, 2, inf, 1, 33, 2, 421, 1485, 1, 4, 16, inf, 395, 1664, 4, 1, 1, 1, inf, inf, inf, 120, 325, 99, 3, 4, 10, 6, 19, 814, 2, 193, 1, 380, 25, 101, 1107, 9, 457, 10, 1, 1345, 4, 10, inf, 83, 4, 5, 1290, 34, 2, 6, 2, 3273, 39, 2, 2, 4737, 3434, 1, 1, 5, 7801, 2, 66, 11, 13624, 3, 1, 3, 7, 33, 73, 1, 22, 2, 5, 1, 2, 3, 94, 64, 17, 1068, 1, 1, 1, 1, 6, 3, 43, 2, inf, 3, 755, 9, 1, 58, 1, 10, 247, 1, 125, 2, 1, 261, 859, 1, 60, 4, 34, 955, 58, 1, 26117, 23, 4, 1, inf, 14, 10, inf, 7, 734, 5859, 3, 5, 3, 2, 85, inf, 762, 8, inf, 36, 1, 1, 2, 1, inf, 1715, 1, 1, inf, 1, 72, 5, 130, 26251, inf, 1, 2, 1, 7, 105, 8881, 17, 1, 2, 570, 1, 1, 3278, 12, 315, 2603, 799, 27, inf, 8, 922, 4502, 3, inf, 2, 2, 2, 35, 9, 9, 11, inf, 1100, 6176, 14, 2, 463, 1493, 1, 720, 2603, 812, 1627, 134, 254, 1130, 112, 161, 877, 51, 1, 15, inf, 2, 40, 2, 2, 15, 119, 2, 71, 39, 3, 637, 1, 31, 49, 1, 1, 4, 2, 3, 13, 366, 88, 1, 2747, 21, 37, 347, 30, 79, 1, 1, 20, 1433, 1, 1, 1866, 7, 62, 11, 5, 14, inf, 43, 9682, 3, 30, 42, 3916, 44, 51, 3554, 6152, 127, 64, 3, 378, 3631, 25, 1, 1, 1, 1, 755, 1, 137, 2, 57, 37, 13, 19, 110, 19, inf, 765, 1, 132, 50, 1, 1, inf, 688, 2, 22, 556, 9202, 14, 1, 1690, 369, 1, 7741, 459, 11, 1780, 6, inf, 2, 9621, 3027, 82, 1195, 32, 486, 830, 567, 1, 8, 64, 38, 28, 1, 1, 27, inf, 759, inf, 4, 520, 128, 1, 1, 1, 846, 1, 502, 14, 1836, 1, 75, 6, 4, 5, 19, 19, 1, 31, 102, 6768, 54, 106, 2597, 1776, 1, 854, 204, 2, 1028, 15, 2, 1, 4907, inf, inf, 30, 1, 48, 114, 14, 1, 33, 1172, 912, inf, 1439, 58, 1771, 1, 3697, 1, 1, 1, inf, 3, 6, 1, 487, 15, 1, 2379, 131, 1, 16, 268, 1, 1, 27, 1, 1, 1748, 135, 1, 13, 8, 2618, 1, 3962, 5, 4962, 74, inf, 43, 1, 6310, 5, 1, inf, inf, 7, 1, 12, 1407, 43631, 2, 2436, 249, 1, 2, inf, 637, 5, 13, 1, 24, 15, 7, 1, 3, 9, inf, 1, 3056, 249, 1, 193, 157, 1, 16, 5, 1, 1, 184, 248, 1, 1, 3, 5244, 1, inf, 68, 4, 2, 138, 624, 2, inf, 437, 36, inf, 1, 43, 1, 3182, 6, inf, 352, 6, 50, 11, 74, 4, 13, 23, 94, 61, 1764, 1, 1, 5, 1, 211, 861, 32, 16, 1, inf, 2511, 31, 2683, 10, 411, 12, 9, 3840, 2333, 1, 2, 2, 234, 3, 1, 55, 1, 4, 1, 8, inf, inf, 1, 5, 3255, 24, 19, 216, 1026, inf, 1, 1524, 3, 2416, 44, 1, 1, 1540, 2, 59, 2, 3, 107, 6, 1, 7, 234, 28, 1889, 6, 1, 1, 19, 1, 1, 462, 6506, 1069, 1, 2, 1, 59, inf, 3406, 1, 1, 639, 1, 4333, 3926, 27, 6094, 2, 692, 15, inf, 1, 33, 1, 219, 1, 29, 16940, 2, 44, 25, 1, 2, 225, 4, 4, 3, 1, 843, 12, 7, 3, inf, 867, 22453, 7, 1, 4, 4, 2758, 116, 3, 18625, 1, 2, 42, 85, 1, 1, 3182, 1, 768, 1, 104, 110, inf, 372, 1, 1, 628, 3607, 1, 1, 114, 278, 90, 1, 1, 1, 93, 543, 139, 1, 6, 6, 29, inf, 1, 33, 1, 1434, 7, 9, 9, 4, 818, 2, 1, 1, 22, 1, 40, 10, 12, 1, 1, 1, 74, 60, 2, 1, 14, 5, 1, 10, 25, 6, 157, 28, inf, 1, 506, 8924, 11, 1, 1, 814, 41, inf, 4, 4478, 1, 7, 1, 34, 1, 49, 33, 1, 162, 1, 33, 1, 999, 946, 55, 24, 13, 54, 6024, 2, 9, 118, 1, 615, 8, 141, 28, 717, 1, 1, 38, 12, 268, 313, 38, 73, 4, 1, 1, 11661, 297, 2, 2, 1, 103, inf, 106, 1182, 1, 30, 1, 1, 111, 5262, inf, 2473, 2, 1, 467, 75, 4267, 1329, 1, inf]
2022-08-28 Sunday 20:12:51:INFO: It completed at: 2022-08-28 20:12:51.989611
2022-08-28 Sunday 20:12:51:INFO: Completed after: 21:26:18.451316
