2022-08-28 Sunday 04:23:31:INFO: {'bug_database': 'dataset/mozilla/mozilla_soft_clean.json', 'database_name': 'mozilla-sampled-jira', 'epochs': 12, 'lr': 0.001, 'l2': 0.0, 'batch_size': 256, 'ranking_batch_size': 512, 'ranking_n_workers': 2, 'cuda': True, 'cache_folder': 'scratch/temp/', 'pairs_training': 'dataset/mozilla/sampled_jira_training_split_mozilla_pairs_random_1.txt', 'pairs_validation': 'dataset/mozilla/sampled_jira_validation_mozilla_pairs_random_1.txt', 'neg_pair_generator': {'type': 'none', 'training': None, 'rate': 1, 'pre_list_file': None, 'k': 0, 'n_tries': 0, 'preselected_length': None, 'random_anchor': True}, 'loss': 'bce', 'margin': 0, 'categorical': {'lexicons': 'dataset/mozilla/categorical_lexicons.json', 'bn_last_layer': False, 'emb_size': 20, 'hidden_sizes': [40], 'dropout': 0.0, 'activation': 'relu', 'batch_normalization': False, 'layer_norm': False}, 'compare_aggregation': {'word_embedding': 'word_embedding/mozilla/glove_42B_300d_mozilla.npy', 'norm_word_embedding': False, 'lexicon': 'word_embedding/mozilla/glove_42B_300d_mozilla.lxc', 'sent_representation': None, 'tokenizer': 'white_space', 'bow': False, 'frequency': False, 'extractor': {'update_embedding': False, 'filters': ['TransformLowerCaseFilter'], 'hidden_size': 150, 'dropout': 0.0, 'layer_norm': False, 'txt_field_emb_size': 5, 'field_word_combination': 'cat', 'emb_dropout': 0.0, 'scaled_attention': True, 'model': 'linear', 'use_categorical': False, 'bidirectional': True}, 'matching': {'type': 'full', 'scaled_attention': True, 'comparison_hidden_size': 100, 'dropout': 0.0, 'residual': True, 'layer_norm': False, 'attention_hidden_size': 200, 'attention': 'dot_product', 'comparison_func': 'submult+nn'}, 'aggregate': {'model': 'lstm', 'window': [3, 4, 5], 'nfilters': 100, 'hidden_size': 150, 'dropout': 0.0, 'bidirectional': True, 'num_layers': 1, 'self_att_hidden': 50, 'layer_norm': False, 'n_hops': 20}, 'classifier': {'hidden_size': [300], 'output_act': 'sigmoid', 'hadamard_diff_textual': True, 'hadamard_diff_categorical': True, 'textual_hidden_layer': 600, 'categorical_hidden_layer': 40, 'categorical_dropout': 0.0, 'dropout': 0.0, 'only_candidate': False, 'layer_norm': False, 'batch_normalization': False}}, 'random_switch': True, 'recall_estimation_train': None, 'recall_estimation': None, 'sample_size_rr_tr': 0, 'sample_size_rr_val': 0, 'rr_val_epoch': 100, 'rr_train_epoch': 100, 'ranking_result_file': None, 'optimizer': 'adam', 'lr_scheduler': None, 'save': None, 'save_by_epoch': None, 'load': None, 'recall_rate': {'type': 'sun2011', 'dataset': 'dataset/mozilla/test_mozilla.txt', 'result_file': None, 'group_by_master': True, 'window': 365}, 'pair_test_dataset': None, 'rep': {'model': None, 'input': None, 'training': None, 'rate': 1, 'neg_training': 10000, 'k': 1000}, 'rr_scorer': 'general', 'seed': 396658521}
2022-08-28 Sunday 04:23:31:INFO: It started at: 2022-08-28 04:23:31.766858
2022-08-28 Sunday 04:23:36:INFO: Turning CUDA on
2022-08-28 Sunday 04:23:36:INFO: Using Categorical Information.
2022-08-28 Sunday 04:23:36:INFO: Lexicon size: 96875
2022-08-28 Sunday 04:23:36:INFO: Word Embedding size: 300
2022-08-28 Sunday 04:23:36:INFO: Use white space tokenizer to tokenize summary information
2022-08-28 Sunday 04:23:36:INFO: BoW=False and TF=False
2022-08-28 Sunday 04:23:36:INFO: Using Summary and Description information.
2022-08-28 Sunday 04:23:37:INFO: Using BCE Loss: margin=0
2022-08-28 Sunday 04:23:39:INFO: Not generate dynamically the negative examples.
2022-08-28 Sunday 04:23:39:INFO: Training size: 626
2022-08-28 Sunday 04:23:39:INFO: Validation size: 26
2022-08-28 Sunday 04:23:39:INFO: Adam
2022-08-28 Sunday 04:23:39:INFO: Scheduler: Constant
2022-08-28 Sunday 04:23:39:INFO: Epoch: 1
2022-08-28 Sunday 04:23:39:INFO: LR: 0.001
2022-08-28 Sunday 04:23:41:INFO: {'type': 'metric', 'label': 'training_loss', 'epoch': 1, 'value': 0.6872429653478507, 'sum': 430.2140963077545, 'num_example': 626}
2022-08-28 Sunday 04:23:41:INFO: {'type': 'metric', 'label': 'training_dist_target', 'value': (0.48830416255865616, 0.5036780384782785), 'epoch': 1}
2022-08-28 Sunday 04:23:41:INFO: {'type': 'metric', 'label': 'training_acc', 'epoch': 1, 'value': 0.5287539936102237, 'num_correct': 331, 'num_example': 626}
2022-08-28 Sunday 04:23:41:INFO: {'type': 'metric', 'label': 'training_precision', 'epoch': 1, 'value': 0.5789473652839661, 'positive': 66.0, 'total': 114.0}
2022-08-28 Sunday 04:23:41:INFO: {'type': 'metric', 'label': 'training_recall', 'epoch': 1, 'value': 0.21086262166500092, 'positive': 66.0, 'total': 313.0}
2022-08-28 Sunday 04:23:41:INFO: {'type': 'metric', 'label': 'validation_loss', 'epoch': 1, 'value': 0.6961629390716553, 'sum': 18.100236415863037, 'num_example': 26}
2022-08-28 Sunday 04:23:41:INFO: {'type': 'metric', 'label': 'validation_dist_target', 'value': (0.6187108846811148, 0.3455668229323167), 'epoch': 1}
2022-08-28 Sunday 04:23:41:INFO: {'type': 'metric', 'label': 'validation_acc', 'epoch': 1, 'value': 0.5, 'num_correct': 13, 'num_example': 26}
2022-08-28 Sunday 04:23:41:INFO: {'type': 'metric', 'label': 'validation_precision', 'epoch': 1, 'value': 0.5, 'positive': 13.0, 'total': 26.0}
2022-08-28 Sunday 04:23:41:INFO: {'type': 'metric', 'label': 'validation_recall', 'epoch': 1, 'value': 1.0, 'positive': 13.0, 'total': 13.0}
2022-08-28 Sunday 04:23:41:INFO: Epoch: 2
2022-08-28 Sunday 04:23:41:INFO: LR: 0.001
2022-08-28 Sunday 04:23:42:INFO: {'type': 'metric', 'label': 'training_loss', 'epoch': 2, 'value': 0.6723899389989079, 'sum': 420.91610181331635, 'num_example': 626}
2022-08-28 Sunday 04:23:42:INFO: {'type': 'metric', 'label': 'training_dist_target', 'value': (0.5442828827391798, 0.41011609208469574), 'epoch': 2}
2022-08-28 Sunday 04:23:42:INFO: {'type': 'metric', 'label': 'training_acc', 'epoch': 2, 'value': 0.536741214057508, 'num_correct': 336, 'num_example': 626}
2022-08-28 Sunday 04:23:42:INFO: {'type': 'metric', 'label': 'training_precision', 'epoch': 2, 'value': 0.52304607629776, 'positive': 261.0, 'total': 499.0}
2022-08-28 Sunday 04:23:42:INFO: {'type': 'metric', 'label': 'training_recall', 'epoch': 2, 'value': 0.8338658213615417, 'positive': 261.0, 'total': 313.0}
2022-08-28 Sunday 04:23:42:INFO: {'type': 'metric', 'label': 'validation_loss', 'epoch': 2, 'value': 0.6757376790046692, 'sum': 17.5691796541214, 'num_example': 26}
2022-08-28 Sunday 04:23:42:INFO: {'type': 'metric', 'label': 'validation_dist_target', 'value': (0.3375362983116737, 0.6072326806875376), 'epoch': 2}
2022-08-28 Sunday 04:23:42:INFO: {'type': 'metric', 'label': 'validation_acc', 'epoch': 2, 'value': 0.5, 'num_correct': 13, 'num_example': 26}
2022-08-28 Sunday 04:23:42:INFO: {'type': 'metric', 'label': 'validation_precision', 'epoch': 2, 'value': 0.0, 'positive': 0.0, 'total': 0.0}
2022-08-28 Sunday 04:23:42:INFO: {'type': 'metric', 'label': 'validation_recall', 'epoch': 2, 'value': 0.0, 'positive': 0.0, 'total': 13.0}
2022-08-28 Sunday 04:23:42:INFO: Epoch: 3
2022-08-28 Sunday 04:23:42:INFO: LR: 0.001
2022-08-28 Sunday 04:23:43:INFO: {'type': 'metric', 'label': 'training_loss', 'epoch': 3, 'value': 0.5940724179005852, 'sum': 371.8893336057663, 'num_example': 626}
2022-08-28 Sunday 04:23:43:INFO: {'type': 'metric', 'label': 'training_dist_target', 'value': (0.3797314921126198, 0.49338245087157423), 'epoch': 3}
2022-08-28 Sunday 04:23:43:INFO: {'type': 'metric', 'label': 'training_acc', 'epoch': 3, 'value': 0.694888178913738, 'num_correct': 435, 'num_example': 626}
2022-08-28 Sunday 04:23:43:INFO: {'type': 'metric', 'label': 'training_precision', 'epoch': 3, 'value': 0.8719512224197388, 'positive': 143.0, 'total': 164.0}
2022-08-28 Sunday 04:23:43:INFO: {'type': 'metric', 'label': 'training_recall', 'epoch': 3, 'value': 0.4568690061569214, 'positive': 143.0, 'total': 313.0}
2022-08-28 Sunday 04:23:43:INFO: {'type': 'metric', 'label': 'validation_loss', 'epoch': 3, 'value': 0.4793163537979126, 'sum': 12.462225198745728, 'num_example': 26}
2022-08-28 Sunday 04:23:43:INFO: {'type': 'metric', 'label': 'validation_dist_target', 'value': (0.35509846760676456, 0.3864441284766564), 'epoch': 3}
2022-08-28 Sunday 04:23:43:INFO: {'type': 'metric', 'label': 'validation_acc', 'epoch': 3, 'value': 0.8846153846153846, 'num_correct': 23, 'num_example': 26}
2022-08-28 Sunday 04:23:43:INFO: {'type': 'metric', 'label': 'validation_precision', 'epoch': 3, 'value': 1.0, 'positive': 10.0, 'total': 10.0}
2022-08-28 Sunday 04:23:43:INFO: {'type': 'metric', 'label': 'validation_recall', 'epoch': 3, 'value': 0.7692307829856873, 'positive': 10.0, 'total': 13.0}
2022-08-28 Sunday 04:23:43:INFO: Epoch: 4
2022-08-28 Sunday 04:23:43:INFO: LR: 0.001
2022-08-28 Sunday 04:23:44:INFO: {'type': 'metric', 'label': 'training_loss', 'epoch': 4, 'value': 0.43102269517347075, 'sum': 269.8202071785927, 'num_example': 626}
2022-08-28 Sunday 04:23:44:INFO: {'type': 'metric', 'label': 'training_dist_target', 'value': (0.2841495264071626, 0.3465308899315782), 'epoch': 4}
2022-08-28 Sunday 04:23:44:INFO: {'type': 'metric', 'label': 'training_acc', 'epoch': 4, 'value': 0.8226837060702875, 'num_correct': 515, 'num_example': 626}
2022-08-28 Sunday 04:23:44:INFO: {'type': 'metric', 'label': 'training_precision', 'epoch': 4, 'value': 0.8768656849861145, 'positive': 235.0, 'total': 268.0}
2022-08-28 Sunday 04:23:44:INFO: {'type': 'metric', 'label': 'training_recall', 'epoch': 4, 'value': 0.7507987022399902, 'positive': 235.0, 'total': 313.0}
2022-08-28 Sunday 04:23:45:INFO: {'type': 'metric', 'label': 'validation_loss', 'epoch': 4, 'value': 0.29906165599823, 'sum': 7.7756030559539795, 'num_example': 26}
2022-08-28 Sunday 04:23:45:INFO: {'type': 'metric', 'label': 'validation_dist_target', 'value': (0.24473373706524187, 0.2138240887568547), 'epoch': 4}
2022-08-28 Sunday 04:23:45:INFO: {'type': 'metric', 'label': 'validation_acc', 'epoch': 4, 'value': 0.8846153846153846, 'num_correct': 23, 'num_example': 26}
2022-08-28 Sunday 04:23:45:INFO: {'type': 'metric', 'label': 'validation_precision', 'epoch': 4, 'value': 0.9166666865348816, 'positive': 11.0, 'total': 12.0}
2022-08-28 Sunday 04:23:45:INFO: {'type': 'metric', 'label': 'validation_recall', 'epoch': 4, 'value': 0.8461538553237915, 'positive': 11.0, 'total': 13.0}
2022-08-28 Sunday 04:23:45:INFO: Epoch: 5
2022-08-28 Sunday 04:23:45:INFO: LR: 0.001
2022-08-28 Sunday 04:23:46:INFO: {'type': 'metric', 'label': 'training_loss', 'epoch': 5, 'value': 0.3618237349552849, 'sum': 226.50165808200836, 'num_example': 626}
2022-08-28 Sunday 04:23:46:INFO: {'type': 'metric', 'label': 'training_dist_target', 'value': (0.2816684040398643, 0.1280042020657573), 'epoch': 5}
2022-08-28 Sunday 04:23:46:INFO: {'type': 'metric', 'label': 'training_acc', 'epoch': 5, 'value': 0.8626198083067093, 'num_correct': 540, 'num_example': 626}
2022-08-28 Sunday 04:23:46:INFO: {'type': 'metric', 'label': 'training_precision', 'epoch': 5, 'value': 0.8252149224281311, 'positive': 288.0, 'total': 349.0}
2022-08-28 Sunday 04:23:46:INFO: {'type': 'metric', 'label': 'training_recall', 'epoch': 5, 'value': 0.920127809047699, 'positive': 288.0, 'total': 313.0}
2022-08-28 Sunday 04:23:46:INFO: {'type': 'metric', 'label': 'validation_loss', 'epoch': 5, 'value': 0.6018677949905396, 'sum': 15.648562669754028, 'num_example': 26}
2022-08-28 Sunday 04:23:46:INFO: {'type': 'metric', 'label': 'validation_dist_target', 'value': (0.02026322025519151, 0.4736507855928861), 'epoch': 5}
2022-08-28 Sunday 04:23:46:INFO: {'type': 'metric', 'label': 'validation_acc', 'epoch': 5, 'value': 0.7692307692307693, 'num_correct': 20, 'num_example': 26}
2022-08-28 Sunday 04:23:46:INFO: {'type': 'metric', 'label': 'validation_precision', 'epoch': 5, 'value': 1.0, 'positive': 7.0, 'total': 7.0}
2022-08-28 Sunday 04:23:46:INFO: {'type': 'metric', 'label': 'validation_recall', 'epoch': 5, 'value': 0.5384615659713745, 'positive': 7.0, 'total': 13.0}
2022-08-28 Sunday 04:23:46:INFO: Epoch: 6
2022-08-28 Sunday 04:23:46:INFO: LR: 0.001
2022-08-28 Sunday 04:23:47:INFO: {'type': 'metric', 'label': 'training_loss', 'epoch': 6, 'value': 0.32089157654835393, 'sum': 200.87812691926956, 'num_example': 626}
2022-08-28 Sunday 04:23:47:INFO: {'type': 'metric', 'label': 'training_dist_target', 'value': (0.07708878258165841, 0.26541796126685585), 'epoch': 6}
2022-08-28 Sunday 04:23:47:INFO: {'type': 'metric', 'label': 'training_acc', 'epoch': 6, 'value': 0.8434504792332268, 'num_correct': 528, 'num_example': 626}
2022-08-28 Sunday 04:23:47:INFO: {'type': 'metric', 'label': 'training_precision', 'epoch': 6, 'value': 0.9387755393981934, 'positive': 230.0, 'total': 245.0}
2022-08-28 Sunday 04:23:47:INFO: {'type': 'metric', 'label': 'training_recall', 'epoch': 6, 'value': 0.7348242998123169, 'positive': 230.0, 'total': 313.0}
2022-08-28 Sunday 04:23:47:INFO: {'type': 'metric', 'label': 'validation_loss', 'epoch': 6, 'value': 0.34867343306541443, 'sum': 9.065509259700775, 'num_example': 26}
2022-08-28 Sunday 04:23:47:INFO: {'type': 'metric', 'label': 'validation_dist_target', 'value': (0.36055872990534854, 0.11342565829937275), 'epoch': 6}
2022-08-28 Sunday 04:23:47:INFO: {'type': 'metric', 'label': 'validation_acc', 'epoch': 6, 'value': 0.8461538461538461, 'num_correct': 22, 'num_example': 26}
2022-08-28 Sunday 04:23:47:INFO: {'type': 'metric', 'label': 'validation_precision', 'epoch': 6, 'value': 0.800000011920929, 'positive': 12.0, 'total': 15.0}
2022-08-28 Sunday 04:23:47:INFO: {'type': 'metric', 'label': 'validation_recall', 'epoch': 6, 'value': 0.9230769276618958, 'positive': 12.0, 'total': 13.0}
2022-08-28 Sunday 04:23:47:INFO: Epoch: 7
2022-08-28 Sunday 04:23:47:INFO: LR: 0.001
2022-08-28 Sunday 04:23:48:INFO: {'type': 'metric', 'label': 'training_loss', 'epoch': 7, 'value': 0.26380931526517715, 'sum': 165.1446313560009, 'num_example': 626}
2022-08-28 Sunday 04:23:48:INFO: {'type': 'metric', 'label': 'training_dist_target', 'value': (0.24526343787440097, 0.06944998689352895), 'epoch': 7}
2022-08-28 Sunday 04:23:48:INFO: {'type': 'metric', 'label': 'training_acc', 'epoch': 7, 'value': 0.8833865814696485, 'num_correct': 553, 'num_example': 626}
2022-08-28 Sunday 04:23:48:INFO: {'type': 'metric', 'label': 'training_precision', 'epoch': 7, 'value': 0.8243243098258972, 'positive': 305.0, 'total': 370.0}
2022-08-28 Sunday 04:23:48:INFO: {'type': 'metric', 'label': 'training_recall', 'epoch': 7, 'value': 0.97444087266922, 'positive': 305.0, 'total': 313.0}
2022-08-28 Sunday 04:23:48:INFO: {'type': 'metric', 'label': 'validation_loss', 'epoch': 7, 'value': 0.31084904074668884, 'sum': 8.08207505941391, 'num_example': 26}
2022-08-28 Sunday 04:23:48:INFO: {'type': 'metric', 'label': 'validation_dist_target', 'value': (0.11412673730116624, 0.25309157371520996), 'epoch': 7}
2022-08-28 Sunday 04:23:48:INFO: {'type': 'metric', 'label': 'validation_acc', 'epoch': 7, 'value': 0.8846153846153846, 'num_correct': 23, 'num_example': 26}
2022-08-28 Sunday 04:23:48:INFO: {'type': 'metric', 'label': 'validation_precision', 'epoch': 7, 'value': 1.0, 'positive': 10.0, 'total': 10.0}
2022-08-28 Sunday 04:23:48:INFO: {'type': 'metric', 'label': 'validation_recall', 'epoch': 7, 'value': 0.7692307829856873, 'positive': 10.0, 'total': 13.0}
2022-08-28 Sunday 04:23:48:INFO: Epoch: 8
2022-08-28 Sunday 04:23:48:INFO: LR: 0.001
2022-08-28 Sunday 04:23:49:INFO: {'type': 'metric', 'label': 'training_loss', 'epoch': 8, 'value': 0.2121720394482628, 'sum': 132.8196966946125, 'num_example': 626}
2022-08-28 Sunday 04:23:49:INFO: {'type': 'metric', 'label': 'training_dist_target', 'value': (0.0699470500214793, 0.20488205809181873), 'epoch': 8}
2022-08-28 Sunday 04:23:49:INFO: {'type': 'metric', 'label': 'training_acc', 'epoch': 8, 'value': 0.9105431309904153, 'num_correct': 570, 'num_example': 626}
2022-08-28 Sunday 04:23:49:INFO: {'type': 'metric', 'label': 'training_precision', 'epoch': 8, 'value': 0.970695972442627, 'positive': 265.0, 'total': 273.0}
2022-08-28 Sunday 04:23:49:INFO: {'type': 'metric', 'label': 'training_recall', 'epoch': 8, 'value': 0.8466453552246094, 'positive': 265.0, 'total': 313.0}
2022-08-28 Sunday 04:23:49:INFO: {'type': 'metric', 'label': 'validation_loss', 'epoch': 8, 'value': 0.3003072440624237, 'sum': 7.807988345623016, 'num_example': 26}
2022-08-28 Sunday 04:23:49:INFO: {'type': 'metric', 'label': 'validation_dist_target', 'value': (0.1308352672136747, 0.2255863226377047), 'epoch': 8}
2022-08-28 Sunday 04:23:49:INFO: {'type': 'metric', 'label': 'validation_acc', 'epoch': 8, 'value': 0.9230769230769231, 'num_correct': 24, 'num_example': 26}
2022-08-28 Sunday 04:23:49:INFO: {'type': 'metric', 'label': 'validation_precision', 'epoch': 8, 'value': 1.0, 'positive': 11.0, 'total': 11.0}
2022-08-28 Sunday 04:23:49:INFO: {'type': 'metric', 'label': 'validation_recall', 'epoch': 8, 'value': 0.8461538553237915, 'positive': 11.0, 'total': 13.0}
2022-08-28 Sunday 04:23:49:INFO: Epoch: 9
2022-08-28 Sunday 04:23:49:INFO: LR: 0.001
2022-08-28 Sunday 04:23:50:INFO: {'type': 'metric', 'label': 'training_loss', 'epoch': 9, 'value': 0.15602751152393535, 'sum': 97.67322221398354, 'num_example': 626}
2022-08-28 Sunday 04:23:50:INFO: {'type': 'metric', 'label': 'training_dist_target', 'value': (0.10555788350943178, 0.11443427347908386), 'epoch': 9}
2022-08-28 Sunday 04:23:50:INFO: {'type': 'metric', 'label': 'training_acc', 'epoch': 9, 'value': 0.9424920127795527, 'num_correct': 590, 'num_example': 626}
2022-08-28 Sunday 04:23:50:INFO: {'type': 'metric', 'label': 'training_precision', 'epoch': 9, 'value': 0.9424920082092285, 'positive': 295.0, 'total': 313.0}
2022-08-28 Sunday 04:23:50:INFO: {'type': 'metric', 'label': 'training_recall', 'epoch': 9, 'value': 0.9424920082092285, 'positive': 295.0, 'total': 313.0}
2022-08-28 Sunday 04:23:50:INFO: {'type': 'metric', 'label': 'validation_loss', 'epoch': 9, 'value': 0.30626341700553894, 'sum': 7.9628488421440125, 'num_example': 26}
2022-08-28 Sunday 04:23:50:INFO: {'type': 'metric', 'label': 'validation_dist_target', 'value': (0.2590264907250038, 0.13294487733107346), 'epoch': 9}
2022-08-28 Sunday 04:23:50:INFO: {'type': 'metric', 'label': 'validation_acc', 'epoch': 9, 'value': 0.8461538461538461, 'num_correct': 22, 'num_example': 26}
2022-08-28 Sunday 04:23:50:INFO: {'type': 'metric', 'label': 'validation_precision', 'epoch': 9, 'value': 0.800000011920929, 'positive': 12.0, 'total': 15.0}
2022-08-28 Sunday 04:23:50:INFO: {'type': 'metric', 'label': 'validation_recall', 'epoch': 9, 'value': 0.9230769276618958, 'positive': 12.0, 'total': 13.0}
2022-08-28 Sunday 04:23:50:INFO: Epoch: 10
2022-08-28 Sunday 04:23:50:INFO: LR: 0.001
2022-08-28 Sunday 04:23:52:INFO: {'type': 'metric', 'label': 'training_loss', 'epoch': 10, 'value': 0.14863515395325974, 'sum': 93.0456063747406, 'num_example': 626}
2022-08-28 Sunday 04:23:52:INFO: {'type': 'metric', 'label': 'training_dist_target', 'value': (0.13918602047636866, 0.05571746826171875), 'epoch': 10}
2022-08-28 Sunday 04:23:52:INFO: {'type': 'metric', 'label': 'training_acc', 'epoch': 10, 'value': 0.9456869009584664, 'num_correct': 592, 'num_example': 626}
2022-08-28 Sunday 04:23:52:INFO: {'type': 'metric', 'label': 'training_precision', 'epoch': 10, 'value': 0.9164178967475891, 'positive': 307.0, 'total': 335.0}
2022-08-28 Sunday 04:23:52:INFO: {'type': 'metric', 'label': 'training_recall', 'epoch': 10, 'value': 0.9808306694030762, 'positive': 307.0, 'total': 313.0}
2022-08-28 Sunday 04:23:52:INFO: {'type': 'metric', 'label': 'validation_loss', 'epoch': 10, 'value': 0.28666529059410095, 'sum': 7.453297555446625, 'num_example': 26}
2022-08-28 Sunday 04:23:52:INFO: {'type': 'metric', 'label': 'validation_dist_target', 'value': (0.08874342991755559, 0.1855778327355018), 'epoch': 10}
2022-08-28 Sunday 04:23:52:INFO: {'type': 'metric', 'label': 'validation_acc', 'epoch': 10, 'value': 0.9230769230769231, 'num_correct': 24, 'num_example': 26}
2022-08-28 Sunday 04:23:52:INFO: {'type': 'metric', 'label': 'validation_precision', 'epoch': 10, 'value': 1.0, 'positive': 11.0, 'total': 11.0}
2022-08-28 Sunday 04:23:52:INFO: {'type': 'metric', 'label': 'validation_recall', 'epoch': 10, 'value': 0.8461538553237915, 'positive': 11.0, 'total': 13.0}
2022-08-28 Sunday 04:23:52:INFO: Epoch: 11
2022-08-28 Sunday 04:23:52:INFO: LR: 0.001
2022-08-28 Sunday 04:23:53:INFO: {'type': 'metric', 'label': 'training_loss', 'epoch': 11, 'value': 0.10343059776023554, 'sum': 64.74755419790745, 'num_example': 626}
2022-08-28 Sunday 04:23:53:INFO: {'type': 'metric', 'label': 'training_dist_target', 'value': (0.04824331240912977, 0.09072747702796619), 'epoch': 11}
2022-08-28 Sunday 04:23:53:INFO: {'type': 'metric', 'label': 'training_acc', 'epoch': 11, 'value': 0.9664536741214057, 'num_correct': 605, 'num_example': 626}
2022-08-28 Sunday 04:23:53:INFO: {'type': 'metric', 'label': 'training_precision', 'epoch': 11, 'value': 0.9834437370300293, 'positive': 297.0, 'total': 302.0}
2022-08-28 Sunday 04:23:53:INFO: {'type': 'metric', 'label': 'training_recall', 'epoch': 11, 'value': 0.9488818049430847, 'positive': 297.0, 'total': 313.0}
2022-08-28 Sunday 04:23:53:INFO: {'type': 'metric', 'label': 'validation_loss', 'epoch': 11, 'value': 0.29093748331069946, 'sum': 7.564374566078186, 'num_example': 26}
2022-08-28 Sunday 04:23:53:INFO: {'type': 'metric', 'label': 'validation_dist_target', 'value': (0.05907989465273344, 0.17410894540640023), 'epoch': 11}
2022-08-28 Sunday 04:23:53:INFO: {'type': 'metric', 'label': 'validation_acc', 'epoch': 11, 'value': 0.9230769230769231, 'num_correct': 24, 'num_example': 26}
2022-08-28 Sunday 04:23:53:INFO: {'type': 'metric', 'label': 'validation_precision', 'epoch': 11, 'value': 1.0, 'positive': 11.0, 'total': 11.0}
2022-08-28 Sunday 04:23:53:INFO: {'type': 'metric', 'label': 'validation_recall', 'epoch': 11, 'value': 0.8461538553237915, 'positive': 11.0, 'total': 13.0}
2022-08-28 Sunday 04:23:53:INFO: Epoch: 12
2022-08-28 Sunday 04:23:53:INFO: LR: 0.001
2022-08-28 Sunday 04:23:54:INFO: {'type': 'metric', 'label': 'training_loss', 'epoch': 12, 'value': 0.07528274130230894, 'sum': 47.1269960552454, 'num_example': 626}
2022-08-28 Sunday 04:23:54:INFO: {'type': 'metric', 'label': 'training_dist_target', 'value': (0.0377112284255104, 0.06082835898231775), 'epoch': 12}
2022-08-28 Sunday 04:23:54:INFO: {'type': 'metric', 'label': 'training_acc', 'epoch': 12, 'value': 0.9776357827476039, 'num_correct': 612, 'num_example': 626}
2022-08-28 Sunday 04:23:54:INFO: {'type': 'metric', 'label': 'training_precision', 'epoch': 12, 'value': 0.983818769454956, 'positive': 304.0, 'total': 309.0}
2022-08-28 Sunday 04:23:54:INFO: {'type': 'metric', 'label': 'training_recall', 'epoch': 12, 'value': 0.9712460041046143, 'positive': 304.0, 'total': 313.0}
2022-08-28 Sunday 04:23:54:INFO: {'type': 'metric', 'label': 'validation_loss', 'epoch': 12, 'value': 0.26802000403404236, 'sum': 6.968520104885101, 'num_example': 26}
2022-08-28 Sunday 04:23:54:INFO: {'type': 'metric', 'label': 'validation_dist_target', 'value': (0.09544272606189434, 0.11376333236694336), 'epoch': 12}
2022-08-28 Sunday 04:23:54:INFO: {'type': 'metric', 'label': 'validation_acc', 'epoch': 12, 'value': 0.9615384615384616, 'num_correct': 25, 'num_example': 26}
2022-08-28 Sunday 04:23:54:INFO: {'type': 'metric', 'label': 'validation_precision', 'epoch': 12, 'value': 1.0, 'positive': 12.0, 'total': 12.0}
2022-08-28 Sunday 04:23:54:INFO: {'type': 'metric', 'label': 'validation_recall', 'epoch': 12, 'value': 0.9230769276618958, 'positive': 12.0, 'total': 13.0}
2022-08-28 Sunday 04:23:54:INFO: Calculating recall rate: sun2011
2022-08-28 Sunday 06:18:14:INFO: RR calculation - 500 duplicate reports were processed
2022-08-28 Sunday 08:04:46:INFO: RR calculation - 1000 duplicate reports were processed
2022-08-28 Sunday 09:54:21:INFO: RR calculation - 1500 duplicate reports were processed
2022-08-28 Sunday 11:41:55:INFO: RR calculation - 2000 duplicate reports were processed
2022-08-28 Sunday 13:27:14:INFO: RR calculation - 2500 duplicate reports were processed
2022-08-28 Sunday 15:14:07:INFO: RR calculation - 3000 duplicate reports were processed
2022-08-28 Sunday 16:59:59:INFO: RR calculation - 3500 duplicate reports were processed
2022-08-28 Sunday 18:47:09:INFO: RR calculation - 4000 duplicate reports were processed
2022-08-28 Sunday 20:29:31:INFO: RR calculation - 4500 duplicate reports were processed
2022-08-28 Sunday 22:09:47:INFO: RR calculation - 5000 duplicate reports were processed
2022-08-28 Sunday 23:47:10:INFO: RR calculation - 5500 duplicate reports were processed
2022-08-29 Monday 01:20:48:INFO: RR calculation - 6000 duplicate reports were processed
2022-08-29 Monday 02:03:56:INFO: [] Throughput: 0.07986035658957802 bugs per second (bugs=6229 ,seconds=77998.64996862411)
2022-08-29 Monday 02:03:56:INFO: {'type': 'metric', 'label': 'recall_rate', 'k': 1, 'rate': 0.24931770749719057, 'hit': 1553, 'total': 6229, 'epoch': 0}
2022-08-29 Monday 02:03:56:INFO: {'type': 'metric', 'label': 'recall_rate', 'k': 2, 'rate': 0.3144967089420453, 'hit': 1959, 'total': 6229, 'epoch': 0}
2022-08-29 Monday 02:03:56:INFO: {'type': 'metric', 'label': 'recall_rate', 'k': 3, 'rate': 0.3573607320597207, 'hit': 2226, 'total': 6229, 'epoch': 0}
2022-08-29 Monday 02:03:56:INFO: {'type': 'metric', 'label': 'recall_rate', 'k': 4, 'rate': 0.3872210627709103, 'hit': 2412, 'total': 6229, 'epoch': 0}
2022-08-29 Monday 02:03:56:INFO: {'type': 'metric', 'label': 'recall_rate', 'k': 5, 'rate': 0.4079306469738321, 'hit': 2541, 'total': 6229, 'epoch': 0}
2022-08-29 Monday 02:03:56:INFO: {'type': 'metric', 'label': 'recall_rate', 'k': 6, 'rate': 0.42815861293947666, 'hit': 2667, 'total': 6229, 'epoch': 0}
2022-08-29 Monday 02:03:56:INFO: {'type': 'metric', 'label': 'recall_rate', 'k': 7, 'rate': 0.4406806871086852, 'hit': 2745, 'total': 6229, 'epoch': 0}
2022-08-29 Monday 02:03:56:INFO: {'type': 'metric', 'label': 'recall_rate', 'k': 8, 'rate': 0.4506341306790817, 'hit': 2807, 'total': 6229, 'epoch': 0}
2022-08-29 Monday 02:03:56:INFO: {'type': 'metric', 'label': 'recall_rate', 'k': 9, 'rate': 0.46203242896131, 'hit': 2878, 'total': 6229, 'epoch': 0}
2022-08-29 Monday 02:03:56:INFO: {'type': 'metric', 'label': 'recall_rate', 'k': 10, 'rate': 0.4700593995825975, 'hit': 2928, 'total': 6229, 'epoch': 0}
2022-08-29 Monday 02:03:56:INFO: {'type': 'metric', 'label': 'recall_rate', 'k': 11, 'rate': 0.47776529137903356, 'hit': 2976, 'total': 6229, 'epoch': 0}
2022-08-29 Monday 02:03:56:INFO: {'type': 'metric', 'label': 'recall_rate', 'k': 12, 'rate': 0.48531064376304384, 'hit': 3023, 'total': 6229, 'epoch': 0}
2022-08-29 Monday 02:03:56:INFO: {'type': 'metric', 'label': 'recall_rate', 'k': 13, 'rate': 0.4902873655482421, 'hit': 3054, 'total': 6229, 'epoch': 0}
2022-08-29 Monday 02:03:56:INFO: {'type': 'metric', 'label': 'recall_rate', 'k': 14, 'rate': 0.4973510996949751, 'hit': 3098, 'total': 6229, 'epoch': 0}
2022-08-29 Monday 02:03:56:INFO: {'type': 'metric', 'label': 'recall_rate', 'k': 15, 'rate': 0.5032910579547278, 'hit': 3135, 'total': 6229, 'epoch': 0}
2022-08-29 Monday 02:03:56:INFO: {'type': 'metric', 'label': 'recall_rate', 'k': 16, 'rate': 0.5081072403275004, 'hit': 3165, 'total': 6229, 'epoch': 0}
2022-08-29 Monday 02:03:56:INFO: {'type': 'metric', 'label': 'recall_rate', 'k': 17, 'rate': 0.5127628832878471, 'hit': 3194, 'total': 6229, 'epoch': 0}
2022-08-29 Monday 02:03:56:INFO: {'type': 'metric', 'label': 'recall_rate', 'k': 18, 'rate': 0.5179001444854712, 'hit': 3226, 'total': 6229, 'epoch': 0}
2022-08-29 Monday 02:03:56:INFO: {'type': 'metric', 'label': 'recall_rate', 'k': 19, 'rate': 0.522555787445818, 'hit': 3255, 'total': 6229, 'epoch': 0}
2022-08-29 Monday 02:03:56:INFO: {'type': 'metric', 'label': 'recall_rate', 'k': 20, 'rate': 0.5272114304061647, 'hit': 3284, 'total': 6229, 'epoch': 0}
2022-08-29 Monday 02:03:56:INFO: {'type': 'metric', 'label': 'MAP', 'value': 0.32417419509392825, 'sum': 2019.281061240079, 'total': 6229, 'epoch': 0}
2022-08-29 Monday 02:03:56:INFO: [1199, 43, 26, 2, 2, 1, 1, 1, 6, 149, 2, 1, 650, 1, 1, 2, 1, 76, inf, 1, 7, 5794, 94, 58, 704, 559, 1832, 30, 2943, 7371, 103, 11, 6, 12, inf, 23, 1, inf, 1, 1, 1, 1, 2, 26, 3, 2, 3666, 1, 24, 5, 3, 30, 29772, 1, 5, 15, 4, 1, 151, 1, 2409, 3284, 524, inf, 26, 25, inf, 77, 276, 51, 1, 38, 1465, 34, 88, 351, 85, 51, 89, 3, 70, 3, 27, 1, 284, 1, 1, 130, 108, 35260, 27, 1611, 1, 171, 3081, 2, 24, 1, 88, 8024, 4, 56, 24654, 16023, 910, 44, 4, 19, 709, 2761, 5, 1462, 580, inf, 1, 1, 3, 1, 1, 1, 57, 1, 272, 952, 1, 1, 1, 1, 319, 1, 14, 411, 27, 7, 306, 86, 4, 1, 6, 2, 1, 2120, 265, 18, 928, 1, 1, 6, 13, inf, inf, 3201, 181, 1, 3, 2, 652, 1, 4818, 85, 23, 146, 1, 3106, 11, 1, 6, 120, 3, 8, 135, 6, 1, 2, inf, 2, 1, 1, 23, 462, 77, 1, 1, 1426, 2, 3251, 117, 1, 25, 1, 6, 3, 7, 138, 1407, 6, 1, 15, 2, 409, 14, 781, 1, 32, 588, 1, 1, 96, 1, 7, 3, 1, 19, 16, inf, 35, 6, 10312, 98, 2, 1, 1, 1877, 1, 1, 13, 2244, 19, 953, 4790, 156, inf, 1, 4, 2, 1, 36, 3346, inf, 2, 1, 2, 1878, 91, 42, 1, 293, 3, 3, 1, 1, 5432, 1, 1, 1, 1, inf, 45, inf, 1, inf, 9, 178, 1327, 30, 1, 1735, 1, inf, 4401, 123, 325, 90, 1, 1, 3740, 387, 1, 2449, 1, 5, 4, 1, 17, 3, 1, 1, 1846, 1, 1, 299, 290, 4, 72, 5147, 4434, 1, 322, 3, 46616, 21, 1, 7, 2, 12, 730, 208, 2, 1, 10, 77, 4202, 1, 6, 19288, 2, 1, 1, 1, 1, 2, 1, 3, 1, 7, 1384, 12, 6314, 190, 477, 2622, 1, 1, 3, 1, 117, 1, 30, 615, 8, 5823, 2, 17, 20, 3289, 1, 1882, inf, 7151, 1, 15269, 43, 1, 18, 138, 40, 171, 51, 391, 1, 10, 39, 185, 552, 318, 100, 4, 1, 212, 190, 2, 1, 8, 1, 3, 4, 536, 12, 6, 1, 1, 9, 1, 1, 269, 8896, 248, 1, 93, 1, 1470, 20, 46, 1, 56, 2, 8, 3, inf, 45, 1, 1, 3278, 1819, 663, 5273, 51, 9, 1, 1, 4960, inf, 43, 6416, 5, 22, 4, 1, 47, 1, 1359, 1123, 4, 1, 1, 3, 30, 1, 1, 1, 8, 1, 988, 215, 2, 1, 1, 40, 927, 7, 229, 23, 64, 298, 1924, 147, 37, 1, 2549, 83, 1, 3928, 1, 15, 2, 3, 11, 748, 1, 21, 2, 346, 7, 1160, 1, 293, 19, 71, 1, 4551, 7, 4014, 1, 1, inf, 5, 79, inf, 11, 1, 1, 5590, 48, 30, 959, 1, 9604, 1, 1, 1, 2704, 56, 4884, 305, 333, 4, 2785, 33, 1, 7980, 355, 1, 1, 160, 8, 1168, 147, 1, 244, 1, 3, 12, 39, 2, 5, inf, 1, 2, 5, 1, 105, 57, 135, inf, 346, 1, 15, 3, 1, 1, 1, 1, 1, 1, 3, 89, 23, 2, 1, 1646, 55, 6, 79, 1, 38, 539, 336, 2305, 2, 1, inf, 3067, 1, 22, 138, 18584, 1275, 1, 93, 127, 1, 876, 1, 1864, 11, 142, 108, 5, 1, 2277, 5132, 22, 1, 74, 1, 1, inf, 1641, 25, 172, 1, inf, inf, 234, 712, 6, 79, 2, 4, 2071, 1, inf, inf, 1, 4, 1, 18, 513, 14, 2752, 5, 6, 1, 37, 2, 27, 204, 2164, 1, 13709, 18, 2, 169, 3614, 2, 2, 72, 1082, 72, 21, 4, 4, 1, 1, 277, 183, 589, 1, 165, inf, 860, 1, 4886, 2, 21, 301, inf, 7, 38, 241, 1, 1, inf, 1, 119, inf, 1, 373, 948, 3, 10, 2, inf, inf, 1079, 1, 313, 31, 1, 1, 1, 28, 1, 83, 170, 336, 2, 9, 43, 1, 9, 270, 4, 1059, 19, 1, inf, 4, inf, 6, 216, 70, 235, 364, 474, 1045, 245, 1, 3, 68, 1, 132, 1, 409, 2, 1, 15, 757, 211, 78, 5, 4, 48293, 283, 6410, 98, 1, 2, 519, 12, 3, 5781, 3697, 511, 7, 2846, 4, 46, 1, 26, 6, 109, 25, 6, 17, 3526, 136, 5041, 10, 44, 1366, 1, 105, 3500, 813, 14119, 1, 2, 10597, 41, 1, inf, 391, 1912, 3523, 1, inf, 1, 502, 4, 20, 2810, 1, 8, 1, 1, 4, 3464, 124, inf, inf, 10, 6, 1, 50, 1, 1, 1662, 3, 453, 1, 2834, 8202, 980, 18, 26, 31, 3, inf, 1, 1589, 2, 13411, 6, 608, 1, 1, 115, 4, 1, inf, 9, 1, 2796, 2395, 2950, 127, 2, 13, 1, 2, 1, 44, 9, 14, 5, 3, 3819, 2, 1, 1, 18, 831, 2, 4, 1, 5430, 76, 15, 2, 6985, 4, 8, 251, inf, 806, 1, 2, 5, 542, 1, 550, 1, 1, 1, inf, 1, 11070, 164, 515, 20, 51, 9, 2, 35, 2, 1, 27, 813, 16, 44, 3, 9, 1, 2, 18, 1, 6668, 9, 158, 37, 6, 2, 10, 10698, 11869, 174, 1351, 2028, 1, 2, 1, 30, 2, 50, inf, 44, 1, 412, 48, 203, 45, 2, 1, 85, 1, 1, 145, 5242, 1951, 1, 75, 1, 378, 3, 1, 197, 3, 6, inf, 1, 79, 1, 1, inf, 785, 55, 3129, 2, 17, 12, 2914, 1, 1634, 22, inf, 518, 587, 64, 1566, 1, 1, 1, 7, 290, 1, 6, 3, 1, 1606, 1, 164, 3061, 31343, 4, 5, 491, 3, 110, 6, 38, 11, 555, inf, 3, 1, 1, 39, 23, 1, 1, inf, 170, 1, 59, 11679, 3, 5, inf, 41, 928, 1, 4, 38, 493, 1, 1, 373, 1, 1755, 192, 1, inf, 1, 3, 7, 10, 2837, 1, 6, 2450, 1326, 53, 1, 2, 25, inf, 25, 8, 11, 1, 359, 3, inf, 74, 5, 1, 10, 212, 481, 3081, 1, 23, 279, 575, 1, 1, 123, 1, 1137, 12, 1, 10, 67, 32, 569, 1, 3, 54, 1447, 14, 10775, 2, 1, 663, 473, 1, 1, inf, 235, 35, 5, inf, 1, inf, 3, 403, 1, 1, 1, 4, inf, 2464, inf, 1, 7, 1, 4, 1, 31, 11, 2459, 13, 10, 1, 2, 1, 13, 11, 1, 77, 16, 22, 835, 3, 4, 9, 6325, 1, 1, 477, 86, 205, 2, 2628, 5, inf, inf, 1, 3, inf, 3, 35, 749, 1, 89, 2, 5, 63, inf, 2, 3, 629, 381, 6, 7, 40, 2199, 1584, 5, 116, 5101, 1, 2, 633, inf, 1, 4, 54, 14, 1, 503, inf, 49392, 1, 1, 672, inf, 104, 66, 1, 38, 898, 1814, 31, 2385, 2, inf, 1822, 1, inf, 266, 1005, 42, 30155, 799, 2467, 15, 1119, 31, 1, 13, 5912, 110, 10, 3, 3, inf, 126, 1, 1, 70, 1, 1, 2, 1270, 1, 2230, 1, 1, 6, 835, 106, 112, inf, 9, 156, 1, 4, inf, inf, 20, 1, 1, 59, 25836, 14, 1, 137, 47, 3, 2, 25, 2, 1, 362, 11, 1, 16, 1, 1, 2, 16, 99, 2050, 76, 145, 1, 547, 5, 1354, 10, 54, 1, 3, 1, 866, 1663, 5, 3, 3, 4523, 1, 298, 52, 8, 2, 917, 15, 6, 1, 5, 1444, 9, 37, 1, 3, 20, 170, 113, 2, 4, 320, 1, 4, 80, inf, 54, 1, 38, 25215, 2, 18, 210, 1, 1, 20, 1, 1409, 2, 32, 2, 14, 10, 4, 1, 1, 48643, 6, 6503, 1, 517, 212, 9, 58, 240, 250, 12, 1, 1, 1, 1, 135, 3, 50, 16, 1, 3256, 922, 1793, 1, 1, 23, 3, 1, 7, 4, 1, 4100, 40, 3, 856, 2377, 8, 21, 16175, 3, 60, 1, 4, 1, 16, 1, 1299, 1, 1824, 3014, 3, 23, 21, 612, 3893, 42, 301, 1, 2, 1, 2, 4108, 1, 1, 1340, 1, 1, 15, 1, 1, 1, 4, 2, 3474, 1, 186, 77, inf, 1440, 1, 7, 1, 3729, 4, 405, 9, 12, 2, 24, 1, 247, 1, 30424, 9, 3, 5, 5850, 219, 1, 8426, 4, 323, 1, 9, 3, 1, 1111, inf, 40676, 582, 1, 631, 10, 78, 19, 1, 58, 8, 1, 1, 987, 1, 53, 1, 2, 1, inf, 1175, 2, inf, 49, 1, 84, inf, 1, 1, 83, 829, 2, 23, 1, 5, inf, 1, 24, 2240, 4, 1, 124, 1, 709, 3, 1, 116, 6, 4, 1, 2936, 34, 44, 1, 2, 7, 48, 14, inf, inf, 4, 3, 11214, 913, 2267, 1, 286, 8, 1, 1, 1, 41, inf, 1, 1, 1, 14442, 1, 61, 1, 1, 1, 1, 1, 201, 50, 2, inf, 1, 3, 1, 1, 14, 1, 1, 1, 19, 53, inf, 3273, 87, 36778, 526, 302, 56, 3, 13, 1, 1, 20, inf, 4, 1, inf, 3, 192, 2899, 1, 28, 1, 4599, 65, 1121, 72, 1, 31911, inf, 40, 1, 2550, 1, 2, 3, 7, 1, inf, 1, 1, 95, inf, inf, 1, 1029, 1, 8001, 1, 1, 3, inf, 349, 12, 1, 321, 6402, 4, 2, 87, 8, 1, 5, 954, 4, 131, 287, 3, 20, 68, 963, 2, 368, 1, 103, 3224, 262, 1, 1, 256, 2, 1, 1, 2, 1, 6950, 1, 1, 1, 2, 298, 1, 12, 2, 2, 41, 4, 14, 1027, 1103, 1, 1, 1, 1, 2, 1, 1070, 1, 1, 1, 1, 1, 2, 1, 3, 68, 3, 9, 2349, 19, inf, 1, 4, 149, inf, 316, 4743, 1361, 565, 99, 12, 1106, 1141, 570, 20770, 153, 4659, 29, 16144, 2, inf, 1, 1366, 17, 91, 81, 1, 1, 2, 1, 1, 2, 1, 1, 2, 3, 1, 2, 7, 175, 2, 3634, 1, 1, 6, 12953, 50, 3, 369, 1, 2, 1, 10708, 1849, 1, 1, 2, 1, 7, 3, 1, 1, 39, 12, 1, 1, 16, 6, inf, 7, 2, 3608, 1106, 33, 2181, inf, inf, 1, 4, 5119, inf, 2, 57, 1, 1, 1, 201, 37, 6, 8, 1026, 13, 162, inf, 61, 14, 81, 65, 2309, 81, 1, 971, 1, 1, 7, 107, 1, 3, 4, 4797, 1, 21, 221, 14, 545, 20, 31, inf, 1, 151, 1, 6, 5, 1131, 7, 74, 2, 62, 11, 5, 4, 4, 2, 4, inf, 117, 37, 59, 111, 4, 9103, 771, 357, 1, 2, 891, 4, 10, 319, 13, 1, 166, 2, 23, 9826, 1, inf, 127, 1, 959, 4, 3295, 768, 4854, 3107, 2, 419, 153, 16, 121, 1, 1, 1, 4799, 140, 11, 2, inf, 3, 42, 3, 1, 1, 1095, 9, 32020, 257, 67, 1, 108, 1, 27, 1612, 1, 12, 1, 29, 2, 1, 32, 15, inf, 1, 1398, 36, 24, 2, 38, 403, 205, 1138, 224, 12, 132, 4, 2, 69, 4, 3, 1, 5, 1, 2, 2433, 5, 7, 1162, 1804, 22, 170, 1, 2, 1, 3, 229, 19, 1, 1, 5, 2018, 162, 1, 142, 1, 26, 2, 447, 1, 1, 1627, 3240, 1, 623, 26, 1, 20183, 1, 95, 613, 293, 1, 1, 1, 4, 37, 81, 95, 3, 8, 2, 1094, 136, 1, 5, 13, 752, 29, 2, 9, 5, 130, 20, 68, 304, 904, 1, inf, 456, 2365, 1, 1, 24014, 172, 62, 6, 76, 2, 1, 1, 1, 4588, 619, 5, 12, 1, 2, 8, 3, 1, 1, 1, 48, 54, 2, 4562, 121, 1, 1, 20, 152, 10, 6, 10, 9, 12, 7, inf, 27, 2097, 39, 562, 158, 4, 4, 1, 3, 1774, 3, 4346, 1, 6, 87, 224, inf, 1, 1, 397, 1, 28, 110, 1, 1, 22, 63, 2430, 4, 19, 10647, 20, 6, 562, 1, 2531, 45, 127, 22, 1, 1, 196, 2059, 429, 137, 1, 6607, 1, 1105, 251, inf, 10, 92, 1, 3, 4, 19, 1, 1, 38, 85, 1015, 79, 3, 1, 1, 1, 24, 101, 2, inf, 704, 3, 2, 1, 3, 1, 4021, 7, 13, 1, 1, 22, 1766, 6, 2, 3254, 6, 1, 39, 1385, 8349, 263, 17837, 3, 1, 963, 2, 89, 256, 1, 2, 1, 93, 138, inf, 739, 5, 2677, 59, 77, 6, 593, 1, 103, inf, 181, 3, 27, inf, 1, 110, 6146, 11, 186, 2, 1, 1, inf, 1, 123, 67, 1474, 2, 1942, 22, 2, 2408, 1, 3708, 360, 65, 4, 25, 1, 658, 6, 432, 1, 665, 1, 1, 7170, 26, 19, 517, 1, 1, 6, 56, 106, 2, 1, 256, 2298, 291, 4734, 2, 7, 4, 11, 2, 14058, inf, 2665, 3, 2211, inf, 2, 215, 6, 1, 1, 2, 32, inf, 4, 5, 336, 1, inf, 2, 141, 3, 2, 6, 2, 622, 3655, 1, 438, 47, 29, 241, inf, 1, 79, 33, 1, inf, 1, 1, 1, 549, 1083, 5, 1, 649, 1, 2127, inf, inf, 252, 2, 4, 1, 1, 1007, 21, inf, 10, 296, 6, 2, 1, 3, 1, 405, 356, 19, 1, 306, 38, 1, 1285, 3197, 6, 134, 138, 103, inf, 1, 229, 1, 1, inf, 9684, 1, 1, 230, inf, 3, 4, 2, 1, 1, 1, 1811, 3, 9, 3, 6, 23, inf, 12, 2, 1, 39929, inf, 659, 975, 1, 139, 2, inf, 10, 12712, 3, 8, 6, 41, 36, 12, 1, 1, 492, 521, 3, 235, 2, 1, 3, 218, 11706, inf, inf, 38, 5, 28, 9, 1, 3, inf, 2, 1, 1470, 5, 1, 3830, 1, 1671, 2, 285, 421, 8, 2, 1838, 2, 76, 8, 9, 134, 1, 24, 2, 5, 1, 1, 17, 2, 1, 184, 21026, 3, 1, 2, 14, 189, 1, 16, 47986, 1, 635, 1234, 350, 6, inf, 2, 439, 1, 1, inf, inf, 4310, 3, 2, 2, 1, 3100, 2, 524, 17, 1, 5980, 182, 3, 1, 3212, 1, 31595, 2, 18, 1, 1, 1, 1, inf, 1, 1, 1, 1, 1, 35, inf, 2292, 1, 828, 2, 48191, 16, 46, 1, 1, 1, 1, 44, 1, 553, 1, 118, 2, 3, inf, 2117, inf, 6, 4, 2, 23268, 3, 14, 1, 1, 3, 1, 44, 4, inf, 4, 6, 4, 1, inf, 40, 4, inf, 55807, 29, 3, 1406, 1, 10, 1, 1, 18, 1, 1, inf, 1, 3010, 757, 18, inf, 138, 3537, 34960, 1, inf, 28, 2950, 12, 5, 1, 231, 29, inf, 1, 1, 3, 1, 7258, inf, 98, inf, 65, 1, 144, 2, 71, 1, 1, 2, 433, 1939, 1649, 1, 1, 1, 4771, 1, inf, 1, inf, 3, 10, 1, 2, 355, 520, 1, inf, 589, 136, 1, 72, 62, 5755, 1, 160, 4478, 1, 1590, 3, 5, 1099, 1, 1, 1, 1, 1, 1, 1, 1, 1041, 1, 1, 1, 2, 2222, 1, inf, 15, 1, inf, inf, 7670, 67, 13995, 119, 26, 1, 3, 22, 26, 1, 1, 5, 1, 6, 2, 1, 1, inf, 238, 69, 3, 8, 11844, 3, 194, 1, 14, inf, 1, 2, 1, 2, 1778, 15, 3616, 1, 1, 1, 4, 1, 3, 341, 1, 185, 456, 2, 18, 458, 225, 1, 1, 1444, 869, inf, 7, 570, 6, 1, inf, 20, 3825, 314, 1, 13, 34, 2, 5, 1, 2, 146, 5, 2284, 1, 1, 19313, 1, 16, 42, 1058, 1, 1, 93, 779, 5, 56, 2, 17068, 2, 1, 4, 136, 2, 21, 380, 44031, inf, 22, 2152, 921, 13, 5, 3, 15483, 43052, 10752, 41, 819, 4, 14, 660, inf, 1, 10047, 1, 5, 40, 5698, 5, 18, 19, 1, 35, 10008, 1157, 11, 21, 1, 1, 21, 6, 7, 3, 28, 1701, 141, 1, 148, 1, 1, 1, 1, 1, 6, 1, 2, 5, 1, 1, 1, 11, 1256, 21, 3, 1, 1, inf, 2574, 1, 1, 1, 26, inf, 5682, 1288, 15, 1, inf, inf, 1629, 316, inf, 9, 2, 1, 4, 3, 491, 186, 112, 1, 245, 120, 107, 1, 337, 3, inf, 55, 6, 45, inf, 1, inf, 7, 1, 5, 2, 8, 22, 228, 139, 47, 70, 2, 6322, 1, 1, 359, 119, 1160, 370, 5, 1, 1, 61, 2, 9, 6, 18, 3893, 24, 1, 9014, 3781, 5, 20, 7, 60, inf, 1773, 1, 4280, 736, 113, 1, 2, 3028, 259, 17, 4895, 1, 442, 3, 1, 2124, 635, 192, 33, 1, 1, 1, 1, 29, 157, 1, 1, 2, 7, 1, 34, 1, 1, 17, 4, 1, 1, 3, 67, 3, 39, 623, 11, 1, 1, 1, 2, 188, 1, 3, 4, 4, 2, 1, 888, 12, 107, 161, 2, 1, 191, inf, 3417, 7, 1, 87, 18, 1, 63, 1, 2, 309, 3, 4, 2, inf, 87, 1, 1377, 421, 11, 3, 3, 1, 502, 161, 1, 4, 66, 3, 8, 4, 1, 3, 4, 1, 2, 887, inf, 607, inf, 2, inf, 11, 7, 1, 1, 19, 22, 1, 1, 1, 1, 1, 1, 5, 24, 1, 1, 224, 1580, 303, 27, 4, 1, 3, 58, 1291, inf, 1, 2, 136, inf, 3, 57, 1, 1, 37, 225, 56, 63, 907, 61, 1, 1, 77, 32, 168, 1, inf, 314, 6371, 1161, 1344, 2, 6, 15, inf, 2, 1, 1, 4, 308, 1, 5, 6, 513, 1, 2, 1, 217, 2, 2, 1, 4077, 9, 2847, 1, 1, 2, 1, 432, 1, 3955, 5243, 201, 122, 1, 6, 1, 2915, 13, 48, 1, 1, 23, 1, 2, inf, 1, 13, 17, 5, 37, 72, 16464, 822, 38058, 1, 1, 30, 217, 11664, 1, 6640, 488, 28, inf, 1, 1, 13, 17, 59, 995, 260, 38, 1, 1, 1, 2, 5533, 249, 1, 1, 6487, 35, 1, 506, 1, inf, 148, 10, 70, 1, 1, 2, 180, 1077, inf, 85, 619, 40, 1, 2290, 164, 465, 189, 1, 1087, 1, 20, 6, 14, 1, 63, 1, 77, 10, 36, 382, 22376, 1, 178, 471, 1952, 940, 1, 3, 3, 73, 4462, 4, 2, 6, 5, 178, 1, 2, 2, 1, 37, 1, 26, 912, 1, 113, 6, 7, 2, 2, inf, 1, 6, 28, 1, 4910, 1, 658, 6, 1, inf, inf, 1, 1546, 48, 1, 1, 2, 1, 1, 1, inf, 40, 1, 1, 25, 1, 95, 1, 150, 2, 328, 80, 1, 1, 3, 6, 2991, 3, 16, inf, 204, 2, 165, 1, 137, 30, 8, 1392, 600, 1, 6, 3160, inf, 9, inf, 6515, 2, 2, 1, 40753, 135, 1, 1, inf, 1, 1, 1, 1, 9704, 10, 34, inf, 1, 5, 1478, 8, 2226, 16, 446, 39505, 1, 1, 188, 1498, 1, 55245, 1357, 4, 1, 1, 6, 36, 123, 52, 1, 1, 2, 1, 1, 1, 32, 87, 157, 8, 2, 53, 243, 799, 37, 6, 306, 7840, 46, 75, 84, 173, 1118, 1, 1, 679, 112, inf, 1217, 29, 2, 1, 1, 1, 2, 1285, 2, 14, 96, inf, 514, 2583, inf, 77, 2391, 1, 4, 1202, 4938, 5, 699, 113, 145, 111, 590, 2, 1669, 1, 6, 1, 3, 230, 1672, inf, 18, 12, 499, 20, 5819, 3, 144, 2497, 1, 4, 6278, 4696, 3863, 2337, 2179, 1, 71, 17, 1049, 6, 1040, inf, 4, 1, 305, 1, inf, 152, 93, 199, 1, 28706, 2096, 1433, 35386, 1, 1, 1, 8, 31, 1, 12, 9, 6, 7378, 4, 4, 258, 121, 1, 1, 1, 14, inf, 11, 256, 2, 1, 1182, 5, 15, inf, 32, 6166, 15, 1, 1, 787, 5, 104, 401, 6, 37, 7, 524, 12, 2, 91, 61, 25, 1, 1, 2, 1, 1, 1, 2, 1, 3, 1, 1, 2, 1, 259, 3, 39114, 2, 4, 6, 2, 87, 4, 15, 80, 2, 275, 187, 1, inf, inf, 183, 2, inf, 1, 49, 30, 2858, 3, 2, 1, 30, 1, inf, 1, 1, 1, 23, 593, 1, 50089, 1, 1, 9, 213, 2, 290, 1, 2, 10, 1, 9, 276, inf, 1, 1, 212, 6, 1, 64, 1, 16, 1, 1, 209, 1917, 24, 156, inf, 20, 1, 182, 1, inf, 149, 197, 5, 1, 247, 1, 1, 143, 10, inf, 1, 16, 2, 2, 1, 490, 117, 749, 37, 1, 1, 2, 1, 1, 1, 2401, 1, 2012, 777, 49, 39, 205, 4, 4, 258, 658, 43, 1, 1, 1, 1, 22, inf, 1, 31, 1635, inf, 5, 1, 37, inf, 11, inf, 722, 15, 11200, 395, 689, 1, 1, 1, 1, 1, 22, 74, 2, 1651, 3560, 1, 15, 5, 43, 105, 555, 33, 6, 43, 1, 1, 1, 6, 8, 131, 80, 212, 85, 1384, 1, 7, 2, 17, inf, 1, 18, 6, 27, 2, 199, 3, 121, 1, 347, 9, 5, 490, 8, 1, 1, inf, inf, 5, 1, 5170, 2060, inf, 2479, 16, 1, 2, 1, 53, 1, 4, 596, 1213, 2, 17, 1, 102, 6, 1566, 823, 2, inf, 874, 84, 7540, 2, 8, 3444, 3, 14853, 1, inf, 4170, 158, 125, 1, 3, 1, 240, 1, 2, 470, 9, 2, 11, 1, 1, 7, 817, 6, 6, 1, 77, 445, 21, 7, 16, 77, 57, 18, 1, 135, 8, 1, 4, 1, 63, 59, 46, 2, 1, 92, 6, 1, 2, 21637, 1, 11, 1, 140, 48, 4124, 96, 3, 1, 52, 1, 3, 774, 252, 1, 1, 4160, 1, 11, 27513, 54, 22745, 1198, 1, 1, 955, 1, 1, 344, 14538, 1, 3, 1, 9, 65, 829, 1, 1, 4, 4209, 277, 5, 1, 1, 1844, 10, 17, 873, 1, 173, 4326, 866, 9, 17, 4, 36, 25947, 1, 1, 2167, 18, 3, 1621, 2472, 39, 300, 3176, 2, 1, 51, 1, 1, 70, 4, 8, 1, 9, 1408, 1, inf, 1, 28, 746, 2, 112, 7104, 3, 3, 3, 1, 1, 6, 11, 1, 1, 8, 225, 1, 7, 2, 440, 10, 121, 147, 2, 224, 3, 1, 171, 17, 1311, 7, 1, 409, 1, 11, 1, 58, 20, 18, 1, 9733, inf, 212, 3, 813, inf, 6, 2462, 1, 817, 7, 2812, 5, 6, 153, inf, 15, 3, 1, 1, 133, 225, 5, 343, 515, 1, 469, 210, 483, 366, 6, 60, 1, 55, 1, 1, 94, 237, 45, 786, 2967, inf, 1118, 37, 90, 1292, 572, 227, 80, 3, 1, 1, 1, 4, 3, 1, 1, 1, 1, 40, 6, 186, 1, 2, 16, 2281, 445, 340, 28, 304, 274, 1, 4, 1, 1, 253, 5227, 1452, 2, 172, 1536, 1, 712, 82, 3349, 12, 3511, 1, 2, 52, 1, 46, 1, 19, 1, 1, 1, inf, 41, inf, 15, 11, 9, 1, 33, 1, 2, 2, 28, 84, 5, 195, 1, 1, 281, 6, 1, 1, 2, 4, 28, 1, 1, inf, 1, 1, 1, 2, 1, 2092, inf, 1, 704, 196, 1, 934, 1351, 27, 1, 38, 1422, 9, 5, 2, 1052, 2, 3043, 1, 1062, inf, 9, 71, inf, inf, 2, 7, 13, 1, 195, 45, 1, 6, 9, inf, 1, 1, 4, 72, 1, 23, 27, 1, 1, 1, 12, 36, 3, 5, 9, 8, 233, 125, inf, 2, 5, 3, 228, 1029, 26, 11, 55, 223, 341, 7572, 1, 1, 1, 8, 82, 16, inf, 232, 3, 131, 12, 1, 54, 22, 1, 189, 1, 545, 2, 2, 11, 121, 14, 4, 584, 2449, 19789, 2, 1127, 2, 1, 4675, 4, 3, 638, 15, 3309, 6, 4, inf, 3, 14, 2131, 52, 567, 15, 1, 14, 1, 18, 4, 1, 4157, 214, 286, 505, 37, 1, 1, 2, 31, 1, 2, 12, 374, 1, 2, 8, 722, 9, 1, 171, 4082, 1, 1164, 2, 3408, 1, 1, 1, 5, 1, 12, 12, 61, 2604, 6, 68, 5, 4035, 8, 1, 410, 2, 1, 54, 24, 176, 27, 3582, 1, 23, 2, 30, 2150, 376, 6258, 1, 5, 1, 7, 5, 3, 2556, 77, 753, inf, 5, 27, 3584, 3, 24, 1, 4, 4, 274, 1, 1, 28, 59, 51634, 10, 2222, 3615, 481, 1, inf, 1, 260, 4, 1997, inf, 4, 1163, 22, 657, 1633, 4137, 489, 23, 3437, 7, 1, 3161, 1, 4181, 1, 311, 1, 1, 3, 1, 4159, 4, 8, 1894, 3710, 22, 747, 3, 10, 3, 7292, 4, 11345, 1, 8, 1, 1, 1, 67, 1, 3145, 436, 29, 264, 4, 1640, 1, 153, 2, 19, 3164, 342, 17, 12, 11, 18476, 889, 406, inf, 2, 1, 1807, 12, 1672, 1, 2, 49, 14, 1283, 835, 1, 7686, 9, 2, 2504, 42, 2, 3, 1, 377, 2, 314, 586, 1, 72, 91, 1444, 1, 1, 39, 1, 277, 4803, 695, 1, inf, 2, 16, 33, 217, 5, 3, 3, 3, 3, 1, 3, 8, 1, 140, 1, 7, 182, 1, 24, inf, 1, 1124, 468, 21, 1, 1340, 6, 1, 1, 88, 1, 4, 2, 130, 292, 1, 2, 1, 3, 7, 44, 10, inf, 9729, 1, 7962, 1, 1, 3178, 69, 230, 1, inf, 6274, 18233, 1, 6, 869, 598, 102, 7, 2, 1, 4, 1, 10, 6, 3, 1, inf, 2366, 19, 12659, 2, inf, 25, 1, 14, 2, inf, 1, 346, 16, 29, 2, 79, 2, 168, 4, inf, 2, 1, 3762, 2331, 1, 1645, 2, 1, 540, 2, 43, 6, 18, 3, inf, 43, 1, 1, 8, 1, 85, 5323, 3, 1, 49, 80, 23, inf, 3, 1, 6115, 16, 1, 1, 1, 2, 4148, 10, 106, 2, 34, 108, 62, 422, 74, 1, 1, 1, 1914, 2963, 170, 9, 23, 13, 27, 14, 113, 9, 233, 379, 8, 1, 358, inf, 1, 151, 1, 1, 4304, 37, 1, 7, 2, 549, 49, 272, 894, 1, 2, 206, 51, 1, 44, 1289, 287, 2, 1, 2, 281, 497, 51, 1, 1, 21, 27, 5, inf, 3069, 2, 1, 18912, 2, 1, 121, 17, 1075, 9691, 70, 4905, 1, 1578, 3, 34, 7, 11, 103, 4, 341, 455, 1, 4, 775, 98, 9292, 1, 252, 1, 2, 516, 10, 4, 14, 9, 1, inf, 637, 1, 2, 1, 12, 1, 1, 1, 5954, 306, 599, 3, 9, 1, 1118, 1146, 1867, 249, 1, 214, 14, 5, inf, 2, 13, 1, 69, 5, 5, 3, 2050, 89, 12, 1, 451, 125, 43, 76, 3, 1, 18, 4, 1, 1, 4842, 1, 1, 7, 1, 16, 4378, 3, inf, 12, 4, 86, 1, 38, 2, 2, 530, 3, 147, 14, 8, 1, 1, 24, 57, 4, 1, 2, 2, 8, 47, 15, 46, 436, 1, 1, 8, 7, 3, 85, 31, 36, 3, 15, 35, 5, 28, 4, 4, 1, 32, 2, 6, 79, 280, 2, 1, 645, 1, inf, 1, 10640, 1, 728, 6, 9357, 31, 15, 9, 148, 3, 27, 5, 27, 2730, 16, 465, 10, 1, 29, 4, 19, 1, inf, 6991, 1, 1746, 2, 531, 5891, 4, inf, inf, 3, 1, inf, 7, 2, 333, 3, 1, 1838, 24, 63, 3, 47, 2, inf, 1, 1, 203, 23, 44054, 48, 110, 1220, 5, 3950, 221, 1, 3313, 6, 6, 4, 17, 4, 18, 3843, 4, 1, 1, 174, 1, 141, 2, 150, 1, 24, 5, 7, 2, 5, 2, 3, 1, 5, 3, 1, 1, 24, 3, 445, 1, 543, 456, 361, 5813, 1, 148, 547, 3, 2, 121, 35, 33, 24, inf, 1, 3, 235, 66, 1607, 53399, 5, 1, 294, 1, 400, 58, 150, inf, 2, 22677, 27, 25, 2, 3, 1, 4, 2146, 642, 1, 1, 51, 2730, inf, 4, 2, 92, 94, 21, 20, 1, 1, 421, 27, 4, 72, 31, 4, 1, 1367, 140, 76, 1496, 29, 18097, 1, 4, 1620, 7, 2342, 12, 56, 508, 1, 1, 1873, 1, 353, 96, 2, inf, 593, 2656, 12, 21, 163, 1, 18, 113, 1, 521, 14, 9, 2, 7, 37, 1115, 46, 117, 3, 2, 156, 1215, 1, 2, 1, 1, 1, 24, 3, 3, 2, 1, 2, 2, 7, 4, inf, inf, 1517, inf, 917, 2, 5, 4, 1525, 5, 1, 1, 1, 1, inf, 113, 18, 69, 3, 5, 4, 1, inf, inf, 4, 4, 2, 4, 1, inf, 1, inf, 3, inf, 17, 16, 52, 23, 1, 2, 1, 5, 1, 377, 108, 1, 1, 38, 5, 72, 277, 14, inf, 1, inf, 42, 108, 1, 6, 3, 1, 6364, 259, 1, 9, 2, 3, inf, inf, 23, 29, 96, 1182, 3, 194, 1, 3, 7, 2300, 150, 31, 1, 1933, 1, 4, 2, 3, 449, 256, 80, 1, 10, inf, 1, 31, 1, 1, 1, 3512, 1, 176, 186, 28, 1, 75, 2, inf, 27, 4, 4190, 1456, 131, 65, 2, 17, 2197, 105, 1, 17, inf, 6, 1, 185, 9087, 23, 31, 140, 1, 135, inf, 1679, 7, 112, 4, 69, 1041, 4305, 1031, 5229, 4, 395, 190, 1346, 1376, 9, 1, 57, 1, 278, 7720, 408, 1198, inf, 5, 1, 2531, 1008, 1000, 71, inf, 1, 171, 22, 1, 1240, 1, 1248, 2, 7832, 7, 1, 351, 22, 104, inf, 1, 1, 5119, 10, 1, 1, 369, 3, 576, 1, 1, 7997, 1, 21, 3, 3, 36, 2776, 139, 32, 27, 1, 6, 1699, 1169, 3, 11, 591, 9, 233, 2, 1, 8, 5812, 5, 11, 5, 27, 4, 2, 19, 24, 394, 299, 3, 161, 9522, 363, 34, 6, 99, 131, 1, 5, 386, 1, 2, 499, 21, 1, 2, 13, 155, 21, 66, 42, 8, 2, 2, 69, 1, 1, 114, 9, 1, 1601, 3555, 146, 5, 1, 2, 1294, 16730, 2, 50, 309, 1, 1, 1795, 1, 5, 1, 10291, 477, 3, 1, 1, 1, 1, inf, 87, 243, 35, 1, 1, 1, 112, 1, 57, 9, 10, 1, 42, 1, inf, 1, 1, 1363, 1, 1, 1, 1, 1, 12, 94, 1419, 318, 2, 259, 101, 13, 28, 976, 15, 2, 17, 1, 1244, 233, 297, inf, 4954, 3, 106, 133, 2, 661, 175, 2, 1, 2, 1, 831, 71, 74, 38, 1, 1, 2, 10, 4944, inf, inf, inf, 10, 20, 7686, 2, 387, 11, 4665, 1688, 21, 12661, 3, 119, 6029, 3, 15, 11, 1, inf, 1, 2, 1, 5, 1, 2, 2864, 1, 4353, 2, 912, 13, 334, 1, 1, 4311, 304, 3359, 96, 1, 1, 72, 36, 2341, 4, 14, 2, 1, 32, 6, 2, 554, 1337, 1, 3, 1, 67, 787, 31, 4, 3, 1, 1, 1399, 5, 416, 1, 1, 1, 216, 2, 1, 30, 16, 23, 2212, 51, 155, 1, 25, inf, 1, 1639, 2320, 3, 132, 422, 23, 430, inf, 458, 1, 869, 1015, 1, 1051, 1, 933, 31, 1, inf, 1, 158, 4, 488, 1, inf, 86, 1, 18, 1, 1, 4099, 14, 4, 10, 1, inf, 1, 29, 4, 129, 55, 28, 1501, 493, 2, 60, 4, 2, 2, 1033, 3092, 1, 1284, 5, 1, 2, 1, 120, 1, 5, 40, 9, 4, 11, 1, 5585, 369, 9576, 135, 1, 95, 1, inf, 3, inf, 2819, 206, 1, 1, inf, 701, 4, 3422, inf, 41, 1, 4, 1, 1, 1, 41, 2, 2, 1, 43, 3, 1, 415, 1, 1, 3, 2, 18, 121, 357, 2306, 1, 1, 1230, 1, 1734, 514, 32, 20, 1038, 1, 1, 1, 4982, 3937, 27, 1, 3, 10, 2969, 300, 2, 1, 1, 1, 1, 1863, 527, 161, 28, 31, 3, inf, 35, 6, 140, 10, 332, inf, 6, 6774, 5030, 40, 942, 1296, 1, 1801, 231, 11, 622, 2, 3812, 1297, 15, 12, 1, 1, 1, 1, 147, 1, 387, 1, 19, 1, 1, 1, 1, 1, 1, 9, 25, 1, 1, 1, 3, 244, 5, 3, 130, 29, 2, 2310, 6, 1217, 541, inf, 3, 1917, 19, 1, 1, 1039, 40, 662, 195, 7, 61, 2771, 9, 3, 26, 131, 2, 248, 69, 1, 1, 2895, 5, 3962, 41319, 99, 7, 5, 238, 525, 703, 181, 22, 27, 1, 1, 1, inf, 1, 6, 3, 2568, 1, 41, inf, 2, inf, 13, inf, 36, 60, 7, 1019, 5, 1, 3370, inf, 22, 4, 1, 4, 55, 1, 2, 7, 82, 272, 320, 189, 1, 3, 78, inf, inf, 1, 87, 3, inf, 4, 2224, 1, 1, 4754, 1, inf, 51, 8415, 8, 85, 43, 939, 154, 990, 36, 1, 649, 1, 120, 299, 506, 1, 9, 1958, 2, 1, 78, 1, 1, 747, 304, 132, 1, 1, 1, inf, 3, 3, 9, 217, 803, 7, 2, 2, 23454, 1, 438, 2, 1, 1, 14, 44, 1, 186, 57, 37, 3, 38, 19, 134, 2, 51, 1, 1263, 31, 4296, 2394, 30, 4, inf, 666, 9, 59, 4, inf, 1627, 3107, 8558, 844, 3, 14, 1, 1, 3280, 169, inf, 36, 63, 65, 20, 3, inf, 41, 13, 17, 1203, 260, 8879, 1, 1553, 1, 1, 77, inf, 3, 1, 1, 20, 32, 9, 26, 1, inf, 4158, 735, 96, inf, 7, 777, 6, 9, 658, 3719, 100, 2, 20, inf, 2, 5, inf, 7, inf, 3, 4, 1, 5982, 11, 510, 344, inf, 2315, 114, 1, 1, 26, 444, inf, 1, 11, 2, 7466, 12, 78, 4, 1, 18, 49, 92, 24961, 1, 1027, 1419, 6, 1258, 450, 4, 2, 1, 3, 6, 2857, 5, 319, 2, 1, 133, 5, 629, 2, 1, 935, 3, 1, 9, 1, 3, 956, 4, 2827, 1, 1, inf, 2469, 4218, 221, 1, 5, 28, 1, 3, 2, 1, 110, 6, 11, 1, 95, 5, 1996, 1, 3, 32, 1, 1, 1, 1, 1, 1, 1, 8, 18, 10, 3, 4, inf, 1, 14, 2, 2, 1, inf, 1, 53, 3, 542, 1037, 1, 2, 32, inf, 303, 1034, 12, 2, 1, 1, inf, inf, inf, 63, 155, 95, 1, 8, 2, 7, 14, 643, 1, 85, 1, 304, 21, 101, 1229, 1, 193, 9, 1, 1539, 8, 12, inf, 8, 2, 1, 1128, 36, 7, 1, 1, 709, 10, 2, 1, 3013, 3044, 1, 1, 5, 5772, 1, 264, 22, 7161, 4, 5, 35, 6, 8, 47, 1, 227, 5, 3, 1, 2, 2, 184, 66, 28, 1187, 1, 1, 13, 1, 2, 4, 60, 2, inf, 5, 127, 18, 2, 88, 1, 9, 225, 4, 115, 1, 1, 53, 589, 1, 11, 1, 32, 1194, 30, 1, 28448, 190, 2, 1, inf, 1, 11, inf, 17, 792, 3836, 1, 12, 1, 4, 123, inf, 321, 3, inf, 15, 1, 6, 5, 1, inf, 1710, 1, 1, inf, 1, 104, 4, 26, 20841, inf, 1, 1, 1, 5, 284, 9063, 8, 1, 1, 336, 1, 14, 1300, 39, 25, 1903, 224, 19, inf, 9, 782, 5277, 4, inf, 1, 7, 4, 25, 1664, 14, 6, inf, 917, 3908, 39, 9, 945, 714, 1, 526, 1615, 101, 905, 97, 114, 1194, 58, 6, 2439, 269, 2, 8, inf, 2, 4, 1, 1, 11, 11, 4, 128, 26, 4, 176, 1, 37, 52, 1, 1, 5, 2, 6, 126, 14, 84, 1, 5616, 1, 24, 80, 20, 103, 1, 1, 4, 529, 1, 1, 423, 8, 113, 12, 5, 300, inf, 153, 4753, 2, 26, 60, 2714, 23, 103, 6319, 3614, 126, 24, 2, 221, 1464, 8, 1, 1, 1, 3, 80, 1, 36, 2, 73, 11, 7, 6, 6, 28, inf, 897, 3, 45, 18, 15, 1, inf, 237, 2, 15, 382, 6345, 13, 1, 2087, 33, 1, 12767, 12, 1, 292, 2, inf, 5, 2140, 2569, 104, 717, 21, 535, 887, 49, 1, 8, 13, 37, 27, 1, 1, 19, inf, 800, inf, 10, 321, 41, 1, 14, 1, 797, 1, 349, 13, 1644, 1, 58, 3, 6, 3, 35, 15, 1, 27, 20, 6931, 15, 71, 915, 251, 1, 982, 25, 2, 1373, 2, 3, 6, 3962, inf, inf, 22, 2, 55, 93, 37, 3, 6, 1260, 677, inf, 1211, 80, 1831, 9, 3158, 45, 1, 1, inf, 1, 7, 2, 442, 37, 1, 1238, 64, 1, 71, 130, 1, 1, 9, 1, 1, 1629, 85, 1, 57, 22, 1575, 3, 791, 1, 4106, 85, inf, 59, 1, 813, 124, 1, inf, inf, 44, 17, 63, 3538, 9336, 5, 880, 127, 1, 2, inf, 2136, 5, 5, 1, 6, 14, 6, 1, 5, 1, inf, 3, 2604, 19, 1, 251, 298, 3, 16, 1, 1, 1, 423, 131, 2, 4, 3, 3241, 1, inf, 43, 3, 1, 49, 83, 1, inf, 259, 19, inf, 1, 44, 1, 2981, 15, inf, 45, 1, 3, 26, 32, 3, 10, 30, 40, 20, 362, 1, 1, 8, 1, 328, 667, 72, 17, 1, inf, 2051, 11, 3514, 7, 305, 13, 14, 3472, 212, 1, 2, 3, 666, 4, 1, 10, 2, 2, 1, 11, inf, inf, 5, 3, 499, 55, 15, 93, 197, inf, 1, 1234, 12, 843, 16, 1, 1, 1549, 1, 137, 1, 1, 28, 3, 1, 3, 476, 4, 505, 4, 1, 1, 86, 1, 1, 149, 1226, 1656, 26, 1, 1, 91, inf, 9254, 1, 1, 195, 1, 4599, 247, 20, 3245, 2, 19, 10, inf, 4, 1, 1, 317, 1, 893, 5971, 2, 36, 37, 1, 1, 68, 3, 2, 8, 1, 99, 2, 6, 3, inf, 1737, 20310, 3, 1, 3, 7, 1516, 59, 3, 8560, 1, 3, 17, 79, 88, 1, 574, 1, 870, 1, 64, 54, inf, 143, 1, 2, 567, 1738, 1, 1, 138, 3, 49, 1, 3, 1, 19, 89, 50, 1, 8, 6, 41, inf, 1, 14, 1, 101, 2, 39, 9, 4, 593, 3, 1, 1, 46, 1, 27, 35, 7, 1, 1, 25, 43, 8, 4, 2, 9, 13, 1, 5, 89, 7, 88, 7, inf, 3, 102, 6532, 16, 1, 1, 241, 606, inf, 3, 3367, 1, 715, 1, 35, 1, 154, 29, 1, 211, 1, 31, 1, 1557, 282, 97, 103, 15, 2, 8522, 1, 26, 42, 1, 420, 3, 231, 270, 383, 1, 1, 13, 27, 207, 295, 67, 45, 11, 1, 1, 20121, 329, 2, 1, 1, 84, inf, 45, 1177, 1, 79, 1, 1, 48, 5371, inf, 899, 2, 1, 961, 32, 8468, 582, 1, inf]
2022-08-29 Monday 02:03:56:INFO: It completed at: 2022-08-29 02:03:56.369824
2022-08-29 Monday 02:03:56:INFO: Completed after: 21:40:24.602966
