2022-08-26 Friday 23:31:25:INFO: {'bug_database': 'dataset/eclipse-old/eclipse-old_soft_clean.json', 'database_name': 'eclipse-old-sampled-age', 'epochs': 12, 'lr': 0.001, 'l2': 0.0, 'batch_size': 256, 'ranking_batch_size': 512, 'ranking_n_workers': 2, 'cuda': True, 'cache_folder': None, 'pairs_training': 'dataset/eclipse-old/sampled_training_split_eclipse-old_pairs_random_1.txt', 'pairs_validation': 'dataset/eclipse-old/sampled_validation_eclipse-old_pairs_random_1.txt', 'neg_pair_generator': {'type': 'none', 'training': None, 'rate': 1, 'pre_list_file': None, 'k': 0, 'n_tries': 0, 'preselected_length': None, 'random_anchor': True}, 'loss': 'bce', 'margin': 0, 'categorical': {'lexicons': 'dataset/eclipse-old/categorical_lexicons.json', 'bn_last_layer': False, 'emb_size': 20, 'hidden_sizes': [40], 'dropout': 0.0, 'activation': 'relu', 'batch_normalization': False, 'layer_norm': False}, 'compare_aggregation': {'word_embedding': 'word_embedding/eclipse-old/glove_42B_300d_eclipse-old.npy', 'norm_word_embedding': False, 'lexicon': 'word_embedding/eclipse-old/glove_42B_300d_eclipse-old.lxc', 'sent_representation': None, 'tokenizer': 'white_space', 'bow': False, 'frequency': False, 'extractor': {'update_embedding': False, 'filters': ['TransformLowerCaseFilter'], 'hidden_size': 150, 'dropout': 0.0, 'layer_norm': False, 'txt_field_emb_size': 5, 'field_word_combination': 'cat', 'emb_dropout': 0.0, 'scaled_attention': True, 'model': 'linear', 'use_categorical': False, 'bidirectional': True}, 'matching': {'type': 'full', 'scaled_attention': True, 'comparison_hidden_size': 100, 'dropout': 0.0, 'residual': True, 'layer_norm': False, 'attention_hidden_size': 200, 'attention': 'dot_product', 'comparison_func': 'submult+nn'}, 'aggregate': {'model': 'lstm', 'window': [3, 4, 5], 'nfilters': 100, 'hidden_size': 150, 'dropout': 0.0, 'bidirectional': True, 'num_layers': 1, 'self_att_hidden': 50, 'layer_norm': False, 'n_hops': 20}, 'classifier': {'hidden_size': [300], 'output_act': 'sigmoid', 'hadamard_diff_textual': True, 'hadamard_diff_categorical': True, 'textual_hidden_layer': 600, 'categorical_hidden_layer': 40, 'categorical_dropout': 0.0, 'dropout': 0.0, 'only_candidate': False, 'layer_norm': False, 'batch_normalization': False}}, 'random_switch': True, 'recall_estimation_train': None, 'recall_estimation': None, 'sample_size_rr_tr': 0, 'sample_size_rr_val': 0, 'rr_val_epoch': 100, 'rr_train_epoch': 100, 'ranking_result_file': None, 'optimizer': 'adam', 'lr_scheduler': None, 'save': None, 'save_by_epoch': None, 'load': None, 'recall_rate': {'type': 'sun2011', 'dataset': 'dataset/eclipse-old/test_eclipse-old.txt', 'result_file': None, 'group_by_master': True, 'window': 365}, 'pair_test_dataset': None, 'rep': {'model': None, 'input': None, 'training': None, 'rate': 1, 'neg_training': 10000, 'k': 1000}, 'rr_scorer': 'general', 'seed': 592647337}
2022-08-26 Friday 23:31:25:INFO: It started at: 2022-08-26 23:31:25.294972
2022-08-26 Friday 23:31:26:INFO: Turning CUDA on
2022-08-26 Friday 23:31:26:INFO: Using Categorical Information.
2022-08-26 Friday 23:31:26:INFO: Lexicon size: 47070
2022-08-26 Friday 23:31:26:INFO: Word Embedding size: 300
2022-08-26 Friday 23:31:26:INFO: Use white space tokenizer to tokenize summary information
2022-08-26 Friday 23:31:26:INFO: BoW=False and TF=False
2022-08-26 Friday 23:31:26:INFO: Using Summary and Description information.
2022-08-26 Friday 23:31:27:INFO: Using BCE Loss: margin=0
2022-08-26 Friday 23:31:30:INFO: Not generate dynamically the negative examples.
2022-08-26 Friday 23:31:30:INFO: Training size: 3342
2022-08-26 Friday 23:31:30:INFO: Validation size: 108
2022-08-26 Friday 23:31:30:INFO: Adam
2022-08-26 Friday 23:31:30:INFO: Scheduler: Constant
2022-08-26 Friday 23:31:30:INFO: Epoch: 1
2022-08-26 Friday 23:31:30:INFO: LR: 0.001
2022-08-26 Friday 23:31:35:INFO: {'type': 'metric', 'label': 'training_loss', 'epoch': 1, 'value': 0.6354650387073405, 'sum': 2123.724159359932, 'num_example': 3342}
2022-08-26 Friday 23:31:35:INFO: {'type': 'metric', 'label': 'training_dist_target', 'value': (0.46319752749677623, 0.46351876064805053), 'epoch': 1}
2022-08-26 Friday 23:31:35:INFO: {'type': 'metric', 'label': 'training_acc', 'epoch': 1, 'value': 0.66098144823459, 'num_correct': 2209, 'num_example': 3342}
2022-08-26 Friday 23:31:35:INFO: {'type': 'metric', 'label': 'training_precision', 'epoch': 1, 'value': 0.6767411231994629, 'positive': 1030.0, 'total': 1522.0}
2022-08-26 Friday 23:31:35:INFO: {'type': 'metric', 'label': 'training_recall', 'epoch': 1, 'value': 0.6163973808288574, 'positive': 1030.0, 'total': 1671.0}
2022-08-26 Friday 23:31:35:INFO: {'type': 'metric', 'label': 'validation_loss', 'epoch': 1, 'value': 0.7228403687477112, 'sum': 78.06675982475281, 'num_example': 108}
2022-08-26 Friday 23:31:35:INFO: {'type': 'metric', 'label': 'validation_dist_target', 'value': (0.06013684802585178, 0.5955269425003616), 'epoch': 1}
2022-08-26 Friday 23:31:35:INFO: {'type': 'metric', 'label': 'validation_acc', 'epoch': 1, 'value': 0.6574074074074074, 'num_correct': 71, 'num_example': 108}
2022-08-26 Friday 23:31:35:INFO: {'type': 'metric', 'label': 'validation_precision', 'epoch': 1, 'value': 0.9047619104385376, 'positive': 19.0, 'total': 21.0}
2022-08-26 Friday 23:31:35:INFO: {'type': 'metric', 'label': 'validation_recall', 'epoch': 1, 'value': 0.35185185074806213, 'positive': 19.0, 'total': 54.0}
2022-08-26 Friday 23:31:35:INFO: Epoch: 2
2022-08-26 Friday 23:31:35:INFO: LR: 0.001
2022-08-26 Friday 23:31:40:INFO: {'type': 'metric', 'label': 'training_loss', 'epoch': 2, 'value': 0.35817075863632164, 'sum': 1197.006675362587, 'num_example': 3342}
2022-08-26 Friday 23:31:40:INFO: {'type': 'metric', 'label': 'training_dist_target', 'value': (0.2211427360434221, 0.22857564705563904), 'epoch': 2}
2022-08-26 Friday 23:31:40:INFO: {'type': 'metric', 'label': 'training_acc', 'epoch': 2, 'value': 0.8542788749251945, 'num_correct': 2855, 'num_example': 3342}
2022-08-26 Friday 23:31:40:INFO: {'type': 'metric', 'label': 'training_precision', 'epoch': 2, 'value': 0.8658838272094727, 'positive': 1401.0, 'total': 1618.0}
2022-08-26 Friday 23:31:40:INFO: {'type': 'metric', 'label': 'training_recall', 'epoch': 2, 'value': 0.8384200930595398, 'positive': 1401.0, 'total': 1671.0}
2022-08-26 Friday 23:31:40:INFO: {'type': 'metric', 'label': 'validation_loss', 'epoch': 2, 'value': 0.2708239257335663, 'sum': 29.24898397922516, 'num_example': 108}
2022-08-26 Friday 23:31:40:INFO: {'type': 'metric', 'label': 'validation_dist_target', 'value': (0.0626177257961697, 0.2882093146995262), 'epoch': 2}
2022-08-26 Friday 23:31:40:INFO: {'type': 'metric', 'label': 'validation_acc', 'epoch': 2, 'value': 0.8703703703703703, 'num_correct': 94, 'num_example': 108}
2022-08-26 Friday 23:31:40:INFO: {'type': 'metric', 'label': 'validation_precision', 'epoch': 2, 'value': 1.0, 'positive': 40.0, 'total': 40.0}
2022-08-26 Friday 23:31:40:INFO: {'type': 'metric', 'label': 'validation_recall', 'epoch': 2, 'value': 0.7407407164573669, 'positive': 40.0, 'total': 54.0}
2022-08-26 Friday 23:31:40:INFO: Epoch: 3
2022-08-26 Friday 23:31:40:INFO: LR: 0.001
2022-08-26 Friday 23:31:45:INFO: {'type': 'metric', 'label': 'training_loss', 'epoch': 3, 'value': 0.21510505662893264, 'sum': 718.8810992538929, 'num_example': 3342}
2022-08-26 Friday 23:31:45:INFO: {'type': 'metric', 'label': 'training_dist_target', 'value': (0.11318062045201793, 0.1271420607375642), 'epoch': 3}
2022-08-26 Friday 23:31:45:INFO: {'type': 'metric', 'label': 'training_acc', 'epoch': 3, 'value': 0.9168162776780371, 'num_correct': 3064, 'num_example': 3342}
2022-08-26 Friday 23:31:45:INFO: {'type': 'metric', 'label': 'training_precision', 'epoch': 3, 'value': 0.928615391254425, 'positive': 1509.0, 'total': 1625.0}
2022-08-26 Friday 23:31:45:INFO: {'type': 'metric', 'label': 'training_recall', 'epoch': 3, 'value': 0.9030520915985107, 'positive': 1509.0, 'total': 1671.0}
2022-08-26 Friday 23:31:45:INFO: {'type': 'metric', 'label': 'validation_loss', 'epoch': 3, 'value': 0.11723633110523224, 'sum': 12.661523759365082, 'num_example': 108}
2022-08-26 Friday 23:31:45:INFO: {'type': 'metric', 'label': 'validation_dist_target', 'value': (0.12898042466905382, 0.05181479454040527), 'epoch': 3}
2022-08-26 Friday 23:31:45:INFO: {'type': 'metric', 'label': 'validation_acc', 'epoch': 3, 'value': 0.9629629629629629, 'num_correct': 104, 'num_example': 108}
2022-08-26 Friday 23:31:45:INFO: {'type': 'metric', 'label': 'validation_precision', 'epoch': 3, 'value': 0.931034505367279, 'positive': 54.0, 'total': 58.0}
2022-08-26 Friday 23:31:45:INFO: {'type': 'metric', 'label': 'validation_recall', 'epoch': 3, 'value': 1.0, 'positive': 54.0, 'total': 54.0}
2022-08-26 Friday 23:31:45:INFO: Epoch: 4
2022-08-26 Friday 23:31:45:INFO: LR: 0.001
2022-08-26 Friday 23:31:50:INFO: {'type': 'metric', 'label': 'training_loss', 'epoch': 4, 'value': 0.14647717567028076, 'sum': 489.52672109007835, 'num_example': 3342}
2022-08-26 Friday 23:31:50:INFO: {'type': 'metric', 'label': 'training_dist_target', 'value': (0.08651251855062768, 0.08961072815598876), 'epoch': 4}
2022-08-26 Friday 23:31:50:INFO: {'type': 'metric', 'label': 'training_acc', 'epoch': 4, 'value': 0.947935368043088, 'num_correct': 3168, 'num_example': 3342}
2022-08-26 Friday 23:31:50:INFO: {'type': 'metric', 'label': 'training_precision', 'epoch': 4, 'value': 0.9539114832878113, 'positive': 1573.0, 'total': 1649.0}
2022-08-26 Friday 23:31:50:INFO: {'type': 'metric', 'label': 'training_recall', 'epoch': 4, 'value': 0.9413524866104126, 'positive': 1573.0, 'total': 1671.0}
2022-08-26 Friday 23:31:50:INFO: {'type': 'metric', 'label': 'validation_loss', 'epoch': 4, 'value': 0.06781978905200958, 'sum': 7.324537217617035, 'num_example': 108}
2022-08-26 Friday 23:31:50:INFO: {'type': 'metric', 'label': 'validation_dist_target', 'value': (0.06634509121930157, 0.04178066165358932), 'epoch': 4}
2022-08-26 Friday 23:31:50:INFO: {'type': 'metric', 'label': 'validation_acc', 'epoch': 4, 'value': 0.9814814814814815, 'num_correct': 106, 'num_example': 108}
2022-08-26 Friday 23:31:50:INFO: {'type': 'metric', 'label': 'validation_precision', 'epoch': 4, 'value': 0.9642857313156128, 'positive': 54.0, 'total': 56.0}
2022-08-26 Friday 23:31:50:INFO: {'type': 'metric', 'label': 'validation_recall', 'epoch': 4, 'value': 1.0, 'positive': 54.0, 'total': 54.0}
2022-08-26 Friday 23:31:50:INFO: Epoch: 5
2022-08-26 Friday 23:31:50:INFO: LR: 0.001
2022-08-26 Friday 23:31:55:INFO: {'type': 'metric', 'label': 'training_loss', 'epoch': 5, 'value': 0.11495836664555245, 'sum': 384.1908613294363, 'num_example': 3342}
2022-08-26 Friday 23:31:55:INFO: {'type': 'metric', 'label': 'training_dist_target', 'value': (0.07434526847409031, 0.05965850693533194), 'epoch': 5}
2022-08-26 Friday 23:31:55:INFO: {'type': 'metric', 'label': 'training_acc', 'epoch': 5, 'value': 0.9602034709754638, 'num_correct': 3209, 'num_example': 3342}
2022-08-26 Friday 23:31:55:INFO: {'type': 'metric', 'label': 'training_precision', 'epoch': 5, 'value': 0.9561091065406799, 'positive': 1612.0, 'total': 1686.0}
2022-08-26 Friday 23:31:55:INFO: {'type': 'metric', 'label': 'training_recall', 'epoch': 5, 'value': 0.9646918177604675, 'positive': 1612.0, 'total': 1671.0}
2022-08-26 Friday 23:31:55:INFO: {'type': 'metric', 'label': 'validation_loss', 'epoch': 5, 'value': 0.051747843623161316, 'sum': 5.588767111301422, 'num_example': 108}
2022-08-26 Friday 23:31:55:INFO: {'type': 'metric', 'label': 'validation_dist_target', 'value': (0.036661896440717906, 0.04909997516208225), 'epoch': 5}
2022-08-26 Friday 23:31:55:INFO: {'type': 'metric', 'label': 'validation_acc', 'epoch': 5, 'value': 0.9814814814814815, 'num_correct': 106, 'num_example': 108}
2022-08-26 Friday 23:31:55:INFO: {'type': 'metric', 'label': 'validation_precision', 'epoch': 5, 'value': 1.0, 'positive': 52.0, 'total': 52.0}
2022-08-26 Friday 23:31:55:INFO: {'type': 'metric', 'label': 'validation_recall', 'epoch': 5, 'value': 0.9629629850387573, 'positive': 52.0, 'total': 54.0}
2022-08-26 Friday 23:31:55:INFO: Epoch: 6
2022-08-26 Friday 23:31:55:INFO: LR: 0.001
2022-08-26 Friday 23:32:00:INFO: {'type': 'metric', 'label': 'training_loss', 'epoch': 6, 'value': 0.0845227843180593, 'sum': 282.4751451909542, 'num_example': 3342}
2022-08-26 Friday 23:32:00:INFO: {'type': 'metric', 'label': 'training_dist_target', 'value': (0.04403396133603199, 0.04861288281845376), 'epoch': 6}
2022-08-26 Friday 23:32:00:INFO: {'type': 'metric', 'label': 'training_acc', 'epoch': 6, 'value': 0.9730700179533214, 'num_correct': 3252, 'num_example': 3342}
2022-08-26 Friday 23:32:00:INFO: {'type': 'metric', 'label': 'training_precision', 'epoch': 6, 'value': 0.9759181141853333, 'positive': 1621.0, 'total': 1661.0}
2022-08-26 Friday 23:32:00:INFO: {'type': 'metric', 'label': 'training_recall', 'epoch': 6, 'value': 0.9700778126716614, 'positive': 1621.0, 'total': 1671.0}
2022-08-26 Friday 23:32:00:INFO: {'type': 'metric', 'label': 'validation_loss', 'epoch': 6, 'value': 0.03454844653606415, 'sum': 3.731232225894928, 'num_example': 108}
2022-08-26 Friday 23:32:00:INFO: {'type': 'metric', 'label': 'validation_dist_target', 'value': (0.03229869295049597, 0.024693921760276513), 'epoch': 6}
2022-08-26 Friday 23:32:00:INFO: {'type': 'metric', 'label': 'validation_acc', 'epoch': 6, 'value': 0.9907407407407407, 'num_correct': 107, 'num_example': 108}
2022-08-26 Friday 23:32:00:INFO: {'type': 'metric', 'label': 'validation_precision', 'epoch': 6, 'value': 0.9818181991577148, 'positive': 54.0, 'total': 55.0}
2022-08-26 Friday 23:32:00:INFO: {'type': 'metric', 'label': 'validation_recall', 'epoch': 6, 'value': 1.0, 'positive': 54.0, 'total': 54.0}
2022-08-26 Friday 23:32:00:INFO: Epoch: 7
2022-08-26 Friday 23:32:00:INFO: LR: 0.001
2022-08-26 Friday 23:32:05:INFO: {'type': 'metric', 'label': 'training_loss', 'epoch': 7, 'value': 0.06598698168564955, 'sum': 220.52849279344082, 'num_example': 3342}
2022-08-26 Friday 23:32:05:INFO: {'type': 'metric', 'label': 'training_dist_target', 'value': (0.035885220120439695, 0.03844601832628963), 'epoch': 7}
2022-08-26 Friday 23:32:05:INFO: {'type': 'metric', 'label': 'training_acc', 'epoch': 7, 'value': 0.9784560143626571, 'num_correct': 3270, 'num_example': 3342}
2022-08-26 Friday 23:32:05:INFO: {'type': 'metric', 'label': 'training_precision', 'epoch': 7, 'value': 0.9813365340232849, 'positive': 1630.0, 'total': 1661.0}
2022-08-26 Friday 23:32:05:INFO: {'type': 'metric', 'label': 'training_recall', 'epoch': 7, 'value': 0.9754638075828552, 'positive': 1630.0, 'total': 1671.0}
2022-08-26 Friday 23:32:05:INFO: {'type': 'metric', 'label': 'validation_loss', 'epoch': 7, 'value': 0.04181477054953575, 'sum': 4.515995219349861, 'num_example': 108}
2022-08-26 Friday 23:32:05:INFO: {'type': 'metric', 'label': 'validation_dist_target', 'value': (0.007344731578120479, 0.04788051711188422), 'epoch': 7}
2022-08-26 Friday 23:32:05:INFO: {'type': 'metric', 'label': 'validation_acc', 'epoch': 7, 'value': 0.9814814814814815, 'num_correct': 106, 'num_example': 108}
2022-08-26 Friday 23:32:05:INFO: {'type': 'metric', 'label': 'validation_precision', 'epoch': 7, 'value': 1.0, 'positive': 52.0, 'total': 52.0}
2022-08-26 Friday 23:32:05:INFO: {'type': 'metric', 'label': 'validation_recall', 'epoch': 7, 'value': 0.9629629850387573, 'positive': 52.0, 'total': 54.0}
2022-08-26 Friday 23:32:05:INFO: Epoch: 8
2022-08-26 Friday 23:32:05:INFO: LR: 0.001
2022-08-26 Friday 23:32:10:INFO: {'type': 'metric', 'label': 'training_loss', 'epoch': 8, 'value': 0.06709691813691586, 'sum': 224.2379004135728, 'num_example': 3342}
2022-08-26 Friday 23:32:10:INFO: {'type': 'metric', 'label': 'training_dist_target', 'value': (0.03429075701352831, 0.035938706924500116), 'epoch': 8}
2022-08-26 Friday 23:32:10:INFO: {'type': 'metric', 'label': 'training_acc', 'epoch': 8, 'value': 0.9778575703171754, 'num_correct': 3268, 'num_example': 3342}
2022-08-26 Friday 23:32:10:INFO: {'type': 'metric', 'label': 'training_precision', 'epoch': 8, 'value': 0.9801563620567322, 'positive': 1630.0, 'total': 1663.0}
2022-08-26 Friday 23:32:10:INFO: {'type': 'metric', 'label': 'training_recall', 'epoch': 8, 'value': 0.9754638075828552, 'positive': 1630.0, 'total': 1671.0}
2022-08-26 Friday 23:32:10:INFO: {'type': 'metric', 'label': 'validation_loss', 'epoch': 8, 'value': 0.03477103263139725, 'sum': 3.7552715241909027, 'num_example': 108}
2022-08-26 Friday 23:32:10:INFO: {'type': 'metric', 'label': 'validation_dist_target', 'value': (0.03097566189589324, 0.013656615107147782), 'epoch': 8}
2022-08-26 Friday 23:32:10:INFO: {'type': 'metric', 'label': 'validation_acc', 'epoch': 8, 'value': 0.9907407407407407, 'num_correct': 107, 'num_example': 108}
2022-08-26 Friday 23:32:10:INFO: {'type': 'metric', 'label': 'validation_precision', 'epoch': 8, 'value': 0.9818181991577148, 'positive': 54.0, 'total': 55.0}
2022-08-26 Friday 23:32:10:INFO: {'type': 'metric', 'label': 'validation_recall', 'epoch': 8, 'value': 1.0, 'positive': 54.0, 'total': 54.0}
2022-08-26 Friday 23:32:10:INFO: Epoch: 9
2022-08-26 Friday 23:32:10:INFO: LR: 0.001
2022-08-26 Friday 23:32:15:INFO: {'type': 'metric', 'label': 'training_loss', 'epoch': 9, 'value': 0.04001388474401557, 'sum': 133.72640281450003, 'num_example': 3342}
2022-08-26 Friday 23:32:15:INFO: {'type': 'metric', 'label': 'training_dist_target', 'value': (0.021531825039127785, 0.023222639951643153), 'epoch': 9}
2022-08-26 Friday 23:32:15:INFO: {'type': 'metric', 'label': 'training_acc', 'epoch': 9, 'value': 0.990424895272292, 'num_correct': 3310, 'num_example': 3342}
2022-08-26 Friday 23:32:15:INFO: {'type': 'metric', 'label': 'training_precision', 'epoch': 9, 'value': 0.9904248714447021, 'positive': 1655.0, 'total': 1671.0}
2022-08-26 Friday 23:32:15:INFO: {'type': 'metric', 'label': 'training_recall', 'epoch': 9, 'value': 0.9904248714447021, 'positive': 1655.0, 'total': 1671.0}
2022-08-26 Friday 23:32:15:INFO: {'type': 'metric', 'label': 'validation_loss', 'epoch': 9, 'value': 0.021069910377264023, 'sum': 2.2755503207445145, 'num_example': 108}
2022-08-26 Friday 23:32:15:INFO: {'type': 'metric', 'label': 'validation_dist_target', 'value': (0.01055744179972896, 0.02138689712241844), 'epoch': 9}
2022-08-26 Friday 23:32:15:INFO: {'type': 'metric', 'label': 'validation_acc', 'epoch': 9, 'value': 0.9907407407407407, 'num_correct': 107, 'num_example': 108}
2022-08-26 Friday 23:32:15:INFO: {'type': 'metric', 'label': 'validation_precision', 'epoch': 9, 'value': 1.0, 'positive': 53.0, 'total': 53.0}
2022-08-26 Friday 23:32:15:INFO: {'type': 'metric', 'label': 'validation_recall', 'epoch': 9, 'value': 0.9814814925193787, 'positive': 53.0, 'total': 54.0}
2022-08-26 Friday 23:32:15:INFO: Epoch: 10
2022-08-26 Friday 23:32:15:INFO: LR: 0.001
2022-08-26 Friday 23:32:20:INFO: {'type': 'metric', 'label': 'training_loss', 'epoch': 10, 'value': 0.02752051019582971, 'sum': 91.97354507446289, 'num_example': 3342}
2022-08-26 Friday 23:32:20:INFO: {'type': 'metric', 'label': 'training_dist_target', 'value': (0.015175837289958853, 0.013806629830103018), 'epoch': 10}
2022-08-26 Friday 23:32:20:INFO: {'type': 'metric', 'label': 'training_acc', 'epoch': 10, 'value': 0.9943147815679234, 'num_correct': 3323, 'num_example': 3342}
2022-08-26 Friday 23:32:20:INFO: {'type': 'metric', 'label': 'training_precision', 'epoch': 10, 'value': 0.9940191507339478, 'positive': 1662.0, 'total': 1672.0}
2022-08-26 Friday 23:32:20:INFO: {'type': 'metric', 'label': 'training_recall', 'epoch': 10, 'value': 0.9946140050888062, 'positive': 1662.0, 'total': 1671.0}
2022-08-26 Friday 23:32:20:INFO: {'type': 'metric', 'label': 'validation_loss', 'epoch': 10, 'value': 0.01894288882613182, 'sum': 2.0458319932222366, 'num_example': 108}
2022-08-26 Friday 23:32:20:INFO: {'type': 'metric', 'label': 'validation_dist_target', 'value': (0.008377765615781149, 0.018592211935255263), 'epoch': 10}
2022-08-26 Friday 23:32:20:INFO: {'type': 'metric', 'label': 'validation_acc', 'epoch': 10, 'value': 0.9907407407407407, 'num_correct': 107, 'num_example': 108}
2022-08-26 Friday 23:32:20:INFO: {'type': 'metric', 'label': 'validation_precision', 'epoch': 10, 'value': 1.0, 'positive': 53.0, 'total': 53.0}
2022-08-26 Friday 23:32:20:INFO: {'type': 'metric', 'label': 'validation_recall', 'epoch': 10, 'value': 0.9814814925193787, 'positive': 53.0, 'total': 54.0}
2022-08-26 Friday 23:32:20:INFO: Epoch: 11
2022-08-26 Friday 23:32:20:INFO: LR: 0.001
2022-08-26 Friday 23:32:25:INFO: {'type': 'metric', 'label': 'training_loss', 'epoch': 11, 'value': 0.018433548205416206, 'sum': 61.60491810250096, 'num_example': 3342}
2022-08-26 Friday 23:32:25:INFO: {'type': 'metric', 'label': 'training_dist_target', 'value': (0.009064454368088799, 0.010577944957303973), 'epoch': 11}
2022-08-26 Friday 23:32:25:INFO: {'type': 'metric', 'label': 'training_acc', 'epoch': 11, 'value': 0.997606223818073, 'num_correct': 3334, 'num_example': 3342}
2022-08-26 Friday 23:32:25:INFO: {'type': 'metric', 'label': 'training_precision', 'epoch': 11, 'value': 0.9970113635063171, 'positive': 1668.0, 'total': 1673.0}
2022-08-26 Friday 23:32:25:INFO: {'type': 'metric', 'label': 'training_recall', 'epoch': 11, 'value': 0.9982046484947205, 'positive': 1668.0, 'total': 1671.0}
2022-08-26 Friday 23:32:25:INFO: {'type': 'metric', 'label': 'validation_loss', 'epoch': 11, 'value': 0.018533039838075638, 'sum': 2.001568302512169, 'num_example': 108}
2022-08-26 Friday 23:32:25:INFO: {'type': 'metric', 'label': 'validation_dist_target', 'value': (0.01312507081914831, 0.013615875332443803), 'epoch': 11}
2022-08-26 Friday 23:32:25:INFO: {'type': 'metric', 'label': 'validation_acc', 'epoch': 11, 'value': 0.9814814814814815, 'num_correct': 106, 'num_example': 108}
2022-08-26 Friday 23:32:25:INFO: {'type': 'metric', 'label': 'validation_precision', 'epoch': 11, 'value': 0.9814814925193787, 'positive': 53.0, 'total': 54.0}
2022-08-26 Friday 23:32:25:INFO: {'type': 'metric', 'label': 'validation_recall', 'epoch': 11, 'value': 0.9814814925193787, 'positive': 53.0, 'total': 54.0}
2022-08-26 Friday 23:32:25:INFO: Epoch: 12
2022-08-26 Friday 23:32:25:INFO: LR: 0.001
2022-08-26 Friday 23:32:30:INFO: {'type': 'metric', 'label': 'training_loss', 'epoch': 12, 'value': 0.011306237332402483, 'sum': 37.7854451648891, 'num_example': 3342}
2022-08-26 Friday 23:32:30:INFO: {'type': 'metric', 'label': 'training_dist_target', 'value': (0.006037549602279115, 0.005351290062185821), 'epoch': 12}
2022-08-26 Friday 23:32:30:INFO: {'type': 'metric', 'label': 'training_acc', 'epoch': 12, 'value': 0.9979054458408139, 'num_correct': 3335, 'num_example': 3342}
2022-08-26 Friday 23:32:30:INFO: {'type': 'metric', 'label': 'training_precision', 'epoch': 12, 'value': 0.9970131516456604, 'positive': 1669.0, 'total': 1674.0}
2022-08-26 Friday 23:32:30:INFO: {'type': 'metric', 'label': 'training_recall', 'epoch': 12, 'value': 0.9988031387329102, 'positive': 1669.0, 'total': 1671.0}
2022-08-26 Friday 23:32:30:INFO: {'type': 'metric', 'label': 'validation_loss', 'epoch': 12, 'value': 0.015038984827697277, 'sum': 1.624210361391306, 'num_example': 108}
2022-08-26 Friday 23:32:30:INFO: {'type': 'metric', 'label': 'validation_dist_target', 'value': (0.010856211185455322, 0.012023189553508052), 'epoch': 12}
2022-08-26 Friday 23:32:30:INFO: {'type': 'metric', 'label': 'validation_acc', 'epoch': 12, 'value': 0.9907407407407407, 'num_correct': 107, 'num_example': 108}
2022-08-26 Friday 23:32:30:INFO: {'type': 'metric', 'label': 'validation_precision', 'epoch': 12, 'value': 1.0, 'positive': 53.0, 'total': 53.0}
2022-08-26 Friday 23:32:30:INFO: {'type': 'metric', 'label': 'validation_recall', 'epoch': 12, 'value': 0.9814814925193787, 'positive': 53.0, 'total': 54.0}
2022-08-26 Friday 23:32:30:INFO: Calculating recall rate: sun2011
2022-08-27 Saturday 00:06:50:INFO: RR calculation - 500 duplicate reports were processed
2022-08-27 Saturday 00:40:31:INFO: RR calculation - 1000 duplicate reports were processed
2022-08-27 Saturday 01:32:53:INFO: RR calculation - 1500 duplicate reports were processed
2022-08-27 Saturday 02:32:26:INFO: RR calculation - 2000 duplicate reports were processed
2022-08-27 Saturday 03:31:54:INFO: RR calculation - 2500 duplicate reports were processed
2022-08-27 Saturday 04:30:28:INFO: RR calculation - 3000 duplicate reports were processed
2022-08-27 Saturday 04:33:53:INFO: [] Throughput: 0.16751724435152768 bugs per second (bugs=3029 ,seconds=18081.72055196762)
2022-08-27 Saturday 04:33:53:INFO: {'type': 'metric', 'label': 'recall_rate', 'k': 1, 'rate': 0.3641465830307032, 'hit': 1103, 'total': 3029, 'epoch': 0}
2022-08-27 Saturday 04:33:53:INFO: {'type': 'metric', 'label': 'recall_rate', 'k': 2, 'rate': 0.464839881148894, 'hit': 1408, 'total': 3029, 'epoch': 0}
2022-08-27 Saturday 04:33:53:INFO: {'type': 'metric', 'label': 'recall_rate', 'k': 3, 'rate': 0.5199735886431165, 'hit': 1575, 'total': 3029, 'epoch': 0}
2022-08-27 Saturday 04:33:53:INFO: {'type': 'metric', 'label': 'recall_rate', 'k': 4, 'rate': 0.5513370749422252, 'hit': 1670, 'total': 3029, 'epoch': 0}
2022-08-27 Saturday 04:33:53:INFO: {'type': 'metric', 'label': 'recall_rate', 'k': 5, 'rate': 0.5879828326180258, 'hit': 1781, 'total': 3029, 'epoch': 0}
2022-08-27 Saturday 04:33:53:INFO: {'type': 'metric', 'label': 'recall_rate', 'k': 6, 'rate': 0.6153846153846154, 'hit': 1864, 'total': 3029, 'epoch': 0}
2022-08-27 Saturday 04:33:53:INFO: {'type': 'metric', 'label': 'recall_rate', 'k': 7, 'rate': 0.6348629910861671, 'hit': 1923, 'total': 3029, 'epoch': 0}
2022-08-27 Saturday 04:33:53:INFO: {'type': 'metric', 'label': 'recall_rate', 'k': 8, 'rate': 0.6474083856058105, 'hit': 1961, 'total': 3029, 'epoch': 0}
2022-08-27 Saturday 04:33:53:INFO: {'type': 'metric', 'label': 'recall_rate', 'k': 9, 'rate': 0.6553317926708485, 'hit': 1985, 'total': 3029, 'epoch': 0}
2022-08-27 Saturday 04:33:53:INFO: {'type': 'metric', 'label': 'recall_rate', 'k': 10, 'rate': 0.6658963354242324, 'hit': 2017, 'total': 3029, 'epoch': 0}
2022-08-27 Saturday 04:33:53:INFO: {'type': 'metric', 'label': 'recall_rate', 'k': 11, 'rate': 0.6728293166061406, 'hit': 2038, 'total': 3029, 'epoch': 0}
2022-08-27 Saturday 04:33:53:INFO: {'type': 'metric', 'label': 'recall_rate', 'k': 12, 'rate': 0.6804225817101354, 'hit': 2061, 'total': 3029, 'epoch': 0}
2022-08-27 Saturday 04:33:53:INFO: {'type': 'metric', 'label': 'recall_rate', 'k': 13, 'rate': 0.6886761307362166, 'hit': 2086, 'total': 3029, 'epoch': 0}
2022-08-27 Saturday 04:33:53:INFO: {'type': 'metric', 'label': 'recall_rate', 'k': 14, 'rate': 0.6936282601518653, 'hit': 2101, 'total': 3029, 'epoch': 0}
2022-08-27 Saturday 04:33:53:INFO: {'type': 'metric', 'label': 'recall_rate', 'k': 15, 'rate': 0.7002310993727303, 'hit': 2121, 'total': 3029, 'epoch': 0}
2022-08-27 Saturday 04:33:53:INFO: {'type': 'metric', 'label': 'recall_rate', 'k': 16, 'rate': 0.703862660944206, 'hit': 2132, 'total': 3029, 'epoch': 0}
2022-08-27 Saturday 04:33:53:INFO: {'type': 'metric', 'label': 'recall_rate', 'k': 17, 'rate': 0.7081545064377682, 'hit': 2145, 'total': 3029, 'epoch': 0}
2022-08-27 Saturday 04:33:53:INFO: {'type': 'metric', 'label': 'recall_rate', 'k': 18, 'rate': 0.7131066358534169, 'hit': 2160, 'total': 3029, 'epoch': 0}
2022-08-27 Saturday 04:33:53:INFO: {'type': 'metric', 'label': 'recall_rate', 'k': 19, 'rate': 0.7193793331132387, 'hit': 2179, 'total': 3029, 'epoch': 0}
2022-08-27 Saturday 04:33:53:INFO: {'type': 'metric', 'label': 'recall_rate', 'k': 20, 'rate': 0.7240013205678442, 'hit': 2193, 'total': 3029, 'epoch': 0}
2022-08-27 Saturday 04:33:53:INFO: {'type': 'metric', 'label': 'MAP', 'value': 0.4663014169898638, 'sum': 1412.4269920622976, 'total': 3029, 'epoch': 0}
2022-08-27 Saturday 04:33:53:INFO: [75, 6, 1, 6, 29, 2, 5, 3177, inf, 132, 72, 1, 6, 5, 1, 51, 9, inf, 8, 4, 19, 2452, 1, 123, 1710, 1, 1, 20, 1, 35, 1, 1, 2, 1, 15, 23, 5, 4, 260, 2, 2, 72, 51, 1, 135, 21, 1, 4, 1, 19, 29, 221, 1, 139, 23, 13, 21, 56, 41, 36, 55, 1, 3, 3, 1, 9, 29, 6, inf, 6, 42, 1, 2, inf, 29, 427, inf, 6, inf, 120, 1, 22, 358, 283, 1, 1, 462, 1, 3, 2394, 31, 68, 130, 630, 1, 1, 4, 1, 244, 236, 3, 101, inf, 2, 1, 1, 18, 3, inf, 1, 1, 150, 10, 3, inf, 170, 1, 3, 1, 1179, 15, 1337, 1, 8, 3, 208, inf, inf, 1, 20, 10, inf, 26, 1, 1, 5, 1, 73, 2, inf, 1, 7, inf, inf, 58, 186, 1, 3, inf, 1, 47, 18, inf, 3, 32, 5, 9, 9240, inf, 104, 2, 16, inf, 90, 7, 1, 53, 1, 30, 3, 89, 26, 3, inf, 1, 5, 36, 77, 2, 1, 1628, 19, 1, 1, inf, 5, 29, 1, 1, 1, inf, 24, 2, 85, 1, 4, inf, 12, 22, 3, 70, 178, 189, 1584, 1, 1, 7, 2, 2, 52, 21, 348, 73, 148, 2, 54, 1, 1, 11, 7, 3, 207, 1, inf, inf, 1, 2, 1, 7, 5, 3, 1060, inf, 100, 3, 27, 1, inf, 2, 1, 1, 1, 1, 1, 3, 1, 1, 9, 1, 308, 6, 1, 2, 1, 1, 12, 44, 74, 2, 11, inf, 79, 1, 550, 41, 1, 2, 2, inf, 10, 6, 5, 5, 5, 1, 1, 2, 6, 23, 10, 441, 4, 35, 1, 185, 1, 3, 80, 105, 9, 45, 21, 1, 6, inf, 19, inf, 64, 5, 2, 734, 22, 2, 11, 76, inf, 53, 1, 19, 2, 49, 4, 24, 7, inf, 1, 152, 4, 1, 3, inf, 20, 2, 64, 8, 1, 1, 11, 6, 781, 1914, 1, 64, 1, 1, 2, 14, 1, 1, 1, 2, 10, 2, 21, inf, 45, 130, inf, 7, 2, 58, 2, 1, 153, 131, 12, inf, 13, 1, 7, inf, 13, inf, 105, 36, 219, 2, 3, 13, 5, 1, 2, 1, inf, 1, 2, 13, 42, 3, 1, 1, 25, inf, 6, inf, inf, 34, 3, 2, 110, 53, 1, 1, 132, inf, inf, 20, 3220, 1, 3905, 1, 1, 860, 34, inf, 7, 5, 81, 54, 21, 46, inf, 6, 1, 71, inf, inf, 4, 139, 58, 1, inf, 17, 26, inf, inf, 270, 44, 4, 11, 40, inf, 820, 66, 2, 2, inf, 1, 2, 18, inf, 5, 7, 5, 2, 112, 165, 38, 308, 1, 43, 28, 1, inf, 1, 1, 5, 2, inf, 1, 1, 1, 8, 1, 132, 39, 15, 31, 14, inf, 7089, 26, 1, 330, 15, 4, 1, 43, 1, 5, 9, 1, 5, 65, inf, inf, 1, 2, 2, 2, 3, 11, 2, 240, 2, 5, 49, 1, 1, 10, inf, 1, 1, 2, 362, 1, 1, 4, 2, 600, 3, 10, 250, 1, inf, 25, 1, 1, 9, inf, 3, 12, 1, 1, inf, inf, 1, 178, 8, 286, inf, 1, 3, inf, 31, 6, inf, 4, 17, 1, 1, 5, 470, 81, 6, 1, inf, 1, 1, 63, 1, 10, 1, 4, 1, 1, 271, 48, 5, 1, 59, 93, 59, 54, 1, 527, 1, 28, 2, 2, 1, 1, 3, 1, 6, 5, 65, 535, 12, 2, 4, 34, 19, 10, 1, 3, 2, 16, 2, 1, 1, 1, 7, 1, 1, inf, 15, 81, 319, 47, 1, 1, 546, 84, 166, 196, 7, 12, 442, 2451, 1, 1, 17, 4, 127, 6, 2, 744, 141, 1, 94, 161, 33, 1, 16, 7, 86, 2, 375, 25, 4, 258, 1, 1, 6, 1, 20, 24, 1, 29, 1, 4, 1, inf, 541, 40, 15, 1, 87, 8, 1, 150, 2252, inf, 476, 88, 7, 1, 5, 29, 8, 2, 1, 1, 1, inf, inf, 6, 37, inf, 1, inf, 1, 1, 18, 1, 1, 1, 1, 3, 15, 4, 682, inf, 8, 2, 2, 1105, 5, 141, 4, 4, 735, 3, 1, 2, 1, 36, 1, 108, 59, 145, 6, 2, 1, 13, 8, 11, 1, 3209, 26, 12, 2, 1, 77, 433, 8, 3, 6, 3, 66, 11, 21, 3, 61, 58, 22, inf, 3, 1, 201, inf, 5, 1, 1, 19, 67, 1, 10, 52, 1, 1, 8, 7, 87, 1, 3, 1, 2, 160, 100, 681, inf, 4, 6, 2, 226, 7, 1, 56, 15, 392, 1, inf, 25, inf, 4, 102, 39, 857, 5, inf, 11, 1, inf, 13, 15, 3, 47, 4, 1, 403, 447, inf, 22, 2, 20, 1, 88, 1, 10, 37, inf, 35, 1, 15, inf, 1, 4, inf, 3, 2, 137, 1, 5, inf, 1, 1831, 18, inf, 22, 1, 114, 19, 51, 3687, 1, 1, 1, 73, 2, 1, 3, 3, 4, 2, 1, 7, 4, 4, 196, 43, 2, 1, 1, 30, inf, 18, 10, 2, 1, 3, 1, 136, 1, 138, 2, 4, 2, 261, 518, 11926, 1, 1, 14, 1, 1, 56, 5, 1, 1, 1, 1, 79, 3, inf, 1, 451, 1, 1, 529, inf, 1, 16, 172, 1, 74, 85, 2, 68, inf, inf, 1395, 1, 99, 31, 1, 12, 2, 13, 23, 4, 28, 1, 14, 550, 45, 3, 1, 73, 22, 30, 11, 106, 244, 2, 1, inf, 1, 39, 2, 5696, inf, 1, 1, 19, 14330, 56, 745, 2, 1, 3, 6, 1, inf, inf, 7, 6, inf, 2, inf, inf, 1, 1, 1, 1, 3, 1, 1, inf, 1, 5, 1, 95, inf, 13, 1, inf, 3, 778, 2, 1, 16, 1, 1, 1, 37, 50, inf, 7, 1, 83, 1, 1, 2688, 6, 2, 9, 6, 1, 1350, 1, 1, 6, 1, 295, 24, inf, 22, 2, 3, 1, 3, inf, 4435, 2, 2, 327, 2, inf, 5, inf, 12, 3, 10, inf, inf, inf, 8, 482, 19, 23, 50, 1, 2, 1, 1, 1, 2, 33, 27, 7, 22, 3, 1, inf, 272, 3, 3, 1, 7, inf, 7, 1, 6, 1, 1, 2, inf, 456, 2, 1, 188, 1, 1, inf, 1, 3, 1, 10, inf, 26, 1, inf, 2, 1, 1, 54, 20, 4, 865, 1, inf, 19, 18, 210, 67, 590, 4, 238, 27, 16, 2, inf, 23, 1, 1, 139, inf, 313, 683, 1, 3, 3, 1005, 2, 2, 1, 140, 1, 2, inf, 157, 1, 1, 3, 5, 1, 133, inf, 1, 51, 1, 2, 1, 1, 2, 1, 1, 2, 1, 2, 2, 1, 1, 1, 1, 1, 1, 1, 1, 1, 1, 1, 1, 2, 2, 1, 1, 1, 1, 10, 2, 8, 3, 1, 1, 1, 15, 1, 27, 3, 18, 2, inf, 45, 7, 1, 11, 1, 1, 3, 1, 1, 1, 2, inf, 1, 1, 1, 7, 1, 1, 1, 1, 1045, 4, 3, 8, 1, 1, 1, 1, 1, inf, inf, 1, 4, 15, 6, 5, 2, 1, 1, 426, 5, 189, 1, 3, 1, 1, 1, 45, 31, 6, 66, 4, 2, inf, 17, 1, 1, 1, 1, 3, 233, 1, 3, 1, 123, 1, 36, 1, 1, 1, 1, 1, 179, inf, 135, 1, 38, 2, 2, 1, 273, 475, 59, 1, 8, 40, 1, 16, 1, 1, 1, 1, 1, 1, 38, 3, 4, 5, 38, 7, inf, 50, 1, 2, 1, 1, 1, 1, 20, 1, 163, 43, 4, 1, 17, 152, 1, 1, 2, 4, 3, 20, 817, 4, 1, 1, 1, 1, 1, 1, 1, 4, 8, 6, 47, 1, 1, 5, 1, 399, 86, 2, 294, 4, 1, 70, 1, 21, 2, 1, inf, 1, 1, 1, inf, 1, 1, inf, 2, 1, 6, 2, 1, 164, 1, 3, 1, 1, 1, 58, 1, 1, 3, 1, 33, 7, 4, 6, 7, 5, 1, 6, 5, 6, 1, 1, 4, 2, 2, 2, 2, 8, 1, 93, 1, 1, 1, 39, 1, 51, 1, 1, 1, 2, 1, 4, 6, inf, 2, 1, 1, 1, 2, 1, 6, 2, 3, 1, 6, 272, 1, 81, 10, 1, 2, 3, 11, 2, 1, 28, 1, 12, 10, 1427, 1, 1, 1249, 1, 1, 1, 14, 30, 1, 12, 1, 1, 34, 1009, 10, inf, 1, 964, 2, 1, 1, 1, 1, 232, 2, 2, 1, 22, 10, 367, 1, 13, 511, 3, 4, 1, 50, 12, 1, 6, 5, 1, 1, 2, 1, 1, 4, 1, 1, 339, 1, 328, 1, 1329, 1, 1, 1, 1, 1, 1, 1, 1, 36, 26, 12, 1, 15, 1, 1, 1, 1, 82, 1, 1, 1, 1, 1, 2, 48, 14, 1, 1, 1, 1, 1, 426, 2, 1, 1, 1, 1, 1, 1, 3, 1, 1, 1, 1, 1, 1, 1, 3, 5, 391, 3, 1270, 1, 1, inf, 3, 41, 1, 4, 1943, 2, 1, 1, 1, 31, 120, 1, 1, 6, 2, 1, 1, 1, 1, 1, 9, 62, 1, 6, 1, 1, 1, 7, 23, 9, 98, 1, 794, 1, 1, 1, 1, 2, 1, 2, 1, 1, 1, 76, 1, 1, 1, 1, 1, 982, 1, 1, 1, 1, 1, 1, 1, 1, 1, 1, 1, 1, 1, 1, 1, 1, 1, 1, 1, 1, 1, 1, 1, 118, 1, 1, 1, 1, 9562, 4, 1, 1, 1, 553, 51, 13, 44, 1, 13, 2, 13, 2, 1, 1, 1, 13, 13, 13, 3, 2, 1, 7, 21, 1, inf, 8, 10, 8, 8, 48, 8, 8, 10, 12, 2, 1, 6, 19, 4, 7, 3, 1, 1, 3, 2, 1, 2, 3, 1, 3, 1, 1, 1, 113, 1, 1, 1, 8, 47, 10, 1, 1, 1, 1, 2, 76, 7, 7, 1, 1, 1, 586, 7, 7, 7, 7, 7, 7, 4, 7, 7, 7, 7, 7, 1, 1, 2, 1, 1, 1, 1, 2, 3, 1, 2, 6, 2, 2, 4, 2, 1, 1, 1, 1, 6, 1, 1, 1, 1, 1, 1, 2, 2, 1, 6, 1, 1, 1, 3, 1, 4, 1, 1, 1, 1, inf, 1, 47, 1, 1, 1, 1, 1, 1, 2, 383, 2, 1, 1, 1, 1, 1, 1, 1, 10, 1, 1, 1, 38, 26, 1, 1, 1, 1, 1, 1, 22, 14, 1, 1, 2, 12, 1, 2, 2, 2, 1, 1, 120, 49, 2, 2, 2, 6, 11, 3, 1, 1, 184, 1, 1, 1, 1, 74, 1, 4, 2, 1, 52, 21, 3, 3, 1, 1, 1, 122, 1, 1, 1, 1, 3, 1, 1, 2, 1, 28, 1, 4, 1, 1, 1, 2, 1, 1, 1, 1, 2, 1, 1, 1, 68, 1, 1, 1, 2, 4, 5, 3, 8, 3, 5, 2, 192, 4, 33, 43, 1, 1, 2, 30, 521, 4, 1, 1, 106, 1, 1, 853, 2, 5, 44, 1, 1, 90, 2, 1, 15, 15, 1, 1, inf, 1, 1, 1, 1, 1, 50, 2, 2, 1, 1, 1, 14, 1, 369, 2, 2, 1, 1, 1, 1, 1, 6, 1, 1, inf, 109, 1, 1, 1, 3, 5, 1, 1, 1, 1, 1, 1, 1, 2, 21, 1, 2, 1, 1, 3, inf, 38, 2, 45, 1, 1, 1, 1, 1, 1, 6, 52, 1, 1, 1, 1, 1, 1, 1, 2, 13, 13, 1, 1, 8, 2, 1, 3, 3, 3, 45, 18, 15, 1, 400, 350, 1, 2, 1, 2, 4, inf, 3, 13, 11, 7, 7, 1, 2, 11, 11, 1, 1, 3, 4, 1, 13, 84, 3, 4, 10, 26, 4, 2, 449, 3, 3, 5, 3, 1, 3, 1, 473, 1, 1, 2, 3, 2, 3, 1, 3, 3, 1, 1, 1, 11, 3, 1, 1, 3, 1, 54, 3, 1, 1, 1, 1, 103, 78, 3, 1, 1, 1, 1, 1, 1, 1, 1, 450, 9, 1, 3, 80, 1, 1, 1, 8, 4, 1, 1, 1, 1, 1, 1, 6, 1, 1, 1, 1, 1, 1, 1, 1, 1, 2, 2, 3, 2, 1, 7, 814, 15, 2, 12, 2, 1, 1, 1, 1, 1, 1, 1, 1, 2, 2, 1, 3, 2, 3, 2, 3, 28, 3, 1, 161, 57, 9, 1, 18, 1, 2, 5, 14, 5, 2, 3, 2, 1, 3, 1, 2, 5, 5, 5, 5, 7, 38, 5, 5, 14, 5, 88, 5, 17, 3, 10, 5, 15, 7, 4, 22, 2, 5, 5, 5, 2, 5, 5, 1, 7725, 1, 9, 3, inf, 1, 6, 3, 3, 1, 6, 34, inf, 2, 1, 1, 272, 514, 1, inf, 1, 2, 57, 93, 2, 4, 3, 1, 1, 4, 3, 76, 4, 2, 1, 5, 169, 6, 2, 32, 1, 1, 1, 513, 1551, 1, 1, 1, 1, 1, 83, 1, 6, 1, 1, 40, 8, 44, 52, 1, inf, 1, 1, 8, 1, 1, 2, 1, 13, 1, 1, 5, 2, 1, 1, 10, 1, 1, 1, 5, 1, 1, 5, 2, 2, 1, 1, 2, 5, 5, 1, 1, 1, 1, 1, 1, 1, 1, 1, 1, 1, 1, 1, 66, 24, 3, 8, 51, 51, 1, 274, 9, 12, 6, 5, 3, 6, 3, 6, 7, 1, 1, 3, 26, 1, 1, 1, 2, 5, 37, 3, 13, 1, 2, 6, 1, 816, 1, 7, 1, 100, 1089, 4, 6, 12, 1, 773, 25, 42, 9, 1, 1, 1, 1, 5, 5, inf, 921, 879, 70, 226, 2, 3, 53, 746, 1, 1, 1, 21, 53, 197, 1, 87, 202, 1, 2, 2, 4, 1, 25, 1, 2, 81, 106, 6, 1, 70, 81, 653, 2, 1, 1, 2, 1, 2, 2, 2, 2, 2, 41, 1, inf, 1, 1, 1, 11, 1, 1, 1, 1, 1, 1, 1, 1, 2, 1, 2, 9, 1, 1, 2, 2, 1, 2, 2, 2, 2, 2, 1, 1, 46, 1, 2, 2, 2, 1, 1, 1, 1, 1, 1, 1, 1, 2, 2, 8, 1, 1, inf, 842, 2, 1, 58, 795, 5, 12, 7, 1, 1, 1, 1, 2, 2, 650, 2, 2, 2, 2, 2, 2, 1, 1, 5, 5, 1, 594, 2, 1, 1, 1, 1, inf, 2, inf, 10, 9, 4, 92, 1, 5, 2, 2, 1, 3, 9, 73, 3, 1, inf, 3, 3, 5, 5, 5, 5, 4, 4, 5, 5, 1, 5, 2, 2, 5, 2, 2, inf, 2, 2, 2, 2, 97, 2, 2, 2, 2, 2, 78, inf, 1, inf, 956, 3, 29, 1, 4, 4, 3, 640, inf, 1, 19, 12, 3, 1, 1, 3, 1, 17, 2, 5, 1, 1, 1, 192, 1, 3, 4, 7, 5, 5, 5, 26, 5, 23, 19, 6, 3, 3, 10, 1, 1, 617, 6, 2, 2, 1, 23, 1, 65, 1, 1, 29, 2, 2, 1, 2, 1, 1, 1, 4, 1, 1, 1, 1, 4, 1, 1, 1, 1, 1, 1, 3, 1, 476, 1, 1, 2, 2, 2, 548, 4, 7, 3, 1, 1, 1, 3, 33, 7, 1, 1, 1, 2, 1, 1, 650, 1, 1, 1, 1, 2041, inf, 961, 1, 8, 1, 3, 1367, 1, 1, 1, 1, 10, 225, 2, 2, 3, 2, 1, 31, 79, 2, 138, 7, 71, 1, 150, 6, 4, 2, 1, 17, 915, 6, 14, 6, 5, 1, 513, 5, 1, 16, 3, 204, 67, 3, 9, 2, 6, 1089, 19, 3, inf, 1, 17, 6, 1, 7, 1, 71, 1, 72, 2, 1, 74, inf, inf, 87, 1, 3, inf, 1, 8, 153, 4, 1, 34, 1, 29, 1, 65, 13, 1, 1, 100, 1, 308, 4, 4, 5, 7, 22, 22, 18, 22, 22, 18, 22, 22, 6, 5, 34, 16, 34, 15, 19, 16, 21, 25, 25, 21, 21, 25, 5, 77, 1, 17, 17, 17, 1, 20, 1, 2, 14, 1, 1, 30, 8, 169, 70, 66, 2, 1, 1, 3, 1, 8, 38, 5, 5, 19, 1124, 6, 5, inf, 3, 2, 4, 1, 1, 2, 48, 44, 47, 1, inf, 3, 2, 1, 1, 2, 1, 5, inf, 132, 1, 5, 5, 5, 1, 81, 1, 1, 2, 1, 3, 2, 1, 1, 34, 2, 42, 1, 1, 321, 2, inf, 202, 1, 1000, 1, 1, 1, 1, 1, 1, 1, 1, 1, 1, 1, 1, 1, 1144, 99, inf, 1, 1, 338, 4, 4, 5, 5, 6, 6, 6, 6, 9, 1, 1, 1, 5, 4, 1, 6, 1, 1, 11, 2, 1, 2, 2, 5, 2, 1, 1, 1, 5, 5, 3, 4, 1, 1114, 1279, 16, 9, 14, 110, 1, 1, 38, 35, 6, 2, 1, 3, 3, 1, 211, 13, 12, 1, 1, 1, 1, inf, 1, 1, 1, 8, 5, 1, 8, 3, 1, 5, 1, 1, 1, inf, 1, 1, 1, 1, 1, 1, 1, 8, 10, 123, 1, 25, 1337, 2, 1, 1, 12, 40, 57, 28, 605, 1, 1, 1, 1, 1, 1, 1, 1, 1, 1, 1, 1, 1, 1, 1, 1, 1, 1, 837, 352, 1, 1, 1, 39, 4, 2, 62, 6, 20, 8, 3, 3, 3, 1, 1, 1, 4, 2, 1, 59, 71, 1, 4, 6, 1, 22, 1, 1, inf, 1, 21, 1, 9, 6, 6, 13, 1, 2, 26, 1, 33, 27, 9, 7, 2, 48, 33, 4, 2, 2, 6, 149, 4, 23, 2, 3, 1, 231, 9, 916, 10, 1, 2, 27, 1, 2, 3, 107, 6, 26, 11, 2, inf, 1121, 2, 4, 1, 342, 18, 94, 379, 20, inf, 501, 3, 599, 1, 1, 1, 1222, 1259, 5, 1, 277, 20, 17, 1, 44, 1, 14, 1064, 1, 988, 6, 19, 15, 1, 1, inf, 12, inf, inf, inf, inf, 2, 35, inf, 2736, 91, 225, 18, 1, 51, 1, inf, 3, 1, inf, inf, 1, inf, 260, 1523, 39, 5, 156, 1, 3, 6, 4, 2, 1630, 1, 61, 56, inf, 1, 59, 1, 19, 27, 10, inf, 2412, inf, 1, 2, 3, 6, inf, 3, 2, 1, 32, 1, 1, 2, 14, 29, 2, 1, 1, 131, 442, 1, 1, 52, 7, 3, 1, 3, 1, 212, 1, 1, 1, 119, 1, 4, 1, 3, 1, 1, 1, 1, 27, 11, 1, 5, 199, 20, 18, 1, 4]
2022-08-27 Saturday 04:33:53:INFO: It completed at: 2022-08-27 04:33:53.443276
2022-08-27 Saturday 04:33:53:INFO: Completed after: 5:02:28.148304
