2022-08-31 Wednesday 21:13:40:INFO: {'bug_database': 'dataset/eclipse-old/eclipse-old_soft_clean.json', 'database_name': 'eclipse-old-sampled-age', 'epochs': 12, 'lr': 0.001, 'l2': 0.0, 'batch_size': 256, 'ranking_batch_size': 512, 'ranking_n_workers': 2, 'cuda': True, 'cache_folder': None, 'pairs_training': 'dataset/eclipse-old/sampled_training_split_eclipse-old_pairs_random_1.txt', 'pairs_validation': 'dataset/eclipse-old/sampled_validation_eclipse-old_pairs_random_1.txt', 'neg_pair_generator': {'type': 'none', 'training': None, 'rate': 1, 'pre_list_file': None, 'k': 0, 'n_tries': 0, 'preselected_length': None, 'random_anchor': True}, 'loss': 'bce', 'margin': 0, 'categorical': {'lexicons': 'dataset/eclipse-old/categorical_lexicons.json', 'bn_last_layer': False, 'emb_size': 20, 'hidden_sizes': [40], 'dropout': 0.0, 'activation': 'relu', 'batch_normalization': False, 'layer_norm': False}, 'compare_aggregation': {'word_embedding': 'word_embedding/eclipse-old/glove_42B_300d_eclipse-old.npy', 'norm_word_embedding': False, 'lexicon': 'word_embedding/eclipse-old/glove_42B_300d_eclipse-old.lxc', 'sent_representation': None, 'tokenizer': 'white_space', 'bow': False, 'frequency': False, 'extractor': {'update_embedding': False, 'filters': ['TransformLowerCaseFilter'], 'hidden_size': 150, 'dropout': 0.0, 'layer_norm': False, 'txt_field_emb_size': 5, 'field_word_combination': 'cat', 'emb_dropout': 0.0, 'scaled_attention': True, 'model': 'linear', 'use_categorical': False, 'bidirectional': True}, 'matching': {'type': 'full', 'scaled_attention': True, 'comparison_hidden_size': 100, 'dropout': 0.0, 'residual': True, 'layer_norm': False, 'attention_hidden_size': 200, 'attention': 'dot_product', 'comparison_func': 'submult+nn'}, 'aggregate': {'model': 'lstm', 'window': [3, 4, 5], 'nfilters': 100, 'hidden_size': 150, 'dropout': 0.0, 'bidirectional': True, 'num_layers': 1, 'self_att_hidden': 50, 'layer_norm': False, 'n_hops': 20}, 'classifier': {'hidden_size': [300], 'output_act': 'sigmoid', 'hadamard_diff_textual': True, 'hadamard_diff_categorical': True, 'textual_hidden_layer': 600, 'categorical_hidden_layer': 40, 'categorical_dropout': 0.0, 'dropout': 0.0, 'only_candidate': False, 'layer_norm': False, 'batch_normalization': False}}, 'random_switch': True, 'recall_estimation_train': None, 'recall_estimation': None, 'sample_size_rr_tr': 0, 'sample_size_rr_val': 0, 'rr_val_epoch': 100, 'rr_train_epoch': 100, 'ranking_result_file': None, 'optimizer': 'adam', 'lr_scheduler': None, 'save': None, 'save_by_epoch': None, 'load': None, 'recall_rate': {'type': 'sun2011', 'dataset': 'dataset/eclipse-old/test_eclipse-old.txt', 'result_file': None, 'group_by_master': True, 'window': 365}, 'pair_test_dataset': None, 'rep': {'model': None, 'input': None, 'training': None, 'rate': 1, 'neg_training': 10000, 'k': 1000}, 'rr_scorer': 'general', 'seed': 686521860}
2022-08-31 Wednesday 21:13:40:INFO: It started at: 2022-08-31 21:13:40.368507
2022-08-31 Wednesday 21:13:42:INFO: Turning CUDA on
2022-08-31 Wednesday 21:13:42:INFO: Using Categorical Information.
2022-08-31 Wednesday 21:13:42:INFO: Lexicon size: 47070
2022-08-31 Wednesday 21:13:42:INFO: Word Embedding size: 300
2022-08-31 Wednesday 21:13:42:INFO: Use white space tokenizer to tokenize summary information
2022-08-31 Wednesday 21:13:42:INFO: BoW=False and TF=False
2022-08-31 Wednesday 21:13:42:INFO: Using Summary and Description information.
2022-08-31 Wednesday 21:13:42:INFO: Using BCE Loss: margin=0
2022-08-31 Wednesday 21:13:45:INFO: Not generate dynamically the negative examples.
2022-08-31 Wednesday 21:13:45:INFO: Training size: 3342
2022-08-31 Wednesday 21:13:45:INFO: Validation size: 108
2022-08-31 Wednesday 21:13:45:INFO: Adam
2022-08-31 Wednesday 21:13:45:INFO: Scheduler: Constant
2022-08-31 Wednesday 21:13:45:INFO: Epoch: 1
2022-08-31 Wednesday 21:13:45:INFO: LR: 0.001
2022-08-31 Wednesday 21:13:50:INFO: {'type': 'metric', 'label': 'training_loss', 'epoch': 1, 'value': 0.6152825723733822, 'sum': 2056.2743568718433, 'num_example': 3342}
2022-08-31 Wednesday 21:13:50:INFO: {'type': 'metric', 'label': 'training_dist_target', 'value': (0.4520093337423712, 0.43029118597257787), 'epoch': 1}
2022-08-31 Wednesday 21:13:50:INFO: {'type': 'metric', 'label': 'training_acc', 'epoch': 1, 'value': 0.6588868940754039, 'num_correct': 2202, 'num_example': 3342}
2022-08-31 Wednesday 21:13:50:INFO: {'type': 'metric', 'label': 'training_precision', 'epoch': 1, 'value': 0.6600361466407776, 'positive': 1095.0, 'total': 1659.0}
2022-08-31 Wednesday 21:13:50:INFO: {'type': 'metric', 'label': 'training_recall', 'epoch': 1, 'value': 0.6552962064743042, 'positive': 1095.0, 'total': 1671.0}
2022-08-31 Wednesday 21:13:51:INFO: {'type': 'metric', 'label': 'validation_loss', 'epoch': 1, 'value': 0.3696407377719879, 'sum': 39.921199679374695, 'num_example': 108}
2022-08-31 Wednesday 21:13:51:INFO: {'type': 'metric', 'label': 'validation_dist_target', 'value': (0.2330673888877586, 0.2343030152497468), 'epoch': 1}
2022-08-31 Wednesday 21:13:51:INFO: {'type': 'metric', 'label': 'validation_acc', 'epoch': 1, 'value': 0.8518518518518519, 'num_correct': 92, 'num_example': 108}
2022-08-31 Wednesday 21:13:51:INFO: {'type': 'metric', 'label': 'validation_precision', 'epoch': 1, 'value': 0.8518518805503845, 'positive': 46.0, 'total': 54.0}
2022-08-31 Wednesday 21:13:51:INFO: {'type': 'metric', 'label': 'validation_recall', 'epoch': 1, 'value': 0.8518518805503845, 'positive': 46.0, 'total': 54.0}
2022-08-31 Wednesday 21:13:51:INFO: Epoch: 2
2022-08-31 Wednesday 21:13:51:INFO: LR: 0.001
2022-08-31 Wednesday 21:13:56:INFO: {'type': 'metric', 'label': 'training_loss', 'epoch': 2, 'value': 0.3725474413678291, 'sum': 1245.0535490512848, 'num_example': 3342}
2022-08-31 Wednesday 21:13:56:INFO: {'type': 'metric', 'label': 'training_dist_target', 'value': (0.24117649279262832, 0.20715262356951591), 'epoch': 2}
2022-08-31 Wednesday 21:13:56:INFO: {'type': 'metric', 'label': 'training_acc', 'epoch': 2, 'value': 0.8479952124476361, 'num_correct': 2834, 'num_example': 3342}
2022-08-31 Wednesday 21:13:56:INFO: {'type': 'metric', 'label': 'training_precision', 'epoch': 2, 'value': 0.8526379466056824, 'positive': 1406.0, 'total': 1649.0}
2022-08-31 Wednesday 21:13:56:INFO: {'type': 'metric', 'label': 'training_recall', 'epoch': 2, 'value': 0.8414123058319092, 'positive': 1406.0, 'total': 1671.0}
2022-08-31 Wednesday 21:13:56:INFO: {'type': 'metric', 'label': 'validation_loss', 'epoch': 2, 'value': 0.31885311007499695, 'sum': 34.43613588809967, 'num_example': 108}
2022-08-31 Wednesday 21:13:56:INFO: {'type': 'metric', 'label': 'validation_dist_target', 'value': (0.08153923352559407, 0.3462021439163773), 'epoch': 2}
2022-08-31 Wednesday 21:13:56:INFO: {'type': 'metric', 'label': 'validation_acc', 'epoch': 2, 'value': 0.8518518518518519, 'num_correct': 92, 'num_example': 108}
2022-08-31 Wednesday 21:13:56:INFO: {'type': 'metric', 'label': 'validation_precision', 'epoch': 2, 'value': 1.0, 'positive': 38.0, 'total': 38.0}
2022-08-31 Wednesday 21:13:56:INFO: {'type': 'metric', 'label': 'validation_recall', 'epoch': 2, 'value': 0.7037037014961243, 'positive': 38.0, 'total': 54.0}
2022-08-31 Wednesday 21:13:56:INFO: Epoch: 3
2022-08-31 Wednesday 21:13:56:INFO: LR: 0.001
2022-08-31 Wednesday 21:14:01:INFO: {'type': 'metric', 'label': 'training_loss', 'epoch': 3, 'value': 0.2614081509005588, 'sum': 873.6260403096676, 'num_example': 3342}
2022-08-31 Wednesday 21:14:01:INFO: {'type': 'metric', 'label': 'training_dist_target', 'value': (0.14325118034560833, 0.18128685677286965), 'epoch': 3}
2022-08-31 Wednesday 21:14:01:INFO: {'type': 'metric', 'label': 'training_acc', 'epoch': 3, 'value': 0.8970676241771395, 'num_correct': 2998, 'num_example': 3342}
2022-08-31 Wednesday 21:14:01:INFO: {'type': 'metric', 'label': 'training_precision', 'epoch': 3, 'value': 0.9261400103569031, 'positive': 1442.0, 'total': 1557.0}
2022-08-31 Wednesday 21:14:01:INFO: {'type': 'metric', 'label': 'training_recall', 'epoch': 3, 'value': 0.8629562854766846, 'positive': 1442.0, 'total': 1671.0}
2022-08-31 Wednesday 21:14:01:INFO: {'type': 'metric', 'label': 'validation_loss', 'epoch': 3, 'value': 0.13205142319202423, 'sum': 14.261553704738617, 'num_example': 108}
2022-08-31 Wednesday 21:14:01:INFO: {'type': 'metric', 'label': 'validation_dist_target', 'value': (0.03925702306959364, 0.15705530731766312), 'epoch': 3}
2022-08-31 Wednesday 21:14:01:INFO: {'type': 'metric', 'label': 'validation_acc', 'epoch': 3, 'value': 0.9444444444444444, 'num_correct': 102, 'num_example': 108}
2022-08-31 Wednesday 21:14:01:INFO: {'type': 'metric', 'label': 'validation_precision', 'epoch': 3, 'value': 1.0, 'positive': 48.0, 'total': 48.0}
2022-08-31 Wednesday 21:14:01:INFO: {'type': 'metric', 'label': 'validation_recall', 'epoch': 3, 'value': 0.8888888955116272, 'positive': 48.0, 'total': 54.0}
2022-08-31 Wednesday 21:14:01:INFO: Epoch: 4
2022-08-31 Wednesday 21:14:01:INFO: LR: 0.001
2022-08-31 Wednesday 21:14:06:INFO: {'type': 'metric', 'label': 'training_loss', 'epoch': 4, 'value': 0.16006475141275292, 'sum': 534.9363992214203, 'num_example': 3342}
2022-08-31 Wednesday 21:14:06:INFO: {'type': 'metric', 'label': 'training_dist_target', 'value': (0.09802972906581803, 0.08555684183829562), 'epoch': 4}
2022-08-31 Wednesday 21:14:06:INFO: {'type': 'metric', 'label': 'training_acc', 'epoch': 4, 'value': 0.9395571514063435, 'num_correct': 3140, 'num_example': 3342}
2022-08-31 Wednesday 21:14:06:INFO: {'type': 'metric', 'label': 'training_precision', 'epoch': 4, 'value': 0.9390316605567932, 'positive': 1571.0, 'total': 1673.0}
2022-08-31 Wednesday 21:14:06:INFO: {'type': 'metric', 'label': 'training_recall', 'epoch': 4, 'value': 0.940155565738678, 'positive': 1571.0, 'total': 1671.0}
2022-08-31 Wednesday 21:14:06:INFO: {'type': 'metric', 'label': 'validation_loss', 'epoch': 4, 'value': 0.059981707483530045, 'sum': 6.478024408221245, 'num_example': 108}
2022-08-31 Wednesday 21:14:06:INFO: {'type': 'metric', 'label': 'validation_dist_target', 'value': (0.031683871039637816, 0.06989248593648274), 'epoch': 4}
2022-08-31 Wednesday 21:14:06:INFO: {'type': 'metric', 'label': 'validation_acc', 'epoch': 4, 'value': 0.9814814814814815, 'num_correct': 106, 'num_example': 108}
2022-08-31 Wednesday 21:14:06:INFO: {'type': 'metric', 'label': 'validation_precision', 'epoch': 4, 'value': 1.0, 'positive': 52.0, 'total': 52.0}
2022-08-31 Wednesday 21:14:06:INFO: {'type': 'metric', 'label': 'validation_recall', 'epoch': 4, 'value': 0.9629629850387573, 'positive': 52.0, 'total': 54.0}
2022-08-31 Wednesday 21:14:06:INFO: Epoch: 5
2022-08-31 Wednesday 21:14:06:INFO: LR: 0.001
2022-08-31 Wednesday 21:14:11:INFO: {'type': 'metric', 'label': 'training_loss', 'epoch': 5, 'value': 0.12109952232059713, 'sum': 404.7146035954356, 'num_example': 3342}
2022-08-31 Wednesday 21:14:11:INFO: {'type': 'metric', 'label': 'training_dist_target', 'value': (0.06659363239406113, 0.08208882266500622), 'epoch': 5}
2022-08-31 Wednesday 21:14:11:INFO: {'type': 'metric', 'label': 'training_acc', 'epoch': 5, 'value': 0.9551166965888689, 'num_correct': 3192, 'num_example': 3342}
2022-08-31 Wednesday 21:14:11:INFO: {'type': 'metric', 'label': 'training_precision', 'epoch': 5, 'value': 0.960629940032959, 'positive': 1586.0, 'total': 1651.0}
2022-08-31 Wednesday 21:14:11:INFO: {'type': 'metric', 'label': 'training_recall', 'epoch': 5, 'value': 0.9491322636604309, 'positive': 1586.0, 'total': 1671.0}
2022-08-31 Wednesday 21:14:11:INFO: {'type': 'metric', 'label': 'validation_loss', 'epoch': 5, 'value': 0.038402408361434937, 'sum': 4.147460103034973, 'num_example': 108}
2022-08-31 Wednesday 21:14:11:INFO: {'type': 'metric', 'label': 'validation_dist_target', 'value': (0.03538867058577361, 0.023970804832599783), 'epoch': 5}
2022-08-31 Wednesday 21:14:11:INFO: {'type': 'metric', 'label': 'validation_acc', 'epoch': 5, 'value': 0.9907407407407407, 'num_correct': 107, 'num_example': 108}
2022-08-31 Wednesday 21:14:11:INFO: {'type': 'metric', 'label': 'validation_precision', 'epoch': 5, 'value': 0.9818181991577148, 'positive': 54.0, 'total': 55.0}
2022-08-31 Wednesday 21:14:11:INFO: {'type': 'metric', 'label': 'validation_recall', 'epoch': 5, 'value': 1.0, 'positive': 54.0, 'total': 54.0}
2022-08-31 Wednesday 21:14:11:INFO: Epoch: 6
2022-08-31 Wednesday 21:14:11:INFO: LR: 0.001
2022-08-31 Wednesday 21:14:16:INFO: {'type': 'metric', 'label': 'training_loss', 'epoch': 6, 'value': 0.09743345062009308, 'sum': 325.6225919723511, 'num_example': 3342}
2022-08-31 Wednesday 21:14:16:INFO: {'type': 'metric', 'label': 'training_dist_target', 'value': (0.051886449831040196, 0.05095932556439987), 'epoch': 6}
2022-08-31 Wednesday 21:14:16:INFO: {'type': 'metric', 'label': 'training_acc', 'epoch': 6, 'value': 0.964392579293836, 'num_correct': 3223, 'num_example': 3342}
2022-08-31 Wednesday 21:14:16:INFO: {'type': 'metric', 'label': 'training_precision', 'epoch': 6, 'value': 0.9641148447990417, 'positive': 1612.0, 'total': 1672.0}
2022-08-31 Wednesday 21:14:16:INFO: {'type': 'metric', 'label': 'training_recall', 'epoch': 6, 'value': 0.9646918177604675, 'positive': 1612.0, 'total': 1671.0}
2022-08-31 Wednesday 21:14:16:INFO: {'type': 'metric', 'label': 'validation_loss', 'epoch': 6, 'value': 0.054219625890254974, 'sum': 5.855719596147537, 'num_example': 108}
2022-08-31 Wednesday 21:14:16:INFO: {'type': 'metric', 'label': 'validation_dist_target', 'value': (0.06538253360324436, 0.010268598794937134), 'epoch': 6}
2022-08-31 Wednesday 21:14:16:INFO: {'type': 'metric', 'label': 'validation_acc', 'epoch': 6, 'value': 0.9814814814814815, 'num_correct': 106, 'num_example': 108}
2022-08-31 Wednesday 21:14:16:INFO: {'type': 'metric', 'label': 'validation_precision', 'epoch': 6, 'value': 0.9642857313156128, 'positive': 54.0, 'total': 56.0}
2022-08-31 Wednesday 21:14:16:INFO: {'type': 'metric', 'label': 'validation_recall', 'epoch': 6, 'value': 1.0, 'positive': 54.0, 'total': 54.0}
2022-08-31 Wednesday 21:14:16:INFO: Epoch: 7
2022-08-31 Wednesday 21:14:16:INFO: LR: 0.001
2022-08-31 Wednesday 21:14:21:INFO: {'type': 'metric', 'label': 'training_loss', 'epoch': 7, 'value': 0.1107932271793672, 'sum': 370.27096523344517, 'num_example': 3342}
2022-08-31 Wednesday 21:14:21:INFO: {'type': 'metric', 'label': 'training_dist_target', 'value': (0.07856310100558274, 0.05613569632609543), 'epoch': 7}
2022-08-31 Wednesday 21:14:21:INFO: {'type': 'metric', 'label': 'training_acc', 'epoch': 7, 'value': 0.9602034709754638, 'num_correct': 3209, 'num_example': 3342}
2022-08-31 Wednesday 21:14:21:INFO: {'type': 'metric', 'label': 'training_precision', 'epoch': 7, 'value': 0.9518213868141174, 'positive': 1620.0, 'total': 1702.0}
2022-08-31 Wednesday 21:14:21:INFO: {'type': 'metric', 'label': 'training_recall', 'epoch': 7, 'value': 0.9694793820381165, 'positive': 1620.0, 'total': 1671.0}
2022-08-31 Wednesday 21:14:21:INFO: {'type': 'metric', 'label': 'validation_loss', 'epoch': 7, 'value': 0.03569340333342552, 'sum': 3.8548875600099564, 'num_example': 108}
2022-08-31 Wednesday 21:14:21:INFO: {'type': 'metric', 'label': 'validation_dist_target', 'value': (0.016469503994341248, 0.04505802966930248), 'epoch': 7}
2022-08-31 Wednesday 21:14:21:INFO: {'type': 'metric', 'label': 'validation_acc', 'epoch': 7, 'value': 0.9907407407407407, 'num_correct': 107, 'num_example': 108}
2022-08-31 Wednesday 21:14:21:INFO: {'type': 'metric', 'label': 'validation_precision', 'epoch': 7, 'value': 1.0, 'positive': 53.0, 'total': 53.0}
2022-08-31 Wednesday 21:14:21:INFO: {'type': 'metric', 'label': 'validation_recall', 'epoch': 7, 'value': 0.9814814925193787, 'positive': 53.0, 'total': 54.0}
2022-08-31 Wednesday 21:14:21:INFO: Epoch: 8
2022-08-31 Wednesday 21:14:21:INFO: LR: 0.001
2022-08-31 Wednesday 21:14:26:INFO: {'type': 'metric', 'label': 'training_loss', 'epoch': 8, 'value': 0.07738533988030698, 'sum': 258.6218058799859, 'num_example': 3342}
2022-08-31 Wednesday 21:14:26:INFO: {'type': 'metric', 'label': 'training_dist_target', 'value': (0.04206212528188167, 0.0478415277673412), 'epoch': 8}
2022-08-31 Wednesday 21:14:26:INFO: {'type': 'metric', 'label': 'training_acc', 'epoch': 8, 'value': 0.9745661280670257, 'num_correct': 3257, 'num_example': 3342}
2022-08-31 Wednesday 21:14:26:INFO: {'type': 'metric', 'label': 'training_precision', 'epoch': 8, 'value': 0.9788647294044495, 'positive': 1621.0, 'total': 1656.0}
2022-08-31 Wednesday 21:14:26:INFO: {'type': 'metric', 'label': 'training_recall', 'epoch': 8, 'value': 0.9700778126716614, 'positive': 1621.0, 'total': 1671.0}
2022-08-31 Wednesday 21:14:26:INFO: {'type': 'metric', 'label': 'validation_loss', 'epoch': 8, 'value': 0.041472118347883224, 'sum': 4.478988781571388, 'num_example': 108}
2022-08-31 Wednesday 21:14:26:INFO: {'type': 'metric', 'label': 'validation_dist_target', 'value': (0.005153758106408296, 0.053813263222023296), 'epoch': 8}
2022-08-31 Wednesday 21:14:26:INFO: {'type': 'metric', 'label': 'validation_acc', 'epoch': 8, 'value': 0.9814814814814815, 'num_correct': 106, 'num_example': 108}
2022-08-31 Wednesday 21:14:26:INFO: {'type': 'metric', 'label': 'validation_precision', 'epoch': 8, 'value': 1.0, 'positive': 52.0, 'total': 52.0}
2022-08-31 Wednesday 21:14:26:INFO: {'type': 'metric', 'label': 'validation_recall', 'epoch': 8, 'value': 0.9629629850387573, 'positive': 52.0, 'total': 54.0}
2022-08-31 Wednesday 21:14:26:INFO: Epoch: 9
2022-08-31 Wednesday 21:14:26:INFO: LR: 0.001
2022-08-31 Wednesday 21:14:31:INFO: {'type': 'metric', 'label': 'training_loss', 'epoch': 9, 'value': 0.0577559917251162, 'sum': 193.02052434533834, 'num_example': 3342}
2022-08-31 Wednesday 21:14:31:INFO: {'type': 'metric', 'label': 'training_dist_target', 'value': (0.02802015173085645, 0.03533180608212912), 'epoch': 9}
2022-08-31 Wednesday 21:14:31:INFO: {'type': 'metric', 'label': 'training_acc', 'epoch': 9, 'value': 0.9826451226810293, 'num_correct': 3284, 'num_example': 3342}
2022-08-31 Wednesday 21:14:31:INFO: {'type': 'metric', 'label': 'training_precision', 'epoch': 9, 'value': 0.9861361980438232, 'positive': 1636.0, 'total': 1659.0}
2022-08-31 Wednesday 21:14:31:INFO: {'type': 'metric', 'label': 'training_recall', 'epoch': 9, 'value': 0.9790544509887695, 'positive': 1636.0, 'total': 1671.0}
2022-08-31 Wednesday 21:14:31:INFO: {'type': 'metric', 'label': 'validation_loss', 'epoch': 9, 'value': 0.025617249310016632, 'sum': 2.7666629254817963, 'num_example': 108}
2022-08-31 Wednesday 21:14:31:INFO: {'type': 'metric', 'label': 'validation_dist_target', 'value': (0.022023404086077655, 0.013432465217731617), 'epoch': 9}
2022-08-31 Wednesday 21:14:31:INFO: {'type': 'metric', 'label': 'validation_acc', 'epoch': 9, 'value': 0.9907407407407407, 'num_correct': 107, 'num_example': 108}
2022-08-31 Wednesday 21:14:31:INFO: {'type': 'metric', 'label': 'validation_precision', 'epoch': 9, 'value': 0.9818181991577148, 'positive': 54.0, 'total': 55.0}
2022-08-31 Wednesday 21:14:31:INFO: {'type': 'metric', 'label': 'validation_recall', 'epoch': 9, 'value': 1.0, 'positive': 54.0, 'total': 54.0}
2022-08-31 Wednesday 21:14:31:INFO: Epoch: 10
2022-08-31 Wednesday 21:14:31:INFO: LR: 0.001
2022-08-31 Wednesday 21:14:36:INFO: {'type': 'metric', 'label': 'training_loss', 'epoch': 10, 'value': 0.044034862013579416, 'sum': 147.1645088493824, 'num_example': 3342}
2022-08-31 Wednesday 21:14:36:INFO: {'type': 'metric', 'label': 'training_dist_target', 'value': (0.02652111788626419, 0.021297930065990563), 'epoch': 10}
2022-08-31 Wednesday 21:14:36:INFO: {'type': 'metric', 'label': 'training_acc', 'epoch': 10, 'value': 0.9868342309994016, 'num_correct': 3298, 'num_example': 3342}
2022-08-31 Wednesday 21:14:36:INFO: {'type': 'metric', 'label': 'training_precision', 'epoch': 10, 'value': 0.984514594078064, 'positive': 1653.0, 'total': 1679.0}
2022-08-31 Wednesday 21:14:36:INFO: {'type': 'metric', 'label': 'training_recall', 'epoch': 10, 'value': 0.9892280101776123, 'positive': 1653.0, 'total': 1671.0}
2022-08-31 Wednesday 21:14:36:INFO: {'type': 'metric', 'label': 'validation_loss', 'epoch': 10, 'value': 0.04081286862492561, 'sum': 4.407789811491966, 'num_example': 108}
2022-08-31 Wednesday 21:14:36:INFO: {'type': 'metric', 'label': 'validation_dist_target', 'value': (0.0057499392165078055, 0.0481251698953134), 'epoch': 10}
2022-08-31 Wednesday 21:14:36:INFO: {'type': 'metric', 'label': 'validation_acc', 'epoch': 10, 'value': 0.9814814814814815, 'num_correct': 106, 'num_example': 108}
2022-08-31 Wednesday 21:14:36:INFO: {'type': 'metric', 'label': 'validation_precision', 'epoch': 10, 'value': 1.0, 'positive': 52.0, 'total': 52.0}
2022-08-31 Wednesday 21:14:36:INFO: {'type': 'metric', 'label': 'validation_recall', 'epoch': 10, 'value': 0.9629629850387573, 'positive': 52.0, 'total': 54.0}
2022-08-31 Wednesday 21:14:36:INFO: Epoch: 11
2022-08-31 Wednesday 21:14:36:INFO: LR: 0.001
2022-08-31 Wednesday 21:14:41:INFO: {'type': 'metric', 'label': 'training_loss', 'epoch': 11, 'value': 0.05961072275552727, 'sum': 199.21903544897214, 'num_example': 3342}
2022-08-31 Wednesday 21:14:41:INFO: {'type': 'metric', 'label': 'training_dist_target', 'value': (0.02382114960771346, 0.0415326444279427), 'epoch': 11}
2022-08-31 Wednesday 21:14:41:INFO: {'type': 'metric', 'label': 'training_acc', 'epoch': 11, 'value': 0.9763614602034709, 'num_correct': 3263, 'num_example': 3342}
2022-08-31 Wednesday 21:14:41:INFO: {'type': 'metric', 'label': 'training_precision', 'epoch': 11, 'value': 0.981840193271637, 'positive': 1622.0, 'total': 1652.0}
2022-08-31 Wednesday 21:14:41:INFO: {'type': 'metric', 'label': 'training_recall', 'epoch': 11, 'value': 0.9706762433052063, 'positive': 1622.0, 'total': 1671.0}
2022-08-31 Wednesday 21:14:41:INFO: {'type': 'metric', 'label': 'validation_loss', 'epoch': 11, 'value': 0.039100416004657745, 'sum': 4.2228449285030365, 'num_example': 108}
2022-08-31 Wednesday 21:14:41:INFO: {'type': 'metric', 'label': 'validation_dist_target', 'value': (0.026798380745781794, 0.007324926279209278), 'epoch': 11}
2022-08-31 Wednesday 21:14:41:INFO: {'type': 'metric', 'label': 'validation_acc', 'epoch': 11, 'value': 0.9907407407407407, 'num_correct': 107, 'num_example': 108}
2022-08-31 Wednesday 21:14:41:INFO: {'type': 'metric', 'label': 'validation_precision', 'epoch': 11, 'value': 0.9818181991577148, 'positive': 54.0, 'total': 55.0}
2022-08-31 Wednesday 21:14:41:INFO: {'type': 'metric', 'label': 'validation_recall', 'epoch': 11, 'value': 1.0, 'positive': 54.0, 'total': 54.0}
2022-08-31 Wednesday 21:14:41:INFO: Epoch: 12
2022-08-31 Wednesday 21:14:41:INFO: LR: 0.001
2022-08-31 Wednesday 21:14:46:INFO: {'type': 'metric', 'label': 'training_loss', 'epoch': 12, 'value': 0.035307018327679185, 'sum': 117.99605525110383, 'num_example': 3342}
2022-08-31 Wednesday 21:14:46:INFO: {'type': 'metric', 'label': 'training_dist_target', 'value': (0.024538753647022817, 0.018875998875682472), 'epoch': 12}
2022-08-31 Wednesday 21:14:46:INFO: {'type': 'metric', 'label': 'training_acc', 'epoch': 12, 'value': 0.9913225613405147, 'num_correct': 3313, 'num_example': 3342}
2022-08-31 Wednesday 21:14:46:INFO: {'type': 'metric', 'label': 'training_precision', 'epoch': 12, 'value': 0.9898567795753479, 'positive': 1659.0, 'total': 1676.0}
2022-08-31 Wednesday 21:14:46:INFO: {'type': 'metric', 'label': 'training_recall', 'epoch': 12, 'value': 0.9928186535835266, 'positive': 1659.0, 'total': 1671.0}
2022-08-31 Wednesday 21:14:46:INFO: {'type': 'metric', 'label': 'validation_loss', 'epoch': 12, 'value': 0.04204680398106575, 'sum': 4.541054829955101, 'num_example': 108}
2022-08-31 Wednesday 21:14:46:INFO: {'type': 'metric', 'label': 'validation_dist_target', 'value': (0.025298970716970938, 0.007730305194854736), 'epoch': 12}
2022-08-31 Wednesday 21:14:46:INFO: {'type': 'metric', 'label': 'validation_acc', 'epoch': 12, 'value': 0.9907407407407407, 'num_correct': 107, 'num_example': 108}
2022-08-31 Wednesday 21:14:46:INFO: {'type': 'metric', 'label': 'validation_precision', 'epoch': 12, 'value': 0.9818181991577148, 'positive': 54.0, 'total': 55.0}
2022-08-31 Wednesday 21:14:46:INFO: {'type': 'metric', 'label': 'validation_recall', 'epoch': 12, 'value': 1.0, 'positive': 54.0, 'total': 54.0}
2022-08-31 Wednesday 21:14:46:INFO: Calculating recall rate: sun2011
2022-08-31 Wednesday 21:47:15:INFO: RR calculation - 500 duplicate reports were processed
2022-08-31 Wednesday 22:19:11:INFO: RR calculation - 1000 duplicate reports were processed
2022-08-31 Wednesday 23:08:16:INFO: RR calculation - 1500 duplicate reports were processed
2022-09-01 Thursday 00:05:46:INFO: RR calculation - 2000 duplicate reports were processed
2022-09-01 Thursday 01:02:49:INFO: RR calculation - 2500 duplicate reports were processed
2022-09-01 Thursday 01:57:29:INFO: RR calculation - 3000 duplicate reports were processed
2022-09-01 Thursday 02:00:47:INFO: [] Throughput: 0.17652217024892558 bugs per second (bugs=3029 ,seconds=17159.317697763443)
2022-09-01 Thursday 02:00:47:INFO: {'type': 'metric', 'label': 'recall_rate', 'k': 1, 'rate': 0.3648068669527897, 'hit': 1105, 'total': 3029, 'epoch': 0}
2022-09-01 Thursday 02:00:47:INFO: {'type': 'metric', 'label': 'recall_rate', 'k': 2, 'rate': 0.47111257840871573, 'hit': 1427, 'total': 3029, 'epoch': 0}
2022-09-01 Thursday 02:00:47:INFO: {'type': 'metric', 'label': 'recall_rate', 'k': 3, 'rate': 0.5275668537471112, 'hit': 1598, 'total': 3029, 'epoch': 0}
2022-09-01 Thursday 02:00:47:INFO: {'type': 'metric', 'label': 'recall_rate', 'k': 4, 'rate': 0.5599207659293496, 'hit': 1696, 'total': 3029, 'epoch': 0}
2022-09-01 Thursday 02:00:47:INFO: {'type': 'metric', 'label': 'recall_rate', 'k': 5, 'rate': 0.588312974579069, 'hit': 1782, 'total': 3029, 'epoch': 0}
2022-09-01 Thursday 02:00:47:INFO: {'type': 'metric', 'label': 'recall_rate', 'k': 6, 'rate': 0.6077913502806207, 'hit': 1841, 'total': 3029, 'epoch': 0}
2022-09-01 Thursday 02:00:47:INFO: {'type': 'metric', 'label': 'recall_rate', 'k': 7, 'rate': 0.6209970287223506, 'hit': 1881, 'total': 3029, 'epoch': 0}
2022-09-01 Thursday 02:00:47:INFO: {'type': 'metric', 'label': 'recall_rate', 'k': 8, 'rate': 0.6325519973588644, 'hit': 1916, 'total': 3029, 'epoch': 0}
2022-09-01 Thursday 02:00:47:INFO: {'type': 'metric', 'label': 'recall_rate', 'k': 9, 'rate': 0.645427533839551, 'hit': 1955, 'total': 3029, 'epoch': 0}
2022-09-01 Thursday 02:00:47:INFO: {'type': 'metric', 'label': 'recall_rate', 'k': 10, 'rate': 0.6556619346318917, 'hit': 1986, 'total': 3029, 'epoch': 0}
2022-09-01 Thursday 02:00:47:INFO: {'type': 'metric', 'label': 'recall_rate', 'k': 11, 'rate': 0.6619346318917134, 'hit': 2005, 'total': 3029, 'epoch': 0}
2022-09-01 Thursday 02:00:47:INFO: {'type': 'metric', 'label': 'recall_rate', 'k': 12, 'rate': 0.6678771871904919, 'hit': 2023, 'total': 3029, 'epoch': 0}
2022-09-01 Thursday 02:00:47:INFO: {'type': 'metric', 'label': 'recall_rate', 'k': 13, 'rate': 0.6791020138659624, 'hit': 2057, 'total': 3029, 'epoch': 0}
2022-09-01 Thursday 02:00:47:INFO: {'type': 'metric', 'label': 'recall_rate', 'k': 14, 'rate': 0.6919775503466491, 'hit': 2096, 'total': 3029, 'epoch': 0}
2022-09-01 Thursday 02:00:47:INFO: {'type': 'metric', 'label': 'recall_rate', 'k': 15, 'rate': 0.6995708154506438, 'hit': 2119, 'total': 3029, 'epoch': 0}
2022-09-01 Thursday 02:00:47:INFO: {'type': 'metric', 'label': 'recall_rate', 'k': 16, 'rate': 0.7058435127104655, 'hit': 2138, 'total': 3029, 'epoch': 0}
2022-09-01 Thursday 02:00:47:INFO: {'type': 'metric', 'label': 'recall_rate', 'k': 17, 'rate': 0.7101353582040277, 'hit': 2151, 'total': 3029, 'epoch': 0}
2022-09-01 Thursday 02:00:47:INFO: {'type': 'metric', 'label': 'recall_rate', 'k': 18, 'rate': 0.7150874876196764, 'hit': 2166, 'total': 3029, 'epoch': 0}
2022-09-01 Thursday 02:00:47:INFO: {'type': 'metric', 'label': 'recall_rate', 'k': 19, 'rate': 0.7193793331132387, 'hit': 2179, 'total': 3029, 'epoch': 0}
2022-09-01 Thursday 02:00:47:INFO: {'type': 'metric', 'label': 'recall_rate', 'k': 20, 'rate': 0.7246616044899307, 'hit': 2195, 'total': 3029, 'epoch': 0}
2022-09-01 Thursday 02:00:47:INFO: {'type': 'metric', 'label': 'MAP', 'value': 0.4677752006847437, 'sum': 1416.8910828740886, 'total': 3029, 'epoch': 0}
2022-09-01 Thursday 02:00:47:INFO: [85, 2, 1, 9, 13, 2, 29, 930, inf, 94, 25, 1, 1, 5, 1, 4, 1, inf, 1, 1, 83, 5020, 2, 51, 771, 1, 9, 31, 1, 27, 1, 1, 1, 1, 18, 6, 4, 7, 57, 4, 2, 9, 13, 2, 93, 12, 1, 5, 1, 22, 15, 756, 1, 137, 46, 4, 41, 515, 37, 330, 43, 1, 2, 5, 1, 9, 31, 3, inf, 14, 69, 1, 8, inf, 37, 530, inf, 18, inf, 153, 1, 3, 104, 71, 1, 1, 467, 7, 5, 707, 7, 32, 68, 430, 2, 1, 3, 1, 141, 256, 1, 77, inf, 2, 1, 1, 20, 3, inf, 1, 2, 42, 10, 5, inf, 85, 1, 8, 1, 1030, 9, 1195, 4, 3, 3, 473, inf, inf, 1, 18, 31, inf, 60, 3, 1, 2, 1, 15, 2, inf, 1, 4, inf, inf, 13, 127, 1, 1, inf, 1, 72, 70, inf, 3, 20, 1, 15, 4827, inf, 628, 6, 33, inf, 34, 5, 1, 61, 1, 34, 9, 123, 75, 4, inf, 1, 5, 19, 43, 2, 1, 1385, 2, 3, 1, inf, 13, 19, 1, 3, 3, inf, 4, 2, 77, 1, 1, inf, 5, 22, 2, 26, 209, 7, 461, 1, 1, 6, 3, 2, 21, 10, 1335, 132, 939, 3, 61, 2, 1, 15, 17, 1, 207, 1, inf, inf, 1, 1, 1, 1, 4, 1, 1073, inf, 53, 2, 27, 1, inf, 1, 1, 1, 1, 19, 5, 1, 1, 1, 9, 3, 37, 22, 1, 2, 1, 1, 12, 87, 64, 48, 5, inf, 39, 1, 862, 93, 2, 4, 6, inf, 170, 45, 10, 5, 4, 2, 2, 8, 4, 23, 7, 694, 2, 389, 1, 128, 1, 2, 34, 35, 24, 60, 23, 1, 18, inf, 53, inf, 57, 20, 84, 48, 1, 4, 12, 202, inf, 91, 1, 33, 2, 6, 2, 115, 2, inf, 1, 283, 3, 2, 1, inf, 21, 1, 81, 13, 1, 1, 1, 3, 831, 1498, 1, 192, 1, 2, 1, 64, 1, 1, 1, 1, 8, 1, 9, inf, 40, 589, inf, 7, 2, 103, 2, 1, 548, 26, 4, inf, 5, 1, 18, inf, 27, inf, 164, 16, 460, 1, 2, 10, 1, 1, 1, 1, inf, 1, 2, 9, 2, 6, 1, 1, 16, inf, 12, inf, inf, 7, 3, 5, 132, 17, 1, 1, 401, inf, inf, 18, 6750, 1, 3025, 5, 1, 1607, 94, inf, 1, 5, 5, 284, 38, 47, inf, 7, 1, 15, inf, inf, 2, 312, 12, 1, inf, 34, 83, inf, inf, 226, 52, 1, 10, 1, inf, 248, 588, 10, 2, inf, 1, 2, 36, inf, 4, 3, 9, 2, 35, 177, 758, 487, 1, 26, 31, 1, inf, 1, 1, 2, 1, inf, 1, 1, 1, 8, 2, 254, 46, 24, 161, 17, inf, 6475, 22, 2, 1329, 23, 6, 5, 38, 1, 4, 14, 1, 4, 338, inf, inf, 1, 5, 3, 1, 4, 18, 3, 369, 3, 1, 69, 1, 1, 30, inf, 1, 1, 1, 506, 1, 2, 1, 2, 884, 16, 5, 406, 7, inf, 61, 1, 1, 10, inf, 4, 2, 1, 1, inf, inf, 1, 325, 90, 448, inf, 1, 2, inf, 17, 16, inf, 7, 9, 2, 1, 2, 571, 820, 9, 1, inf, 1, 1, 29, 1, 3, 1, 3, 1, 1, 562, 38, 26, 1, 29, 52, 71, 148, 1, 629, 1, 9, 2, 1, 1, 1, 1, 1, 3, 5, 22, 1241, 6, 2, 4, 27, 14, 15, 1, 3, 5, 39, 2, 1, 2, 3, 2, 1, 1, inf, 106, 108, 564, 63, 6, 1, 268, 10, 20, 147, 4, 9, 389, 3012, 1, 1, 13, 7, 49, 10, 5, 130, 77, 1, 18, 97, 98, 1, 16, 31, 8, 1, 159, 20, 5, 393, 1, 1, 6, 2, 25, 12, 1, 27, 1, 7, 1, inf, 438, 46, 33, 2, 280, 1, 1, 208, 935, inf, 1113, 99, 5, 1, 8, 62, 2, 1, 1, 1, 1, inf, inf, 1, 22, inf, 1, inf, 1, 1, 22, 1, 1, 1, 2, 2, 36, 12, 317, inf, 4, 1, 1, 850, 2, 73, 5, 6, 481, 3, 1, 1, 1, 24, 2, 204, 43, 36, 3, 2, 1, 12, 4, 12, 1, 591, 66, 22, 1, 3, 41, 216, 2, 1, 20, 3, 112, 40, 10, 5, 57, 21, 8, inf, 3, 1, 395, inf, 28, 1, 3, 20, 14, 1, 19, 47, 1, 1, 2, 7, 4, 1, 7, 5, 4, 113, 60, 441, inf, 1, 1, 4, 158, 16, 1, 63, 16, 300, 7, inf, 26, inf, 4, 127, 25, 2131, 21, inf, 3, 2, inf, 10, 18, 9, 111, 11, 1, 200, 184, inf, 22, 2, 37, 2, 49, 1, 4, 22, inf, 37, 1, 18, inf, 1, 3, inf, 3, 2, 439, 1, 4, inf, 1, 1221, 31, inf, 8, 1, 125, 5, 19, 4426, 1, 1, 1, 7, 2, 1, 5, 2, 7, 1, 1, 65, 76, 11, 43, 25, 1, 2, 1, 33, inf, 54, 20, 1, 1, 6, 1, 79, 1, 24, 1, 5, 2, 62, 2024, 14219, 1, 1, 2, 2, 1, 84, 2, 1, 1, 1, 1, 47, 44, inf, 1, 271, 2, 1, 1334, inf, 3, 4, 69, 1, 10, 64, 1, 117, inf, inf, 1039, 1, 74, 9, 1, 8, 26, 118, 57, 4, 44, 2, 10, 221, 14, 2, 1, 76, 21, 10, 9, 141, 3, 1, 1, inf, 1, 77, 2, 7240, inf, 1, 1, 60, 8209, 1, 388, 2, 1, 4, 3, 1, inf, inf, 8, 6, inf, 1, inf, inf, 3, 4, 1, 1, 2, 1, 1, inf, 1, 4, 1, 312, inf, 10, 1, inf, 10, 397, 3, 1, 19, 1, 1, 15, 28, 56, inf, 3, 1, 187, 1, 1, 2138, 7, 2, 12, 3, 1, 1168, 1, 1, 4, 1, 227, 13, inf, 52, 5, 7, 1, 1, inf, 2120, 2, 1, 274, 1, inf, 2, inf, 49, 10, 28, inf, inf, inf, 13, 260, 2, 25, 681, 1, 2, 1, 1, 1, 1, 17, 21, 7, 25, 3, 2, inf, 318, 4, 1, 1, 18, inf, 6, 2, 2, 6, 3, 1, inf, 651, 2, 2, 5, 1, 1, inf, 2, 4, 1, 7, inf, 5, 1, inf, 4, 1, 2, 25, 9, 6, 906, 1, inf, 41, 39, 170, 15, 609, 10, 4, 14, 44, 2, inf, 77, 1, 1, 135, inf, 35, 1582, 2, 2, 2, 659, 1, 1, 1, 74, 1, 1, inf, 2395, 1, 1, 8, 10, 2, 18, inf, 1, 160, 1, 1, 1, 1, 3, 1, 1, 2, 1, 2, 2, 1, 2, 1, 1, 2, 1, 1, 1, 1, 1, 1, 1, 3, 2, 1, 1, 1, 1, 12, 1, 5, 1, 1, 1, 1, 28, 1, 149, 4, 19, 5, inf, 140, 14, 1, 1, 1, 1, 8, 1, 1, 1, 1, inf, 1, 1, 3, 11, 1, 1, 1, 1, 1330, 8, 8, 22, 1, 1, 13, 1, 1, inf, inf, 1, 1, 19, 3, 2, 3, 8, 1, 98, 10, 148, 1, 1, 1, 1, 1, 12, 17, 2, 678, 2, 2, inf, 25, 1, 1, 2, 1, 2, 180, 1, 3, 1, 243, 1, 32, 1, 1, 1, 1, 1, 117, inf, 60, 1, 10, 1, 7, 40, 169, 200, 39, 1, 11, 87, 1, 12, 1, 1, 1, 1, 1, 1, 1, 5, 1, 4, 34, 13, inf, 31, 1, 2, 1, 1, 1, 1, 1, 2, 73, 5, 1, 1, 1, 198, 1, 1, 2, 4, 2, 7, 723, 1, 3, 1, 2, 2, 1, 1, 1, 2, 4, 4, 33, 1, 1, 2, 13, 536, 62, 26, 103, 2, 13, 40, 1, 44, 2, 1, inf, 2, 1, 16, inf, 1, 1, inf, 2, 1, 5, 15, 13, 334, 1, 2, 1, 1, 1, 134, 1, 1, 4, 1, 49, 14, 2, 1, 2, 2, 1, 2, 2, 2, 2, 2, 2, 2, 2, 2, 2, 2, 13, 92, 13, 1, 1, 35, 13, 143, 1, 13, 3, 5, 3, 1, 5, inf, 1, 1, 2, 1, 3, 4, 2, 11, 3, 1, 6, 243, 1, 3, 7, 1, 1, 3, 7, 1, 2, 33, 1, 27, 6, 710, 1, 1, 1166, 5, 1, 1, 58, 48, 1, 17, 4, 2, 1, 1604, 9, inf, 1, 466, 1, 1, 1, 1, 1, 715, 2, 1, 8, 295, 12, 278, 2, 1, 259, 3, 4, 14, 14, 1, 1, 1, 1, 1, 2, 1, 1, 1, 1, 13, 1, 371, 2, 498, 1, 3127, 1, 1, 1, 1, 1, 1, 1, 1, 235, 47, 17, 1, 20, 1, 1, 1, 1, 6, 1, 14, 1, 2, 1, 3, 2, 18, 14, 2, 2, 2, 1, 207, 10, 1, 1, 1, 1, 1, 1, 21, 1, 1, 1, 1, 1, 1, 1, 3, 24, 17, 1, 347, 1, 1, inf, 6, 11, 6, 1, 2054, 14, 1, 1, 1, 1, 191, 1, 14, 1, 13, 2, 1, 15, 14, 1, 12, 35, 1, 1, 1, 2, 2, 14, 801, 41, 32, 2, 696, 1, 2, 1, 1, 1, 1, 2, 1, 1, 1, 58, 1, 1, 1, 1, 1, 1427, 1, 1, 1, 1, 1, 1, 1, 1, 14, 1, 1, 14, 6, 2, 2, 2, 2, 2, 2, 2, 2, 2, 1, 197, 1, 1, 3, 1, 1438, 6, 1, 1, 1, 763, 25, 1, 60, 1, 1, 2, 1, 2, 1, 2, 1, 2, 1, 2, 1, 4, 13, 1, 29, 1, inf, 5, 6, 5, 5, 82, 5, 5, 6, 8, 3, 2, 11, 24, 3, 4, 1, 2, 1, 1, 1, 1, 1, 1, 1, 1, 3, 4, 1, 1, 1, 1, 14, 9, 34, 14, 2, 1, 1, 1, 2, 28, 5, 5, 1, 1, 1, 1414, 5, 5, 5, 5, 5, 5, 4, 5, 5, 5, 5, 5, 1, 1, 1, 1, 1, 1, 1, 2, 3, 101, 16, 29, 1, 1, 15, 2, 1, 1, 1, 13, 1, 14, 14, 1, 1, 1, 1, 1, 1, 1, 5, 1, 1, 1, 1, 1, 9, 1, 1, 1, 1, inf, 1, 244, 1, 8, 1, 2, 1, 1, 2, 136, 13, 1, 1, 1, 1, 1, 1, 1, 88, 1, 1, 3, 1, 1, 1, 1, 1, 1, 1, 1, 21, 13, 1, 1, 1, 4, 14, 13, 14, 2, 1, 1, 14, 5, 14, 13, 13, 42, 27, 3, 3, 28, 160, 1, 1, 1, 1, 52, 13, 3, 2, 1, 54, 28, 2, 2, 1, 1, 1, 148, 3, 3, 1, 1, 1, 1, 1, 2, 1, 14, 1, 6, 1, 1, 1, 3, 1, 1, 1, 1, 1, 1, 14, 1, 10, 1, 1, 2, 1, 1, 1, 4, 32, 3, 8, 3, 196, 2, 71, 1, 9, 1, 1, 27, 1030, 5, 169, 1, 228, 1, 1, 1365, 1, 1, 6, 1, 1, 31, 2, 1, 1, 2, 1, 1, inf, 2, 3, 2, 1, 1, 14, 3, 1, 1, 1, 1, 11, 1, 573, 2, 1, 1, 1, 2, 2, 1, 17, 1, 1, inf, 35, 1, 2, 6, 2, 4, 1, 1, 1, 1, 1, 1, 1, 5, 14, 1, 1, 1, 1, 1, inf, 14, 2, 1, 1, 1, 1, 1, 1, 1, 4, 9, 1, 1, 1, 1, 2, 1, 1, 1, 1, 1, 1, 1, 1, 1, 1, 3, 5, 3, 25, 1, 1, 1, 255, 26, 1, 1, 1, 1, 7, inf, 3, 3, 25, 7, 8, 1, 1, 2, 5, 1, 1, 2, 3, 1, 2, 44, 3, 3, 4, 3, 3, 3, 220, 3, 3, 1, 3, 2, 3, 1, 28, 1, 1, 5, 3, 1, 2, 3, 3, 3, 3, 1, 1, 13, 3, 1, 3, 3, 3, 8, 3, 1, 1, 1, 1, 105, 81, 2, 1, 1, 1, 1, 1, 1, 1, 1, 597, 29, 1, 11, 34, 1, 1, 1, 1, 2, 1, 1, 1, 14, 1, 1, 3, 14, 1, 14, 1, 14, 1, 1, 1, 1, 24, 2, 4, 1, 1, 1, 49, 52, 2, 67, 15, 2, 1, 1, 1, 1, 1, 1, 1, 2, 2, 1, 3, 3, 3, 4, 1, 21, 15, 1, 92, 1, 6, 1, 35, 7, 3, 3, 8, 3, 2, 3, 21, 1, 2, 1, 3, 5, 3, 4, 4, 8, 143, 4, 4, 9, 3, 88, 4, 7, 2, 7, 3, 2, 5, 1, 11, 1, 3, 3, 4, 1, 3, 2, 1, 8768, 1, 15, 5, inf, 1, 7, 7, 7, 8, 2, 51, inf, 2, 1, 1, 44, 357, 10, inf, 11, 2, 33, 19, 10, 1, 2, 1, 1, 4, 15, 225, 6, 2, 1, 2, 176, 1, 2, 13, 1, 1, 1, 592, 2450, 2, 4, 1, 1, 1, 170, 1, 8, 1, 1, 76, 23, 1, 1, 1, inf, 3, 1, 21, 1, 2, 1, 1, 9, 1, 1, 59, 1, 1, 1, 15, 1, 1, 1, 36, 1, 1, 3, 2, 2, 3, 1, 23, 2, 2, 1, 2, 1, 1, 1, 1, 1, 1, 1, 1, 1, 1, 1, 353, 32, 1, 16, 1, 1, 1, 297, 4, 2, 2, 2, 1, 3, 1, 2, 15, 1, 1, 27, 24, 1, 1, 1, 2, 13, 42, 1, 3, 2, 2, 6, 3, 657, 3, 37, 1, 38, 988, 13, 1, 11, 25, 814, 9, 4, 16, 1, 1, 1, 1, 2, 2, inf, 691, 2336, 59, 453, 3, 1, 1, 999, 1, 1, 1, 42, 1, 152, 6, 109, 95, 6, 29, 2, 1, 1, 15, 1, 14, 84, 88, 26, 1, 16, 6, 626, 6, 1, 1, 2, 1, 2, 2, 2, 2, 2, 1, 1, inf, 3, 2, 2, 11, 2, 2, 2, 9, 2, 2, 2, 2, 2, 2, 2, 1, 2, 2, 2, 2, 2, 2, 2, 2, 2, 2, 1, 1, 22, 1, 2, 2, 2, 1, 1, 1, 1, 1, 1, 1, 1, 2, 2, 17, 1, 1, inf, 999, 13, 1, 420, 1001, 50, 76, 3, 1, 1, 1, 1, 8, 1, 78, 16, 19, 19, 19, 1, 1, 1, 1, 3, 3, 1, 158, 14, 1, 1, 1, 1, inf, 4, inf, 1, 1, 1, 109, 1, 16, 6, 6, 1, 13, 1, 17, 2, 1, inf, 2, 3, 3, 3, 3, 3, 3, 3, 3, 3, 1, 3, 3, 1, 3, 1, 1, inf, 2, 2, 2, 2, 137, 16, 2, 2, 9, 2, 39, inf, 1, inf, 754, 23, 52, 1, 77, 77, 72, 432, inf, 1, 12, 1, 1, 3, 3, 1, 2, 9, 4, 3, 1, 1, 1, 596, 1, 1, 1, 3, 3, 3, 3, 11, 3, 12, 5, 4, 1, 1, 5, 10, 1, 81, 4, 6, 3, 2, 1, 1, 16, 19, 1, 94, 2, 2, 2, 2, 2, 1, 1, 21, 1, 20, 2, 3, 3, 2, 1, 1, 1, 2, 1, 13, 1, 74, 20, 20, 3, 1, 1, 278, 87, 1, 11, 1, 1, 1, 174, 23, 1, 1, 1, 1, 2, 1, 1, 961, 1, 4, 3, 1, 2871, inf, 1225, 1, 1, 1, 2, 1707, 1, 1, 1, 1, 11, 341, 2, 2, 1, 2, 1, 10, 35, 7, 93, 4, 1, 2, 45, 6, 2, 1, 1, 6, 758, 3, 23, 99, 4, 3, 22, 4, 1, 4, 3, 25, 22, 12, 10, 1, 98, 1113, 8, 85, inf, 1, 118, 88, 1, 52, 1, 2, 21, 74, 10, 1, 1, inf, inf, 23, 1, 6, inf, 1, 22, 115, 2, 1, 1, 1, 30, 1, 7, 1, 1, 1, 25, 1, 116, 6, 4, 60, 7, 1, 1, 1, 1, 1, 1, 1, 1, 1, 1, 2, 1, 1, 1, 1, 1, 1, 1, 1, 1, 1, 1, 5, 15, 1, 1, 1, 1, 1, 1, 1, 8, 16, 6, 1, 20, 30, 147, 5, 88, 4, 3, 1, 2, 3, 9, 147, 109, 108, 48, 1509, 107, 90, inf, 6, 4, 6, 1, 4, 1, 26, 28, 55, 1, inf, 3, 4, 1, 1, 1, 1, 5, inf, 66, 1, 4, 2, 2, 1, 257, 30, 1, 2, 1, 2, 5, 1, 1, 21, 1, 11, 1, 1, 63, 2, inf, 95, 5, 1168, 1, 1, 1, 1, 2, 1, 15, 1, 1, 1, 1, 1, 1, 1081, 117, inf, 1, 1, 616, 3, 3, 3, 3, 4, 4, 4, 4, 15, 1, 1, 1, 2, 15, 1, 18, 1, 1, 33, 8, 1, 8, 8, 7, 14, 1, 1, 25, 6, 6, 5, 6, 2, 144, 1253, 17, 20, 14, 2, 1, 1, 16, 1, 1, 1, 1, 127, 129, 1, 122, 98, 70, 1, 1, 1, 2, inf, 1, 1, 1, 5, 55, 1, 23, 1, 1, 32, 1, 4, 2, inf, 1, 1, 1, 35, 27, 25, 26, 5, 9, 186, 3, 20, 2261, 1, 1, 1, 43, 2, 147, 36, 826, 2, 1, 1, 1, 1, 1, 1, 1, 2, 1, 1, 1, 1, 1, 1, 1, 1, 1, 760, 242, 1, 1, 1, 1, 6, 2, 41, 6, 44, 18, 1, 1, 1, 3, 1, 1, 15, 4, 1, 51, 38, 1, 6, 4, 1, 1, 1, 8, inf, 1, 25, 8, 1, 6, 6, 27, 1, 4, 29, 1, 35, 253, 2, 1, 7, 90, 2, 4, 2, 737, 4, 214, 99, 3, 6, 31, 1, 257, 2, 1377, 53, 1, 2, 50, 1, 2, 5, 115, 9, 77, 6, 1, inf, 1862, 1, 1, 1, 3031, 1, 214, 1067, 6, inf, 272, 9, 898, 1, 1, 1, 840, 236, 11, 1, 821, 36, 3, 1, 120, 1, 26, 759, 1, 774, 5, 245, 10, 120, 1, inf, 30, inf, inf, inf, inf, 3, 31, inf, 2057, 189, 227, 3, 4, 215, 1, inf, 110, 1, inf, inf, 1, inf, 117, 2528, 48, 11, 68, 1, 8, 5, 1, 1, 1095, 1, 7, 22, inf, 1, 55, 1, 6, 16, 9, inf, 403, inf, 1, 3, 2, 5, inf, 3, 1, 2, 5, 1, 4, 1, 9, 50, 1, 1, 4, 87, 557, 6, 1, 98, 51, 109, 6, 21, 25, 47, 5, 5, 9, 66, 9, 2, 10, 9, 1, 1, 1, 1, 9, 7, 1, 3, 134, 20, 34, 1, 4]
2022-09-01 Thursday 02:00:47:INFO: It completed at: 2022-09-01 02:00:47.217616
2022-09-01 Thursday 02:00:47:INFO: Completed after: 4:47:06.849109
